Sat Jun 24 21:12:47 IST 2017
--------------------MEMCG-----------------------
MEM ONLY  : 120 MB
MEM+SWAP  : 120 MB
cache 72597504
rss 53358592
rss_huge 0
mapped_file 36749312
writeback 0
swap 0
pgpgin 127877
pgpgout 97126
pgfault 189551
pgmajfault 476
inactive_anon 45056
active_anon 53383168
inactive_file 59609088
active_file 12914688
unevictable 4096
hierarchical_memory_limit 1073741824
hierarchical_memsw_limit 5368709120
total_cache 72597504
total_rss 53358592
total_rss_huge 0
total_mapped_file 36749312
total_writeback 0
total_swap 0
total_pgpgin 127877
total_pgpgout 97126
total_pgfault 189551
total_pgmajfault 476
total_inactive_anon 45056
total_active_anon 53383168
total_inactive_file 59609088
total_active_file 12914688
total_unevictable 4096
--------------------BLKIO-----------------------
11:0 Read 0
11:0 Write 0
11:0 Sync 0
11:0 Async 0
11:0 Total 0
253:0 Read 72302592
253:0 Write 303104
253:0 Sync 61440
253:0 Async 72544256
253:0 Total 72605696
Total 72605696
--------------------CPUAC-----------------------
user 44
system 88
 
Sat Jun 24 21:13:17 IST 2017
--------------------MEMCG-----------------------
MEM ONLY  : 261 MB
MEM+SWAP  : 261 MB
cache 145326080
rss 129310720
rss_huge 0
mapped_file 36610048
writeback 0
swap 0
pgpgin 164343
pgpgout 97293
pgfault 208291
pgmajfault 476
inactive_anon 45056
active_anon 129335296
inactive_file 132317184
active_file 12935168
unevictable 4096
hierarchical_memory_limit 1073741824
hierarchical_memsw_limit 5368709120
total_cache 145326080
total_rss 129310720
total_rss_huge 0
total_mapped_file 36610048
total_writeback 0
total_swap 0
total_pgpgin 164343
total_pgpgout 97293
total_pgfault 208291
total_pgmajfault 476
total_inactive_anon 45056
total_active_anon 129335296
total_inactive_file 132317184
total_active_file 12935168
total_unevictable 4096
--------------------BLKIO-----------------------
11:0 Read 0
11:0 Write 0
11:0 Sync 0
11:0 Async 0
11:0 Total 0
253:0 Read 145027072
253:0 Write 434176
253:0 Sync 159744
253:0 Async 145301504
253:0 Total 145461248
Total 145461248
--------------------CPUAC-----------------------
user 66
system 107
 
Sat Jun 24 21:13:47 IST 2017
--------------------MEMCG-----------------------
MEM ONLY  : 415 MB
MEM+SWAP  : 415 MB
cache 224632832
rss 210825216
rss_huge 0
mapped_file 36610048
writeback 0
swap 0
pgpgin 203705
pgpgout 97392
pgfault 228313
pgmajfault 476
inactive_anon 45056
active_anon 210849792
inactive_file 211623936
active_file 12935168
unevictable 4096
hierarchical_memory_limit 1073741824
hierarchical_memsw_limit 5368709120
total_cache 224632832
total_rss 210825216
total_rss_huge 0
total_mapped_file 36610048
total_writeback 0
total_swap 0
total_pgpgin 203705
total_pgpgout 97392
total_pgfault 228313
total_pgmajfault 476
total_inactive_anon 45056
total_active_anon 210849792
total_inactive_file 211623936
total_active_file 12935168
total_unevictable 4096
--------------------BLKIO-----------------------
11:0 Read 0
11:0 Write 0
11:0 Sync 0
11:0 Async 0
11:0 Total 0
253:0 Read 224333824
253:0 Write 471040
253:0 Sync 159744
253:0 Async 224645120
253:0 Total 224804864
Total 224804864
--------------------CPUAC-----------------------
user 86
system 134
 
Sat Jun 24 21:14:17 IST 2017
--------------------MEMCG-----------------------
MEM ONLY  : 534 MB
MEM+SWAP  : 534 MB
cache 303951872
rss 256286720
rss_huge 0
mapped_file 36610048
writeback 0
swap 0
pgpgin 234271
pgpgout 97494
pgfault 239518
pgmajfault 476
inactive_anon 45056
active_anon 256311296
inactive_file 286154752
active_file 17723392
unevictable 4096
hierarchical_memory_limit 1073741824
hierarchical_memsw_limit 5368709120
total_cache 303951872
total_rss 256286720
total_rss_huge 0
total_mapped_file 36610048
total_writeback 0
total_swap 0
total_pgpgin 234271
total_pgpgout 97494
total_pgfault 239518
total_pgmajfault 476
total_inactive_anon 45056
total_active_anon 256311296
total_inactive_file 286154752
total_active_file 17723392
total_unevictable 4096
--------------------BLKIO-----------------------
11:0 Read 0
11:0 Write 0
11:0 Sync 0
11:0 Async 0
11:0 Total 0
253:0 Read 303648768
253:0 Write 557056
253:0 Sync 196608
253:0 Async 304009216
253:0 Total 304205824
Total 304205824
--------------------CPUAC-----------------------
user 112
system 158
 
Sat Jun 24 21:14:47 IST 2017
--------------------MEMCG-----------------------
MEM ONLY  : 612 MB
MEM+SWAP  : 612 MB
cache 385196032
rss 257527808
rss_huge 0
mapped_file 36610048
writeback 0
swap 0
pgpgin 254544
pgpgout 97629
pgfault 239946
pgmajfault 476
inactive_anon 45056
active_anon 257552384
inactive_file 361021440
active_file 24100864
unevictable 4096
hierarchical_memory_limit 1073741824
hierarchical_memsw_limit 5368709120
total_cache 385196032
total_rss 257527808
total_rss_huge 0
total_mapped_file 36610048
total_writeback 0
total_swap 0
total_pgpgin 254544
total_pgpgout 97629
total_pgfault 239946
total_pgmajfault 476
total_inactive_anon 45056
total_active_anon 257552384
total_inactive_file 361021440
total_active_file 24100864
total_unevictable 4096
--------------------BLKIO-----------------------
11:0 Read 0
11:0 Write 0
11:0 Sync 0
11:0 Async 0
11:0 Total 0
253:0 Read 384888832
253:0 Write 610304
253:0 Sync 196608
253:0 Async 385302528
253:0 Total 385499136
Total 385499136
--------------------CPUAC-----------------------
user 145
system 185
 
Sat Jun 24 21:15:17 IST 2017
--------------------MEMCG-----------------------
MEM ONLY  : 691 MB
MEM+SWAP  : 691 MB
cache 467546112
rss 257916928
rss_huge 0
mapped_file 36610048
writeback 0
swap 0
pgpgin 274849
pgpgout 97734
pgfault 240131
pgmajfault 476
inactive_anon 45056
active_anon 257941504
inactive_file 436342784
active_file 31129600
unevictable 4096
hierarchical_memory_limit 1073741824
hierarchical_memsw_limit 5368709120
total_cache 467546112
total_rss 257916928
total_rss_huge 0
total_mapped_file 36610048
total_writeback 0
total_swap 0
total_pgpgin 274849
total_pgpgout 97734
total_pgfault 240131
total_pgmajfault 476
total_inactive_anon 45056
total_active_anon 257941504
total_inactive_file 436342784
total_active_file 31129600
total_unevictable 4096
--------------------BLKIO-----------------------
11:0 Read 0
11:0 Write 0
11:0 Sync 0
11:0 Async 0
11:0 Total 0
253:0 Read 467238912
253:0 Write 671744
253:0 Sync 196608
253:0 Async 467714048
253:0 Total 467910656
Total 467910656
--------------------CPUAC-----------------------
user 175
system 208
 
Sat Jun 24 21:15:47 IST 2017
--------------------MEMCG-----------------------
MEM ONLY  : 770 MB
MEM+SWAP  : 770 MB
cache 549761024
rss 257982464
rss_huge 0
mapped_file 36610048
writeback 0
swap 0
pgpgin 295043
pgpgout 97840
pgfault 240237
pgmajfault 476
inactive_anon 45056
active_anon 258007040
inactive_file 510005248
active_file 39682048
unevictable 4096
hierarchical_memory_limit 1073741824
hierarchical_memsw_limit 5368709120
total_cache 549761024
total_rss 257982464
total_rss_huge 0
total_mapped_file 36610048
total_writeback 0
total_swap 0
total_pgpgin 295043
total_pgpgout 97840
total_pgfault 240237
total_pgmajfault 476
total_inactive_anon 45056
total_active_anon 258007040
total_inactive_file 510005248
total_active_file 39682048
total_unevictable 4096
--------------------BLKIO-----------------------
11:0 Read 0
11:0 Write 0
11:0 Sync 0
11:0 Async 0
11:0 Total 0
253:0 Read 549478400
253:0 Write 741376
253:0 Sync 196608
253:0 Async 550023168
253:0 Total 550219776
Total 550219776
--------------------CPUAC-----------------------
user 220
system 230
 
Sat Jun 24 21:16:17 IST 2017
--------------------MEMCG-----------------------
MEM ONLY  : 851 MB
MEM+SWAP  : 851 MB
cache 634339328
rss 258183168
rss_huge 0
mapped_file 36610048
writeback 0
swap 0
pgpgin 315849
pgpgout 97948
pgfault 240377
pgmajfault 476
inactive_anon 45056
active_anon 258207744
inactive_file 582389760
active_file 51875840
unevictable 4096
hierarchical_memory_limit 1073741824
hierarchical_memsw_limit 5368709120
total_cache 634339328
total_rss 258183168
total_rss_huge 0
total_mapped_file 36610048
total_writeback 0
total_swap 0
total_pgpgin 315849
total_pgpgout 97948
total_pgfault 240377
total_pgmajfault 476
total_inactive_anon 45056
total_active_anon 258207744
total_inactive_file 582389760
total_active_file 51875840
total_unevictable 4096
--------------------BLKIO-----------------------
11:0 Read 0
11:0 Write 0
11:0 Sync 0
11:0 Async 0
11:0 Total 0
253:0 Read 634028032
253:0 Write 815104
253:0 Sync 196608
253:0 Async 634646528
253:0 Total 634843136
Total 634843136
--------------------CPUAC-----------------------
user 254
system 257
 
Sat Jun 24 21:16:47 IST 2017
--------------------MEMCG-----------------------
MEM ONLY  : 935 MB
MEM+SWAP  : 935 MB
cache 722567168
rss 258109440
rss_huge 0
mapped_file 36610048
writeback 0
swap 0
pgpgin 337526
pgpgout 98103
pgfault 240494
pgmajfault 476
inactive_anon 45056
active_anon 258134016
inactive_file 655118336
active_file 67375104
unevictable 4096
hierarchical_memory_limit 1073741824
hierarchical_memsw_limit 5368709120
total_cache 722567168
total_rss 258109440
total_rss_huge 0
total_mapped_file 36610048
total_writeback 0
total_swap 0
total_pgpgin 337526
total_pgpgout 98103
total_pgfault 240494
total_pgmajfault 476
total_inactive_anon 45056
total_active_anon 258134016
total_inactive_file 655118336
total_active_file 67375104
total_unevictable 4096
--------------------BLKIO-----------------------
11:0 Read 0
11:0 Write 0
11:0 Sync 0
11:0 Async 0
11:0 Total 0
253:0 Read 722251776
253:0 Write 901120
253:0 Sync 196608
253:0 Async 722956288
253:0 Total 723152896
Total 723152896
--------------------CPUAC-----------------------
user 297
system 280
 
Sat Jun 24 21:17:17 IST 2017
--------------------MEMCG-----------------------
MEM ONLY  : 1018 MB
MEM+SWAP  : 1018 MB
cache 810520576
rss 257785856
rss_huge 0
mapped_file 36610048
writeback 0
swap 0
pgpgin 359335
pgpgout 98518
pgfault 241035
pgmajfault 480
inactive_anon 45056
active_anon 257810432
inactive_file 723927040
active_file 86519808
unevictable 4096
hierarchical_memory_limit 1073741824
hierarchical_memsw_limit 5368709120
total_cache 810520576
total_rss 257785856
total_rss_huge 0
total_mapped_file 36610048
total_writeback 0
total_swap 0
total_pgpgin 359335
total_pgpgout 98518
total_pgfault 241035
total_pgmajfault 480
total_inactive_anon 45056
total_active_anon 257810432
total_inactive_file 723927040
total_active_file 86519808
total_unevictable 4096
--------------------BLKIO-----------------------
11:0 Read 0
11:0 Write 0
11:0 Sync 0
11:0 Async 0
11:0 Total 0
253:0 Read 810205184
253:0 Write 958464
253:0 Sync 196608
253:0 Async 810967040
253:0 Total 811163648
Total 811163648
--------------------CPUAC-----------------------
user 334
system 296
 
Sat Jun 24 21:17:47 IST 2017
--------------------MEMCG-----------------------
MEM ONLY  : 1023 MB
MEM+SWAP  : 1023 MB
cache 815796224
rss 257830912
rss_huge 0
mapped_file 36581376
writeback 0
swap 0
pgpgin 381931
pgpgout 119815
pgfault 241147
pgmajfault 480
inactive_anon 129093632
active_anon 128806912
inactive_file 675962880
active_file 139759616
unevictable 4096
hierarchical_memory_limit 1073741824
hierarchical_memsw_limit 5368709120
total_cache 815796224
total_rss 257830912
total_rss_huge 0
total_mapped_file 36581376
total_writeback 0
total_swap 0
total_pgpgin 381931
total_pgpgout 119815
total_pgfault 241147
total_pgmajfault 480
total_inactive_anon 129093632
total_active_anon 128806912
total_inactive_file 675962880
total_active_file 139759616
total_unevictable 4096
--------------------BLKIO-----------------------
11:0 Read 0
11:0 Write 0
11:0 Sync 0
11:0 Async 0
11:0 Total 0
253:0 Read 901492736
253:0 Write 983040
253:0 Sync 196608
253:0 Async 902279168
253:0 Total 902475776
Total 902475776
--------------------CPUAC-----------------------
user 371
system 328
 
Sat Jun 24 21:18:17 IST 2017
--------------------MEMCG-----------------------
MEM ONLY  : 1023 MB
MEM+SWAP  : 1023 MB
cache 815742976
rss 257884160
rss_huge 0
mapped_file 36581376
writeback 0
swap 0
pgpgin 405129
pgpgout 143013
pgfault 241251
pgmajfault 480
inactive_anon 129093632
active_anon 128860160
inactive_file 650551296
active_file 165076992
unevictable 4096
hierarchical_memory_limit 1073741824
hierarchical_memsw_limit 5368709120
total_cache 815742976
total_rss 257884160
total_rss_huge 0
total_mapped_file 36581376
total_writeback 0
total_swap 0
total_pgpgin 405129
total_pgpgout 143013
total_pgfault 241251
total_pgmajfault 480
total_inactive_anon 129093632
total_active_anon 128860160
total_inactive_file 650551296
total_active_file 165076992
total_unevictable 4096
--------------------BLKIO-----------------------
11:0 Read 0
11:0 Write 0
11:0 Sync 0
11:0 Async 0
11:0 Total 0
253:0 Read 991371264
253:0 Write 1019904
253:0 Sync 196608
253:0 Async 992194560
253:0 Total 992391168
Total 992391168
--------------------CPUAC-----------------------
user 413
system 357
 
Sat Jun 24 21:18:47 IST 2017
--------------------MEMCG-----------------------
MEM ONLY  : 1023 MB
MEM+SWAP  : 1023 MB
cache 815714304
rss 257880064
rss_huge 0
mapped_file 36581376
writeback 0
swap 0
pgpgin 430724
pgpgout 168616
pgfault 241355
pgmajfault 480
inactive_anon 129224704
active_anon 128724992
inactive_file 618524672
active_file 197115904
unevictable 4096
hierarchical_memory_limit 1073741824
hierarchical_memsw_limit 5368709120
total_cache 815714304
total_rss 257880064
total_rss_huge 0
total_mapped_file 36581376
total_writeback 0
total_swap 0
total_pgpgin 430724
total_pgpgout 168616
total_pgfault 241355
total_pgmajfault 480
total_inactive_anon 129224704
total_active_anon 128724992
total_inactive_file 618524672
total_active_file 197115904
total_unevictable 4096
--------------------BLKIO-----------------------
11:0 Read 0
11:0 Write 0
11:0 Sync 0
11:0 Async 0
11:0 Total 0
253:0 Read 1084715008
253:0 Write 1069056
253:0 Sync 196608
253:0 Async 1085587456
253:0 Total 1085784064
Total 1085784064
--------------------CPUAC-----------------------
user 460
system 388
 
Sat Jun 24 21:19:17 IST 2017
--------------------MEMCG-----------------------
MEM ONLY  : 1023 MB
MEM+SWAP  : 1023 MB
cache 815812608
rss 257908736
rss_huge 0
mapped_file 36581376
writeback 0
swap 0
pgpgin 456692
pgpgout 194553
pgfault 241452
pgmajfault 480
inactive_anon 129224704
active_anon 128753664
inactive_file 583004160
active_file 232734720
unevictable 4096
hierarchical_memory_limit 1073741824
hierarchical_memsw_limit 5368709120
total_cache 815812608
total_rss 257908736
total_rss_huge 0
total_mapped_file 36581376
total_writeback 0
total_swap 0
total_pgpgin 456692
total_pgpgout 194553
total_pgfault 241452
total_pgmajfault 480
total_inactive_anon 129224704
total_active_anon 128753664
total_inactive_file 583004160
total_active_file 232734720
total_unevictable 4096
--------------------BLKIO-----------------------
11:0 Read 0
11:0 Write 0
11:0 Sync 0
11:0 Async 0
11:0 Total 0
253:0 Read 1174704128
253:0 Write 1126400
253:0 Sync 196608
253:0 Async 1175633920
253:0 Total 1175830528
Total 1175830528
--------------------CPUAC-----------------------
user 500
system 418
 
Sat Jun 24 21:19:47 IST 2017
--------------------MEMCG-----------------------
MEM ONLY  : 1023 MB
MEM+SWAP  : 1023 MB
cache 815722496
rss 257912832
rss_huge 0
mapped_file 36581376
writeback 0
swap 0
pgpgin 484583
pgpgout 222465
pgfault 241543
pgmajfault 480
inactive_anon 129224704
active_anon 128757760
inactive_file 544501760
active_file 271122432
unevictable 4096
hierarchical_memory_limit 1073741824
hierarchical_memsw_limit 5368709120
total_cache 815722496
total_rss 257912832
total_rss_huge 0
total_mapped_file 36581376
total_writeback 0
total_swap 0
total_pgpgin 484583
total_pgpgout 222465
total_pgfault 241543
total_pgmajfault 480
total_inactive_anon 129224704
total_active_anon 128757760
total_inactive_file 544501760
total_active_file 271122432
total_unevictable 4096
--------------------BLKIO-----------------------
11:0 Read 0
11:0 Write 0
11:0 Sync 0
11:0 Async 0
11:0 Total 0
253:0 Read 1265516544
253:0 Write 1187840
253:0 Sync 196608
253:0 Async 1266507776
253:0 Total 1266704384
Total 1266704384
--------------------CPUAC-----------------------
user 549
system 457
 
Sat Jun 24 21:20:17 IST 2017
--------------------MEMCG-----------------------
MEM ONLY  : 1023 MB
MEM+SWAP  : 1023 MB
cache 815734784
rss 257933312
rss_huge 0
mapped_file 36515840
writeback 0
swap 0
pgpgin 514561
pgpgout 252435
pgfault 241638
pgmajfault 480
inactive_anon 129224704
active_anon 128778240
inactive_file 502325248
active_file 313335808
unevictable 4096
hierarchical_memory_limit 1073741824
hierarchical_memsw_limit 5368709120
total_cache 815734784
total_rss 257933312
total_rss_huge 0
total_mapped_file 36515840
total_writeback 0
total_swap 0
total_pgpgin 514561
total_pgpgout 252435
total_pgfault 241638
total_pgmajfault 480
total_inactive_anon 129224704
total_active_anon 128778240
total_inactive_file 502325248
total_active_file 313335808
total_unevictable 4096
--------------------BLKIO-----------------------
11:0 Read 0
11:0 Write 0
11:0 Sync 0
11:0 Async 0
11:0 Total 0
253:0 Read 1356406784
253:0 Write 1261568
253:0 Sync 196608
253:0 Async 1357471744
253:0 Total 1357668352
Total 1357668352
--------------------CPUAC-----------------------
user 594
system 505
 
Sat Jun 24 21:20:47 IST 2017
--------------------MEMCG-----------------------
MEM ONLY  : 1023 MB
MEM+SWAP  : 1023 MB
cache 815583232
rss 257941504
rss_huge 0
mapped_file 36495360
writeback 0
swap 0
pgpgin 547042
pgpgout 284951
pgfault 241730
pgmajfault 480
inactive_anon 129224704
active_anon 128786432
inactive_file 457900032
active_file 357609472
unevictable 4096
hierarchical_memory_limit 1073741824
hierarchical_memsw_limit 5368709120
total_cache 815583232
total_rss 257941504
total_rss_huge 0
total_mapped_file 36495360
total_writeback 0
total_swap 0
total_pgpgin 547042
total_pgpgout 284951
total_pgfault 241730
total_pgmajfault 480
total_inactive_anon 129224704
total_active_anon 128786432
total_inactive_file 457900032
total_active_file 357609472
total_unevictable 4096
--------------------BLKIO-----------------------
11:0 Read 0
11:0 Write 0
11:0 Sync 0
11:0 Async 0
11:0 Total 0
253:0 Read 1442947072
253:0 Write 1339392
253:0 Sync 196608
253:0 Async 1444089856
253:0 Total 1444286464
Total 1444286464
--------------------CPUAC-----------------------
user 643
system 574
 
Sat Jun 24 21:21:17 IST 2017
--------------------MEMCG-----------------------
MEM ONLY  : 1023 MB
MEM+SWAP  : 1023 MB
cache 815747072
rss 257970176
rss_huge 0
mapped_file 36495360
writeback 0
swap 0
pgpgin 581706
pgpgout 319568
pgfault 241928
pgmajfault 480
inactive_anon 129204224
active_anon 128835584
inactive_file 411860992
active_file 403812352
unevictable 4096
hierarchical_memory_limit 1073741824
hierarchical_memsw_limit 5368709120
total_cache 815747072
total_rss 257970176
total_rss_huge 0
total_mapped_file 36495360
total_writeback 0
total_swap 0
total_pgpgin 581706
total_pgpgout 319568
total_pgfault 241928
total_pgmajfault 480
total_inactive_anon 129204224
total_active_anon 128835584
total_inactive_file 411860992
total_active_file 403812352
total_unevictable 4096
--------------------BLKIO-----------------------
11:0 Read 0
11:0 Write 0
11:0 Sync 0
11:0 Async 0
11:0 Total 0
253:0 Read 1528938496
253:0 Write 1425408
253:0 Sync 196608
253:0 Async 1530167296
253:0 Total 1530363904
Total 1530363904
--------------------CPUAC-----------------------
user 686
system 662
 
Sat Jun 24 21:21:47 IST 2017
--------------------MEMCG-----------------------
MEM ONLY  : 1023 MB
MEM+SWAP  : 1023 MB
cache 815431680
rss 258121728
rss_huge 0
mapped_file 36495360
writeback 0
swap 0
pgpgin 619544
pgpgout 357446
pgfault 242178
pgmajfault 480
inactive_anon 129257472
active_anon 128933888
inactive_file 407830528
active_file 407527424
unevictable 4096
hierarchical_memory_limit 1073741824
hierarchical_memsw_limit 5368709120
total_cache 815431680
total_rss 258121728
total_rss_huge 0
total_mapped_file 36495360
total_writeback 0
total_swap 0
total_pgpgin 619544
total_pgpgout 357446
total_pgfault 242178
total_pgmajfault 480
total_inactive_anon 129257472
total_active_anon 128933888
total_inactive_file 407830528
total_active_file 407527424
total_unevictable 4096
--------------------BLKIO-----------------------
11:0 Read 0
11:0 Write 0
11:0 Sync 0
11:0 Async 0
11:0 Total 0
253:0 Read 1613639680
253:0 Write 1523712
253:0 Sync 196608
253:0 Async 1614966784
253:0 Total 1615163392
Total 1615163392
--------------------CPUAC-----------------------
user 733
system 796
 
Sat Jun 24 21:22:17 IST 2017
--------------------MEMCG-----------------------
MEM ONLY  : 1023 MB
MEM+SWAP  : 1023 MB
cache 815321088
rss 258146304
rss_huge 0
mapped_file 36495360
writeback 0
swap 0
pgpgin 659985
pgpgout 397908
pgfault 242432
pgmajfault 480
inactive_anon 129204224
active_anon 129011712
inactive_file 407715840
active_file 407531520
unevictable 4096
hierarchical_memory_limit 1073741824
hierarchical_memsw_limit 5368709120
total_cache 815321088
total_rss 258146304
total_rss_huge 0
total_mapped_file 36495360
total_writeback 0
total_swap 0
total_pgpgin 659985
total_pgpgout 397908
total_pgfault 242432
total_pgmajfault 480
total_inactive_anon 129204224
total_active_anon 129011712
total_inactive_file 407715840
total_active_file 407531520
total_unevictable 4096
--------------------BLKIO-----------------------
11:0 Read 0
11:0 Write 0
11:0 Sync 0
11:0 Async 0
11:0 Total 0
253:0 Read 1695567872
253:0 Write 1589248
253:0 Sync 196608
253:0 Async 1696960512
253:0 Total 1697157120
Total 1697157120
--------------------CPUAC-----------------------
user 789
system 936
 
Sat Jun 24 21:22:47 IST 2017
--------------------MEMCG-----------------------
MEM ONLY  : 1023 MB
MEM+SWAP  : 1023 MB
cache 816316416
rss 257331200
rss_huge 0
mapped_file 36491264
writeback 0
swap 0
pgpgin 704034
pgpgout 441913
pgfault 242525
pgmajfault 480
inactive_anon 129204224
active_anon 128196608
inactive_file 408535040
active_file 407707648
unevictable 4096
hierarchical_memory_limit 1073741824
hierarchical_memsw_limit 5368709120
total_cache 816316416
total_rss 257331200
total_rss_huge 0
total_mapped_file 36491264
total_writeback 0
total_swap 0
total_pgpgin 704034
total_pgpgout 441913
total_pgfault 242525
total_pgmajfault 480
total_inactive_anon 129204224
total_active_anon 128196608
total_inactive_file 408535040
total_active_file 407707648
total_unevictable 4096
--------------------BLKIO-----------------------
11:0 Read 0
11:0 Write 0
11:0 Sync 0
11:0 Async 0
11:0 Total 0
253:0 Read 1777426432
253:0 Write 1613824
253:0 Sync 196608
253:0 Async 1778843648
253:0 Total 1779040256
Total 1779040256
--------------------CPUAC-----------------------
user 843
system 1086
 
Sat Jun 24 21:23:17 IST 2017
--------------------MEMCG-----------------------
MEM ONLY  : 1023 MB
MEM+SWAP  : 1023 MB
cache 815656960
rss 257794048
rss_huge 0
mapped_file 20172800
writeback 0
swap 0
pgpgin 754307
pgpgout 492234
pgfault 242905
pgmajfault 480
inactive_anon 129597440
active_anon 128266240
inactive_file 407818240
active_file 407760896
unevictable 4096
hierarchical_memory_limit 1073741824
hierarchical_memsw_limit 5368709120
total_cache 815656960
total_rss 257794048
total_rss_huge 0
total_mapped_file 20172800
total_writeback 0
total_swap 0
total_pgpgin 754307
total_pgpgout 492234
total_pgfault 242905
total_pgmajfault 480
total_inactive_anon 129597440
total_active_anon 128266240
total_inactive_file 407818240
total_active_file 407760896
total_unevictable 4096
--------------------BLKIO-----------------------
11:0 Read 0
11:0 Write 0
11:0 Sync 0
11:0 Async 0
11:0 Total 0
253:0 Read 1857691648
253:0 Write 1654784
253:0 Sync 196608
253:0 Async 1859149824
253:0 Total 1859346432
Total 1859346432
--------------------CPUAC-----------------------
user 898
system 1313
 
Sat Jun 24 21:23:47 IST 2017
--------------------MEMCG-----------------------
MEM ONLY  : 1023 MB
MEM+SWAP  : 1023 MB
cache 816074752
rss 257384448
rss_huge 0
mapped_file 7159808
writeback 0
swap 0
pgpgin 805899
pgpgout 543824
pgfault 243072
pgmajfault 481
inactive_anon 129728512
active_anon 127725568
inactive_file 408109056
active_file 407834624
unevictable 4096
hierarchical_memory_limit 1073741824
hierarchical_memsw_limit 5368709120
total_cache 816074752
total_rss 257384448
total_rss_huge 0
total_mapped_file 7159808
total_writeback 0
total_swap 0
total_pgpgin 805899
total_pgpgout 543824
total_pgfault 243072
total_pgmajfault 481
total_inactive_anon 129728512
total_active_anon 127725568
total_inactive_file 408109056
total_active_file 407834624
total_unevictable 4096
--------------------BLKIO-----------------------
11:0 Read 0
11:0 Write 0
11:0 Sync 0
11:0 Async 0
11:0 Total 0
253:0 Read 1935159296
253:0 Write 1703936
253:0 Sync 196608
253:0 Async 1936666624
253:0 Total 1936863232
Total 1936863232
--------------------CPUAC-----------------------
user 967
system 1566
 
Sat Jun 24 21:24:17 IST 2017
--------------------MEMCG-----------------------
MEM ONLY  : 1023 MB
MEM+SWAP  : 1023 MB
cache 815718400
rss 257871872
rss_huge 0
mapped_file 7159808
writeback 0
swap 0
pgpgin 858667
pgpgout 596560
pgfault 243281
pgmajfault 481
inactive_anon 129859584
active_anon 128081920
inactive_file 407969792
active_file 407674880
unevictable 4096
hierarchical_memory_limit 1073741824
hierarchical_memsw_limit 5368709120
total_cache 815718400
total_rss 257871872
total_rss_huge 0
total_mapped_file 7159808
total_writeback 0
total_swap 0
total_pgpgin 858667
total_pgpgout 596560
total_pgfault 243281
total_pgmajfault 481
total_inactive_anon 129859584
total_active_anon 128081920
total_inactive_file 407969792
total_active_file 407674880
total_unevictable 4096
--------------------BLKIO-----------------------
11:0 Read 0
11:0 Write 0
11:0 Sync 0
11:0 Async 0
11:0 Total 0
253:0 Read 2014384128
253:0 Write 1765376
253:0 Sync 196608
253:0 Async 2015952896
253:0 Total 2016149504
Total 2016149504
--------------------CPUAC-----------------------
user 1039
system 1811
 
Sat Jun 24 21:24:47 IST 2017
--------------------MEMCG-----------------------
MEM ONLY  : 1023 MB
MEM+SWAP  : 1023 MB
cache 815788032
rss 257875968
rss_huge 0
mapped_file 7159808
writeback 0
swap 0
pgpgin 909926
pgpgout 647801
pgfault 243372
pgmajfault 481
inactive_anon 129859584
active_anon 128086016
inactive_file 408047616
active_file 407666688
unevictable 4096
hierarchical_memory_limit 1073741824
hierarchical_memsw_limit 5368709120
total_cache 815788032
total_rss 257875968
total_rss_huge 0
total_mapped_file 7159808
total_writeback 0
total_swap 0
total_pgpgin 909926
total_pgpgout 647801
total_pgfault 243372
total_pgmajfault 481
total_inactive_anon 129859584
total_active_anon 128086016
total_inactive_file 408047616
total_active_file 407666688
total_unevictable 4096
--------------------BLKIO-----------------------
11:0 Read 0
11:0 Write 0
11:0 Sync 0
11:0 Async 0
11:0 Total 0
253:0 Read 2093330432
253:0 Write 1830912
253:0 Sync 196608
253:0 Async 2094964736
253:0 Total 2095161344
Total 2095161344
--------------------CPUAC-----------------------
user 1110
system 2046
 
Sat Jun 24 21:25:17 IST 2017
--------------------MEMCG-----------------------
MEM ONLY  : 1023 MB
MEM+SWAP  : 1023 MB
cache 815992832
rss 257466368
rss_huge 0
mapped_file 7159808
writeback 0
swap 0
pgpgin 961995
pgpgout 699920
pgfault 243538
pgmajfault 481
inactive_anon 129859584
active_anon 127676416
inactive_file 408080384
active_file 407826432
unevictable 4096
hierarchical_memory_limit 1073741824
hierarchical_memsw_limit 5368709120
total_cache 815992832
total_rss 257466368
total_rss_huge 0
total_mapped_file 7159808
total_writeback 0
total_swap 0
total_pgpgin 961995
total_pgpgout 699920
total_pgfault 243538
total_pgmajfault 481
total_inactive_anon 129859584
total_active_anon 127676416
total_inactive_file 408080384
total_active_file 407826432
total_unevictable 4096
--------------------BLKIO-----------------------
11:0 Read 0
11:0 Write 0
11:0 Sync 0
11:0 Async 0
11:0 Total 0
253:0 Read 2172575744
253:0 Write 1904640
253:0 Sync 196608
253:0 Async 2174283776
253:0 Total 2174480384
Total 2174480384
--------------------CPUAC-----------------------
user 1170
system 2280
 
Sat Jun 24 21:25:47 IST 2017
--------------------MEMCG-----------------------
MEM ONLY  : 1023 MB
MEM+SWAP  : 1023 MB
cache 815972352
rss 257630208
rss_huge 0
mapped_file 2924544
writeback 0
swap 0
pgpgin 1012660
pgpgout 750550
pgfault 243668
pgmajfault 481
inactive_anon 129859584
active_anon 127840256
inactive_file 408002560
active_file 407896064
unevictable 4096
hierarchical_memory_limit 1073741824
hierarchical_memsw_limit 5368709120
total_cache 815972352
total_rss 257630208
total_rss_huge 0
total_mapped_file 2924544
total_writeback 0
total_swap 0
total_pgpgin 1012660
total_pgpgout 750550
total_pgfault 243668
total_pgmajfault 481
total_inactive_anon 129859584
total_active_anon 127840256
total_inactive_file 408002560
total_active_file 407896064
total_unevictable 4096
--------------------BLKIO-----------------------
11:0 Read 0
11:0 Write 0
11:0 Sync 0
11:0 Async 0
11:0 Total 0
253:0 Read 2251231232
253:0 Write 1986560
253:0 Sync 196608
253:0 Async 2253021184
253:0 Total 2253217792
Total 2253217792
--------------------CPUAC-----------------------
user 1242
system 2520
 
Sat Jun 24 21:26:17 IST 2017
--------------------MEMCG-----------------------
MEM ONLY  : 1023 MB
MEM+SWAP  : 1023 MB
cache 815493120
rss 258232320
rss_huge 0
mapped_file 2805760
writeback 0
swap 0
pgpgin 1065585
pgpgout 803445
pgfault 243998
pgmajfault 481
inactive_anon 129818624
active_anon 128483328
inactive_file 408018944
active_file 407400448
unevictable 4096
hierarchical_memory_limit 1073741824
hierarchical_memsw_limit 5368709120
total_cache 815493120
total_rss 258232320
total_rss_huge 0
total_mapped_file 2805760
total_writeback 0
total_swap 0
total_pgpgin 1065585
total_pgpgout 803445
total_pgfault 243998
total_pgmajfault 481
total_inactive_anon 129818624
total_active_anon 128483328
total_inactive_file 408018944
total_active_file 407400448
total_unevictable 4096
--------------------BLKIO-----------------------
11:0 Read 0
11:0 Write 0
11:0 Sync 0
11:0 Async 0
11:0 Total 0
253:0 Read 2333646848
253:0 Write 2076672
253:0 Sync 196608
253:0 Async 2335526912
253:0 Total 2335723520
Total 2335723520
--------------------CPUAC-----------------------
user 1314
system 2752
 
Sat Jun 24 21:26:47 IST 2017
--------------------MEMCG-----------------------
MEM ONLY  : 1023 MB
MEM+SWAP  : 1023 MB
cache 815333376
rss 258256896
rss_huge 0
mapped_file 2805760
writeback 0
swap 0
pgpgin 1117096
pgpgout 854989
pgfault 244212
pgmajfault 481
inactive_anon 129757184
active_anon 128569344
inactive_file 407793664
active_file 407465984
unevictable 4096
hierarchical_memory_limit 1073741824
hierarchical_memsw_limit 5368709120
total_cache 815333376
total_rss 258256896
total_rss_huge 0
total_mapped_file 2805760
total_writeback 0
total_swap 0
total_pgpgin 1117096
total_pgpgout 854989
total_pgfault 244212
total_pgmajfault 481
total_inactive_anon 129757184
total_active_anon 128569344
total_inactive_file 407793664
total_active_file 407465984
total_unevictable 4096
--------------------BLKIO-----------------------
11:0 Read 0
11:0 Write 0
11:0 Sync 0
11:0 Async 0
11:0 Total 0
253:0 Read 2410995712
253:0 Write 2174976
253:0 Sync 196608
253:0 Async 2412974080
253:0 Total 2413170688
Total 2413170688
--------------------CPUAC-----------------------
user 1375
system 3006
 
Sat Jun 24 21:27:17 IST 2017
--------------------MEMCG-----------------------
MEM ONLY  : 1023 MB
MEM+SWAP  : 1023 MB
cache 815038464
rss 258416640
rss_huge 0
mapped_file 2818048
writeback 0
swap 0
pgpgin 1169773
pgpgout 907699
pgfault 244506
pgmajfault 483
inactive_anon 129888256
active_anon 128598016
inactive_file 407621632
active_file 407343104
unevictable 4096
hierarchical_memory_limit 1073741824
hierarchical_memsw_limit 5368709120
total_cache 815038464
total_rss 258416640
total_rss_huge 0
total_mapped_file 2818048
total_writeback 0
total_swap 0
total_pgpgin 1169773
total_pgpgout 907699
total_pgfault 244506
total_pgmajfault 483
total_inactive_anon 129888256
total_active_anon 128598016
total_inactive_file 407621632
total_active_file 407343104
total_unevictable 4096
--------------------BLKIO-----------------------
11:0 Read 0
11:0 Write 0
11:0 Sync 0
11:0 Async 0
11:0 Total 0
253:0 Read 2490781696
253:0 Write 2244608
253:0 Sync 196608
253:0 Async 2492829696
253:0 Total 2493026304
Total 2493026304
--------------------CPUAC-----------------------
user 1446
system 3245
 
Sat Jun 24 21:27:47 IST 2017
--------------------MEMCG-----------------------
MEM ONLY  : 1023 MB
MEM+SWAP  : 1023 MB
cache 815267840
rss 258416640
rss_huge 0
mapped_file 2818048
writeback 0
swap 0
pgpgin 1224575
pgpgout 962445
pgfault 244596
pgmajfault 483
inactive_anon 129888256
active_anon 128598016
inactive_file 407707648
active_file 407486464
unevictable 4096
hierarchical_memory_limit 1073741824
hierarchical_memsw_limit 5368709120
total_cache 815267840
total_rss 258416640
total_rss_huge 0
total_mapped_file 2818048
total_writeback 0
total_swap 0
total_pgpgin 1224575
total_pgpgout 962445
total_pgfault 244596
total_pgmajfault 483
total_inactive_anon 129888256
total_active_anon 128598016
total_inactive_file 407707648
total_active_file 407486464
total_unevictable 4096
--------------------BLKIO-----------------------
11:0 Read 0
11:0 Write 0
11:0 Sync 0
11:0 Async 0
11:0 Total 0
253:0 Read 2568380416
253:0 Write 2269184
253:0 Sync 196608
253:0 Async 2570452992
253:0 Total 2570649600
Total 2570649600
--------------------CPUAC-----------------------
user 1510
system 3528
 
Sat Jun 24 21:28:17 IST 2017
--------------------MEMCG-----------------------
MEM ONLY  : 1023 MB
MEM+SWAP  : 1023 MB
cache 815300608
rss 258420736
rss_huge 0
mapped_file 2818048
writeback 0
swap 0
pgpgin 1278637
pgpgout 1016498
pgfault 244731
pgmajfault 483
inactive_anon 129818624
active_anon 128671744
inactive_file 407900160
active_file 407326720
unevictable 4096
hierarchical_memory_limit 1073741824
hierarchical_memsw_limit 5368709120
total_cache 815300608
total_rss 258420736
total_rss_huge 0
total_mapped_file 2818048
total_writeback 0
total_swap 0
total_pgpgin 1278637
total_pgpgout 1016498
total_pgfault 244731
total_pgmajfault 483
total_inactive_anon 129818624
total_active_anon 128671744
total_inactive_file 407900160
total_active_file 407326720
total_unevictable 4096
--------------------BLKIO-----------------------
11:0 Read 0
11:0 Write 0
11:0 Sync 0
11:0 Async 0
11:0 Total 0
253:0 Read 2646188032
253:0 Write 2310144
253:0 Sync 196608
253:0 Async 2648301568
253:0 Total 2648498176
Total 2648498176
--------------------CPUAC-----------------------
user 1576
system 3822
 
Sat Jun 24 21:28:47 IST 2017
--------------------MEMCG-----------------------
MEM ONLY  : 1023 MB
MEM+SWAP  : 1023 MB
cache 814764032
rss 258908160
rss_huge 0
mapped_file 2818048
writeback 0
swap 0
pgpgin 1333225
pgpgout 1071098
pgfault 245064
pgmajfault 483
inactive_anon 129818624
active_anon 129159168
inactive_file 407474176
active_file 407216128
unevictable 4096
hierarchical_memory_limit 1073741824
hierarchical_memsw_limit 5368709120
total_cache 814764032
total_rss 258908160
total_rss_huge 0
total_mapped_file 2818048
total_writeback 0
total_swap 0
total_pgpgin 1333225
total_pgpgout 1071098
total_pgfault 245064
total_pgmajfault 483
total_inactive_anon 129818624
total_active_anon 129159168
total_inactive_file 407474176
total_active_file 407216128
total_unevictable 4096
--------------------BLKIO-----------------------
11:0 Read 0
11:0 Write 0
11:0 Sync 0
11:0 Async 0
11:0 Total 0
253:0 Read 2722115584
253:0 Write 2359296
253:0 Sync 196608
253:0 Async 2724278272
253:0 Total 2724474880
Total 2724474880
--------------------CPUAC-----------------------
user 1650
system 4121
 
Sat Jun 24 21:29:17 IST 2017
--------------------MEMCG-----------------------
MEM ONLY  : 1024 MB
MEM+SWAP  : 1024 MB
cache 812593152
rss 261148672
rss_huge 0
mapped_file 2871296
writeback 0
swap 0
pgpgin 1386484
pgpgout 1124340
pgfault 245741
pgmajfault 484
inactive_anon 130736128
active_anon 130482176
inactive_file 406466560
active_file 406052864
unevictable 4096
hierarchical_memory_limit 1073741824
hierarchical_memsw_limit 5368709120
total_cache 812593152
total_rss 261148672
total_rss_huge 0
total_mapped_file 2871296
total_writeback 0
total_swap 0
total_pgpgin 1386484
total_pgpgout 1124340
total_pgfault 245741
total_pgmajfault 484
total_inactive_anon 130736128
total_active_anon 130482176
total_inactive_file 406466560
total_active_file 406052864
total_unevictable 4096
--------------------BLKIO-----------------------
11:0 Read 0
11:0 Write 0
11:0 Sync 0
11:0 Async 0
11:0 Total 0
253:0 Read 2797572096
253:0 Write 2420736
253:0 Sync 196608
253:0 Async 2799796224
253:0 Total 2799992832
Total 2799992832
--------------------CPUAC-----------------------
user 1724
system 4413
 
Sat Jun 24 21:29:47 IST 2017
--------------------MEMCG-----------------------
MEM ONLY  : 1023 MB
MEM+SWAP  : 1023 MB
cache 812441600
rss 261140480
rss_huge 0
mapped_file 2871296
writeback 0
swap 0
pgpgin 1440282
pgpgout 1178177
pgfault 245932
pgmajfault 484
inactive_anon 130973696
active_anon 130236416
inactive_file 406392832
active_file 405975040
unevictable 4096
hierarchical_memory_limit 1073741824
hierarchical_memsw_limit 5368709120
total_cache 812441600
total_rss 261140480
total_rss_huge 0
total_mapped_file 2871296
total_writeback 0
total_swap 0
total_pgpgin 1440282
total_pgpgout 1178177
total_pgfault 245932
total_pgmajfault 484
total_inactive_anon 130973696
total_active_anon 130236416
total_inactive_file 406392832
total_active_file 405975040
total_unevictable 4096
--------------------BLKIO-----------------------
11:0 Read 0
11:0 Write 0
11:0 Sync 0
11:0 Async 0
11:0 Total 0
253:0 Read 2876235776
253:0 Write 2486272
253:0 Sync 196608
253:0 Async 2878525440
253:0 Total 2878722048
Total 2878722048
--------------------CPUAC-----------------------
user 1785
system 4683
 
Sat Jun 24 21:30:17 IST 2017
--------------------MEMCG-----------------------
MEM ONLY  : 1023 MB
MEM+SWAP  : 1023 MB
cache 812519424
rss 261013504
rss_huge 0
mapped_file 2867200
writeback 0
swap 0
pgpgin 1495265
pgpgout 1233172
pgfault 246137
pgmajfault 484
inactive_anon 130859008
active_anon 130224128
inactive_file 406298624
active_file 406147072
unevictable 4096
hierarchical_memory_limit 1073741824
hierarchical_memsw_limit 5368709120
total_cache 812519424
total_rss 261013504
total_rss_huge 0
total_mapped_file 2867200
total_writeback 0
total_swap 0
total_pgpgin 1495265
total_pgpgout 1233172
total_pgfault 246137
total_pgmajfault 484
total_inactive_anon 130859008
total_active_anon 130224128
total_inactive_file 406298624
total_active_file 406147072
total_unevictable 4096
--------------------BLKIO-----------------------
11:0 Read 0
11:0 Write 0
11:0 Sync 0
11:0 Async 0
11:0 Total 0
253:0 Read 2952310784
253:0 Write 2560000
253:0 Sync 196608
253:0 Async 2954674176
253:0 Total 2954870784
Total 2954870784
--------------------CPUAC-----------------------
user 1851
system 4948
 
Sat Jun 24 21:30:47 IST 2017
--------------------MEMCG-----------------------
MEM ONLY  : 1023 MB
MEM+SWAP  : 1023 MB
cache 812605440
rss 261079040
rss_huge 0
mapped_file 2871296
writeback 0
swap 0
pgpgin 1548590
pgpgout 1286460
pgfault 246257
pgmajfault 485
inactive_anon 130859008
active_anon 130289664
inactive_file 406478848
active_file 406052864
unevictable 4096
hierarchical_memory_limit 1073741824
hierarchical_memsw_limit 5368709120
total_cache 812605440
total_rss 261079040
total_rss_huge 0
total_mapped_file 2871296
total_writeback 0
total_swap 0
total_pgpgin 1548590
total_pgpgout 1286460
total_pgfault 246257
total_pgmajfault 485
total_inactive_anon 130859008
total_active_anon 130289664
total_inactive_file 406478848
total_active_file 406052864
total_unevictable 4096
--------------------BLKIO-----------------------
11:0 Read 0
11:0 Write 0
11:0 Sync 0
11:0 Async 0
11:0 Total 0
253:0 Read 3027451904
253:0 Write 2646016
253:0 Sync 196608
253:0 Async 3029901312
253:0 Total 3030097920
Total 3030097920
--------------------CPUAC-----------------------
user 1926
system 5217
 
Sat Jun 24 21:31:17 IST 2017
--------------------MEMCG-----------------------
MEM ONLY  : 1023 MB
MEM+SWAP  : 1023 MB
cache 811032576
rss 262492160
rss_huge 0
mapped_file 2867200
writeback 0
swap 0
pgpgin 1601540
pgpgout 1339449
pgfault 246720
pgmajfault 485
inactive_anon 131399680
active_anon 131162112
inactive_file 405585920
active_file 405372928
unevictable 4096
hierarchical_memory_limit 1073741824
hierarchical_memsw_limit 5368709120
total_cache 811032576
total_rss 262492160
total_rss_huge 0
total_mapped_file 2867200
total_writeback 0
total_swap 0
total_pgpgin 1601540
total_pgpgout 1339449
total_pgfault 246720
total_pgmajfault 485
total_inactive_anon 131399680
total_active_anon 131162112
total_inactive_file 405585920
total_active_file 405372928
total_unevictable 4096
--------------------BLKIO-----------------------
11:0 Read 0
11:0 Write 0
11:0 Sync 0
11:0 Async 0
11:0 Total 0
253:0 Read 3104137216
253:0 Write 2740224
253:0 Sync 196608
253:0 Async 3106680832
253:0 Total 3106877440
Total 3106877440
--------------------CPUAC-----------------------
user 1990
system 5477
 
Sat Jun 24 21:31:48 IST 2017
--------------------MEMCG-----------------------
MEM ONLY  : 1023 MB
MEM+SWAP  : 1023 MB
cache 811376640
rss 262258688
rss_huge 0
mapped_file 2859008
writeback 0
swap 0
pgpgin 1655399
pgpgout 1393281
pgfault 246991
pgmajfault 485
inactive_anon 131473408
active_anon 130854912
inactive_file 405839872
active_file 405463040
unevictable 4096
hierarchical_memory_limit 1073741824
hierarchical_memsw_limit 5368709120
total_cache 811376640
total_rss 262258688
total_rss_huge 0
total_mapped_file 2859008
total_writeback 0
total_swap 0
total_pgpgin 1655399
total_pgpgout 1393281
total_pgfault 246991
total_pgmajfault 485
total_inactive_anon 131473408
total_active_anon 130854912
total_inactive_file 405839872
total_active_file 405463040
total_unevictable 4096
--------------------BLKIO-----------------------
11:0 Read 0
11:0 Write 0
11:0 Sync 0
11:0 Async 0
11:0 Total 0
253:0 Read 3181662208
253:0 Write 2838528
253:0 Sync 196608
253:0 Async 3184304128
253:0 Total 3184500736
Total 3184500736
--------------------CPUAC-----------------------
user 2069
system 5767
 
Sat Jun 24 21:32:18 IST 2017
--------------------MEMCG-----------------------
MEM ONLY  : 1023 MB
MEM+SWAP  : 1023 MB
cache 811814912
rss 261914624
rss_huge 0
mapped_file 2871296
writeback 0
swap 0
pgpgin 1709678
pgpgout 1447537
pgfault 247225
pgmajfault 487
inactive_anon 131473408
active_anon 130510848
inactive_file 405970944
active_file 405770240
unevictable 4096
hierarchical_memory_limit 1073741824
hierarchical_memsw_limit 5368709120
total_cache 811814912
total_rss 261914624
total_rss_huge 0
total_mapped_file 2871296
total_writeback 0
total_swap 0
total_pgpgin 1709678
total_pgpgout 1447537
total_pgfault 247225
total_pgmajfault 487
total_inactive_anon 131473408
total_active_anon 130510848
total_inactive_file 405970944
total_active_file 405770240
total_unevictable 4096
--------------------BLKIO-----------------------
11:0 Read 0
11:0 Write 0
11:0 Sync 0
11:0 Async 0
11:0 Total 0
253:0 Read 3257524224
253:0 Write 2912256
253:0 Sync 196608
253:0 Async 3260239872
253:0 Total 3260436480
Total 3260436480
--------------------CPUAC-----------------------
user 2144
system 6078
 
