Thu May 18 23:25:03 IST 2017
--------------------MEMCG-----------------------
MEM ONLY  : 1535 MB
MEM+SWAP  : 1535 MB
cache 1518088192
rss 92450816
rss_huge 0
mapped_file 45027328
writeback 0
swap 0
pgpgin 8388125
pgpgout 7994926
pgfault 2459799
pgmajfault 406
inactive_anon 46346240
active_anon 46182400
inactive_file 758980608
active_file 759033856
unevictable 0
hierarchical_memory_limit 1610612736
hierarchical_memsw_limit 5368709120
total_cache 1518088192
total_rss 92450816
total_rss_huge 0
total_mapped_file 45027328
total_writeback 0
total_swap 0
total_pgpgin 8388125
total_pgpgout 7994927
total_pgfault 2459799
total_pgmajfault 406
total_inactive_anon 46346240
total_active_anon 46178304
total_inactive_file 758980608
total_active_file 759033856
total_unevictable 0
--------------------BLKIO-----------------------
11:0 Read 0
11:0 Write 0
11:0 Sync 0
11:0 Async 0
11:0 Total 0
253:0 Read 10371198976
253:0 Write 229376
253:0 Sync 0
253:0 Async 10371428352
253:0 Total 10371428352
Total 10371428352
--------------------CPUAC-----------------------
user 1140
system 7111
 
Thu May 18 23:25:33 IST 2017
--------------------MEMCG-----------------------
MEM ONLY  : 1535 MB
MEM+SWAP  : 1535 MB
cache 1518157824
rss 92450816
rss_huge 0
mapped_file 45027328
writeback 0
swap 0
pgpgin 8554479
pgpgout 8161264
pgfault 2506658
pgmajfault 406
inactive_anon 46346240
active_anon 46178304
inactive_file 759083008
active_file 758984704
unevictable 0
hierarchical_memory_limit 1610612736
hierarchical_memsw_limit 5368709120
total_cache 1518157824
total_rss 92450816
total_rss_huge 0
total_mapped_file 45027328
total_writeback 0
total_swap 0
total_pgpgin 8554479
total_pgpgout 8161264
total_pgfault 2506658
total_pgmajfault 406
total_inactive_anon 46346240
total_active_anon 46178304
total_inactive_file 759083008
total_active_file 758984704
total_unevictable 0
--------------------BLKIO-----------------------
11:0 Read 0
11:0 Write 0
11:0 Sync 0
11:0 Async 0
11:0 Total 0
253:0 Read 10738442240
253:0 Write 229376
253:0 Sync 0
253:0 Async 10738671616
253:0 Total 10738671616
Total 10738671616
--------------------CPUAC-----------------------
user 1169
system 7261
 
Thu May 18 23:26:03 IST 2017
--------------------MEMCG-----------------------
MEM ONLY  : 1535 MB
MEM+SWAP  : 1535 MB
cache 1518149632
rss 92450816
rss_huge 0
mapped_file 35213312
writeback 0
swap 0
pgpgin 8751264
pgpgout 8358051
pgfault 2563887
pgmajfault 406
inactive_anon 46346240
active_anon 46178304
inactive_file 759201792
active_file 758841344
unevictable 0
hierarchical_memory_limit 1610612736
hierarchical_memsw_limit 5368709120
total_cache 1518149632
total_rss 92450816
total_rss_huge 0
total_mapped_file 35213312
total_writeback 0
total_swap 0
total_pgpgin 8751264
total_pgpgout 8358051
total_pgfault 2563887
total_pgmajfault 406
total_inactive_anon 46346240
total_active_anon 46178304
total_inactive_file 759201792
total_active_file 758841344
total_unevictable 0
--------------------BLKIO-----------------------
11:0 Read 0
11:0 Write 0
11:0 Sync 0
11:0 Async 0
11:0 Total 0
253:0 Read 11159556096
253:0 Write 229376
253:0 Sync 0
253:0 Async 11159785472
253:0 Total 11159785472
Total 11159785472
--------------------CPUAC-----------------------
user 1199
system 7446
 
Thu May 18 23:26:33 IST 2017
--------------------MEMCG-----------------------
MEM ONLY  : 1535 MB
MEM+SWAP  : 1535 MB
cache 1518080000
rss 92450816
rss_huge 0
mapped_file 11214848
writeback 0
swap 0
pgpgin 8933954
pgpgout 8540758
pgfault 2615962
pgmajfault 406
inactive_anon 46346240
active_anon 46178304
inactive_file 758919168
active_file 759087104
unevictable 0
hierarchical_memory_limit 1610612736
hierarchical_memsw_limit 5368709120
total_cache 1518080000
total_rss 92450816
total_rss_huge 0
total_mapped_file 11214848
total_writeback 0
total_swap 0
total_pgpgin 8933954
total_pgpgout 8540758
total_pgfault 2615962
total_pgmajfault 406
total_inactive_anon 46346240
total_active_anon 46178304
total_inactive_file 758919168
total_active_file 759087104
total_unevictable 0
--------------------BLKIO-----------------------
11:0 Read 0
11:0 Write 0
11:0 Sync 0
11:0 Async 0
11:0 Total 0
253:0 Read 11544698880
253:0 Write 229376
253:0 Sync 0
253:0 Async 11544928256
253:0 Total 11544928256
Total 11544928256
--------------------CPUAC-----------------------
user 1219
system 7620
 
Thu May 18 23:27:03 IST 2017
--------------------MEMCG-----------------------
MEM ONLY  : 1535 MB
MEM+SWAP  : 1535 MB
cache 1518080000
rss 92450816
rss_huge 0
mapped_file 10686464
writeback 0
swap 0
pgpgin 9064274
pgpgout 8671078
pgfault 2656452
pgmajfault 406
inactive_anon 46346240
active_anon 46178304
inactive_file 758616064
active_file 759390208
unevictable 0
hierarchical_memory_limit 1610612736
hierarchical_memsw_limit 5368709120
total_cache 1518080000
total_rss 92450816
total_rss_huge 0
total_mapped_file 10686464
total_writeback 0
total_swap 0
total_pgpgin 9064274
total_pgpgout 8671078
total_pgfault 2656452
total_pgmajfault 406
total_inactive_anon 46346240
total_active_anon 46178304
total_inactive_file 758616064
total_active_file 759390208
total_unevictable 0
--------------------BLKIO-----------------------
11:0 Read 0
11:0 Write 0
11:0 Sync 0
11:0 Async 0
11:0 Total 0
253:0 Read 11823771648
253:0 Write 229376
253:0 Sync 0
253:0 Async 11824001024
253:0 Total 11824001024
Total 11824001024
--------------------CPUAC-----------------------
user 1238
system 7744
 
Thu May 18 23:27:33 IST 2017
--------------------MEMCG-----------------------
MEM ONLY  : 1535 MB
MEM+SWAP  : 1535 MB
cache 1518010368
rss 92450816
rss_huge 0
mapped_file 6377472
writeback 0
swap 0
pgpgin 9188214
pgpgout 8795035
pgfault 2695202
pgmajfault 406
inactive_anon 46346240
active_anon 46178304
inactive_file 758640640
active_file 759296000
unevictable 0
hierarchical_memory_limit 1610612736
hierarchical_memsw_limit 5368709120
total_cache 1518010368
total_rss 92450816
total_rss_huge 0
total_mapped_file 6377472
total_writeback 0
total_swap 0
total_pgpgin 9188214
total_pgpgout 8795035
total_pgfault 2695202
total_pgmajfault 406
total_inactive_anon 46346240
total_active_anon 46178304
total_inactive_file 758640640
total_active_file 759296000
total_unevictable 0
--------------------BLKIO-----------------------
11:0 Read 0
11:0 Write 0
11:0 Sync 0
11:0 Async 0
11:0 Total 0
253:0 Read 12084985856
253:0 Write 229376
253:0 Sync 0
253:0 Async 12085215232
253:0 Total 12085215232
Total 12085215232
--------------------CPUAC-----------------------
user 1254
system 7861
 
Thu May 18 23:28:03 IST 2017
--------------------MEMCG-----------------------
MEM ONLY  : 1535 MB
MEM+SWAP  : 1535 MB
cache 1518120960
rss 92450816
rss_huge 0
mapped_file 3387392
writeback 0
swap 0
pgpgin 9320918
pgpgout 8927712
pgfault 2736815
pgmajfault 406
inactive_anon 46346240
active_anon 46178304
inactive_file 758652928
active_file 759394304
unevictable 0
hierarchical_memory_limit 1610612736
hierarchical_memsw_limit 5368709120
total_cache 1518120960
total_rss 92450816
total_rss_huge 0
total_mapped_file 3387392
total_writeback 0
total_swap 0
total_pgpgin 9320918
total_pgpgout 8927712
total_pgfault 2736815
total_pgmajfault 406
total_inactive_anon 46346240
total_active_anon 46178304
total_inactive_file 758652928
total_active_file 759394304
total_unevictable 0
--------------------BLKIO-----------------------
11:0 Read 0
11:0 Write 0
11:0 Sync 0
11:0 Async 0
11:0 Total 0
253:0 Read 12367310848
253:0 Write 229376
253:0 Sync 0
253:0 Async 12367540224
253:0 Total 12367540224
Total 12367540224
--------------------CPUAC-----------------------
user 1273
system 7986
 
Thu May 18 23:28:33 IST 2017
--------------------MEMCG-----------------------
MEM ONLY  : 1535 MB
MEM+SWAP  : 1535 MB
cache 1518043136
rss 92450816
rss_huge 0
mapped_file 3387392
writeback 0
swap 0
pgpgin 9472209
pgpgout 9079022
pgfault 2782050
pgmajfault 406
inactive_anon 46346240
active_anon 46178304
inactive_file 758767616
active_file 759164928
unevictable 0
hierarchical_memory_limit 1610612736
hierarchical_memsw_limit 5368709120
total_cache 1518043136
total_rss 92450816
total_rss_huge 0
total_mapped_file 3387392
total_writeback 0
total_swap 0
total_pgpgin 9472209
total_pgpgout 9079022
total_pgfault 2782050
total_pgmajfault 406
total_inactive_anon 46346240
total_active_anon 46178304
total_inactive_file 758767616
total_active_file 759164928
total_unevictable 0
--------------------BLKIO-----------------------
11:0 Read 0
11:0 Write 0
11:0 Sync 0
11:0 Async 0
11:0 Total 0
253:0 Read 12685168640
253:0 Write 229376
253:0 Sync 0
253:0 Async 12685398016
253:0 Total 12685398016
Total 12685398016
--------------------CPUAC-----------------------
user 1294
system 8118
 
Thu May 18 23:29:03 IST 2017
--------------------MEMCG-----------------------
MEM ONLY  : 1535 MB
MEM+SWAP  : 1535 MB
cache 1518071808
rss 92450816
rss_huge 0
mapped_file 3579904
writeback 0
swap 0
pgpgin 9606803
pgpgout 9213609
pgfault 2822613
pgmajfault 409
inactive_anon 46346240
active_anon 46178304
inactive_file 759001088
active_file 758996992
unevictable 0
hierarchical_memory_limit 1610612736
hierarchical_memsw_limit 5368709120
total_cache 1518071808
total_rss 92450816
total_rss_huge 0
total_mapped_file 3579904
total_writeback 0
total_swap 0
total_pgpgin 9606803
total_pgpgout 9213609
total_pgfault 2822613
total_pgmajfault 409
total_inactive_anon 46346240
total_active_anon 46178304
total_inactive_file 759001088
total_active_file 758996992
total_unevictable 0
--------------------BLKIO-----------------------
11:0 Read 0
11:0 Write 0
11:0 Sync 0
11:0 Async 0
11:0 Total 0
253:0 Read 12967616512
253:0 Write 229376
253:0 Sync 0
253:0 Async 12967845888
253:0 Total 12967845888
Total 12967845888
--------------------CPUAC-----------------------
user 1311
system 8253
 
Thu May 18 23:29:33 IST 2017
--------------------MEMCG-----------------------
MEM ONLY  : 1535 MB
MEM+SWAP  : 1535 MB
cache 1518120960
rss 92450816
rss_huge 0
mapped_file 3579904
writeback 0
swap 0
pgpgin 9810123
pgpgout 9416917
pgfault 2881500
pgmajfault 409
inactive_anon 46346240
active_anon 46178304
inactive_file 758587392
active_file 759459840
unevictable 0
hierarchical_memory_limit 1610612736
hierarchical_memsw_limit 5368709120
total_cache 1518120960
total_rss 92450816
total_rss_huge 0
total_mapped_file 3579904
total_writeback 0
total_swap 0
total_pgpgin 9810123
total_pgpgout 9416917
total_pgfault 2881500
total_pgmajfault 409
total_inactive_anon 46346240
total_active_anon 46178304
total_inactive_file 758587392
total_active_file 759459840
total_unevictable 0
--------------------BLKIO-----------------------
11:0 Read 0
11:0 Write 0
11:0 Sync 0
11:0 Async 0
11:0 Total 0
253:0 Read 13393305600
253:0 Write 229376
253:0 Sync 0
253:0 Async 13393534976
253:0 Total 13393534976
Total 13393534976
--------------------CPUAC-----------------------
user 1346
system 8444
 
Thu May 18 23:30:04 IST 2017
--------------------MEMCG-----------------------
MEM ONLY  : 1535 MB
MEM+SWAP  : 1535 MB
cache 1518010368
rss 92450816
rss_huge 0
mapped_file 3579904
writeback 0
swap 0
pgpgin 9964955
pgpgout 9571776
pgfault 2927445
pgmajfault 409
inactive_anon 46346240
active_anon 46178304
inactive_file 758956032
active_file 758980608
unevictable 0
hierarchical_memory_limit 1610612736
hierarchical_memsw_limit 5368709120
total_cache 1518010368
total_rss 92450816
total_rss_huge 0
total_mapped_file 3579904
total_writeback 0
total_swap 0
total_pgpgin 9964955
total_pgpgout 9571776
total_pgfault 2927445
total_pgmajfault 409
total_inactive_anon 46346240
total_active_anon 46178304
total_inactive_file 758956032
total_active_file 758980608
total_unevictable 0
--------------------BLKIO-----------------------
11:0 Read 0
11:0 Write 0
11:0 Sync 0
11:0 Async 0
11:0 Total 0
253:0 Read 13713530880
253:0 Write 229376
253:0 Sync 0
253:0 Async 13713760256
253:0 Total 13713760256
Total 13713760256
--------------------CPUAC-----------------------
user 1364
system 8596
 
Thu May 18 23:30:34 IST 2017
--------------------MEMCG-----------------------
MEM ONLY  : 1535 MB
MEM+SWAP  : 1535 MB
cache 1518043136
rss 92450816
rss_huge 0
mapped_file 5484544
writeback 0
swap 0
pgpgin 10159565
pgpgout 9766378
pgfault 2983158
pgmajfault 460
inactive_anon 46985216
active_anon 45539328
inactive_file 758992896
active_file 758976512
unevictable 0
hierarchical_memory_limit 1610612736
hierarchical_memsw_limit 5368709120
total_cache 1518043136
total_rss 92450816
total_rss_huge 0
total_mapped_file 5484544
total_writeback 0
total_swap 0
total_pgpgin 10159565
total_pgpgout 9766378
total_pgfault 2983158
total_pgmajfault 460
total_inactive_anon 46985216
total_active_anon 45539328
total_inactive_file 758992896
total_active_file 758976512
total_unevictable 0
--------------------BLKIO-----------------------
11:0 Read 0
11:0 Write 0
11:0 Sync 0
11:0 Async 0
11:0 Total 0
253:0 Read 14120849408
253:0 Write 229376
253:0 Sync 0
253:0 Async 14121078784
253:0 Total 14121078784
Total 14121078784
--------------------CPUAC-----------------------
user 1392
system 8782
 
Thu May 18 23:31:04 IST 2017
--------------------MEMCG-----------------------
MEM ONLY  : 1535 MB
MEM+SWAP  : 1535 MB
cache 1518104576
rss 92450816
rss_huge 0
mapped_file 5423104
writeback 0
swap 0
pgpgin 10331895
pgpgout 9938693
pgfault 3032019
pgmajfault 460
inactive_anon 46985216
active_anon 45539328
inactive_file 758820864
active_file 759209984
unevictable 0
hierarchical_memory_limit 1610612736
hierarchical_memsw_limit 5368709120
total_cache 1518104576
total_rss 92450816
total_rss_huge 0
total_mapped_file 5423104
total_writeback 0
total_swap 0
total_pgpgin 10331895
total_pgpgout 9938693
total_pgfault 3032019
total_pgmajfault 460
total_inactive_anon 46985216
total_active_anon 45539328
total_inactive_file 758820864
total_active_file 759209984
total_unevictable 0
--------------------BLKIO-----------------------
11:0 Read 0
11:0 Write 0
11:0 Sync 0
11:0 Async 0
11:0 Total 0
253:0 Read 14478401536
253:0 Write 229376
253:0 Sync 0
253:0 Async 14478630912
253:0 Total 14478630912
Total 14478630912
--------------------CPUAC-----------------------
user 1416
system 8943
 
Thu May 18 23:31:34 IST 2017
--------------------MEMCG-----------------------
MEM ONLY  : 1535 MB
MEM+SWAP  : 1535 MB
cache 1518063616
rss 92450816
rss_huge 0
mapped_file 5423104
writeback 0
swap 0
pgpgin 10510586
pgpgout 10117394
pgfault 3082061
pgmajfault 460
inactive_anon 46985216
active_anon 45539328
inactive_file 758902784
active_file 759054336
unevictable 0
hierarchical_memory_limit 1610612736
hierarchical_memsw_limit 5368709120
total_cache 1518063616
total_rss 92450816
total_rss_huge 0
total_mapped_file 5423104
total_writeback 0
total_swap 0
total_pgpgin 10510586
total_pgpgout 10117394
total_pgfault 3082061
total_pgmajfault 460
total_inactive_anon 46985216
total_active_anon 45539328
total_inactive_file 758902784
total_active_file 759054336
total_unevictable 0
--------------------BLKIO-----------------------
11:0 Read 0
11:0 Write 0
11:0 Sync 0
11:0 Async 0
11:0 Total 0
253:0 Read 14850035712
253:0 Write 229376
253:0 Sync 0
253:0 Async 14850265088
253:0 Total 14850265088
Total 14850265088
--------------------CPUAC-----------------------
user 1444
system 9107
 
Thu May 18 23:32:04 IST 2017
--------------------MEMCG-----------------------
MEM ONLY  : 1535 MB
MEM+SWAP  : 1535 MB
cache 1518026752
rss 92450816
rss_huge 0
mapped_file 5292032
writeback 0
swap 0
pgpgin 10654569
pgpgout 10261386
pgfault 3122531
pgmajfault 460
inactive_anon 46985216
active_anon 45539328
inactive_file 759119872
active_file 758808576
unevictable 0
hierarchical_memory_limit 1610612736
hierarchical_memsw_limit 5368709120
total_cache 1518026752
total_rss 92450816
total_rss_huge 0
total_mapped_file 5292032
total_writeback 0
total_swap 0
total_pgpgin 10654569
total_pgpgout 10261386
total_pgfault 3122531
total_pgmajfault 460
total_inactive_anon 46985216
total_active_anon 45539328
total_inactive_file 759119872
total_active_file 758808576
total_unevictable 0
--------------------BLKIO-----------------------
11:0 Read 0
11:0 Write 0
11:0 Sync 0
11:0 Async 0
11:0 Total 0
253:0 Read 15163375616
253:0 Write 229376
253:0 Sync 0
253:0 Async 15163604992
253:0 Total 15163604992
Total 15163604992
--------------------CPUAC-----------------------
user 1462
system 9244
 
Thu May 18 23:32:34 IST 2017
--------------------MEMCG-----------------------
MEM ONLY  : 1535 MB
MEM+SWAP  : 1535 MB
cache 1518039040
rss 92450816
rss_huge 0
mapped_file 4108288
writeback 0
swap 0
pgpgin 10797607
pgpgout 10404421
pgfault 3162922
pgmajfault 460
inactive_anon 46985216
active_anon 45539328
inactive_file 758890496
active_file 759046144
unevictable 0
hierarchical_memory_limit 1610612736
hierarchical_memsw_limit 5368709120
total_cache 1518039040
total_rss 92450816
total_rss_huge 0
total_mapped_file 4108288
total_writeback 0
total_swap 0
total_pgpgin 10797607
total_pgpgout 10404421
total_pgfault 3162922
total_pgmajfault 460
total_inactive_anon 46985216
total_active_anon 45539328
total_inactive_file 758890496
total_active_file 759046144
total_unevictable 0
--------------------BLKIO-----------------------
11:0 Read 0
11:0 Write 0
11:0 Sync 0
11:0 Async 0
11:0 Total 0
253:0 Read 15462924288
253:0 Write 229376
253:0 Sync 0
253:0 Async 15463153664
253:0 Total 15463153664
Total 15463153664
--------------------CPUAC-----------------------
user 1488
system 9370
 
Thu May 18 23:33:04 IST 2017
--------------------MEMCG-----------------------
MEM ONLY  : 1535 MB
MEM+SWAP  : 1535 MB
cache 1518084096
rss 92450816
rss_huge 0
mapped_file 3387392
writeback 0
swap 0
pgpgin 10934002
pgpgout 10540805
pgfault 3202286
pgmajfault 460
inactive_anon 46985216
active_anon 45539328
inactive_file 758915072
active_file 759074816
unevictable 0
hierarchical_memory_limit 1610612736
hierarchical_memsw_limit 5368709120
total_cache 1518084096
total_rss 92450816
total_rss_huge 0
total_mapped_file 3387392
total_writeback 0
total_swap 0
total_pgpgin 10934002
total_pgpgout 10540805
total_pgfault 3202286
total_pgmajfault 460
total_inactive_anon 46985216
total_active_anon 45539328
total_inactive_file 758915072
total_active_file 759074816
total_unevictable 0
--------------------BLKIO-----------------------
11:0 Read 0
11:0 Write 0
11:0 Sync 0
11:0 Async 0
11:0 Total 0
253:0 Read 15752736768
253:0 Write 229376
253:0 Sync 0
253:0 Async 15752966144
253:0 Total 15752966144
Total 15752966144
--------------------CPUAC-----------------------
user 1503
system 9489
 
Thu May 18 23:33:34 IST 2017
--------------------MEMCG-----------------------
MEM ONLY  : 1535 MB
MEM+SWAP  : 1535 MB
cache 1518039040
rss 92450816
rss_huge 0
mapped_file 3387392
writeback 0
swap 0
pgpgin 11085416
pgpgout 10692230
pgfault 3244069
pgmajfault 460
inactive_anon 46985216
active_anon 45539328
inactive_file 758243328
active_file 759721984
unevictable 0
hierarchical_memory_limit 1610612736
hierarchical_memsw_limit 5368709120
total_cache 1518039040
total_rss 92454912
total_rss_huge 0
total_mapped_file 3387392
total_writeback 0
total_swap 0
total_pgpgin 11085417
total_pgpgout 10692231
total_pgfault 3244070
total_pgmajfault 460
total_inactive_anon 46985216
total_active_anon 45539328
total_inactive_file 758243328
total_active_file 759721984
total_unevictable 0
--------------------BLKIO-----------------------
11:0 Read 0
11:0 Write 0
11:0 Sync 0
11:0 Async 0
11:0 Total 0
253:0 Read 16066502656
253:0 Write 229376
253:0 Sync 0
253:0 Async 16066732032
253:0 Total 16066732032
Total 16066732032
--------------------CPUAC-----------------------
user 1524
system 9632
 
Thu May 18 23:34:04 IST 2017
--------------------MEMCG-----------------------
MEM ONLY  : 1535 MB
MEM+SWAP  : 1535 MB
cache 1518059520
rss 92450816
rss_huge 0
mapped_file 3387392
writeback 0
swap 0
pgpgin 11230775
pgpgout 10837584
pgfault 3285703
pgmajfault 460
inactive_anon 46985216
active_anon 45539328
inactive_file 759078912
active_file 758906880
unevictable 0
hierarchical_memory_limit 1610612736
hierarchical_memsw_limit 5368709120
total_cache 1518059520
total_rss 92450816
total_rss_huge 0
total_mapped_file 3387392
total_writeback 0
total_swap 0
total_pgpgin 11230776
total_pgpgout 10837584
total_pgfault 3285704
total_pgmajfault 460
total_inactive_anon 46985216
total_active_anon 45539328
total_inactive_file 759078912
total_active_file 758906880
total_unevictable 0
--------------------BLKIO-----------------------
11:0 Read 0
11:0 Write 0
11:0 Sync 0
11:0 Async 0
11:0 Total 0
253:0 Read 16362213376
253:0 Write 229376
253:0 Sync 0
253:0 Async 16362442752
253:0 Total 16362442752
Total 16362442752
--------------------CPUAC-----------------------
user 1546
system 9771
 
Thu May 18 23:34:34 IST 2017
--------------------MEMCG-----------------------
MEM ONLY  : 1535 MB
MEM+SWAP  : 1535 MB
cache 1518088192
rss 92450816
rss_huge 0
mapped_file 3387392
writeback 0
swap 0
pgpgin 11355842
pgpgout 10962644
pgfault 3322158
pgmajfault 460
inactive_anon 46985216
active_anon 45539328
inactive_file 757530624
active_file 760483840
unevictable 0
hierarchical_memory_limit 1610612736
hierarchical_memsw_limit 5368709120
total_cache 1518088192
total_rss 92450816
total_rss_huge 0
total_mapped_file 3387392
total_writeback 0
total_swap 0
total_pgpgin 11355842
total_pgpgout 10962644
total_pgfault 3322158
total_pgmajfault 460
total_inactive_anon 46985216
total_active_anon 45539328
total_inactive_file 757530624
total_active_file 760483840
total_unevictable 0
--------------------BLKIO-----------------------
11:0 Read 0
11:0 Write 0
11:0 Sync 0
11:0 Async 0
11:0 Total 0
253:0 Read 16626520064
253:0 Write 229376
253:0 Sync 0
253:0 Async 16626749440
253:0 Total 16626749440
Total 16626749440
--------------------CPUAC-----------------------
user 1563
system 9883
 
Thu May 18 23:35:04 IST 2017
--------------------MEMCG-----------------------
MEM ONLY  : 1453 MB
MEM+SWAP  : 1453 MB
cache 1518104576
rss 6520832
rss_huge 0
mapped_file 1945600
writeback 0
swap 0
pgpgin 11504482
pgpgout 11132259
pgfault 3361935
pgmajfault 536
inactive_anon 6516736
active_anon 73728
inactive_file 760049664
active_file 757985280
unevictable 0
hierarchical_memory_limit 1610612736
hierarchical_memsw_limit 5368709120
total_cache 1518104576
total_rss 6520832
total_rss_huge 0
total_mapped_file 1945600
total_writeback 0
total_swap 0
total_pgpgin 11504482
total_pgpgout 11132259
total_pgfault 3361935
total_pgmajfault 536
total_inactive_anon 6516736
total_active_anon 73728
total_inactive_file 760049664
total_active_file 757985280
total_unevictable 0
--------------------BLKIO-----------------------
11:0 Read 0
11:0 Write 0
11:0 Sync 0
11:0 Async 0
11:0 Total 0
253:0 Read 16934760448
253:0 Write 229376
253:0 Sync 0
253:0 Async 16934989824
253:0 Total 16934989824
Total 16934989824
--------------------CPUAC-----------------------
user 1583
system 10024
 
