Thu May 18 23:25:03 IST 2017
--------------------MEMCG-----------------------
MEM ONLY  : 1535 MB
MEM+SWAP  : 1902 MB
cache 20942848
rss 1589665792
rss_huge 0
mapped_file 6410240
writeback 0
swap 383840256
pgpgin 588410
pgpgout 195195
pgfault 692995
pgmajfault 4012
inactive_anon 442785792
active_anon 1146884096
inactive_file 2224128
active_file 18714624
unevictable 0
hierarchical_memory_limit 1610612736
hierarchical_memsw_limit 5368709120
total_cache 20942848
total_rss 1589665792
total_rss_huge 0
total_mapped_file 6410240
total_writeback 0
total_swap 383840256
total_pgpgin 588410
total_pgpgout 195195
total_pgfault 692995
total_pgmajfault 4012
total_inactive_anon 442785792
total_active_anon 1146884096
total_inactive_file 2224128
total_active_file 18714624
total_unevictable 0
--------------------BLKIO-----------------------
11:0 Read 0
11:0 Write 0
11:0 Sync 0
11:0 Async 0
11:0 Total 0
253:0 Read 75382784
253:0 Write 6607163392
253:0 Sync 6201630720
253:0 Async 480915456
253:0 Total 6682546176
Total 6682546176
--------------------CPUAC-----------------------
user 8126
system 4643
 
Thu May 18 23:25:33 IST 2017
--------------------MEMCG-----------------------
MEM ONLY  : 1535 MB
MEM+SWAP  : 1902 MB
cache 21229568
rss 1589293056
rss_huge 0
mapped_file 6717440
writeback 0
swap 384495616
pgpgin 589611
pgpgout 196417
pgfault 695488
pgmajfault 4912
inactive_anon 442810368
active_anon 1146486784
inactive_file 2519040
active_file 18706432
unevictable 0
hierarchical_memory_limit 1610612736
hierarchical_memsw_limit 5368709120
total_cache 21229568
total_rss 1589293056
total_rss_huge 0
total_mapped_file 6717440
total_writeback 0
total_swap 384495616
total_pgpgin 589611
total_pgpgout 196417
total_pgfault 695488
total_pgmajfault 4912
total_inactive_anon 442810368
total_active_anon 1146486784
total_inactive_file 2519040
total_active_file 18706432
total_unevictable 0
--------------------BLKIO-----------------------
11:0 Read 0
11:0 Write 0
11:0 Sync 0
11:0 Async 0
11:0 Total 0
253:0 Read 80371712
253:0 Write 6608572416
253:0 Sync 6201892864
253:0 Async 487051264
253:0 Total 6688944128
Total 6688944128
--------------------CPUAC-----------------------
user 8135
system 4647
 
Thu May 18 23:26:03 IST 2017
--------------------MEMCG-----------------------
MEM ONLY  : 1535 MB
MEM+SWAP  : 1902 MB
cache 21229568
rss 1589239808
rss_huge 0
mapped_file 6717440
writeback 0
swap 384565248
pgpgin 590175
pgpgout 196994
pgfault 697074
pgmajfault 5451
inactive_anon 442961920
active_anon 1146281984
inactive_file 2682880
active_file 18542592
unevictable 0
hierarchical_memory_limit 1610612736
hierarchical_memsw_limit 5368709120
total_cache 21229568
total_rss 1589239808
total_rss_huge 0
total_mapped_file 6717440
total_writeback 0
total_swap 384565248
total_pgpgin 590175
total_pgpgout 196994
total_pgfault 697074
total_pgmajfault 5451
total_inactive_anon 442961920
total_active_anon 1146281984
total_inactive_file 2682880
total_active_file 18542592
total_unevictable 0
--------------------BLKIO-----------------------
11:0 Read 0
11:0 Write 0
11:0 Sync 0
11:0 Async 0
11:0 Total 0
253:0 Read 82780160
253:0 Write 6613762048
253:0 Sync 6205145088
253:0 Async 491397120
253:0 Total 6696542208
Total 6696542208
--------------------CPUAC-----------------------
user 8138
system 4649
 
Thu May 18 23:26:33 IST 2017
--------------------MEMCG-----------------------
MEM ONLY  : 1535 MB
MEM+SWAP  : 1902 MB
cache 21262336
rss 1589260288
rss_huge 0
mapped_file 6766592
writeback 0
swap 384638976
pgpgin 590803
pgpgout 197609
pgfault 698614
pgmajfault 6039
inactive_anon 442867712
active_anon 1146396672
inactive_file 2965504
active_file 18292736
unevictable 0
hierarchical_memory_limit 1610612736
hierarchical_memsw_limit 5368709120
total_cache 21262336
total_rss 1589260288
total_rss_huge 0
total_mapped_file 6766592
total_writeback 0
total_swap 384638976
total_pgpgin 590803
total_pgpgout 197609
total_pgfault 698614
total_pgmajfault 6039
total_inactive_anon 442867712
total_active_anon 1146396672
total_inactive_file 2965504
total_active_file 18292736
total_unevictable 0
--------------------BLKIO-----------------------
11:0 Read 0
11:0 Write 0
11:0 Sync 0
11:0 Async 0
11:0 Total 0
253:0 Read 85295104
253:0 Write 6619418624
253:0 Sync 6208069632
253:0 Async 496644096
253:0 Total 6704713728
Total 6704713728
--------------------CPUAC-----------------------
user 8146
system 4652
 
Thu May 18 23:27:03 IST 2017
--------------------MEMCG-----------------------
MEM ONLY  : 1535 MB
MEM+SWAP  : 1903 MB
cache 21336064
rss 1589121024
rss_huge 0
mapped_file 6799360
writeback 8192
swap 384942080
pgpgin 592129
pgpgout 198951
pgfault 701573
pgmajfault 7207
inactive_anon 443006976
active_anon 1146114048
inactive_file 3452928
active_file 17879040
unevictable 0
hierarchical_memory_limit 1610612736
hierarchical_memsw_limit 5368709120
total_cache 21336064
total_rss 1589121024
total_rss_huge 0
total_mapped_file 6799360
total_writeback 8192
total_swap 384942080
total_pgpgin 592129
total_pgpgout 198951
total_pgfault 701573
total_pgmajfault 7207
total_inactive_anon 443006976
total_active_anon 1146114048
total_inactive_file 3452928
total_active_file 17879040
total_unevictable 0
--------------------BLKIO-----------------------
11:0 Read 0
11:0 Write 0
11:0 Sync 0
11:0 Async 0
11:0 Total 0
253:0 Read 91271168
253:0 Write 6629335040
253:0 Sync 6208643072
253:0 Async 511963136
253:0 Total 6720606208
Total 6720606208
--------------------CPUAC-----------------------
user 8159
system 4667
 
Thu May 18 23:27:33 IST 2017
--------------------MEMCG-----------------------
MEM ONLY  : 1535 MB
MEM+SWAP  : 1903 MB
cache 21336064
rss 1589129216
rss_huge 0
mapped_file 6799360
writeback 0
swap 385114112
pgpgin 593399
pgpgout 200219
pgfault 704492
pgmajfault 8349
inactive_anon 443002880
active_anon 1146130432
inactive_file 3723264
active_file 17608704
unevictable 0
hierarchical_memory_limit 1610612736
hierarchical_memsw_limit 5368709120
total_cache 21336064
total_rss 1589129216
total_rss_huge 0
total_mapped_file 6799360
total_writeback 0
total_swap 385114112
total_pgpgin 593399
total_pgpgout 200219
total_pgfault 704492
total_pgmajfault 8349
total_inactive_anon 443002880
total_active_anon 1146130432
total_inactive_file 3723264
total_active_file 17608704
total_unevictable 0
--------------------BLKIO-----------------------
11:0 Read 0
11:0 Write 0
11:0 Sync 0
11:0 Async 0
11:0 Total 0
253:0 Read 96735232
253:0 Write 6632071168
253:0 Sync 6210093056
253:0 Async 518713344
253:0 Total 6728806400
Total 6728806400
--------------------CPUAC-----------------------
user 8174
system 4681
 
Thu May 18 23:28:03 IST 2017
--------------------MEMCG-----------------------
MEM ONLY  : 1535 MB
MEM+SWAP  : 1903 MB
cache 21286912
rss 1589161984
rss_huge 0
mapped_file 6754304
writeback 0
swap 385277952
pgpgin 594458
pgpgout 201282
pgfault 706765
pgmajfault 9232
inactive_anon 442765312
active_anon 1146400768
inactive_file 4308992
active_file 16973824
unevictable 0
hierarchical_memory_limit 1610612736
hierarchical_memsw_limit 5368709120
total_cache 21286912
total_rss 1589161984
total_rss_huge 0
total_mapped_file 6754304
total_writeback 0
total_swap 385277952
total_pgpgin 594458
total_pgpgout 201282
total_pgfault 706765
total_pgmajfault 9232
total_inactive_anon 442765312
total_active_anon 1146400768
total_inactive_file 4308992
total_active_file 16973824
total_unevictable 0
--------------------BLKIO-----------------------
11:0 Read 0
11:0 Write 0
11:0 Sync 0
11:0 Async 0
11:0 Total 0
253:0 Read 101122048
253:0 Write 6648246272
253:0 Sync 6217359360
253:0 Async 532008960
253:0 Total 6749368320
Total 6749368320
--------------------CPUAC-----------------------
user 8186
system 4690
 
Thu May 18 23:28:33 IST 2017
--------------------MEMCG-----------------------
MEM ONLY  : 1535 MB
MEM+SWAP  : 1903 MB
cache 21286912
rss 1589202944
rss_huge 0
mapped_file 6754304
writeback 0
swap 385449984
pgpgin 595361
pgpgout 202175
pgfault 708891
pgmajfault 10016
inactive_anon 442826752
active_anon 1146380288
inactive_file 4362240
active_file 16920576
unevictable 0
hierarchical_memory_limit 1610612736
hierarchical_memsw_limit 5368709120
total_cache 21286912
total_rss 1589202944
total_rss_huge 0
total_mapped_file 6754304
total_writeback 0
total_swap 385449984
total_pgpgin 595361
total_pgpgout 202175
total_pgfault 708891
total_pgmajfault 10016
total_inactive_anon 442826752
total_active_anon 1146380288
total_inactive_file 4362240
total_active_file 16920576
total_unevictable 0
--------------------BLKIO-----------------------
11:0 Read 0
11:0 Write 0
11:0 Sync 0
11:0 Async 0
11:0 Total 0
253:0 Read 104878080
253:0 Write 6653968384
253:0 Sync 6223081472
253:0 Async 535764992
253:0 Total 6758846464
Total 6758846464
--------------------CPUAC-----------------------
user 8197
system 4696
 
Thu May 18 23:29:03 IST 2017
--------------------MEMCG-----------------------
MEM ONLY  : 1535 MB
MEM+SWAP  : 1903 MB
cache 21233664
rss 1589231616
rss_huge 0
mapped_file 6701056
writeback 0
swap 385671168
pgpgin 596373
pgpgout 203193
pgfault 711214
pgmajfault 10891
inactive_anon 442437632
active_anon 1146798080
inactive_file 4681728
active_file 16547840
unevictable 0
hierarchical_memory_limit 1610612736
hierarchical_memsw_limit 5368709120
total_cache 21233664
total_rss 1589231616
total_rss_huge 0
total_mapped_file 6701056
total_writeback 0
total_swap 385671168
total_pgpgin 596373
total_pgpgout 203193
total_pgfault 711214
total_pgmajfault 10891
total_inactive_anon 442437632
total_active_anon 1146798080
total_inactive_file 4681728
total_active_file 16547840
total_unevictable 0
--------------------BLKIO-----------------------
11:0 Read 0
11:0 Write 0
11:0 Sync 0
11:0 Async 0
11:0 Total 0
253:0 Read 109232128
253:0 Write 6662893568
253:0 Sync 6227292160
253:0 Async 544833536
253:0 Total 6772125696
Total 6772125696
--------------------CPUAC-----------------------
user 8213
system 4711
 
Thu May 18 23:29:33 IST 2017
--------------------MEMCG-----------------------
MEM ONLY  : 1535 MB
MEM+SWAP  : 1903 MB
cache 21221376
rss 1589121024
rss_huge 0
mapped_file 6688768
writeback 0
swap 385781760
pgpgin 596851
pgpgout 203701
pgfault 712647
pgmajfault 11360
inactive_anon 442507264
active_anon 1146617856
inactive_file 4792320
active_file 16424960
unevictable 0
hierarchical_memory_limit 1610612736
hierarchical_memsw_limit 5368709120
total_cache 21221376
total_rss 1589121024
total_rss_huge 0
total_mapped_file 6688768
total_writeback 0
total_swap 385781760
total_pgpgin 596851
total_pgpgout 203701
total_pgfault 712647
total_pgmajfault 11360
total_inactive_anon 442507264
total_active_anon 1146617856
total_inactive_file 4792320
total_active_file 16424960
total_unevictable 0
--------------------BLKIO-----------------------
11:0 Read 0
11:0 Write 0
11:0 Sync 0
11:0 Async 0
11:0 Total 0
253:0 Read 111267840
253:0 Write 6668115968
253:0 Sync 6231519232
253:0 Async 547864576
253:0 Total 6779383808
Total 6779383808
--------------------CPUAC-----------------------
user 8220
system 4714
 
Thu May 18 23:30:04 IST 2017
--------------------MEMCG-----------------------
MEM ONLY  : 1535 MB
MEM+SWAP  : 1905 MB
cache 22568960
rss 1587494912
rss_huge 0
mapped_file 7331840
writeback 0
swap 387584000
pgpgin 599046
pgpgout 205964
pgfault 716527
pgmajfault 12241
inactive_anon 441188352
active_anon 1146314752
inactive_file 7864320
active_file 14696448
unevictable 0
hierarchical_memory_limit 1610612736
hierarchical_memsw_limit 5368709120
total_cache 22568960
total_rss 1587494912
total_rss_huge 0
total_mapped_file 7331840
total_writeback 0
total_swap 387584000
total_pgpgin 599046
total_pgpgout 205964
total_pgfault 716527
total_pgmajfault 12241
total_inactive_anon 441188352
total_active_anon 1146314752
total_inactive_file 7864320
total_active_file 14696448
total_unevictable 0
--------------------BLKIO-----------------------
11:0 Read 0
11:0 Write 0
11:0 Sync 0
11:0 Async 0
11:0 Total 0
253:0 Read 115462144
253:0 Write 6698643456
253:0 Sync 6235189248
253:0 Async 578916352
253:0 Total 6814105600
Total 6814105600
--------------------CPUAC-----------------------
user 8234
system 4728
 
Thu May 18 23:30:34 IST 2017
--------------------MEMCG-----------------------
MEM ONLY  : 1535 MB
MEM+SWAP  : 1905 MB
cache 22568960
rss 1587982336
rss_huge 0
mapped_file 7331840
writeback 0
swap 387194880
pgpgin 599753
pgpgout 206552
pgfault 718407
pgmajfault 12911
inactive_anon 441712640
active_anon 1146277888
inactive_file 7962624
active_file 14598144
unevictable 0
hierarchical_memory_limit 1610612736
hierarchical_memsw_limit 5368709120
total_cache 22568960
total_rss 1587982336
total_rss_huge 0
total_mapped_file 7331840
total_writeback 0
total_swap 387194880
total_pgpgin 599753
total_pgpgout 206552
total_pgfault 718407
total_pgmajfault 12911
total_inactive_anon 441712640
total_active_anon 1146277888
total_inactive_file 7962624
total_active_file 14598144
total_unevictable 0
--------------------BLKIO-----------------------
11:0 Read 0
11:0 Write 0
11:0 Sync 0
11:0 Async 0
11:0 Total 0
253:0 Read 118407168
253:0 Write 6698987520
253:0 Sync 6235533312
253:0 Async 581861376
253:0 Total 6817394688
Total 6817394688
--------------------CPUAC-----------------------
user 8251
system 4734
 
Thu May 18 23:31:04 IST 2017
--------------------MEMCG-----------------------
MEM ONLY  : 1535 MB
MEM+SWAP  : 1905 MB
cache 22568960
rss 1587847168
rss_huge 0
mapped_file 7331840
writeback 0
swap 387477504
pgpgin 600831
pgpgout 207663
pgfault 720842
pgmajfault 13821
inactive_anon 441806848
active_anon 1146048512
inactive_file 8151040
active_file 14409728
unevictable 0
hierarchical_memory_limit 1610612736
hierarchical_memsw_limit 5368709120
total_cache 22568960
total_rss 1587847168
total_rss_huge 0
total_mapped_file 7331840
total_writeback 0
total_swap 387477504
total_pgpgin 600831
total_pgpgout 207663
total_pgfault 720842
total_pgmajfault 13821
total_inactive_anon 441806848
total_active_anon 1146048512
total_inactive_file 8151040
total_active_file 14409728
total_unevictable 0
--------------------BLKIO-----------------------
11:0 Read 0
11:0 Write 0
11:0 Sync 0
11:0 Async 0
11:0 Total 0
253:0 Read 123334656
253:0 Write 6706655232
253:0 Sync 6243201024
253:0 Async 586788864
253:0 Total 6829989888
Total 6829989888
--------------------CPUAC-----------------------
user 8268
system 4739
 
Thu May 18 23:31:34 IST 2017
--------------------MEMCG-----------------------
MEM ONLY  : 1535 MB
MEM+SWAP  : 1905 MB
cache 22568960
rss 1587814400
rss_huge 0
mapped_file 7331840
writeback 0
swap 387739648
pgpgin 601700
pgpgout 208540
pgfault 722843
pgmajfault 14513
inactive_anon 441946112
active_anon 1145872384
inactive_file 8306688
active_file 14254080
unevictable 0
hierarchical_memory_limit 1610612736
hierarchical_memsw_limit 5368709120
total_cache 22568960
total_rss 1587814400
total_rss_huge 0
total_mapped_file 7331840
total_writeback 0
total_swap 387739648
total_pgpgin 601700
total_pgpgout 208540
total_pgfault 722843
total_pgmajfault 14513
total_inactive_anon 441946112
total_active_anon 1145872384
total_inactive_file 8306688
total_active_file 14254080
total_unevictable 0
--------------------BLKIO-----------------------
11:0 Read 0
11:0 Write 0
11:0 Sync 0
11:0 Async 0
11:0 Total 0
253:0 Read 127295488
253:0 Write 6711971840
253:0 Sync 6248517632
253:0 Async 590749696
253:0 Total 6839267328
Total 6839267328
--------------------CPUAC-----------------------
user 8284
system 4747
 
Thu May 18 23:32:04 IST 2017
--------------------MEMCG-----------------------
MEM ONLY  : 1535 MB
MEM+SWAP  : 1905 MB
cache 22568960
rss 1587961856
rss_huge 0
mapped_file 7331840
writeback 0
swap 387911680
pgpgin 602946
pgpgout 209750
pgfault 725524
pgmajfault 15484
inactive_anon 442126336
active_anon 1145843712
inactive_file 8216576
active_file 14344192
unevictable 0
hierarchical_memory_limit 1610612736
hierarchical_memsw_limit 5368709120
total_cache 22568960
total_rss 1587961856
total_rss_huge 0
total_mapped_file 7331840
total_writeback 0
total_swap 387911680
total_pgpgin 602946
total_pgpgout 209750
total_pgfault 725524
total_pgmajfault 15484
total_inactive_anon 442126336
total_active_anon 1145843712
total_inactive_file 8216576
total_active_file 14344192
total_unevictable 0
--------------------BLKIO-----------------------
11:0 Read 0
11:0 Write 0
11:0 Sync 0
11:0 Async 0
11:0 Total 0
253:0 Read 133120000
253:0 Write 6716485632
253:0 Sync 6253031424
253:0 Async 596574208
253:0 Total 6849605632
Total 6849605632
--------------------CPUAC-----------------------
user 8304
system 4756
 
Thu May 18 23:32:34 IST 2017
--------------------MEMCG-----------------------
MEM ONLY  : 1535 MB
MEM+SWAP  : 1906 MB
cache 22552576
rss 1587859456
rss_huge 0
mapped_file 7331840
writeback 0
swap 388374528
pgpgin 603999
pgpgout 210832
pgfault 727895
pgmajfault 16410
inactive_anon 442236928
active_anon 1145630720
inactive_file 8413184
active_file 14131200
unevictable 0
hierarchical_memory_limit 1610612736
hierarchical_memsw_limit 5368709120
total_cache 22552576
total_rss 1587859456
total_rss_huge 0
total_mapped_file 7331840
total_writeback 0
total_swap 388374528
total_pgpgin 603999
total_pgpgout 210832
total_pgfault 727895
total_pgmajfault 16410
total_inactive_anon 442236928
total_active_anon 1145630720
total_inactive_file 8413184
total_active_file 14131200
total_unevictable 0
--------------------BLKIO-----------------------
11:0 Read 0
11:0 Write 0
11:0 Sync 0
11:0 Async 0
11:0 Total 0
253:0 Read 137347072
253:0 Write 6725627904
253:0 Sync 6261653504
253:0 Async 601321472
253:0 Total 6862974976
Total 6862974976
--------------------CPUAC-----------------------
user 8320
system 4768
 
Thu May 18 23:33:04 IST 2017
--------------------MEMCG-----------------------
MEM ONLY  : 1535 MB
MEM+SWAP  : 1906 MB
cache 22487040
rss 1588015104
rss_huge 0
mapped_file 7331840
writeback 0
swap 388612096
pgpgin 604930
pgpgout 211741
pgfault 729960
pgmajfault 17185
inactive_anon 442376192
active_anon 1145647104
inactive_file 8642560
active_file 13836288
unevictable 0
hierarchical_memory_limit 1610612736
hierarchical_memsw_limit 5368709120
total_cache 22487040
total_rss 1588015104
total_rss_huge 0
total_mapped_file 7331840
total_writeback 0
total_swap 388612096
total_pgpgin 604930
total_pgpgout 211741
total_pgfault 729960
total_pgmajfault 17185
total_inactive_anon 442376192
total_active_anon 1145647104
total_inactive_file 8642560
total_active_file 13836288
total_unevictable 0
--------------------BLKIO-----------------------
11:0 Read 0
11:0 Write 0
11:0 Sync 0
11:0 Async 0
11:0 Total 0
253:0 Read 140976128
253:0 Write 6736547840
253:0 Sync 6270693376
253:0 Async 606830592
253:0 Total 6877523968
Total 6877523968
--------------------CPUAC-----------------------
user 8343
system 4780
 
Thu May 18 23:33:34 IST 2017
--------------------MEMCG-----------------------
MEM ONLY  : 1535 MB
MEM+SWAP  : 1906 MB
cache 22245376
rss 1588178944
rss_huge 0
mapped_file 7331840
writeback 0
swap 388726784
pgpgin 605824
pgpgout 212654
pgfault 732026
pgmajfault 17957
inactive_anon 442060800
active_anon 1146105856
inactive_file 8847360
active_file 13389824
unevictable 0
hierarchical_memory_limit 1610612736
hierarchical_memsw_limit 5368709120
total_cache 22245376
total_rss 1588178944
total_rss_huge 0
total_mapped_file 7331840
total_writeback 0
total_swap 388726784
total_pgpgin 605824
total_pgpgout 212654
total_pgfault 732026
total_pgmajfault 17957
total_inactive_anon 442060800
total_active_anon 1146105856
total_inactive_file 8847360
total_active_file 13389824
total_unevictable 0
--------------------BLKIO-----------------------
11:0 Read 0
11:0 Write 0
11:0 Sync 0
11:0 Async 0
11:0 Total 0
253:0 Read 144723968
253:0 Write 6749024256
253:0 Sync 6279159808
253:0 Async 614588416
253:0 Total 6893748224
Total 6893748224
--------------------CPUAC-----------------------
user 8366
system 4790
 
Thu May 18 23:34:04 IST 2017
--------------------MEMCG-----------------------
MEM ONLY  : 1535 MB
MEM+SWAP  : 1906 MB
cache 21942272
rss 1588649984
rss_huge 0
mapped_file 7331840
writeback 0
swap 388616192
pgpgin 606892
pgpgout 213681
pgfault 734292
pgmajfault 18785
inactive_anon 442019840
active_anon 1146638336
inactive_file 8912896
active_file 13021184
unevictable 0
hierarchical_memory_limit 1610612736
hierarchical_memsw_limit 5368709120
total_cache 21942272
total_rss 1588649984
total_rss_huge 0
total_mapped_file 7331840
total_writeback 0
total_swap 388616192
total_pgpgin 606892
total_pgpgout 213681
total_pgfault 734292
total_pgmajfault 18785
total_inactive_anon 442019840
total_active_anon 1146638336
total_inactive_file 8912896
total_active_file 13021184
total_unevictable 0
--------------------BLKIO-----------------------
11:0 Read 0
11:0 Write 0
11:0 Sync 0
11:0 Async 0
11:0 Total 0
253:0 Read 149573632
253:0 Write 6762848256
253:0 Sync 6288527360
253:0 Async 623894528
253:0 Total 6912421888
Total 6912421888
--------------------CPUAC-----------------------
user 8383
system 4804
 
Thu May 18 23:34:34 IST 2017
--------------------MEMCG-----------------------
MEM ONLY  : 1535 MB
MEM+SWAP  : 1906 MB
cache 21811200
rss 1588686848
rss_huge 0
mapped_file 7331840
writeback 0
swap 388890624
pgpgin 607987
pgpgout 214799
pgfault 736495
pgmajfault 19538
inactive_anon 441946112
active_anon 1146748928
inactive_file 8667136
active_file 13135872
unevictable 0
hierarchical_memory_limit 1610612736
hierarchical_memsw_limit 5368709120
total_cache 21811200
total_rss 1588686848
total_rss_huge 0
total_mapped_file 7331840
total_writeback 0
total_swap 388890624
total_pgpgin 607987
total_pgpgout 214799
total_pgfault 736495
total_pgmajfault 19538
total_inactive_anon 441946112
total_active_anon 1146748928
total_inactive_file 8667136
total_active_file 13135872
total_unevictable 0
--------------------BLKIO-----------------------
11:0 Read 0
11:0 Write 0
11:0 Sync 0
11:0 Async 0
11:0 Total 0
253:0 Read 154451968
253:0 Write 6781452288
253:0 Sync 6303039488
253:0 Async 632864768
253:0 Total 6935904256
Total 6935904256
--------------------CPUAC-----------------------
user 8409
system 4824
 
Thu May 18 23:35:04 IST 2017
--------------------MEMCG-----------------------
MEM ONLY  : 1535 MB
MEM+SWAP  : 1907 MB
cache 22134784
rss 1588301824
rss_huge 0
mapped_file 7331840
writeback 0
swap 389660672
pgpgin 609376
pgpgout 216203
pgfault 739160
pgmajfault 20422
inactive_anon 440340480
active_anon 1147969536
inactive_file 8687616
active_file 13438976
unevictable 0
hierarchical_memory_limit 1610612736
hierarchical_memsw_limit 5368709120
total_cache 22134784
total_rss 1588301824
total_rss_huge 0
total_mapped_file 7331840
total_writeback 0
total_swap 389660672
total_pgpgin 609376
total_pgpgout 216203
total_pgfault 739160
total_pgmajfault 20422
total_inactive_anon 440340480
total_active_anon 1147969536
total_inactive_file 8687616
total_active_file 13438976
total_unevictable 0
--------------------BLKIO-----------------------
11:0 Read 0
11:0 Write 0
11:0 Sync 0
11:0 Async 0
11:0 Total 0
253:0 Read 160628736
253:0 Write 6799593472
253:0 Sync 6315511808
253:0 Async 644710400
253:0 Total 6960222208
Total 6960222208
--------------------CPUAC-----------------------
user 8441
system 4845
 
