java -cp /home/ubuntu/ycsb/mongodb-binding/conf:/home/ubuntu/ycsb/conf:/home/ubuntu/ycsb/lib/jackson-mapper-asl-1.9.4.jar:/home/ubuntu/ycsb/lib/jackson-core-asl-1.9.4.jar:/home/ubuntu/ycsb/lib/htrace-core4-4.1.0-incubating.jar:/home/ubuntu/ycsb/lib/core-0.12.0.jar:/home/ubuntu/ycsb/lib/HdrHistogram-2.1.4.jar:/home/ubuntu/ycsb/mongodb-binding/lib/mongo-java-driver-3.0.3.jar:/home/ubuntu/ycsb/mongodb-binding/lib/logback-core-1.1.2.jar:/home/ubuntu/ycsb/mongodb-binding/lib/mongodb-binding-0.12.0.jar:/home/ubuntu/ycsb/mongodb-binding/lib/logback-classic-1.1.2.jar:/home/ubuntu/ycsb/mongodb-binding/lib/mongodb-async-driver-2.0.1.jar:/home/ubuntu/ycsb/mongodb-binding/lib/slf4j-api-1.6.4.jar com.yahoo.ycsb.Client -db com.yahoo.ycsb.db.MongoDbClient -s -P /home/ubuntu/ycsb/workloads/workload1 -p mongodb.url=mongodb://10.0.3.220:27017/ycsb?w=0 -p maxexecutiontime=1500 -t
YCSB Client 0.12.0
Command line: -db com.yahoo.ycsb.db.MongoDbClient -s -P /home/ubuntu/ycsb/workloads/workload1 -p mongodb.url=mongodb://10.0.3.220:27017/ycsb?w=0 -p maxexecutiontime=1500 -t
Loading workload...
Starting test.
Maximum execution time specified as: 1500 secs
2017-05-16 07:56:46:638 0 sec: 0 operations; est completion in 0 seconds 
mongo client connection created with mongodb://10.0.3.220:27017/ycsb?w=0
DBWrapper: report latency for each error is false and specific error codes to track for latency are: []
2017-05-16 07:56:56:523 10 sec: 455 operations; 45.5 current ops/sec; est completion in 2 days 13 hours [READ: Count=455, Max=143999, Min=400, Avg=17940.35, 90=28015, 99=42463, 99.9=143999, 99.99=143999] 
2017-05-16 07:57:06:523 20 sec: 1142 operations; 68.7 current ops/sec; est completion in 2 days [READ: Count=687, Max=181375, Min=362, Avg=14561.83, 90=24543, 99=34271, 99.9=69695, 99.99=181375] 
2017-05-16 07:57:16:523 30 sec: 1971 operations; 82.9 current ops/sec; est completion in 1 days 18 hours [READ: Count=829, Max=56255, Min=220, Avg=12048.84, 90=18511, 99=32463, 99.9=51711, 99.99=56255] 
2017-05-16 07:57:26:522 40 sec: 2886 operations; 91.5 current ops/sec; est completion in 1 days 14 hours [READ: Count=915, Max=171647, Min=214, Avg=10909.33, 90=16127, 99=28031, 99.9=106751, 99.99=171647] 
2017-05-16 07:57:36:523 50 sec: 3878 operations; 99.2 current ops/sec; est completion in 1 days 11 hours [READ: Count=992, Max=38943, Min=202, Avg=10065.67, 90=15383, 99=26015, 99.9=36895, 99.99=38943] 
2017-05-16 07:57:46:523 60 sec: 4884 operations; 100.6 current ops/sec; est completion in 1 days 10 hours [READ: Count=1006, Max=158591, Min=177, Avg=9911.08, 90=15255, 99=16911, 99.9=52095, 99.99=158591] 
2017-05-16 07:57:56:523 70 sec: 5936 operations; 105.2 current ops/sec; est completion in 1 days 8 hours [READ: Count=1052, Max=35647, Min=174, Avg=9490.61, 90=15319, 99=17215, 99.9=35295, 99.99=35647] 
2017-05-16 07:58:06:522 80 sec: 6982 operations; 104.6 current ops/sec; est completion in 1 days 7 hours [READ: Count=1046, Max=92991, Min=180, Avg=9549.86, 90=15415, 99=17487, 99.9=57951, 99.99=92991] 
2017-05-16 07:58:16:523 90 sec: 8054 operations; 107.2 current ops/sec; est completion in 1 days 7 hours [READ: Count=1073, Max=50207, Min=170, Avg=9316.65, 90=15351, 99=22111, 99.9=36479, 99.99=50207] 
2017-05-16 07:58:26:523 100 sec: 9152 operations; 109.8 current ops/sec; est completion in 1 days 6 hours [READ: Count=1097, Max=86207, Min=166, Avg=9109.4, 90=15031, 99=16767, 99.9=41823, 99.99=86207] 
2017-05-16 07:58:36:523 110 sec: 10256 operations; 110.4 current ops/sec; est completion in 1 days 5 hours [READ: Count=1104, Max=132607, Min=142, Avg=9050.82, 90=14799, 99=16879, 99.9=46975, 99.99=132607] 
2017-05-16 07:58:46:523 120 sec: 11375 operations; 111.9 current ops/sec; est completion in 1 days 5 hours [READ: Count=1119, Max=69183, Min=147, Avg=8934.72, 90=15391, 99=17119, 99.9=41695, 99.99=69183] 
2017-05-16 07:58:56:523 130 sec: 12515 operations; 114 current ops/sec; est completion in 1 days 4 hours [READ: Count=1140, Max=43583, Min=145, Avg=8762.43, 90=15063, 99=16799, 99.9=42367, 99.99=43583] 
2017-05-16 07:59:06:523 140 sec: 13684 operations; 116.9 current ops/sec; est completion in 1 days 4 hours [READ: Count=1169, Max=63263, Min=143, Avg=8546.89, 90=14879, 99=17199, 99.9=41183, 99.99=63263] 
2017-05-16 07:59:16:523 150 sec: 14848 operations; 116.4 current ops/sec; est completion in 1 days 4 hours [READ: Count=1164, Max=91775, Min=144, Avg=8586.27, 90=15055, 99=17135, 99.9=48703, 99.99=91775] 
2017-05-16 07:59:26:523 160 sec: 16003 operations; 115.5 current ops/sec; est completion in 1 days 3 hours [READ: Count=1155, Max=71487, Min=143, Avg=8648.86, 90=15047, 99=17119, 99.9=60959, 99.99=71487] 
2017-05-16 07:59:36:523 170 sec: 17188 operations; 118.5 current ops/sec; est completion in 1 days 3 hours [READ: Count=1185, Max=42975, Min=144, Avg=8441.74, 90=15159, 99=17135, 99.9=32255, 99.99=42975] 
2017-05-16 07:59:46:523 180 sec: 18396 operations; 120.8 current ops/sec; est completion in 1 days 3 hours [READ: Count=1208, Max=95807, Min=145, Avg=8262.77, 90=14719, 99=16927, 99.9=31871, 99.99=95807] 
2017-05-16 07:59:56:523 190 sec: 19604 operations; 120.8 current ops/sec; est completion in 1 days 2 hours [READ: Count=1208, Max=49407, Min=145, Avg=8281.22, 90=15175, 99=17119, 99.9=38399, 99.99=49407] 
2017-05-16 08:00:06:523 200 sec: 20813 operations; 120.9 current ops/sec; est completion in 1 days 2 hours [READ: Count=1209, Max=62271, Min=164, Avg=8260.09, 90=15135, 99=17663, 99.9=55455, 99.99=62271] 
2017-05-16 08:00:16:523 210 sec: 22105 operations; 129.2 current ops/sec; est completion in 1 days 2 hours [READ: Count=1292, Max=114431, Min=161, Avg=7741.97, 90=15047, 99=16863, 99.9=39807, 99.99=114431] 
2017-05-16 08:00:26:523 220 sec: 23404 operations; 129.9 current ops/sec; est completion in 1 days 2 hours [READ: Count=1300, Max=57087, Min=162, Avg=7689.93, 90=14655, 99=17295, 99.9=32575, 99.99=57087] 
2017-05-16 08:00:36:523 230 sec: 24729 operations; 132.5 current ops/sec; est completion in 1 days 1 hours [READ: Count=1324, Max=59775, Min=160, Avg=7547.9, 90=14791, 99=16735, 99.9=48063, 99.99=59775] 
2017-05-16 08:00:46:523 240 sec: 26022 operations; 129.3 current ops/sec; est completion in 1 days 1 hours [READ: Count=1293, Max=55423, Min=165, Avg=7723.02, 90=14895, 99=18847, 99.9=47679, 99.99=55423] 
2017-05-16 08:00:56:523 250 sec: 27378 operations; 135.6 current ops/sec; est completion in 1 days 1 hours [READ: Count=1356, Max=60735, Min=142, Avg=7373.69, 90=14575, 99=16847, 99.9=46623, 99.99=60735] 
2017-05-16 08:01:06:523 260 sec: 28743 operations; 136.5 current ops/sec; est completion in 1 days 1 hours [READ: Count=1365, Max=122495, Min=141, Avg=7318.57, 90=14591, 99=18735, 99.9=59743, 99.99=122495] 
2017-05-16 08:01:16:523 270 sec: 30118 operations; 137.5 current ops/sec; est completion in 1 days [READ: Count=1375, Max=31679, Min=139, Avg=7267.16, 90=14959, 99=17855, 99.9=31663, 99.99=31679] 
2017-05-16 08:01:26:523 280 sec: 31545 operations; 142.7 current ops/sec; est completion in 1 days [READ: Count=1427, Max=82559, Min=145, Avg=7006.49, 90=14599, 99=17263, 99.9=36351, 99.99=82559] 
2017-05-16 08:01:36:523 290 sec: 33001 operations; 145.6 current ops/sec; est completion in 1 days [READ: Count=1456, Max=105599, Min=163, Avg=6859.86, 90=14335, 99=17807, 99.9=49599, 99.99=105599] 
2017-05-16 08:01:46:523 300 sec: 34482 operations; 148.1 current ops/sec; est completion in 1 days [READ: Count=1481, Max=65247, Min=140, Avg=6748.76, 90=14775, 99=18031, 99.9=45887, 99.99=65247] 
2017-05-16 08:01:56:523 310 sec: 35948 operations; 146.6 current ops/sec; est completion in 23 hours 52 minutes [READ: Count=1466, Max=46943, Min=139, Avg=6821.5, 90=14783, 99=21135, 99.9=45151, 99.99=46943] 
2017-05-16 08:02:06:523 320 sec: 37506 operations; 155.8 current ops/sec; est completion in 23 hours 36 minutes [READ: Count=1558, Max=54879, Min=139, Avg=6408.53, 90=14247, 99=17279, 99.9=32383, 99.99=54879] 
2017-05-16 08:02:16:523 330 sec: 39041 operations; 153.5 current ops/sec; est completion in 23 hours 23 minutes [READ: Count=1535, Max=120831, Min=138, Avg=6511.04, 90=14655, 99=17871, 99.9=33631, 99.99=120831] 
2017-05-16 08:02:26:523 340 sec: 40653 operations; 161.2 current ops/sec; est completion in 23 hours 8 minutes [READ: Count=1612, Max=73279, Min=139, Avg=6200.85, 90=14239, 99=18543, 99.9=30991, 99.99=73279] 
2017-05-16 08:02:36:523 350 sec: 42272 operations; 161.9 current ops/sec; est completion in 22 hours 54 minutes [READ: Count=1619, Max=64255, Min=138, Avg=6172.65, 90=14279, 99=18575, 99.9=35231, 99.99=64255] 
2017-05-16 08:02:46:523 360 sec: 43992 operations; 172 current ops/sec; est completion in 22 hours 37 minutes [READ: Count=1720, Max=36191, Min=137, Avg=5805.81, 90=14511, 99=17919, 99.9=30655, 99.99=36191] 
2017-05-16 08:02:56:523 370 sec: 45676 operations; 168.4 current ops/sec; est completion in 22 hours 23 minutes [READ: Count=1684, Max=94015, Min=138, Avg=5937.37, 90=14359, 99=19871, 99.9=36543, 99.99=94015] 
2017-05-16 08:03:06:523 380 sec: 47432 operations; 175.6 current ops/sec; est completion in 22 hours 8 minutes [READ: Count=1756, Max=68607, Min=139, Avg=5691.09, 90=14223, 99=17967, 99.9=40319, 99.99=68607] 
2017-05-16 08:03:16:523 390 sec: 49221 operations; 178.9 current ops/sec; est completion in 21 hours 54 minutes [READ: Count=1789, Max=51359, Min=137, Avg=5581.15, 90=14191, 99=20159, 99.9=36447, 99.99=51359] 
2017-05-16 08:03:26:523 400 sec: 51053 operations; 183.2 current ops/sec; est completion in 21 hours 39 minutes [READ: Count=1832, Max=57759, Min=136, Avg=5452.98, 90=14031, 99=19391, 99.9=38431, 99.99=57759] 
2017-05-16 08:03:36:523 410 sec: 52906 operations; 185.3 current ops/sec; est completion in 21 hours 24 minutes [READ: Count=1853, Max=95231, Min=137, Avg=5398, 90=14167, 99=20303, 99.9=32271, 99.99=95231] 
2017-05-16 08:03:46:523 420 sec: 54854 operations; 194.8 current ops/sec; est completion in 21 hours 9 minutes [READ: Count=1948, Max=89279, Min=134, Avg=5130.05, 90=14031, 99=19551, 99.9=39423, 99.99=89279] 
2017-05-16 08:03:56:523 430 sec: 56856 operations; 200.2 current ops/sec; est completion in 20 hours 53 minutes [READ: Count=2002, Max=44607, Min=136, Avg=4990.84, 90=14127, 99=20991, 99.9=34495, 99.99=44607] 
2017-05-16 08:04:06:523 440 sec: 59002 operations; 214.6 current ops/sec; est completion in 20 hours 35 minutes [READ: Count=2146, Max=56575, Min=136, Avg=4650.33, 90=13743, 99=21119, 99.9=36127, 99.99=56575] 
2017-05-16 08:04:16:523 450 sec: 61203 operations; 220.1 current ops/sec; est completion in 20 hours 17 minutes [READ: Count=2201, Max=72831, Min=137, Avg=4542.06, 90=13295, 99=21343, 99.9=52191, 99.99=72831] 
2017-05-16 08:04:26:523 460 sec: 63585 operations; 238.2 current ops/sec; est completion in 19 hours 58 minutes [READ: Count=2382, Max=84223, Min=135, Avg=4193.49, 90=13127, 99=22975, 99.9=46783, 99.99=84223] 
2017-05-16 08:04:36:523 470 sec: 65987 operations; 240.2 current ops/sec; est completion in 19 hours 39 minutes [READ: Count=2402, Max=34335, Min=134, Avg=4161.43, 90=12983, 99=21855, 99.9=29231, 99.99=34335] 
2017-05-16 08:04:46:523 480 sec: 68337 operations; 235 current ops/sec; est completion in 19 hours 22 minutes [READ: Count=2350, Max=58623, Min=135, Avg=4253.7, 90=13631, 99=23135, 99.9=55967, 99.99=58623] 
2017-05-16 08:04:56:523 490 sec: 70851 operations; 251.4 current ops/sec; est completion in 19 hours 4 minutes [READ: Count=2514, Max=118783, Min=135, Avg=3970.57, 90=13503, 99=21647, 99.9=27423, 99.99=118783] 
2017-05-16 08:05:06:523 500 sec: 73478 operations; 262.7 current ops/sec; est completion in 18 hours 45 minutes [READ: Count=2627, Max=57919, Min=134, Avg=3805.9, 90=12983, 99=21903, 99.9=41087, 99.99=57919] 
2017-05-16 08:05:16:523 510 sec: 76185 operations; 270.7 current ops/sec; est completion in 18 hours 27 minutes [READ: Count=2707, Max=37919, Min=135, Avg=3687.93, 90=12783, 99=22159, 99.9=31215, 99.99=37919] 
2017-05-16 08:05:26:523 520 sec: 79012 operations; 282.7 current ops/sec; est completion in 18 hours 8 minutes [READ: Count=2827, Max=99775, Min=135, Avg=3534.93, 90=12479, 99=23887, 99.9=32495, 99.99=99775] 
2017-05-16 08:05:36:523 530 sec: 82104 operations; 309.2 current ops/sec; est completion in 17 hours 47 minutes [READ: Count=3092, Max=54175, Min=135, Avg=3233.71, 90=12175, 99=22415, 99.9=32367, 99.99=54175] 
2017-05-16 08:05:46:523 540 sec: 85338 operations; 323.4 current ops/sec; est completion in 17 hours 25 minutes [READ: Count=3234, Max=89087, Min=135, Avg=3089.34, 90=11623, 99=23359, 99.9=39327, 99.99=89087] 
2017-05-16 08:05:56:523 550 sec: 88804 operations; 346.6 current ops/sec; est completion in 17 hours 3 minutes [READ: Count=3466, Max=51935, Min=134, Avg=2883.88, 90=11327, 99=21039, 99.9=38399, 99.99=51935] 
2017-05-16 08:06:06:523 560 sec: 92271 operations; 346.7 current ops/sec; est completion in 16 hours 42 minutes [READ: Count=3467, Max=113535, Min=135, Avg=2880.6, 90=11375, 99=22479, 99.9=53791, 99.99=113535] 
2017-05-16 08:06:16:523 570 sec: 95620 operations; 334.9 current ops/sec; est completion in 16 hours 24 minutes [READ: Count=3349, Max=47711, Min=153, Avg=2982.38, 90=12119, 99=22031, 99.9=33791, 99.99=47711] 
2017-05-16 08:06:26:523 580 sec: 98966 operations; 334.6 current ops/sec; est completion in 16 hours 7 minutes [READ: Count=3346, Max=46623, Min=154, Avg=2985.47, 90=11607, 99=21311, 99.9=36095, 99.99=46623] 
2017-05-16 08:06:36:523 590 sec: 102536 operations; 357 current ops/sec; est completion in 15 hours 49 minutes [READ: Count=3570, Max=52671, Min=155, Avg=2799.28, 90=11119, 99=21999, 99.9=33887, 99.99=52671] 
2017-05-16 08:06:46:523 600 sec: 106011 operations; 347.5 current ops/sec; est completion in 15 hours 33 minutes [READ: Count=3475, Max=138111, Min=134, Avg=2872.37, 90=11791, 99=21695, 99.9=42815, 99.99=138111] 
2017-05-16 08:06:56:523 610 sec: 109580 operations; 356.9 current ops/sec; est completion in 15 hours 17 minutes [READ: Count=3569, Max=35807, Min=135, Avg=2799.63, 90=11287, 99=20591, 99.9=31119, 99.99=35807] 
2017-05-16 08:07:06:523 620 sec: 113271 operations; 369.1 current ops/sec; est completion in 15 hours 1 minutes [READ: Count=3691, Max=78399, Min=152, Avg=2708.28, 90=11127, 99=21807, 99.9=41727, 99.99=78399] 
2017-05-16 08:07:16:523 630 sec: 116626 operations; 335.5 current ops/sec; est completion in 14 hours 49 minutes [READ: Count=3355, Max=64319, Min=135, Avg=2979.01, 90=12191, 99=20207, 99.9=30175, 99.99=64319] 
2017-05-16 08:07:26:523 640 sec: 120130 operations; 350.4 current ops/sec; est completion in 14 hours 37 minutes [READ: Count=3504, Max=137855, Min=135, Avg=2849.81, 90=11471, 99=21535, 99.9=32495, 99.99=137855] 
2017-05-16 08:07:36:523 650 sec: 123394 operations; 326.4 current ops/sec; est completion in 14 hours 27 minutes [READ: Count=3264, Max=45727, Min=134, Avg=3062.43, 90=11967, 99=22319, 99.9=31343, 99.99=45727] 
2017-05-16 08:07:46:523 660 sec: 126860 operations; 346.6 current ops/sec; est completion in 14 hours 16 minutes [READ: Count=3466, Max=62143, Min=153, Avg=2880.97, 90=11487, 99=20671, 99.9=38815, 99.99=62143] 
2017-05-16 08:07:56:523 670 sec: 130364 operations; 350.4 current ops/sec; est completion in 14 hours 5 minutes [READ: Count=3504, Max=34527, Min=152, Avg=2850.94, 90=11303, 99=21263, 99.9=29279, 99.99=34527] 
2017-05-16 08:08:06:523 680 sec: 133761 operations; 339.7 current ops/sec; est completion in 13 hours 55 minutes [READ: Count=3397, Max=119743, Min=152, Avg=2943.61, 90=11399, 99=22575, 99.9=41791, 99.99=119743] 
2017-05-16 08:08:16:523 690 sec: 137134 operations; 337.3 current ops/sec; est completion in 13 hours 47 minutes [READ: Count=3373, Max=55903, Min=152, Avg=2962.97, 90=11759, 99=21439, 99.9=29119, 99.99=55903] 
2017-05-16 08:08:26:523 700 sec: 140663 operations; 352.9 current ops/sec; est completion in 13 hours 37 minutes [READ: Count=3529, Max=87679, Min=154, Avg=2831.84, 90=11487, 99=22671, 99.9=31007, 99.99=87679] 
2017-05-16 08:08:36:523 710 sec: 144197 operations; 353.4 current ops/sec; est completion in 13 hours 28 minutes [READ: Count=3534, Max=54495, Min=153, Avg=2826.6, 90=11623, 99=22255, 99.9=33087, 99.99=54495] 
2017-05-16 08:08:46:523 720 sec: 147681 operations; 348.4 current ops/sec; est completion in 13 hours 20 minutes [READ: Count=3484, Max=84863, Min=153, Avg=2866.83, 90=11535, 99=22799, 99.9=31135, 99.99=84863] 
2017-05-16 08:08:56:523 730 sec: 151042 operations; 336.1 current ops/sec; est completion in 13 hours 13 minutes [READ: Count=3361, Max=113215, Min=152, Avg=2972.18, 90=11663, 99=23327, 99.9=32079, 99.99=113215] 
2017-05-16 08:09:06:523 740 sec: 154485 operations; 344.3 current ops/sec; est completion in 13 hours 6 minutes [READ: Count=3443, Max=60415, Min=153, Avg=2902.83, 90=11439, 99=23903, 99.9=38623, 99.99=60415] 
2017-05-16 08:09:16:523 750 sec: 157823 operations; 333.8 current ops/sec; est completion in 12 hours 59 minutes [READ: Count=3338, Max=45087, Min=155, Avg=2994.03, 90=11623, 99=24847, 99.9=35615, 99.99=45087] 
2017-05-16 08:09:26:523 760 sec: 161267 operations; 344.4 current ops/sec; est completion in 12 hours 52 minutes [READ: Count=3444, Max=106495, Min=134, Avg=2898.49, 90=11551, 99=23535, 99.9=37247, 99.99=106495] 
2017-05-16 08:09:36:522 770 sec: 164837 operations; 357 current ops/sec; est completion in 12 hours 45 minutes [READ: Count=3570, Max=104831, Min=133, Avg=2801.21, 90=11495, 99=22015, 99.9=32559, 99.99=104831] 
2017-05-16 08:09:46:523 780 sec: 168410 operations; 357.3 current ops/sec; est completion in 12 hours 38 minutes [READ: Count=3573, Max=68991, Min=133, Avg=2796.83, 90=11351, 99=22463, 99.9=34911, 99.99=68991] 
2017-05-16 08:09:56:522 790 sec: 172011 operations; 360.1 current ops/sec; est completion in 12 hours 32 minutes [READ: Count=3601, Max=43679, Min=134, Avg=2772.11, 90=11503, 99=21487, 99.9=30879, 99.99=43679] 
2017-05-16 08:10:06:523 800 sec: 175374 operations; 336.3 current ops/sec; est completion in 12 hours 26 minutes [READ: Count=3363, Max=79743, Min=133, Avg=2971.38, 90=11735, 99=21327, 99.9=42335, 99.99=79743] 
2017-05-16 08:10:16:522 810 sec: 178885 operations; 351.1 current ops/sec; est completion in 12 hours 21 minutes [READ: Count=3511, Max=65727, Min=134, Avg=2847.83, 90=11551, 99=22895, 99.9=30207, 99.99=65727] 
2017-05-16 08:10:26:523 820 sec: 182503 operations; 361.8 current ops/sec; est completion in 12 hours 15 minutes [READ: Count=3618, Max=75263, Min=134, Avg=2760.74, 90=10927, 99=21855, 99.9=34271, 99.99=75263] 
2017-05-16 08:10:36:523 830 sec: 186266 operations; 376.3 current ops/sec; est completion in 12 hours 8 minutes [READ: Count=3763, Max=82303, Min=134, Avg=2656.45, 90=10967, 99=22255, 99.9=29615, 99.99=82303] 
2017-05-16 08:10:46:523 840 sec: 189933 operations; 366.7 current ops/sec; est completion in 12 hours 3 minutes [READ: Count=3667, Max=53439, Min=134, Avg=2722.38, 90=11111, 99=23295, 99.9=32351, 99.99=53439] 
2017-05-16 08:10:56:523 850 sec: 193281 operations; 334.8 current ops/sec; est completion in 11 hours 58 minutes [READ: Count=3348, Max=72639, Min=133, Avg=2984.8, 90=11831, 99=23071, 99.9=35903, 99.99=72639] 
2017-05-16 08:11:06:523 860 sec: 196872 operations; 359.1 current ops/sec; est completion in 11 hours 53 minutes [READ: Count=3591, Max=62239, Min=133, Avg=2783.55, 90=11199, 99=22319, 99.9=49791, 99.99=62239] 
2017-05-16 08:11:16:523 870 sec: 200511 operations; 363.9 current ops/sec; est completion in 11 hours 48 minutes [READ: Count=3639, Max=48031, Min=131, Avg=2744.39, 90=11351, 99=21135, 99.9=33055, 99.99=48031] 
2017-05-16 08:11:26:523 880 sec: 204261 operations; 375 current ops/sec; est completion in 11 hours 43 minutes [READ: Count=3750, Max=58367, Min=135, Avg=2665.31, 90=10967, 99=21551, 99.9=29423, 99.99=58367] 
2017-05-16 08:11:36:522 890 sec: 208107 operations; 384.6 current ops/sec; est completion in 11 hours 37 minutes [READ: Count=3846, Max=62495, Min=134, Avg=2595.62, 90=11127, 99=21087, 99.9=28703, 99.99=62495] 
2017-05-16 08:11:46:522 900 sec: 211779 operations; 367.2 current ops/sec; est completion in 11 hours 33 minutes [READ: Count=3672, Max=90687, Min=135, Avg=2719.64, 90=11295, 99=21295, 99.9=37279, 99.99=90687] 
2017-05-16 08:11:56:522 910 sec: 215380 operations; 360.1 current ops/sec; est completion in 11 hours 29 minutes [READ: Count=3601, Max=39711, Min=134, Avg=2777.99, 90=11071, 99=20895, 99.9=27903, 99.99=39711] 
2017-05-16 08:12:06:522 920 sec: 219222 operations; 384.2 current ops/sec; est completion in 11 hours 24 minutes [READ: Count=3842, Max=62623, Min=133, Avg=2598.75, 90=10799, 99=22527, 99.9=38527, 99.99=62623] 
2017-05-16 08:12:16:522 930 sec: 222933 operations; 371.1 current ops/sec; est completion in 11 hours 19 minutes [READ: Count=3711, Max=55103, Min=134, Avg=2689.92, 90=11351, 99=22463, 99.9=32335, 99.99=55103] 
2017-05-16 08:12:26:523 940 sec: 226455 operations; 352.2 current ops/sec; est completion in 11 hours 16 minutes [READ: Count=3522, Max=168063, Min=133, Avg=2841.46, 90=11479, 99=21663, 99.9=31823, 99.99=168063] 
2017-05-16 08:12:36:523 950 sec: 230062 operations; 360.7 current ops/sec; est completion in 11 hours 12 minutes [READ: Count=3607, Max=44575, Min=134, Avg=2770.21, 90=11263, 99=21279, 99.9=33919, 99.99=44575] 
2017-05-16 08:12:46:523 960 sec: 233837 operations; 377.5 current ops/sec; est completion in 11 hours 8 minutes [READ: Count=3775, Max=49791, Min=132, Avg=2644.83, 90=11071, 99=23375, 99.9=33951, 99.99=49791] 
2017-05-16 08:12:56:522 970 sec: 237336 operations; 349.9 current ops/sec; est completion in 11 hours 5 minutes [READ: Count=3499, Max=91391, Min=133, Avg=2857.03, 90=11375, 99=22895, 99.9=32831, 99.99=91391] 
2017-05-16 08:13:06:522 980 sec: 241124 operations; 378.8 current ops/sec; est completion in 11 hours 1 minutes [READ: Count=3788, Max=118719, Min=134, Avg=2634.09, 90=11135, 99=22415, 99.9=36319, 99.99=118719] 
2017-05-16 08:13:16:522 990 sec: 244725 operations; 360.1 current ops/sec; est completion in 10 hours 57 minutes [READ: Count=3601, Max=55519, Min=135, Avg=2777.75, 90=11535, 99=21887, 99.9=31183, 99.99=55519] 
2017-05-16 08:13:26:522 1000 sec: 248386 operations; 366.1 current ops/sec; est completion in 10 hours 54 minutes [READ: Count=3661, Max=64991, Min=134, Avg=2730.36, 90=11239, 99=23743, 99.9=31167, 99.99=64991] 
2017-05-16 08:13:36:523 1010 sec: 252316 operations; 393 current ops/sec; est completion in 10 hours 50 minutes [READ: Count=3930, Max=75839, Min=134, Avg=2539.51, 90=10943, 99=22191, 99.9=29487, 99.99=75839] 
2017-05-16 08:13:46:522 1020 sec: 255963 operations; 364.7 current ops/sec; est completion in 10 hours 47 minutes [READ: Count=3647, Max=114687, Min=134, Avg=2736.24, 90=11207, 99=22447, 99.9=33023, 99.99=114687] 
2017-05-16 08:13:56:523 1030 sec: 259786 operations; 382.3 current ops/sec; est completion in 10 hours 43 minutes [READ: Count=3823, Max=37311, Min=134, Avg=2618.73, 90=10807, 99=21567, 99.9=31247, 99.99=37311] 
2017-05-16 08:14:06:522 1040 sec: 263589 operations; 380.3 current ops/sec; est completion in 10 hours 40 minutes [READ: Count=3803, Max=54815, Min=135, Avg=2626.2, 90=11159, 99=21823, 99.9=38015, 99.99=54815] 
2017-05-16 08:14:16:522 1050 sec: 267075 operations; 348.6 current ops/sec; est completion in 10 hours 37 minutes [READ: Count=3486, Max=60063, Min=133, Avg=2865.52, 90=11823, 99=22495, 99.9=32367, 99.99=60063] 
2017-05-16 08:14:26:523 1060 sec: 270830 operations; 375.5 current ops/sec; est completion in 10 hours 34 minutes [READ: Count=3755, Max=95871, Min=135, Avg=2662.42, 90=10687, 99=21727, 99.9=33663, 99.99=95871] 
2017-05-16 08:14:36:523 1070 sec: 274520 operations; 369 current ops/sec; est completion in 10 hours 31 minutes [READ: Count=3690, Max=129855, Min=134, Avg=2708.02, 90=10975, 99=20799, 99.9=33151, 99.99=129855] 
2017-05-16 08:14:46:523 1080 sec: 278268 operations; 374.8 current ops/sec; est completion in 10 hours 28 minutes [READ: Count=3748, Max=53855, Min=135, Avg=2663.48, 90=11223, 99=21519, 99.9=29311, 99.99=53855] 
2017-05-16 08:14:56:523 1090 sec: 282107 operations; 383.9 current ops/sec; est completion in 10 hours 25 minutes [READ: Count=3839, Max=66815, Min=135, Avg=2604.16, 90=10903, 99=22415, 99.9=32575, 99.99=66815] 
2017-05-16 08:15:06:523 1100 sec: 285662 operations; 355.5 current ops/sec; est completion in 10 hours 23 minutes [READ: Count=3555, Max=143743, Min=134, Avg=2805.91, 90=11383, 99=21647, 99.9=31151, 99.99=143743] 
2017-05-16 08:15:16:522 1110 sec: 289437 operations; 377.5 current ops/sec; est completion in 10 hours 20 minutes [READ: Count=3775, Max=37855, Min=134, Avg=2649.4, 90=11087, 99=21855, 99.9=31903, 99.99=37855] 
2017-05-16 08:15:26:522 1120 sec: 293426 operations; 398.9 current ops/sec; est completion in 10 hours 17 minutes [READ: Count=3989, Max=56383, Min=135, Avg=2505.6, 90=10735, 99=20719, 99.9=33471, 99.99=56383] 
2017-05-16 08:15:36:523 1130 sec: 297095 operations; 366.9 current ops/sec; est completion in 10 hours 15 minutes [READ: Count=3669, Max=108735, Min=135, Avg=2721.28, 90=11127, 99=23087, 99.9=33023, 99.99=108735] 
2017-05-16 08:15:46:522 1140 sec: 300812 operations; 371.7 current ops/sec; est completion in 10 hours 12 minutes [READ: Count=3717, Max=51743, Min=135, Avg=2691.19, 90=11127, 99=23183, 99.9=33567, 99.99=51743] 
2017-05-16 08:15:56:522 1150 sec: 304714 operations; 390.2 current ops/sec; est completion in 10 hours 9 minutes [READ: Count=3902, Max=109183, Min=134, Avg=2560.85, 90=10727, 99=22015, 99.9=33279, 99.99=109183] 
2017-05-16 08:16:06:522 1160 sec: 308460 operations; 374.6 current ops/sec; est completion in 10 hours 7 minutes [READ: Count=3746, Max=65503, Min=134, Avg=2665.77, 90=11359, 99=21807, 99.9=37983, 99.99=65503] 
2017-05-16 08:16:16:523 1170 sec: 312100 operations; 364 current ops/sec; est completion in 10 hours 5 minutes [READ: Count=3640, Max=85631, Min=135, Avg=2744.07, 90=11343, 99=22415, 99.9=33567, 99.99=85631] 
2017-05-16 08:16:26:522 1180 sec: 315663 operations; 356.3 current ops/sec; est completion in 10 hours 3 minutes [READ: Count=3563, Max=49791, Min=134, Avg=2806.23, 90=11495, 99=22879, 99.9=32159, 99.99=49791] 
2017-05-16 08:16:36:522 1190 sec: 319282 operations; 361.9 current ops/sec; est completion in 10 hours 1 minutes [READ: Count=3619, Max=122815, Min=134, Avg=2759.53, 90=11263, 99=22575, 99.9=33407, 99.99=122815] 
2017-05-16 08:16:46:523 1200 sec: 323212 operations; 393 current ops/sec; est completion in 9 hours 58 minutes [READ: Count=3930, Max=44255, Min=135, Avg=2543.69, 90=10975, 99=21775, 99.9=29999, 99.99=44255] 
2017-05-16 08:16:56:523 1210 sec: 326899 operations; 368.7 current ops/sec; est completion in 9 hours 56 minutes [READ: Count=3687, Max=100095, Min=134, Avg=2706.38, 90=11167, 99=20975, 99.9=28399, 99.99=100095] 
2017-05-16 08:17:06:523 1220 sec: 330175 operations; 327.6 current ops/sec; est completion in 9 hours 55 minutes [READ: Count=3276, Max=294399, Min=135, Avg=3049.51, 90=11751, 99=24319, 99.9=74815, 99.99=294399] 
2017-05-16 08:17:16:523 1230 sec: 333839 operations; 366.4 current ops/sec; est completion in 9 hours 53 minutes [READ: Count=3664, Max=56415, Min=133, Avg=2729.29, 90=11207, 99=21887, 99.9=30239, 99.99=56415] 
2017-05-16 08:17:26:523 1240 sec: 337390 operations; 355.1 current ops/sec; est completion in 9 hours 51 minutes [READ: Count=3551, Max=71679, Min=135, Avg=2815.59, 90=11583, 99=21839, 99.9=31711, 99.99=71679] 
2017-05-16 08:17:36:523 1250 sec: 340970 operations; 358 current ops/sec; est completion in 9 hours 50 minutes [READ: Count=3580, Max=152575, Min=135, Avg=2789.69, 90=11191, 99=20703, 99.9=31327, 99.99=152575] 
2017-05-16 08:17:46:523 1260 sec: 344451 operations; 348.1 current ops/sec; est completion in 9 hours 48 minutes [READ: Count=3481, Max=168959, Min=136, Avg=2868.94, 90=11271, 99=22287, 99.9=35775, 99.99=168959] 
2017-05-16 08:17:56:523 1270 sec: 347992 operations; 354.1 current ops/sec; est completion in 9 hours 47 minutes [READ: Count=3541, Max=57279, Min=134, Avg=2824.24, 90=11431, 99=23743, 99.9=34079, 99.99=57279] 
2017-05-16 08:18:06:523 1280 sec: 351592 operations; 360 current ops/sec; est completion in 9 hours 45 minutes [READ: Count=3600, Max=78143, Min=136, Avg=2773, 90=11327, 99=22191, 99.9=33151, 99.99=78143] 
2017-05-16 08:18:16:523 1290 sec: 355097 operations; 350.5 current ops/sec; est completion in 9 hours 43 minutes [READ: Count=3505, Max=113535, Min=136, Avg=2852.66, 90=11463, 99=22159, 99.9=35839, 99.99=113535] 
2017-05-16 08:18:26:522 1300 sec: 358635 operations; 353.8 current ops/sec; est completion in 9 hours 42 minutes [READ: Count=3538, Max=73599, Min=136, Avg=2820.94, 90=11031, 99=22767, 99.9=37311, 99.99=73599] 
2017-05-16 08:18:36:523 1310 sec: 362181 operations; 354.6 current ops/sec; est completion in 9 hours 41 minutes [READ: Count=3546, Max=133247, Min=134, Avg=2818.61, 90=11311, 99=21983, 99.9=34015, 99.99=133247] 
2017-05-16 08:18:46:523 1320 sec: 365724 operations; 354.3 current ops/sec; est completion in 9 hours 39 minutes [READ: Count=3543, Max=54687, Min=134, Avg=2820.56, 90=11727, 99=23615, 99.9=39167, 99.99=54687] 
2017-05-16 08:18:56:523 1330 sec: 369375 operations; 365.1 current ops/sec; est completion in 9 hours 37 minutes [READ: Count=3651, Max=86335, Min=133, Avg=2736.7, 90=11263, 99=21743, 99.9=31967, 99.99=86335] 
2017-05-16 08:19:06:523 1340 sec: 372797 operations; 342.2 current ops/sec; est completion in 9 hours 36 minutes [READ: Count=3422, Max=89727, Min=135, Avg=2919.49, 90=11583, 99=23119, 99.9=55839, 99.99=89727] 
2017-05-16 08:19:16:523 1350 sec: 376504 operations; 370.7 current ops/sec; est completion in 9 hours 35 minutes [READ: Count=3707, Max=38975, Min=134, Avg=2695.44, 90=11231, 99=20607, 99.9=32319, 99.99=38975] 
2017-05-16 08:19:26:523 1360 sec: 380035 operations; 353.1 current ops/sec; est completion in 9 hours 33 minutes [READ: Count=3531, Max=70719, Min=134, Avg=2827.41, 90=11655, 99=22239, 99.9=39071, 99.99=70719] 
2017-05-16 08:19:36:523 1370 sec: 383633 operations; 359.8 current ops/sec; est completion in 9 hours 32 minutes [READ: Count=3598, Max=54495, Min=134, Avg=2779.62, 90=11583, 99=23231, 99.9=39935, 99.99=54495] 
2017-05-16 08:19:46:523 1380 sec: 387378 operations; 374.5 current ops/sec; est completion in 9 hours 30 minutes [READ: Count=3745, Max=72127, Min=135, Avg=2667.53, 90=11007, 99=22383, 99.9=32047, 99.99=72127] 
2017-05-16 08:19:56:523 1390 sec: 391061 operations; 368.3 current ops/sec; est completion in 9 hours 29 minutes [READ: Count=3683, Max=51903, Min=134, Avg=2713.12, 90=11167, 99=21407, 99.9=30319, 99.99=51903] 
2017-05-16 08:20:06:522 1400 sec: 394712 operations; 365.1 current ops/sec; est completion in 9 hours 27 minutes [READ: Count=3651, Max=60543, Min=135, Avg=2737.33, 90=11223, 99=20015, 99.9=30751, 99.99=60543] 
2017-05-16 08:20:16:522 1410 sec: 398410 operations; 369.8 current ops/sec; est completion in 9 hours 26 minutes [READ: Count=3698, Max=77503, Min=134, Avg=2698.92, 90=11071, 99=22127, 99.9=34207, 99.99=77503] 
2017-05-16 08:20:26:522 1420 sec: 401957 operations; 354.7 current ops/sec; est completion in 9 hours 25 minutes [READ: Count=3547, Max=77759, Min=134, Avg=2819.36, 90=11311, 99=21727, 99.9=34431, 99.99=77759] 
2017-05-16 08:20:36:522 1430 sec: 405487 operations; 353 current ops/sec; est completion in 9 hours 23 minutes [READ: Count=3530, Max=54655, Min=136, Avg=2827.95, 90=11623, 99=22671, 99.9=32319, 99.99=54655] 
2017-05-16 08:20:46:522 1440 sec: 409116 operations; 362.9 current ops/sec; est completion in 9 hours 22 minutes [READ: Count=3629, Max=44383, Min=134, Avg=2755.65, 90=11383, 99=22095, 99.9=30063, 99.99=44383] 
2017-05-16 08:20:56:523 1450 sec: 412652 operations; 353.6 current ops/sec; est completion in 9 hours 21 minutes [READ: Count=3536, Max=76287, Min=135, Avg=2796.35, 90=11279, 99=22655, 99.9=32959, 99.99=76287] 
2017-05-16 08:21:06:523 1460 sec: 416263 operations; 361.1 current ops/sec; est completion in 9 hours 20 minutes [READ: Count=3611, Max=159487, Min=136, Avg=2793.98, 90=11207, 99=23343, 99.9=31647, 99.99=159487] 
2017-05-16 08:21:16:522 1470 sec: 419797 operations; 353.4 current ops/sec; est completion in 9 hours 19 minutes [READ: Count=3534, Max=52095, Min=135, Avg=2827.54, 90=11527, 99=23215, 99.9=31583, 99.99=52095] 
2017-05-16 08:21:26:522 1480 sec: 423366 operations; 356.9 current ops/sec; est completion in 9 hours 17 minutes [READ: Count=3569, Max=60959, Min=136, Avg=2800.04, 90=11391, 99=21583, 99.9=30543, 99.99=60959] 
2017-05-16 08:21:36:522 1490 sec: 426858 operations; 349.2 current ops/sec; est completion in 9 hours 16 minutes [READ: Count=3492, Max=103743, Min=136, Avg=2862.14, 90=11487, 99=21679, 99.9=33279, 99.99=103743] 
Maximum time elapsed. Requesting stop for the workload.
Stop requested for workload. Now Joining!
2017-05-16 08:21:46:522 1500 sec: 430433 operations; 357.5 current ops/sec; est completion in 9 hours 15 minutes [READ: Count=3575, Max=53919, Min=135, Avg=2794.95, 90=11527, 99=21967, 99.9=29231, 99.99=53919] 
2017-05-16 08:21:46:540 1500 sec: 430434 operations; 55.56 current ops/sec; est completion in 9 hours 15 minutes [READ: Count=1, Max=16223, Min=16216, Avg=16220, 90=16223, 99=16223, 99.9=16223, 99.99=16223] [CLEANUP: Count=1, Max=1482, Min=1482, Avg=1482, 90=1482, 99=1482, 99.9=1482, 99.99=1482] 
[OVERALL], RunTime(ms), 1500020.0
[OVERALL], Throughput(ops/sec), 286.95217397101374
[TOTAL_GCS_PS_Scavenge], Count, 463.0
[TOTAL_GC_TIME_PS_Scavenge], Time(ms), 907.0
[TOTAL_GC_TIME_%_PS_Scavenge], Time(%), 0.060465860455193934
[TOTAL_GCS_PS_MarkSweep], Count, 0.0
[TOTAL_GC_TIME_PS_MarkSweep], Time(ms), 0.0
[TOTAL_GC_TIME_%_PS_MarkSweep], Time(%), 0.0
[TOTAL_GCs], Count, 463.0
[TOTAL_GC_TIME], Time(ms), 907.0
[TOTAL_GC_TIME_%], Time(%), 0.060465860455193934
[READ], Operations, 430434.0
[READ], AverageLatency(us), 3477.701001779599
[READ], MinLatency(us), 131.0
[READ], MaxLatency(us), 294399.0
[READ], 95thPercentileLatency(us), 15375.0
[READ], 99thPercentileLatency(us), 22239.0
[READ], Return=OK, 430434
[CLEANUP], Operations, 1.0
[CLEANUP], AverageLatency(us), 1482.0
[CLEANUP], MinLatency(us), 1482.0
[CLEANUP], MaxLatency(us), 1482.0
[CLEANUP], 95thPercentileLatency(us), 1482.0
[CLEANUP], 99thPercentileLatency(us), 1482.0
