17:04:43,385 (DBWorkload.java:259) INFO  - ======================================================================

Benchmark:     YCSB {com.oltpbenchmark.benchmarks.ycsb.YCSBBenchmark}
Configuration: /home/ubuntu/oltp/config/sample_ycsb_config.xml
Type:          MYSQL
Driver:        com.mysql.jdbc.Driver
URL:           jdbc:mysql://10.0.3.43:3306/ycsb
Isolation:     TRANSACTION_SERIALIZABLE
Scale Factor:  1400.0

17:04:43,387 (DBWorkload.java:260) INFO  - ======================================================================
17:04:43,446 (DBWorkload.java:512) INFO  - Creating new YCSB database...
17:04:44,570 (DBWorkload.java:514) INFO  - Finished!
17:04:44,570 (DBWorkload.java:515) INFO  - ======================================================================
17:04:44,570 (DBWorkload.java:538) INFO  - Loading data into YCSB database...
17:14:14,883 (DBWorkload.java:540) INFO  - Finished!
17:14:14,884 (DBWorkload.java:541) INFO  - ======================================================================
17:14:14,884 (DBWorkload.java:581) INFO  - Skipping benchmark workload execution
17:14:21,541 (DBWorkload.java:259) INFO  - ======================================================================

Benchmark:     YCSB {com.oltpbenchmark.benchmarks.ycsb.YCSBBenchmark}
Configuration: /home/ubuntu/oltp/config/sample_ycsb_config.xml
Type:          MYSQL
Driver:        com.mysql.jdbc.Driver
URL:           jdbc:mysql://10.0.3.43:3306/ycsb
Isolation:     TRANSACTION_SERIALIZABLE
Scale Factor:  1400.0

17:14:21,542 (DBWorkload.java:260) INFO  - ======================================================================
17:14:21,556 (DBWorkload.java:790) INFO  - Creating 10 virtual terminals...
17:14:26,584 (DBWorkload.java:795) INFO  - Launching the YCSB Benchmark with 1 Phase...
17:14:26,695 (ThreadBench.java:325) INFO  - [0;1mPHASE START[0;0m :: [Workload=YCSB] [Serial=false] [Time=600] [Rate=20000] [Arrival=REGULAR] [Ratios=[50.0, 5.0, 15.0, 10.0, 10.0, 10.0]] [ActiveWorkers=10]
17:14:26,697 (ThreadBench.java:472) INFO  - [0;1mMEASURE[0;0m :: Warmup complete, starting measurements.
17:24:26,697 (ThreadBench.java:428) INFO  - [0;1mTERMINATE[0;0m :: Waiting for all terminals to finish ..
17:24:27,252 (ThreadBench.java:233) INFO  - Starting WatchDogThread
17:24:27,392 (DBWorkload.java:801) INFO  - ======================================================================
17:24:27,392 (DBWorkload.java:802) INFO  - Rate limited reqs/s: Results(nanoSeconds=600000147602, measuredRequests=119167) = 198.61161780754665 requests/sec
17:24:27,414 (DBWorkload.java:675) INFO  - Output Raw data into file: results/oltpbench.6.csv
