Sat Jun 24 22:25:55 IST 2017
GET 	Requests:16840 				
MEM 	Used:0 	Limit:0 	Gets:0 	Puts:0 	Flushes:0 	Evicts:0 	Demoted :0 	Calc-used:0 			   	
SSD 	Used:0 	Limit:262144 	Gets:0 	Puts:0 	Flushes:0 	Evicts:0 	Promoted:0 	Calc-used:0 
---------------------------------------------
Sat Jun 24 22:26:25 IST 2017
GET 	Requests:31482 				
MEM 	Used:0 	Limit:0 	Gets:0 	Puts:0 	Flushes:0 	Evicts:0 	Demoted :0 	Calc-used:0 			   	
SSD 	Used:0 	Limit:262144 	Gets:0 	Puts:0 	Flushes:0 	Evicts:0 	Promoted:0 	Calc-used:0 
---------------------------------------------
Sat Jun 24 22:26:55 IST 2017
GET 	Requests:50168 				
MEM 	Used:0 	Limit:0 	Gets:0 	Puts:0 	Flushes:0 	Evicts:0 	Demoted :0 	Calc-used:0 			   	
SSD 	Used:0 	Limit:262144 	Gets:0 	Puts:0 	Flushes:0 	Evicts:0 	Promoted:0 	Calc-used:0 
---------------------------------------------
Sat Jun 24 22:27:25 IST 2017
GET 	Requests:69429 				
MEM 	Used:0 	Limit:0 	Gets:0 	Puts:0 	Flushes:0 	Evicts:0 	Demoted :0 	Calc-used:0 			   	
SSD 	Used:0 	Limit:262144 	Gets:0 	Puts:0 	Flushes:0 	Evicts:0 	Promoted:0 	Calc-used:0 
---------------------------------------------
Sat Jun 24 22:27:55 IST 2017
GET 	Requests:88824 				
MEM 	Used:0 	Limit:0 	Gets:0 	Puts:0 	Flushes:0 	Evicts:0 	Demoted :0 	Calc-used:0 			   	
SSD 	Used:0 	Limit:262144 	Gets:0 	Puts:0 	Flushes:0 	Evicts:0 	Promoted:0 	Calc-used:0 
---------------------------------------------
Sat Jun 24 22:28:25 IST 2017
GET 	Requests:108401 				
MEM 	Used:0 	Limit:0 	Gets:0 	Puts:0 	Flushes:0 	Evicts:0 	Demoted :0 	Calc-used:0 			   	
SSD 	Used:0 	Limit:262144 	Gets:0 	Puts:0 	Flushes:0 	Evicts:0 	Promoted:0 	Calc-used:0 
---------------------------------------------
Sat Jun 24 22:28:55 IST 2017
GET 	Requests:128169 				
MEM 	Used:0 	Limit:0 	Gets:0 	Puts:0 	Flushes:0 	Evicts:0 	Demoted :0 	Calc-used:0 			   	
SSD 	Used:0 	Limit:262144 	Gets:0 	Puts:0 	Flushes:0 	Evicts:0 	Promoted:0 	Calc-used:0 
---------------------------------------------
Sat Jun 24 22:29:25 IST 2017
GET 	Requests:148630 				
MEM 	Used:0 	Limit:0 	Gets:0 	Puts:0 	Flushes:0 	Evicts:0 	Demoted :0 	Calc-used:0 			   	
SSD 	Used:0 	Limit:262144 	Gets:0 	Puts:0 	Flushes:0 	Evicts:0 	Promoted:0 	Calc-used:0 
---------------------------------------------
Sat Jun 24 22:29:55 IST 2017
GET 	Requests:169640 				
MEM 	Used:0 	Limit:0 	Gets:0 	Puts:0 	Flushes:0 	Evicts:0 	Demoted :0 	Calc-used:0 			   	
SSD 	Used:0 	Limit:262144 	Gets:0 	Puts:0 	Flushes:0 	Evicts:0 	Promoted:0 	Calc-used:0 
---------------------------------------------
Sat Jun 24 22:30:25 IST 2017
GET 	Requests:190809 				
MEM 	Used:0 	Limit:0 	Gets:0 	Puts:0 	Flushes:0 	Evicts:0 	Demoted :0 	Calc-used:0 			   	
SSD 	Used:0 	Limit:262144 	Gets:0 	Puts:0 	Flushes:0 	Evicts:0 	Promoted:0 	Calc-used:0 
---------------------------------------------
Sat Jun 24 22:30:55 IST 2017
GET 	Requests:212586 				
MEM 	Used:0 	Limit:0 	Gets:0 	Puts:0 	Flushes:0 	Evicts:0 	Demoted :0 	Calc-used:0 			   	
SSD 	Used:11693 	Limit:262144 	Gets:73 	Puts:11766 	Flushes:0 	Evicts:0 	Promoted:0 	Calc-used:11693 
---------------------------------------------
Sat Jun 24 22:31:25 IST 2017
GET 	Requests:235081 				
MEM 	Used:0 	Limit:0 	Gets:0 	Puts:0 	Flushes:0 	Evicts:0 	Demoted :0 	Calc-used:0 			   	
SSD 	Used:33450 	Limit:262144 	Gets:817 	Puts:34267 	Flushes:0 	Evicts:0 	Promoted:0 	Calc-used:33450 
---------------------------------------------
Sat Jun 24 22:31:55 IST 2017
GET 	Requests:258279 				
MEM 	Used:0 	Limit:0 	Gets:0 	Puts:0 	Flushes:0 	Evicts:0 	Demoted :0 	Calc-used:0 			   	
SSD 	Used:54983 	Limit:262144 	Gets:2487 	Puts:57470 	Flushes:0 	Evicts:0 	Promoted:0 	Calc-used:54983 
---------------------------------------------
Sat Jun 24 22:32:25 IST 2017
GET 	Requests:282438 				
MEM 	Used:0 	Limit:0 	Gets:0 	Puts:0 	Flushes:0 	Evicts:0 	Demoted :0 	Calc-used:0 			   	
SSD 	Used:76300 	Limit:262144 	Gets:5336 	Puts:81636 	Flushes:0 	Evicts:0 	Promoted:0 	Calc-used:76300 
---------------------------------------------
Sat Jun 24 22:32:55 IST 2017
GET 	Requests:307962 				
MEM 	Used:0 	Limit:0 	Gets:0 	Puts:0 	Flushes:0 	Evicts:0 	Demoted :0 	Calc-used:0 			   	
SSD 	Used:97721 	Limit:262144 	Gets:9433 	Puts:107154 	Flushes:0 	Evicts:0 	Promoted:0 	Calc-used:97721 
---------------------------------------------
Sat Jun 24 22:33:25 IST 2017
GET 	Requests:335484 				
MEM 	Used:0 	Limit:0 	Gets:0 	Puts:0 	Flushes:0 	Evicts:0 	Demoted :0 	Calc-used:0 			   	
SSD 	Used:118782 	Limit:262144 	Gets:15881 	Puts:134663 	Flushes:0 	Evicts:0 	Promoted:0 	Calc-used:118782 
---------------------------------------------
Sat Jun 24 22:33:55 IST 2017
GET 	Requests:363911 				
MEM 	Used:0 	Limit:0 	Gets:0 	Puts:0 	Flushes:0 	Evicts:0 	Demoted :0 	Calc-used:0 			   	
SSD 	Used:139467 	Limit:262144 	Gets:23467 	Puts:162934 	Flushes:0 	Evicts:0 	Promoted:0 	Calc-used:139467 
---------------------------------------------
Sat Jun 24 22:34:26 IST 2017
GET 	Requests:394422 				
MEM 	Used:0 	Limit:0 	Gets:0 	Puts:0 	Flushes:0 	Evicts:0 	Demoted :0 	Calc-used:0 			   	
SSD 	Used:160006 	Limit:262144 	Gets:33415 	Puts:193421 	Flushes:0 	Evicts:0 	Promoted:0 	Calc-used:160006 
---------------------------------------------
Sat Jun 24 22:34:56 IST 2017
GET 	Requests:427486 				
MEM 	Used:0 	Limit:0 	Gets:0 	Puts:0 	Flushes:0 	Evicts:0 	Demoted :0 	Calc-used:0 			   	
SSD 	Used:180413 	Limit:262144 	Gets:46113 	Puts:226526 	Flushes:0 	Evicts:0 	Promoted:0 	Calc-used:180413 
---------------------------------------------
Sat Jun 24 22:35:26 IST 2017
GET 	Requests:463747 				
MEM 	Used:0 	Limit:0 	Gets:0 	Puts:0 	Flushes:0 	Evicts:0 	Demoted :0 	Calc-used:0 			   	
SSD 	Used:200181 	Limit:262144 	Gets:62753 	Puts:262934 	Flushes:0 	Evicts:0 	Promoted:0 	Calc-used:200181 
---------------------------------------------
Sat Jun 24 22:35:56 IST 2017
GET 	Requests:502883 				
MEM 	Used:0 	Limit:0 	Gets:0 	Puts:0 	Flushes:0 	Evicts:0 	Demoted :0 	Calc-used:0 			   	
SSD 	Used:219304 	Limit:262144 	Gets:82923 	Puts:302227 	Flushes:0 	Evicts:0 	Promoted:0 	Calc-used:219304 
---------------------------------------------
Sat Jun 24 22:36:26 IST 2017
GET 	Requests:544929 				
MEM 	Used:0 	Limit:0 	Gets:0 	Puts:0 	Flushes:0 	Evicts:0 	Demoted :0 	Calc-used:0 			   	
SSD 	Used:236872 	Limit:262144 	Gets:106272 	Puts:343144 	Flushes:0 	Evicts:0 	Promoted:0 	Calc-used:236872 
---------------------------------------------
Sat Jun 24 22:36:56 IST 2017
GET 	Requests:589072 				
MEM 	Used:0 	Limit:0 	Gets:0 	Puts:0 	Flushes:0 	Evicts:0 	Demoted :0 	Calc-used:0 			   	
SSD 	Used:254299 	Limit:262144 	Gets:133013 	Puts:387312 	Flushes:0 	Evicts:0 	Promoted:0 	Calc-used:254299 
---------------------------------------------
Sat Jun 24 22:37:26 IST 2017
GET 	Requests:637028 				
MEM 	Used:0 	Limit:0 	Gets:0 	Puts:0 	Flushes:0 	Evicts:0 	Demoted :0 	Calc-used:0 			   	
SSD 	Used:255006 	Limit:262144 	Gets:163738 	Puts:435128 	Flushes:16384 	Evicts:16384 	Promoted:0 	Calc-used:255006 
---------------------------------------------
Sat Jun 24 22:37:56 IST 2017
GET 	Requests:683711 				
MEM 	Used:0 	Limit:0 	Gets:0 	Puts:0 	Flushes:0 	Evicts:0 	Demoted :0 	Calc-used:0 			   	
SSD 	Used:255986 	Limit:262144 	Gets:192962 	Puts:481716 	Flushes:32768 	Evicts:32768 	Promoted:0 	Calc-used:255986 
---------------------------------------------
Sat Jun 24 22:38:26 IST 2017
GET 	Requests:730868 				
MEM 	Used:0 	Limit:0 	Gets:0 	Puts:0 	Flushes:0 	Evicts:0 	Demoted :0 	Calc-used:0 			   	
SSD 	Used:256624 	Limit:262144 	Gets:223100 	Puts:528876 	Flushes:49152 	Evicts:49152 	Promoted:0 	Calc-used:256624 
---------------------------------------------
Sat Jun 24 22:38:56 IST 2017
GET 	Requests:778412 				
MEM 	Used:0 	Limit:0 	Gets:0 	Puts:0 	Flushes:0 	Evicts:0 	Demoted :0 	Calc-used:0 			   	
SSD 	Used:257876 	Limit:262144 	Gets:253121 	Puts:576533 	Flushes:65536 	Evicts:65536 	Promoted:0 	Calc-used:257876 
---------------------------------------------
Sat Jun 24 22:39:26 IST 2017
GET 	Requests:825571 				
MEM 	Used:0 	Limit:0 	Gets:0 	Puts:0 	Flushes:0 	Evicts:0 	Demoted :0 	Calc-used:0 			   	
SSD 	Used:254334 	Limit:262144 	Gets:283247 	Puts:623597 	Flushes:86016 	Evicts:86016 	Promoted:0 	Calc-used:254334 
---------------------------------------------
Sat Jun 24 22:39:56 IST 2017
GET 	Requests:875028 				
MEM 	Used:0 	Limit:0 	Gets:0 	Puts:0 	Flushes:0 	Evicts:0 	Demoted :0 	Calc-used:0 			   	
SSD 	Used:255188 	Limit:262144 	Gets:315384 	Puts:672972 	Flushes:102400 	Evicts:102400 	Promoted:0 	Calc-used:255188 
---------------------------------------------
Sat Jun 24 22:40:26 IST 2017
GET 	Requests:922291 				
MEM 	Used:0 	Limit:0 	Gets:0 	Puts:0 	Flushes:0 	Evicts:0 	Demoted :0 	Calc-used:0 			   	
SSD 	Used:255846 	Limit:262144 	Gets:345616 	Puts:720246 	Flushes:118784 	Evicts:118784 	Promoted:0 	Calc-used:255846 
---------------------------------------------
Sat Jun 24 22:40:56 IST 2017
GET 	Requests:969577 				
MEM 	Used:0 	Limit:0 	Gets:0 	Puts:0 	Flushes:0 	Evicts:0 	Demoted :0 	Calc-used:0 			   	
SSD 	Used:256298 	Limit:262144 	Gets:375689 	Puts:767155 	Flushes:135168 	Evicts:135168 	Promoted:0 	Calc-used:256298 
---------------------------------------------
Sat Jun 24 22:41:26 IST 2017
GET 	Requests:1018376 				
MEM 	Used:0 	Limit:0 	Gets:0 	Puts:0 	Flushes:0 	Evicts:0 	Demoted :0 	Calc-used:0 			   	
SSD 	Used:257211 	Limit:262144 	Gets:407334 	Puts:816097 	Flushes:151552 	Evicts:151552 	Promoted:0 	Calc-used:257211 
---------------------------------------------
Sat Jun 24 22:41:56 IST 2017
GET 	Requests:1066974 				
MEM 	Used:0 	Limit:0 	Gets:0 	Puts:0 	Flushes:0 	Evicts:0 	Demoted :0 	Calc-used:0 			   	
SSD 	Used:257510 	Limit:262144 	Gets:439104 	Puts:864550 	Flushes:167936 	Evicts:167936 	Promoted:0 	Calc-used:257510 
---------------------------------------------
Sat Jun 24 22:42:26 IST 2017
GET 	Requests:1117434 				
MEM 	Used:0 	Limit:0 	Gets:0 	Puts:0 	Flushes:0 	Evicts:0 	Demoted :0 	Calc-used:0 			   	
SSD 	Used:257982 	Limit:262144 	Gets:472621 	Puts:914923 	Flushes:184320 	Evicts:184320 	Promoted:0 	Calc-used:257982 
---------------------------------------------
Sat Jun 24 22:42:56 IST 2017
GET 	Requests:1166782 				
MEM 	Used:0 	Limit:0 	Gets:0 	Puts:0 	Flushes:0 	Evicts:0 	Demoted :0 	Calc-used:0 			   	
SSD 	Used:254435 	Limit:262144 	Gets:505018 	Puts:964253 	Flushes:204800 	Evicts:204800 	Promoted:0 	Calc-used:254435 
---------------------------------------------
Sat Jun 24 22:43:26 IST 2017
GET 	Requests:1214848 				
MEM 	Used:0 	Limit:0 	Gets:0 	Puts:0 	Flushes:0 	Evicts:0 	Demoted :0 	Calc-used:0 			   	
SSD 	Used:254691 	Limit:262144 	Gets:536422 	Puts:1012297 	Flushes:221184 	Evicts:221184 	Promoted:0 	Calc-used:254691 
---------------------------------------------
Sat Jun 24 22:43:56 IST 2017
GET 	Requests:1263858 				
MEM 	Used:0 	Limit:0 	Gets:0 	Puts:0 	Flushes:0 	Evicts:0 	Demoted :0 	Calc-used:0 			   	
SSD 	Used:255423 	Limit:262144 	Gets:568415 	Puts:1061406 	Flushes:237568 	Evicts:237568 	Promoted:0 	Calc-used:255423 
---------------------------------------------
Sat Jun 24 22:44:26 IST 2017
GET 	Requests:1312920 				
MEM 	Used:0 	Limit:0 	Gets:0 	Puts:0 	Flushes:0 	Evicts:0 	Demoted :0 	Calc-used:0 			   	
SSD 	Used:256532 	Limit:262144 	Gets:600864 	Puts:1111348 	Flushes:253952 	Evicts:253952 	Promoted:0 	Calc-used:256532 
---------------------------------------------
Sat Jun 24 22:44:56 IST 2017
GET 	Requests:1362818 				
MEM 	Used:0 	Limit:0 	Gets:0 	Puts:0 	Flushes:0 	Evicts:0 	Demoted :0 	Calc-used:0 			   	
SSD 	Used:257355 	Limit:262144 	Gets:633528 	Puts:1161219 	Flushes:270336 	Evicts:270336 	Promoted:0 	Calc-used:257355 
---------------------------------------------
Sat Jun 24 22:45:26 IST 2017
GET 	Requests:1413276 				
MEM 	Used:0 	Limit:0 	Gets:0 	Puts:0 	Flushes:0 	Evicts:0 	Demoted :0 	Calc-used:0 			   	
SSD 	Used:258036 	Limit:262144 	Gets:666964 	Puts:1211720 	Flushes:286720 	Evicts:286720 	Promoted:0 	Calc-used:258036 
---------------------------------------------
Sat Jun 24 22:45:56 IST 2017
GET 	Requests:1463529 				
MEM 	Used:0 	Limit:0 	Gets:0 	Puts:0 	Flushes:0 	Evicts:0 	Demoted :0 	Calc-used:0 			   	
SSD 	Used:254519 	Limit:262144 	Gets:700156 	Puts:1261875 	Flushes:307200 	Evicts:307200 	Promoted:0 	Calc-used:254519 
---------------------------------------------
