cache 194383872
rss 176955392
rss_huge 0
mapped_file 36610048
writeback 0
swap 0
pgpgin 187491
pgpgout 96832
pgfault 218350
pgmajfault 487
inactive_anon 45056
active_anon 176963584
inactive_file 180129792
active_file 14151680
unevictable 4096
hierarchical_memory_limit 1610612736
hierarchical_memsw_limit 5368709120
total_cache 194383872
total_rss 176955392
total_rss_huge 0
total_mapped_file 36610048
total_writeback 0
total_swap 0
total_pgpgin 187491
total_pgpgout 96832
total_pgfault 218350
total_pgmajfault 487
total_inactive_anon 45056
total_active_anon 176963584
total_inactive_file 180129792
total_active_file 14151680
total_unevictable 4096
cache 305868800
rss 249839616
rss_huge 0
mapped_file 36610048
writeback 0
swap 0
pgpgin 232616
pgpgout 96945
pgfault 236270
pgmajfault 487
inactive_anon 45056
active_anon 249864192
inactive_file 289361920
active_file 16396288
unevictable 4096
hierarchical_memory_limit 1610612736
hierarchical_memsw_limit 5368709120
total_cache 305868800
total_rss 249839616
total_rss_huge 0
total_mapped_file 36610048
total_writeback 0
total_swap 0
total_pgpgin 232616
total_pgpgout 96945
total_pgfault 236270
total_pgmajfault 487
total_inactive_anon 45056
total_active_anon 249864192
total_inactive_file 289361920
total_active_file 16396288
total_unevictable 4096
cache 422608896
rss 250937344
rss_huge 0
mapped_file 36610048
writeback 0
swap 0
pgpgin 261498
pgpgout 97058
pgfault 236639
pgmajfault 487
inactive_anon 45056
active_anon 250961920
inactive_file 393265152
active_file 29241344
unevictable 4096
hierarchical_memory_limit 1610612736
hierarchical_memsw_limit 5368709120
total_cache 422608896
total_rss 250937344
total_rss_huge 0
total_mapped_file 36610048
total_writeback 0
total_swap 0
total_pgpgin 261498
total_pgpgout 97058
total_pgfault 236639
total_pgmajfault 487
total_inactive_anon 45056
total_active_anon 250961920
total_inactive_file 393265152
total_active_file 29241344
total_unevictable 4096
cache 548339712
rss 251392000
rss_huge 0
mapped_file 36610048
writeback 0
swap 0
pgpgin 292516
pgpgout 97269
pgfault 236948
pgmajfault 487
inactive_anon 45056
active_anon 251416576
inactive_file 494444544
active_file 53776384
unevictable 4096
hierarchical_memory_limit 1610612736
hierarchical_memsw_limit 5368709120
total_cache 548339712
total_rss 251392000
total_rss_huge 0
total_mapped_file 36610048
total_writeback 0
total_swap 0
total_pgpgin 292516
total_pgpgout 97269
total_pgfault 236948
total_pgmajfault 487
total_inactive_anon 45056
total_active_anon 251416576
total_inactive_file 494444544
total_active_file 53776384
total_unevictable 4096
cache 684109824
rss 251502592
rss_huge 0
mapped_file 36610048
writeback 0
swap 0
pgpgin 325828
pgpgout 97407
pgfault 237097
pgmajfault 487
inactive_anon 45056
active_anon 251527168
inactive_file 591572992
active_file 92438528
unevictable 4096
hierarchical_memory_limit 1610612736
hierarchical_memsw_limit 5368709120
total_cache 684109824
total_rss 251502592
total_rss_huge 0
total_mapped_file 36610048
total_writeback 0
total_swap 0
total_pgpgin 325828
total_pgpgout 97407
total_pgfault 237097
total_pgmajfault 487
total_inactive_anon 45056
total_active_anon 251527168
total_inactive_file 591572992
total_active_file 92438528
total_unevictable 4096
cache 830873600
rss 251883520
rss_huge 0
mapped_file 36610048
writeback 0
swap 0
pgpgin 362029
pgpgout 97684
pgfault 237451
pgmajfault 487
inactive_anon 45056
active_anon 251908096
inactive_file 677138432
active_file 153632768
unevictable 4096
hierarchical_memory_limit 1610612736
hierarchical_memsw_limit 5368709120
total_cache 830873600
total_rss 251883520
total_rss_huge 0
total_mapped_file 36610048
total_writeback 0
total_swap 0
total_pgpgin 362029
total_pgpgout 97684
total_pgfault 237451
total_pgmajfault 487
total_inactive_anon 45056
total_active_anon 251908096
total_inactive_file 677138432
total_active_file 153632768
total_unevictable 4096
cache 992157696
rss 253755392
rss_huge 0
mapped_file 36610048
writeback 0
swap 0
pgpgin 402011
pgpgout 97833
pgfault 238036
pgmajfault 487
inactive_anon 45056
active_anon 253779968
inactive_file 744284160
active_file 247758848
unevictable 4096
hierarchical_memory_limit 1610612736
hierarchical_memsw_limit 5368709120
total_cache 992157696
total_rss 253755392
total_rss_huge 0
total_mapped_file 36610048
total_writeback 0
total_swap 0
total_pgpgin 402011
total_pgpgout 97833
total_pgfault 238036
total_pgmajfault 487
total_inactive_anon 45056
total_active_anon 253779968
total_inactive_file 744284160
total_active_file 247758848
total_unevictable 4096
cache 1147674624
rss 257499136
rss_huge 0
mapped_file 36610048
writeback 0
swap 0
pgpgin 441971
pgpgout 98911
pgfault 240006
pgmajfault 487
inactive_anon 45056
active_anon 257523712
inactive_file 737013760
active_file 410537984
unevictable 4096
hierarchical_memory_limit 1610612736
hierarchical_memsw_limit 5368709120
total_cache 1147674624
total_rss 257499136
total_rss_huge 0
total_mapped_file 36610048
total_writeback 0
total_swap 0
total_pgpgin 441971
total_pgpgout 98911
total_pgfault 240006
total_pgmajfault 487
total_inactive_anon 45056
total_active_anon 257523712
total_inactive_file 737013760
total_active_file 410537984
total_unevictable 4096
cache 1243451392
rss 273088512
rss_huge 0
mapped_file 36610048
writeback 0
swap 0
pgpgin 470151
pgpgout 99902
pgfault 244778
pgmajfault 487
inactive_anon 45056
active_anon 273113088
inactive_file 531329024
active_file 711991296
unevictable 4096
hierarchical_memory_limit 1610612736
hierarchical_memsw_limit 5368709120
total_cache 1243451392
total_rss 273088512
total_rss_huge 0
total_mapped_file 36610048
total_writeback 0
total_swap 0
total_pgpgin 470151
total_pgpgout 99902
total_pgfault 244778
total_pgmajfault 487
total_inactive_anon 45056
total_active_anon 273113088
total_inactive_file 531329024
total_active_file 711991296
total_unevictable 4096
cache 1262014464
rss 281333760
rss_huge 0
mapped_file 36610048
writeback 0
swap 0
pgpgin 479196
pgpgout 102402
pgfault 249280
pgmajfault 487
inactive_anon 45056
active_anon 281329664
inactive_file 301006848
active_file 960892928
unevictable 4096
hierarchical_memory_limit 1610612736
hierarchical_memsw_limit 5368709120
total_cache 1262014464
total_rss 281333760
total_rss_huge 0
total_mapped_file 36610048
total_writeback 0
total_swap 0
total_pgpgin 479196
total_pgpgout 102402
total_pgfault 249280
total_pgmajfault 487
total_inactive_anon 45056
total_active_anon 281329664
total_inactive_file 301006848
total_active_file 960892928
total_unevictable 4096
cache 1263841280
rss 284377088
rss_huge 0
mapped_file 36610048
writeback 0
swap 0
pgpgin 483186
pgpgout 105203
pgfault 252815
pgmajfault 487
inactive_anon 45056
active_anon 284401664
inactive_file 223875072
active_file 1039892480
unevictable 4096
hierarchical_memory_limit 1610612736
hierarchical_memsw_limit 5368709120
total_cache 1263841280
total_rss 284377088
total_rss_huge 0
total_mapped_file 36610048
total_writeback 0
total_swap 0
total_pgpgin 483186
total_pgpgout 105203
total_pgfault 252815
total_pgmajfault 487
total_inactive_anon 45056
total_active_anon 284401664
total_inactive_file 223875072
total_active_file 1039892480
total_unevictable 4096
cache 1264054272
rss 286183424
rss_huge 0
mapped_file 36610048
writeback 0
swap 0
pgpgin 486535
pgpgout 108059
pgfault 256101
pgmajfault 487
inactive_anon 45056
active_anon 286142464
inactive_file 205377536
active_file 1058603008
unevictable 4096
hierarchical_memory_limit 1610612736
hierarchical_memsw_limit 5368709120
total_cache 1264054272
total_rss 286183424
total_rss_huge 0
total_mapped_file 36610048
total_writeback 0
total_swap 0
total_pgpgin 486535
total_pgpgout 108059
total_pgfault 256101
total_pgmajfault 487
total_inactive_anon 45056
total_active_anon 286142464
total_inactive_file 205377536
total_active_file 1058603008
total_unevictable 4096
cache 1264103424
rss 288563200
rss_huge 0
mapped_file 36610048
writeback 0
swap 0
pgpgin 489945
pgpgout 110876
pgfault 259485
pgmajfault 487
inactive_anon 45056
active_anon 288587776
inactive_file 200761344
active_file 1063268352
unevictable 4096
hierarchical_memory_limit 1610612736
hierarchical_memsw_limit 5368709120
total_cache 1264103424
total_rss 288563200
total_rss_huge 0
total_mapped_file 36610048
total_writeback 0
total_swap 0
total_pgpgin 489945
total_pgpgout 110876
total_pgfault 259485
total_pgmajfault 487
total_inactive_anon 45056
total_active_anon 288587776
total_inactive_file 200761344
total_active_file 1063268352
total_unevictable 4096
cache 1264107520
rss 281804800
rss_huge 0
mapped_file 36610048
writeback 0
swap 0
pgpgin 491167
pgpgout 113747
pgfault 260691
pgmajfault 487
inactive_anon 45056
active_anon 281829376
inactive_file 199409664
active_file 1064624128
unevictable 4096
hierarchical_memory_limit 1610612736
hierarchical_memsw_limit 5368709120
total_cache 1264107520
total_rss 281804800
total_rss_huge 0
total_mapped_file 36610048
total_writeback 0
total_swap 0
total_pgpgin 491167
total_pgpgout 113747
total_pgfault 260691
total_pgmajfault 487
total_inactive_anon 45056
total_active_anon 281829376
total_inactive_file 199409664
total_active_file 1064624128
total_unevictable 4096
cache 1264111616
rss 281366528
rss_huge 0
mapped_file 36610048
writeback 0
swap 0
pgpgin 493939
pgpgout 116625
pgfault 263445
pgmajfault 487
inactive_anon 45056
active_anon 281333760
inactive_file 199331840
active_file 1064706048
unevictable 4096
hierarchical_memory_limit 1610612736
hierarchical_memsw_limit 5368709120
total_cache 1264111616
total_rss 281366528
total_rss_huge 0
total_mapped_file 36610048
total_writeback 0
total_swap 0
total_pgpgin 493939
total_pgpgout 116625
total_pgfault 263445
total_pgmajfault 487
total_inactive_anon 45056
total_active_anon 281333760
total_inactive_file 199331840
total_active_file 1064706048
total_unevictable 4096
cache 1264111616
rss 283709440
rss_huge 0
mapped_file 36610048
writeback 0
swap 0
pgpgin 497216
pgpgout 119330
pgfault 266702
pgmajfault 487
inactive_anon 45056
active_anon 283734016
inactive_file 199274496
active_file 1064763392
unevictable 4096
hierarchical_memory_limit 1610612736
hierarchical_memsw_limit 5368709120
total_cache 1264111616
total_rss 283709440
total_rss_huge 0
total_mapped_file 36610048
total_writeback 0
total_swap 0
total_pgpgin 497216
total_pgpgout 119330
total_pgfault 266702
total_pgmajfault 487
total_inactive_anon 45056
total_active_anon 283734016
total_inactive_file 199274496
total_active_file 1064763392
total_unevictable 4096
cache 1264115712
rss 284815360
rss_huge 0
mapped_file 36610048
writeback 0
swap 0
pgpgin 500113
pgpgout 121956
pgfault 269577
pgmajfault 487
inactive_anon 45056
active_anon 284839936
inactive_file 199278592
active_file 1064763392
unevictable 4096
hierarchical_memory_limit 1610612736
hierarchical_memsw_limit 5368709120
total_cache 1264115712
total_rss 284815360
total_rss_huge 0
total_mapped_file 36610048
total_writeback 0
total_swap 0
total_pgpgin 500113
total_pgpgout 121956
total_pgfault 269577
total_pgmajfault 487
total_inactive_anon 45056
total_active_anon 284839936
total_inactive_file 199278592
total_active_file 1064763392
total_unevictable 4096
cache 1264119808
rss 289095680
rss_huge 0
mapped_file 36610048
writeback 0
swap 0
pgpgin 503698
pgpgout 124495
pgfault 273140
pgmajfault 487
inactive_anon 45056
active_anon 289091584
inactive_file 198221824
active_file 1065824256
unevictable 4096
hierarchical_memory_limit 1610612736
hierarchical_memsw_limit 5368709120
total_cache 1264119808
total_rss 289095680
total_rss_huge 0
total_mapped_file 36610048
total_writeback 0
total_swap 0
total_pgpgin 503698
total_pgpgout 124495
total_pgfault 273140
total_pgmajfault 487
total_inactive_anon 45056
total_active_anon 289091584
total_inactive_file 198221824
total_active_file 1065824256
total_unevictable 4096
cache 1264119808
rss 282013696
rss_huge 0
mapped_file 36610048
writeback 0
swap 0
pgpgin 504674
pgpgout 127200
pgfault 274090
pgmajfault 487
inactive_anon 45056
active_anon 282038272
inactive_file 195325952
active_file 1068720128
unevictable 4096
hierarchical_memory_limit 1610612736
hierarchical_memsw_limit 5368709120
total_cache 1264119808
total_rss 282013696
total_rss_huge 0
total_mapped_file 36610048
total_writeback 0
total_swap 0
total_pgpgin 504674
total_pgpgout 127200
total_pgfault 274090
total_pgmajfault 487
total_inactive_anon 45056
total_active_anon 282038272
total_inactive_file 195325952
total_active_file 1068720128
total_unevictable 4096
cache 1264132096
rss 280600576
rss_huge 0
mapped_file 36610048
writeback 0
swap 0
pgpgin 507037
pgpgout 129905
pgfault 276446
pgmajfault 487
inactive_anon 45056
active_anon 280625152
inactive_file 194916352
active_file 1069142016
unevictable 4096
hierarchical_memory_limit 1610612736
hierarchical_memsw_limit 5368709120
total_cache 1264132096
total_rss 280600576
total_rss_huge 0
total_mapped_file 36610048
total_writeback 0
total_swap 0
total_pgpgin 507037
total_pgpgout 129905
total_pgfault 276446
total_pgmajfault 487
total_inactive_anon 45056
total_active_anon 280625152
total_inactive_file 194916352
total_active_file 1069142016
total_unevictable 4096
