Sat Jun 24 21:34:11 IST 2017
--------------------MEMCG-----------------------
MEM ONLY  : 1023 MB
MEM+SWAP  : 1023 MB
cache 812216320
rss 261259264
rss_huge 0
mapped_file 7282688
writeback 0
swap 0
pgpgin 1765027
pgpgout 1502948
pgfault 247869
pgmajfault 571
inactive_anon 131465216
active_anon 129863680
inactive_file 406216704
active_file 405925888
unevictable 4096
hierarchical_memory_limit 1073741824
hierarchical_memsw_limit 5368709120
total_cache 812216320
total_rss 261259264
total_rss_huge 0
total_mapped_file 7282688
total_writeback 0
total_swap 0
total_pgpgin 1765027
total_pgpgout 1502948
total_pgfault 247869
total_pgmajfault 571
total_inactive_anon 131465216
total_active_anon 129863680
total_inactive_file 406216704
total_active_file 405925888
total_unevictable 4096
--------------------BLKIO-----------------------
11:0 Read 0
11:0 Write 0
11:0 Sync 0
11:0 Async 0
11:0 Total 0
253:0 Read 3342733312
253:0 Write 3047424
253:0 Sync 196608
253:0 Async 3345584128
253:0 Total 3345780736
Total 3345780736
--------------------CPUAC-----------------------
user 2223
system 6370
 
Sat Jun 24 21:34:41 IST 2017
--------------------MEMCG-----------------------
MEM ONLY  : 1023 MB
MEM+SWAP  : 1023 MB
cache 812318720
rss 261144576
rss_huge 0
mapped_file 7233536
writeback 0
swap 0
pgpgin 1818383
pgpgout 1556307
pgfault 248022
pgmajfault 571
inactive_anon 131465216
active_anon 129748992
inactive_file 406253568
active_file 405991424
unevictable 4096
hierarchical_memory_limit 1073741824
hierarchical_memsw_limit 5368709120
total_cache 812318720
total_rss 261144576
total_rss_huge 0
total_mapped_file 7233536
total_writeback 0
total_swap 0
total_pgpgin 1818383
total_pgpgout 1556307
total_pgfault 248022
total_pgmajfault 571
total_inactive_anon 131465216
total_active_anon 129748992
total_inactive_file 406253568
total_active_file 405991424
total_unevictable 4096
--------------------BLKIO-----------------------
11:0 Read 0
11:0 Write 0
11:0 Sync 0
11:0 Async 0
11:0 Total 0
253:0 Read 3419488256
253:0 Write 3096576
253:0 Sync 196608
253:0 Async 3422388224
253:0 Total 3422584832
Total 3422584832
--------------------CPUAC-----------------------
user 2293
system 6663
 
Sat Jun 24 21:35:11 IST 2017
--------------------MEMCG-----------------------
MEM ONLY  : 1023 MB
MEM+SWAP  : 1023 MB
cache 811139072
rss 262520832
rss_huge 0
mapped_file 7233536
writeback 0
swap 0
pgpgin 1872244
pgpgout 1610120
pgfault 248467
pgmajfault 571
inactive_anon 131465216
active_anon 131125248
inactive_file 405708800
active_file 405348352
unevictable 4096
hierarchical_memory_limit 1073741824
hierarchical_memsw_limit 5368709120
total_cache 811139072
total_rss 262520832
total_rss_huge 0
total_mapped_file 7233536
total_writeback 0
total_swap 0
total_pgpgin 1872244
total_pgpgout 1610120
total_pgfault 248467
total_pgmajfault 571
total_inactive_anon 131465216
total_active_anon 131125248
total_inactive_file 405708800
total_active_file 405348352
total_unevictable 4096
--------------------BLKIO-----------------------
11:0 Read 0
11:0 Write 0
11:0 Sync 0
11:0 Async 0
11:0 Total 0
253:0 Read 3496296448
253:0 Write 3153920
253:0 Sync 196608
253:0 Async 3499253760
253:0 Total 3499450368
Total 3499450368
--------------------CPUAC-----------------------
user 2362
system 6930
 
Sat Jun 24 21:35:41 IST 2017
--------------------MEMCG-----------------------
MEM ONLY  : 1023 MB
MEM+SWAP  : 1023 MB
cache 810893312
rss 262615040
rss_huge 0
mapped_file 7233536
writeback 0
swap 0
pgpgin 1923262
pgpgout 1661175
pgfault 248581
pgmajfault 571
inactive_anon 131465216
active_anon 131219456
inactive_file 405573632
active_file 405245952
unevictable 4096
hierarchical_memory_limit 1073741824
hierarchical_memsw_limit 5368709120
total_cache 810893312
total_rss 262615040
total_rss_huge 0
total_mapped_file 7233536
total_writeback 0
total_swap 0
total_pgpgin 1923262
total_pgpgout 1661175
total_pgfault 248581
total_pgmajfault 571
total_inactive_anon 131465216
total_active_anon 131219456
total_inactive_file 405573632
total_active_file 405245952
total_unevictable 4096
--------------------BLKIO-----------------------
11:0 Read 0
11:0 Write 0
11:0 Sync 0
11:0 Async 0
11:0 Total 0
253:0 Read 3569401856
253:0 Write 3219456
253:0 Sync 196608
253:0 Async 3572424704
253:0 Total 3572621312
Total 3572621312
--------------------CPUAC-----------------------
user 2430
system 7270
 
Sat Jun 24 21:36:11 IST 2017
--------------------MEMCG-----------------------
MEM ONLY  : 1023 MB
MEM+SWAP  : 1023 MB
cache 811003904
rss 262619136
rss_huge 0
mapped_file 7233536
writeback 0
swap 0
pgpgin 1974512
pgpgout 1712397
pgfault 248672
pgmajfault 571
inactive_anon 131465216
active_anon 131223552
inactive_file 405417984
active_file 405454848
unevictable 4096
hierarchical_memory_limit 1073741824
hierarchical_memsw_limit 5368709120
total_cache 811003904
total_rss 262619136
total_rss_huge 0
total_mapped_file 7233536
total_writeback 0
total_swap 0
total_pgpgin 1974512
total_pgpgout 1712397
total_pgfault 248672
total_pgmajfault 571
total_inactive_anon 131465216
total_active_anon 131223552
total_inactive_file 405417984
total_active_file 405454848
total_unevictable 4096
--------------------BLKIO-----------------------
11:0 Read 0
11:0 Write 0
11:0 Sync 0
11:0 Async 0
11:0 Total 0
253:0 Read 3645755392
253:0 Write 3293184
253:0 Sync 196608
253:0 Async 3648851968
253:0 Total 3649048576
Total 3649048576
--------------------CPUAC-----------------------
user 2502
system 7534
 
Sat Jun 24 21:36:41 IST 2017
--------------------MEMCG-----------------------
MEM ONLY  : 1023 MB
MEM+SWAP  : 1023 MB
cache 811503616
rss 262205440
rss_huge 0
mapped_file 7233536
writeback 0
swap 0
pgpgin 2025113
pgpgout 1762977
pgfault 248878
pgmajfault 571
inactive_anon 131538944
active_anon 130736128
inactive_file 405987328
active_file 405442560
unevictable 4096
hierarchical_memory_limit 1073741824
hierarchical_memsw_limit 5368709120
total_cache 811503616
total_rss 262205440
total_rss_huge 0
total_mapped_file 7233536
total_writeback 0
total_swap 0
total_pgpgin 2025113
total_pgpgout 1762977
total_pgfault 248878
total_pgmajfault 571
total_inactive_anon 131538944
total_active_anon 130736128
total_inactive_file 405987328
total_active_file 405442560
total_unevictable 4096
--------------------BLKIO-----------------------
11:0 Read 0
11:0 Write 0
11:0 Sync 0
11:0 Async 0
11:0 Total 0
253:0 Read 3717414912
253:0 Write 3379200
253:0 Sync 196608
253:0 Async 3720597504
253:0 Total 3720794112
Total 3720794112
--------------------CPUAC-----------------------
user 2565
system 8038
 
Sat Jun 24 21:37:11 IST 2017
--------------------MEMCG-----------------------
MEM ONLY  : 1024 MB
MEM+SWAP  : 1024 MB
cache 811081728
rss 262627328
rss_huge 0
mapped_file 7233536
writeback 0
swap 0
pgpgin 2079989
pgpgout 1817853
pgfault 249289
pgmajfault 571
inactive_anon 131747840
active_anon 130949120
inactive_file 405651456
active_file 405315584
unevictable 4096
hierarchical_memory_limit 1073741824
hierarchical_memsw_limit 5368709120
total_cache 811081728
total_rss 262627328
total_rss_huge 0
total_mapped_file 7233536
total_writeback 0
total_swap 0
total_pgpgin 2079989
total_pgpgout 1817853
total_pgfault 249289
total_pgmajfault 571
total_inactive_anon 131747840
total_active_anon 130949120
total_inactive_file 405651456
total_active_file 405315584
total_unevictable 4096
--------------------BLKIO-----------------------
11:0 Read 0
11:0 Write 0
11:0 Sync 0
11:0 Async 0
11:0 Total 0
253:0 Read 3795787776
253:0 Write 3436544
253:0 Sync 196608
253:0 Async 3799027712
253:0 Total 3799224320
Total 3799224320
--------------------CPUAC-----------------------
user 2637
system 8324
 
Sat Jun 24 21:37:41 IST 2017
--------------------MEMCG-----------------------
MEM ONLY  : 1023 MB
MEM+SWAP  : 1023 MB
cache 811483136
rss 262119424
rss_huge 0
mapped_file 7229440
writeback 0
swap 0
pgpgin 2133582
pgpgout 1871472
pgfault 249379
pgmajfault 571
inactive_anon 131747840
active_anon 130441216
inactive_file 405807104
active_file 405602304
unevictable 4096
hierarchical_memory_limit 1073741824
hierarchical_memsw_limit 5368709120
total_cache 811483136
total_rss 262119424
total_rss_huge 0
total_mapped_file 7229440
total_writeback 0
total_swap 0
total_pgpgin 2133582
total_pgpgout 1871472
total_pgfault 249379
total_pgmajfault 571
total_inactive_anon 131747840
total_active_anon 130441216
total_inactive_file 405807104
total_active_file 405602304
total_unevictable 4096
--------------------BLKIO-----------------------
11:0 Read 0
11:0 Write 0
11:0 Sync 0
11:0 Async 0
11:0 Total 0
253:0 Read 3873234944
253:0 Write 3461120
253:0 Sync 196608
253:0 Async 3876499456
253:0 Total 3876696064
Total 3876696064
--------------------CPUAC-----------------------
user 2690
system 8593
 
Sat Jun 24 21:38:11 IST 2017
--------------------MEMCG-----------------------
MEM ONLY  : 1023 MB
MEM+SWAP  : 1023 MB
cache 811618304
rss 262000640
rss_huge 0
mapped_file 7184384
writeback 0
swap 0
pgpgin 2188139
pgpgout 1926025
pgfault 249472
pgmajfault 571
inactive_anon 131747840
active_anon 130322432
inactive_file 405827584
active_file 405716992
unevictable 4096
hierarchical_memory_limit 1073741824
hierarchical_memsw_limit 5368709120
total_cache 811618304
total_rss 262000640
total_rss_huge 0
total_mapped_file 7184384
total_writeback 0
total_swap 0
total_pgpgin 2188139
total_pgpgout 1926025
total_pgfault 249472
total_pgmajfault 571
total_inactive_anon 131747840
total_active_anon 130322432
total_inactive_file 405827584
total_active_file 405716992
total_unevictable 4096
--------------------BLKIO-----------------------
11:0 Read 0
11:0 Write 0
11:0 Sync 0
11:0 Async 0
11:0 Total 0
253:0 Read 3953049600
253:0 Write 3502080
253:0 Sync 196608
253:0 Async 3956355072
253:0 Total 3956551680
Total 3956551680
--------------------CPUAC-----------------------
user 2758
system 8855
 
Sat Jun 24 21:38:41 IST 2017
--------------------MEMCG-----------------------
MEM ONLY  : 1023 MB
MEM+SWAP  : 1023 MB
cache 811573248
rss 262164480
rss_huge 0
mapped_file 2818048
writeback 0
swap 0
pgpgin 2240696
pgpgout 1978553
pgfault 249602
pgmajfault 571
inactive_anon 131747840
active_anon 130486272
inactive_file 405966848
active_file 405516288
unevictable 4096
hierarchical_memory_limit 1073741824
hierarchical_memsw_limit 5368709120
total_cache 811573248
total_rss 262164480
total_rss_huge 0
total_mapped_file 2818048
total_writeback 0
total_swap 0
total_pgpgin 2240696
total_pgpgout 1978553
total_pgfault 249602
total_pgmajfault 571
total_inactive_anon 131747840
total_active_anon 130486272
total_inactive_file 405966848
total_active_file 405516288
total_unevictable 4096
--------------------BLKIO-----------------------
11:0 Read 0
11:0 Write 0
11:0 Sync 0
11:0 Async 0
11:0 Total 0
253:0 Read 4029001728
253:0 Write 3551232
253:0 Sync 196608
253:0 Async 4032356352
253:0 Total 4032552960
Total 4032552960
--------------------CPUAC-----------------------
user 2820
system 9187
 
Sat Jun 24 21:39:11 IST 2017
--------------------MEMCG-----------------------
MEM ONLY  : 1023 MB
MEM+SWAP  : 1023 MB
cache 811233280
rss 262463488
rss_huge 0
mapped_file 2818048
writeback 0
swap 0
pgpgin 2292478
pgpgout 2030345
pgfault 249765
pgmajfault 571
inactive_anon 131747840
active_anon 130785280
inactive_file 405852160
active_file 405307392
unevictable 4096
hierarchical_memory_limit 1073741824
hierarchical_memsw_limit 5368709120
total_cache 811233280
total_rss 262463488
total_rss_huge 0
total_mapped_file 2818048
total_writeback 0
total_swap 0
total_pgpgin 2292478
total_pgpgout 2030345
total_pgfault 249765
total_pgmajfault 571
total_inactive_anon 131747840
total_active_anon 130785280
total_inactive_file 405852160
total_active_file 405307392
total_unevictable 4096
--------------------BLKIO-----------------------
11:0 Read 0
11:0 Write 0
11:0 Sync 0
11:0 Async 0
11:0 Total 0
253:0 Read 4105424896
253:0 Write 3612672
253:0 Sync 196608
253:0 Async 4108840960
253:0 Total 4109037568
Total 4109037568
--------------------CPUAC-----------------------
user 2886
system 9556
 
Sat Jun 24 21:39:41 IST 2017
--------------------MEMCG-----------------------
MEM ONLY  : 1023 MB
MEM+SWAP  : 1023 MB
cache 810287104
rss 263127040
rss_huge 0
mapped_file 2818048
writeback 0
swap 0
pgpgin 2346988
pgpgout 2084924
pgfault 250180
pgmajfault 571
inactive_anon 131624960
active_anon 131571712
inactive_file 405172224
active_file 405041152
unevictable 4096
hierarchical_memory_limit 1073741824
hierarchical_memsw_limit 5368709120
total_cache 810287104
total_rss 263127040
total_rss_huge 0
total_mapped_file 2818048
total_writeback 0
total_swap 0
total_pgpgin 2346988
total_pgpgout 2084924
total_pgfault 250180
total_pgmajfault 571
total_inactive_anon 131624960
total_active_anon 131571712
total_inactive_file 405172224
total_active_file 405041152
total_unevictable 4096
--------------------BLKIO-----------------------
11:0 Read 0
11:0 Write 0
11:0 Sync 0
11:0 Async 0
11:0 Total 0
253:0 Read 4182855680
253:0 Write 3678208
253:0 Sync 196608
253:0 Async 4186337280
253:0 Total 4186533888
Total 4186533888
--------------------CPUAC-----------------------
user 2946
system 9822
 
Sat Jun 24 21:40:11 IST 2017
--------------------MEMCG-----------------------
MEM ONLY  : 1023 MB
MEM+SWAP  : 1023 MB
cache 810278912
rss 263127040
rss_huge 0
mapped_file 2818048
writeback 0
swap 0
pgpgin 2400883
pgpgout 2138821
pgfault 250308
pgmajfault 571
inactive_anon 131887104
active_anon 131309568
inactive_file 405286912
active_file 404918272
unevictable 4096
hierarchical_memory_limit 1073741824
hierarchical_memsw_limit 5368709120
total_cache 810278912
total_rss 263127040
total_rss_huge 0
total_mapped_file 2818048
total_writeback 0
total_swap 0
total_pgpgin 2400883
total_pgpgout 2138821
total_pgfault 250308
total_pgmajfault 571
total_inactive_anon 131887104
total_active_anon 131309568
total_inactive_file 405286912
total_active_file 404918272
total_unevictable 4096
--------------------BLKIO-----------------------
11:0 Read 0
11:0 Write 0
11:0 Sync 0
11:0 Async 0
11:0 Total 0
253:0 Read 4260982784
253:0 Write 3751936
253:0 Sync 196608
253:0 Async 4264538112
253:0 Total 4264734720
Total 4264734720
--------------------CPUAC-----------------------
user 3008
system 10095
 
Sat Jun 24 21:40:41 IST 2017
--------------------MEMCG-----------------------
MEM ONLY  : 1023 MB
MEM+SWAP  : 1023 MB
cache 810266624
rss 263196672
rss_huge 0
mapped_file 2994176
writeback 0
swap 0
pgpgin 2455249
pgpgout 2193173
pgfault 250429
pgmajfault 580
inactive_anon 131887104
active_anon 131379200
inactive_file 405266432
active_file 404926464
unevictable 4096
hierarchical_memory_limit 1073741824
hierarchical_memsw_limit 5368709120
total_cache 810266624
total_rss 263196672
total_rss_huge 0
total_mapped_file 2994176
total_writeback 0
total_swap 0
total_pgpgin 2455249
total_pgpgout 2193173
total_pgfault 250429
total_pgmajfault 580
total_inactive_anon 131887104
total_active_anon 131379200
total_inactive_file 405266432
total_active_file 404926464
total_unevictable 4096
--------------------BLKIO-----------------------
11:0 Read 0
11:0 Write 0
11:0 Sync 0
11:0 Async 0
11:0 Total 0
253:0 Read 4341264384
253:0 Write 3837952
253:0 Sync 196608
253:0 Async 4344905728
253:0 Total 4345102336
Total 4345102336
--------------------CPUAC-----------------------
user 3076
system 10353
 
Sat Jun 24 21:41:11 IST 2017
--------------------MEMCG-----------------------
MEM ONLY  : 1023 MB
MEM+SWAP  : 1023 MB
cache 810463232
rss 263204864
rss_huge 0
mapped_file 2994176
writeback 0
swap 0
pgpgin 2499221
pgpgout 2237095
pgfault 250521
pgmajfault 580
inactive_anon 131887104
active_anon 131387392
inactive_file 405458944
active_file 404930560
unevictable 4096
hierarchical_memory_limit 1073741824
hierarchical_memsw_limit 5368709120
total_cache 810463232
total_rss 263204864
total_rss_huge 0
total_mapped_file 2994176
total_writeback 0
total_swap 0
total_pgpgin 2499221
total_pgpgout 2237095
total_pgfault 250521
total_pgmajfault 580
total_inactive_anon 131887104
total_active_anon 131387392
total_inactive_file 405458944
total_active_file 404930560
total_unevictable 4096
--------------------BLKIO-----------------------
11:0 Read 0
11:0 Write 0
11:0 Sync 0
11:0 Async 0
11:0 Total 0
253:0 Read 4404850688
253:0 Write 3928064
253:0 Sync 196608
253:0 Async 4408582144
253:0 Total 4408778752
Total 4408778752
--------------------CPUAC-----------------------
user 3148
system 11115
 
Sat Jun 24 21:41:41 IST 2017
--------------------MEMCG-----------------------
MEM ONLY  : 1023 MB
MEM+SWAP  : 1023 MB
cache 810672128
rss 262893568
rss_huge 0
mapped_file 2990080
writeback 0
swap 0
pgpgin 2550573
pgpgout 2288472
pgfault 250772
pgmajfault 580
inactive_anon 131719168
active_anon 131244032
inactive_file 405381120
active_file 405217280
unevictable 4096
hierarchical_memory_limit 1073741824
hierarchical_memsw_limit 5368709120
total_cache 810672128
total_rss 262893568
total_rss_huge 0
total_mapped_file 2990080
total_writeback 0
total_swap 0
total_pgpgin 2550573
total_pgpgout 2288472
total_pgfault 250772
total_pgmajfault 580
total_inactive_anon 131719168
total_active_anon 131244032
total_inactive_file 405381120
total_active_file 405217280
total_unevictable 4096
--------------------BLKIO-----------------------
11:0 Read 0
11:0 Write 0
11:0 Sync 0
11:0 Async 0
11:0 Total 0
253:0 Read 4481925120
253:0 Write 4026368
253:0 Sync 196608
253:0 Async 4485754880
253:0 Total 4485951488
Total 4485951488
--------------------CPUAC-----------------------
user 3219
system 11388
 
Sat Jun 24 21:42:11 IST 2017
--------------------MEMCG-----------------------
MEM ONLY  : 1023 MB
MEM+SWAP  : 1023 MB
cache 811253760
rss 262230016
rss_huge 0
mapped_file 4624384
writeback 0
swap 0
pgpgin 2604240
pgpgout 2342159
pgfault 252705
pgmajfault 631
inactive_anon 131960832
active_anon 130338816
inactive_file 405716992
active_file 405463040
unevictable 4096
hierarchical_memory_limit 1073741824
hierarchical_memsw_limit 5368709120
total_cache 811253760
total_rss 262230016
total_rss_huge 0
total_mapped_file 4624384
total_writeback 0
total_swap 0
total_pgpgin 2604240
total_pgpgout 2342159
total_pgfault 252705
total_pgmajfault 631
total_inactive_anon 131960832
total_active_anon 130338816
total_inactive_file 405716992
total_active_file 405463040
total_unevictable 4096
--------------------BLKIO-----------------------
11:0 Read 0
11:0 Write 0
11:0 Sync 0
11:0 Async 0
11:0 Total 0
253:0 Read 4560416768
253:0 Write 4100096
253:0 Sync 196608
253:0 Async 4564320256
253:0 Total 4564516864
Total 4564516864
--------------------CPUAC-----------------------
user 3293
system 11674
 
Sat Jun 24 21:42:41 IST 2017
--------------------MEMCG-----------------------
MEM ONLY  : 1023 MB
MEM+SWAP  : 1023 MB
cache 811229184
rss 262242304
rss_huge 0
mapped_file 4624384
writeback 0
swap 0
pgpgin 2659082
pgpgout 2397004
pgfault 252840
pgmajfault 631
inactive_anon 131960832
active_anon 130351104
inactive_file 405749760
active_file 405405696
unevictable 4096
hierarchical_memory_limit 1073741824
hierarchical_memsw_limit 5368709120
total_cache 811229184
total_rss 262242304
total_rss_huge 0
total_mapped_file 4624384
total_writeback 0
total_swap 0
total_pgpgin 2659082
total_pgpgout 2397004
total_pgfault 252840
total_pgmajfault 631
total_inactive_anon 131960832
total_active_anon 130351104
total_inactive_file 405749760
total_active_file 405405696
total_unevictable 4096
--------------------BLKIO-----------------------
11:0 Read 0
11:0 Write 0
11:0 Sync 0
11:0 Async 0
11:0 Total 0
253:0 Read 4640583680
253:0 Write 4124672
253:0 Sync 196608
253:0 Async 4644511744
253:0 Total 4644708352
Total 4644708352
--------------------CPUAC-----------------------
user 3374
system 11932
 
Sat Jun 24 21:43:11 IST 2017
--------------------MEMCG-----------------------
MEM ONLY  : 1023 MB
MEM+SWAP  : 1023 MB
cache 811442176
rss 262258688
rss_huge 0
mapped_file 4624384
writeback 0
swap 0
pgpgin 2713235
pgpgout 2451101
pgfault 252934
pgmajfault 631
inactive_anon 131960832
active_anon 130367488
inactive_file 405934080
active_file 405434368
unevictable 4096
hierarchical_memory_limit 1073741824
hierarchical_memsw_limit 5368709120
total_cache 811442176
total_rss 262258688
total_rss_huge 0
total_mapped_file 4624384
total_writeback 0
total_swap 0
total_pgpgin 2713235
total_pgpgout 2451101
total_pgfault 252934
total_pgmajfault 631
total_inactive_anon 131960832
total_active_anon 130367488
total_inactive_file 405934080
total_active_file 405434368
total_unevictable 4096
--------------------BLKIO-----------------------
11:0 Read 0
11:0 Write 0
11:0 Sync 0
11:0 Async 0
11:0 Total 0
253:0 Read 4719128576
253:0 Write 4165632
253:0 Sync 196608
253:0 Async 4723097600
253:0 Total 4723294208
Total 4723294208
--------------------CPUAC-----------------------
user 3444
system 12203
 
Sat Jun 24 21:43:41 IST 2017
--------------------MEMCG-----------------------
MEM ONLY  : 1023 MB
MEM+SWAP  : 1023 MB
cache 811528192
rss 262164480
rss_huge 0
mapped_file 4624384
writeback 0
swap 0
pgpgin 2770112
pgpgout 2507980
pgfault 253113
pgmajfault 631
inactive_anon 131850240
active_anon 130383872
inactive_file 405901312
active_file 405540864
unevictable 4096
hierarchical_memory_limit 1073741824
hierarchical_memsw_limit 5368709120
total_cache 811528192
total_rss 262164480
total_rss_huge 0
total_mapped_file 4624384
total_writeback 0
total_swap 0
total_pgpgin 2770112
total_pgpgout 2507980
total_pgfault 253113
total_pgmajfault 631
total_inactive_anon 131850240
total_active_anon 130383872
total_inactive_file 405901312
total_active_file 405540864
total_unevictable 4096
--------------------BLKIO-----------------------
11:0 Read 0
11:0 Write 0
11:0 Sync 0
11:0 Async 0
11:0 Total 0
253:0 Read 4796579840
253:0 Write 4214784
253:0 Sync 196608
253:0 Async 4800598016
253:0 Total 4800794624
Total 4800794624
--------------------CPUAC-----------------------
user 3516
system 12508
 
