Thu May 18 13:00:07 IST 2017
--------------------MEMCG-----------------------
MEM ONLY  : 1023 MB
MEM+SWAP  : 1023 MB
cache 784850944
rss 288591872
rss_huge 0
mapped_file 8523776
writeback 0
swap 0
pgpgin 6837406
pgpgout 6575335
pgfault 280762
pgmajfault 726
inactive_anon 144994304
active_anon 143667200
inactive_file 392536064
active_file 392241152
unevictable 4096
hierarchical_memory_limit 1073741824
hierarchical_memsw_limit 5368709120
total_cache 784850944
total_rss 288591872
total_rss_huge 0
total_mapped_file 8523776
total_writeback 0
total_swap 0
total_pgpgin 6837406
total_pgpgout 6575335
total_pgfault 280762
total_pgmajfault 726
total_inactive_anon 144994304
total_active_anon 143667200
total_inactive_file 392536064
total_active_file 392241152
total_unevictable 4096
--------------------BLKIO-----------------------
11:0 Read 0
11:0 Write 0
11:0 Sync 0
11:0 Async 0
11:0 Total 0
253:0 Read 2480996352
253:0 Write 5099520
253:0 Sync 196608
253:0 Async 2485899264
253:0 Total 2486095872
Total 2486095872
--------------------CPUAC-----------------------
user 8791
system 7991
 
Thu May 18 13:00:37 IST 2017
--------------------MEMCG-----------------------
MEM ONLY  : 1023 MB
MEM+SWAP  : 1023 MB
cache 784953344
rss 288591872
rss_huge 0
mapped_file 8523776
writeback 0
swap 0
pgpgin 6842214
pgpgout 6580118
pgfault 280852
pgmajfault 726
inactive_anon 144994304
active_anon 143667200
inactive_file 392585216
active_file 392294400
unevictable 4096
hierarchical_memory_limit 1073741824
hierarchical_memsw_limit 5368709120
total_cache 784953344
total_rss 288591872
total_rss_huge 0
total_mapped_file 8523776
total_writeback 0
total_swap 0
total_pgpgin 6842214
total_pgpgout 6580118
total_pgfault 280852
total_pgmajfault 726
total_inactive_anon 144994304
total_active_anon 143667200
total_inactive_file 392585216
total_active_file 392294400
total_unevictable 4096
--------------------BLKIO-----------------------
11:0 Read 0
11:0 Write 0
11:0 Sync 0
11:0 Async 0
11:0 Total 0
253:0 Read 2494300160
253:0 Write 5124096
253:0 Sync 196608
253:0 Async 2499227648
253:0 Total 2499424256
Total 2499424256
--------------------CPUAC-----------------------
user 8806
system 8003
 
Thu May 18 13:01:07 IST 2017
--------------------MEMCG-----------------------
MEM ONLY  : 1023 MB
MEM+SWAP  : 1023 MB
cache 784990208
rss 288600064
rss_huge 0
mapped_file 8523776
writeback 0
swap 0
pgpgin 6847136
pgpgout 6585029
pgfault 280944
pgmajfault 726
inactive_anon 144994304
active_anon 143675392
inactive_file 392482816
active_file 392433664
unevictable 4096
hierarchical_memory_limit 1073741824
hierarchical_memsw_limit 5368709120
total_cache 784990208
total_rss 288600064
total_rss_huge 0
total_mapped_file 8523776
total_writeback 0
total_swap 0
total_pgpgin 6847136
total_pgpgout 6585029
total_pgfault 280944
total_pgmajfault 726
total_inactive_anon 144994304
total_active_anon 143675392
total_inactive_file 392482816
total_active_file 392433664
total_unevictable 4096
--------------------BLKIO-----------------------
11:0 Read 0
11:0 Write 0
11:0 Sync 0
11:0 Async 0
11:0 Total 0
253:0 Read 2507513856
253:0 Write 5160960
253:0 Sync 196608
253:0 Async 2512478208
253:0 Total 2512674816
Total 2512674816
--------------------CPUAC-----------------------
user 8822
system 8014
 
Thu May 18 13:01:37 IST 2017
--------------------MEMCG-----------------------
MEM ONLY  : 1023 MB
MEM+SWAP  : 1023 MB
cache 785084416
rss 288628736
rss_huge 0
mapped_file 8523776
writeback 4096
swap 0
pgpgin 6851885
pgpgout 6589748
pgfault 281041
pgmajfault 726
inactive_anon 144994304
active_anon 143704064
inactive_file 392663040
active_file 392347648
unevictable 4096
hierarchical_memory_limit 1073741824
hierarchical_memsw_limit 5368709120
total_cache 785084416
total_rss 288628736
total_rss_huge 0
total_mapped_file 8523776
total_writeback 4096
total_swap 0
total_pgpgin 6851885
total_pgpgout 6589748
total_pgfault 281041
total_pgmajfault 726
total_inactive_anon 144994304
total_active_anon 143704064
total_inactive_file 392663040
total_active_file 392347648
total_unevictable 4096
--------------------BLKIO-----------------------
11:0 Read 0
11:0 Write 0
11:0 Sync 0
11:0 Async 0
11:0 Total 0
253:0 Read 2519752704
253:0 Write 5210112
253:0 Sync 196608
253:0 Async 2524766208
253:0 Total 2524962816
Total 2524962816
--------------------CPUAC-----------------------
user 8839
system 8025
 
Thu May 18 13:02:07 IST 2017
--------------------MEMCG-----------------------
MEM ONLY  : 1023 MB
MEM+SWAP  : 1023 MB
cache 784990208
rss 288628736
rss_huge 0
mapped_file 8523776
writeback 0
swap 0
pgpgin 6856411
pgpgout 6594297
pgfault 281131
pgmajfault 726
inactive_anon 144994304
active_anon 143704064
inactive_file 392605696
active_file 392298496
unevictable 4096
hierarchical_memory_limit 1073741824
hierarchical_memsw_limit 5368709120
total_cache 784990208
total_rss 288628736
total_rss_huge 0
total_mapped_file 8523776
total_writeback 0
total_swap 0
total_pgpgin 6856411
total_pgpgout 6594297
total_pgfault 281131
total_pgmajfault 726
total_inactive_anon 144994304
total_active_anon 143704064
total_inactive_file 392605696
total_active_file 392298496
total_unevictable 4096
--------------------BLKIO-----------------------
11:0 Read 0
11:0 Write 0
11:0 Sync 0
11:0 Async 0
11:0 Total 0
253:0 Read 2532438016
253:0 Write 5263360
253:0 Sync 196608
253:0 Async 2537504768
253:0 Total 2537701376
Total 2537701376
--------------------CPUAC-----------------------
user 8852
system 8035
 
Thu May 18 13:02:37 IST 2017
--------------------MEMCG-----------------------
MEM ONLY  : 1023 MB
MEM+SWAP  : 1023 MB
cache 785088512
rss 288628736
rss_huge 0
mapped_file 8523776
writeback 0
swap 0
pgpgin 6861345
pgpgout 6599207
pgfault 281221
pgmajfault 726
inactive_anon 144994304
active_anon 143704064
inactive_file 392671232
active_file 392298496
unevictable 4096
hierarchical_memory_limit 1073741824
hierarchical_memsw_limit 5368709120
total_cache 785088512
total_rss 288628736
total_rss_huge 0
total_mapped_file 8523776
total_writeback 0
total_swap 0
total_pgpgin 6861345
total_pgpgout 6599207
total_pgfault 281221
total_pgmajfault 726
total_inactive_anon 144994304
total_active_anon 143704064
total_inactive_file 392671232
total_active_file 392298496
total_unevictable 4096
--------------------BLKIO-----------------------
11:0 Read 0
11:0 Write 0
11:0 Sync 0
11:0 Async 0
11:0 Total 0
253:0 Read 2545246208
253:0 Write 5324800
253:0 Sync 196608
253:0 Async 2550374400
253:0 Total 2550571008
Total 2550571008
--------------------CPUAC-----------------------
user 8866
system 8044
 
Thu May 18 13:03:07 IST 2017
--------------------MEMCG-----------------------
MEM ONLY  : 1023 MB
MEM+SWAP  : 1023 MB
cache 785043456
rss 288579584
rss_huge 0
mapped_file 8523776
writeback 0
swap 0
pgpgin 6866174
pgpgout 6604059
pgfault 281311
pgmajfault 726
inactive_anon 144994304
active_anon 143654912
inactive_file 392667136
active_file 392302592
unevictable 4096
hierarchical_memory_limit 1073741824
hierarchical_memsw_limit 5368709120
total_cache 785043456
total_rss 288579584
total_rss_huge 0
total_mapped_file 8523776
total_writeback 0
total_swap 0
total_pgpgin 6866174
total_pgpgout 6604059
total_pgfault 281311
total_pgmajfault 726
total_inactive_anon 144994304
total_active_anon 143654912
total_inactive_file 392667136
total_active_file 392302592
total_unevictable 4096
--------------------BLKIO-----------------------
11:0 Read 0
11:0 Write 0
11:0 Sync 0
11:0 Async 0
11:0 Total 0
253:0 Read 2558550016
253:0 Write 5394432
253:0 Sync 196608
253:0 Async 2563747840
253:0 Total 2563944448
Total 2563944448
--------------------CPUAC-----------------------
user 8881
system 8055
 
Thu May 18 13:03:37 IST 2017
--------------------MEMCG-----------------------
MEM ONLY  : 1023 MB
MEM+SWAP  : 1023 MB
cache 785108992
rss 288579584
rss_huge 0
mapped_file 8523776
writeback 0
swap 0
pgpgin 6870922
pgpgout 6608791
pgfault 281401
pgmajfault 726
inactive_anon 144994304
active_anon 143654912
inactive_file 392757248
active_file 392278016
unevictable 4096
hierarchical_memory_limit 1073741824
hierarchical_memsw_limit 5368709120
total_cache 785108992
total_rss 288579584
total_rss_huge 0
total_mapped_file 8523776
total_writeback 0
total_swap 0
total_pgpgin 6870922
total_pgpgout 6608791
total_pgfault 281401
total_pgmajfault 726
total_inactive_anon 144994304
total_active_anon 143654912
total_inactive_file 392757248
total_active_file 392278016
total_unevictable 4096
--------------------BLKIO-----------------------
11:0 Read 0
11:0 Write 0
11:0 Sync 0
11:0 Async 0
11:0 Total 0
253:0 Read 2571362304
253:0 Write 5468160
253:0 Sync 196608
253:0 Async 2576633856
253:0 Total 2576830464
Total 2576830464
--------------------CPUAC-----------------------
user 8895
system 8068
 
Thu May 18 13:04:07 IST 2017
--------------------MEMCG-----------------------
MEM ONLY  : 1023 MB
MEM+SWAP  : 1023 MB
cache 785080320
rss 288579584
rss_huge 0
mapped_file 8523776
writeback 0
swap 0
pgpgin 6875846
pgpgout 6613722
pgfault 281491
pgmajfault 726
inactive_anon 144994304
active_anon 143654912
inactive_file 392622080
active_file 392331264
unevictable 4096
hierarchical_memory_limit 1073741824
hierarchical_memsw_limit 5368709120
total_cache 785080320
total_rss 288579584
total_rss_huge 0
total_mapped_file 8523776
total_writeback 0
total_swap 0
total_pgpgin 6875846
total_pgpgout 6613722
total_pgfault 281491
total_pgmajfault 726
total_inactive_anon 144994304
total_active_anon 143654912
total_inactive_file 392622080
total_active_file 392331264
total_unevictable 4096
--------------------BLKIO-----------------------
11:0 Read 0
11:0 Write 0
11:0 Sync 0
11:0 Async 0
11:0 Total 0
253:0 Read 2584424448
253:0 Write 5550080
253:0 Sync 196608
253:0 Async 2589777920
253:0 Total 2589974528
Total 2589974528
--------------------CPUAC-----------------------
user 8907
system 8081
 
Thu May 18 13:04:37 IST 2017
--------------------MEMCG-----------------------
MEM ONLY  : 1023 MB
MEM+SWAP  : 1023 MB
cache 784949248
rss 288579584
rss_huge 0
mapped_file 8523776
writeback 0
swap 0
pgpgin 6880860
pgpgout 6618768
pgfault 281581
pgmajfault 726
inactive_anon 144994304
active_anon 143654912
inactive_file 392515584
active_file 392359936
unevictable 4096
hierarchical_memory_limit 1073741824
hierarchical_memsw_limit 5368709120
total_cache 784949248
total_rss 288579584
total_rss_huge 0
total_mapped_file 8523776
total_writeback 0
total_swap 0
total_pgpgin 6880860
total_pgpgout 6618768
total_pgfault 281581
total_pgmajfault 726
total_inactive_anon 144994304
total_active_anon 143654912
total_inactive_file 392515584
total_active_file 392359936
total_unevictable 4096
--------------------BLKIO-----------------------
11:0 Read 0
11:0 Write 0
11:0 Sync 0
11:0 Async 0
11:0 Total 0
253:0 Read 2597998592
253:0 Write 5636096
253:0 Sync 196608
253:0 Async 2603438080
253:0 Total 2603634688
Total 2603634688
--------------------CPUAC-----------------------
user 8926
system 8094
 
Thu May 18 13:05:07 IST 2017
--------------------MEMCG-----------------------
MEM ONLY  : 1023 MB
MEM+SWAP  : 1023 MB
cache 785043456
rss 288579584
rss_huge 0
mapped_file 8523776
writeback 0
swap 0
pgpgin 6885684
pgpgout 6623569
pgfault 281671
pgmajfault 726
inactive_anon 144994304
active_anon 143654912
inactive_file 392630272
active_file 392323072
unevictable 4096
hierarchical_memory_limit 1073741824
hierarchical_memsw_limit 5368709120
total_cache 785043456
total_rss 288579584
total_rss_huge 0
total_mapped_file 8523776
total_writeback 0
total_swap 0
total_pgpgin 6885684
total_pgpgout 6623569
total_pgfault 281671
total_pgmajfault 726
total_inactive_anon 144994304
total_active_anon 143654912
total_inactive_file 392630272
total_active_file 392323072
total_unevictable 4096
--------------------BLKIO-----------------------
11:0 Read 0
11:0 Write 0
11:0 Sync 0
11:0 Async 0
11:0 Total 0
253:0 Read 2611445760
253:0 Write 5701632
253:0 Sync 196608
253:0 Async 2616950784
253:0 Total 2617147392
Total 2617147392
--------------------CPUAC-----------------------
user 8944
system 8108
 
Thu May 18 13:05:37 IST 2017
--------------------MEMCG-----------------------
MEM ONLY  : 1023 MB
MEM+SWAP  : 1023 MB
cache 785088512
rss 288579584
rss_huge 0
mapped_file 8523776
writeback 0
swap 0
pgpgin 6890841
pgpgout 6628715
pgfault 281761
pgmajfault 726
inactive_anon 144994304
active_anon 143654912
inactive_file 392581120
active_file 392433664
unevictable 4096
hierarchical_memory_limit 1073741824
hierarchical_memsw_limit 5368709120
total_cache 785088512
total_rss 288579584
total_rss_huge 0
total_mapped_file 8523776
total_writeback 0
total_swap 0
total_pgpgin 6890841
total_pgpgout 6628715
total_pgfault 281761
total_pgmajfault 726
total_inactive_anon 144994304
total_active_anon 143654912
total_inactive_file 392581120
total_active_file 392433664
total_unevictable 4096
--------------------BLKIO-----------------------
11:0 Read 0
11:0 Write 0
11:0 Sync 0
11:0 Async 0
11:0 Total 0
253:0 Read 2625286144
253:0 Write 5726208
253:0 Sync 196608
253:0 Async 2630815744
253:0 Total 2631012352
Total 2631012352
--------------------CPUAC-----------------------
user 8956
system 8119
 
Thu May 18 13:06:07 IST 2017
--------------------MEMCG-----------------------
MEM ONLY  : 1023 MB
MEM+SWAP  : 1023 MB
cache 785092608
rss 288579584
rss_huge 0
mapped_file 8523776
writeback 0
swap 0
pgpgin 6895596
pgpgout 6633469
pgfault 281851
pgmajfault 726
inactive_anon 144994304
active_anon 143654912
inactive_file 392683520
active_file 392323072
unevictable 4096
hierarchical_memory_limit 1073741824
hierarchical_memsw_limit 5368709120
total_cache 785092608
total_rss 288579584
total_rss_huge 0
total_mapped_file 8523776
total_writeback 0
total_swap 0
total_pgpgin 6895596
total_pgpgout 6633469
total_pgfault 281851
total_pgmajfault 726
total_inactive_anon 144994304
total_active_anon 143654912
total_inactive_file 392683520
total_active_file 392323072
total_unevictable 4096
--------------------BLKIO-----------------------
11:0 Read 0
11:0 Write 0
11:0 Sync 0
11:0 Async 0
11:0 Total 0
253:0 Read 2637795328
253:0 Write 5763072
253:0 Sync 196608
253:0 Async 2643361792
253:0 Total 2643558400
Total 2643558400
--------------------CPUAC-----------------------
user 8967
system 8133
 
Thu May 18 13:06:37 IST 2017
--------------------MEMCG-----------------------
MEM ONLY  : 1023 MB
MEM+SWAP  : 1023 MB
cache 784941056
rss 288579584
rss_huge 0
mapped_file 8523776
writeback 0
swap 0
pgpgin 6900336
pgpgout 6638246
pgfault 281941
pgmajfault 726
inactive_anon 144994304
active_anon 143654912
inactive_file 392560640
active_file 392306688
unevictable 4096
hierarchical_memory_limit 1073741824
hierarchical_memsw_limit 5368709120
total_cache 784941056
total_rss 288579584
total_rss_huge 0
total_mapped_file 8523776
total_writeback 0
total_swap 0
total_pgpgin 6900336
total_pgpgout 6638246
total_pgfault 281941
total_pgmajfault 726
total_inactive_anon 144994304
total_active_anon 143654912
total_inactive_file 392560640
total_active_file 392306688
total_unevictable 4096
--------------------BLKIO-----------------------
11:0 Read 0
11:0 Write 0
11:0 Sync 0
11:0 Async 0
11:0 Total 0
253:0 Read 2651160576
253:0 Write 5812224
253:0 Sync 196608
253:0 Async 2656776192
253:0 Total 2656972800
Total 2656972800
--------------------CPUAC-----------------------
user 8980
system 8144
 
Thu May 18 13:07:07 IST 2017
--------------------MEMCG-----------------------
MEM ONLY  : 1023 MB
MEM+SWAP  : 1023 MB
cache 785125376
rss 288579584
rss_huge 0
mapped_file 8523776
writeback 0
swap 0
pgpgin 6905047
pgpgout 6642912
pgfault 282031
pgmajfault 726
inactive_anon 144994304
active_anon 143654912
inactive_file 392589312
active_file 392462336
unevictable 4096
hierarchical_memory_limit 1073741824
hierarchical_memsw_limit 5368709120
total_cache 785125376
total_rss 288579584
total_rss_huge 0
total_mapped_file 8523776
total_writeback 0
total_swap 0
total_pgpgin 6905047
total_pgpgout 6642912
total_pgfault 282031
total_pgmajfault 726
total_inactive_anon 144994304
total_active_anon 143654912
total_inactive_file 392589312
total_active_file 392462336
total_unevictable 4096
--------------------BLKIO-----------------------
11:0 Read 0
11:0 Write 0
11:0 Sync 0
11:0 Async 0
11:0 Total 0
253:0 Read 2664148992
253:0 Write 5861376
253:0 Sync 196608
253:0 Async 2669813760
253:0 Total 2670010368
Total 2670010368
--------------------CPUAC-----------------------
user 8994
system 8156
 
Thu May 18 13:07:37 IST 2017
--------------------MEMCG-----------------------
MEM ONLY  : 1023 MB
MEM+SWAP  : 1023 MB
cache 785141760
rss 288579584
rss_huge 0
mapped_file 8523776
writeback 0
swap 0
pgpgin 6909657
pgpgout 6647518
pgfault 282121
pgmajfault 726
inactive_anon 144994304
active_anon 143654912
inactive_file 392683520
active_file 392327168
unevictable 4096
hierarchical_memory_limit 1073741824
hierarchical_memsw_limit 5368709120
total_cache 785141760
total_rss 288579584
total_rss_huge 0
total_mapped_file 8523776
total_writeback 0
total_swap 0
total_pgpgin 6909657
total_pgpgout 6647518
total_pgfault 282121
total_pgmajfault 726
total_inactive_anon 144994304
total_active_anon 143654912
total_inactive_file 392683520
total_active_file 392327168
total_unevictable 4096
--------------------BLKIO-----------------------
11:0 Read 0
11:0 Write 0
11:0 Sync 0
11:0 Async 0
11:0 Total 0
253:0 Read 2676981760
253:0 Write 5922816
253:0 Sync 196608
253:0 Async 2682707968
253:0 Total 2682904576
Total 2682904576
--------------------CPUAC-----------------------
user 9008
system 8171
 
Thu May 18 13:08:07 IST 2017
--------------------MEMCG-----------------------
MEM ONLY  : 1023 MB
MEM+SWAP  : 1023 MB
cache 785051648
rss 288579584
rss_huge 0
mapped_file 8523776
writeback 0
swap 0
pgpgin 6914550
pgpgout 6652433
pgfault 282211
pgmajfault 726
inactive_anon 144994304
active_anon 143654912
inactive_file 392630272
active_file 392347648
unevictable 4096
hierarchical_memory_limit 1073741824
hierarchical_memsw_limit 5368709120
total_cache 785051648
total_rss 288579584
total_rss_huge 0
total_mapped_file 8523776
total_writeback 0
total_swap 0
total_pgpgin 6914550
total_pgpgout 6652433
total_pgfault 282211
total_pgmajfault 726
total_inactive_anon 144994304
total_active_anon 143654912
total_inactive_file 392630272
total_active_file 392347648
total_unevictable 4096
--------------------BLKIO-----------------------
11:0 Read 0
11:0 Write 0
11:0 Sync 0
11:0 Async 0
11:0 Total 0
253:0 Read 2690211840
253:0 Write 5988352
253:0 Sync 196608
253:0 Async 2696003584
253:0 Total 2696200192
Total 2696200192
--------------------CPUAC-----------------------
user 9022
system 8182
 
Thu May 18 13:08:37 IST 2017
--------------------MEMCG-----------------------
MEM ONLY  : 1023 MB
MEM+SWAP  : 1023 MB
cache 785121280
rss 288579584
rss_huge 0
mapped_file 8523776
writeback 0
swap 0
pgpgin 6919350
pgpgout 6657216
pgfault 282301
pgmajfault 726
inactive_anon 144994304
active_anon 143654912
inactive_file 392781824
active_file 392265728
unevictable 4096
hierarchical_memory_limit 1073741824
hierarchical_memsw_limit 5368709120
total_cache 785121280
total_rss 288579584
total_rss_huge 0
total_mapped_file 8523776
total_writeback 0
total_swap 0
total_pgpgin 6919350
total_pgpgout 6657216
total_pgfault 282301
total_pgmajfault 726
total_inactive_anon 144994304
total_active_anon 143654912
total_inactive_file 392781824
total_active_file 392265728
total_unevictable 4096
--------------------BLKIO-----------------------
11:0 Read 0
11:0 Write 0
11:0 Sync 0
11:0 Async 0
11:0 Total 0
253:0 Read 2703110144
253:0 Write 6062080
253:0 Sync 196608
253:0 Async 2708975616
253:0 Total 2709172224
Total 2709172224
--------------------CPUAC-----------------------
user 9036
system 8194
 
Thu May 18 13:09:07 IST 2017
--------------------MEMCG-----------------------
MEM ONLY  : 1023 MB
MEM+SWAP  : 1023 MB
cache 785010688
rss 288579584
rss_huge 0
mapped_file 8523776
writeback 0
swap 0
pgpgin 6924125
pgpgout 6662018
pgfault 282391
pgmajfault 726
inactive_anon 144994304
active_anon 143654912
inactive_file 392560640
active_file 392376320
unevictable 4096
hierarchical_memory_limit 1073741824
hierarchical_memsw_limit 5368709120
total_cache 785010688
total_rss 288579584
total_rss_huge 0
total_mapped_file 8523776
total_writeback 0
total_swap 0
total_pgpgin 6924125
total_pgpgout 6662018
total_pgfault 282391
total_pgmajfault 726
total_inactive_anon 144994304
total_active_anon 143654912
total_inactive_file 392560640
total_active_file 392376320
total_unevictable 4096
--------------------BLKIO-----------------------
11:0 Read 0
11:0 Write 0
11:0 Sync 0
11:0 Async 0
11:0 Total 0
253:0 Read 2715840512
253:0 Write 6139904
253:0 Sync 196608
253:0 Async 2721783808
253:0 Total 2721980416
Total 2721980416
--------------------CPUAC-----------------------
user 9047
system 8205
 
Thu May 18 13:09:38 IST 2017
--------------------MEMCG-----------------------
MEM ONLY  : 1023 MB
MEM+SWAP  : 1023 MB
cache 785137664
rss 288579584
rss_huge 0
mapped_file 8523776
writeback 0
swap 0
pgpgin 6928893
pgpgout 6666755
pgfault 282484
pgmajfault 726
inactive_anon 144994304
active_anon 143654912
inactive_file 392671232
active_file 392392704
unevictable 4096
hierarchical_memory_limit 1073741824
hierarchical_memsw_limit 5368709120
total_cache 785137664
total_rss 288579584
total_rss_huge 0
total_mapped_file 8523776
total_writeback 0
total_swap 0
total_pgpgin 6928893
total_pgpgout 6666755
total_pgfault 282484
total_pgmajfault 726
total_inactive_anon 144994304
total_active_anon 143654912
total_inactive_file 392671232
total_active_file 392392704
total_unevictable 4096
--------------------BLKIO-----------------------
11:0 Read 0
11:0 Write 0
11:0 Sync 0
11:0 Async 0
11:0 Total 0
253:0 Read 2728361984
253:0 Write 6225920
253:0 Sync 196608
253:0 Async 2734391296
253:0 Total 2734587904
Total 2734587904
--------------------CPUAC-----------------------
user 9058
system 8218
 
Thu May 18 13:10:08 IST 2017
--------------------MEMCG-----------------------
MEM ONLY  : 1023 MB
MEM+SWAP  : 1023 MB
cache 785063936
rss 288579584
rss_huge 0
mapped_file 8523776
writeback 0
swap 0
pgpgin 6932413
pgpgout 6670293
pgfault 282574
pgmajfault 726
inactive_anon 144994304
active_anon 143654912
inactive_file 392802304
active_file 392187904
unevictable 4096
hierarchical_memory_limit 1073741824
hierarchical_memsw_limit 5368709120
total_cache 785063936
total_rss 288579584
total_rss_huge 0
total_mapped_file 8523776
total_writeback 0
total_swap 0
total_pgpgin 6932413
total_pgpgout 6670293
total_pgfault 282574
total_pgmajfault 726
total_inactive_anon 144994304
total_active_anon 143654912
total_inactive_file 392802304
total_active_file 392187904
total_unevictable 4096
--------------------BLKIO-----------------------
11:0 Read 0
11:0 Write 0
11:0 Sync 0
11:0 Async 0
11:0 Total 0
253:0 Read 2737807360
253:0 Write 6287360
253:0 Sync 196608
253:0 Async 2743898112
253:0 Total 2744094720
Total 2744094720
--------------------CPUAC-----------------------
user 9070
system 8229
 
Thu May 18 13:10:38 IST 2017
--------------------MEMCG-----------------------
MEM ONLY  : 1023 MB
MEM+SWAP  : 1023 MB
cache 785072128
rss 288579584
rss_huge 0
mapped_file 8523776
writeback 0
swap 0
pgpgin 6932509
pgpgout 6670387
pgfault 282664
pgmajfault 726
inactive_anon 144994304
active_anon 143654912
inactive_file 392810496
active_file 392187904
unevictable 4096
hierarchical_memory_limit 1073741824
hierarchical_memsw_limit 5368709120
total_cache 785072128
total_rss 288579584
total_rss_huge 0
total_mapped_file 8523776
total_writeback 0
total_swap 0
total_pgpgin 6932509
total_pgpgout 6670387
total_pgfault 282664
total_pgmajfault 726
total_inactive_anon 144994304
total_active_anon 143654912
total_inactive_file 392810496
total_active_file 392187904
total_unevictable 4096
--------------------BLKIO-----------------------
11:0 Read 0
11:0 Write 0
11:0 Sync 0
11:0 Async 0
11:0 Total 0
253:0 Read 2737807360
253:0 Write 6303744
253:0 Sync 196608
253:0 Async 2743914496
253:0 Total 2744111104
Total 2744111104
--------------------CPUAC-----------------------
user 9071
system 8235
 
Thu May 18 13:11:08 IST 2017
--------------------MEMCG-----------------------
MEM ONLY  : 1023 MB
MEM+SWAP  : 1023 MB
cache 785072128
rss 288579584
rss_huge 0
mapped_file 8523776
writeback 0
swap 0
pgpgin 6932605
pgpgout 6670483
pgfault 282754
pgmajfault 726
inactive_anon 144994304
active_anon 143654912
inactive_file 392810496
active_file 392187904
unevictable 4096
hierarchical_memory_limit 1073741824
hierarchical_memsw_limit 5368709120
total_cache 785072128
total_rss 288579584
total_rss_huge 0
total_mapped_file 8523776
total_writeback 0
total_swap 0
total_pgpgin 6932605
total_pgpgout 6670483
total_pgfault 282754
total_pgmajfault 726
total_inactive_anon 144994304
total_active_anon 143654912
total_inactive_file 392810496
total_active_file 392187904
total_unevictable 4096
--------------------BLKIO-----------------------
11:0 Read 0
11:0 Write 0
11:0 Sync 0
11:0 Async 0
11:0 Total 0
253:0 Read 2737807360
253:0 Write 6328320
253:0 Sync 196608
253:0 Async 2743939072
253:0 Total 2744135680
Total 2744135680
--------------------CPUAC-----------------------
user 9076
system 8238
 
Thu May 18 13:11:38 IST 2017
--------------------MEMCG-----------------------
MEM ONLY  : 1023 MB
MEM+SWAP  : 1023 MB
cache 785072128
rss 288579584
rss_huge 0
mapped_file 8523776
writeback 0
swap 0
pgpgin 6932701
pgpgout 6670579
pgfault 282844
pgmajfault 726
inactive_anon 144994304
active_anon 143654912
inactive_file 392810496
active_file 392187904
unevictable 4096
hierarchical_memory_limit 1073741824
hierarchical_memsw_limit 5368709120
total_cache 785072128
total_rss 288579584
total_rss_huge 0
total_mapped_file 8523776
total_writeback 0
total_swap 0
total_pgpgin 6932701
total_pgpgout 6670579
total_pgfault 282844
total_pgmajfault 726
total_inactive_anon 144994304
total_active_anon 143654912
total_inactive_file 392810496
total_active_file 392187904
total_unevictable 4096
--------------------BLKIO-----------------------
11:0 Read 0
11:0 Write 0
11:0 Sync 0
11:0 Async 0
11:0 Total 0
253:0 Read 2737807360
253:0 Write 6352896
253:0 Sync 196608
253:0 Async 2743963648
253:0 Total 2744160256
Total 2744160256
--------------------CPUAC-----------------------
user 9077
system 8243
 
Thu May 18 13:12:08 IST 2017
--------------------MEMCG-----------------------
MEM ONLY  : 1022 MB
MEM+SWAP  : 1022 MB
cache 783917056
rss 288587776
rss_huge 0
mapped_file 8523776
writeback 0
swap 0
pgpgin 6933494
pgpgout 6671652
pgfault 284463
pgmajfault 743
inactive_anon 144994304
active_anon 143659008
inactive_file 392122368
active_file 391720960
unevictable 4096
hierarchical_memory_limit 1073741824
hierarchical_memsw_limit 5368709120
total_cache 783917056
total_rss 288587776
total_rss_huge 0
total_mapped_file 8523776
total_writeback 0
total_swap 0
total_pgpgin 6933494
total_pgpgout 6671652
total_pgfault 284463
total_pgmajfault 743
total_inactive_anon 144994304
total_active_anon 143659008
total_inactive_file 392122368
total_active_file 391720960
total_unevictable 4096
--------------------BLKIO-----------------------
11:0 Read 0
11:0 Write 0
11:0 Sync 0
11:0 Async 0
11:0 Total 0
253:0 Read 2737807360
253:0 Write 6377472
253:0 Sync 196608
253:0 Async 2743988224
253:0 Total 2744184832
Total 2744184832
--------------------CPUAC-----------------------
user 9080
system 8248
 
Thu May 18 13:12:38 IST 2017
--------------------MEMCG-----------------------
MEM ONLY  : 1022 MB
MEM+SWAP  : 1022 MB
cache 783921152
rss 288583680
rss_huge 0
mapped_file 8523776
writeback 0
swap 0
pgpgin 6933592
pgpgout 6671750
pgfault 284553
pgmajfault 743
inactive_anon 144994304
active_anon 143659008
inactive_file 392126464
active_file 391720960
unevictable 4096
hierarchical_memory_limit 1073741824
hierarchical_memsw_limit 5368709120
total_cache 783921152
total_rss 288583680
total_rss_huge 0
total_mapped_file 8523776
total_writeback 0
total_swap 0
total_pgpgin 6933592
total_pgpgout 6671750
total_pgfault 284553
total_pgmajfault 743
total_inactive_anon 144994304
total_active_anon 143659008
total_inactive_file 392126464
total_active_file 391720960
total_unevictable 4096
--------------------BLKIO-----------------------
11:0 Read 0
11:0 Write 0
11:0 Sync 0
11:0 Async 0
11:0 Total 0
253:0 Read 2737807360
253:0 Write 6410240
253:0 Sync 196608
253:0 Async 2744020992
253:0 Total 2744217600
Total 2744217600
--------------------CPUAC-----------------------
user 9082
system 8252
 
Thu May 18 13:13:08 IST 2017
--------------------MEMCG-----------------------
MEM ONLY  : 1023 MB
MEM+SWAP  : 1023 MB
cache 783921152
rss 288583680
rss_huge 0
mapped_file 8523776
writeback 0
swap 0
pgpgin 6933691
pgpgout 6671849
pgfault 284643
pgmajfault 743
inactive_anon 144994304
active_anon 143659008
inactive_file 392126464
active_file 391720960
unevictable 4096
hierarchical_memory_limit 1073741824
hierarchical_memsw_limit 5368709120
total_cache 783921152
total_rss 288583680
total_rss_huge 0
total_mapped_file 8523776
total_writeback 0
total_swap 0
total_pgpgin 6933691
total_pgpgout 6671849
total_pgfault 284643
total_pgmajfault 743
total_inactive_anon 144994304
total_active_anon 143659008
total_inactive_file 392126464
total_active_file 391720960
total_unevictable 4096
--------------------BLKIO-----------------------
11:0 Read 0
11:0 Write 0
11:0 Sync 0
11:0 Async 0
11:0 Total 0
253:0 Read 2737807360
253:0 Write 6447104
253:0 Sync 196608
253:0 Async 2744057856
253:0 Total 2744254464
Total 2744254464
--------------------CPUAC-----------------------
user 9085
system 8255
 
Thu May 18 13:13:38 IST 2017
--------------------MEMCG-----------------------
MEM ONLY  : 1022 MB
MEM+SWAP  : 1022 MB
cache 783921152
rss 288583680
rss_huge 0
mapped_file 8523776
writeback 0
swap 0
pgpgin 6933790
pgpgout 6671948
pgfault 284733
pgmajfault 743
inactive_anon 144994304
active_anon 143659008
inactive_file 392126464
active_file 391720960
unevictable 4096
hierarchical_memory_limit 1073741824
hierarchical_memsw_limit 5368709120
total_cache 783921152
total_rss 288583680
total_rss_huge 0
total_mapped_file 8523776
total_writeback 0
total_swap 0
total_pgpgin 6933790
total_pgpgout 6671948
total_pgfault 284733
total_pgmajfault 743
total_inactive_anon 144994304
total_active_anon 143659008
total_inactive_file 392126464
total_active_file 391720960
total_unevictable 4096
--------------------BLKIO-----------------------
11:0 Read 0
11:0 Write 0
11:0 Sync 0
11:0 Async 0
11:0 Total 0
253:0 Read 2737807360
253:0 Write 6483968
253:0 Sync 196608
253:0 Async 2744094720
253:0 Total 2744291328
Total 2744291328
--------------------CPUAC-----------------------
user 9087
system 8257
 
Thu May 18 13:14:08 IST 2017
--------------------MEMCG-----------------------
MEM ONLY  : 1022 MB
MEM+SWAP  : 1022 MB
cache 783921152
rss 288583680
rss_huge 0
mapped_file 8523776
writeback 0
swap 0
pgpgin 6933889
pgpgout 6672047
pgfault 284823
pgmajfault 743
inactive_anon 144994304
active_anon 143659008
inactive_file 392126464
active_file 391720960
unevictable 4096
hierarchical_memory_limit 1073741824
hierarchical_memsw_limit 5368709120
total_cache 783921152
total_rss 288583680
total_rss_huge 0
total_mapped_file 8523776
total_writeback 0
total_swap 0
total_pgpgin 6933889
total_pgpgout 6672047
total_pgfault 284823
total_pgmajfault 743
total_inactive_anon 144994304
total_active_anon 143659008
total_inactive_file 392126464
total_active_file 391720960
total_unevictable 4096
--------------------BLKIO-----------------------
11:0 Read 0
11:0 Write 0
11:0 Sync 0
11:0 Async 0
11:0 Total 0
253:0 Read 2737807360
253:0 Write 6520832
253:0 Sync 196608
253:0 Async 2744131584
253:0 Total 2744328192
Total 2744328192
--------------------CPUAC-----------------------
user 9088
system 8260
 
Thu May 18 13:14:38 IST 2017
--------------------MEMCG-----------------------
MEM ONLY  : 1022 MB
MEM+SWAP  : 1022 MB
cache 783921152
rss 288583680
rss_huge 0
mapped_file 8523776
writeback 0
swap 0
pgpgin 6933988
pgpgout 6672146
pgfault 284913
pgmajfault 743
inactive_anon 144994304
active_anon 143659008
inactive_file 392126464
active_file 391720960
unevictable 4096
hierarchical_memory_limit 1073741824
hierarchical_memsw_limit 5368709120
total_cache 783921152
total_rss 288583680
total_rss_huge 0
total_mapped_file 8523776
total_writeback 0
total_swap 0
total_pgpgin 6933988
total_pgpgout 6672146
total_pgfault 284913
total_pgmajfault 743
total_inactive_anon 144994304
total_active_anon 143659008
total_inactive_file 392126464
total_active_file 391720960
total_unevictable 4096
--------------------BLKIO-----------------------
11:0 Read 0
11:0 Write 0
11:0 Sync 0
11:0 Async 0
11:0 Total 0
253:0 Read 2737807360
253:0 Write 6557696
253:0 Sync 196608
253:0 Async 2744168448
253:0 Total 2744365056
Total 2744365056
--------------------CPUAC-----------------------
user 9089
system 8261
 
