Thu May 18 13:00:07 IST 2017
--------------------MEMCG-----------------------
MEM ONLY  : 1914 MB
MEM+SWAP  : 1914 MB
cache 51392512
rss 1955926016
rss_huge 0
mapped_file 17461248
writeback 0
swap 0
pgpgin 579495
pgpgout 89427
pgfault 682555
pgmajfault 310
inactive_anon 45056
active_anon 1955954688
inactive_file 25550848
active_file 25767936
unevictable 0
hierarchical_memory_limit 2147483648
hierarchical_memsw_limit 5368709120
total_cache 51392512
total_rss 1955926016
total_rss_huge 0
total_mapped_file 17461248
total_writeback 0
total_swap 0
total_pgpgin 579495
total_pgpgout 89427
total_pgfault 682555
total_pgmajfault 310
total_inactive_anon 45056
total_active_anon 1955954688
total_inactive_file 25550848
total_active_file 25767936
total_unevictable 0
--------------------BLKIO-----------------------
11:0 Read 0
11:0 Write 0
11:0 Sync 0
11:0 Async 0
11:0 Total 0
253:0 Read 55263232
253:0 Write 6151729152
253:0 Sync 6151499776
253:0 Async 55492608
253:0 Total 6206992384
Total 6206992384
--------------------CPUAC-----------------------
user 8092
system 4808
 
Thu May 18 13:00:37 IST 2017
--------------------MEMCG-----------------------
MEM ONLY  : 1915 MB
MEM+SWAP  : 1915 MB
cache 51392512
rss 1956962304
rss_huge 0
mapped_file 17461248
writeback 0
swap 0
pgpgin 579748
pgpgout 89427
pgfault 682808
pgmajfault 310
inactive_anon 45056
active_anon 1956990976
inactive_file 25550848
active_file 25767936
unevictable 0
hierarchical_memory_limit 2147483648
hierarchical_memsw_limit 5368709120
total_cache 51392512
total_rss 1956962304
total_rss_huge 0
total_mapped_file 17461248
total_writeback 0
total_swap 0
total_pgpgin 579748
total_pgpgout 89427
total_pgfault 682808
total_pgmajfault 310
total_inactive_anon 45056
total_active_anon 1956990976
total_inactive_file 25550848
total_active_file 25767936
total_unevictable 0
--------------------BLKIO-----------------------
11:0 Read 0
11:0 Write 0
11:0 Sync 0
11:0 Async 0
11:0 Total 0
253:0 Read 55296000
253:0 Write 6176137216
253:0 Sync 6175907840
253:0 Async 55525376
253:0 Total 6231433216
Total 6231433216
--------------------CPUAC-----------------------
user 8138
system 4839
 
Thu May 18 13:01:07 IST 2017
--------------------MEMCG-----------------------
MEM ONLY  : 1916 MB
MEM+SWAP  : 1916 MB
cache 51392512
rss 1958096896
rss_huge 0
mapped_file 17461248
writeback 0
swap 0
pgpgin 580025
pgpgout 89427
pgfault 683085
pgmajfault 310
inactive_anon 45056
active_anon 1958125568
inactive_file 25550848
active_file 25767936
unevictable 0
hierarchical_memory_limit 2147483648
hierarchical_memsw_limit 5368709120
total_cache 51392512
total_rss 1958096896
total_rss_huge 0
total_mapped_file 17461248
total_writeback 0
total_swap 0
total_pgpgin 580025
total_pgpgout 89427
total_pgfault 683085
total_pgmajfault 310
total_inactive_anon 45056
total_active_anon 1958125568
total_inactive_file 25550848
total_active_file 25767936
total_unevictable 0
--------------------BLKIO-----------------------
11:0 Read 0
11:0 Write 0
11:0 Sync 0
11:0 Async 0
11:0 Total 0
253:0 Read 55312384
253:0 Write 6202728448
253:0 Sync 6202499072
253:0 Async 55541760
253:0 Total 6258040832
Total 6258040832
--------------------CPUAC-----------------------
user 8186
system 4876
 
Thu May 18 13:01:37 IST 2017
--------------------MEMCG-----------------------
MEM ONLY  : 1917 MB
MEM+SWAP  : 1917 MB
cache 51392512
rss 1959129088
rss_huge 0
mapped_file 17461248
writeback 0
swap 0
pgpgin 580277
pgpgout 89427
pgfault 683337
pgmajfault 310
inactive_anon 45056
active_anon 1959157760
inactive_file 25550848
active_file 25767936
unevictable 0
hierarchical_memory_limit 2147483648
hierarchical_memsw_limit 5368709120
total_cache 51392512
total_rss 1959129088
total_rss_huge 0
total_mapped_file 17461248
total_writeback 0
total_swap 0
total_pgpgin 580277
total_pgpgout 89427
total_pgfault 683337
total_pgmajfault 310
total_inactive_anon 45056
total_active_anon 1959157760
total_inactive_file 25550848
total_active_file 25767936
total_unevictable 0
--------------------BLKIO-----------------------
11:0 Read 0
11:0 Write 0
11:0 Sync 0
11:0 Async 0
11:0 Total 0
253:0 Read 55312384
253:0 Write 6226087936
253:0 Sync 6225858560
253:0 Async 55541760
253:0 Total 6281400320
Total 6281400320
--------------------CPUAC-----------------------
user 8238
system 4906
 
Thu May 18 13:02:07 IST 2017
--------------------MEMCG-----------------------
MEM ONLY  : 1918 MB
MEM+SWAP  : 1918 MB
cache 51392512
rss 1959886848
rss_huge 0
mapped_file 17461248
writeback 0
swap 0
pgpgin 580462
pgpgout 89427
pgfault 683522
pgmajfault 310
inactive_anon 45056
active_anon 1959915520
inactive_file 25550848
active_file 25767936
unevictable 0
hierarchical_memory_limit 2147483648
hierarchical_memsw_limit 5368709120
total_cache 51392512
total_rss 1959886848
total_rss_huge 0
total_mapped_file 17461248
total_writeback 0
total_swap 0
total_pgpgin 580462
total_pgpgout 89427
total_pgfault 683522
total_pgmajfault 310
total_inactive_anon 45056
total_active_anon 1959915520
total_inactive_file 25550848
total_active_file 25767936
total_unevictable 0
--------------------BLKIO-----------------------
11:0 Read 0
11:0 Write 0
11:0 Sync 0
11:0 Async 0
11:0 Total 0
253:0 Read 55328768
253:0 Write 6247550976
253:0 Sync 6247321600
253:0 Async 55558144
253:0 Total 6302879744
Total 6302879744
--------------------CPUAC-----------------------
user 8278
system 4938
 
Thu May 18 13:02:37 IST 2017
--------------------MEMCG-----------------------
MEM ONLY  : 1919 MB
MEM+SWAP  : 1919 MB
cache 51392512
rss 1960968192
rss_huge 0
mapped_file 17461248
writeback 0
swap 0
pgpgin 580726
pgpgout 89427
pgfault 683786
pgmajfault 310
inactive_anon 45056
active_anon 1960996864
inactive_file 25550848
active_file 25767936
unevictable 0
hierarchical_memory_limit 2147483648
hierarchical_memsw_limit 5368709120
total_cache 51392512
total_rss 1960968192
total_rss_huge 0
total_mapped_file 17461248
total_writeback 0
total_swap 0
total_pgpgin 580726
total_pgpgout 89427
total_pgfault 683786
total_pgmajfault 310
total_inactive_anon 45056
total_active_anon 1960996864
total_inactive_file 25550848
total_active_file 25767936
total_unevictable 0
--------------------BLKIO-----------------------
11:0 Read 0
11:0 Write 0
11:0 Sync 0
11:0 Async 0
11:0 Total 0
253:0 Read 55328768
253:0 Write 6271320064
253:0 Sync 6271090688
253:0 Async 55558144
253:0 Total 6326648832
Total 6326648832
--------------------CPUAC-----------------------
user 8327
system 4973
 
Thu May 18 13:03:07 IST 2017
--------------------MEMCG-----------------------
MEM ONLY  : 1920 MB
MEM+SWAP  : 1920 MB
cache 51392512
rss 1962098688
rss_huge 0
mapped_file 17461248
writeback 0
swap 0
pgpgin 581002
pgpgout 89427
pgfault 684062
pgmajfault 310
inactive_anon 45056
active_anon 1962127360
inactive_file 25550848
active_file 25767936
unevictable 0
hierarchical_memory_limit 2147483648
hierarchical_memsw_limit 5368709120
total_cache 51392512
total_rss 1962098688
total_rss_huge 0
total_mapped_file 17461248
total_writeback 0
total_swap 0
total_pgpgin 581002
total_pgpgout 89427
total_pgfault 684062
total_pgmajfault 310
total_inactive_anon 45056
total_active_anon 1962127360
total_inactive_file 25550848
total_active_file 25767936
total_unevictable 0
--------------------BLKIO-----------------------
11:0 Read 0
11:0 Write 0
11:0 Sync 0
11:0 Async 0
11:0 Total 0
253:0 Read 55328768
253:0 Write 6301511680
253:0 Sync 6301282304
253:0 Async 55558144
253:0 Total 6356840448
Total 6356840448
--------------------CPUAC-----------------------
user 8378
system 5006
 
Thu May 18 13:03:37 IST 2017
--------------------MEMCG-----------------------
MEM ONLY  : 1921 MB
MEM+SWAP  : 1921 MB
cache 51392512
rss 1962921984
rss_huge 0
mapped_file 17461248
writeback 4096
swap 0
pgpgin 581203
pgpgout 89427
pgfault 684263
pgmajfault 310
inactive_anon 45056
active_anon 1962950656
inactive_file 25550848
active_file 25767936
unevictable 0
hierarchical_memory_limit 2147483648
hierarchical_memsw_limit 5368709120
total_cache 51392512
total_rss 1962921984
total_rss_huge 0
total_mapped_file 17461248
total_writeback 4096
total_swap 0
total_pgpgin 581203
total_pgpgout 89427
total_pgfault 684263
total_pgmajfault 310
total_inactive_anon 45056
total_active_anon 1962950656
total_inactive_file 25550848
total_active_file 25767936
total_unevictable 0
--------------------BLKIO-----------------------
11:0 Read 0
11:0 Write 0
11:0 Sync 0
11:0 Async 0
11:0 Total 0
253:0 Read 55328768
253:0 Write 6326349824
253:0 Sync 6326120448
253:0 Async 55558144
253:0 Total 6381678592
Total 6381678592
--------------------CPUAC-----------------------
user 8421
system 5037
 
Thu May 18 13:04:07 IST 2017
--------------------MEMCG-----------------------
MEM ONLY  : 1921 MB
MEM+SWAP  : 1921 MB
cache 51392512
rss 1963872256
rss_huge 0
mapped_file 17461248
writeback 0
swap 0
pgpgin 581435
pgpgout 89427
pgfault 684495
pgmajfault 310
inactive_anon 45056
active_anon 1963900928
inactive_file 25550848
active_file 25767936
unevictable 0
hierarchical_memory_limit 2147483648
hierarchical_memsw_limit 5368709120
total_cache 51392512
total_rss 1963872256
total_rss_huge 0
total_mapped_file 17461248
total_writeback 0
total_swap 0
total_pgpgin 581435
total_pgpgout 89427
total_pgfault 684495
total_pgmajfault 310
total_inactive_anon 45056
total_active_anon 1963900928
total_inactive_file 25550848
total_active_file 25767936
total_unevictable 0
--------------------BLKIO-----------------------
11:0 Read 0
11:0 Write 0
11:0 Sync 0
11:0 Async 0
11:0 Total 0
253:0 Read 55328768
253:0 Write 6352748544
253:0 Sync 6352519168
253:0 Async 55558144
253:0 Total 6408077312
Total 6408077312
--------------------CPUAC-----------------------
user 8472
system 5068
 
Thu May 18 13:04:37 IST 2017
--------------------MEMCG-----------------------
MEM ONLY  : 1922 MB
MEM+SWAP  : 1922 MB
cache 51392512
rss 1964920832
rss_huge 0
mapped_file 17461248
writeback 0
swap 0
pgpgin 581691
pgpgout 89427
pgfault 684751
pgmajfault 310
inactive_anon 45056
active_anon 1964949504
inactive_file 25550848
active_file 25767936
unevictable 0
hierarchical_memory_limit 2147483648
hierarchical_memsw_limit 5368709120
total_cache 51392512
total_rss 1964920832
total_rss_huge 0
total_mapped_file 17461248
total_writeback 0
total_swap 0
total_pgpgin 581691
total_pgpgout 89427
total_pgfault 684751
total_pgmajfault 310
total_inactive_anon 45056
total_active_anon 1964949504
total_inactive_file 25550848
total_active_file 25767936
total_unevictable 0
--------------------BLKIO-----------------------
11:0 Read 0
11:0 Write 0
11:0 Sync 0
11:0 Async 0
11:0 Total 0
253:0 Read 55328768
253:0 Write 6377406464
253:0 Sync 6377177088
253:0 Async 55558144
253:0 Total 6432735232
Total 6432735232
--------------------CPUAC-----------------------
user 8514
system 5108
 
Thu May 18 13:05:07 IST 2017
--------------------MEMCG-----------------------
MEM ONLY  : 1923 MB
MEM+SWAP  : 1923 MB
cache 51392512
rss 1965871104
rss_huge 0
mapped_file 17461248
writeback 0
swap 0
pgpgin 581923
pgpgout 89427
pgfault 684983
pgmajfault 310
inactive_anon 45056
active_anon 1965899776
inactive_file 25550848
active_file 25767936
unevictable 0
hierarchical_memory_limit 2147483648
hierarchical_memsw_limit 5368709120
total_cache 51392512
total_rss 1965871104
total_rss_huge 0
total_mapped_file 17461248
total_writeback 0
total_swap 0
total_pgpgin 581923
total_pgpgout 89427
total_pgfault 684983
total_pgmajfault 310
total_inactive_anon 45056
total_active_anon 1965899776
total_inactive_file 25550848
total_active_file 25767936
total_unevictable 0
--------------------BLKIO-----------------------
11:0 Read 0
11:0 Write 0
11:0 Sync 0
11:0 Async 0
11:0 Total 0
253:0 Read 55328768
253:0 Write 6405844992
253:0 Sync 6405615616
253:0 Async 55558144
253:0 Total 6461173760
Total 6461173760
--------------------CPUAC-----------------------
user 8560
system 5146
 
Thu May 18 13:05:37 IST 2017
--------------------MEMCG-----------------------
MEM ONLY  : 1924 MB
MEM+SWAP  : 1924 MB
cache 51392512
rss 1966694400
rss_huge 0
mapped_file 17461248
writeback 0
swap 0
pgpgin 582124
pgpgout 89427
pgfault 685184
pgmajfault 310
inactive_anon 45056
active_anon 1966723072
inactive_file 25550848
active_file 25767936
unevictable 0
hierarchical_memory_limit 2147483648
hierarchical_memsw_limit 5368709120
total_cache 51392512
total_rss 1966694400
total_rss_huge 0
total_mapped_file 17461248
total_writeback 0
total_swap 0
total_pgpgin 582124
total_pgpgout 89427
total_pgfault 685184
total_pgmajfault 310
total_inactive_anon 45056
total_active_anon 1966723072
total_inactive_file 25550848
total_active_file 25767936
total_unevictable 0
--------------------BLKIO-----------------------
11:0 Read 0
11:0 Write 0
11:0 Sync 0
11:0 Async 0
11:0 Total 0
253:0 Read 55328768
253:0 Write 6432698368
253:0 Sync 6432468992
253:0 Async 55558144
253:0 Total 6488027136
Total 6488027136
--------------------CPUAC-----------------------
user 8606
system 5180
 
Thu May 18 13:06:07 IST 2017
--------------------MEMCG-----------------------
MEM ONLY  : 1925 MB
MEM+SWAP  : 1925 MB
cache 51392512
rss 1967333376
rss_huge 0
mapped_file 17461248
writeback 0
swap 0
pgpgin 582280
pgpgout 89427
pgfault 685340
pgmajfault 310
inactive_anon 45056
active_anon 1967362048
inactive_file 25550848
active_file 25767936
unevictable 0
hierarchical_memory_limit 2147483648
hierarchical_memsw_limit 5368709120
total_cache 51392512
total_rss 1967333376
total_rss_huge 0
total_mapped_file 17461248
total_writeback 0
total_swap 0
total_pgpgin 582280
total_pgpgout 89427
total_pgfault 685340
total_pgmajfault 310
total_inactive_anon 45056
total_active_anon 1967362048
total_inactive_file 25550848
total_active_file 25767936
total_unevictable 0
--------------------BLKIO-----------------------
11:0 Read 0
11:0 Write 0
11:0 Sync 0
11:0 Async 0
11:0 Total 0
253:0 Read 55328768
253:0 Write 6462074880
253:0 Sync 6461845504
253:0 Async 55558144
253:0 Total 6517403648
Total 6517403648
--------------------CPUAC-----------------------
user 8655
system 5218
 
Thu May 18 13:06:37 IST 2017
--------------------MEMCG-----------------------
MEM ONLY  : 1925 MB
MEM+SWAP  : 1925 MB
cache 51392512
rss 1967722496
rss_huge 0
mapped_file 17461248
writeback 0
swap 0
pgpgin 582375
pgpgout 89427
pgfault 685435
pgmajfault 310
inactive_anon 45056
active_anon 1967751168
inactive_file 25550848
active_file 25767936
unevictable 0
hierarchical_memory_limit 2147483648
hierarchical_memsw_limit 5368709120
total_cache 51392512
total_rss 1967722496
total_rss_huge 0
total_mapped_file 17461248
total_writeback 0
total_swap 0
total_pgpgin 582375
total_pgpgout 89427
total_pgfault 685435
total_pgmajfault 310
total_inactive_anon 45056
total_active_anon 1967751168
total_inactive_file 25550848
total_active_file 25767936
total_unevictable 0
--------------------BLKIO-----------------------
11:0 Read 0
11:0 Write 0
11:0 Sync 0
11:0 Async 0
11:0 Total 0
253:0 Read 55328768
253:0 Write 6487736320
253:0 Sync 6487506944
253:0 Async 55558144
253:0 Total 6543065088
Total 6543065088
--------------------CPUAC-----------------------
user 8704
system 5251
 
Thu May 18 13:07:07 IST 2017
--------------------MEMCG-----------------------
MEM ONLY  : 1926 MB
MEM+SWAP  : 1926 MB
cache 51392512
rss 1968427008
rss_huge 0
mapped_file 17461248
writeback 0
swap 0
pgpgin 582547
pgpgout 89427
pgfault 685607
pgmajfault 310
inactive_anon 45056
active_anon 1968455680
inactive_file 25550848
active_file 25767936
unevictable 0
hierarchical_memory_limit 2147483648
hierarchical_memsw_limit 5368709120
total_cache 51392512
total_rss 1968427008
total_rss_huge 0
total_mapped_file 17461248
total_writeback 0
total_swap 0
total_pgpgin 582547
total_pgpgout 89427
total_pgfault 685607
total_pgmajfault 310
total_inactive_anon 45056
total_active_anon 1968455680
total_inactive_file 25550848
total_active_file 25767936
total_unevictable 0
--------------------BLKIO-----------------------
11:0 Read 0
11:0 Write 0
11:0 Sync 0
11:0 Async 0
11:0 Total 0
253:0 Read 55328768
253:0 Write 6519758848
253:0 Sync 6519529472
253:0 Async 55558144
253:0 Total 6575087616
Total 6575087616
--------------------CPUAC-----------------------
user 8754
system 5288
 
Thu May 18 13:07:37 IST 2017
--------------------MEMCG-----------------------
MEM ONLY  : 1926 MB
MEM+SWAP  : 1926 MB
cache 51392512
rss 1968660480
rss_huge 0
mapped_file 17461248
writeback 0
swap 0
pgpgin 582604
pgpgout 89427
pgfault 685664
pgmajfault 310
inactive_anon 45056
active_anon 1968689152
inactive_file 25550848
active_file 25767936
unevictable 0
hierarchical_memory_limit 2147483648
hierarchical_memsw_limit 5368709120
total_cache 51392512
total_rss 1968660480
total_rss_huge 0
total_mapped_file 17461248
total_writeback 0
total_swap 0
total_pgpgin 582604
total_pgpgout 89427
total_pgfault 685664
total_pgmajfault 310
total_inactive_anon 45056
total_active_anon 1968689152
total_inactive_file 25550848
total_active_file 25767936
total_unevictable 0
--------------------BLKIO-----------------------
11:0 Read 0
11:0 Write 0
11:0 Sync 0
11:0 Async 0
11:0 Total 0
253:0 Read 55328768
253:0 Write 6547214336
253:0 Sync 6546984960
253:0 Async 55558144
253:0 Total 6602543104
Total 6602543104
--------------------CPUAC-----------------------
user 8803
system 5322
 
Thu May 18 13:08:07 IST 2017
--------------------MEMCG-----------------------
MEM ONLY  : 1926 MB
MEM+SWAP  : 1926 MB
cache 51392512
rss 1968906240
rss_huge 0
mapped_file 17461248
writeback 0
swap 0
pgpgin 582664
pgpgout 89427
pgfault 685724
pgmajfault 310
inactive_anon 45056
active_anon 1968934912
inactive_file 25550848
active_file 25767936
unevictable 0
hierarchical_memory_limit 2147483648
hierarchical_memsw_limit 5368709120
total_cache 51392512
total_rss 1968906240
total_rss_huge 0
total_mapped_file 17461248
total_writeback 0
total_swap 0
total_pgpgin 582664
total_pgpgout 89427
total_pgfault 685724
total_pgmajfault 310
total_inactive_anon 45056
total_active_anon 1968934912
total_inactive_file 25550848
total_active_file 25767936
total_unevictable 0
--------------------BLKIO-----------------------
11:0 Read 0
11:0 Write 0
11:0 Sync 0
11:0 Async 0
11:0 Total 0
253:0 Read 55328768
253:0 Write 6574370816
253:0 Sync 6574141440
253:0 Async 55558144
253:0 Total 6629699584
Total 6629699584
--------------------CPUAC-----------------------
user 8858
system 5357
 
Thu May 18 13:08:37 IST 2017
--------------------MEMCG-----------------------
MEM ONLY  : 1926 MB
MEM+SWAP  : 1926 MB
cache 51392512
rss 1969147904
rss_huge 0
mapped_file 17461248
writeback 0
swap 0
pgpgin 582723
pgpgout 89427
pgfault 685783
pgmajfault 310
inactive_anon 45056
active_anon 1969176576
inactive_file 25550848
active_file 25767936
unevictable 0
hierarchical_memory_limit 2147483648
hierarchical_memsw_limit 5368709120
total_cache 51392512
total_rss 1969147904
total_rss_huge 0
total_mapped_file 17461248
total_writeback 0
total_swap 0
total_pgpgin 582723
total_pgpgout 89427
total_pgfault 685783
total_pgmajfault 310
total_inactive_anon 45056
total_active_anon 1969176576
total_inactive_file 25550848
total_active_file 25767936
total_unevictable 0
--------------------BLKIO-----------------------
11:0 Read 0
11:0 Write 0
11:0 Sync 0
11:0 Async 0
11:0 Total 0
253:0 Read 55328768
253:0 Write 6599884800
253:0 Sync 6599655424
253:0 Async 55558144
253:0 Total 6655213568
Total 6655213568
--------------------CPUAC-----------------------
user 8917
system 5394
 
Thu May 18 13:09:07 IST 2017
--------------------MEMCG-----------------------
MEM ONLY  : 1927 MB
MEM+SWAP  : 1927 MB
cache 51392512
rss 1969426432
rss_huge 0
mapped_file 17461248
writeback 0
swap 0
pgpgin 582791
pgpgout 89427
pgfault 685851
pgmajfault 310
inactive_anon 45056
active_anon 1969455104
inactive_file 25550848
active_file 25767936
unevictable 0
hierarchical_memory_limit 2147483648
hierarchical_memsw_limit 5368709120
total_cache 51392512
total_rss 1969426432
total_rss_huge 0
total_mapped_file 17461248
total_writeback 0
total_swap 0
total_pgpgin 582791
total_pgpgout 89427
total_pgfault 685851
total_pgmajfault 310
total_inactive_anon 45056
total_active_anon 1969455104
total_inactive_file 25550848
total_active_file 25767936
total_unevictable 0
--------------------BLKIO-----------------------
11:0 Read 0
11:0 Write 0
11:0 Sync 0
11:0 Async 0
11:0 Total 0
253:0 Read 55328768
253:0 Write 6633144320
253:0 Sync 6632914944
253:0 Async 55558144
253:0 Total 6688473088
Total 6688473088
--------------------CPUAC-----------------------
user 8966
system 5428
 
Thu May 18 13:09:38 IST 2017
--------------------MEMCG-----------------------
MEM ONLY  : 1927 MB
MEM+SWAP  : 1927 MB
cache 51392512
rss 1969709056
rss_huge 0
mapped_file 17461248
writeback 0
swap 0
pgpgin 582860
pgpgout 89427
pgfault 685920
pgmajfault 310
inactive_anon 45056
active_anon 1969737728
inactive_file 25550848
active_file 25767936
unevictable 0
hierarchical_memory_limit 2147483648
hierarchical_memsw_limit 5368709120
total_cache 51392512
total_rss 1969709056
total_rss_huge 0
total_mapped_file 17461248
total_writeback 0
total_swap 0
total_pgpgin 582860
total_pgpgout 89427
total_pgfault 685920
total_pgmajfault 310
total_inactive_anon 45056
total_active_anon 1969737728
total_inactive_file 25550848
total_active_file 25767936
total_unevictable 0
--------------------BLKIO-----------------------
11:0 Read 0
11:0 Write 0
11:0 Sync 0
11:0 Async 0
11:0 Total 0
253:0 Read 55328768
253:0 Write 6657253376
253:0 Sync 6657024000
253:0 Async 55558144
253:0 Total 6712582144
Total 6712582144
--------------------CPUAC-----------------------
user 9018
system 5464
 
Thu May 18 13:10:08 IST 2017
--------------------MEMCG-----------------------
MEM ONLY  : 1927 MB
MEM+SWAP  : 1927 MB
cache 51392512
rss 1969827840
rss_huge 0
mapped_file 17461248
writeback 0
swap 0
pgpgin 582907
pgpgout 89445
pgfault 685967
pgmajfault 310
inactive_anon 45056
active_anon 1969856512
inactive_file 25550848
active_file 25767936
unevictable 0
hierarchical_memory_limit 2147483648
hierarchical_memsw_limit 5368709120
total_cache 51392512
total_rss 1969827840
total_rss_huge 0
total_mapped_file 17461248
total_writeback 0
total_swap 0
total_pgpgin 582907
total_pgpgout 89445
total_pgfault 685967
total_pgmajfault 310
total_inactive_anon 45056
total_active_anon 1969856512
total_inactive_file 25550848
total_active_file 25767936
total_unevictable 0
--------------------BLKIO-----------------------
11:0 Read 0
11:0 Write 0
11:0 Sync 0
11:0 Async 0
11:0 Total 0
253:0 Read 55328768
253:0 Write 6715129856
253:0 Sync 6714900480
253:0 Async 55558144
253:0 Total 6770458624
Total 6770458624
--------------------CPUAC-----------------------
user 9063
system 5494
 
Thu May 18 13:10:38 IST 2017
--------------------MEMCG-----------------------
MEM ONLY  : 1927 MB
MEM+SWAP  : 1927 MB
cache 51392512
rss 1969827840
rss_huge 0
mapped_file 17461248
writeback 0
swap 0
pgpgin 582907
pgpgout 89445
pgfault 685967
pgmajfault 310
inactive_anon 45056
active_anon 1969856512
inactive_file 25550848
active_file 25767936
unevictable 0
hierarchical_memory_limit 2147483648
hierarchical_memsw_limit 5368709120
total_cache 51392512
total_rss 1969827840
total_rss_huge 0
total_mapped_file 17461248
total_writeback 0
total_swap 0
total_pgpgin 582907
total_pgpgout 89445
total_pgfault 685967
total_pgmajfault 310
total_inactive_anon 45056
total_active_anon 1969856512
total_inactive_file 25550848
total_active_file 25767936
total_unevictable 0
--------------------BLKIO-----------------------
11:0 Read 0
11:0 Write 0
11:0 Sync 0
11:0 Async 0
11:0 Total 0
253:0 Read 55328768
253:0 Write 6734708736
253:0 Sync 6734479360
253:0 Async 55558144
253:0 Total 6790037504
Total 6790037504
--------------------CPUAC-----------------------
user 9067
system 5495
 
Thu May 18 13:11:08 IST 2017
--------------------MEMCG-----------------------
MEM ONLY  : 1927 MB
MEM+SWAP  : 1927 MB
cache 51392512
rss 1969827840
rss_huge 0
mapped_file 17461248
writeback 0
swap 0
pgpgin 582907
pgpgout 89445
pgfault 685967
pgmajfault 310
inactive_anon 45056
active_anon 1969856512
inactive_file 25550848
active_file 25767936
unevictable 0
hierarchical_memory_limit 2147483648
hierarchical_memsw_limit 5368709120
total_cache 51392512
total_rss 1969827840
total_rss_huge 0
total_mapped_file 17461248
total_writeback 0
total_swap 0
total_pgpgin 582907
total_pgpgout 89445
total_pgfault 685967
total_pgmajfault 310
total_inactive_anon 45056
total_active_anon 1969856512
total_inactive_file 25550848
total_active_file 25767936
total_unevictable 0
--------------------BLKIO-----------------------
11:0 Read 0
11:0 Write 0
11:0 Sync 0
11:0 Async 0
11:0 Total 0
253:0 Read 55328768
253:0 Write 6734708736
253:0 Sync 6734479360
253:0 Async 55558144
253:0 Total 6790037504
Total 6790037504
--------------------CPUAC-----------------------
user 9070
system 5495
 
Thu May 18 13:11:38 IST 2017
--------------------MEMCG-----------------------
MEM ONLY  : 1927 MB
MEM+SWAP  : 1927 MB
cache 51392512
rss 1969827840
rss_huge 0
mapped_file 17461248
writeback 0
swap 0
pgpgin 582907
pgpgout 89445
pgfault 685967
pgmajfault 310
inactive_anon 45056
active_anon 1969856512
inactive_file 25550848
active_file 25767936
unevictable 0
hierarchical_memory_limit 2147483648
hierarchical_memsw_limit 5368709120
total_cache 51392512
total_rss 1969827840
total_rss_huge 0
total_mapped_file 17461248
total_writeback 0
total_swap 0
total_pgpgin 582907
total_pgpgout 89445
total_pgfault 685967
total_pgmajfault 310
total_inactive_anon 45056
total_active_anon 1969856512
total_inactive_file 25550848
total_active_file 25767936
total_unevictable 0
--------------------BLKIO-----------------------
11:0 Read 0
11:0 Write 0
11:0 Sync 0
11:0 Async 0
11:0 Total 0
253:0 Read 55328768
253:0 Write 6734708736
253:0 Sync 6734479360
253:0 Async 55558144
253:0 Total 6790037504
Total 6790037504
--------------------CPUAC-----------------------
user 9072
system 5496
 
Thu May 18 13:12:08 IST 2017
--------------------MEMCG-----------------------
MEM ONLY  : 1927 MB
MEM+SWAP  : 1927 MB
cache 51392512
rss 1969827840
rss_huge 0
mapped_file 17461248
writeback 0
swap 0
pgpgin 582907
pgpgout 89445
pgfault 685967
pgmajfault 310
inactive_anon 45056
active_anon 1969856512
inactive_file 25550848
active_file 25767936
unevictable 0
hierarchical_memory_limit 2147483648
hierarchical_memsw_limit 5368709120
total_cache 51392512
total_rss 1969827840
total_rss_huge 0
total_mapped_file 17461248
total_writeback 0
total_swap 0
total_pgpgin 582907
total_pgpgout 89445
total_pgfault 685967
total_pgmajfault 310
total_inactive_anon 45056
total_active_anon 1969856512
total_inactive_file 25550848
total_active_file 25767936
total_unevictable 0
--------------------BLKIO-----------------------
11:0 Read 0
11:0 Write 0
11:0 Sync 0
11:0 Async 0
11:0 Total 0
253:0 Read 55328768
253:0 Write 6734708736
253:0 Sync 6734479360
253:0 Async 55558144
253:0 Total 6790037504
Total 6790037504
--------------------CPUAC-----------------------
user 9074
system 5496
 
Thu May 18 13:12:38 IST 2017
--------------------MEMCG-----------------------
MEM ONLY  : 1927 MB
MEM+SWAP  : 1927 MB
cache 51392512
rss 1969827840
rss_huge 0
mapped_file 17461248
writeback 0
swap 0
pgpgin 582907
pgpgout 89445
pgfault 685967
pgmajfault 310
inactive_anon 45056
active_anon 1969856512
inactive_file 25550848
active_file 25767936
unevictable 0
hierarchical_memory_limit 2147483648
hierarchical_memsw_limit 5368709120
total_cache 51392512
total_rss 1969827840
total_rss_huge 0
total_mapped_file 17461248
total_writeback 0
total_swap 0
total_pgpgin 582907
total_pgpgout 89445
total_pgfault 685967
total_pgmajfault 310
total_inactive_anon 45056
total_active_anon 1969856512
total_inactive_file 25550848
total_active_file 25767936
total_unevictable 0
--------------------BLKIO-----------------------
11:0 Read 0
11:0 Write 0
11:0 Sync 0
11:0 Async 0
11:0 Total 0
253:0 Read 55328768
253:0 Write 6734708736
253:0 Sync 6734479360
253:0 Async 55558144
253:0 Total 6790037504
Total 6790037504
--------------------CPUAC-----------------------
user 9076
system 5496
 
Thu May 18 13:13:08 IST 2017
--------------------MEMCG-----------------------
MEM ONLY  : 1927 MB
MEM+SWAP  : 1927 MB
cache 51392512
rss 1969827840
rss_huge 0
mapped_file 17461248
writeback 0
swap 0
pgpgin 582907
pgpgout 89445
pgfault 685967
pgmajfault 310
inactive_anon 45056
active_anon 1969856512
inactive_file 25550848
active_file 25767936
unevictable 0
hierarchical_memory_limit 2147483648
hierarchical_memsw_limit 5368709120
total_cache 51392512
total_rss 1969827840
total_rss_huge 0
total_mapped_file 17461248
total_writeback 0
total_swap 0
total_pgpgin 582907
total_pgpgout 89445
total_pgfault 685967
total_pgmajfault 310
total_inactive_anon 45056
total_active_anon 1969856512
total_inactive_file 25550848
total_active_file 25767936
total_unevictable 0
--------------------BLKIO-----------------------
11:0 Read 0
11:0 Write 0
11:0 Sync 0
11:0 Async 0
11:0 Total 0
253:0 Read 55328768
253:0 Write 6734708736
253:0 Sync 6734479360
253:0 Async 55558144
253:0 Total 6790037504
Total 6790037504
--------------------CPUAC-----------------------
user 9078
system 5496
 
Thu May 18 13:13:38 IST 2017
--------------------MEMCG-----------------------
MEM ONLY  : 1927 MB
MEM+SWAP  : 1927 MB
cache 51392512
rss 1969827840
rss_huge 0
mapped_file 17461248
writeback 0
swap 0
pgpgin 582907
pgpgout 89445
pgfault 685967
pgmajfault 310
inactive_anon 45056
active_anon 1969856512
inactive_file 25550848
active_file 25767936
unevictable 0
hierarchical_memory_limit 2147483648
hierarchical_memsw_limit 5368709120
total_cache 51392512
total_rss 1969827840
total_rss_huge 0
total_mapped_file 17461248
total_writeback 0
total_swap 0
total_pgpgin 582907
total_pgpgout 89445
total_pgfault 685967
total_pgmajfault 310
total_inactive_anon 45056
total_active_anon 1969856512
total_inactive_file 25550848
total_active_file 25767936
total_unevictable 0
--------------------BLKIO-----------------------
11:0 Read 0
11:0 Write 0
11:0 Sync 0
11:0 Async 0
11:0 Total 0
253:0 Read 55328768
253:0 Write 6734708736
253:0 Sync 6734479360
253:0 Async 55558144
253:0 Total 6790037504
Total 6790037504
--------------------CPUAC-----------------------
user 9080
system 5496
 
Thu May 18 13:14:08 IST 2017
--------------------MEMCG-----------------------
MEM ONLY  : 1927 MB
MEM+SWAP  : 1927 MB
cache 51392512
rss 1969827840
rss_huge 0
mapped_file 17461248
writeback 0
swap 0
pgpgin 582907
pgpgout 89445
pgfault 685967
pgmajfault 310
inactive_anon 45056
active_anon 1969856512
inactive_file 25550848
active_file 25767936
unevictable 0
hierarchical_memory_limit 2147483648
hierarchical_memsw_limit 5368709120
total_cache 51392512
total_rss 1969827840
total_rss_huge 0
total_mapped_file 17461248
total_writeback 0
total_swap 0
total_pgpgin 582907
total_pgpgout 89445
total_pgfault 685967
total_pgmajfault 310
total_inactive_anon 45056
total_active_anon 1969856512
total_inactive_file 25550848
total_active_file 25767936
total_unevictable 0
--------------------BLKIO-----------------------
11:0 Read 0
11:0 Write 0
11:0 Sync 0
11:0 Async 0
11:0 Total 0
253:0 Read 55328768
253:0 Write 6734708736
253:0 Sync 6734479360
253:0 Async 55558144
253:0 Total 6790037504
Total 6790037504
--------------------CPUAC-----------------------
user 9082
system 5496
 
Thu May 18 13:14:38 IST 2017
--------------------MEMCG-----------------------
MEM ONLY  : 1927 MB
MEM+SWAP  : 1927 MB
cache 51392512
rss 1969827840
rss_huge 0
mapped_file 17461248
writeback 0
swap 0
pgpgin 582907
pgpgout 89445
pgfault 685967
pgmajfault 310
inactive_anon 45056
active_anon 1969856512
inactive_file 25550848
active_file 25767936
unevictable 0
hierarchical_memory_limit 2147483648
hierarchical_memsw_limit 5368709120
total_cache 51392512
total_rss 1969827840
total_rss_huge 0
total_mapped_file 17461248
total_writeback 0
total_swap 0
total_pgpgin 582907
total_pgpgout 89445
total_pgfault 685967
total_pgmajfault 310
total_inactive_anon 45056
total_active_anon 1969856512
total_inactive_file 25550848
total_active_file 25767936
total_unevictable 0
--------------------BLKIO-----------------------
11:0 Read 0
11:0 Write 0
11:0 Sync 0
11:0 Async 0
11:0 Total 0
253:0 Read 55328768
253:0 Write 6734708736
253:0 Sync 6734479360
253:0 Async 55558144
253:0 Total 6790037504
Total 6790037504
--------------------CPUAC-----------------------
user 9084
system 5496
 
