/usr/lib/jvm/java-7-openjdk-amd64/bin/java -cp /home/vm1/clients/ycsb_mongo/mongodb-binding/conf:/home/vm1/clients/ycsb_mongo/conf:/home/vm1/clients/ycsb_mongo/lib/jackson-mapper-asl-1.9.4.jar:/home/vm1/clients/ycsb_mongo/lib/jackson-core-asl-1.9.4.jar:/home/vm1/clients/ycsb_mongo/lib/htrace-core4-4.1.0-incubating.jar:/home/vm1/clients/ycsb_mongo/lib/core-0.12.0.jar:/home/vm1/clients/ycsb_mongo/lib/HdrHistogram-2.1.4.jar:/home/vm1/clients/ycsb_mongo/mongodb-binding/lib/mongo-java-driver-3.0.3.jar:/home/vm1/clients/ycsb_mongo/mongodb-binding/lib/logback-core-1.1.2.jar:/home/vm1/clients/ycsb_mongo/mongodb-binding/lib/mongodb-binding-0.12.0.jar:/home/vm1/clients/ycsb_mongo/mongodb-binding/lib/logback-classic-1.1.2.jar:/home/vm1/clients/ycsb_mongo/mongodb-binding/lib/mongodb-async-driver-2.0.1.jar:/home/vm1/clients/ycsb_mongo/mongodb-binding/lib/slf4j-api-1.6.4.jar com.yahoo.ycsb.Client -db com.yahoo.ycsb.db.MongoDbClient -s -P /home/vm1/clients/ycsb_mongo/workloads/workload1 -p mongodb.url=mongodb://10.0.3.220:27017/ycsb?w=0 -p maxexecutiontime=600 -t
YCSB Client 0.12.0
Command line: -db com.yahoo.ycsb.db.MongoDbClient -s -P /home/vm1/clients/ycsb_mongo/workloads/workload1 -p mongodb.url=mongodb://10.0.3.220:27017/ycsb?w=0 -p maxexecutiontime=600 -t
Loading workload...
Starting test.
Maximum execution time specified as: 600 secs
2017-05-20 12:33:10:041 0 sec: 0 operations; est completion in 0 seconds 
mongo client connection created with mongodb://10.0.3.220:27017/ycsb?w=0
DBWrapper: report latency for each error is false and specific error codes to track for latency are: []
2017-05-20 12:33:20:015 10 sec: 620 operations; 61.99 current ops/sec; est completion in 1 days 20 hours [READ: Count=620, Max=666623, Min=493, Avg=15337.92, 90=32831, 99=250495, 99.9=375551, 99.99=666623] 
2017-05-20 12:33:30:015 20 sec: 863 operations; 24.3 current ops/sec; est completion in 2 days 16 hours [READ: Count=243, Max=487423, Min=468, Avg=40782.98, 90=175359, 99=412671, 99.9=487423, 99.99=487423] 
2017-05-20 12:33:40:015 30 sec: 1091 operations; 22.8 current ops/sec; est completion in 3 days 4 hours [READ: Count=228, Max=492543, Min=397, Avg=43166.64, 90=196479, 99=329215, 99.9=492543, 99.99=492543] 
2017-05-20 12:33:50:015 40 sec: 1286 operations; 19.5 current ops/sec; est completion in 3 days 14 hours [READ: Count=195, Max=606719, Min=406, Avg=52073.18, 90=223615, 99=459775, 99.9=606719, 99.99=606719] 
2017-05-20 12:34:00:015 50 sec: 1615 operations; 32.9 current ops/sec; est completion in 3 days 13 hours [READ: Count=329, Max=312831, Min=365, Avg=30371.6, 90=159743, 99=295423, 99.9=312831, 99.99=312831] 
2017-05-20 12:34:10:015 60 sec: 1801 operations; 18.6 current ops/sec; est completion in 3 days 20 hours [READ: Count=186, Max=529919, Min=382, Avg=53478.13, 90=217087, 99=492543, 99.9=529919, 99.99=529919] 
2017-05-20 12:34:20:015 70 sec: 2019 operations; 21.8 current ops/sec; est completion in 4 days [READ: Count=218, Max=454655, Min=355, Avg=45552.49, 90=223999, 99=375295, 99.9=454655, 99.99=454655] 
2017-05-20 12:34:30:015 80 sec: 2193 operations; 17.4 current ops/sec; est completion in 4 days 5 hours [READ: Count=174, Max=794623, Min=336, Avg=56928.13, 90=235519, 99=398847, 99.9=794623, 99.99=794623] 
2017-05-20 12:34:40:015 90 sec: 2406 operations; 21.3 current ops/sec; est completion in 4 days 7 hours [READ: Count=213, Max=484863, Min=338, Avg=48312.96, 90=195711, 99=339199, 99.9=484863, 99.99=484863] 
2017-05-20 12:34:50:015 100 sec: 2633 operations; 22.7 current ops/sec; est completion in 4 days 9 hours [READ: Count=227, Max=566783, Min=321, Avg=44055.27, 90=193919, 99=302591, 99.9=566783, 99.99=566783] 
2017-05-20 12:35:00:015 110 sec: 2943 operations; 31 current ops/sec; est completion in 4 days 7 hours [READ: Count=310, Max=412927, Min=300, Avg=32073.71, 90=157055, 99=305407, 99.9=412927, 99.99=412927] 
2017-05-20 12:35:10:015 120 sec: 3229 operations; 28.6 current ops/sec; est completion in 4 days 7 hours [READ: Count=286, Max=577023, Min=290, Avg=35027.98, 90=164991, 99=324351, 99.9=577023, 99.99=577023] 
2017-05-20 12:35:20:015 130 sec: 3522 operations; 29.3 current ops/sec; est completion in 4 days 6 hours [READ: Count=293, Max=418047, Min=278, Avg=32714.31, 90=138751, 99=309503, 99.9=418047, 99.99=418047] 
2017-05-20 12:35:30:015 140 sec: 3796 operations; 27.4 current ops/sec; est completion in 4 days 6 hours [READ: Count=274, Max=447231, Min=282, Avg=37967.93, 90=184831, 99=340735, 99.9=447231, 99.99=447231] 
2017-05-20 12:35:40:015 150 sec: 4041 operations; 24.5 current ops/sec; est completion in 4 days 7 hours [READ: Count=245, Max=366847, Min=279, Avg=40667.58, 90=189823, 99=358143, 99.9=366847, 99.99=366847] 
2017-05-20 12:35:50:015 160 sec: 4237 operations; 19.6 current ops/sec; est completion in 4 days 8 hours [READ: Count=196, Max=467455, Min=284, Avg=50785.87, 90=199679, 99=310271, 99.9=467455, 99.99=467455] 
2017-05-20 12:36:00:015 170 sec: 4410 operations; 17.3 current ops/sec; est completion in 4 days 11 hours [READ: Count=173, Max=457727, Min=285, Avg=56891.72, 90=259071, 99=392703, 99.9=457727, 99.99=457727] 
2017-05-20 12:36:10:015 180 sec: 4594 operations; 18.4 current ops/sec; est completion in 4 days 12 hours [READ: Count=184, Max=500735, Min=291, Avg=54892.86, 90=236799, 99=395775, 99.9=500735, 99.99=500735] 
2017-05-20 12:36:20:015 190 sec: 4754 operations; 16 current ops/sec; est completion in 4 days 14 hours [READ: Count=160, Max=720895, Min=269, Avg=62354.3, 90=249215, 99=390655, 99.9=720895, 99.99=720895] 
2017-05-20 12:36:30:015 200 sec: 4916 operations; 16.2 current ops/sec; est completion in 4 days 16 hours [READ: Count=162, Max=420863, Min=289, Avg=61996.48, 90=257023, 99=349439, 99.9=420863, 99.99=420863] 
2017-05-20 12:36:40:015 210 sec: 5051 operations; 13.5 current ops/sec; est completion in 4 days 19 hours [READ: Count=135, Max=521471, Min=262, Avg=74086.61, 90=297215, 99=477183, 99.9=521471, 99.99=521471] 
2017-05-20 12:36:50:015 220 sec: 5161 operations; 11 current ops/sec; est completion in 4 days 22 hours [READ: Count=110, Max=546815, Min=279, Avg=91721.44, 90=346367, 99=498431, 99.9=546815, 99.99=546815] 
2017-05-20 12:37:00:015 230 sec: 5296 operations; 13.5 current ops/sec; est completion in 5 days [READ: Count=135, Max=552447, Min=235, Avg=72509.56, 90=286207, 99=549887, 99.9=552447, 99.99=552447] 
2017-05-20 12:37:10:015 240 sec: 5413 operations; 11.7 current ops/sec; est completion in 5 days 3 hours [READ: Count=117, Max=616959, Min=229, Avg=84758.8, 90=333311, 99=598527, 99.9=616959, 99.99=616959] 
2017-05-20 12:37:20:015 250 sec: 5538 operations; 12.5 current ops/sec; est completion in 5 days 5 hours [READ: Count=125, Max=550399, Min=252, Avg=81168.52, 90=319999, 99=495103, 99.9=550399, 99.99=550399] 
2017-05-20 12:37:30:015 260 sec: 5702 operations; 16.4 current ops/sec; est completion in 5 days 6 hours [READ: Count=164, Max=483327, Min=248, Avg=60500.2, 90=248575, 99=480255, 99.9=483327, 99.99=483327] 
2017-05-20 12:37:40:015 270 sec: 5877 operations; 17.5 current ops/sec; est completion in 5 days 7 hours [READ: Count=175, Max=530943, Min=235, Avg=57797.45, 90=262015, 99=412415, 99.9=530943, 99.99=530943] 
2017-05-20 12:37:50:015 280 sec: 6044 operations; 16.7 current ops/sec; est completion in 5 days 8 hours [READ: Count=167, Max=450815, Min=240, Avg=59693.93, 90=243967, 99=411135, 99.9=450815, 99.99=450815] 
2017-05-20 12:38:00:015 290 sec: 6234 operations; 19 current ops/sec; est completion in 5 days 9 hours [READ: Count=190, Max=441855, Min=241, Avg=52695.4, 90=242943, 99=394751, 99.9=441855, 99.99=441855] 
2017-05-20 12:38:10:015 300 sec: 6423 operations; 18.9 current ops/sec; est completion in 5 days 9 hours [READ: Count=189, Max=519679, Min=226, Avg=52230.9, 90=217727, 99=366847, 99.9=519679, 99.99=519679] 
2017-05-20 12:38:20:015 310 sec: 6584 operations; 16.1 current ops/sec; est completion in 5 days 10 hours [READ: Count=161, Max=422399, Min=245, Avg=62633.32, 90=246143, 99=367359, 99.9=422399, 99.99=422399] 
2017-05-20 12:38:30:015 320 sec: 6763 operations; 17.9 current ops/sec; est completion in 5 days 11 hours [READ: Count=179, Max=515071, Min=218, Avg=56230.45, 90=228863, 99=410879, 99.9=515071, 99.99=515071] 
2017-05-20 12:38:40:015 330 sec: 6937 operations; 17.4 current ops/sec; est completion in 5 days 12 hours [READ: Count=174, Max=525823, Min=259, Avg=55439.3, 90=250367, 99=431615, 99.9=525823, 99.99=525823] 
2017-05-20 12:38:50:015 340 sec: 7127 operations; 19 current ops/sec; est completion in 5 days 12 hours [READ: Count=190, Max=574463, Min=221, Avg=54824.73, 90=217215, 99=425727, 99.9=574463, 99.99=574463] 
2017-05-20 12:39:00:015 350 sec: 7289 operations; 16.2 current ops/sec; est completion in 5 days 13 hours [READ: Count=162, Max=428287, Min=221, Avg=61085.33, 90=233087, 99=372479, 99.9=428287, 99.99=428287] 
2017-05-20 12:39:10:015 360 sec: 7440 operations; 15.1 current ops/sec; est completion in 5 days 14 hours [READ: Count=151, Max=509695, Min=247, Avg=65612.63, 90=245759, 99=389887, 99.9=509695, 99.99=509695] 
2017-05-20 12:39:20:015 370 sec: 7611 operations; 17.1 current ops/sec; est completion in 5 days 14 hours [READ: Count=171, Max=605183, Min=254, Avg=58336.96, 90=225535, 99=498687, 99.9=605183, 99.99=605183] 
2017-05-20 12:39:30:015 380 sec: 7779 operations; 16.8 current ops/sec; est completion in 5 days 15 hours [READ: Count=168, Max=571903, Min=228, Avg=60149.38, 90=259583, 99=435711, 99.9=571903, 99.99=571903] 
2017-05-20 12:39:40:015 390 sec: 7918 operations; 13.9 current ops/sec; est completion in 5 days 16 hours [READ: Count=139, Max=629247, Min=236, Avg=71922.92, 90=255359, 99=492031, 99.9=629247, 99.99=629247] 
2017-05-20 12:39:50:015 400 sec: 8092 operations; 17.4 current ops/sec; est completion in 5 days 17 hours [READ: Count=174, Max=432639, Min=224, Avg=55473.87, 90=246015, 99=373759, 99.9=432639, 99.99=432639] 
2017-05-20 12:40:00:015 410 sec: 8254 operations; 16.2 current ops/sec; est completion in 5 days 17 hours [READ: Count=162, Max=521983, Min=226, Avg=64369.49, 90=257535, 99=404479, 99.9=521983, 99.99=521983] 
2017-05-20 12:40:10:015 420 sec: 8494 operations; 24 current ops/sec; est completion in 5 days 17 hours [READ: Count=240, Max=645119, Min=244, Avg=41236.22, 90=187391, 99=410623, 99.9=645119, 99.99=645119] 
2017-05-20 12:40:20:015 430 sec: 8698 operations; 20.4 current ops/sec; est completion in 5 days 17 hours [READ: Count=204, Max=602111, Min=240, Avg=48909.18, 90=220415, 99=423679, 99.9=602111, 99.99=602111] 
2017-05-20 12:40:30:015 440 sec: 8883 operations; 18.5 current ops/sec; est completion in 5 days 17 hours [READ: Count=185, Max=482559, Min=231, Avg=53714.82, 90=222719, 99=417023, 99.9=482559, 99.99=482559] 
2017-05-20 12:40:40:015 450 sec: 9048 operations; 16.5 current ops/sec; est completion in 5 days 18 hours [READ: Count=165, Max=637439, Min=240, Avg=61530.67, 90=214911, 99=576511, 99.9=637439, 99.99=637439] 
2017-05-20 12:40:50:015 460 sec: 9297 operations; 24.9 current ops/sec; est completion in 5 days 17 hours [READ: Count=249, Max=418815, Min=231, Avg=39661.14, 90=170367, 99=345855, 99.9=418815, 99.99=418815] 
2017-05-20 12:41:00:015 470 sec: 9560 operations; 26.3 current ops/sec; est completion in 5 days 16 hours [READ: Count=263, Max=500479, Min=233, Avg=38422.32, 90=189567, 99=322815, 99.9=500479, 99.99=500479] 
2017-05-20 12:41:10:015 480 sec: 9855 operations; 29.5 current ops/sec; est completion in 5 days 15 hours [READ: Count=295, Max=352767, Min=222, Avg=33991.12, 90=171391, 99=283647, 99.9=352767, 99.99=352767] 
2017-05-20 12:41:20:015 490 sec: 10242 operations; 38.7 current ops/sec; est completion in 5 days 12 hours [READ: Count=387, Max=430079, Min=159, Avg=25130.85, 90=76159, 99=287231, 99.9=430079, 99.99=430079] 
2017-05-20 12:41:30:015 500 sec: 10551 operations; 30.9 current ops/sec; est completion in 5 days 11 hours [READ: Count=309, Max=405759, Min=169, Avg=33100.88, 90=146687, 99=346111, 99.9=405759, 99.99=405759] 
2017-05-20 12:41:40:015 510 sec: 10999 operations; 44.8 current ops/sec; est completion in 5 days 8 hours [READ: Count=448, Max=383999, Min=153, Avg=22253.38, 90=69503, 99=310015, 99.9=383999, 99.99=383999] 
2017-05-20 12:41:50:015 520 sec: 11288 operations; 28.9 current ops/sec; est completion in 5 days 7 hours [READ: Count=289, Max=576511, Min=150, Avg=34591.72, 90=119167, 99=318719, 99.9=576511, 99.99=576511] 
2017-05-20 12:42:00:015 530 sec: 11758 operations; 47 current ops/sec; est completion in 5 days 5 hours [READ: Count=470, Max=329471, Min=143, Avg=21350.91, 90=70655, 99=215039, 99.9=329471, 99.99=329471] 
2017-05-20 12:42:10:015 540 sec: 12149 operations; 39.1 current ops/sec; est completion in 5 days 3 hours [READ: Count=391, Max=290303, Min=138, Avg=25463.35, 90=84415, 99=259455, 99.9=290303, 99.99=290303] 
2017-05-20 12:42:20:015 550 sec: 12599 operations; 45 current ops/sec; est completion in 5 days 1 hours [READ: Count=450, Max=356351, Min=143, Avg=22354.44, 90=77951, 99=261631, 99.9=356351, 99.99=356351] 
2017-05-20 12:42:30:015 560 sec: 12986 operations; 38.7 current ops/sec; est completion in 4 days 23 hours [READ: Count=387, Max=386815, Min=138, Avg=25416.02, 90=85887, 99=306175, 99.9=386815, 99.99=386815] 
2017-05-20 12:42:40:015 570 sec: 13300 operations; 31.4 current ops/sec; est completion in 4 days 22 hours [READ: Count=314, Max=541183, Min=131, Avg=32337.53, 90=139391, 99=365311, 99.9=541183, 99.99=541183] 
2017-05-20 12:42:50:015 580 sec: 13766 operations; 46.6 current ops/sec; est completion in 4 days 20 hours [READ: Count=466, Max=461567, Min=124, Avg=21275.78, 90=65311, 99=231167, 99.9=461567, 99.99=461567] 
2017-05-20 12:43:00:015 590 sec: 14193 operations; 42.7 current ops/sec; est completion in 4 days 19 hours [READ: Count=427, Max=304639, Min=138, Avg=23600.07, 90=86399, 99=252543, 99.9=304639, 99.99=304639] 
Maximum time elapsed. Requesting stop for the workload.
2017-05-20 12:43:10:015 600 sec: 14589 operations; 39.6 current ops/sec; est completion in 4 days 18 hours [READ: Count=396, Max=328959, Min=134, Avg=24802.63, 90=86847, 99=250623, 99.9=328959, 99.99=328959] 
Stop requested for workload. Now Joining!
2017-05-20 12:43:10:099 600 sec: 14590 operations; 11.9 current ops/sec; est completion in 4 days 18 hours [CLEANUP: Count=1, Max=1457, Min=1457, Avg=1457, 90=1457, 99=1457, 99.9=1457, 99.99=1457] [READ: Count=1, Max=270335, Min=270080, Avg=270208, 90=270335, 99=270335, 99.9=270335, 99.99=270335] 
[OVERALL], RunTime(ms), 600085.0
[OVERALL], Throughput(ops/sec), 24.31322229350842
[TOTAL_GCS_PS_Scavenge], Count, 9.0
[TOTAL_GC_TIME_PS_Scavenge], Time(ms), 42.0
[TOTAL_GC_TIME_%_PS_Scavenge], Time(%), 0.006999008473799546
[TOTAL_GCS_PS_MarkSweep], Count, 0.0
[TOTAL_GC_TIME_PS_MarkSweep], Time(ms), 0.0
[TOTAL_GC_TIME_%_PS_MarkSweep], Time(%), 0.0
[TOTAL_GCs], Count, 9.0
[TOTAL_GC_TIME], Time(ms), 42.0
[TOTAL_GC_TIME_%], Time(%), 0.006999008473799546
[CLEANUP], Operations, 1.0
[CLEANUP], AverageLatency(us), 1457.0
[CLEANUP], MinLatency(us), 1457.0
[CLEANUP], MaxLatency(us), 1457.0
[CLEANUP], 95thPercentileLatency(us), 1457.0
[CLEANUP], 99thPercentileLatency(us), 1457.0
[READ], Operations, 14590.0
[READ], AverageLatency(us), 41078.45455791638
[READ], MinLatency(us), 124.0
[READ], MaxLatency(us), 794623.0
[READ], 95thPercentileLatency(us), 253823.0
[READ], 99thPercentileLatency(us), 395263.0
[READ], Return=OK, 14590
