java -cp /home/ubuntu/ycsb/mongodb-binding/conf:/home/ubuntu/ycsb/conf:/home/ubuntu/ycsb/lib/jackson-mapper-asl-1.9.4.jar:/home/ubuntu/ycsb/lib/jackson-core-asl-1.9.4.jar:/home/ubuntu/ycsb/lib/htrace-core4-4.1.0-incubating.jar:/home/ubuntu/ycsb/lib/core-0.12.0.jar:/home/ubuntu/ycsb/lib/HdrHistogram-2.1.4.jar:/home/ubuntu/ycsb/mongodb-binding/lib/mongo-java-driver-3.0.3.jar:/home/ubuntu/ycsb/mongodb-binding/lib/logback-core-1.1.2.jar:/home/ubuntu/ycsb/mongodb-binding/lib/mongodb-binding-0.12.0.jar:/home/ubuntu/ycsb/mongodb-binding/lib/logback-classic-1.1.2.jar:/home/ubuntu/ycsb/mongodb-binding/lib/mongodb-async-driver-2.0.1.jar:/home/ubuntu/ycsb/mongodb-binding/lib/slf4j-api-1.6.4.jar com.yahoo.ycsb.Client -db com.yahoo.ycsb.db.MongoDbClient -s -P /home/ubuntu/ycsb/workloads/workload1 -p mongodb.url=mongodb://10.0.3.220:27017/ycsb?w=0 -p maxexecutiontime=1500 -t
YCSB Client 0.12.0
Command line: -db com.yahoo.ycsb.db.MongoDbClient -s -P /home/ubuntu/ycsb/workloads/workload1 -p mongodb.url=mongodb://10.0.3.220:27017/ycsb?w=0 -p maxexecutiontime=1500 -t
Loading workload...
Starting test.
Maximum execution time specified as: 1500 secs
2017-05-16 03:34:54:786 0 sec: 0 operations; est completion in 0 seconds 
mongo client connection created with mongodb://10.0.3.220:27017/ycsb?w=0
DBWrapper: report latency for each error is false and specific error codes to track for latency are: []
2017-05-16 03:35:04:674 10 sec: 493 operations; 49.3 current ops/sec; est completion in 2 days 8 hours [READ: Count=494, Max=220159, Min=1681, Avg=18518.16, 90=28719, 99=38591, 99.9=220159, 99.99=220159] 
2017-05-16 03:35:14:674 20 sec: 1216 operations; 72.3 current ops/sec; est completion in 1 days 21 hours [READ: Count=722, Max=53279, Min=266, Avg=13813.31, 90=23919, 99=32303, 99.9=51807, 99.99=53279] 
2017-05-16 03:35:24:674 30 sec: 2060 operations; 84.4 current ops/sec; est completion in 1 days 16 hours [READ: Count=844, Max=58271, Min=228, Avg=11818.39, 90=17967, 99=32319, 99.9=41215, 99.99=58271] 
2017-05-16 03:35:34:674 40 sec: 3038 operations; 97.8 current ops/sec; est completion in 1 days 12 hours [READ: Count=978, Max=104319, Min=221, Avg=10222.79, 90=15567, 99=23983, 99.9=104191, 99.99=104319] 
2017-05-16 03:35:44:674 50 sec: 4019 operations; 98.1 current ops/sec; est completion in 1 days 10 hours [READ: Count=981, Max=129343, Min=189, Avg=10179.5, 90=15367, 99=22719, 99.9=69567, 99.99=129343] 
2017-05-16 03:35:54:674 60 sec: 5037 operations; 101.8 current ops/sec; est completion in 1 days 9 hours [READ: Count=1018, Max=35807, Min=180, Avg=9812.73, 90=15311, 99=17087, 99.9=28959, 99.99=35807] 
2017-05-16 03:36:04:674 70 sec: 6088 operations; 105.1 current ops/sec; est completion in 1 days 7 hours [READ: Count=1051, Max=71487, Min=171, Avg=9496.68, 90=15263, 99=17231, 99.9=55231, 99.99=71487] 
2017-05-16 03:36:14:674 80 sec: 7122 operations; 103.4 current ops/sec; est completion in 1 days 7 hours [READ: Count=1034, Max=76351, Min=157, Avg=9644.62, 90=15407, 99=17583, 99.9=66303, 99.99=76351] 
2017-05-16 03:36:24:674 90 sec: 8165 operations; 104.3 current ops/sec; est completion in 1 days 6 hours [READ: Count=1043, Max=95551, Min=153, Avg=9581.97, 90=15471, 99=23519, 99.9=49951, 99.99=95551] 
2017-05-16 03:36:34:674 100 sec: 9282 operations; 111.7 current ops/sec; est completion in 1 days 5 hours [READ: Count=1117, Max=59679, Min=150, Avg=8948.52, 90=15031, 99=16735, 99.9=36991, 99.99=59679] 
2017-05-16 03:36:44:674 110 sec: 10383 operations; 110.1 current ops/sec; est completion in 1 days 5 hours [READ: Count=1101, Max=60703, Min=147, Avg=9077.43, 90=15271, 99=16943, 99.9=51039, 99.99=60703] 
2017-05-16 03:36:54:674 120 sec: 11544 operations; 116.1 current ops/sec; est completion in 1 days 4 hours [READ: Count=1161, Max=49663, Min=149, Avg=8604.16, 90=14887, 99=16815, 99.9=46303, 99.99=49663] 
2017-05-16 03:37:04:674 130 sec: 12681 operations; 113.7 current ops/sec; est completion in 1 days 4 hours [READ: Count=1137, Max=105855, Min=147, Avg=8793.62, 90=14823, 99=16735, 99.9=50143, 99.99=105855] 
2017-05-16 03:37:14:674 140 sec: 13852 operations; 117.1 current ops/sec; est completion in 1 days 4 hours [READ: Count=1173, Max=56895, Min=168, Avg=8524.1, 90=14895, 99=16863, 99.9=47263, 99.99=56895] 
2017-05-16 03:37:24:674 150 sec: 15004 operations; 115.2 current ops/sec; est completion in 1 days 3 hours [READ: Count=1150, Max=43839, Min=163, Avg=8682.97, 90=15071, 99=17679, 99.9=34303, 99.99=43839] 
2017-05-16 03:37:34:674 160 sec: 16183 operations; 117.9 current ops/sec; est completion in 1 days 3 hours [READ: Count=1179, Max=49023, Min=167, Avg=8475.55, 90=14935, 99=16863, 99.9=47295, 99.99=49023] 
2017-05-16 03:37:44:674 170 sec: 17354 operations; 117.1 current ops/sec; est completion in 1 days 3 hours [READ: Count=1171, Max=107007, Min=167, Avg=8542.52, 90=14895, 99=17087, 99.9=68223, 99.99=107007] 
2017-05-16 03:37:54:674 180 sec: 18560 operations; 120.6 current ops/sec; est completion in 1 days 2 hours [READ: Count=1206, Max=51679, Min=164, Avg=8277.02, 90=14855, 99=17119, 99.9=38207, 99.99=51679] 
2017-05-16 03:38:04:674 190 sec: 19800 operations; 124 current ops/sec; est completion in 1 days 2 hours [READ: Count=1240, Max=39071, Min=166, Avg=8069.17, 90=14815, 99=16783, 99.9=25919, 99.99=39071] 
2017-05-16 03:38:14:674 200 sec: 21060 operations; 126 current ops/sec; est completion in 1 days 2 hours [READ: Count=1260, Max=104255, Min=163, Avg=7927.56, 90=14887, 99=17391, 99.9=61727, 99.99=104255] 
2017-05-16 03:38:24:674 210 sec: 22276 operations; 121.6 current ops/sec; est completion in 1 days 2 hours [READ: Count=1218, Max=55775, Min=164, Avg=8209.74, 90=14919, 99=17567, 99.9=45215, 99.99=55775] 
2017-05-16 03:38:34:674 220 sec: 23599 operations; 132.3 current ops/sec; est completion in 1 days 1 hours [READ: Count=1321, Max=60639, Min=163, Avg=7564.81, 90=14863, 99=17375, 99.9=34975, 99.99=60639] 
2017-05-16 03:38:44:674 230 sec: 24902 operations; 130.3 current ops/sec; est completion in 1 days 1 hours [READ: Count=1303, Max=56639, Min=167, Avg=7668.34, 90=14607, 99=16831, 99.9=40703, 99.99=56639] 
2017-05-16 03:38:54:674 240 sec: 26250 operations; 134.8 current ops/sec; est completion in 1 days 1 hours [READ: Count=1348, Max=41599, Min=162, Avg=7411.2, 90=14527, 99=16719, 99.9=37791, 99.99=41599] 
2017-05-16 03:39:04:674 250 sec: 27584 operations; 133.4 current ops/sec; est completion in 1 days 1 hours [READ: Count=1334, Max=75327, Min=165, Avg=7489.58, 90=14727, 99=16959, 99.9=50655, 99.99=75327] 
2017-05-16 03:39:14:674 260 sec: 28903 operations; 131.9 current ops/sec; est completion in 1 days [READ: Count=1319, Max=48991, Min=164, Avg=7581, 90=14831, 99=16815, 99.9=33759, 99.99=48991] 
2017-05-16 03:39:24:674 270 sec: 30296 operations; 139.3 current ops/sec; est completion in 1 days [READ: Count=1393, Max=149759, Min=165, Avg=7175.18, 90=14463, 99=16911, 99.9=41727, 99.99=149759] 
2017-05-16 03:39:34:674 280 sec: 31699 operations; 140.3 current ops/sec; est completion in 1 days [READ: Count=1404, Max=51967, Min=167, Avg=7119.14, 90=14391, 99=16767, 99.9=33535, 99.99=51967] 
2017-05-16 03:39:44:674 290 sec: 33120 operations; 142.1 current ops/sec; est completion in 1 days [READ: Count=1420, Max=71295, Min=165, Avg=7032.34, 90=14231, 99=16687, 99.9=59455, 99.99=71295] 
2017-05-16 03:39:54:674 300 sec: 34520 operations; 140 current ops/sec; est completion in 1 days [READ: Count=1400, Max=55775, Min=164, Avg=7138.26, 90=14519, 99=17071, 99.9=48031, 99.99=55775] 
2017-05-16 03:40:04:674 310 sec: 35996 operations; 147.6 current ops/sec; est completion in 23 hours 50 minutes [READ: Count=1476, Max=83135, Min=162, Avg=6765.53, 90=14391, 99=17007, 99.9=36415, 99.99=83135] 
2017-05-16 03:40:14:674 320 sec: 37526 operations; 153 current ops/sec; est completion in 23 hours 35 minutes [READ: Count=1530, Max=51551, Min=165, Avg=6538.38, 90=14407, 99=16879, 99.9=30719, 99.99=51551] 
2017-05-16 03:40:24:674 330 sec: 39038 operations; 151.2 current ops/sec; est completion in 23 hours 23 minutes [READ: Count=1514, Max=98495, Min=162, Avg=6602.02, 90=14351, 99=16719, 99.9=33343, 99.99=98495] 
2017-05-16 03:40:34:674 340 sec: 40616 operations; 157.8 current ops/sec; est completion in 23 hours 9 minutes [READ: Count=1576, Max=47871, Min=164, Avg=6336.77, 90=14087, 99=16831, 99.9=30815, 99.99=47871] 
2017-05-16 03:40:44:675 350 sec: 42124 operations; 150.8 current ops/sec; est completion in 22 hours 58 minutes [READ: Count=1508, Max=88959, Min=163, Avg=6630.38, 90=14199, 99=16719, 99.9=53567, 99.99=88959] 
2017-05-16 03:40:54:674 360 sec: 43765 operations; 164.12 current ops/sec; est completion in 22 hours 44 minutes [READ: Count=1641, Max=33983, Min=161, Avg=6088.94, 90=14223, 99=16783, 99.9=28847, 99.99=33983] 
2017-05-16 03:41:04:674 370 sec: 45355 operations; 158.98 current ops/sec; est completion in 22 hours 33 minutes [READ: Count=1592, Max=113151, Min=160, Avg=6278.13, 90=14567, 99=17247, 99.9=31951, 99.99=113151] 
2017-05-16 03:41:14:675 380 sec: 47059 operations; 170.4 current ops/sec; est completion in 22 hours 19 minutes [READ: Count=1702, Max=96447, Min=163, Avg=5867.08, 90=14007, 99=16591, 99.9=33919, 99.99=96447] 
2017-05-16 03:41:24:674 390 sec: 48828 operations; 176.9 current ops/sec; est completion in 22 hours 4 minutes [READ: Count=1769, Max=49439, Min=163, Avg=5649.24, 90=13703, 99=16735, 99.9=27215, 99.99=49439] 
2017-05-16 03:41:34:674 400 sec: 50544 operations; 171.6 current ops/sec; est completion in 21 hours 52 minutes [READ: Count=1716, Max=53503, Min=161, Avg=5825.05, 90=13935, 99=16623, 99.9=36255, 99.99=53503] 
2017-05-16 03:41:44:674 410 sec: 52354 operations; 181 current ops/sec; est completion in 21 hours 38 minutes [READ: Count=1811, Max=96639, Min=159, Avg=5518.88, 90=13815, 99=16575, 99.9=41343, 99.99=96639] 
2017-05-16 03:41:54:674 420 sec: 54134 operations; 178 current ops/sec; est completion in 21 hours 26 minutes [READ: Count=1779, Max=84607, Min=162, Avg=5612.27, 90=13863, 99=16783, 99.9=41087, 99.99=84607] 
2017-05-16 03:42:04:674 430 sec: 56084 operations; 195 current ops/sec; est completion in 21 hours 10 minutes [READ: Count=1950, Max=38815, Min=160, Avg=5123.29, 90=13863, 99=16623, 99.9=27791, 99.99=38815] 
2017-05-16 03:42:14:674 440 sec: 57986 operations; 190.2 current ops/sec; est completion in 20 hours 57 minutes [READ: Count=1903, Max=60607, Min=156, Avg=5255.64, 90=13783, 99=16703, 99.9=44255, 99.99=60607] 
2017-05-16 03:42:24:674 450 sec: 59937 operations; 195.12 current ops/sec; est completion in 20 hours 43 minutes [READ: Count=1950, Max=74943, Min=159, Avg=5123.95, 90=13775, 99=16767, 99.9=30991, 99.99=74943] 
2017-05-16 03:42:34:674 460 sec: 61960 operations; 202.28 current ops/sec; est completion in 20 hours 29 minutes [READ: Count=2023, Max=97471, Min=158, Avg=4938.68, 90=13615, 99=16719, 99.9=34911, 99.99=97471] 
2017-05-16 03:42:44:674 470 sec: 64060 operations; 210 current ops/sec; est completion in 20 hours 14 minutes [READ: Count=2100, Max=60799, Min=157, Avg=4757.97, 90=12783, 99=16639, 99.9=50527, 99.99=60799] 
2017-05-16 03:42:54:674 480 sec: 66278 operations; 221.8 current ops/sec; est completion in 19 hours 59 minutes [READ: Count=2218, Max=57855, Min=159, Avg=4505.37, 90=13247, 99=16895, 99.9=24927, 99.99=57855] 
2017-05-16 03:43:04:676 490 sec: 68478 operations; 220 current ops/sec; est completion in 19 hours 44 minutes [READ: Count=2200, Max=36927, Min=160, Avg=4544.6, 90=13127, 99=16751, 99.9=32655, 99.99=36927] 
2017-05-16 03:43:14:674 500 sec: 70734 operations; 225.6 current ops/sec; est completion in 19 hours 29 minutes [READ: Count=2264, Max=118591, Min=160, Avg=4424.49, 90=12743, 99=16623, 99.9=32495, 99.99=118591] 
2017-05-16 03:43:24:674 510 sec: 72990 operations; 225.6 current ops/sec; est completion in 19 hours 16 minutes [READ: Count=2248, Max=55999, Min=160, Avg=4431.24, 90=12735, 99=16655, 99.9=27151, 99.99=55999] 
2017-05-16 03:43:34:674 520 sec: 75343 operations; 235.3 current ops/sec; est completion in 19 hours 1 minutes [READ: Count=2353, Max=56575, Min=156, Avg=4247.19, 90=12703, 99=16607, 99.9=31967, 99.99=56575] 
2017-05-16 03:43:44:674 530 sec: 77748 operations; 240.5 current ops/sec; est completion in 18 hours 47 minutes [READ: Count=2405, Max=80511, Min=157, Avg=4157.05, 90=12575, 99=16559, 99.9=44607, 99.99=80511] 
2017-05-16 03:43:54:674 540 sec: 80331 operations; 258.3 current ops/sec; est completion in 18 hours 31 minutes [READ: Count=2583, Max=64927, Min=156, Avg=3866.24, 90=12415, 99=16511, 99.9=25647, 99.99=64927] 
2017-05-16 03:44:04:674 550 sec: 82860 operations; 252.9 current ops/sec; est completion in 18 hours 17 minutes [READ: Count=2532, Max=113983, Min=157, Avg=3950.36, 90=12271, 99=16591, 99.9=38783, 99.99=113983] 
2017-05-16 03:44:14:674 560 sec: 85440 operations; 258 current ops/sec; est completion in 18 hours 3 minutes [READ: Count=2577, Max=55231, Min=158, Avg=3876.59, 90=12551, 99=16639, 99.9=40223, 99.99=55231] 
2017-05-16 03:44:24:674 570 sec: 88170 operations; 273 current ops/sec; est completion in 17 hours 47 minutes [READ: Count=2730, Max=53599, Min=154, Avg=3660.23, 90=12079, 99=16559, 99.9=33791, 99.99=53599] 
2017-05-16 03:44:34:674 580 sec: 90864 operations; 269.4 current ops/sec; est completion in 17 hours 34 minutes [READ: Count=2694, Max=81023, Min=156, Avg=3706.86, 90=12111, 99=16655, 99.9=35487, 99.99=81023] 
2017-05-16 03:44:44:674 590 sec: 93687 operations; 282.3 current ops/sec; est completion in 17 hours 19 minutes [READ: Count=2823, Max=114943, Min=156, Avg=3538.4, 90=11927, 99=16655, 99.9=33023, 99.99=114943] 
2017-05-16 03:44:54:674 600 sec: 96497 operations; 281 current ops/sec; est completion in 17 hours 6 minutes [READ: Count=2810, Max=64703, Min=157, Avg=3556.49, 90=12047, 99=16495, 99.9=27295, 99.99=64703] 
2017-05-16 03:45:04:674 610 sec: 99589 operations; 309.2 current ops/sec; est completion in 16 hours 50 minutes [READ: Count=3092, Max=34591, Min=157, Avg=3233.11, 90=11639, 99=16543, 99.9=28479, 99.99=34591] 
2017-05-16 03:45:14:674 620 sec: 102690 operations; 310.13 current ops/sec; est completion in 16 hours 35 minutes [READ: Count=3101, Max=54687, Min=155, Avg=3221.98, 90=11575, 99=16495, 99.9=35039, 99.99=54687] 
2017-05-16 03:45:24:674 630 sec: 105772 operations; 308.17 current ops/sec; est completion in 16 hours 22 minutes [READ: Count=3082, Max=185343, Min=156, Avg=3240.37, 90=11575, 99=16639, 99.9=40447, 99.99=185343] 
2017-05-16 03:45:34:674 640 sec: 109252 operations; 348 current ops/sec; est completion in 16 hours 5 minutes [READ: Count=3480, Max=77119, Min=155, Avg=2870.17, 90=11231, 99=16239, 99.9=32127, 99.99=77119] 
2017-05-16 03:45:44:674 650 sec: 113090 operations; 383.8 current ops/sec; est completion in 15 hours 47 minutes [READ: Count=3838, Max=52255, Min=155, Avg=2603.62, 90=10631, 99=16351, 99.9=23695, 99.99=52255] 
2017-05-16 03:45:54:674 660 sec: 116721 operations; 363.1 current ops/sec; est completion in 15 hours 31 minutes [READ: Count=3631, Max=107327, Min=154, Avg=2753.34, 90=11047, 99=16399, 99.9=25423, 99.99=107327] 
2017-05-16 03:46:04:674 670 sec: 120562 operations; 384.1 current ops/sec; est completion in 15 hours 15 minutes [READ: Count=3842, Max=42975, Min=155, Avg=2600.1, 90=10743, 99=16247, 99.9=26687, 99.99=42975] 
2017-05-16 03:46:14:674 680 sec: 124318 operations; 375.6 current ops/sec; est completion in 15 hours [READ: Count=3755, Max=57247, Min=152, Avg=2658.26, 90=11031, 99=16359, 99.9=24479, 99.99=57247] 
2017-05-16 03:46:24:674 690 sec: 128295 operations; 397.7 current ops/sec; est completion in 14 hours 44 minutes [READ: Count=3977, Max=37727, Min=155, Avg=2514.15, 90=10471, 99=16271, 99.9=23295, 99.99=37727] 
2017-05-16 03:46:34:676 700 sec: 132037 operations; 374.2 current ops/sec; est completion in 14 hours 31 minutes [READ: Count=3742, Max=117631, Min=155, Avg=2669.45, 90=10631, 99=16399, 99.9=25487, 99.99=117631] 
2017-05-16 03:46:44:674 710 sec: 135892 operations; 385.5 current ops/sec; est completion in 14 hours 18 minutes [READ: Count=3855, Max=96575, Min=154, Avg=2590.83, 90=10615, 99=16239, 99.9=37311, 99.99=96575] 
2017-05-16 03:46:54:674 720 sec: 139795 operations; 390.3 current ops/sec; est completion in 14 hours 6 minutes [READ: Count=3903, Max=56671, Min=136, Avg=2561.26, 90=10711, 99=16215, 99.9=24559, 99.99=56671] 
2017-05-16 03:47:04:674 730 sec: 143688 operations; 389.3 current ops/sec; est completion in 13 hours 54 minutes [READ: Count=3893, Max=33919, Min=134, Avg=2565.65, 90=10687, 99=16095, 99.9=26799, 99.99=33919] 
2017-05-16 03:47:14:674 740 sec: 147650 operations; 396.2 current ops/sec; est completion in 13 hours 42 minutes [READ: Count=3962, Max=147455, Min=136, Avg=2521.92, 90=10455, 99=16207, 99.9=25583, 99.99=147455] 
2017-05-16 03:47:24:674 750 sec: 151506 operations; 385.6 current ops/sec; est completion in 13 hours 32 minutes [READ: Count=3856, Max=51647, Min=136, Avg=2590.62, 90=10639, 99=16359, 99.9=23023, 99.99=51647] 
2017-05-16 03:47:34:674 760 sec: 155397 operations; 389.1 current ops/sec; est completion in 13 hours 22 minutes [READ: Count=3891, Max=43903, Min=135, Avg=2569.31, 90=10935, 99=16351, 99.9=25871, 99.99=43903] 
2017-05-16 03:47:44:674 770 sec: 158996 operations; 359.9 current ops/sec; est completion in 13 hours 14 minutes [READ: Count=3599, Max=63359, Min=134, Avg=2774.89, 90=11039, 99=16463, 99.9=37567, 99.99=63359] 
2017-05-16 03:47:54:674 780 sec: 162781 operations; 378.5 current ops/sec; est completion in 13 hours 5 minutes [READ: Count=3785, Max=85759, Min=136, Avg=2639.06, 90=10711, 99=16239, 99.9=22495, 99.99=85759] 
2017-05-16 03:48:04:674 790 sec: 166686 operations; 390.5 current ops/sec; est completion in 12 hours 56 minutes [READ: Count=3905, Max=112767, Min=136, Avg=2559.3, 90=10743, 99=16351, 99.9=46303, 99.99=112767] 
2017-05-16 03:48:14:674 800 sec: 170760 operations; 407.4 current ops/sec; est completion in 12 hours 47 minutes [READ: Count=4074, Max=79295, Min=136, Avg=2452.58, 90=10535, 99=16359, 99.9=27903, 99.99=79295] 
2017-05-16 03:48:24:674 810 sec: 174863 operations; 410.3 current ops/sec; est completion in 12 hours 38 minutes [READ: Count=4103, Max=44031, Min=133, Avg=2436.05, 90=10439, 99=16183, 99.9=21839, 99.99=44031] 
2017-05-16 03:48:34:674 820 sec: 178831 operations; 396.8 current ops/sec; est completion in 12 hours 30 minutes [READ: Count=3968, Max=121535, Min=136, Avg=2518.52, 90=10567, 99=16111, 99.9=27199, 99.99=121535] 
2017-05-16 03:48:44:674 830 sec: 182966 operations; 413.5 current ops/sec; est completion in 12 hours 22 minutes [READ: Count=4135, Max=53087, Min=136, Avg=2416.27, 90=10391, 99=16055, 99.9=21471, 99.99=53087] 
2017-05-16 03:48:54:674 840 sec: 186984 operations; 401.8 current ops/sec; est completion in 12 hours 14 minutes [READ: Count=4018, Max=39807, Min=137, Avg=2486.1, 90=10423, 99=16311, 99.9=28639, 99.99=39807] 
2017-05-16 03:49:04:674 850 sec: 191091 operations; 410.7 current ops/sec; est completion in 12 hours 7 minutes [READ: Count=4107, Max=39263, Min=135, Avg=2431.71, 90=10391, 99=16311, 99.9=23679, 99.99=39263] 
2017-05-16 03:49:14:674 860 sec: 195268 operations; 417.74 current ops/sec; est completion in 11 hours 59 minutes [READ: Count=4177, Max=114815, Min=137, Avg=2390.67, 90=10375, 99=16367, 99.9=23055, 99.99=114815] 
2017-05-16 03:49:24:674 870 sec: 199332 operations; 406.36 current ops/sec; est completion in 11 hours 52 minutes [READ: Count=4064, Max=40863, Min=155, Avg=2458.71, 90=10487, 99=16639, 99.9=29615, 99.99=40863] 
2017-05-16 03:49:34:674 880 sec: 203327 operations; 399.5 current ops/sec; est completion in 11 hours 46 minutes [READ: Count=3995, Max=59455, Min=154, Avg=2500.03, 90=10639, 99=16375, 99.9=28575, 99.99=59455] 
2017-05-16 03:49:44:674 890 sec: 207304 operations; 397.74 current ops/sec; est completion in 11 hours 40 minutes [READ: Count=3977, Max=147583, Min=154, Avg=2512.99, 90=10775, 99=16263, 99.9=33823, 99.99=147583] 
2017-05-16 03:49:54:674 900 sec: 211402 operations; 409.76 current ops/sec; est completion in 11 hours 34 minutes [READ: Count=4098, Max=54431, Min=154, Avg=2435.43, 90=10319, 99=16463, 99.9=25503, 99.99=54431] 
2017-05-16 03:50:04:674 910 sec: 215436 operations; 403.4 current ops/sec; est completion in 11 hours 28 minutes [READ: Count=4034, Max=52095, Min=154, Avg=2479.33, 90=10583, 99=16359, 99.9=28175, 99.99=52095] 
2017-05-16 03:50:14:674 920 sec: 219761 operations; 432.5 current ops/sec; est completion in 11 hours 22 minutes [READ: Count=4325, Max=72319, Min=155, Avg=2308.2, 90=10135, 99=16191, 99.9=23263, 99.99=72319] 
2017-05-16 03:50:24:674 930 sec: 223860 operations; 409.9 current ops/sec; est completion in 11 hours 16 minutes [READ: Count=4099, Max=119231, Min=154, Avg=2439.74, 90=10431, 99=16191, 99.9=25311, 99.99=119231] 
2017-05-16 03:50:34:674 940 sec: 228123 operations; 426.3 current ops/sec; est completion in 11 hours 11 minutes [READ: Count=4263, Max=55839, Min=137, Avg=2342.65, 90=10175, 99=16271, 99.9=29263, 99.99=55839] 
2017-05-16 03:50:44:674 950 sec: 232431 operations; 430.8 current ops/sec; est completion in 11 hours 5 minutes [READ: Count=4308, Max=52991, Min=137, Avg=2319.22, 90=10151, 99=16087, 99.9=24815, 99.99=52991] 
2017-05-16 03:50:54:674 960 sec: 236544 operations; 411.34 current ops/sec; est completion in 11 hours [READ: Count=4113, Max=53599, Min=153, Avg=2428.79, 90=10575, 99=16479, 99.9=25359, 99.99=53599] 
2017-05-16 03:51:04:674 970 sec: 240557 operations; 401.26 current ops/sec; est completion in 10 hours 55 minutes [READ: Count=4013, Max=92735, Min=137, Avg=2487.92, 90=10295, 99=16375, 99.9=30335, 99.99=92735] 
2017-05-16 03:51:14:674 980 sec: 244522 operations; 396.5 current ops/sec; est completion in 10 hours 51 minutes [READ: Count=3965, Max=56607, Min=137, Avg=2522.19, 90=10423, 99=16495, 99.9=29471, 99.99=56607] 
2017-05-16 03:51:24:674 990 sec: 248579 operations; 405.7 current ops/sec; est completion in 10 hours 47 minutes [READ: Count=4057, Max=55487, Min=136, Avg=2460.37, 90=10567, 99=16335, 99.9=22783, 99.99=55487] 
2017-05-16 03:51:34:674 1000 sec: 252703 operations; 412.4 current ops/sec; est completion in 10 hours 42 minutes [READ: Count=4124, Max=57535, Min=136, Avg=2422.39, 90=10343, 99=16327, 99.9=26383, 99.99=57535] 
2017-05-16 03:51:44:674 1010 sec: 256737 operations; 403.4 current ops/sec; est completion in 10 hours 38 minutes [READ: Count=4034, Max=55903, Min=153, Avg=2476.97, 90=10511, 99=16527, 99.9=33919, 99.99=55903] 
2017-05-16 03:51:54:674 1020 sec: 260844 operations; 410.7 current ops/sec; est completion in 10 hours 34 minutes [READ: Count=4107, Max=62527, Min=135, Avg=2434.02, 90=10495, 99=16295, 99.9=29711, 99.99=62527] 
2017-05-16 03:52:04:674 1030 sec: 264902 operations; 405.8 current ops/sec; est completion in 10 hours 30 minutes [READ: Count=4058, Max=38271, Min=136, Avg=2462.04, 90=10591, 99=16447, 99.9=28863, 99.99=38271] 
2017-05-16 03:52:14:674 1040 sec: 268712 operations; 381 current ops/sec; est completion in 10 hours 27 minutes [READ: Count=3811, Max=80255, Min=137, Avg=2622.61, 90=10895, 99=16511, 99.9=30031, 99.99=80255] 
2017-05-16 03:52:24:674 1050 sec: 272744 operations; 403.2 current ops/sec; est completion in 10 hours 24 minutes [READ: Count=4031, Max=50335, Min=136, Avg=2475.55, 90=10599, 99=16287, 99.9=30479, 99.99=50335] 
2017-05-16 03:52:34:674 1060 sec: 276740 operations; 399.6 current ops/sec; est completion in 10 hours 20 minutes [READ: Count=3996, Max=67583, Min=136, Avg=2502.35, 90=10751, 99=16295, 99.9=23567, 99.99=67583] 
2017-05-16 03:52:44:674 1070 sec: 280985 operations; 424.5 current ops/sec; est completion in 10 hours 16 minutes [READ: Count=4245, Max=86783, Min=137, Avg=2354.09, 90=10351, 99=16151, 99.9=32575, 99.99=86783] 
2017-05-16 03:52:54:674 1080 sec: 284997 operations; 401.2 current ops/sec; est completion in 10 hours 13 minutes [READ: Count=4012, Max=47775, Min=137, Avg=2488.49, 90=10319, 99=16415, 99.9=25935, 99.99=47775] 
2017-05-16 03:53:04:674 1090 sec: 289249 operations; 425.2 current ops/sec; est completion in 10 hours 9 minutes [READ: Count=4252, Max=62495, Min=136, Avg=2350.24, 90=10111, 99=16127, 99.9=27375, 99.99=62495] 
2017-05-16 03:53:14:674 1100 sec: 293420 operations; 417.1 current ops/sec; est completion in 10 hours 6 minutes [READ: Count=4171, Max=42303, Min=136, Avg=2396.33, 90=10207, 99=16055, 99.9=27023, 99.99=42303] 
2017-05-16 03:53:24:674 1110 sec: 297336 operations; 391.6 current ops/sec; est completion in 10 hours 3 minutes [READ: Count=3916, Max=98559, Min=136, Avg=2547.74, 90=10687, 99=16351, 99.9=23487, 99.99=98559] 
2017-05-16 03:53:34:674 1120 sec: 301433 operations; 409.7 current ops/sec; est completion in 10 hours [READ: Count=4097, Max=52287, Min=135, Avg=2441.28, 90=10391, 99=16199, 99.9=27519, 99.99=52287] 
2017-05-16 03:53:44:674 1130 sec: 305460 operations; 402.7 current ops/sec; est completion in 9 hours 57 minutes [READ: Count=4027, Max=50719, Min=136, Avg=2480.69, 90=10703, 99=16327, 99.9=29503, 99.99=50719] 
2017-05-16 03:53:54:674 1140 sec: 309706 operations; 424.6 current ops/sec; est completion in 9 hours 54 minutes [READ: Count=4246, Max=51999, Min=136, Avg=2353.91, 90=10215, 99=16247, 99.9=25135, 99.99=51999] 
2017-05-16 03:54:04:674 1150 sec: 313601 operations; 389.5 current ops/sec; est completion in 9 hours 52 minutes [READ: Count=3895, Max=45919, Min=137, Avg=2563.63, 90=10799, 99=16447, 99.9=23903, 99.99=45919] 
2017-05-16 03:54:14:674 1160 sec: 317640 operations; 403.9 current ops/sec; est completion in 9 hours 49 minutes [READ: Count=4039, Max=47711, Min=135, Avg=2472.93, 90=10695, 99=16527, 99.9=28879, 99.99=47711] 
2017-05-16 03:54:24:674 1170 sec: 321929 operations; 428.9 current ops/sec; est completion in 9 hours 46 minutes [READ: Count=4289, Max=42783, Min=137, Avg=2331.13, 90=10247, 99=16335, 99.9=30159, 99.99=42783] 
2017-05-16 03:54:34:674 1180 sec: 325916 operations; 398.7 current ops/sec; est completion in 9 hours 43 minutes [READ: Count=3987, Max=66175, Min=137, Avg=2505.48, 90=10455, 99=16295, 99.9=27087, 99.99=66175] 
2017-05-16 03:54:44:674 1190 sec: 330044 operations; 412.8 current ops/sec; est completion in 9 hours 41 minutes [READ: Count=4128, Max=80575, Min=136, Avg=2419.37, 90=10559, 99=16479, 99.9=35455, 99.99=80575] 
2017-05-16 03:54:54:674 1200 sec: 334031 operations; 398.7 current ops/sec; est completion in 9 hours 38 minutes [READ: Count=3987, Max=45503, Min=136, Avg=2506.81, 90=10687, 99=16103, 99.9=23311, 99.99=45503] 
2017-05-16 03:55:04:674 1210 sec: 337959 operations; 392.8 current ops/sec; est completion in 9 hours 36 minutes [READ: Count=3928, Max=58207, Min=136, Avg=2544.26, 90=10639, 99=16415, 99.9=27023, 99.99=58207] 
2017-05-16 03:55:14:674 1220 sec: 342055 operations; 409.6 current ops/sec; est completion in 9 hours 34 minutes [READ: Count=4096, Max=81983, Min=136, Avg=2438.85, 90=10343, 99=16175, 99.9=28703, 99.99=81983] 
2017-05-16 03:55:24:674 1230 sec: 346009 operations; 395.4 current ops/sec; est completion in 9 hours 31 minutes [READ: Count=3954, Max=52063, Min=136, Avg=2525.26, 90=10831, 99=16239, 99.9=29567, 99.99=52063] 
2017-05-16 03:55:34:674 1240 sec: 349888 operations; 387.9 current ops/sec; est completion in 9 hours 30 minutes [READ: Count=3879, Max=69183, Min=135, Avg=2576.83, 90=10855, 99=16255, 99.9=28575, 99.99=69183] 
2017-05-16 03:55:44:678 1250 sec: 353868 operations; 398 current ops/sec; est completion in 9 hours 27 minutes [READ: Count=3980, Max=98239, Min=136, Avg=2511.25, 90=10455, 99=16311, 99.9=25919, 99.99=98239] 
2017-05-16 03:55:54:674 1260 sec: 358004 operations; 413.6 current ops/sec; est completion in 9 hours 25 minutes [READ: Count=4136, Max=53279, Min=136, Avg=2414.35, 90=10311, 99=16239, 99.9=23535, 99.99=53279] 
2017-05-16 03:56:04:685 1270 sec: 362015 operations; 401.1 current ops/sec; est completion in 9 hours 23 minutes [READ: Count=4018, Max=36511, Min=135, Avg=2489.6, 90=10559, 99=16319, 99.9=25759, 99.99=36511] 
2017-05-16 03:56:14:674 1280 sec: 366015 operations; 400 current ops/sec; est completion in 9 hours 21 minutes [READ: Count=3993, Max=46495, Min=137, Avg=2499.97, 90=10687, 99=16175, 99.9=33951, 99.99=46495] 
2017-05-16 03:56:24:674 1290 sec: 370076 operations; 406.1 current ops/sec; est completion in 9 hours 19 minutes [READ: Count=4061, Max=67135, Min=135, Avg=2459.17, 90=10511, 99=16399, 99.9=23743, 99.99=67135] 
2017-05-16 03:56:34:674 1300 sec: 373896 operations; 382 current ops/sec; est completion in 9 hours 17 minutes [READ: Count=3820, Max=178175, Min=137, Avg=2616.23, 90=10551, 99=16559, 99.9=37247, 99.99=178175] 
2017-05-16 03:56:44:674 1310 sec: 378186 operations; 429 current ops/sec; est completion in 9 hours 15 minutes [READ: Count=4290, Max=64479, Min=138, Avg=2327.93, 90=10247, 99=16367, 99.9=24543, 99.99=64479] 
2017-05-16 03:56:54:674 1320 sec: 382071 operations; 388.5 current ops/sec; est completion in 9 hours 13 minutes [READ: Count=3885, Max=45663, Min=137, Avg=2573.46, 90=10783, 99=16463, 99.9=24735, 99.99=45663] 
2017-05-16 03:57:04:674 1330 sec: 385820 operations; 374.9 current ops/sec; est completion in 9 hours 12 minutes [READ: Count=3749, Max=99967, Min=136, Avg=2662.38, 90=10879, 99=19087, 99.9=40191, 99.99=99967] 
2017-05-16 03:57:14:674 1340 sec: 389664 operations; 384.4 current ops/sec; est completion in 9 hours 10 minutes [READ: Count=3844, Max=121919, Min=137, Avg=2601.35, 90=10583, 99=16511, 99.9=25695, 99.99=121919] 
2017-05-16 03:57:24:674 1350 sec: 393784 operations; 412 current ops/sec; est completion in 9 hours 8 minutes [READ: Count=4120, Max=37727, Min=137, Avg=2422.75, 90=10319, 99=16279, 99.9=22943, 99.99=37727] 
2017-05-16 03:57:34:674 1360 sec: 397664 operations; 388 current ops/sec; est completion in 9 hours 7 minutes [READ: Count=3880, Max=69183, Min=136, Avg=2576.61, 90=10623, 99=16271, 99.9=32511, 99.99=69183] 
2017-05-16 03:57:44:674 1370 sec: 401621 operations; 395.7 current ops/sec; est completion in 9 hours 5 minutes [READ: Count=3957, Max=63071, Min=134, Avg=2525.5, 90=10703, 99=16271, 99.9=33023, 99.99=63071] 
2017-05-16 03:57:54:674 1380 sec: 405842 operations; 422.1 current ops/sec; est completion in 9 hours 3 minutes [READ: Count=4221, Max=61279, Min=136, Avg=2364.75, 90=10375, 99=16239, 99.9=20527, 99.99=61279] 
2017-05-16 03:58:04:674 1390 sec: 409906 operations; 406.4 current ops/sec; est completion in 9 hours 2 minutes [READ: Count=4064, Max=39039, Min=138, Avg=2460.09, 90=10551, 99=16463, 99.9=25119, 99.99=39039] 
2017-05-16 03:58:14:674 1400 sec: 414222 operations; 431.6 current ops/sec; est completion in 8 hours 59 minutes [READ: Count=4316, Max=78847, Min=138, Avg=2314.74, 90=10127, 99=16111, 99.9=25855, 99.99=78847] 
2017-05-16 03:58:24:674 1410 sec: 418222 operations; 400 current ops/sec; est completion in 8 hours 58 minutes [READ: Count=4000, Max=80703, Min=138, Avg=2498.2, 90=10527, 99=16295, 99.9=23119, 99.99=80703] 
2017-05-16 03:58:34:674 1420 sec: 422133 operations; 391.1 current ops/sec; est completion in 8 hours 56 minutes [READ: Count=3911, Max=64447, Min=138, Avg=2551.37, 90=10743, 99=16343, 99.9=24495, 99.99=64447] 
2017-05-16 03:58:44:674 1430 sec: 426173 operations; 404 current ops/sec; est completion in 8 hours 55 minutes [READ: Count=4040, Max=55199, Min=137, Avg=2477.12, 90=10639, 99=16431, 99.9=27087, 99.99=55199] 
2017-05-16 03:58:54:674 1440 sec: 430146 operations; 397.3 current ops/sec; est completion in 8 hours 53 minutes [READ: Count=3973, Max=61695, Min=135, Avg=2514.15, 90=10599, 99=16431, 99.9=31679, 99.99=61695] 
2017-05-16 03:59:04:674 1450 sec: 434176 operations; 403 current ops/sec; est completion in 8 hours 52 minutes [READ: Count=4030, Max=32655, Min=136, Avg=2477.95, 90=10687, 99=16303, 99.9=30191, 99.99=32655] 
2017-05-16 03:59:14:674 1460 sec: 437978 operations; 380.2 current ops/sec; est completion in 8 hours 51 minutes [READ: Count=3802, Max=94079, Min=136, Avg=2625.35, 90=10895, 99=16375, 99.9=32399, 99.99=94079] 
2017-05-16 03:59:24:674 1470 sec: 442154 operations; 417.6 current ops/sec; est completion in 8 hours 49 minutes [READ: Count=4176, Max=50015, Min=134, Avg=2394.3, 90=10487, 99=16311, 99.9=27215, 99.99=50015] 
2017-05-16 03:59:34:674 1480 sec: 446201 operations; 404.7 current ops/sec; est completion in 8 hours 48 minutes [READ: Count=4047, Max=111935, Min=136, Avg=2470.88, 90=10535, 99=16295, 99.9=24623, 99.99=111935] 
2017-05-16 03:59:44:674 1490 sec: 450155 operations; 395.4 current ops/sec; est completion in 8 hours 46 minutes [READ: Count=3954, Max=61535, Min=136, Avg=2526.78, 90=10543, 99=16063, 99.9=29711, 99.99=61535] 
Maximum time elapsed. Requesting stop for the workload.
Stop requested for workload. Now Joining!
2017-05-16 03:59:54:674 1500 sec: 454304 operations; 414.9 current ops/sec; est completion in 8 hours 45 minutes [READ: Count=4149, Max=52351, Min=136, Avg=2406.7, 90=10343, 99=16223, 99.9=24143, 99.99=52351] 
2017-05-16 03:59:54:680 1500 sec: 454305 operations; 166.67 current ops/sec; est completion in 8 hours 45 minutes [READ: Count=1, Max=10391, Min=10384, Avg=10388, 90=10391, 99=10391, 99.9=10391, 99.99=10391] [CLEANUP: Count=1, Max=1457, Min=1457, Avg=1457, 90=1457, 99=1457, 99.9=1457, 99.99=1457] 
[OVERALL], RunTime(ms), 1500009.0
[OVERALL], Throughput(ops/sec), 302.86818279090323
[TOTAL_GCS_PS_Scavenge], Count, 492.0
[TOTAL_GC_TIME_PS_Scavenge], Time(ms), 939.0
[TOTAL_GC_TIME_%_PS_Scavenge], Time(%), 0.06259962440225358
[TOTAL_GCS_PS_MarkSweep], Count, 0.0
[TOTAL_GC_TIME_PS_MarkSweep], Time(ms), 0.0
[TOTAL_GC_TIME_%_PS_MarkSweep], Time(%), 0.0
[TOTAL_GCs], Count, 492.0
[TOTAL_GC_TIME], Time(ms), 939.0
[TOTAL_GC_TIME_%], Time(%), 0.06259962440225358
[READ], Operations, 454305.0
[READ], AverageLatency(us), 3297.029141215703
[READ], MinLatency(us), 133.0
[READ], MaxLatency(us), 220159.0
[READ], 95thPercentileLatency(us), 14343.0
[READ], 99thPercentileLatency(us), 16575.0
[READ], Return=OK, 454305
[CLEANUP], Operations, 1.0
[CLEANUP], AverageLatency(us), 1457.0
[CLEANUP], MinLatency(us), 1457.0
[CLEANUP], MaxLatency(us), 1457.0
[CLEANUP], 95thPercentileLatency(us), 1457.0
[CLEANUP], 99thPercentileLatency(us), 1457.0
