java -cp /home/ubuntu/ycsb/mongodb-binding/conf:/home/ubuntu/ycsb/conf:/home/ubuntu/ycsb/lib/jackson-mapper-asl-1.9.4.jar:/home/ubuntu/ycsb/lib/jackson-core-asl-1.9.4.jar:/home/ubuntu/ycsb/lib/htrace-core4-4.1.0-incubating.jar:/home/ubuntu/ycsb/lib/core-0.12.0.jar:/home/ubuntu/ycsb/lib/HdrHistogram-2.1.4.jar:/home/ubuntu/ycsb/mongodb-binding/lib/mongo-java-driver-3.0.3.jar:/home/ubuntu/ycsb/mongodb-binding/lib/logback-core-1.1.2.jar:/home/ubuntu/ycsb/mongodb-binding/lib/mongodb-binding-0.12.0.jar:/home/ubuntu/ycsb/mongodb-binding/lib/logback-classic-1.1.2.jar:/home/ubuntu/ycsb/mongodb-binding/lib/mongodb-async-driver-2.0.1.jar:/home/ubuntu/ycsb/mongodb-binding/lib/slf4j-api-1.6.4.jar com.yahoo.ycsb.Client -db com.yahoo.ycsb.db.MongoDbClient -s -P /home/ubuntu/ycsb/workloads/workload1 -p mongodb.url=mongodb://10.0.3.220:27017/ycsb?w=0 -p operationcount=200000 -t
YCSB Client 0.12.0
Command line: -db com.yahoo.ycsb.db.MongoDbClient -s -P /home/ubuntu/ycsb/workloads/workload1 -p mongodb.url=mongodb://10.0.3.220:27017/ycsb?w=0 -p operationcount=200000 -t
Loading workload...
Starting test.
2017-05-01 02:58:56:674 0 sec: 0 operations; est completion in 0 seconds 
mongo client connection created with mongodb://10.0.3.220:27017/ycsb?w=0
DBWrapper: report latency for each error is false and specific error codes to track for latency are: []
2017-05-01 02:59:06:662 10 sec: 109967 operations; 10996.7 current ops/sec; est completion in 9 seconds [READ: Count=53630, Max=31551, Min=73, Avg=94.02, 90=118, 99=212, 99.9=572, 99.99=11543] [READ-FAILED: Count=51087, Max=18127, Min=64, Avg=77.9, 90=103, 99=175, 99.9=340, 99.99=764] [UPDATE: Count=5481, Max=9439, Min=27, Avg=60.58, 90=127, 99=294, 99.9=999, 99.99=3239] 
2017-05-01 02:59:14:061 17 sec: 200000 operations; 12168.27 current ops/sec; [READ: Count=43859, Max=26351, Min=72, Avg=88.48, 90=113, 99=176, 99.9=287, 99.99=1392] [CLEANUP: Count=1, Max=1237, Min=1237, Avg=1237, 90=1237, 99=1237, 99.9=1237, 99.99=1237] [READ-FAILED: Count=41374, Max=8171, Min=63, Avg=75.93, 90=99, 99=155, 99.9=261, 99.99=1467] [UPDATE: Count=4569, Max=3677, Min=18, Avg=33.89, 90=46, 99=135, 99.9=202, 99.99=3677] 
[OVERALL], RunTime(ms), 17399.0
[OVERALL], Throughput(ops/sec), 11494.913500775907
[TOTAL_GCS_PS_Scavenge], Count, 10.0
[TOTAL_GC_TIME_PS_Scavenge], Time(ms), 154.0
[TOTAL_GC_TIME_%_PS_Scavenge], Time(%), 0.8851083395597448
[TOTAL_GCS_PS_MarkSweep], Count, 0.0
[TOTAL_GC_TIME_PS_MarkSweep], Time(ms), 0.0
[TOTAL_GC_TIME_%_PS_MarkSweep], Time(%), 0.0
[TOTAL_GCs], Count, 10.0
[TOTAL_GC_TIME], Time(ms), 154.0
[TOTAL_GC_TIME_%], Time(%), 0.8851083395597448
[READ], Operations, 97489.0
[READ], AverageLatency(us), 91.52468483623794
[READ], MinLatency(us), 72.0
[READ], MaxLatency(us), 31551.0
[READ], 95thPercentileLatency(us), 139.0
[READ], 99thPercentileLatency(us), 190.0
[READ], Return=OK, 97489
[READ], Return=NOT_FOUND, 92461
[CLEANUP], Operations, 1.0
[CLEANUP], AverageLatency(us), 1237.0
[CLEANUP], MinLatency(us), 1237.0
[CLEANUP], MaxLatency(us), 1237.0
[CLEANUP], 95thPercentileLatency(us), 1237.0
[CLEANUP], 99thPercentileLatency(us), 1237.0
[READ-FAILED], Operations, 92461.0
[READ-FAILED], AverageLatency(us), 77.01793188479466
[READ-FAILED], MinLatency(us), 63.0
[READ-FAILED], MaxLatency(us), 18127.0
[READ-FAILED], 95thPercentileLatency(us), 121.0
[READ-FAILED], 99thPercentileLatency(us), 163.0
[UPDATE], Operations, 10050.0
[UPDATE], AverageLatency(us), 48.44507462686567
[UPDATE], MinLatency(us), 18.0
[UPDATE], MaxLatency(us), 9439.0
[UPDATE], 95thPercentileLatency(us), 147.0
[UPDATE], 99thPercentileLatency(us), 259.0
[UPDATE], Return=OK, 10050
