java -cp /home/ubuntu/ycsb/redis-binding/conf:/home/ubuntu/ycsb/conf:/home/ubuntu/ycsb/lib/commons-pool-1.5.5.jar:/home/ubuntu/ycsb/lib/jackson-mapper-asl-1.9.4.jar:/home/ubuntu/ycsb/lib/redis-binding-0.13.0-SNAPSHOT.jar:/home/ubuntu/ycsb/lib/jackson-core-asl-1.9.4.jar:/home/ubuntu/ycsb/lib/htrace-core4-4.1.0-incubating.jar:/home/ubuntu/ycsb/lib/jedis-2.0.0.jar:/home/ubuntu/ycsb/lib/HdrHistogram-2.1.4.jar:/home/ubuntu/ycsb/lib/core-0.13.0-SNAPSHOT.jar com.yahoo.ycsb.Client -db com.yahoo.ycsb.db.RedisClient -s -P /home/ubuntu/ycsb/workloads/workload1 -p redis.host=10.0.3.168 -p redis.port=6379 -load
Command line: -db com.yahoo.ycsb.db.RedisClient -s -P /home/ubuntu/ycsb/workloads/workload1 -p redis.host=10.0.3.168 -p redis.port=6379 -loadYCSB Client 0.13.0-SNAPSHOT

Loading workload...
Starting test.
DBWrapper: report latency for each error is false and specific error codes to track for latency are: []
2017-05-16 10:55:22:941 0 sec: 0 operations; est completion in 0 seconds 
2017-05-16 10:55:32:834 10 sec: 45954 operations; 4595.4 current ops/sec; est completion in 34 seconds [INSERT: Count=45954, Max=57471, Min=164, Avg=205.5, 90=197, 99=242, 99.9=4491, 99.99=18095] 
2017-05-16 10:55:42:834 20 sec: 95759 operations; 4980.5 current ops/sec; est completion in 22 seconds [INSERT: Count=49805, Max=23743, Min=163, Avg=194.75, 90=196, 99=222, 99.9=1577, 99.99=7895] 
2017-05-16 10:55:52:834 30 sec: 132444 operations; 3668.5 current ops/sec; est completion in 16 seconds [INSERT: Count=36685, Max=629247, Min=168, Avg=267.58, 90=202, 99=873, 99.9=10431, 99.99=47551] 
2017-05-16 10:56:02:834 40 sec: 136652 operations; 420.8 current ops/sec; est completion in 19 seconds [INSERT: Count=4208, Max=645631, Min=181, Avg=2370.34, 90=6855, 99=41311, 99.9=91071, 99.99=645631] 
2017-05-16 10:56:12:834 50 sec: 141303 operations; 465.1 current ops/sec; est completion in 21 seconds [INSERT: Count=4651, Max=85183, Min=170, Avg=2135.98, 90=6887, 99=35583, 99.9=62175, 99.99=85183] 
2017-05-16 10:56:22:834 60 sec: 147946 operations; 664.3 current ops/sec; est completion in 22 seconds [INSERT: Count=6643, Max=194687, Min=175, Avg=1483.02, 90=4123, 99=25967, 99.9=59199, 99.99=103551] 
2017-05-16 10:56:32:834 70 sec: 177285 operations; 2933.9 current ops/sec; est completion in 9 seconds [INSERT: Count=29339, Max=453631, Min=174, Avg=339.99, 90=214, 99=3773, 99.9=22911, 99.99=57919] 
2017-05-16 10:56:42:834 80 sec: 192520 operations; 1523.5 current ops/sec; est completion in 4 seconds [INSERT: Count=15235, Max=527359, Min=174, Avg=651.45, 90=229, 99=9527, 99.9=34271, 99.99=133631] 
2017-05-16 10:56:49:852 87 sec: 200000 operations; 1065.83 current ops/sec; [CLEANUP: Count=1, Max=181, Min=181, Avg=181, 90=181, 99=181, 99.9=181, 99.99=181] [INSERT: Count=7480, Max=243583, Min=175, Avg=933, 90=248, 99=10551, 99.9=45567, 99.99=153087] 
[OVERALL], RunTime(ms), 87036.0
[OVERALL], Throughput(ops/sec), 2297.899719656234
[TOTAL_GCS_PS_Scavenge], Count, 313.0
[TOTAL_GC_TIME_PS_Scavenge], Time(ms), 396.0
[TOTAL_GC_TIME_%_PS_Scavenge], Time(%), 0.45498414449193436
[TOTAL_GCS_PS_MarkSweep], Count, 0.0
[TOTAL_GC_TIME_PS_MarkSweep], Time(ms), 0.0
[TOTAL_GC_TIME_%_PS_MarkSweep], Time(%), 0.0
[TOTAL_GCs], Count, 313.0
[TOTAL_GC_TIME], Time(ms), 396.0
[TOTAL_GC_TIME_%], Time(%), 0.45498414449193436
[CLEANUP], Operations, 1.0
[CLEANUP], AverageLatency(us), 181.0
[CLEANUP], MinLatency(us), 181.0
[CLEANUP], MaxLatency(us), 181.0
[CLEANUP], 95thPercentileLatency(us), 181.0
[CLEANUP], 99thPercentileLatency(us), 181.0
[INSERT], Operations, 200000.0
[INSERT], AverageLatency(us), 427.993075
[INSERT], MinLatency(us), 163.0
[INSERT], MaxLatency(us), 645631.0
[INSERT], 95thPercentileLatency(us), 232.0
[INSERT], 99thPercentileLatency(us), 7699.0
[INSERT], Return=OK, 200000
java -cp /home/ubuntu/ycsb/redis-binding/conf:/home/ubuntu/ycsb/conf:/home/ubuntu/ycsb/lib/commons-pool-1.5.5.jar:/home/ubuntu/ycsb/lib/jackson-mapper-asl-1.9.4.jar:/home/ubuntu/ycsb/lib/redis-binding-0.13.0-SNAPSHOT.jar:/home/ubuntu/ycsb/lib/jackson-core-asl-1.9.4.jar:/home/ubuntu/ycsb/lib/htrace-core4-4.1.0-incubating.jar:/home/ubuntu/ycsb/lib/jedis-2.0.0.jar:/home/ubuntu/ycsb/lib/HdrHistogram-2.1.4.jar:/home/ubuntu/ycsb/lib/core-0.13.0-SNAPSHOT.jar com.yahoo.ycsb.Client -db com.yahoo.ycsb.db.RedisClient -s -P /home/ubuntu/ycsb/workloads/workload1 -p redis.host=10.0.3.168 -p redis.port=6379 -p operationcount=100000000 -p maxexecutiontime=60 -t
Command line: -db com.yahoo.ycsb.db.RedisClient -s -P /home/ubuntu/ycsb/workloads/workload1 -p redis.host=10.0.3.168 -p redis.port=6379 -p operationcount=100000000 -p maxexecutiontime=60 -tYCSB Client 0.13.0-SNAPSHOT

Loading workload...
Starting test.
Maximum execution time specified as: 60 secs
2017-05-16 10:57:20:347 0 sec: 0 operations; est completion in 0 seconds 
DBWrapper: report latency for each error is false and specific error codes to track for latency are: []
2017-05-16 10:57:30:314 10 sec: 1640 operations; 164 current ops/sec; est completion in 7 days 1 hours [READ: Count=1640, Max=87679, Min=101, Avg=6019.19, 90=15903, 99=27327, 99.9=58463, 99.99=87679] 
2017-05-16 10:57:40:314 20 sec: 3310 operations; 167 current ops/sec; est completion in 6 days 23 hours [READ: Count=1670, Max=121855, Min=97, Avg=5964.9, 90=15711, 99=21295, 99.9=38463, 99.99=121855] 
2017-05-16 10:57:50:314 30 sec: 5081 operations; 177.1 current ops/sec; est completion in 6 days 20 hours [READ: Count=1771, Max=44447, Min=94, Avg=5634.42, 90=14823, 99=22415, 99.9=35071, 99.99=44447] 
2017-05-16 10:58:00:314 40 sec: 6855 operations; 177.4 current ops/sec; est completion in 6 days 18 hours [READ: Count=1774, Max=229631, Min=89, Avg=5608.29, 90=14431, 99=25439, 99.9=85759, 99.99=229631] 
2017-05-16 10:58:10:314 50 sec: 8729 operations; 187.4 current ops/sec; est completion in 6 days 15 hours [READ: Count=1874, Max=101631, Min=86, Avg=5322.91, 90=13663, 99=22479, 99.9=87487, 99.99=101631] 
2017-05-16 10:58:20:314 60 sec: 10527 operations; 179.8 current ops/sec; est completion in 6 days 14 hours [READ: Count=1798, Max=81407, Min=90, Avg=5559.18, 90=13487, 99=23871, 99.9=74559, 99.99=81407] 
Maximum time elapsed. Requesting stop for the workload.
Stop requested for workload. Now Joining!
2017-05-16 10:58:20:351 60 sec: 10534 operations; 189.19 current ops/sec; est completion in 6 days 14 hours [READ: Count=7, Max=13335, Min=129, Avg=5406.57, 90=7127, 99=13335, 99.9=13335, 99.99=13335] [CLEANUP: Count=1, Max=197, Min=197, Avg=197, 90=197, 99=197, 99.9=197, 99.99=197] 
[OVERALL], RunTime(ms), 60044.0
[OVERALL], Throughput(ops/sec), 175.43801212444208
[TOTAL_GCS_PS_Scavenge], Count, 6.0
[TOTAL_GC_TIME_PS_Scavenge], Time(ms), 20.0
[TOTAL_GC_TIME_%_PS_Scavenge], Time(%), 0.03330890680167877
[TOTAL_GCS_PS_MarkSweep], Count, 0.0
[TOTAL_GC_TIME_PS_MarkSweep], Time(ms), 0.0
[TOTAL_GC_TIME_%_PS_MarkSweep], Time(%), 0.0
[TOTAL_GCs], Count, 6.0
[TOTAL_GC_TIME], Time(ms), 20.0
[TOTAL_GC_TIME_%], Time(%), 0.03330890680167877
[READ], Operations, 10534.0
[READ], AverageLatency(us), 5673.902316309094
[READ], MinLatency(us), 86.0
[READ], MaxLatency(us), 229631.0
[READ], 95thPercentileLatency(us), 17599.0
[READ], 99thPercentileLatency(us), 24175.0
[READ], Return=OK, 10534
[CLEANUP], Operations, 1.0
[CLEANUP], AverageLatency(us), 197.0
[CLEANUP], MinLatency(us), 197.0
[CLEANUP], MaxLatency(us), 197.0
[CLEANUP], 95thPercentileLatency(us), 197.0
[CLEANUP], 99thPercentileLatency(us), 197.0
