Sat Jun 24 22:47:12 IST 2017
GET 	Requests:1468153 				
MEM 	Used:0 	Limit:0 	Gets:0 	Puts:0 	Flushes:0 	Evicts:0 	Demoted :0 	Calc-used:0 			   	
SSD 	Used:257184 	Limit:262144 	Gets:702232 	Puts:1266616 	Flushes:307200 	Evicts:307200 	Promoted:0 	Calc-used:257184 
---------------------------------------------
Sat Jun 24 22:47:42 IST 2017
GET 	Requests:1515050 				
MEM 	Used:0 	Limit:0 	Gets:0 	Puts:0 	Flushes:0 	Evicts:0 	Demoted :0 	Calc-used:0 			   	
SSD 	Used:257371 	Limit:262144 	Gets:732615 	Puts:1313570 	Flushes:323584 	Evicts:323584 	Promoted:0 	Calc-used:257371 
---------------------------------------------
Sat Jun 24 22:48:12 IST 2017
GET 	Requests:1565367 				
MEM 	Used:0 	Limit:0 	Gets:0 	Puts:0 	Flushes:0 	Evicts:0 	Demoted :0 	Calc-used:0 			   	
SSD 	Used:257779 	Limit:262144 	Gets:766113 	Puts:1363860 	Flushes:339968 	Evicts:339968 	Promoted:0 	Calc-used:257779 
---------------------------------------------
Sat Jun 24 22:48:42 IST 2017
GET 	Requests:1608549 				
MEM 	Used:0 	Limit:0 	Gets:0 	Puts:0 	Flushes:0 	Evicts:0 	Demoted :0 	Calc-used:0 			   	
SSD 	Used:256980 	Limit:262144 	Gets:793940 	Puts:1407272 	Flushes:356352 	Evicts:356352 	Promoted:0 	Calc-used:256980 
---------------------------------------------
Sat Jun 24 22:49:12 IST 2017
GET 	Requests:1654415 				
MEM 	Used:0 	Limit:0 	Gets:0 	Puts:0 	Flushes:0 	Evicts:0 	Demoted :0 	Calc-used:0 			   	
SSD 	Used:256255 	Limit:262144 	Gets:824135 	Puts:1453126 	Flushes:372736 	Evicts:372736 	Promoted:0 	Calc-used:256255 
---------------------------------------------
Sat Jun 24 22:49:42 IST 2017
GET 	Requests:1703060 				
MEM 	Used:0 	Limit:0 	Gets:0 	Puts:0 	Flushes:0 	Evicts:0 	Demoted :0 	Calc-used:0 			   	
SSD 	Used:256786 	Limit:262144 	Gets:855892 	Puts:1501798 	Flushes:389120 	Evicts:389120 	Promoted:0 	Calc-used:256786 
---------------------------------------------
Sat Jun 24 22:50:12 IST 2017
GET 	Requests:1752693 				
MEM 	Used:0 	Limit:0 	Gets:0 	Puts:0 	Flushes:0 	Evicts:0 	Demoted :0 	Calc-used:0 			   	
SSD 	Used:256887 	Limit:262144 	Gets:889026 	Puts:1551417 	Flushes:405504 	Evicts:405504 	Promoted:0 	Calc-used:256887 
---------------------------------------------
Sat Jun 24 22:50:42 IST 2017
GET 	Requests:1801321 				
MEM 	Used:0 	Limit:0 	Gets:0 	Puts:0 	Flushes:0 	Evicts:0 	Demoted :0 	Calc-used:0 			   	
SSD 	Used:257611 	Limit:262144 	Gets:920461 	Puts:1599960 	Flushes:421888 	Evicts:421888 	Promoted:0 	Calc-used:257611 
---------------------------------------------
