Sat May 20 03:17:56 IST 2017
--------------------MEMCG-----------------------
MEM ONLY  : 1450 MB
MEM+SWAP  : 2021 MB
cache 4886528
rss 1515548672
rss_huge 0
mapped_file 2019328
writeback 36864
swap 599498752
pgpgin 600316
pgpgout 229116
pgfault 707173
pgmajfault 6210
inactive_anon 407875584
active_anon 1107677184
inactive_file 659456
active_file 4222976
unevictable 0
hierarchical_memory_limit 6442450944
hierarchical_memsw_limit 32212254720
total_cache 4886528
total_rss 1515548672
total_rss_huge 0
total_mapped_file 2019328
total_writeback 36864
total_swap 599498752
total_pgpgin 600316
total_pgpgout 229116
total_pgfault 707173
total_pgmajfault 6210
total_inactive_anon 407875584
total_active_anon 1107677184
total_inactive_file 659456
total_active_file 4222976
total_unevictable 0
--------------------BLKIO-----------------------
11:0 Read 0
11:0 Write 0
11:0 Sync 0
11:0 Async 0
11:0 Total 0
253:0 Read 55721984
253:0 Write 33091584
253:0 Sync 0
253:0 Async 88813568
253:0 Total 88813568
Total 88813568
--------------------CPUAC-----------------------
user 800
system 1178
 
Sat May 20 03:18:26 IST 2017
--------------------MEMCG-----------------------
MEM ONLY  : 1406 MB
MEM+SWAP  : 2021 MB
cache 4886528
rss 1469419520
rss_huge 0
mapped_file 2019328
writeback 0
swap 645627904
pgpgin 600541
pgpgout 240603
pgfault 707656
pgmajfault 6432
inactive_anon 395239424
active_anon 1074180096
inactive_file 659456
active_file 4222976
unevictable 0
hierarchical_memory_limit 6442450944
hierarchical_memsw_limit 32212254720
total_cache 4886528
total_rss 1469419520
total_rss_huge 0
total_mapped_file 2019328
total_writeback 0
total_swap 645627904
total_pgpgin 600541
total_pgpgout 240603
total_pgfault 707656
total_pgmajfault 6432
total_inactive_anon 395239424
total_active_anon 1074180096
total_inactive_file 659456
total_active_file 4222976
total_unevictable 0
--------------------BLKIO-----------------------
11:0 Read 0
11:0 Write 0
11:0 Sync 0
11:0 Async 0
11:0 Total 0
253:0 Read 56713216
253:0 Write 33112064
253:0 Sync 0
253:0 Async 89825280
253:0 Total 89825280
Total 89825280
--------------------CPUAC-----------------------
user 800
system 1178
 
Sat May 20 03:18:56 IST 2017
--------------------MEMCG-----------------------
MEM ONLY  : 1387 MB
MEM+SWAP  : 2021 MB
cache 4972544
rss 1449934848
rss_huge 0
mapped_file 2031616
writeback 0
swap 665112576
pgpgin 600884
pgpgout 245682
pgfault 708340
pgmajfault 6747
inactive_anon 389754880
active_anon 1060184064
inactive_file 745472
active_file 4222976
unevictable 0
hierarchical_memory_limit 6442450944
hierarchical_memsw_limit 32212254720
total_cache 4972544
total_rss 1449934848
total_rss_huge 0
total_mapped_file 2031616
total_writeback 0
total_swap 665112576
total_pgpgin 600884
total_pgpgout 245682
total_pgfault 708340
total_pgmajfault 6747
total_inactive_anon 389754880
total_active_anon 1060184064
total_inactive_file 745472
total_active_file 4222976
total_unevictable 0
--------------------BLKIO-----------------------
11:0 Read 0
11:0 Write 0
11:0 Sync 0
11:0 Async 0
11:0 Total 0
253:0 Read 58187776
253:0 Write 33112064
253:0 Sync 0
253:0 Async 91299840
253:0 Total 91299840
Total 91299840
--------------------CPUAC-----------------------
user 800
system 1180
 
Sat May 20 03:19:26 IST 2017
--------------------MEMCG-----------------------
MEM ONLY  : 1378 MB
MEM+SWAP  : 2021 MB
cache 4972544
rss 1440845824
rss_huge 0
mapped_file 2031616
writeback 0
swap 674201600
pgpgin 601299
pgpgout 248316
pgfault 709220
pgmajfault 7154
inactive_anon 387256320
active_anon 1053593600
inactive_file 745472
active_file 4222976
unevictable 0
hierarchical_memory_limit 6442450944
hierarchical_memsw_limit 32212254720
total_cache 4972544
total_rss 1440845824
total_rss_huge 0
total_mapped_file 2031616
total_writeback 0
total_swap 674201600
total_pgpgin 601299
total_pgpgout 248316
total_pgfault 709220
total_pgmajfault 7154
total_inactive_anon 387256320
total_active_anon 1053593600
total_inactive_file 745472
total_active_file 4222976
total_unevictable 0
--------------------BLKIO-----------------------
11:0 Read 0
11:0 Write 0
11:0 Sync 0
11:0 Async 0
11:0 Total 0
253:0 Read 60026880
253:0 Write 33124352
253:0 Sync 0
253:0 Async 93151232
253:0 Total 93151232
Total 93151232
--------------------CPUAC-----------------------
user 801
system 1184
 
Sat May 20 03:19:56 IST 2017
--------------------MEMCG-----------------------
MEM ONLY  : 1374 MB
MEM+SWAP  : 2024 MB
cache 7475200
rss 1433911296
rss_huge 0
mapped_file 2965504
writeback 86016
swap 681132032
pgpgin 603044
pgpgout 251143
pgfault 711918
pgmajfault 7677
inactive_anon 385359872
active_anon 1048559616
inactive_file 1986560
active_file 5480448
unevictable 0
hierarchical_memory_limit 6442450944
hierarchical_memsw_limit 32212254720
total_cache 7475200
total_rss 1433911296
total_rss_huge 0
total_mapped_file 2965504
total_writeback 86016
total_swap 681132032
total_pgpgin 603044
total_pgpgout 251143
total_pgfault 711918
total_pgmajfault 7677
total_inactive_anon 385359872
total_active_anon 1048559616
total_inactive_file 1986560
total_active_file 5480448
total_unevictable 0
--------------------BLKIO-----------------------
11:0 Read 0
11:0 Write 0
11:0 Sync 0
11:0 Async 0
11:0 Total 0
253:0 Read 64888832
253:0 Write 35545088
253:0 Sync 0
253:0 Async 100433920
253:0 Total 100433920
Total 100433920
--------------------CPUAC-----------------------
user 802
system 1189
 
Sat May 20 03:20:26 IST 2017
--------------------MEMCG-----------------------
MEM ONLY  : 1368 MB
MEM+SWAP  : 2024 MB
cache 7475200
rss 1427456000
rss_huge 0
mapped_file 2965504
writeback 0
swap 687587328
pgpgin 603654
pgpgout 253329
pgfault 713194
pgmajfault 8262
inactive_anon 383590400
active_anon 1043873792
inactive_file 1986560
active_file 5480448
unevictable 0
hierarchical_memory_limit 6442450944
hierarchical_memsw_limit 32212254720
total_cache 7475200
total_rss 1427456000
total_rss_huge 0
total_mapped_file 2965504
total_writeback 0
total_swap 687587328
total_pgpgin 603654
total_pgpgout 253329
total_pgfault 713194
total_pgmajfault 8262
total_inactive_anon 383590400
total_active_anon 1043873792
total_inactive_file 1986560
total_active_file 5480448
total_unevictable 0
--------------------BLKIO-----------------------
11:0 Read 0
11:0 Write 0
11:0 Sync 0
11:0 Async 0
11:0 Total 0
253:0 Read 67657728
253:0 Write 35651584
253:0 Sync 0
253:0 Async 103309312
253:0 Total 103309312
Total 103309312
--------------------CPUAC-----------------------
user 802
system 1191
 
Sat May 20 03:20:56 IST 2017
--------------------MEMCG-----------------------
MEM ONLY  : 1360 MB
MEM+SWAP  : 2024 MB
cache 7475200
rss 1418747904
rss_huge 0
mapped_file 2965504
writeback 0
swap 696295424
pgpgin 604280
pgpgout 256081
pgfault 714506
pgmajfault 8864
inactive_anon 381124608
active_anon 1037631488
inactive_file 1986560
active_file 5480448
unevictable 0
hierarchical_memory_limit 6442450944
hierarchical_memsw_limit 32212254720
total_cache 7475200
total_rss 1418747904
total_rss_huge 0
total_mapped_file 2965504
total_writeback 0
total_swap 696295424
total_pgpgin 604280
total_pgpgout 256081
total_pgfault 714506
total_pgmajfault 8864
total_inactive_anon 381124608
total_active_anon 1037631488
total_inactive_file 1986560
total_active_file 5480448
total_unevictable 0
--------------------BLKIO-----------------------
11:0 Read 0
11:0 Write 0
11:0 Sync 0
11:0 Async 0
11:0 Total 0
253:0 Read 70569984
253:0 Write 36073472
253:0 Sync 0
253:0 Async 106643456
253:0 Total 106643456
Total 106643456
--------------------CPUAC-----------------------
user 803
system 1193
 
Sat May 20 03:21:26 IST 2017
--------------------MEMCG-----------------------
MEM ONLY  : 1351 MB
MEM+SWAP  : 2024 MB
cache 7475200
rss 1410101248
rss_huge 0
mapped_file 2965504
writeback 0
swap 704942080
pgpgin 604887
pgpgout 258799
pgfault 715795
pgmajfault 9463
inactive_anon 378716160
active_anon 1031393280
inactive_file 1986560
active_file 5480448
unevictable 0
hierarchical_memory_limit 6442450944
hierarchical_memsw_limit 32212254720
total_cache 7475200
total_rss 1410101248
total_rss_huge 0
total_mapped_file 2965504
total_writeback 0
total_swap 704942080
total_pgpgin 604887
total_pgpgout 258799
total_pgfault 715795
total_pgmajfault 9463
total_inactive_anon 378716160
total_active_anon 1031393280
total_inactive_file 1986560
total_active_file 5480448
total_unevictable 0
--------------------BLKIO-----------------------
11:0 Read 0
11:0 Write 0
11:0 Sync 0
11:0 Async 0
11:0 Total 0
253:0 Read 73203712
253:0 Write 36073472
253:0 Sync 0
253:0 Async 109277184
253:0 Total 109277184
Total 109277184
--------------------CPUAC-----------------------
user 804
system 1194
 
Sat May 20 03:21:56 IST 2017
--------------------MEMCG-----------------------
MEM ONLY  : 1343 MB
MEM+SWAP  : 2024 MB
cache 7475200
rss 1401483264
rss_huge 0
mapped_file 2965504
writeback 20480
swap 713560064
pgpgin 605486
pgpgout 261502
pgfault 717061
pgmajfault 10046
inactive_anon 376229888
active_anon 1025261568
inactive_file 1986560
active_file 5480448
unevictable 0
hierarchical_memory_limit 6442450944
hierarchical_memsw_limit 32212254720
total_cache 7475200
total_rss 1401483264
total_rss_huge 0
total_mapped_file 2965504
total_writeback 20480
total_swap 713560064
total_pgpgin 605486
total_pgpgout 261502
total_pgfault 717061
total_pgmajfault 10046
total_inactive_anon 376229888
total_active_anon 1025261568
total_inactive_file 1986560
total_active_file 5480448
total_unevictable 0
--------------------BLKIO-----------------------
11:0 Read 0
11:0 Write 0
11:0 Sync 0
11:0 Async 0
11:0 Total 0
253:0 Read 75927552
253:0 Write 36564992
253:0 Sync 0
253:0 Async 112492544
253:0 Total 112492544
Total 112492544
--------------------CPUAC-----------------------
user 805
system 1196
 
Sat May 20 03:22:26 IST 2017
--------------------MEMCG-----------------------
MEM ONLY  : 1336 MB
MEM+SWAP  : 2024 MB
cache 7475200
rss 1394106368
rss_huge 0
mapped_file 2965504
writeback 0
swap 720936960
pgpgin 605975
pgpgout 263792
pgfault 718095
pgmajfault 10522
inactive_anon 374153216
active_anon 1019961344
inactive_file 1986560
active_file 5480448
unevictable 0
hierarchical_memory_limit 6442450944
hierarchical_memsw_limit 32212254720
total_cache 7475200
total_rss 1394106368
total_rss_huge 0
total_mapped_file 2965504
total_writeback 0
total_swap 720936960
total_pgpgin 605975
total_pgpgout 263792
total_pgfault 718095
total_pgmajfault 10522
total_inactive_anon 374153216
total_active_anon 1019961344
total_inactive_file 1986560
total_active_file 5480448
total_unevictable 0
--------------------BLKIO-----------------------
11:0 Read 0
11:0 Write 0
11:0 Sync 0
11:0 Async 0
11:0 Total 0
253:0 Read 78098432
253:0 Write 36622336
253:0 Sync 0
253:0 Async 114720768
253:0 Total 114720768
Total 114720768
--------------------CPUAC-----------------------
user 806
system 1198
 
Sat May 20 03:22:56 IST 2017
--------------------MEMCG-----------------------
MEM ONLY  : 1329 MB
MEM+SWAP  : 2024 MB
cache 7475200
rss 1386561536
rss_huge 0
mapped_file 2965504
writeback 0
swap 728481792
pgpgin 606551
pgpgout 266210
pgfault 719303
pgmajfault 11072
inactive_anon 372097024
active_anon 1014472704
inactive_file 1986560
active_file 5480448
unevictable 0
hierarchical_memory_limit 6442450944
hierarchical_memsw_limit 32212254720
total_cache 7475200
total_rss 1386561536
total_rss_huge 0
total_mapped_file 2965504
total_writeback 0
total_swap 728481792
total_pgpgin 606551
total_pgpgout 266210
total_pgfault 719303
total_pgmajfault 11072
total_inactive_anon 372097024
total_active_anon 1014472704
total_inactive_file 1986560
total_active_file 5480448
total_unevictable 0
--------------------BLKIO-----------------------
11:0 Read 0
11:0 Write 0
11:0 Sync 0
11:0 Async 0
11:0 Total 0
253:0 Read 80748544
253:0 Write 36704256
253:0 Sync 0
253:0 Async 117452800
253:0 Total 117452800
Total 117452800
--------------------CPUAC-----------------------
user 807
system 1202
 
Sat May 20 03:23:26 IST 2017
--------------------MEMCG-----------------------
MEM ONLY  : 1321 MB
MEM+SWAP  : 2024 MB
cache 7475200
rss 1378185216
rss_huge 0
mapped_file 2965504
writeback 0
swap 736858112
pgpgin 607128
pgpgout 268832
pgfault 720524
pgmajfault 11637
inactive_anon 369750016
active_anon 1008443392
inactive_file 1986560
active_file 5480448
unevictable 0
hierarchical_memory_limit 6442450944
hierarchical_memsw_limit 32212254720
total_cache 7475200
total_rss 1378185216
total_rss_huge 0
total_mapped_file 2965504
total_writeback 0
total_swap 736858112
total_pgpgin 607128
total_pgpgout 268832
total_pgfault 720524
total_pgmajfault 11637
total_inactive_anon 369750016
total_active_anon 1008443392
total_inactive_file 1986560
total_active_file 5480448
total_unevictable 0
--------------------BLKIO-----------------------
11:0 Read 0
11:0 Write 0
11:0 Sync 0
11:0 Async 0
11:0 Total 0
253:0 Read 83324928
253:0 Write 36704256
253:0 Sync 0
253:0 Async 120029184
253:0 Total 120029184
Total 120029184
--------------------CPUAC-----------------------
user 807
system 1204
 
Sat May 20 03:23:56 IST 2017
--------------------MEMCG-----------------------
MEM ONLY  : 1312 MB
MEM+SWAP  : 2024 MB
cache 7475200
rss 1368567808
rss_huge 0
mapped_file 2965504
writeback 0
swap 746475520
pgpgin 607743
pgpgout 271795
pgfault 721799
pgmajfault 12212
inactive_anon 367058944
active_anon 1001517056
inactive_file 1986560
active_file 5480448
unevictable 0
hierarchical_memory_limit 6442450944
hierarchical_memsw_limit 32212254720
total_cache 7475200
total_rss 1368567808
total_rss_huge 0
total_mapped_file 2965504
total_writeback 0
total_swap 746475520
total_pgpgin 607743
total_pgpgout 271795
total_pgfault 721799
total_pgmajfault 12212
total_inactive_anon 367058944
total_active_anon 1001517056
total_inactive_file 1986560
total_active_file 5480448
total_unevictable 0
--------------------BLKIO-----------------------
11:0 Read 0
11:0 Write 0
11:0 Sync 0
11:0 Async 0
11:0 Total 0
253:0 Read 86351872
253:0 Write 36720640
253:0 Sync 0
253:0 Async 123072512
253:0 Total 123072512
Total 123072512
--------------------CPUAC-----------------------
user 808
system 1206
 
Sat May 20 03:24:27 IST 2017
--------------------MEMCG-----------------------
MEM ONLY  : 1305 MB
MEM+SWAP  : 2024 MB
cache 7475200
rss 1360982016
rss_huge 0
mapped_file 2965504
writeback 0
swap 754061312
pgpgin 608317
pgpgout 274221
pgfault 723002
pgmajfault 12756
inactive_anon 364912640
active_anon 996077568
inactive_file 1986560
active_file 5480448
unevictable 0
hierarchical_memory_limit 6442450944
hierarchical_memsw_limit 32212254720
total_cache 7475200
total_rss 1360982016
total_rss_huge 0
total_mapped_file 2965504
total_writeback 0
total_swap 754061312
total_pgpgin 608317
total_pgpgout 274221
total_pgfault 723002
total_pgmajfault 12756
total_inactive_anon 364912640
total_active_anon 996077568
total_inactive_file 1986560
total_active_file 5480448
total_unevictable 0
--------------------BLKIO-----------------------
11:0 Read 0
11:0 Write 0
11:0 Sync 0
11:0 Async 0
11:0 Total 0
253:0 Read 89051136
253:0 Write 36720640
253:0 Sync 0
253:0 Async 125771776
253:0 Total 125771776
Total 125771776
--------------------CPUAC-----------------------
user 808
system 1208
 
Sat May 20 03:24:57 IST 2017
--------------------MEMCG-----------------------
MEM ONLY  : 1298 MB
MEM+SWAP  : 2024 MB
cache 7475200
rss 1353748480
rss_huge 0
mapped_file 2965504
writeback 0
swap 761294848
pgpgin 608870
pgpgout 276540
pgfault 724174
pgmajfault 13297
inactive_anon 362909696
active_anon 990846976
inactive_file 1986560
active_file 5480448
unevictable 0
hierarchical_memory_limit 6442450944
hierarchical_memsw_limit 32212254720
total_cache 7475200
total_rss 1353748480
total_rss_huge 0
total_mapped_file 2965504
total_writeback 0
total_swap 761294848
total_pgpgin 608870
total_pgpgout 276540
total_pgfault 724174
total_pgmajfault 13297
total_inactive_anon 362909696
total_active_anon 990846976
total_inactive_file 1986560
total_active_file 5480448
total_unevictable 0
--------------------BLKIO-----------------------
11:0 Read 0
11:0 Write 0
11:0 Sync 0
11:0 Async 0
11:0 Total 0
253:0 Read 91521024
253:0 Write 36724736
253:0 Sync 0
253:0 Async 128245760
253:0 Total 128245760
Total 128245760
--------------------CPUAC-----------------------
user 810
system 1211
 
Sat May 20 03:25:27 IST 2017
--------------------MEMCG-----------------------
MEM ONLY  : 1291 MB
MEM+SWAP  : 2024 MB
cache 7475200
rss 1346322432
rss_huge 0
mapped_file 2965504
writeback 0
swap 768720896
pgpgin 609380
pgpgout 278863
pgfault 725229
pgmajfault 13777
inactive_anon 360845312
active_anon 985485312
inactive_file 2002944
active_file 5464064
unevictable 0
hierarchical_memory_limit 6442450944
hierarchical_memsw_limit 32212254720
total_cache 7475200
total_rss 1346322432
total_rss_huge 0
total_mapped_file 2965504
total_writeback 0
total_swap 768720896
total_pgpgin 609380
total_pgpgout 278863
total_pgfault 725229
total_pgmajfault 13777
total_inactive_anon 360845312
total_active_anon 985485312
total_inactive_file 2002944
total_active_file 5464064
total_unevictable 0
--------------------BLKIO-----------------------
11:0 Read 0
11:0 Write 0
11:0 Sync 0
11:0 Async 0
11:0 Total 0
253:0 Read 93945856
253:0 Write 36728832
253:0 Sync 0
253:0 Async 130674688
253:0 Total 130674688
Total 130674688
--------------------CPUAC-----------------------
user 810
system 1212
 
Sat May 20 03:25:57 IST 2017
--------------------MEMCG-----------------------
MEM ONLY  : 1286 MB
MEM+SWAP  : 2024 MB
cache 7475200
rss 1341382656
rss_huge 0
mapped_file 2965504
writeback 0
swap 773660672
pgpgin 609854
pgpgout 280543
pgfault 726213
pgmajfault 14221
inactive_anon 359555072
active_anon 981835776
inactive_file 2023424
active_file 5443584
unevictable 0
hierarchical_memory_limit 6442450944
hierarchical_memsw_limit 32212254720
total_cache 7475200
total_rss 1341382656
total_rss_huge 0
total_mapped_file 2965504
total_writeback 0
total_swap 773660672
total_pgpgin 609854
total_pgpgout 280543
total_pgfault 726213
total_pgmajfault 14221
total_inactive_anon 359555072
total_active_anon 981835776
total_inactive_file 2023424
total_active_file 5443584
total_unevictable 0
--------------------BLKIO-----------------------
11:0 Read 0
11:0 Write 0
11:0 Sync 0
11:0 Async 0
11:0 Total 0
253:0 Read 96251904
253:0 Write 36728832
253:0 Sync 0
253:0 Async 132980736
253:0 Total 132980736
Total 132980736
--------------------CPUAC-----------------------
user 811
system 1215
 
Sat May 20 03:26:27 IST 2017
--------------------MEMCG-----------------------
MEM ONLY  : 1282 MB
MEM+SWAP  : 2024 MB
cache 7475200
rss 1336881152
rss_huge 0
mapped_file 2965504
writeback 0
swap 778162176
pgpgin 610271
pgpgout 282059
pgfault 727088
pgmajfault 14621
inactive_anon 358301696
active_anon 978587648
inactive_file 2027520
active_file 5439488
unevictable 0
hierarchical_memory_limit 6442450944
hierarchical_memsw_limit 32212254720
total_cache 7475200
total_rss 1336881152
total_rss_huge 0
total_mapped_file 2965504
total_writeback 0
total_swap 778162176
total_pgpgin 610271
total_pgpgout 282059
total_pgfault 727088
total_pgmajfault 14621
total_inactive_anon 358301696
total_active_anon 978587648
total_inactive_file 2027520
total_active_file 5439488
total_unevictable 0
--------------------BLKIO-----------------------
11:0 Read 0
11:0 Write 0
11:0 Sync 0
11:0 Async 0
11:0 Total 0
253:0 Read 98185216
253:0 Write 36741120
253:0 Sync 0
253:0 Async 134926336
253:0 Total 134926336
Total 134926336
--------------------CPUAC-----------------------
user 811
system 1218
 
Sat May 20 03:26:57 IST 2017
--------------------MEMCG-----------------------
MEM ONLY  : 1277 MB
MEM+SWAP  : 2024 MB
cache 7475200
rss 1331810304
rss_huge 0
mapped_file 2965504
writeback 0
swap 783233024
pgpgin 610688
pgpgout 283714
pgfault 727958
pgmajfault 15017
inactive_anon 356921344
active_anon 974897152
inactive_file 2027520
active_file 5439488
unevictable 0
hierarchical_memory_limit 6442450944
hierarchical_memsw_limit 32212254720
total_cache 7475200
total_rss 1331810304
total_rss_huge 0
total_mapped_file 2965504
total_writeback 0
total_swap 783233024
total_pgpgin 610688
total_pgpgout 283714
total_pgfault 727958
total_pgmajfault 15017
total_inactive_anon 356921344
total_active_anon 974897152
total_inactive_file 2027520
total_active_file 5439488
total_unevictable 0
--------------------BLKIO-----------------------
11:0 Read 0
11:0 Write 0
11:0 Sync 0
11:0 Async 0
11:0 Total 0
253:0 Read 100147200
253:0 Write 36921344
253:0 Sync 0
253:0 Async 137068544
253:0 Total 137068544
Total 137068544
--------------------CPUAC-----------------------
user 811
system 1221
 
Sat May 20 03:27:27 IST 2017
--------------------MEMCG-----------------------
MEM ONLY  : 1272 MB
MEM+SWAP  : 2024 MB
cache 7475200
rss 1327001600
rss_huge 0
mapped_file 2965504
writeback 0
swap 788041728
pgpgin 611088
pgpgout 285288
pgfault 728795
pgmajfault 15398
inactive_anon 355545088
active_anon 971464704
inactive_file 2027520
active_file 5439488
unevictable 0
hierarchical_memory_limit 6442450944
hierarchical_memsw_limit 32212254720
total_cache 7475200
total_rss 1327001600
total_rss_huge 0
total_mapped_file 2965504
total_writeback 0
total_swap 788041728
total_pgpgin 611088
total_pgpgout 285288
total_pgfault 728795
total_pgmajfault 15398
total_inactive_anon 355545088
total_active_anon 971464704
total_inactive_file 2027520
total_active_file 5439488
total_unevictable 0
--------------------BLKIO-----------------------
11:0 Read 0
11:0 Write 0
11:0 Sync 0
11:0 Async 0
11:0 Total 0
253:0 Read 101990400
253:0 Write 36921344
253:0 Sync 0
253:0 Async 138911744
253:0 Total 138911744
Total 138911744
--------------------CPUAC-----------------------
user 812
system 1224
 
