Fri May 19 23:23:39 IST 2017
--------------------MEMCG-----------------------
MEM ONLY  : 27 MB
MEM+SWAP  : 27 MB
cache 22011904
rss 6856704
rss_huge 0
mapped_file 7802880
writeback 0
swap 0
pgpgin 78672
pgpgout 71624
pgfault 177139
pgmajfault 184
inactive_anon 40960
active_anon 6885376
inactive_file 9945088
active_file 11997184
unevictable 0
hierarchical_memory_limit 1073741824
hierarchical_memsw_limit 5368709120
total_cache 22011904
total_rss 6856704
total_rss_huge 0
total_mapped_file 7802880
total_writeback 0
total_swap 0
total_pgpgin 78672
total_pgpgout 71624
total_pgfault 177139
total_pgmajfault 184
total_inactive_anon 40960
total_active_anon 6885376
total_inactive_file 9945088
total_active_file 11997184
total_unevictable 0
--------------------BLKIO-----------------------
11:0 Read 0
11:0 Write 0
11:0 Sync 0
11:0 Async 0
11:0 Total 0
253:0 Read 21872640
253:0 Write 229376
253:0 Sync 0
253:0 Async 22102016
253:0 Total 22102016
Total 22102016
--------------------CPUAC-----------------------
user 44
system 84
 
Fri May 19 23:24:09 IST 2017
--------------------MEMCG-----------------------
MEM ONLY  : 27 MB
MEM+SWAP  : 27 MB
cache 22011904
rss 6590464
rss_huge 0
mapped_file 7663616
writeback 0
swap 0
pgpgin 78672
pgpgout 71689
pgfault 177146
pgmajfault 184
inactive_anon 40960
active_anon 6619136
inactive_file 9924608
active_file 12017664
unevictable 0
hierarchical_memory_limit 1073741824
hierarchical_memsw_limit 5368709120
total_cache 22011904
total_rss 6590464
total_rss_huge 0
total_mapped_file 7663616
total_writeback 0
total_swap 0
total_pgpgin 78672
total_pgpgout 71689
total_pgfault 177146
total_pgmajfault 184
total_inactive_anon 40960
total_active_anon 6619136
total_inactive_file 9924608
total_active_file 12017664
total_unevictable 0
--------------------BLKIO-----------------------
11:0 Read 0
11:0 Write 0
11:0 Sync 0
11:0 Async 0
11:0 Total 0
253:0 Read 21872640
253:0 Write 229376
253:0 Sync 0
253:0 Async 22102016
253:0 Total 22102016
Total 22102016
--------------------CPUAC-----------------------
user 44
system 84
 
Fri May 19 23:24:39 IST 2017
--------------------MEMCG-----------------------
MEM ONLY  : 27 MB
MEM+SWAP  : 27 MB
cache 22011904
rss 6590464
rss_huge 0
mapped_file 7663616
writeback 0
swap 0
pgpgin 78672
pgpgout 71689
pgfault 177146
pgmajfault 184
inactive_anon 40960
active_anon 6619136
inactive_file 9924608
active_file 12017664
unevictable 0
hierarchical_memory_limit 1073741824
hierarchical_memsw_limit 5368709120
total_cache 22011904
total_rss 6590464
total_rss_huge 0
total_mapped_file 7663616
total_writeback 0
total_swap 0
total_pgpgin 78672
total_pgpgout 71689
total_pgfault 177146
total_pgmajfault 184
total_inactive_anon 40960
total_active_anon 6619136
total_inactive_file 9924608
total_active_file 12017664
total_unevictable 0
--------------------BLKIO-----------------------
11:0 Read 0
11:0 Write 0
11:0 Sync 0
11:0 Async 0
11:0 Total 0
253:0 Read 21872640
253:0 Write 229376
253:0 Sync 0
253:0 Async 22102016
253:0 Total 22102016
Total 22102016
--------------------CPUAC-----------------------
user 44
system 84
 
Fri May 19 23:25:09 IST 2017
--------------------MEMCG-----------------------
MEM ONLY  : 27 MB
MEM+SWAP  : 27 MB
cache 22011904
rss 6590464
rss_huge 0
mapped_file 7663616
writeback 0
swap 0
pgpgin 78672
pgpgout 71689
pgfault 177146
pgmajfault 184
inactive_anon 40960
active_anon 6619136
inactive_file 9924608
active_file 12017664
unevictable 0
hierarchical_memory_limit 1073741824
hierarchical_memsw_limit 5368709120
total_cache 22011904
total_rss 6590464
total_rss_huge 0
total_mapped_file 7663616
total_writeback 0
total_swap 0
total_pgpgin 78672
total_pgpgout 71689
total_pgfault 177146
total_pgmajfault 184
total_inactive_anon 40960
total_active_anon 6619136
total_inactive_file 9924608
total_active_file 12017664
total_unevictable 0
--------------------BLKIO-----------------------
11:0 Read 0
11:0 Write 0
11:0 Sync 0
11:0 Async 0
11:0 Total 0
253:0 Read 21872640
253:0 Write 229376
253:0 Sync 0
253:0 Async 22102016
253:0 Total 22102016
Total 22102016
--------------------CPUAC-----------------------
user 44
system 84
 
Fri May 19 23:25:39 IST 2017
--------------------MEMCG-----------------------
MEM ONLY  : 27 MB
MEM+SWAP  : 27 MB
cache 22011904
rss 6590464
rss_huge 0
mapped_file 7663616
writeback 0
swap 0
pgpgin 78672
pgpgout 71689
pgfault 177146
pgmajfault 184
inactive_anon 40960
active_anon 6619136
inactive_file 9924608
active_file 12017664
unevictable 0
hierarchical_memory_limit 1073741824
hierarchical_memsw_limit 5368709120
total_cache 22011904
total_rss 6590464
total_rss_huge 0
total_mapped_file 7663616
total_writeback 0
total_swap 0
total_pgpgin 78672
total_pgpgout 71689
total_pgfault 177146
total_pgmajfault 184
total_inactive_anon 40960
total_active_anon 6619136
total_inactive_file 9924608
total_active_file 12017664
total_unevictable 0
--------------------BLKIO-----------------------
11:0 Read 0
11:0 Write 0
11:0 Sync 0
11:0 Async 0
11:0 Total 0
253:0 Read 21872640
253:0 Write 229376
253:0 Sync 0
253:0 Async 22102016
253:0 Total 22102016
Total 22102016
--------------------CPUAC-----------------------
user 44
system 84
 
Fri May 19 23:26:09 IST 2017
--------------------MEMCG-----------------------
MEM ONLY  : 27 MB
MEM+SWAP  : 27 MB
cache 22011904
rss 6590464
rss_huge 0
mapped_file 7663616
writeback 0
swap 0
pgpgin 78672
pgpgout 71689
pgfault 177146
pgmajfault 184
inactive_anon 40960
active_anon 6619136
inactive_file 9924608
active_file 12017664
unevictable 0
hierarchical_memory_limit 1073741824
hierarchical_memsw_limit 5368709120
total_cache 22011904
total_rss 6590464
total_rss_huge 0
total_mapped_file 7663616
total_writeback 0
total_swap 0
total_pgpgin 78672
total_pgpgout 71689
total_pgfault 177146
total_pgmajfault 184
total_inactive_anon 40960
total_active_anon 6619136
total_inactive_file 9924608
total_active_file 12017664
total_unevictable 0
--------------------BLKIO-----------------------
11:0 Read 0
11:0 Write 0
11:0 Sync 0
11:0 Async 0
11:0 Total 0
253:0 Read 21872640
253:0 Write 229376
253:0 Sync 0
253:0 Async 22102016
253:0 Total 22102016
Total 22102016
--------------------CPUAC-----------------------
user 44
system 84
 
Fri May 19 23:26:39 IST 2017
--------------------MEMCG-----------------------
MEM ONLY  : 27 MB
MEM+SWAP  : 27 MB
cache 22011904
rss 6590464
rss_huge 0
mapped_file 7663616
writeback 0
swap 0
pgpgin 78672
pgpgout 71689
pgfault 177146
pgmajfault 184
inactive_anon 40960
active_anon 6619136
inactive_file 9924608
active_file 12017664
unevictable 0
hierarchical_memory_limit 1073741824
hierarchical_memsw_limit 5368709120
total_cache 22011904
total_rss 6590464
total_rss_huge 0
total_mapped_file 7663616
total_writeback 0
total_swap 0
total_pgpgin 78672
total_pgpgout 71689
total_pgfault 177146
total_pgmajfault 184
total_inactive_anon 40960
total_active_anon 6619136
total_inactive_file 9924608
total_active_file 12017664
total_unevictable 0
--------------------BLKIO-----------------------
11:0 Read 0
11:0 Write 0
11:0 Sync 0
11:0 Async 0
11:0 Total 0
253:0 Read 21872640
253:0 Write 229376
253:0 Sync 0
253:0 Async 22102016
253:0 Total 22102016
Total 22102016
--------------------CPUAC-----------------------
user 44
system 84
 
Fri May 19 23:27:09 IST 2017
--------------------MEMCG-----------------------
MEM ONLY  : 27 MB
MEM+SWAP  : 27 MB
cache 22011904
rss 6590464
rss_huge 0
mapped_file 7663616
writeback 0
swap 0
pgpgin 78672
pgpgout 71689
pgfault 177146
pgmajfault 184
inactive_anon 40960
active_anon 6619136
inactive_file 9924608
active_file 12017664
unevictable 0
hierarchical_memory_limit 1073741824
hierarchical_memsw_limit 5368709120
total_cache 22011904
total_rss 6590464
total_rss_huge 0
total_mapped_file 7663616
total_writeback 0
total_swap 0
total_pgpgin 78672
total_pgpgout 71689
total_pgfault 177146
total_pgmajfault 184
total_inactive_anon 40960
total_active_anon 6619136
total_inactive_file 9924608
total_active_file 12017664
total_unevictable 0
--------------------BLKIO-----------------------
11:0 Read 0
11:0 Write 0
11:0 Sync 0
11:0 Async 0
11:0 Total 0
253:0 Read 21872640
253:0 Write 229376
253:0 Sync 0
253:0 Async 22102016
253:0 Total 22102016
Total 22102016
--------------------CPUAC-----------------------
user 44
system 84
 
Fri May 19 23:27:39 IST 2017
--------------------MEMCG-----------------------
MEM ONLY  : 27 MB
MEM+SWAP  : 27 MB
cache 22011904
rss 6590464
rss_huge 0
mapped_file 7663616
writeback 0
swap 0
pgpgin 78672
pgpgout 71689
pgfault 177146
pgmajfault 184
inactive_anon 40960
active_anon 6619136
inactive_file 9924608
active_file 12017664
unevictable 0
hierarchical_memory_limit 1073741824
hierarchical_memsw_limit 5368709120
total_cache 22011904
total_rss 6590464
total_rss_huge 0
total_mapped_file 7663616
total_writeback 0
total_swap 0
total_pgpgin 78672
total_pgpgout 71689
total_pgfault 177146
total_pgmajfault 184
total_inactive_anon 40960
total_active_anon 6619136
total_inactive_file 9924608
total_active_file 12017664
total_unevictable 0
--------------------BLKIO-----------------------
11:0 Read 0
11:0 Write 0
11:0 Sync 0
11:0 Async 0
11:0 Total 0
253:0 Read 21872640
253:0 Write 229376
253:0 Sync 0
253:0 Async 22102016
253:0 Total 22102016
Total 22102016
--------------------CPUAC-----------------------
user 44
system 84
 
Fri May 19 23:28:09 IST 2017
--------------------MEMCG-----------------------
MEM ONLY  : 27 MB
MEM+SWAP  : 27 MB
cache 22011904
rss 6590464
rss_huge 0
mapped_file 7663616
writeback 0
swap 0
pgpgin 78672
pgpgout 71689
pgfault 177146
pgmajfault 184
inactive_anon 40960
active_anon 6619136
inactive_file 9924608
active_file 12017664
unevictable 0
hierarchical_memory_limit 1073741824
hierarchical_memsw_limit 5368709120
total_cache 22011904
total_rss 6590464
total_rss_huge 0
total_mapped_file 7663616
total_writeback 0
total_swap 0
total_pgpgin 78672
total_pgpgout 71689
total_pgfault 177146
total_pgmajfault 184
total_inactive_anon 40960
total_active_anon 6619136
total_inactive_file 9924608
total_active_file 12017664
total_unevictable 0
--------------------BLKIO-----------------------
11:0 Read 0
11:0 Write 0
11:0 Sync 0
11:0 Async 0
11:0 Total 0
253:0 Read 21872640
253:0 Write 229376
253:0 Sync 0
253:0 Async 22102016
253:0 Total 22102016
Total 22102016
--------------------CPUAC-----------------------
user 44
system 84
 
Fri May 19 23:28:40 IST 2017
--------------------MEMCG-----------------------
MEM ONLY  : 27 MB
MEM+SWAP  : 27 MB
cache 22011904
rss 6590464
rss_huge 0
mapped_file 7663616
writeback 0
swap 0
pgpgin 78672
pgpgout 71689
pgfault 177146
pgmajfault 184
inactive_anon 40960
active_anon 6619136
inactive_file 9924608
active_file 12017664
unevictable 0
hierarchical_memory_limit 1073741824
hierarchical_memsw_limit 5368709120
total_cache 22011904
total_rss 6590464
total_rss_huge 0
total_mapped_file 7663616
total_writeback 0
total_swap 0
total_pgpgin 78672
total_pgpgout 71689
total_pgfault 177146
total_pgmajfault 184
total_inactive_anon 40960
total_active_anon 6619136
total_inactive_file 9924608
total_active_file 12017664
total_unevictable 0
--------------------BLKIO-----------------------
11:0 Read 0
11:0 Write 0
11:0 Sync 0
11:0 Async 0
11:0 Total 0
253:0 Read 21872640
253:0 Write 229376
253:0 Sync 0
253:0 Async 22102016
253:0 Total 22102016
Total 22102016
--------------------CPUAC-----------------------
user 44
system 84
 
Fri May 19 23:29:10 IST 2017
--------------------MEMCG-----------------------
MEM ONLY  : 27 MB
MEM+SWAP  : 27 MB
cache 22011904
rss 6590464
rss_huge 0
mapped_file 7663616
writeback 0
swap 0
pgpgin 78672
pgpgout 71689
pgfault 177146
pgmajfault 184
inactive_anon 40960
active_anon 6619136
inactive_file 9924608
active_file 12017664
unevictable 0
hierarchical_memory_limit 1073741824
hierarchical_memsw_limit 5368709120
total_cache 22011904
total_rss 6590464
total_rss_huge 0
total_mapped_file 7663616
total_writeback 0
total_swap 0
total_pgpgin 78672
total_pgpgout 71689
total_pgfault 177146
total_pgmajfault 184
total_inactive_anon 40960
total_active_anon 6619136
total_inactive_file 9924608
total_active_file 12017664
total_unevictable 0
--------------------BLKIO-----------------------
11:0 Read 0
11:0 Write 0
11:0 Sync 0
11:0 Async 0
11:0 Total 0
253:0 Read 21872640
253:0 Write 229376
253:0 Sync 0
253:0 Async 22102016
253:0 Total 22102016
Total 22102016
--------------------CPUAC-----------------------
user 44
system 84
 
Fri May 19 23:29:40 IST 2017
--------------------MEMCG-----------------------
MEM ONLY  : 27 MB
MEM+SWAP  : 27 MB
cache 22011904
rss 6590464
rss_huge 0
mapped_file 7663616
writeback 0
swap 0
pgpgin 78672
pgpgout 71689
pgfault 177146
pgmajfault 184
inactive_anon 40960
active_anon 6619136
inactive_file 9924608
active_file 12017664
unevictable 0
hierarchical_memory_limit 1073741824
hierarchical_memsw_limit 5368709120
total_cache 22011904
total_rss 6590464
total_rss_huge 0
total_mapped_file 7663616
total_writeback 0
total_swap 0
total_pgpgin 78672
total_pgpgout 71689
total_pgfault 177146
total_pgmajfault 184
total_inactive_anon 40960
total_active_anon 6619136
total_inactive_file 9924608
total_active_file 12017664
total_unevictable 0
--------------------BLKIO-----------------------
11:0 Read 0
11:0 Write 0
11:0 Sync 0
11:0 Async 0
11:0 Total 0
253:0 Read 21872640
253:0 Write 229376
253:0 Sync 0
253:0 Async 22102016
253:0 Total 22102016
Total 22102016
--------------------CPUAC-----------------------
user 44
system 84
 
Fri May 19 23:30:10 IST 2017
--------------------MEMCG-----------------------
MEM ONLY  : 27 MB
MEM+SWAP  : 27 MB
cache 22011904
rss 6590464
rss_huge 0
mapped_file 7663616
writeback 0
swap 0
pgpgin 78672
pgpgout 71689
pgfault 177146
pgmajfault 184
inactive_anon 40960
active_anon 6619136
inactive_file 9924608
active_file 12017664
unevictable 0
hierarchical_memory_limit 1073741824
hierarchical_memsw_limit 5368709120
total_cache 22011904
total_rss 6590464
total_rss_huge 0
total_mapped_file 7663616
total_writeback 0
total_swap 0
total_pgpgin 78672
total_pgpgout 71689
total_pgfault 177146
total_pgmajfault 184
total_inactive_anon 40960
total_active_anon 6619136
total_inactive_file 9924608
total_active_file 12017664
total_unevictable 0
--------------------BLKIO-----------------------
11:0 Read 0
11:0 Write 0
11:0 Sync 0
11:0 Async 0
11:0 Total 0
253:0 Read 21872640
253:0 Write 229376
253:0 Sync 0
253:0 Async 22102016
253:0 Total 22102016
Total 22102016
--------------------CPUAC-----------------------
user 44
system 84
 
Fri May 19 23:30:40 IST 2017
--------------------MEMCG-----------------------
MEM ONLY  : 27 MB
MEM+SWAP  : 27 MB
cache 22011904
rss 6590464
rss_huge 0
mapped_file 7663616
writeback 0
swap 0
pgpgin 78672
pgpgout 71689
pgfault 177146
pgmajfault 184
inactive_anon 40960
active_anon 6619136
inactive_file 9924608
active_file 12017664
unevictable 0
hierarchical_memory_limit 1073741824
hierarchical_memsw_limit 5368709120
total_cache 22011904
total_rss 6590464
total_rss_huge 0
total_mapped_file 7663616
total_writeback 0
total_swap 0
total_pgpgin 78672
total_pgpgout 71689
total_pgfault 177146
total_pgmajfault 184
total_inactive_anon 40960
total_active_anon 6619136
total_inactive_file 9924608
total_active_file 12017664
total_unevictable 0
--------------------BLKIO-----------------------
11:0 Read 0
11:0 Write 0
11:0 Sync 0
11:0 Async 0
11:0 Total 0
253:0 Read 21872640
253:0 Write 229376
253:0 Sync 0
253:0 Async 22102016
253:0 Total 22102016
Total 22102016
--------------------CPUAC-----------------------
user 44
system 84
 
Fri May 19 23:31:10 IST 2017
--------------------MEMCG-----------------------
MEM ONLY  : 27 MB
MEM+SWAP  : 27 MB
cache 22011904
rss 6590464
rss_huge 0
mapped_file 7663616
writeback 0
swap 0
pgpgin 78672
pgpgout 71689
pgfault 177146
pgmajfault 184
inactive_anon 40960
active_anon 6619136
inactive_file 9924608
active_file 12017664
unevictable 0
hierarchical_memory_limit 1073741824
hierarchical_memsw_limit 5368709120
total_cache 22011904
total_rss 6590464
total_rss_huge 0
total_mapped_file 7663616
total_writeback 0
total_swap 0
total_pgpgin 78672
total_pgpgout 71689
total_pgfault 177146
total_pgmajfault 184
total_inactive_anon 40960
total_active_anon 6619136
total_inactive_file 9924608
total_active_file 12017664
total_unevictable 0
--------------------BLKIO-----------------------
11:0 Read 0
11:0 Write 0
11:0 Sync 0
11:0 Async 0
11:0 Total 0
253:0 Read 21872640
253:0 Write 229376
253:0 Sync 0
253:0 Async 22102016
253:0 Total 22102016
Total 22102016
--------------------CPUAC-----------------------
user 44
system 84
 
Fri May 19 23:31:40 IST 2017
--------------------MEMCG-----------------------
MEM ONLY  : 27 MB
MEM+SWAP  : 27 MB
cache 22011904
rss 6590464
rss_huge 0
mapped_file 7663616
writeback 0
swap 0
pgpgin 78672
pgpgout 71689
pgfault 177146
pgmajfault 184
inactive_anon 40960
active_anon 6619136
inactive_file 9924608
active_file 12017664
unevictable 0
hierarchical_memory_limit 1073741824
hierarchical_memsw_limit 5368709120
total_cache 22011904
total_rss 6590464
total_rss_huge 0
total_mapped_file 7663616
total_writeback 0
total_swap 0
total_pgpgin 78672
total_pgpgout 71689
total_pgfault 177146
total_pgmajfault 184
total_inactive_anon 40960
total_active_anon 6619136
total_inactive_file 9924608
total_active_file 12017664
total_unevictable 0
--------------------BLKIO-----------------------
11:0 Read 0
11:0 Write 0
11:0 Sync 0
11:0 Async 0
11:0 Total 0
253:0 Read 21872640
253:0 Write 229376
253:0 Sync 0
253:0 Async 22102016
253:0 Total 22102016
Total 22102016
--------------------CPUAC-----------------------
user 44
system 84
 
Fri May 19 23:32:10 IST 2017
--------------------MEMCG-----------------------
MEM ONLY  : 27 MB
MEM+SWAP  : 27 MB
cache 22011904
rss 6590464
rss_huge 0
mapped_file 7663616
writeback 0
swap 0
pgpgin 78672
pgpgout 71689
pgfault 177146
pgmajfault 184
inactive_anon 40960
active_anon 6619136
inactive_file 9924608
active_file 12017664
unevictable 0
hierarchical_memory_limit 1073741824
hierarchical_memsw_limit 5368709120
total_cache 22011904
total_rss 6590464
total_rss_huge 0
total_mapped_file 7663616
total_writeback 0
total_swap 0
total_pgpgin 78672
total_pgpgout 71689
total_pgfault 177146
total_pgmajfault 184
total_inactive_anon 40960
total_active_anon 6619136
total_inactive_file 9924608
total_active_file 12017664
total_unevictable 0
--------------------BLKIO-----------------------
11:0 Read 0
11:0 Write 0
11:0 Sync 0
11:0 Async 0
11:0 Total 0
253:0 Read 21872640
253:0 Write 229376
253:0 Sync 0
253:0 Async 22102016
253:0 Total 22102016
Total 22102016
--------------------CPUAC-----------------------
user 44
system 84
 
Fri May 19 23:32:40 IST 2017
--------------------MEMCG-----------------------
MEM ONLY  : 27 MB
MEM+SWAP  : 27 MB
cache 22011904
rss 6590464
rss_huge 0
mapped_file 7663616
writeback 0
swap 0
pgpgin 78672
pgpgout 71689
pgfault 177146
pgmajfault 184
inactive_anon 40960
active_anon 6619136
inactive_file 9924608
active_file 12017664
unevictable 0
hierarchical_memory_limit 1073741824
hierarchical_memsw_limit 5368709120
total_cache 22011904
total_rss 6590464
total_rss_huge 0
total_mapped_file 7663616
total_writeback 0
total_swap 0
total_pgpgin 78672
total_pgpgout 71689
total_pgfault 177146
total_pgmajfault 184
total_inactive_anon 40960
total_active_anon 6619136
total_inactive_file 9924608
total_active_file 12017664
total_unevictable 0
--------------------BLKIO-----------------------
11:0 Read 0
11:0 Write 0
11:0 Sync 0
11:0 Async 0
11:0 Total 0
253:0 Read 21872640
253:0 Write 229376
253:0 Sync 0
253:0 Async 22102016
253:0 Total 22102016
Total 22102016
--------------------CPUAC-----------------------
user 44
system 84
 
Fri May 19 23:33:10 IST 2017
--------------------MEMCG-----------------------
MEM ONLY  : 27 MB
MEM+SWAP  : 27 MB
cache 22011904
rss 6590464
rss_huge 0
mapped_file 7663616
writeback 0
swap 0
pgpgin 78672
pgpgout 71689
pgfault 177146
pgmajfault 184
inactive_anon 40960
active_anon 6619136
inactive_file 9924608
active_file 12017664
unevictable 0
hierarchical_memory_limit 1073741824
hierarchical_memsw_limit 5368709120
total_cache 22011904
total_rss 6590464
total_rss_huge 0
total_mapped_file 7663616
total_writeback 0
total_swap 0
total_pgpgin 78672
total_pgpgout 71689
total_pgfault 177146
total_pgmajfault 184
total_inactive_anon 40960
total_active_anon 6619136
total_inactive_file 9924608
total_active_file 12017664
total_unevictable 0
--------------------BLKIO-----------------------
11:0 Read 0
11:0 Write 0
11:0 Sync 0
11:0 Async 0
11:0 Total 0
253:0 Read 21872640
253:0 Write 229376
253:0 Sync 0
253:0 Async 22102016
253:0 Total 22102016
Total 22102016
--------------------CPUAC-----------------------
user 44
system 84
 
Fri May 19 23:33:40 IST 2017
--------------------MEMCG-----------------------
MEM ONLY  : 244 MB
MEM+SWAP  : 244 MB
cache 164044800
rss 92590080
rss_huge 0
mapped_file 46358528
writeback 0
swap 0
pgpgin 170909
pgpgout 108255
pgfault 245923
pgmajfault 206
inactive_anon 45056
active_anon 92614656
inactive_file 136966144
active_file 27004928
unevictable 0
hierarchical_memory_limit 1073741824
hierarchical_memsw_limit 5368709120
total_cache 164044800
total_rss 92585984
total_rss_huge 0
total_mapped_file 46358528
total_writeback 0
total_swap 0
total_pgpgin 170909
total_pgpgout 108255
total_pgfault 245923
total_pgmajfault 206
total_inactive_anon 45056
total_active_anon 92614656
total_inactive_file 136966144
total_active_file 27004928
total_unevictable 0
--------------------BLKIO-----------------------
11:0 Read 0
11:0 Write 0
11:0 Sync 0
11:0 Async 0
11:0 Total 0
253:0 Read 124469248
253:0 Write 229376
253:0 Sync 0
253:0 Async 124698624
253:0 Total 124698624
Total 124698624
--------------------CPUAC-----------------------
user 84
system 239
 
Fri May 19 23:34:10 IST 2017
--------------------MEMCG-----------------------
MEM ONLY  : 745 MB
MEM+SWAP  : 745 MB
cache 689369088
rss 92585984
rss_huge 0
mapped_file 46358528
writeback 0
swap 0
pgpgin 326130
pgpgout 135223
pgfault 273969
pgmajfault 206
inactive_anon 45056
active_anon 92614656
inactive_file 603688960
active_file 85606400
unevictable 0
hierarchical_memory_limit 1073741824
hierarchical_memsw_limit 5368709120
total_cache 689369088
total_rss 92585984
total_rss_huge 0
total_mapped_file 46358528
total_writeback 0
total_swap 0
total_pgpgin 326130
total_pgpgout 135223
total_pgfault 273969
total_pgmajfault 206
total_inactive_anon 45056
total_active_anon 92614656
total_inactive_file 603688960
total_active_file 85606400
total_unevictable 0
--------------------BLKIO-----------------------
11:0 Read 0
11:0 Write 0
11:0 Sync 0
11:0 Async 0
11:0 Total 0
253:0 Read 649953280
253:0 Write 229376
253:0 Sync 0
253:0 Async 650182656
253:0 Total 650182656
Total 650182656
--------------------CPUAC-----------------------
user 103
system 337
 
Fri May 19 23:34:40 IST 2017
--------------------MEMCG-----------------------
MEM ONLY  : 1023 MB
MEM+SWAP  : 1023 MB
cache 981053440
rss 92585984
rss_huge 0
mapped_file 46329856
writeback 0
swap 0
pgpgin 495254
pgpgout 233135
pgfault 309453
pgmajfault 206
inactive_anon 46501888
active_anon 46157824
inactive_file 719077376
active_file 261890048
unevictable 0
hierarchical_memory_limit 1073741824
hierarchical_memsw_limit 5368709120
total_cache 981053440
total_rss 92585984
total_rss_huge 0
total_mapped_file 46329856
total_writeback 0
total_swap 0
total_pgpgin 495254
total_pgpgout 233135
total_pgfault 309453
total_pgmajfault 206
total_inactive_anon 46501888
total_active_anon 46157824
total_inactive_file 719077376
total_active_file 261890048
total_unevictable 0
--------------------BLKIO-----------------------
11:0 Read 0
11:0 Write 0
11:0 Sync 0
11:0 Async 0
11:0 Total 0
253:0 Read 1187782656
253:0 Write 229376
253:0 Sync 0
253:0 Async 1188012032
253:0 Total 1188012032
Total 1188012032
--------------------CPUAC-----------------------
user 123
system 460
 
Fri May 19 23:35:10 IST 2017
--------------------MEMCG-----------------------
MEM ONLY  : 1023 MB
MEM+SWAP  : 1023 MB
cache 981041152
rss 92585984
rss_huge 0
mapped_file 12451840
writeback 0
swap 0
pgpgin 700637
pgpgout 438521
pgfault 355895
pgmajfault 206
inactive_anon 46501888
active_anon 46157824
inactive_file 490541056
active_file 490295296
unevictable 0
hierarchical_memory_limit 1073741824
hierarchical_memsw_limit 5368709120
total_cache 981041152
total_rss 92585984
total_rss_huge 0
total_mapped_file 12451840
total_writeback 0
total_swap 0
total_pgpgin 700637
total_pgpgout 438521
total_pgfault 355895
total_pgmajfault 206
total_inactive_anon 46501888
total_active_anon 46157824
total_inactive_file 490541056
total_active_file 490295296
total_unevictable 0
--------------------BLKIO-----------------------
11:0 Read 0
11:0 Write 0
11:0 Sync 0
11:0 Async 0
11:0 Total 0
253:0 Read 1700503552
253:0 Write 229376
253:0 Sync 0
253:0 Async 1700732928
253:0 Total 1700732928
Total 1700732928
--------------------CPUAC-----------------------
user 146
system 624
 
Fri May 19 23:35:40 IST 2017
--------------------MEMCG-----------------------
MEM ONLY  : 1024 MB
MEM+SWAP  : 1024 MB
cache 981155840
rss 92585984
rss_huge 0
mapped_file 8552448
writeback 0
swap 0
pgpgin 987265
pgpgout 725121
pgfault 417704
pgmajfault 206
inactive_anon 46501888
active_anon 46157824
inactive_file 490835968
active_file 490242048
unevictable 0
hierarchical_memory_limit 1073741824
hierarchical_memsw_limit 5368709120
total_cache 981155840
total_rss 92585984
total_rss_huge 0
total_mapped_file 8552448
total_writeback 0
total_swap 0
total_pgpgin 987265
total_pgpgout 725121
total_pgfault 417704
total_pgmajfault 206
total_inactive_anon 46501888
total_active_anon 46157824
total_inactive_file 490835968
total_active_file 490242048
total_unevictable 0
--------------------BLKIO-----------------------
11:0 Read 0
11:0 Write 0
11:0 Sync 0
11:0 Async 0
11:0 Total 0
253:0 Read 2234527744
253:0 Write 229376
253:0 Sync 0
253:0 Async 2234757120
253:0 Total 2234757120
Total 2234757120
--------------------CPUAC-----------------------
user 182
system 870
 
Fri May 19 23:36:10 IST 2017
--------------------MEMCG-----------------------
MEM ONLY  : 1023 MB
MEM+SWAP  : 1023 MB
cache 981073920
rss 92585984
rss_huge 0
mapped_file 3457024
writeback 0
swap 0
pgpgin 1294724
pgpgout 1032600
pgfault 484920
pgmajfault 211
inactive_anon 46501888
active_anon 46157824
inactive_file 490708992
active_file 490291200
unevictable 0
hierarchical_memory_limit 1073741824
hierarchical_memsw_limit 5368709120
total_cache 981073920
total_rss 92585984
total_rss_huge 0
total_mapped_file 3457024
total_writeback 0
total_swap 0
total_pgpgin 1294724
total_pgpgout 1032600
total_pgfault 484920
total_pgmajfault 211
total_inactive_anon 46501888
total_active_anon 46157824
total_inactive_file 490708992
total_active_file 490291200
total_unevictable 0
--------------------BLKIO-----------------------
11:0 Read 0
11:0 Write 0
11:0 Sync 0
11:0 Async 0
11:0 Total 0
253:0 Read 2768592896
253:0 Write 229376
253:0 Sync 0
253:0 Async 2768822272
253:0 Total 2768822272
Total 2768822272
--------------------CPUAC-----------------------
user 220
system 1117
 
Fri May 19 23:36:40 IST 2017
--------------------MEMCG-----------------------
MEM ONLY  : 1023 MB
MEM+SWAP  : 1023 MB
cache 980930560
rss 92585984
rss_huge 0
mapped_file 3457024
writeback 0
swap 0
pgpgin 1596231
pgpgout 1334142
pgfault 551620
pgmajfault 211
inactive_anon 46501888
active_anon 46157824
inactive_file 490590208
active_file 490266624
unevictable 0
hierarchical_memory_limit 1073741824
hierarchical_memsw_limit 5368709120
total_cache 980930560
total_rss 92585984
total_rss_huge 0
total_mapped_file 3457024
total_writeback 0
total_swap 0
total_pgpgin 1596231
total_pgpgout 1334142
total_pgfault 551620
total_pgmajfault 211
total_inactive_anon 46501888
total_active_anon 46157824
total_inactive_file 490590208
total_active_file 490266624
total_unevictable 0
--------------------BLKIO-----------------------
11:0 Read 0
11:0 Write 0
11:0 Sync 0
11:0 Async 0
11:0 Total 0
253:0 Read 3293896704
253:0 Write 229376
253:0 Sync 0
253:0 Async 3294126080
253:0 Total 3294126080
Total 3294126080
--------------------CPUAC-----------------------
user 256
system 1359
 
Fri May 19 23:37:10 IST 2017
--------------------MEMCG-----------------------
MEM ONLY  : 1023 MB
MEM+SWAP  : 1023 MB
cache 980955136
rss 92585984
rss_huge 0
mapped_file 3457024
writeback 0
swap 0
pgpgin 1906582
pgpgout 1644487
pgfault 619067
pgmajfault 212
inactive_anon 46501888
active_anon 46157824
inactive_file 490622976
active_file 490250240
unevictable 0
hierarchical_memory_limit 1073741824
hierarchical_memsw_limit 5368709120
total_cache 980955136
total_rss 92585984
total_rss_huge 0
total_mapped_file 3457024
total_writeback 0
total_swap 0
total_pgpgin 1906582
total_pgpgout 1644487
total_pgfault 619067
total_pgmajfault 212
total_inactive_anon 46501888
total_active_anon 46157824
total_inactive_file 490622976
total_active_file 490250240
total_unevictable 0
--------------------BLKIO-----------------------
11:0 Read 0
11:0 Write 0
11:0 Sync 0
11:0 Async 0
11:0 Total 0
253:0 Read 3824709632
253:0 Write 229376
253:0 Sync 0
253:0 Async 3824939008
253:0 Total 3824939008
Total 3824939008
--------------------CPUAC-----------------------
user 284
system 1601
 
Fri May 19 23:37:40 IST 2017
--------------------MEMCG-----------------------
MEM ONLY  : 1023 MB
MEM+SWAP  : 1023 MB
cache 980979712
rss 92585984
rss_huge 0
mapped_file 3387392
writeback 0
swap 0
pgpgin 2215959
pgpgout 1953858
pgfault 685825
pgmajfault 212
inactive_anon 46501888
active_anon 46157824
inactive_file 490409984
active_file 490496000
unevictable 0
hierarchical_memory_limit 1073741824
hierarchical_memsw_limit 5368709120
total_cache 980979712
total_rss 92585984
total_rss_huge 0
total_mapped_file 3387392
total_writeback 0
total_swap 0
total_pgpgin 2215959
total_pgpgout 1953858
total_pgfault 685825
total_pgmajfault 212
total_inactive_anon 46501888
total_active_anon 46157824
total_inactive_file 490409984
total_active_file 490496000
total_unevictable 0
--------------------BLKIO-----------------------
11:0 Read 0
11:0 Write 0
11:0 Sync 0
11:0 Async 0
11:0 Total 0
253:0 Read 4347236352
253:0 Write 229376
253:0 Sync 0
253:0 Async 4347465728
253:0 Total 4347465728
Total 4347465728
--------------------CPUAC-----------------------
user 318
system 1848
 
Fri May 19 23:38:10 IST 2017
--------------------MEMCG-----------------------
MEM ONLY  : 1023 MB
MEM+SWAP  : 1023 MB
cache 981004288
rss 92585984
rss_huge 0
mapped_file 3579904
writeback 0
swap 0
pgpgin 2530977
pgpgout 2268870
pgfault 753971
pgmajfault 220
inactive_anon 46501888
active_anon 46157824
inactive_file 490823680
active_file 490086400
unevictable 0
hierarchical_memory_limit 1073741824
hierarchical_memsw_limit 5368709120
total_cache 981004288
total_rss 92585984
total_rss_huge 0
total_mapped_file 3579904
total_writeback 0
total_swap 0
total_pgpgin 2530977
total_pgpgout 2268870
total_pgfault 753971
total_pgmajfault 220
total_inactive_anon 46501888
total_active_anon 46157824
total_inactive_file 490823680
total_active_file 490086400
total_unevictable 0
--------------------BLKIO-----------------------
11:0 Read 0
11:0 Write 0
11:0 Sync 0
11:0 Async 0
11:0 Total 0
253:0 Read 4867428352
253:0 Write 229376
253:0 Sync 0
253:0 Async 4867657728
253:0 Total 4867657728
Total 4867657728
--------------------CPUAC-----------------------
user 352
system 2110
 
Fri May 19 23:38:40 IST 2017
--------------------MEMCG-----------------------
MEM ONLY  : 1023 MB
MEM+SWAP  : 1023 MB
cache 980938752
rss 92585984
rss_huge 0
mapped_file 3579904
writeback 0
swap 0
pgpgin 2841862
pgpgout 2579771
pgfault 821628
pgmajfault 220
inactive_anon 46501888
active_anon 46157824
inactive_file 490729472
active_file 490102784
unevictable 0
hierarchical_memory_limit 1073741824
hierarchical_memsw_limit 5368709120
total_cache 980938752
total_rss 92585984
total_rss_huge 0
total_mapped_file 3579904
total_writeback 0
total_swap 0
total_pgpgin 2841862
total_pgpgout 2579771
total_pgfault 821628
total_pgmajfault 220
total_inactive_anon 46501888
total_active_anon 46157824
total_inactive_file 490729472
total_active_file 490102784
total_unevictable 0
--------------------BLKIO-----------------------
11:0 Read 0
11:0 Write 0
11:0 Sync 0
11:0 Async 0
11:0 Total 0
253:0 Read 5392728064
253:0 Write 229376
253:0 Sync 0
253:0 Async 5392957440
253:0 Total 5392957440
Total 5392957440
--------------------CPUAC-----------------------
user 390
system 2355
 
Fri May 19 23:39:10 IST 2017
--------------------MEMCG-----------------------
MEM ONLY  : 1023 MB
MEM+SWAP  : 1023 MB
cache 980938752
rss 92585984
rss_huge 0
mapped_file 3387392
writeback 0
swap 0
pgpgin 3150691
pgpgout 2888600
pgfault 887789
pgmajfault 221
inactive_anon 46501888
active_anon 46157824
inactive_file 490532864
active_file 490274816
unevictable 0
hierarchical_memory_limit 1073741824
hierarchical_memsw_limit 5368709120
total_cache 980938752
total_rss 92585984
total_rss_huge 0
total_mapped_file 3387392
total_writeback 0
total_swap 0
total_pgpgin 3150691
total_pgpgout 2888600
total_pgfault 887789
total_pgmajfault 221
total_inactive_anon 46501888
total_active_anon 46157824
total_inactive_file 490532864
total_active_file 490332160
total_unevictable 0
--------------------BLKIO-----------------------
11:0 Read 0
11:0 Write 0
11:0 Sync 0
11:0 Async 0
11:0 Total 0
253:0 Read 5921705984
253:0 Write 229376
253:0 Sync 0
253:0 Async 5921935360
253:0 Total 5921935360
Total 5921935360
--------------------CPUAC-----------------------
user 432
system 2602
 
Fri May 19 23:39:40 IST 2017
--------------------MEMCG-----------------------
MEM ONLY  : 1023 MB
MEM+SWAP  : 1023 MB
cache 981037056
rss 92585984
rss_huge 0
mapped_file 3387392
writeback 0
swap 0
pgpgin 3453280
pgpgout 3191165
pgfault 953643
pgmajfault 221
inactive_anon 46501888
active_anon 46157824
inactive_file 490598400
active_file 490364928
unevictable 0
hierarchical_memory_limit 1073741824
hierarchical_memsw_limit 5368709120
total_cache 981037056
total_rss 92585984
total_rss_huge 0
total_mapped_file 3387392
total_writeback 0
total_swap 0
total_pgpgin 3453280
total_pgpgout 3191165
total_pgfault 953643
total_pgmajfault 221
total_inactive_anon 46501888
total_active_anon 46157824
total_inactive_file 490598400
total_active_file 490364928
total_unevictable 0
--------------------BLKIO-----------------------
11:0 Read 0
11:0 Write 0
11:0 Sync 0
11:0 Async 0
11:0 Total 0
253:0 Read 6442037248
253:0 Write 229376
253:0 Sync 0
253:0 Async 6442266624
253:0 Total 6442266624
Total 6442266624
--------------------CPUAC-----------------------
user 465
system 2858
 
Fri May 19 23:40:10 IST 2017
--------------------MEMCG-----------------------
MEM ONLY  : 1023 MB
MEM+SWAP  : 1023 MB
cache 980975616
rss 92585984
rss_huge 0
mapped_file 3387392
writeback 0
swap 0
pgpgin 3762672
pgpgout 3500572
pgfault 1020982
pgmajfault 226
inactive_anon 46501888
active_anon 46157824
inactive_file 490348544
active_file 490520576
unevictable 0
hierarchical_memory_limit 1073741824
hierarchical_memsw_limit 5368709120
total_cache 980975616
total_rss 92585984
total_rss_huge 0
total_mapped_file 3387392
total_writeback 0
total_swap 0
total_pgpgin 3762672
total_pgpgout 3500572
total_pgfault 1020982
total_pgmajfault 226
total_inactive_anon 46501888
total_active_anon 46157824
total_inactive_file 490348544
total_active_file 490520576
total_unevictable 0
--------------------BLKIO-----------------------
11:0 Read 0
11:0 Write 0
11:0 Sync 0
11:0 Async 0
11:0 Total 0
253:0 Read 6963765248
253:0 Write 229376
253:0 Sync 0
253:0 Async 6963994624
253:0 Total 6963994624
Total 6963994624
--------------------CPUAC-----------------------
user 505
system 3116
 
Fri May 19 23:40:40 IST 2017
--------------------MEMCG-----------------------
MEM ONLY  : 1023 MB
MEM+SWAP  : 1023 MB
cache 981123072
rss 92585984
rss_huge 0
mapped_file 3387392
writeback 0
swap 0
pgpgin 4073056
pgpgout 3810920
pgfault 1088165
pgmajfault 226
inactive_anon 46501888
active_anon 46157824
inactive_file 490528768
active_file 490487808
unevictable 0
hierarchical_memory_limit 1073741824
hierarchical_memsw_limit 5368709120
total_cache 981123072
total_rss 92585984
total_rss_huge 0
total_mapped_file 3387392
total_writeback 0
total_swap 0
total_pgpgin 4073056
total_pgpgout 3810920
total_pgfault 1088165
total_pgmajfault 226
total_inactive_anon 46501888
total_active_anon 46157824
total_inactive_file 490528768
total_active_file 490487808
total_unevictable 0
--------------------BLKIO-----------------------
11:0 Read 0
11:0 Write 0
11:0 Sync 0
11:0 Async 0
11:0 Total 0
253:0 Read 7490699264
253:0 Write 229376
253:0 Sync 0
253:0 Async 7490928640
253:0 Total 7490928640
Total 7490928640
--------------------CPUAC-----------------------
user 540
system 3389
 
Fri May 19 23:41:10 IST 2017
--------------------MEMCG-----------------------
MEM ONLY  : 1023 MB
MEM+SWAP  : 1023 MB
cache 981020672
rss 92585984
rss_huge 0
mapped_file 3387392
writeback 0
swap 0
pgpgin 4381387
pgpgout 4119276
pgfault 1154421
pgmajfault 227
inactive_anon 46501888
active_anon 46157824
inactive_file 490622976
active_file 490291200
unevictable 0
hierarchical_memory_limit 1073741824
hierarchical_memsw_limit 5368709120
total_cache 981020672
total_rss 92585984
total_rss_huge 0
total_mapped_file 3387392
total_writeback 0
total_swap 0
total_pgpgin 4381387
total_pgpgout 4119276
total_pgfault 1154421
total_pgmajfault 227
total_inactive_anon 46501888
total_active_anon 46157824
total_inactive_file 490622976
total_active_file 490291200
total_unevictable 0
--------------------BLKIO-----------------------
11:0 Read 0
11:0 Write 0
11:0 Sync 0
11:0 Async 0
11:0 Total 0
253:0 Read 8010821632
253:0 Write 229376
253:0 Sync 0
253:0 Async 8011051008
253:0 Total 8011051008
Total 8011051008
--------------------CPUAC-----------------------
user 579
system 3634
 
Fri May 19 23:41:40 IST 2017
--------------------MEMCG-----------------------
MEM ONLY  : 1023 MB
MEM+SWAP  : 1023 MB
cache 981102592
rss 92585984
rss_huge 0
mapped_file 3387392
writeback 0
swap 0
pgpgin 4690460
pgpgout 4428329
pgfault 1221364
pgmajfault 227
inactive_anon 46501888
active_anon 46157824
inactive_file 490749952
active_file 490221568
unevictable 0
hierarchical_memory_limit 1073741824
hierarchical_memsw_limit 5368709120
total_cache 981102592
total_rss 92585984
total_rss_huge 0
total_mapped_file 3387392
total_writeback 0
total_swap 0
total_pgpgin 4690460
total_pgpgout 4428329
total_pgfault 1221364
total_pgmajfault 227
total_inactive_anon 46501888
total_active_anon 46157824
total_inactive_file 490749952
total_active_file 490221568
total_unevictable 0
--------------------BLKIO-----------------------
11:0 Read 0
11:0 Write 0
11:0 Sync 0
11:0 Async 0
11:0 Total 0
253:0 Read 8536674304
253:0 Write 229376
253:0 Sync 0
253:0 Async 8536903680
253:0 Total 8536903680
Total 8536903680
--------------------CPUAC-----------------------
user 611
system 3896
 
Fri May 19 23:42:10 IST 2017
--------------------MEMCG-----------------------
MEM ONLY  : 1023 MB
MEM+SWAP  : 1023 MB
cache 980885504
rss 92585984
rss_huge 0
mapped_file 3387392
writeback 0
swap 0
pgpgin 4988137
pgpgout 4726059
pgfault 1286993
pgmajfault 232
inactive_anon 46501888
active_anon 46157824
inactive_file 490496000
active_file 490315776
unevictable 0
hierarchical_memory_limit 1073741824
hierarchical_memsw_limit 5368709120
total_cache 980885504
total_rss 92585984
total_rss_huge 0
total_mapped_file 3387392
total_writeback 0
total_swap 0
total_pgpgin 4988137
total_pgpgout 4726059
total_pgfault 1286993
total_pgmajfault 232
total_inactive_anon 46501888
total_active_anon 46157824
total_inactive_file 490496000
total_active_file 490315776
total_unevictable 0
--------------------BLKIO-----------------------
11:0 Read 0
11:0 Write 0
11:0 Sync 0
11:0 Async 0
11:0 Total 0
253:0 Read 9046523904
253:0 Write 229376
253:0 Sync 0
253:0 Async 9046753280
253:0 Total 9046753280
Total 9046753280
--------------------CPUAC-----------------------
user 647
system 4151
 
Fri May 19 23:42:40 IST 2017
--------------------MEMCG-----------------------
MEM ONLY  : 1023 MB
MEM+SWAP  : 1023 MB
cache 981037056
rss 92585984
rss_huge 0
mapped_file 3387392
writeback 0
swap 0
pgpgin 5299644
pgpgout 5037529
pgfault 1353955
pgmajfault 232
inactive_anon 46501888
active_anon 46157824
inactive_file 490590208
active_file 490373120
unevictable 0
hierarchical_memory_limit 1073741824
hierarchical_memsw_limit 5368709120
total_cache 981037056
total_rss 92585984
total_rss_huge 0
total_mapped_file 3387392
total_writeback 0
total_swap 0
total_pgpgin 5299644
total_pgpgout 5037529
total_pgfault 1353955
total_pgmajfault 232
total_inactive_anon 46501888
total_active_anon 46157824
total_inactive_file 490590208
total_active_file 490373120
total_unevictable 0
--------------------BLKIO-----------------------
11:0 Read 0
11:0 Write 0
11:0 Sync 0
11:0 Async 0
11:0 Total 0
253:0 Read 9573797888
253:0 Write 229376
253:0 Sync 0
253:0 Async 9574027264
253:0 Total 9574027264
Total 9574027264
--------------------CPUAC-----------------------
user 684
system 4403
 
Fri May 19 23:43:10 IST 2017
--------------------MEMCG-----------------------
MEM ONLY  : 1023 MB
MEM+SWAP  : 1023 MB
cache 981069824
rss 92585984
rss_huge 0
mapped_file 3387392
writeback 0
swap 0
pgpgin 5605619
pgpgout 5343496
pgfault 1419731
pgmajfault 233
inactive_anon 46501888
active_anon 46157824
inactive_file 490577920
active_file 490385408
unevictable 0
hierarchical_memory_limit 1073741824
hierarchical_memsw_limit 5368709120
total_cache 981069824
total_rss 92585984
total_rss_huge 0
total_mapped_file 3387392
total_writeback 0
total_swap 0
total_pgpgin 5605619
total_pgpgout 5343496
total_pgfault 1419731
total_pgmajfault 233
total_inactive_anon 46501888
total_active_anon 46157824
total_inactive_file 490577920
total_active_file 490385408
total_unevictable 0
--------------------BLKIO-----------------------
11:0 Read 0
11:0 Write 0
11:0 Sync 0
11:0 Async 0
11:0 Total 0
253:0 Read 10100314112
253:0 Write 229376
253:0 Sync 0
253:0 Async 10100543488
253:0 Total 10100543488
Total 10100543488
--------------------CPUAC-----------------------
user 719
system 4655
 
Fri May 19 23:43:40 IST 2017
--------------------MEMCG-----------------------
MEM ONLY  : 942 MB
MEM+SWAP  : 942 MB
cache 981192704
rss 6594560
rss_huge 0
mapped_file 2088960
writeback 0
swap 0
pgpgin 5861389
pgpgout 5620230
pgfault 1476218
pgmajfault 309
inactive_anon 6602752
active_anon 61440
inactive_file 492437504
active_file 488685568
unevictable 0
hierarchical_memory_limit 1073741824
hierarchical_memsw_limit 5368709120
total_cache 981192704
total_rss 6594560
total_rss_huge 0
total_mapped_file 2088960
total_writeback 0
total_swap 0
total_pgpgin 5861389
total_pgpgout 5620230
total_pgfault 1476218
total_pgmajfault 309
total_inactive_anon 6602752
total_active_anon 61440
total_inactive_file 492437504
total_active_file 488685568
total_unevictable 0
--------------------BLKIO-----------------------
11:0 Read 0
11:0 Write 0
11:0 Sync 0
11:0 Async 0
11:0 Total 0
253:0 Read 10538967040
253:0 Write 229376
253:0 Sync 0
253:0 Async 10539196416
253:0 Total 10539196416
Total 10539196416
--------------------CPUAC-----------------------
user 745
system 4857
 
Fri May 19 23:44:10 IST 2017
--------------------MEMCG-----------------------
MEM ONLY  : 942 MB
MEM+SWAP  : 942 MB
cache 981192704
rss 6594560
rss_huge 0
mapped_file 2088960
writeback 0
swap 0
pgpgin 5861389
pgpgout 5620230
pgfault 1476218
pgmajfault 309
inactive_anon 6602752
active_anon 61440
inactive_file 492437504
active_file 488685568
unevictable 0
hierarchical_memory_limit 1073741824
hierarchical_memsw_limit 5368709120
total_cache 981192704
total_rss 6594560
total_rss_huge 0
total_mapped_file 2088960
total_writeback 0
total_swap 0
total_pgpgin 5861389
total_pgpgout 5620230
total_pgfault 1476218
total_pgmajfault 309
total_inactive_anon 6602752
total_active_anon 61440
total_inactive_file 492437504
total_active_file 488685568
total_unevictable 0
--------------------BLKIO-----------------------
11:0 Read 0
11:0 Write 0
11:0 Sync 0
11:0 Async 0
11:0 Total 0
253:0 Read 10538967040
253:0 Write 229376
253:0 Sync 0
253:0 Async 10539196416
253:0 Total 10539196416
Total 10539196416
--------------------CPUAC-----------------------
user 745
system 4857
 
Fri May 19 23:44:40 IST 2017
--------------------MEMCG-----------------------
MEM ONLY  : 942 MB
MEM+SWAP  : 942 MB
cache 981192704
rss 6594560
rss_huge 0
mapped_file 2088960
writeback 0
swap 0
pgpgin 5861389
pgpgout 5620230
pgfault 1476218
pgmajfault 309
inactive_anon 6602752
active_anon 61440
inactive_file 492437504
active_file 488685568
unevictable 0
hierarchical_memory_limit 1073741824
hierarchical_memsw_limit 5368709120
total_cache 981192704
total_rss 6594560
total_rss_huge 0
total_mapped_file 2088960
total_writeback 0
total_swap 0
total_pgpgin 5861389
total_pgpgout 5620230
total_pgfault 1476218
total_pgmajfault 309
total_inactive_anon 6602752
total_active_anon 61440
total_inactive_file 492437504
total_active_file 488685568
total_unevictable 0
--------------------BLKIO-----------------------
11:0 Read 0
11:0 Write 0
11:0 Sync 0
11:0 Async 0
11:0 Total 0
253:0 Read 10538967040
253:0 Write 229376
253:0 Sync 0
253:0 Async 10539196416
253:0 Total 10539196416
Total 10539196416
--------------------CPUAC-----------------------
user 745
system 4857
 
Fri May 19 23:45:10 IST 2017
--------------------MEMCG-----------------------
MEM ONLY  : 942 MB
MEM+SWAP  : 942 MB
cache 981192704
rss 6594560
rss_huge 0
mapped_file 2088960
writeback 0
swap 0
pgpgin 5861389
pgpgout 5620230
pgfault 1476218
pgmajfault 309
inactive_anon 6602752
active_anon 61440
inactive_file 492437504
active_file 488685568
unevictable 0
hierarchical_memory_limit 1073741824
hierarchical_memsw_limit 5368709120
total_cache 981192704
total_rss 6594560
total_rss_huge 0
total_mapped_file 2088960
total_writeback 0
total_swap 0
total_pgpgin 5861389
total_pgpgout 5620230
total_pgfault 1476218
total_pgmajfault 309
total_inactive_anon 6602752
total_active_anon 61440
total_inactive_file 492437504
total_active_file 488685568
total_unevictable 0
--------------------BLKIO-----------------------
11:0 Read 0
11:0 Write 0
11:0 Sync 0
11:0 Async 0
11:0 Total 0
253:0 Read 10538967040
253:0 Write 229376
253:0 Sync 0
253:0 Async 10539196416
253:0 Total 10539196416
Total 10539196416
--------------------CPUAC-----------------------
user 745
system 4857
 
Fri May 19 23:45:41 IST 2017
--------------------MEMCG-----------------------
MEM ONLY  : 942 MB
MEM+SWAP  : 942 MB
cache 981192704
rss 6594560
rss_huge 0
mapped_file 2088960
writeback 0
swap 0
pgpgin 5861389
pgpgout 5620230
pgfault 1476218
pgmajfault 309
inactive_anon 6602752
active_anon 61440
inactive_file 492437504
active_file 488685568
unevictable 0
hierarchical_memory_limit 1073741824
hierarchical_memsw_limit 5368709120
total_cache 981192704
total_rss 6594560
total_rss_huge 0
total_mapped_file 2088960
total_writeback 0
total_swap 0
total_pgpgin 5861389
total_pgpgout 5620230
total_pgfault 1476218
total_pgmajfault 309
total_inactive_anon 6602752
total_active_anon 61440
total_inactive_file 492437504
total_active_file 488685568
total_unevictable 0
--------------------BLKIO-----------------------
11:0 Read 0
11:0 Write 0
11:0 Sync 0
11:0 Async 0
11:0 Total 0
253:0 Read 10538967040
253:0 Write 229376
253:0 Sync 0
253:0 Async 10539196416
253:0 Total 10539196416
Total 10539196416
--------------------CPUAC-----------------------
user 745
system 4857
 
Fri May 19 23:46:11 IST 2017
--------------------MEMCG-----------------------
MEM ONLY  : 942 MB
MEM+SWAP  : 942 MB
cache 981192704
rss 6594560
rss_huge 0
mapped_file 2088960
writeback 0
swap 0
pgpgin 5861389
pgpgout 5620230
pgfault 1476218
pgmajfault 309
inactive_anon 6602752
active_anon 61440
inactive_file 492437504
active_file 488685568
unevictable 0
hierarchical_memory_limit 1073741824
hierarchical_memsw_limit 5368709120
total_cache 981192704
total_rss 6594560
total_rss_huge 0
total_mapped_file 2088960
total_writeback 0
total_swap 0
total_pgpgin 5861389
total_pgpgout 5620230
total_pgfault 1476218
total_pgmajfault 309
total_inactive_anon 6602752
total_active_anon 61440
total_inactive_file 492437504
total_active_file 488685568
total_unevictable 0
--------------------BLKIO-----------------------
11:0 Read 0
11:0 Write 0
11:0 Sync 0
11:0 Async 0
11:0 Total 0
253:0 Read 10538967040
253:0 Write 229376
253:0 Sync 0
253:0 Async 10539196416
253:0 Total 10539196416
Total 10539196416
--------------------CPUAC-----------------------
user 745
system 4857
 
Fri May 19 23:46:41 IST 2017
--------------------MEMCG-----------------------
MEM ONLY  : 942 MB
MEM+SWAP  : 942 MB
cache 981192704
rss 6594560
rss_huge 0
mapped_file 2088960
writeback 0
swap 0
pgpgin 5861389
pgpgout 5620230
pgfault 1476218
pgmajfault 309
inactive_anon 6602752
active_anon 61440
inactive_file 492437504
active_file 488685568
unevictable 0
hierarchical_memory_limit 1073741824
hierarchical_memsw_limit 5368709120
total_cache 981192704
total_rss 6594560
total_rss_huge 0
total_mapped_file 2088960
total_writeback 0
total_swap 0
total_pgpgin 5861389
total_pgpgout 5620230
total_pgfault 1476218
total_pgmajfault 309
total_inactive_anon 6602752
total_active_anon 61440
total_inactive_file 492437504
total_active_file 488685568
total_unevictable 0
--------------------BLKIO-----------------------
11:0 Read 0
11:0 Write 0
11:0 Sync 0
11:0 Async 0
11:0 Total 0
253:0 Read 10538967040
253:0 Write 229376
253:0 Sync 0
253:0 Async 10539196416
253:0 Total 10539196416
Total 10539196416
--------------------CPUAC-----------------------
user 745
system 4857
 
Fri May 19 23:47:11 IST 2017
--------------------MEMCG-----------------------
MEM ONLY  : 942 MB
MEM+SWAP  : 942 MB
cache 981192704
rss 6594560
rss_huge 0
mapped_file 2088960
writeback 0
swap 0
pgpgin 5861389
pgpgout 5620230
pgfault 1476218
pgmajfault 309
inactive_anon 6602752
active_anon 61440
inactive_file 492437504
active_file 488685568
unevictable 0
hierarchical_memory_limit 1073741824
hierarchical_memsw_limit 5368709120
total_cache 981192704
total_rss 6594560
total_rss_huge 0
total_mapped_file 2088960
total_writeback 0
total_swap 0
total_pgpgin 5861389
total_pgpgout 5620230
total_pgfault 1476218
total_pgmajfault 309
total_inactive_anon 6602752
total_active_anon 61440
total_inactive_file 492437504
total_active_file 488685568
total_unevictable 0
--------------------BLKIO-----------------------
11:0 Read 0
11:0 Write 0
11:0 Sync 0
11:0 Async 0
11:0 Total 0
253:0 Read 10538967040
253:0 Write 229376
253:0 Sync 0
253:0 Async 10539196416
253:0 Total 10539196416
Total 10539196416
--------------------CPUAC-----------------------
user 745
system 4857
 
Fri May 19 23:47:41 IST 2017
--------------------MEMCG-----------------------
MEM ONLY  : 942 MB
MEM+SWAP  : 942 MB
cache 981192704
rss 6594560
rss_huge 0
mapped_file 2088960
writeback 0
swap 0
pgpgin 5861389
pgpgout 5620230
pgfault 1476218
pgmajfault 309
inactive_anon 6602752
active_anon 61440
inactive_file 492437504
active_file 488685568
unevictable 0
hierarchical_memory_limit 1073741824
hierarchical_memsw_limit 5368709120
total_cache 981192704
total_rss 6594560
total_rss_huge 0
total_mapped_file 2088960
total_writeback 0
total_swap 0
total_pgpgin 5861389
total_pgpgout 5620230
total_pgfault 1476218
total_pgmajfault 309
total_inactive_anon 6602752
total_active_anon 61440
total_inactive_file 492437504
total_active_file 488685568
total_unevictable 0
--------------------BLKIO-----------------------
11:0 Read 0
11:0 Write 0
11:0 Sync 0
11:0 Async 0
11:0 Total 0
253:0 Read 10538967040
253:0 Write 229376
253:0 Sync 0
253:0 Async 10539196416
253:0 Total 10539196416
Total 10539196416
--------------------CPUAC-----------------------
user 745
system 4857
 
Fri May 19 23:48:11 IST 2017
--------------------MEMCG-----------------------
MEM ONLY  : 942 MB
MEM+SWAP  : 942 MB
cache 981192704
rss 6594560
rss_huge 0
mapped_file 2088960
writeback 0
swap 0
pgpgin 5861389
pgpgout 5620230
pgfault 1476218
pgmajfault 309
inactive_anon 6602752
active_anon 61440
inactive_file 492437504
active_file 488685568
unevictable 0
hierarchical_memory_limit 1073741824
hierarchical_memsw_limit 5368709120
total_cache 981192704
total_rss 6594560
total_rss_huge 0
total_mapped_file 2088960
total_writeback 0
total_swap 0
total_pgpgin 5861389
total_pgpgout 5620230
total_pgfault 1476218
total_pgmajfault 309
total_inactive_anon 6602752
total_active_anon 61440
total_inactive_file 492437504
total_active_file 488685568
total_unevictable 0
--------------------BLKIO-----------------------
11:0 Read 0
11:0 Write 0
11:0 Sync 0
11:0 Async 0
11:0 Total 0
253:0 Read 10538967040
253:0 Write 229376
253:0 Sync 0
253:0 Async 10539196416
253:0 Total 10539196416
Total 10539196416
--------------------CPUAC-----------------------
user 745
system 4857
 
Fri May 19 23:48:41 IST 2017
--------------------MEMCG-----------------------
MEM ONLY  : 942 MB
MEM+SWAP  : 942 MB
cache 981192704
rss 6594560
rss_huge 0
mapped_file 2088960
writeback 0
swap 0
pgpgin 5861389
pgpgout 5620230
pgfault 1476218
pgmajfault 309
inactive_anon 6602752
active_anon 61440
inactive_file 492437504
active_file 488685568
unevictable 0
hierarchical_memory_limit 1073741824
hierarchical_memsw_limit 5368709120
total_cache 981192704
total_rss 6594560
total_rss_huge 0
total_mapped_file 2088960
total_writeback 0
total_swap 0
total_pgpgin 5861389
total_pgpgout 5620230
total_pgfault 1476218
total_pgmajfault 309
total_inactive_anon 6602752
total_active_anon 61440
total_inactive_file 492437504
total_active_file 488685568
total_unevictable 0
--------------------BLKIO-----------------------
11:0 Read 0
11:0 Write 0
11:0 Sync 0
11:0 Async 0
11:0 Total 0
253:0 Read 10538967040
253:0 Write 229376
253:0 Sync 0
253:0 Async 10539196416
253:0 Total 10539196416
Total 10539196416
--------------------CPUAC-----------------------
user 745
system 4857
 
Fri May 19 23:49:11 IST 2017
--------------------MEMCG-----------------------
MEM ONLY  : 942 MB
MEM+SWAP  : 942 MB
cache 981192704
rss 6594560
rss_huge 0
mapped_file 2088960
writeback 0
swap 0
pgpgin 5861389
pgpgout 5620230
pgfault 1476218
pgmajfault 309
inactive_anon 6602752
active_anon 61440
inactive_file 492437504
active_file 488685568
unevictable 0
hierarchical_memory_limit 1073741824
hierarchical_memsw_limit 5368709120
total_cache 981192704
total_rss 6594560
total_rss_huge 0
total_mapped_file 2088960
total_writeback 0
total_swap 0
total_pgpgin 5861389
total_pgpgout 5620230
total_pgfault 1476218
total_pgmajfault 309
total_inactive_anon 6602752
total_active_anon 61440
total_inactive_file 492437504
total_active_file 488685568
total_unevictable 0
--------------------BLKIO-----------------------
11:0 Read 0
11:0 Write 0
11:0 Sync 0
11:0 Async 0
11:0 Total 0
253:0 Read 10538967040
253:0 Write 229376
253:0 Sync 0
253:0 Async 10539196416
253:0 Total 10539196416
Total 10539196416
--------------------CPUAC-----------------------
user 745
system 4857
 
Fri May 19 23:49:41 IST 2017
--------------------MEMCG-----------------------
MEM ONLY  : 942 MB
MEM+SWAP  : 942 MB
cache 981192704
rss 6594560
rss_huge 0
mapped_file 2088960
writeback 0
swap 0
pgpgin 5861389
pgpgout 5620230
pgfault 1476218
pgmajfault 309
inactive_anon 6602752
active_anon 61440
inactive_file 492437504
active_file 488685568
unevictable 0
hierarchical_memory_limit 1073741824
hierarchical_memsw_limit 5368709120
total_cache 981192704
total_rss 6594560
total_rss_huge 0
total_mapped_file 2088960
total_writeback 0
total_swap 0
total_pgpgin 5861389
total_pgpgout 5620230
total_pgfault 1476218
total_pgmajfault 309
total_inactive_anon 6602752
total_active_anon 61440
total_inactive_file 492437504
total_active_file 488685568
total_unevictable 0
--------------------BLKIO-----------------------
11:0 Read 0
11:0 Write 0
11:0 Sync 0
11:0 Async 0
11:0 Total 0
253:0 Read 10538967040
253:0 Write 229376
253:0 Sync 0
253:0 Async 10539196416
253:0 Total 10539196416
Total 10539196416
--------------------CPUAC-----------------------
user 745
system 4857
 
Fri May 19 23:50:11 IST 2017
--------------------MEMCG-----------------------
MEM ONLY  : 942 MB
MEM+SWAP  : 942 MB
cache 981192704
rss 6594560
rss_huge 0
mapped_file 2088960
writeback 0
swap 0
pgpgin 5861389
pgpgout 5620230
pgfault 1476218
pgmajfault 309
inactive_anon 6602752
active_anon 61440
inactive_file 492437504
active_file 488685568
unevictable 0
hierarchical_memory_limit 1073741824
hierarchical_memsw_limit 5368709120
total_cache 981192704
total_rss 6594560
total_rss_huge 0
total_mapped_file 2088960
total_writeback 0
total_swap 0
total_pgpgin 5861389
total_pgpgout 5620230
total_pgfault 1476218
total_pgmajfault 309
total_inactive_anon 6602752
total_active_anon 61440
total_inactive_file 492437504
total_active_file 488685568
total_unevictable 0
--------------------BLKIO-----------------------
11:0 Read 0
11:0 Write 0
11:0 Sync 0
11:0 Async 0
11:0 Total 0
253:0 Read 10538967040
253:0 Write 229376
253:0 Sync 0
253:0 Async 10539196416
253:0 Total 10539196416
Total 10539196416
--------------------CPUAC-----------------------
user 745
system 4857
 
Fri May 19 23:50:41 IST 2017
--------------------MEMCG-----------------------
MEM ONLY  : 942 MB
MEM+SWAP  : 942 MB
cache 981192704
rss 6594560
rss_huge 0
mapped_file 2088960
writeback 0
swap 0
pgpgin 5861389
pgpgout 5620230
pgfault 1476218
pgmajfault 309
inactive_anon 6602752
active_anon 61440
inactive_file 492437504
active_file 488685568
unevictable 0
hierarchical_memory_limit 1073741824
hierarchical_memsw_limit 5368709120
total_cache 981192704
total_rss 6594560
total_rss_huge 0
total_mapped_file 2088960
total_writeback 0
total_swap 0
total_pgpgin 5861389
total_pgpgout 5620230
total_pgfault 1476218
total_pgmajfault 309
total_inactive_anon 6602752
total_active_anon 61440
total_inactive_file 492437504
total_active_file 488685568
total_unevictable 0
--------------------BLKIO-----------------------
11:0 Read 0
11:0 Write 0
11:0 Sync 0
11:0 Async 0
11:0 Total 0
253:0 Read 10538967040
253:0 Write 229376
253:0 Sync 0
253:0 Async 10539196416
253:0 Total 10539196416
Total 10539196416
--------------------CPUAC-----------------------
user 745
system 4857
 
Fri May 19 23:51:11 IST 2017
--------------------MEMCG-----------------------
MEM ONLY  : 942 MB
MEM+SWAP  : 942 MB
cache 981192704
rss 6594560
rss_huge 0
mapped_file 2088960
writeback 0
swap 0
pgpgin 5861389
pgpgout 5620230
pgfault 1476218
pgmajfault 309
inactive_anon 6602752
active_anon 61440
inactive_file 492437504
active_file 488685568
unevictable 0
hierarchical_memory_limit 1073741824
hierarchical_memsw_limit 5368709120
total_cache 981192704
total_rss 6594560
total_rss_huge 0
total_mapped_file 2088960
total_writeback 0
total_swap 0
total_pgpgin 5861389
total_pgpgout 5620230
total_pgfault 1476218
total_pgmajfault 309
total_inactive_anon 6602752
total_active_anon 61440
total_inactive_file 492437504
total_active_file 488685568
total_unevictable 0
--------------------BLKIO-----------------------
11:0 Read 0
11:0 Write 0
11:0 Sync 0
11:0 Async 0
11:0 Total 0
253:0 Read 10538967040
253:0 Write 229376
253:0 Sync 0
253:0 Async 10539196416
253:0 Total 10539196416
Total 10539196416
--------------------CPUAC-----------------------
user 746
system 4857
 
Fri May 19 23:51:41 IST 2017
--------------------MEMCG-----------------------
MEM ONLY  : 944 MB
MEM+SWAP  : 944 MB
cache 984170496
rss 6594560
rss_huge 0
mapped_file 3088384
writeback 0
swap 0
pgpgin 5862729
pgpgout 5620843
pgfault 1477840
pgmajfault 338
inactive_anon 6582272
active_anon 81920
inactive_file 493363200
active_file 490737664
unevictable 0
hierarchical_memory_limit 1073741824
hierarchical_memsw_limit 5368709120
total_cache 984170496
total_rss 6594560
total_rss_huge 0
total_mapped_file 3088384
total_writeback 0
total_swap 0
total_pgpgin 5862729
total_pgpgout 5620843
total_pgfault 1477840
total_pgmajfault 338
total_inactive_anon 6582272
total_active_anon 81920
total_inactive_file 493363200
total_active_file 490737664
total_unevictable 0
--------------------BLKIO-----------------------
11:0 Read 0
11:0 Write 0
11:0 Sync 0
11:0 Async 0
11:0 Total 0
253:0 Read 10541944832
253:0 Write 229376
253:0 Sync 0
253:0 Async 10542174208
253:0 Total 10542174208
Total 10542174208
--------------------CPUAC-----------------------
user 746
system 4858
 
Fri May 19 23:52:11 IST 2017
--------------------MEMCG-----------------------
MEM ONLY  : 944 MB
MEM+SWAP  : 944 MB
cache 984170496
rss 6594560
rss_huge 0
mapped_file 3088384
writeback 0
swap 0
pgpgin 5862729
pgpgout 5620843
pgfault 1477840
pgmajfault 338
inactive_anon 6582272
active_anon 81920
inactive_file 493363200
active_file 490737664
unevictable 0
hierarchical_memory_limit 1073741824
hierarchical_memsw_limit 5368709120
total_cache 984170496
total_rss 6594560
total_rss_huge 0
total_mapped_file 3088384
total_writeback 0
total_swap 0
total_pgpgin 5862729
total_pgpgout 5620843
total_pgfault 1477840
total_pgmajfault 338
total_inactive_anon 6582272
total_active_anon 81920
total_inactive_file 493363200
total_active_file 490737664
total_unevictable 0
--------------------BLKIO-----------------------
11:0 Read 0
11:0 Write 0
11:0 Sync 0
11:0 Async 0
11:0 Total 0
253:0 Read 10541944832
253:0 Write 229376
253:0 Sync 0
253:0 Async 10542174208
253:0 Total 10542174208
Total 10542174208
--------------------CPUAC-----------------------
user 746
system 4858
 
