Fri May 19 23:23:39 IST 2017
--------------------MEMCG-----------------------
MEM ONLY  : 29 MB
MEM+SWAP  : 29 MB
cache 23564288
rss 7884800
rss_huge 0
mapped_file 8896512
writeback 0
swap 0
pgpgin 78646
pgpgout 70968
pgfault 177938
pgmajfault 194
inactive_anon 45056
active_anon 7913472
inactive_file 11153408
active_file 12337152
unevictable 0
hierarchical_memory_limit 2147483648
hierarchical_memsw_limit 5368709120
total_cache 23564288
total_rss 7884800
total_rss_huge 0
total_mapped_file 8896512
total_writeback 0
total_swap 0
total_pgpgin 78646
total_pgpgout 70968
total_pgfault 177938
total_pgmajfault 194
total_inactive_anon 45056
total_active_anon 7913472
total_inactive_file 11153408
total_active_file 12337152
total_unevictable 0
--------------------BLKIO-----------------------
11:0 Read 0
11:0 Write 0
11:0 Sync 0
11:0 Async 0
11:0 Total 0
253:0 Read 23449600
253:0 Write 229376
253:0 Sync 0
253:0 Async 23678976
253:0 Total 23678976
Total 23678976
--------------------CPUAC-----------------------
user 42
system 77
 
Fri May 19 23:24:09 IST 2017
--------------------MEMCG-----------------------
MEM ONLY  : 29 MB
MEM+SWAP  : 29 MB
cache 23564288
rss 7618560
rss_huge 0
mapped_file 8757248
writeback 0
swap 0
pgpgin 78646
pgpgout 71033
pgfault 177947
pgmajfault 194
inactive_anon 45056
active_anon 7647232
inactive_file 11132928
active_file 12357632
unevictable 0
hierarchical_memory_limit 2147483648
hierarchical_memsw_limit 5368709120
total_cache 23564288
total_rss 7618560
total_rss_huge 0
total_mapped_file 8757248
total_writeback 0
total_swap 0
total_pgpgin 78646
total_pgpgout 71033
total_pgfault 177947
total_pgmajfault 194
total_inactive_anon 45056
total_active_anon 7647232
total_inactive_file 11132928
total_active_file 12357632
total_unevictable 0
--------------------BLKIO-----------------------
11:0 Read 0
11:0 Write 0
11:0 Sync 0
11:0 Async 0
11:0 Total 0
253:0 Read 23449600
253:0 Write 229376
253:0 Sync 0
253:0 Async 23678976
253:0 Total 23678976
Total 23678976
--------------------CPUAC-----------------------
user 42
system 78
 
Fri May 19 23:24:39 IST 2017
--------------------MEMCG-----------------------
MEM ONLY  : 29 MB
MEM+SWAP  : 29 MB
cache 23564288
rss 7618560
rss_huge 0
mapped_file 8757248
writeback 0
swap 0
pgpgin 78646
pgpgout 71033
pgfault 177947
pgmajfault 194
inactive_anon 45056
active_anon 7647232
inactive_file 11132928
active_file 12357632
unevictable 0
hierarchical_memory_limit 2147483648
hierarchical_memsw_limit 5368709120
total_cache 23564288
total_rss 7618560
total_rss_huge 0
total_mapped_file 8757248
total_writeback 0
total_swap 0
total_pgpgin 78646
total_pgpgout 71033
total_pgfault 177947
total_pgmajfault 194
total_inactive_anon 45056
total_active_anon 7647232
total_inactive_file 11132928
total_active_file 12357632
total_unevictable 0
--------------------BLKIO-----------------------
11:0 Read 0
11:0 Write 0
11:0 Sync 0
11:0 Async 0
11:0 Total 0
253:0 Read 23449600
253:0 Write 229376
253:0 Sync 0
253:0 Async 23678976
253:0 Total 23678976
Total 23678976
--------------------CPUAC-----------------------
user 42
system 78
 
Fri May 19 23:25:09 IST 2017
--------------------MEMCG-----------------------
MEM ONLY  : 29 MB
MEM+SWAP  : 29 MB
cache 23564288
rss 7618560
rss_huge 0
mapped_file 8757248
writeback 0
swap 0
pgpgin 78646
pgpgout 71033
pgfault 177947
pgmajfault 194
inactive_anon 45056
active_anon 7647232
inactive_file 11132928
active_file 12357632
unevictable 0
hierarchical_memory_limit 2147483648
hierarchical_memsw_limit 5368709120
total_cache 23564288
total_rss 7618560
total_rss_huge 0
total_mapped_file 8757248
total_writeback 0
total_swap 0
total_pgpgin 78646
total_pgpgout 71033
total_pgfault 177947
total_pgmajfault 194
total_inactive_anon 45056
total_active_anon 7647232
total_inactive_file 11132928
total_active_file 12357632
total_unevictable 0
--------------------BLKIO-----------------------
11:0 Read 0
11:0 Write 0
11:0 Sync 0
11:0 Async 0
11:0 Total 0
253:0 Read 23449600
253:0 Write 229376
253:0 Sync 0
253:0 Async 23678976
253:0 Total 23678976
Total 23678976
--------------------CPUAC-----------------------
user 42
system 78
 
Fri May 19 23:25:39 IST 2017
--------------------MEMCG-----------------------
MEM ONLY  : 29 MB
MEM+SWAP  : 29 MB
cache 23564288
rss 7618560
rss_huge 0
mapped_file 8757248
writeback 0
swap 0
pgpgin 78646
pgpgout 71033
pgfault 177947
pgmajfault 194
inactive_anon 45056
active_anon 7647232
inactive_file 11132928
active_file 12357632
unevictable 0
hierarchical_memory_limit 2147483648
hierarchical_memsw_limit 5368709120
total_cache 23564288
total_rss 7618560
total_rss_huge 0
total_mapped_file 8757248
total_writeback 0
total_swap 0
total_pgpgin 78646
total_pgpgout 71033
total_pgfault 177947
total_pgmajfault 194
total_inactive_anon 45056
total_active_anon 7647232
total_inactive_file 11132928
total_active_file 12357632
total_unevictable 0
--------------------BLKIO-----------------------
11:0 Read 0
11:0 Write 0
11:0 Sync 0
11:0 Async 0
11:0 Total 0
253:0 Read 23449600
253:0 Write 229376
253:0 Sync 0
253:0 Async 23678976
253:0 Total 23678976
Total 23678976
--------------------CPUAC-----------------------
user 42
system 78
 
Fri May 19 23:26:09 IST 2017
--------------------MEMCG-----------------------
MEM ONLY  : 29 MB
MEM+SWAP  : 29 MB
cache 23564288
rss 7618560
rss_huge 0
mapped_file 8757248
writeback 0
swap 0
pgpgin 78646
pgpgout 71033
pgfault 177947
pgmajfault 194
inactive_anon 45056
active_anon 7647232
inactive_file 11132928
active_file 12357632
unevictable 0
hierarchical_memory_limit 2147483648
hierarchical_memsw_limit 5368709120
total_cache 23564288
total_rss 7618560
total_rss_huge 0
total_mapped_file 8757248
total_writeback 0
total_swap 0
total_pgpgin 78646
total_pgpgout 71033
total_pgfault 177947
total_pgmajfault 194
total_inactive_anon 45056
total_active_anon 7647232
total_inactive_file 11132928
total_active_file 12357632
total_unevictable 0
--------------------BLKIO-----------------------
11:0 Read 0
11:0 Write 0
11:0 Sync 0
11:0 Async 0
11:0 Total 0
253:0 Read 23449600
253:0 Write 229376
253:0 Sync 0
253:0 Async 23678976
253:0 Total 23678976
Total 23678976
--------------------CPUAC-----------------------
user 42
system 79
 
Fri May 19 23:26:39 IST 2017
--------------------MEMCG-----------------------
MEM ONLY  : 29 MB
MEM+SWAP  : 29 MB
cache 23564288
rss 7618560
rss_huge 0
mapped_file 8757248
writeback 0
swap 0
pgpgin 78646
pgpgout 71033
pgfault 177947
pgmajfault 194
inactive_anon 45056
active_anon 7647232
inactive_file 11132928
active_file 12357632
unevictable 0
hierarchical_memory_limit 2147483648
hierarchical_memsw_limit 5368709120
total_cache 23564288
total_rss 7618560
total_rss_huge 0
total_mapped_file 8757248
total_writeback 0
total_swap 0
total_pgpgin 78646
total_pgpgout 71033
total_pgfault 177947
total_pgmajfault 194
total_inactive_anon 45056
total_active_anon 7647232
total_inactive_file 11132928
total_active_file 12357632
total_unevictable 0
--------------------BLKIO-----------------------
11:0 Read 0
11:0 Write 0
11:0 Sync 0
11:0 Async 0
11:0 Total 0
253:0 Read 23449600
253:0 Write 229376
253:0 Sync 0
253:0 Async 23678976
253:0 Total 23678976
Total 23678976
--------------------CPUAC-----------------------
user 42
system 80
 
Fri May 19 23:27:09 IST 2017
--------------------MEMCG-----------------------
MEM ONLY  : 29 MB
MEM+SWAP  : 29 MB
cache 23564288
rss 7618560
rss_huge 0
mapped_file 8757248
writeback 0
swap 0
pgpgin 78646
pgpgout 71033
pgfault 177947
pgmajfault 194
inactive_anon 45056
active_anon 7647232
inactive_file 11132928
active_file 12357632
unevictable 0
hierarchical_memory_limit 2147483648
hierarchical_memsw_limit 5368709120
total_cache 23564288
total_rss 7618560
total_rss_huge 0
total_mapped_file 8757248
total_writeback 0
total_swap 0
total_pgpgin 78646
total_pgpgout 71033
total_pgfault 177947
total_pgmajfault 194
total_inactive_anon 45056
total_active_anon 7647232
total_inactive_file 11132928
total_active_file 12357632
total_unevictable 0
--------------------BLKIO-----------------------
11:0 Read 0
11:0 Write 0
11:0 Sync 0
11:0 Async 0
11:0 Total 0
253:0 Read 23449600
253:0 Write 229376
253:0 Sync 0
253:0 Async 23678976
253:0 Total 23678976
Total 23678976
--------------------CPUAC-----------------------
user 43
system 81
 
Fri May 19 23:27:39 IST 2017
--------------------MEMCG-----------------------
MEM ONLY  : 29 MB
MEM+SWAP  : 29 MB
cache 23564288
rss 7618560
rss_huge 0
mapped_file 8757248
writeback 0
swap 0
pgpgin 78646
pgpgout 71033
pgfault 177947
pgmajfault 194
inactive_anon 45056
active_anon 7647232
inactive_file 11132928
active_file 12357632
unevictable 0
hierarchical_memory_limit 2147483648
hierarchical_memsw_limit 5368709120
total_cache 23564288
total_rss 7618560
total_rss_huge 0
total_mapped_file 8757248
total_writeback 0
total_swap 0
total_pgpgin 78646
total_pgpgout 71033
total_pgfault 177947
total_pgmajfault 194
total_inactive_anon 45056
total_active_anon 7647232
total_inactive_file 11132928
total_active_file 12357632
total_unevictable 0
--------------------BLKIO-----------------------
11:0 Read 0
11:0 Write 0
11:0 Sync 0
11:0 Async 0
11:0 Total 0
253:0 Read 23449600
253:0 Write 229376
253:0 Sync 0
253:0 Async 23678976
253:0 Total 23678976
Total 23678976
--------------------CPUAC-----------------------
user 43
system 81
 
Fri May 19 23:28:09 IST 2017
--------------------MEMCG-----------------------
MEM ONLY  : 29 MB
MEM+SWAP  : 29 MB
cache 23564288
rss 7618560
rss_huge 0
mapped_file 8757248
writeback 0
swap 0
pgpgin 78646
pgpgout 71033
pgfault 177947
pgmajfault 194
inactive_anon 45056
active_anon 7647232
inactive_file 11132928
active_file 12357632
unevictable 0
hierarchical_memory_limit 2147483648
hierarchical_memsw_limit 5368709120
total_cache 23564288
total_rss 7618560
total_rss_huge 0
total_mapped_file 8757248
total_writeback 0
total_swap 0
total_pgpgin 78646
total_pgpgout 71033
total_pgfault 177947
total_pgmajfault 194
total_inactive_anon 45056
total_active_anon 7647232
total_inactive_file 11132928
total_active_file 12357632
total_unevictable 0
--------------------BLKIO-----------------------
11:0 Read 0
11:0 Write 0
11:0 Sync 0
11:0 Async 0
11:0 Total 0
253:0 Read 23449600
253:0 Write 229376
253:0 Sync 0
253:0 Async 23678976
253:0 Total 23678976
Total 23678976
--------------------CPUAC-----------------------
user 44
system 82
 
Fri May 19 23:28:40 IST 2017
--------------------MEMCG-----------------------
MEM ONLY  : 29 MB
MEM+SWAP  : 29 MB
cache 23564288
rss 7618560
rss_huge 0
mapped_file 8757248
writeback 0
swap 0
pgpgin 78646
pgpgout 71033
pgfault 177947
pgmajfault 194
inactive_anon 45056
active_anon 7647232
inactive_file 11132928
active_file 12357632
unevictable 0
hierarchical_memory_limit 2147483648
hierarchical_memsw_limit 5368709120
total_cache 23564288
total_rss 7618560
total_rss_huge 0
total_mapped_file 8757248
total_writeback 0
total_swap 0
total_pgpgin 78646
total_pgpgout 71033
total_pgfault 177947
total_pgmajfault 194
total_inactive_anon 45056
total_active_anon 7647232
total_inactive_file 11132928
total_active_file 12357632
total_unevictable 0
--------------------BLKIO-----------------------
11:0 Read 0
11:0 Write 0
11:0 Sync 0
11:0 Async 0
11:0 Total 0
253:0 Read 23449600
253:0 Write 229376
253:0 Sync 0
253:0 Async 23678976
253:0 Total 23678976
Total 23678976
--------------------CPUAC-----------------------
user 44
system 83
 
Fri May 19 23:29:10 IST 2017
--------------------MEMCG-----------------------
MEM ONLY  : 29 MB
MEM+SWAP  : 29 MB
cache 23564288
rss 7618560
rss_huge 0
mapped_file 8757248
writeback 0
swap 0
pgpgin 78646
pgpgout 71033
pgfault 177947
pgmajfault 194
inactive_anon 45056
active_anon 7647232
inactive_file 11132928
active_file 12357632
unevictable 0
hierarchical_memory_limit 2147483648
hierarchical_memsw_limit 5368709120
total_cache 23564288
total_rss 7618560
total_rss_huge 0
total_mapped_file 8757248
total_writeback 0
total_swap 0
total_pgpgin 78646
total_pgpgout 71033
total_pgfault 177947
total_pgmajfault 194
total_inactive_anon 45056
total_active_anon 7647232
total_inactive_file 11132928
total_active_file 12357632
total_unevictable 0
--------------------BLKIO-----------------------
11:0 Read 0
11:0 Write 0
11:0 Sync 0
11:0 Async 0
11:0 Total 0
253:0 Read 23449600
253:0 Write 229376
253:0 Sync 0
253:0 Async 23678976
253:0 Total 23678976
Total 23678976
--------------------CPUAC-----------------------
user 45
system 83
 
Fri May 19 23:29:40 IST 2017
--------------------MEMCG-----------------------
MEM ONLY  : 29 MB
MEM+SWAP  : 29 MB
cache 23564288
rss 7618560
rss_huge 0
mapped_file 8757248
writeback 0
swap 0
pgpgin 78646
pgpgout 71033
pgfault 177947
pgmajfault 194
inactive_anon 45056
active_anon 7647232
inactive_file 11132928
active_file 12357632
unevictable 0
hierarchical_memory_limit 2147483648
hierarchical_memsw_limit 5368709120
total_cache 23564288
total_rss 7618560
total_rss_huge 0
total_mapped_file 8757248
total_writeback 0
total_swap 0
total_pgpgin 78646
total_pgpgout 71033
total_pgfault 177947
total_pgmajfault 194
total_inactive_anon 45056
total_active_anon 7647232
total_inactive_file 11132928
total_active_file 12357632
total_unevictable 0
--------------------BLKIO-----------------------
11:0 Read 0
11:0 Write 0
11:0 Sync 0
11:0 Async 0
11:0 Total 0
253:0 Read 23449600
253:0 Write 229376
253:0 Sync 0
253:0 Async 23678976
253:0 Total 23678976
Total 23678976
--------------------CPUAC-----------------------
user 46
system 83
 
Fri May 19 23:30:10 IST 2017
--------------------MEMCG-----------------------
MEM ONLY  : 29 MB
MEM+SWAP  : 29 MB
cache 23564288
rss 7618560
rss_huge 0
mapped_file 8757248
writeback 0
swap 0
pgpgin 78646
pgpgout 71033
pgfault 177947
pgmajfault 194
inactive_anon 45056
active_anon 7647232
inactive_file 11132928
active_file 12357632
unevictable 0
hierarchical_memory_limit 2147483648
hierarchical_memsw_limit 5368709120
total_cache 23564288
total_rss 7618560
total_rss_huge 0
total_mapped_file 8757248
total_writeback 0
total_swap 0
total_pgpgin 78646
total_pgpgout 71033
total_pgfault 177947
total_pgmajfault 194
total_inactive_anon 45056
total_active_anon 7647232
total_inactive_file 11132928
total_active_file 12357632
total_unevictable 0
--------------------BLKIO-----------------------
11:0 Read 0
11:0 Write 0
11:0 Sync 0
11:0 Async 0
11:0 Total 0
253:0 Read 23449600
253:0 Write 229376
253:0 Sync 0
253:0 Async 23678976
253:0 Total 23678976
Total 23678976
--------------------CPUAC-----------------------
user 46
system 84
 
Fri May 19 23:30:40 IST 2017
--------------------MEMCG-----------------------
MEM ONLY  : 29 MB
MEM+SWAP  : 29 MB
cache 23564288
rss 7618560
rss_huge 0
mapped_file 8757248
writeback 0
swap 0
pgpgin 78646
pgpgout 71033
pgfault 177947
pgmajfault 194
inactive_anon 45056
active_anon 7647232
inactive_file 11132928
active_file 12357632
unevictable 0
hierarchical_memory_limit 2147483648
hierarchical_memsw_limit 5368709120
total_cache 23564288
total_rss 7618560
total_rss_huge 0
total_mapped_file 8757248
total_writeback 0
total_swap 0
total_pgpgin 78646
total_pgpgout 71033
total_pgfault 177947
total_pgmajfault 194
total_inactive_anon 45056
total_active_anon 7647232
total_inactive_file 11132928
total_active_file 12357632
total_unevictable 0
--------------------BLKIO-----------------------
11:0 Read 0
11:0 Write 0
11:0 Sync 0
11:0 Async 0
11:0 Total 0
253:0 Read 23449600
253:0 Write 229376
253:0 Sync 0
253:0 Async 23678976
253:0 Total 23678976
Total 23678976
--------------------CPUAC-----------------------
user 46
system 84
 
Fri May 19 23:31:10 IST 2017
--------------------MEMCG-----------------------
MEM ONLY  : 29 MB
MEM+SWAP  : 29 MB
cache 23564288
rss 7618560
rss_huge 0
mapped_file 8757248
writeback 0
swap 0
pgpgin 78646
pgpgout 71033
pgfault 177947
pgmajfault 194
inactive_anon 45056
active_anon 7647232
inactive_file 11132928
active_file 12357632
unevictable 0
hierarchical_memory_limit 2147483648
hierarchical_memsw_limit 5368709120
total_cache 23564288
total_rss 7618560
total_rss_huge 0
total_mapped_file 8757248
total_writeback 0
total_swap 0
total_pgpgin 78646
total_pgpgout 71033
total_pgfault 177947
total_pgmajfault 194
total_inactive_anon 45056
total_active_anon 7647232
total_inactive_file 11132928
total_active_file 12357632
total_unevictable 0
--------------------BLKIO-----------------------
11:0 Read 0
11:0 Write 0
11:0 Sync 0
11:0 Async 0
11:0 Total 0
253:0 Read 23449600
253:0 Write 229376
253:0 Sync 0
253:0 Async 23678976
253:0 Total 23678976
Total 23678976
--------------------CPUAC-----------------------
user 46
system 85
 
Fri May 19 23:31:40 IST 2017
--------------------MEMCG-----------------------
MEM ONLY  : 29 MB
MEM+SWAP  : 29 MB
cache 23564288
rss 7618560
rss_huge 0
mapped_file 8757248
writeback 0
swap 0
pgpgin 78646
pgpgout 71033
pgfault 177947
pgmajfault 194
inactive_anon 45056
active_anon 7647232
inactive_file 11132928
active_file 12357632
unevictable 0
hierarchical_memory_limit 2147483648
hierarchical_memsw_limit 5368709120
total_cache 23564288
total_rss 7618560
total_rss_huge 0
total_mapped_file 8757248
total_writeback 0
total_swap 0
total_pgpgin 78646
total_pgpgout 71033
total_pgfault 177947
total_pgmajfault 194
total_inactive_anon 45056
total_active_anon 7647232
total_inactive_file 11132928
total_active_file 12357632
total_unevictable 0
--------------------BLKIO-----------------------
11:0 Read 0
11:0 Write 0
11:0 Sync 0
11:0 Async 0
11:0 Total 0
253:0 Read 23449600
253:0 Write 229376
253:0 Sync 0
253:0 Async 23678976
253:0 Total 23678976
Total 23678976
--------------------CPUAC-----------------------
user 47
system 86
 
Fri May 19 23:32:10 IST 2017
--------------------MEMCG-----------------------
MEM ONLY  : 29 MB
MEM+SWAP  : 29 MB
cache 23564288
rss 7618560
rss_huge 0
mapped_file 8757248
writeback 0
swap 0
pgpgin 78646
pgpgout 71033
pgfault 177947
pgmajfault 194
inactive_anon 45056
active_anon 7647232
inactive_file 11132928
active_file 12357632
unevictable 0
hierarchical_memory_limit 2147483648
hierarchical_memsw_limit 5368709120
total_cache 23564288
total_rss 7618560
total_rss_huge 0
total_mapped_file 8757248
total_writeback 0
total_swap 0
total_pgpgin 78646
total_pgpgout 71033
total_pgfault 177947
total_pgmajfault 194
total_inactive_anon 45056
total_active_anon 7647232
total_inactive_file 11132928
total_active_file 12357632
total_unevictable 0
--------------------BLKIO-----------------------
11:0 Read 0
11:0 Write 0
11:0 Sync 0
11:0 Async 0
11:0 Total 0
253:0 Read 23449600
253:0 Write 229376
253:0 Sync 0
253:0 Async 23678976
253:0 Total 23678976
Total 23678976
--------------------CPUAC-----------------------
user 47
system 86
 
Fri May 19 23:32:40 IST 2017
--------------------MEMCG-----------------------
MEM ONLY  : 29 MB
MEM+SWAP  : 29 MB
cache 23564288
rss 7618560
rss_huge 0
mapped_file 8757248
writeback 0
swap 0
pgpgin 78646
pgpgout 71033
pgfault 177947
pgmajfault 194
inactive_anon 45056
active_anon 7647232
inactive_file 11132928
active_file 12357632
unevictable 0
hierarchical_memory_limit 2147483648
hierarchical_memsw_limit 5368709120
total_cache 23564288
total_rss 7618560
total_rss_huge 0
total_mapped_file 8757248
total_writeback 0
total_swap 0
total_pgpgin 78646
total_pgpgout 71033
total_pgfault 177947
total_pgmajfault 194
total_inactive_anon 45056
total_active_anon 7647232
total_inactive_file 11132928
total_active_file 12357632
total_unevictable 0
--------------------BLKIO-----------------------
11:0 Read 0
11:0 Write 0
11:0 Sync 0
11:0 Async 0
11:0 Total 0
253:0 Read 23449600
253:0 Write 229376
253:0 Sync 0
253:0 Async 23678976
253:0 Total 23678976
Total 23678976
--------------------CPUAC-----------------------
user 47
system 87
 
Fri May 19 23:33:10 IST 2017
--------------------MEMCG-----------------------
MEM ONLY  : 29 MB
MEM+SWAP  : 29 MB
cache 23564288
rss 7618560
rss_huge 0
mapped_file 8757248
writeback 0
swap 0
pgpgin 78646
pgpgout 71033
pgfault 177947
pgmajfault 194
inactive_anon 45056
active_anon 7647232
inactive_file 11132928
active_file 12357632
unevictable 0
hierarchical_memory_limit 2147483648
hierarchical_memsw_limit 5368709120
total_cache 23564288
total_rss 7618560
total_rss_huge 0
total_mapped_file 8757248
total_writeback 0
total_swap 0
total_pgpgin 78646
total_pgpgout 71033
total_pgfault 177947
total_pgmajfault 194
total_inactive_anon 45056
total_active_anon 7647232
total_inactive_file 11132928
total_active_file 12357632
total_unevictable 0
--------------------BLKIO-----------------------
11:0 Read 0
11:0 Write 0
11:0 Sync 0
11:0 Async 0
11:0 Total 0
253:0 Read 23449600
253:0 Write 229376
253:0 Sync 0
253:0 Async 23678976
253:0 Total 23678976
Total 23678976
--------------------CPUAC-----------------------
user 48
system 87
 
Fri May 19 23:33:40 IST 2017
--------------------MEMCG-----------------------
MEM ONLY  : 29 MB
MEM+SWAP  : 29 MB
cache 23564288
rss 7618560
rss_huge 0
mapped_file 8757248
writeback 0
swap 0
pgpgin 78646
pgpgout 71033
pgfault 177947
pgmajfault 194
inactive_anon 45056
active_anon 7647232
inactive_file 11132928
active_file 12357632
unevictable 0
hierarchical_memory_limit 2147483648
hierarchical_memsw_limit 5368709120
total_cache 23564288
total_rss 7618560
total_rss_huge 0
total_mapped_file 8757248
total_writeback 0
total_swap 0
total_pgpgin 78646
total_pgpgout 71033
total_pgfault 177947
total_pgmajfault 194
total_inactive_anon 45056
total_active_anon 7647232
total_inactive_file 11132928
total_active_file 12357632
total_unevictable 0
--------------------BLKIO-----------------------
11:0 Read 0
11:0 Write 0
11:0 Sync 0
11:0 Async 0
11:0 Total 0
253:0 Read 23449600
253:0 Write 229376
253:0 Sync 0
253:0 Async 23678976
253:0 Total 23678976
Total 23678976
--------------------CPUAC-----------------------
user 48
system 87
 
Fri May 19 23:34:10 IST 2017
--------------------MEMCG-----------------------
MEM ONLY  : 29 MB
MEM+SWAP  : 29 MB
cache 23564288
rss 7618560
rss_huge 0
mapped_file 8757248
writeback 0
swap 0
pgpgin 78646
pgpgout 71033
pgfault 177947
pgmajfault 194
inactive_anon 45056
active_anon 7647232
inactive_file 11132928
active_file 12357632
unevictable 0
hierarchical_memory_limit 2147483648
hierarchical_memsw_limit 5368709120
total_cache 23564288
total_rss 7618560
total_rss_huge 0
total_mapped_file 8757248
total_writeback 0
total_swap 0
total_pgpgin 78646
total_pgpgout 71033
total_pgfault 177947
total_pgmajfault 194
total_inactive_anon 45056
total_active_anon 7647232
total_inactive_file 11132928
total_active_file 12357632
total_unevictable 0
--------------------BLKIO-----------------------
11:0 Read 0
11:0 Write 0
11:0 Sync 0
11:0 Async 0
11:0 Total 0
253:0 Read 23449600
253:0 Write 229376
253:0 Sync 0
253:0 Async 23678976
253:0 Total 23678976
Total 23678976
--------------------CPUAC-----------------------
user 48
system 88
 
Fri May 19 23:34:40 IST 2017
--------------------MEMCG-----------------------
MEM ONLY  : 29 MB
MEM+SWAP  : 29 MB
cache 23564288
rss 7618560
rss_huge 0
mapped_file 8757248
writeback 0
swap 0
pgpgin 78646
pgpgout 71033
pgfault 177947
pgmajfault 194
inactive_anon 45056
active_anon 7647232
inactive_file 11132928
active_file 12357632
unevictable 0
hierarchical_memory_limit 2147483648
hierarchical_memsw_limit 5368709120
total_cache 23564288
total_rss 7618560
total_rss_huge 0
total_mapped_file 8757248
total_writeback 0
total_swap 0
total_pgpgin 78646
total_pgpgout 71033
total_pgfault 177947
total_pgmajfault 194
total_inactive_anon 45056
total_active_anon 7647232
total_inactive_file 11132928
total_active_file 12357632
total_unevictable 0
--------------------BLKIO-----------------------
11:0 Read 0
11:0 Write 0
11:0 Sync 0
11:0 Async 0
11:0 Total 0
253:0 Read 23449600
253:0 Write 229376
253:0 Sync 0
253:0 Async 23678976
253:0 Total 23678976
Total 23678976
--------------------CPUAC-----------------------
user 48
system 89
 
Fri May 19 23:35:10 IST 2017
--------------------MEMCG-----------------------
MEM ONLY  : 29 MB
MEM+SWAP  : 29 MB
cache 23564288
rss 7618560
rss_huge 0
mapped_file 8757248
writeback 0
swap 0
pgpgin 78646
pgpgout 71033
pgfault 177947
pgmajfault 194
inactive_anon 45056
active_anon 7647232
inactive_file 11132928
active_file 12357632
unevictable 0
hierarchical_memory_limit 2147483648
hierarchical_memsw_limit 5368709120
total_cache 23564288
total_rss 7618560
total_rss_huge 0
total_mapped_file 8757248
total_writeback 0
total_swap 0
total_pgpgin 78646
total_pgpgout 71033
total_pgfault 177947
total_pgmajfault 194
total_inactive_anon 45056
total_active_anon 7647232
total_inactive_file 11132928
total_active_file 12357632
total_unevictable 0
--------------------BLKIO-----------------------
11:0 Read 0
11:0 Write 0
11:0 Sync 0
11:0 Async 0
11:0 Total 0
253:0 Read 23449600
253:0 Write 229376
253:0 Sync 0
253:0 Async 23678976
253:0 Total 23678976
Total 23678976
--------------------CPUAC-----------------------
user 49
system 89
 
Fri May 19 23:35:40 IST 2017
--------------------MEMCG-----------------------
MEM ONLY  : 29 MB
MEM+SWAP  : 29 MB
cache 23564288
rss 7618560
rss_huge 0
mapped_file 8757248
writeback 0
swap 0
pgpgin 78646
pgpgout 71033
pgfault 177947
pgmajfault 194
inactive_anon 45056
active_anon 7647232
inactive_file 11132928
active_file 12357632
unevictable 0
hierarchical_memory_limit 2147483648
hierarchical_memsw_limit 5368709120
total_cache 23564288
total_rss 7618560
total_rss_huge 0
total_mapped_file 8757248
total_writeback 0
total_swap 0
total_pgpgin 78646
total_pgpgout 71033
total_pgfault 177947
total_pgmajfault 194
total_inactive_anon 45056
total_active_anon 7647232
total_inactive_file 11132928
total_active_file 12357632
total_unevictable 0
--------------------BLKIO-----------------------
11:0 Read 0
11:0 Write 0
11:0 Sync 0
11:0 Async 0
11:0 Total 0
253:0 Read 23449600
253:0 Write 229376
253:0 Sync 0
253:0 Async 23678976
253:0 Total 23678976
Total 23678976
--------------------CPUAC-----------------------
user 50
system 90
 
Fri May 19 23:36:10 IST 2017
--------------------MEMCG-----------------------
MEM ONLY  : 29 MB
MEM+SWAP  : 29 MB
cache 23564288
rss 7618560
rss_huge 0
mapped_file 8757248
writeback 0
swap 0
pgpgin 78646
pgpgout 71033
pgfault 177947
pgmajfault 194
inactive_anon 45056
active_anon 7647232
inactive_file 11132928
active_file 12357632
unevictable 0
hierarchical_memory_limit 2147483648
hierarchical_memsw_limit 5368709120
total_cache 23564288
total_rss 7618560
total_rss_huge 0
total_mapped_file 8757248
total_writeback 0
total_swap 0
total_pgpgin 78646
total_pgpgout 71033
total_pgfault 177947
total_pgmajfault 194
total_inactive_anon 45056
total_active_anon 7647232
total_inactive_file 11132928
total_active_file 12357632
total_unevictable 0
--------------------BLKIO-----------------------
11:0 Read 0
11:0 Write 0
11:0 Sync 0
11:0 Async 0
11:0 Total 0
253:0 Read 23449600
253:0 Write 229376
253:0 Sync 0
253:0 Async 23678976
253:0 Total 23678976
Total 23678976
--------------------CPUAC-----------------------
user 50
system 90
 
Fri May 19 23:36:40 IST 2017
--------------------MEMCG-----------------------
MEM ONLY  : 29 MB
MEM+SWAP  : 29 MB
cache 23564288
rss 7618560
rss_huge 0
mapped_file 8757248
writeback 0
swap 0
pgpgin 78646
pgpgout 71033
pgfault 177947
pgmajfault 194
inactive_anon 45056
active_anon 7647232
inactive_file 11132928
active_file 12357632
unevictable 0
hierarchical_memory_limit 2147483648
hierarchical_memsw_limit 5368709120
total_cache 23564288
total_rss 7618560
total_rss_huge 0
total_mapped_file 8757248
total_writeback 0
total_swap 0
total_pgpgin 78646
total_pgpgout 71033
total_pgfault 177947
total_pgmajfault 194
total_inactive_anon 45056
total_active_anon 7647232
total_inactive_file 11132928
total_active_file 12357632
total_unevictable 0
--------------------BLKIO-----------------------
11:0 Read 0
11:0 Write 0
11:0 Sync 0
11:0 Async 0
11:0 Total 0
253:0 Read 23449600
253:0 Write 229376
253:0 Sync 0
253:0 Async 23678976
253:0 Total 23678976
Total 23678976
--------------------CPUAC-----------------------
user 50
system 90
 
Fri May 19 23:37:10 IST 2017
--------------------MEMCG-----------------------
MEM ONLY  : 29 MB
MEM+SWAP  : 29 MB
cache 23564288
rss 7618560
rss_huge 0
mapped_file 8757248
writeback 0
swap 0
pgpgin 78646
pgpgout 71033
pgfault 177947
pgmajfault 194
inactive_anon 45056
active_anon 7647232
inactive_file 11132928
active_file 12357632
unevictable 0
hierarchical_memory_limit 2147483648
hierarchical_memsw_limit 5368709120
total_cache 23564288
total_rss 7618560
total_rss_huge 0
total_mapped_file 8757248
total_writeback 0
total_swap 0
total_pgpgin 78646
total_pgpgout 71033
total_pgfault 177947
total_pgmajfault 194
total_inactive_anon 45056
total_active_anon 7647232
total_inactive_file 11132928
total_active_file 12357632
total_unevictable 0
--------------------BLKIO-----------------------
11:0 Read 0
11:0 Write 0
11:0 Sync 0
11:0 Async 0
11:0 Total 0
253:0 Read 23449600
253:0 Write 229376
253:0 Sync 0
253:0 Async 23678976
253:0 Total 23678976
Total 23678976
--------------------CPUAC-----------------------
user 51
system 92
 
Fri May 19 23:37:40 IST 2017
--------------------MEMCG-----------------------
MEM ONLY  : 29 MB
MEM+SWAP  : 29 MB
cache 23564288
rss 7618560
rss_huge 0
mapped_file 8757248
writeback 0
swap 0
pgpgin 78646
pgpgout 71033
pgfault 177947
pgmajfault 194
inactive_anon 45056
active_anon 7647232
inactive_file 11132928
active_file 12357632
unevictable 0
hierarchical_memory_limit 2147483648
hierarchical_memsw_limit 5368709120
total_cache 23564288
total_rss 7618560
total_rss_huge 0
total_mapped_file 8757248
total_writeback 0
total_swap 0
total_pgpgin 78646
total_pgpgout 71033
total_pgfault 177947
total_pgmajfault 194
total_inactive_anon 45056
total_active_anon 7647232
total_inactive_file 11132928
total_active_file 12357632
total_unevictable 0
--------------------BLKIO-----------------------
11:0 Read 0
11:0 Write 0
11:0 Sync 0
11:0 Async 0
11:0 Total 0
253:0 Read 23449600
253:0 Write 229376
253:0 Sync 0
253:0 Async 23678976
253:0 Total 23678976
Total 23678976
--------------------CPUAC-----------------------
user 51
system 92
 
Fri May 19 23:38:10 IST 2017
--------------------MEMCG-----------------------
MEM ONLY  : 29 MB
MEM+SWAP  : 29 MB
cache 23564288
rss 7618560
rss_huge 0
mapped_file 8757248
writeback 0
swap 0
pgpgin 78646
pgpgout 71033
pgfault 177947
pgmajfault 194
inactive_anon 45056
active_anon 7647232
inactive_file 11132928
active_file 12357632
unevictable 0
hierarchical_memory_limit 2147483648
hierarchical_memsw_limit 5368709120
total_cache 23564288
total_rss 7618560
total_rss_huge 0
total_mapped_file 8757248
total_writeback 0
total_swap 0
total_pgpgin 78646
total_pgpgout 71033
total_pgfault 177947
total_pgmajfault 194
total_inactive_anon 45056
total_active_anon 7647232
total_inactive_file 11132928
total_active_file 12357632
total_unevictable 0
--------------------BLKIO-----------------------
11:0 Read 0
11:0 Write 0
11:0 Sync 0
11:0 Async 0
11:0 Total 0
253:0 Read 23449600
253:0 Write 229376
253:0 Sync 0
253:0 Async 23678976
253:0 Total 23678976
Total 23678976
--------------------CPUAC-----------------------
user 51
system 92
 
Fri May 19 23:38:40 IST 2017
--------------------MEMCG-----------------------
MEM ONLY  : 29 MB
MEM+SWAP  : 29 MB
cache 23564288
rss 7618560
rss_huge 0
mapped_file 8757248
writeback 0
swap 0
pgpgin 78646
pgpgout 71033
pgfault 177947
pgmajfault 194
inactive_anon 45056
active_anon 7647232
inactive_file 11132928
active_file 12357632
unevictable 0
hierarchical_memory_limit 2147483648
hierarchical_memsw_limit 5368709120
total_cache 23564288
total_rss 7618560
total_rss_huge 0
total_mapped_file 8757248
total_writeback 0
total_swap 0
total_pgpgin 78646
total_pgpgout 71033
total_pgfault 177947
total_pgmajfault 194
total_inactive_anon 45056
total_active_anon 7647232
total_inactive_file 11132928
total_active_file 12357632
total_unevictable 0
--------------------BLKIO-----------------------
11:0 Read 0
11:0 Write 0
11:0 Sync 0
11:0 Async 0
11:0 Total 0
253:0 Read 23449600
253:0 Write 229376
253:0 Sync 0
253:0 Async 23678976
253:0 Total 23678976
Total 23678976
--------------------CPUAC-----------------------
user 52
system 93
 
Fri May 19 23:39:10 IST 2017
--------------------MEMCG-----------------------
MEM ONLY  : 29 MB
MEM+SWAP  : 29 MB
cache 23564288
rss 7618560
rss_huge 0
mapped_file 8757248
writeback 0
swap 0
pgpgin 78646
pgpgout 71033
pgfault 177947
pgmajfault 194
inactive_anon 45056
active_anon 7647232
inactive_file 11132928
active_file 12357632
unevictable 0
hierarchical_memory_limit 2147483648
hierarchical_memsw_limit 5368709120
total_cache 23564288
total_rss 7618560
total_rss_huge 0
total_mapped_file 8757248
total_writeback 0
total_swap 0
total_pgpgin 78646
total_pgpgout 71033
total_pgfault 177947
total_pgmajfault 194
total_inactive_anon 45056
total_active_anon 7647232
total_inactive_file 11132928
total_active_file 12357632
total_unevictable 0
--------------------BLKIO-----------------------
11:0 Read 0
11:0 Write 0
11:0 Sync 0
11:0 Async 0
11:0 Total 0
253:0 Read 23449600
253:0 Write 229376
253:0 Sync 0
253:0 Async 23678976
253:0 Total 23678976
Total 23678976
--------------------CPUAC-----------------------
user 52
system 95
 
Fri May 19 23:39:40 IST 2017
--------------------MEMCG-----------------------
MEM ONLY  : 29 MB
MEM+SWAP  : 29 MB
cache 23564288
rss 7618560
rss_huge 0
mapped_file 8757248
writeback 0
swap 0
pgpgin 78646
pgpgout 71033
pgfault 177947
pgmajfault 194
inactive_anon 45056
active_anon 7647232
inactive_file 11132928
active_file 12357632
unevictable 0
hierarchical_memory_limit 2147483648
hierarchical_memsw_limit 5368709120
total_cache 23564288
total_rss 7618560
total_rss_huge 0
total_mapped_file 8757248
total_writeback 0
total_swap 0
total_pgpgin 78646
total_pgpgout 71033
total_pgfault 177947
total_pgmajfault 194
total_inactive_anon 45056
total_active_anon 7647232
total_inactive_file 11132928
total_active_file 12357632
total_unevictable 0
--------------------BLKIO-----------------------
11:0 Read 0
11:0 Write 0
11:0 Sync 0
11:0 Async 0
11:0 Total 0
253:0 Read 23449600
253:0 Write 229376
253:0 Sync 0
253:0 Async 23678976
253:0 Total 23678976
Total 23678976
--------------------CPUAC-----------------------
user 52
system 95
 
Fri May 19 23:40:10 IST 2017
--------------------MEMCG-----------------------
MEM ONLY  : 29 MB
MEM+SWAP  : 29 MB
cache 23564288
rss 7618560
rss_huge 0
mapped_file 8757248
writeback 0
swap 0
pgpgin 78646
pgpgout 71033
pgfault 177947
pgmajfault 194
inactive_anon 45056
active_anon 7647232
inactive_file 11132928
active_file 12357632
unevictable 0
hierarchical_memory_limit 2147483648
hierarchical_memsw_limit 5368709120
total_cache 23564288
total_rss 7618560
total_rss_huge 0
total_mapped_file 8757248
total_writeback 0
total_swap 0
total_pgpgin 78646
total_pgpgout 71033
total_pgfault 177947
total_pgmajfault 194
total_inactive_anon 45056
total_active_anon 7647232
total_inactive_file 11132928
total_active_file 12357632
total_unevictable 0
--------------------BLKIO-----------------------
11:0 Read 0
11:0 Write 0
11:0 Sync 0
11:0 Async 0
11:0 Total 0
253:0 Read 23449600
253:0 Write 229376
253:0 Sync 0
253:0 Async 23678976
253:0 Total 23678976
Total 23678976
--------------------CPUAC-----------------------
user 52
system 96
 
Fri May 19 23:40:40 IST 2017
--------------------MEMCG-----------------------
MEM ONLY  : 29 MB
MEM+SWAP  : 29 MB
cache 23564288
rss 7618560
rss_huge 0
mapped_file 8757248
writeback 0
swap 0
pgpgin 78646
pgpgout 71033
pgfault 177947
pgmajfault 194
inactive_anon 45056
active_anon 7647232
inactive_file 11132928
active_file 12357632
unevictable 0
hierarchical_memory_limit 2147483648
hierarchical_memsw_limit 5368709120
total_cache 23564288
total_rss 7618560
total_rss_huge 0
total_mapped_file 8757248
total_writeback 0
total_swap 0
total_pgpgin 78646
total_pgpgout 71033
total_pgfault 177947
total_pgmajfault 194
total_inactive_anon 45056
total_active_anon 7647232
total_inactive_file 11132928
total_active_file 12357632
total_unevictable 0
--------------------BLKIO-----------------------
11:0 Read 0
11:0 Write 0
11:0 Sync 0
11:0 Async 0
11:0 Total 0
253:0 Read 23449600
253:0 Write 229376
253:0 Sync 0
253:0 Async 23678976
253:0 Total 23678976
Total 23678976
--------------------CPUAC-----------------------
user 52
system 97
 
Fri May 19 23:41:10 IST 2017
--------------------MEMCG-----------------------
MEM ONLY  : 29 MB
MEM+SWAP  : 29 MB
cache 23564288
rss 7618560
rss_huge 0
mapped_file 8757248
writeback 0
swap 0
pgpgin 78646
pgpgout 71033
pgfault 177947
pgmajfault 194
inactive_anon 45056
active_anon 7647232
inactive_file 11132928
active_file 12357632
unevictable 0
hierarchical_memory_limit 2147483648
hierarchical_memsw_limit 5368709120
total_cache 23564288
total_rss 7618560
total_rss_huge 0
total_mapped_file 8757248
total_writeback 0
total_swap 0
total_pgpgin 78646
total_pgpgout 71033
total_pgfault 177947
total_pgmajfault 194
total_inactive_anon 45056
total_active_anon 7647232
total_inactive_file 11132928
total_active_file 12357632
total_unevictable 0
--------------------BLKIO-----------------------
11:0 Read 0
11:0 Write 0
11:0 Sync 0
11:0 Async 0
11:0 Total 0
253:0 Read 23449600
253:0 Write 229376
253:0 Sync 0
253:0 Async 23678976
253:0 Total 23678976
Total 23678976
--------------------CPUAC-----------------------
user 53
system 98
 
Fri May 19 23:41:40 IST 2017
--------------------MEMCG-----------------------
MEM ONLY  : 29 MB
MEM+SWAP  : 29 MB
cache 23564288
rss 7618560
rss_huge 0
mapped_file 8757248
writeback 0
swap 0
pgpgin 78646
pgpgout 71033
pgfault 177947
pgmajfault 194
inactive_anon 45056
active_anon 7647232
inactive_file 11132928
active_file 12357632
unevictable 0
hierarchical_memory_limit 2147483648
hierarchical_memsw_limit 5368709120
total_cache 23564288
total_rss 7618560
total_rss_huge 0
total_mapped_file 8757248
total_writeback 0
total_swap 0
total_pgpgin 78646
total_pgpgout 71033
total_pgfault 177947
total_pgmajfault 194
total_inactive_anon 45056
total_active_anon 7647232
total_inactive_file 11132928
total_active_file 12357632
total_unevictable 0
--------------------BLKIO-----------------------
11:0 Read 0
11:0 Write 0
11:0 Sync 0
11:0 Async 0
11:0 Total 0
253:0 Read 23449600
253:0 Write 229376
253:0 Sync 0
253:0 Async 23678976
253:0 Total 23678976
Total 23678976
--------------------CPUAC-----------------------
user 54
system 99
 
Fri May 19 23:42:10 IST 2017
--------------------MEMCG-----------------------
MEM ONLY  : 29 MB
MEM+SWAP  : 29 MB
cache 23564288
rss 7618560
rss_huge 0
mapped_file 8757248
writeback 0
swap 0
pgpgin 78646
pgpgout 71033
pgfault 177947
pgmajfault 194
inactive_anon 45056
active_anon 7647232
inactive_file 11132928
active_file 12357632
unevictable 0
hierarchical_memory_limit 2147483648
hierarchical_memsw_limit 5368709120
total_cache 23564288
total_rss 7618560
total_rss_huge 0
total_mapped_file 8757248
total_writeback 0
total_swap 0
total_pgpgin 78646
total_pgpgout 71033
total_pgfault 177947
total_pgmajfault 194
total_inactive_anon 45056
total_active_anon 7647232
total_inactive_file 11132928
total_active_file 12357632
total_unevictable 0
--------------------BLKIO-----------------------
11:0 Read 0
11:0 Write 0
11:0 Sync 0
11:0 Async 0
11:0 Total 0
253:0 Read 23449600
253:0 Write 229376
253:0 Sync 0
253:0 Async 23678976
253:0 Total 23678976
Total 23678976
--------------------CPUAC-----------------------
user 54
system 100
 
Fri May 19 23:42:40 IST 2017
--------------------MEMCG-----------------------
MEM ONLY  : 29 MB
MEM+SWAP  : 29 MB
cache 23564288
rss 7618560
rss_huge 0
mapped_file 8757248
writeback 0
swap 0
pgpgin 78646
pgpgout 71033
pgfault 177947
pgmajfault 194
inactive_anon 45056
active_anon 7647232
inactive_file 11132928
active_file 12357632
unevictable 0
hierarchical_memory_limit 2147483648
hierarchical_memsw_limit 5368709120
total_cache 23564288
total_rss 7618560
total_rss_huge 0
total_mapped_file 8757248
total_writeback 0
total_swap 0
total_pgpgin 78646
total_pgpgout 71033
total_pgfault 177947
total_pgmajfault 194
total_inactive_anon 45056
total_active_anon 7647232
total_inactive_file 11132928
total_active_file 12357632
total_unevictable 0
--------------------BLKIO-----------------------
11:0 Read 0
11:0 Write 0
11:0 Sync 0
11:0 Async 0
11:0 Total 0
253:0 Read 23449600
253:0 Write 229376
253:0 Sync 0
253:0 Async 23678976
253:0 Total 23678976
Total 23678976
--------------------CPUAC-----------------------
user 54
system 101
 
Fri May 19 23:43:10 IST 2017
--------------------MEMCG-----------------------
MEM ONLY  : 29 MB
MEM+SWAP  : 29 MB
cache 23564288
rss 7618560
rss_huge 0
mapped_file 8757248
writeback 0
swap 0
pgpgin 78646
pgpgout 71033
pgfault 177947
pgmajfault 194
inactive_anon 45056
active_anon 7647232
inactive_file 11132928
active_file 12357632
unevictable 0
hierarchical_memory_limit 2147483648
hierarchical_memsw_limit 5368709120
total_cache 23564288
total_rss 7618560
total_rss_huge 0
total_mapped_file 8757248
total_writeback 0
total_swap 0
total_pgpgin 78646
total_pgpgout 71033
total_pgfault 177947
total_pgmajfault 194
total_inactive_anon 45056
total_active_anon 7647232
total_inactive_file 11132928
total_active_file 12357632
total_unevictable 0
--------------------BLKIO-----------------------
11:0 Read 0
11:0 Write 0
11:0 Sync 0
11:0 Async 0
11:0 Total 0
253:0 Read 23449600
253:0 Write 229376
253:0 Sync 0
253:0 Async 23678976
253:0 Total 23678976
Total 23678976
--------------------CPUAC-----------------------
user 54
system 102
 
Fri May 19 23:43:40 IST 2017
--------------------MEMCG-----------------------
MEM ONLY  : 225 MB
MEM+SWAP  : 225 MB
cache 23564288
rss 213241856
rss_huge 0
mapped_file 8781824
writeback 0
swap 0
pgpgin 128847
pgpgout 71033
pgfault 228434
pgmajfault 194
inactive_anon 45056
active_anon 213270528
inactive_file 11132928
active_file 12357632
unevictable 0
hierarchical_memory_limit 2147483648
hierarchical_memsw_limit 5368709120
total_cache 23564288
total_rss 213241856
total_rss_huge 0
total_mapped_file 8781824
total_writeback 0
total_swap 0
total_pgpgin 128847
total_pgpgout 71033
total_pgfault 228434
total_pgmajfault 194
total_inactive_anon 45056
total_active_anon 213270528
total_inactive_file 11132928
total_active_file 12357632
total_unevictable 0
--------------------BLKIO-----------------------
11:0 Read 0
11:0 Write 0
11:0 Sync 0
11:0 Async 0
11:0 Total 0
253:0 Read 23449600
253:0 Write 229376
253:0 Sync 0
253:0 Async 23678976
253:0 Total 23678976
Total 23678976
--------------------CPUAC-----------------------
user 114
system 167
 
Fri May 19 23:44:10 IST 2017
--------------------MEMCG-----------------------
MEM ONLY  : 2039 MB
MEM+SWAP  : 2039 MB
cache 23568384
rss 2115440640
rss_huge 0
mapped_file 8785920
writeback 0
swap 0
pgpgin 593252
pgpgout 71033
pgfault 694636
pgmajfault 195
inactive_anon 45056
active_anon 2115469312
inactive_file 11137024
active_file 12357632
unevictable 0
hierarchical_memory_limit 2147483648
hierarchical_memsw_limit 5368709120
total_cache 23568384
total_rss 2115440640
total_rss_huge 0
total_mapped_file 8785920
total_writeback 0
total_swap 0
total_pgpgin 593252
total_pgpgout 71033
total_pgfault 694636
total_pgmajfault 195
total_inactive_anon 45056
total_active_anon 2115469312
total_inactive_file 11137024
total_active_file 12357632
total_unevictable 0
--------------------BLKIO-----------------------
11:0 Read 0
11:0 Write 0
11:0 Sync 0
11:0 Async 0
11:0 Total 0
253:0 Read 23453696
253:0 Write 229376
253:0 Sync 0
253:0 Async 23683072
253:0 Total 23683072
Total 23683072
--------------------CPUAC-----------------------
user 726
system 752
 
Fri May 19 23:44:40 IST 2017
--------------------MEMCG-----------------------
MEM ONLY  : 2039 MB
MEM+SWAP  : 2039 MB
cache 23568384
rss 2115440640
rss_huge 0
mapped_file 8785920
writeback 0
swap 0
pgpgin 593252
pgpgout 71033
pgfault 694636
pgmajfault 195
inactive_anon 45056
active_anon 2115469312
inactive_file 11137024
active_file 12357632
unevictable 0
hierarchical_memory_limit 2147483648
hierarchical_memsw_limit 5368709120
total_cache 23568384
total_rss 2115440640
total_rss_huge 0
total_mapped_file 8785920
total_writeback 0
total_swap 0
total_pgpgin 593252
total_pgpgout 71033
total_pgfault 694636
total_pgmajfault 195
total_inactive_anon 45056
total_active_anon 2115469312
total_inactive_file 11137024
total_active_file 12357632
total_unevictable 0
--------------------BLKIO-----------------------
11:0 Read 0
11:0 Write 0
11:0 Sync 0
11:0 Async 0
11:0 Total 0
253:0 Read 23453696
253:0 Write 229376
253:0 Sync 0
253:0 Async 23683072
253:0 Total 23683072
Total 23683072
--------------------CPUAC-----------------------
user 726
system 753
 
Fri May 19 23:45:10 IST 2017
--------------------MEMCG-----------------------
MEM ONLY  : 2039 MB
MEM+SWAP  : 2039 MB
cache 23568384
rss 2115440640
rss_huge 0
mapped_file 8785920
writeback 0
swap 0
pgpgin 593252
pgpgout 71033
pgfault 694636
pgmajfault 195
inactive_anon 45056
active_anon 2115469312
inactive_file 11137024
active_file 12357632
unevictable 0
hierarchical_memory_limit 2147483648
hierarchical_memsw_limit 5368709120
total_cache 23568384
total_rss 2115440640
total_rss_huge 0
total_mapped_file 8785920
total_writeback 0
total_swap 0
total_pgpgin 593252
total_pgpgout 71033
total_pgfault 694636
total_pgmajfault 195
total_inactive_anon 45056
total_active_anon 2115469312
total_inactive_file 11137024
total_active_file 12357632
total_unevictable 0
--------------------BLKIO-----------------------
11:0 Read 0
11:0 Write 0
11:0 Sync 0
11:0 Async 0
11:0 Total 0
253:0 Read 23453696
253:0 Write 229376
253:0 Sync 0
253:0 Async 23683072
253:0 Total 23683072
Total 23683072
--------------------CPUAC-----------------------
user 726
system 754
 
Fri May 19 23:45:41 IST 2017
--------------------MEMCG-----------------------
MEM ONLY  : 2039 MB
MEM+SWAP  : 2039 MB
cache 23568384
rss 2115440640
rss_huge 0
mapped_file 8785920
writeback 0
swap 0
pgpgin 593252
pgpgout 71033
pgfault 694636
pgmajfault 195
inactive_anon 45056
active_anon 2115469312
inactive_file 11137024
active_file 12357632
unevictable 0
hierarchical_memory_limit 2147483648
hierarchical_memsw_limit 5368709120
total_cache 23568384
total_rss 2115440640
total_rss_huge 0
total_mapped_file 8785920
total_writeback 0
total_swap 0
total_pgpgin 593252
total_pgpgout 71033
total_pgfault 694636
total_pgmajfault 195
total_inactive_anon 45056
total_active_anon 2115469312
total_inactive_file 11137024
total_active_file 12357632
total_unevictable 0
--------------------BLKIO-----------------------
11:0 Read 0
11:0 Write 0
11:0 Sync 0
11:0 Async 0
11:0 Total 0
253:0 Read 23453696
253:0 Write 229376
253:0 Sync 0
253:0 Async 23683072
253:0 Total 23683072
Total 23683072
--------------------CPUAC-----------------------
user 726
system 755
 
Fri May 19 23:46:11 IST 2017
--------------------MEMCG-----------------------
MEM ONLY  : 2039 MB
MEM+SWAP  : 2039 MB
cache 23568384
rss 2115440640
rss_huge 0
mapped_file 8785920
writeback 0
swap 0
pgpgin 593252
pgpgout 71033
pgfault 694636
pgmajfault 195
inactive_anon 45056
active_anon 2115469312
inactive_file 11137024
active_file 12357632
unevictable 0
hierarchical_memory_limit 2147483648
hierarchical_memsw_limit 5368709120
total_cache 23568384
total_rss 2115440640
total_rss_huge 0
total_mapped_file 8785920
total_writeback 0
total_swap 0
total_pgpgin 593252
total_pgpgout 71033
total_pgfault 694636
total_pgmajfault 195
total_inactive_anon 45056
total_active_anon 2115469312
total_inactive_file 11137024
total_active_file 12357632
total_unevictable 0
--------------------BLKIO-----------------------
11:0 Read 0
11:0 Write 0
11:0 Sync 0
11:0 Async 0
11:0 Total 0
253:0 Read 23453696
253:0 Write 229376
253:0 Sync 0
253:0 Async 23683072
253:0 Total 23683072
Total 23683072
--------------------CPUAC-----------------------
user 726
system 756
 
Fri May 19 23:46:41 IST 2017
--------------------MEMCG-----------------------
MEM ONLY  : 2039 MB
MEM+SWAP  : 2039 MB
cache 23568384
rss 2115440640
rss_huge 0
mapped_file 8785920
writeback 0
swap 0
pgpgin 593252
pgpgout 71033
pgfault 694636
pgmajfault 195
inactive_anon 45056
active_anon 2115469312
inactive_file 11137024
active_file 12357632
unevictable 0
hierarchical_memory_limit 2147483648
hierarchical_memsw_limit 5368709120
total_cache 23568384
total_rss 2115440640
total_rss_huge 0
total_mapped_file 8785920
total_writeback 0
total_swap 0
total_pgpgin 593252
total_pgpgout 71033
total_pgfault 694636
total_pgmajfault 195
total_inactive_anon 45056
total_active_anon 2115469312
total_inactive_file 11137024
total_active_file 12357632
total_unevictable 0
--------------------BLKIO-----------------------
11:0 Read 0
11:0 Write 0
11:0 Sync 0
11:0 Async 0
11:0 Total 0
253:0 Read 23453696
253:0 Write 229376
253:0 Sync 0
253:0 Async 23683072
253:0 Total 23683072
Total 23683072
--------------------CPUAC-----------------------
user 726
system 757
 
Fri May 19 23:47:11 IST 2017
--------------------MEMCG-----------------------
MEM ONLY  : 2039 MB
MEM+SWAP  : 2039 MB
cache 23568384
rss 2115440640
rss_huge 0
mapped_file 8785920
writeback 0
swap 0
pgpgin 593252
pgpgout 71033
pgfault 694636
pgmajfault 195
inactive_anon 45056
active_anon 2115469312
inactive_file 11137024
active_file 12357632
unevictable 0
hierarchical_memory_limit 2147483648
hierarchical_memsw_limit 5368709120
total_cache 23568384
total_rss 2115440640
total_rss_huge 0
total_mapped_file 8785920
total_writeback 0
total_swap 0
total_pgpgin 593252
total_pgpgout 71033
total_pgfault 694636
total_pgmajfault 195
total_inactive_anon 45056
total_active_anon 2115469312
total_inactive_file 11137024
total_active_file 12357632
total_unevictable 0
--------------------BLKIO-----------------------
11:0 Read 0
11:0 Write 0
11:0 Sync 0
11:0 Async 0
11:0 Total 0
253:0 Read 23453696
253:0 Write 229376
253:0 Sync 0
253:0 Async 23683072
253:0 Total 23683072
Total 23683072
--------------------CPUAC-----------------------
user 726
system 757
 
Fri May 19 23:47:41 IST 2017
--------------------MEMCG-----------------------
MEM ONLY  : 2039 MB
MEM+SWAP  : 2039 MB
cache 23568384
rss 2115440640
rss_huge 0
mapped_file 8785920
writeback 0
swap 0
pgpgin 593252
pgpgout 71033
pgfault 694636
pgmajfault 195
inactive_anon 45056
active_anon 2115469312
inactive_file 11137024
active_file 12357632
unevictable 0
hierarchical_memory_limit 2147483648
hierarchical_memsw_limit 5368709120
total_cache 23568384
total_rss 2115440640
total_rss_huge 0
total_mapped_file 8785920
total_writeback 0
total_swap 0
total_pgpgin 593252
total_pgpgout 71033
total_pgfault 694636
total_pgmajfault 195
total_inactive_anon 45056
total_active_anon 2115469312
total_inactive_file 11137024
total_active_file 12357632
total_unevictable 0
--------------------BLKIO-----------------------
11:0 Read 0
11:0 Write 0
11:0 Sync 0
11:0 Async 0
11:0 Total 0
253:0 Read 23453696
253:0 Write 229376
253:0 Sync 0
253:0 Async 23683072
253:0 Total 23683072
Total 23683072
--------------------CPUAC-----------------------
user 727
system 758
 
Fri May 19 23:48:11 IST 2017
--------------------MEMCG-----------------------
MEM ONLY  : 2040 MB
MEM+SWAP  : 2040 MB
cache 23670784
rss 2115444736
rss_huge 0
mapped_file 8908800
writeback 0
swap 0
pgpgin 593891
pgpgout 71646
pgfault 696181
pgmajfault 195
inactive_anon 45056
active_anon 2115473408
inactive_file 11137024
active_file 12460032
unevictable 0
hierarchical_memory_limit 2147483648
hierarchical_memsw_limit 5368709120
total_cache 23670784
total_rss 2115444736
total_rss_huge 0
total_mapped_file 8908800
total_writeback 0
total_swap 0
total_pgpgin 593891
total_pgpgout 71646
total_pgfault 696181
total_pgmajfault 195
total_inactive_anon 45056
total_active_anon 2115473408
total_inactive_file 11137024
total_active_file 12460032
total_unevictable 0
--------------------BLKIO-----------------------
11:0 Read 0
11:0 Write 0
11:0 Sync 0
11:0 Async 0
11:0 Total 0
253:0 Read 23556096
253:0 Write 229376
253:0 Sync 0
253:0 Async 23785472
253:0 Total 23785472
Total 23785472
--------------------CPUAC-----------------------
user 728
system 760
 
Fri May 19 23:48:41 IST 2017
--------------------MEMCG-----------------------
MEM ONLY  : 2040 MB
MEM+SWAP  : 2040 MB
cache 23670784
rss 2115444736
rss_huge 0
mapped_file 8908800
writeback 0
swap 0
pgpgin 593891
pgpgout 71646
pgfault 696181
pgmajfault 195
inactive_anon 45056
active_anon 2115473408
inactive_file 11137024
active_file 12460032
unevictable 0
hierarchical_memory_limit 2147483648
hierarchical_memsw_limit 5368709120
total_cache 23670784
total_rss 2115444736
total_rss_huge 0
total_mapped_file 8908800
total_writeback 0
total_swap 0
total_pgpgin 593891
total_pgpgout 71646
total_pgfault 696181
total_pgmajfault 195
total_inactive_anon 45056
total_active_anon 2115473408
total_inactive_file 11137024
total_active_file 12460032
total_unevictable 0
--------------------BLKIO-----------------------
11:0 Read 0
11:0 Write 0
11:0 Sync 0
11:0 Async 0
11:0 Total 0
253:0 Read 23556096
253:0 Write 229376
253:0 Sync 0
253:0 Async 23785472
253:0 Total 23785472
Total 23785472
--------------------CPUAC-----------------------
user 729
system 761
 
Fri May 19 23:49:11 IST 2017
--------------------MEMCG-----------------------
MEM ONLY  : 2040 MB
MEM+SWAP  : 2040 MB
cache 23670784
rss 2115444736
rss_huge 0
mapped_file 8908800
writeback 0
swap 0
pgpgin 593891
pgpgout 71646
pgfault 696181
pgmajfault 195
inactive_anon 45056
active_anon 2115473408
inactive_file 11137024
active_file 12460032
unevictable 0
hierarchical_memory_limit 2147483648
hierarchical_memsw_limit 5368709120
total_cache 23670784
total_rss 2115444736
total_rss_huge 0
total_mapped_file 8908800
total_writeback 0
total_swap 0
total_pgpgin 593891
total_pgpgout 71646
total_pgfault 696181
total_pgmajfault 195
total_inactive_anon 45056
total_active_anon 2115473408
total_inactive_file 11137024
total_active_file 12460032
total_unevictable 0
--------------------BLKIO-----------------------
11:0 Read 0
11:0 Write 0
11:0 Sync 0
11:0 Async 0
11:0 Total 0
253:0 Read 23556096
253:0 Write 229376
253:0 Sync 0
253:0 Async 23785472
253:0 Total 23785472
Total 23785472
--------------------CPUAC-----------------------
user 729
system 761
 
Fri May 19 23:49:41 IST 2017
--------------------MEMCG-----------------------
MEM ONLY  : 2040 MB
MEM+SWAP  : 2040 MB
cache 23670784
rss 2115444736
rss_huge 0
mapped_file 8908800
writeback 0
swap 0
pgpgin 593891
pgpgout 71646
pgfault 696181
pgmajfault 195
inactive_anon 45056
active_anon 2115473408
inactive_file 11137024
active_file 12460032
unevictable 0
hierarchical_memory_limit 2147483648
hierarchical_memsw_limit 5368709120
total_cache 23670784
total_rss 2115444736
total_rss_huge 0
total_mapped_file 8908800
total_writeback 0
total_swap 0
total_pgpgin 593891
total_pgpgout 71646
total_pgfault 696181
total_pgmajfault 195
total_inactive_anon 45056
total_active_anon 2115473408
total_inactive_file 11137024
total_active_file 12460032
total_unevictable 0
--------------------BLKIO-----------------------
11:0 Read 0
11:0 Write 0
11:0 Sync 0
11:0 Async 0
11:0 Total 0
253:0 Read 23556096
253:0 Write 229376
253:0 Sync 0
253:0 Async 23785472
253:0 Total 23785472
Total 23785472
--------------------CPUAC-----------------------
user 730
system 762
 
Fri May 19 23:50:11 IST 2017
--------------------MEMCG-----------------------
MEM ONLY  : 2040 MB
MEM+SWAP  : 2040 MB
cache 23670784
rss 2115444736
rss_huge 0
mapped_file 8908800
writeback 0
swap 0
pgpgin 593891
pgpgout 71646
pgfault 696181
pgmajfault 195
inactive_anon 45056
active_anon 2115473408
inactive_file 11137024
active_file 12460032
unevictable 0
hierarchical_memory_limit 2147483648
hierarchical_memsw_limit 5368709120
total_cache 23670784
total_rss 2115444736
total_rss_huge 0
total_mapped_file 8908800
total_writeback 0
total_swap 0
total_pgpgin 593891
total_pgpgout 71646
total_pgfault 696181
total_pgmajfault 195
total_inactive_anon 45056
total_active_anon 2115473408
total_inactive_file 11137024
total_active_file 12460032
total_unevictable 0
--------------------BLKIO-----------------------
11:0 Read 0
11:0 Write 0
11:0 Sync 0
11:0 Async 0
11:0 Total 0
253:0 Read 23556096
253:0 Write 229376
253:0 Sync 0
253:0 Async 23785472
253:0 Total 23785472
Total 23785472
--------------------CPUAC-----------------------
user 730
system 764
 
Fri May 19 23:50:41 IST 2017
--------------------MEMCG-----------------------
MEM ONLY  : 2040 MB
MEM+SWAP  : 2040 MB
cache 23670784
rss 2115444736
rss_huge 0
mapped_file 8908800
writeback 0
swap 0
pgpgin 593891
pgpgout 71646
pgfault 696181
pgmajfault 195
inactive_anon 45056
active_anon 2115473408
inactive_file 11137024
active_file 12460032
unevictable 0
hierarchical_memory_limit 2147483648
hierarchical_memsw_limit 5368709120
total_cache 23670784
total_rss 2115444736
total_rss_huge 0
total_mapped_file 8908800
total_writeback 0
total_swap 0
total_pgpgin 593891
total_pgpgout 71646
total_pgfault 696181
total_pgmajfault 195
total_inactive_anon 45056
total_active_anon 2115473408
total_inactive_file 11137024
total_active_file 12460032
total_unevictable 0
--------------------BLKIO-----------------------
11:0 Read 0
11:0 Write 0
11:0 Sync 0
11:0 Async 0
11:0 Total 0
253:0 Read 23556096
253:0 Write 229376
253:0 Sync 0
253:0 Async 23785472
253:0 Total 23785472
Total 23785472
--------------------CPUAC-----------------------
user 730
system 764
 
Fri May 19 23:51:11 IST 2017
--------------------MEMCG-----------------------
MEM ONLY  : 2040 MB
MEM+SWAP  : 2040 MB
cache 23670784
rss 2115444736
rss_huge 0
mapped_file 8908800
writeback 0
swap 0
pgpgin 593891
pgpgout 71646
pgfault 696181
pgmajfault 195
inactive_anon 45056
active_anon 2115473408
inactive_file 11137024
active_file 12460032
unevictable 0
hierarchical_memory_limit 2147483648
hierarchical_memsw_limit 5368709120
total_cache 23670784
total_rss 2115444736
total_rss_huge 0
total_mapped_file 8908800
total_writeback 0
total_swap 0
total_pgpgin 593891
total_pgpgout 71646
total_pgfault 696181
total_pgmajfault 195
total_inactive_anon 45056
total_active_anon 2115473408
total_inactive_file 11137024
total_active_file 12460032
total_unevictable 0
--------------------BLKIO-----------------------
11:0 Read 0
11:0 Write 0
11:0 Sync 0
11:0 Async 0
11:0 Total 0
253:0 Read 23556096
253:0 Write 229376
253:0 Sync 0
253:0 Async 23785472
253:0 Total 23785472
Total 23785472
--------------------CPUAC-----------------------
user 731
system 766
 
Fri May 19 23:51:41 IST 2017
--------------------MEMCG-----------------------
MEM ONLY  : 2040 MB
MEM+SWAP  : 2040 MB
cache 23670784
rss 2115444736
rss_huge 0
mapped_file 8908800
writeback 0
swap 0
pgpgin 593891
pgpgout 71646
pgfault 696181
pgmajfault 195
inactive_anon 45056
active_anon 2115473408
inactive_file 11137024
active_file 12460032
unevictable 0
hierarchical_memory_limit 2147483648
hierarchical_memsw_limit 5368709120
total_cache 23670784
total_rss 2115444736
total_rss_huge 0
total_mapped_file 8908800
total_writeback 0
total_swap 0
total_pgpgin 593891
total_pgpgout 71646
total_pgfault 696181
total_pgmajfault 195
total_inactive_anon 45056
total_active_anon 2115473408
total_inactive_file 11137024
total_active_file 12460032
total_unevictable 0
--------------------BLKIO-----------------------
11:0 Read 0
11:0 Write 0
11:0 Sync 0
11:0 Async 0
11:0 Total 0
253:0 Read 23556096
253:0 Write 229376
253:0 Sync 0
253:0 Async 23785472
253:0 Total 23785472
Total 23785472
--------------------CPUAC-----------------------
user 731
system 768
 
Fri May 19 23:52:11 IST 2017
--------------------MEMCG-----------------------
MEM ONLY  : 2040 MB
MEM+SWAP  : 2040 MB
cache 23670784
rss 2115444736
rss_huge 0
mapped_file 8908800
writeback 0
swap 0
pgpgin 593891
pgpgout 71646
pgfault 696181
pgmajfault 195
inactive_anon 45056
active_anon 2115473408
inactive_file 11137024
active_file 12460032
unevictable 0
hierarchical_memory_limit 2147483648
hierarchical_memsw_limit 5368709120
total_cache 23670784
total_rss 2115444736
total_rss_huge 0
total_mapped_file 8908800
total_writeback 0
total_swap 0
total_pgpgin 593891
total_pgpgout 71646
total_pgfault 696181
total_pgmajfault 195
total_inactive_anon 45056
total_active_anon 2115473408
total_inactive_file 11137024
total_active_file 12460032
total_unevictable 0
--------------------BLKIO-----------------------
11:0 Read 0
11:0 Write 0
11:0 Sync 0
11:0 Async 0
11:0 Total 0
253:0 Read 23556096
253:0 Write 229376
253:0 Sync 0
253:0 Async 23785472
253:0 Total 23785472
Total 23785472
--------------------CPUAC-----------------------
user 731
system 769
 
