Fri May 19 23:23:39 IST 2017
--------------------MEMCG-----------------------
MEM ONLY  : 262 MB
MEM+SWAP  : 262 MB
cache 40398848
rss 234545152
rss_huge 0
mapped_file 17154048
writeback 0
swap 0
pgpgin 154752
pgpgout 87627
pgfault 258628
pgmajfault 303
inactive_anon 49152
active_anon 234577920
inactive_file 25489408
active_file 14827520
unevictable 0
hierarchical_memory_limit 2147483648
hierarchical_memsw_limit 5368709120
total_cache 40398848
total_rss 234545152
total_rss_huge 0
total_mapped_file 17154048
total_writeback 0
total_swap 0
total_pgpgin 154752
total_pgpgout 87627
total_pgfault 258628
total_pgmajfault 303
total_inactive_anon 49152
total_active_anon 234577920
total_inactive_file 25489408
total_active_file 14827520
total_unevictable 0
--------------------BLKIO-----------------------
11:0 Read 0
11:0 Write 0
11:0 Sync 0
11:0 Async 0
11:0 Total 0
253:0 Read 55861248
253:0 Write 241664
253:0 Sync 12288
253:0 Async 56090624
253:0 Total 56102912
Total 56102912
--------------------CPUAC-----------------------
user 56
system 100
 
Fri May 19 23:24:09 IST 2017
--------------------MEMCG-----------------------
MEM ONLY  : 261 MB
MEM+SWAP  : 261 MB
cache 40398848
rss 234278912
rss_huge 0
mapped_file 17014784
writeback 0
swap 0
pgpgin 154752
pgpgout 87692
pgfault 258637
pgmajfault 303
inactive_anon 49152
active_anon 234311680
inactive_file 25489408
active_file 14827520
unevictable 0
hierarchical_memory_limit 2147483648
hierarchical_memsw_limit 5368709120
total_cache 40398848
total_rss 234278912
total_rss_huge 0
total_mapped_file 17014784
total_writeback 0
total_swap 0
total_pgpgin 154752
total_pgpgout 87692
total_pgfault 258637
total_pgmajfault 303
total_inactive_anon 49152
total_active_anon 234311680
total_inactive_file 25489408
total_active_file 14827520
total_unevictable 0
--------------------BLKIO-----------------------
11:0 Read 0
11:0 Write 0
11:0 Sync 0
11:0 Async 0
11:0 Total 0
253:0 Read 55861248
253:0 Write 241664
253:0 Sync 12288
253:0 Async 56090624
253:0 Total 56102912
Total 56102912
--------------------CPUAC-----------------------
user 58
system 101
 
Fri May 19 23:24:39 IST 2017
--------------------MEMCG-----------------------
MEM ONLY  : 261 MB
MEM+SWAP  : 261 MB
cache 40398848
rss 234278912
rss_huge 0
mapped_file 17014784
writeback 0
swap 0
pgpgin 154752
pgpgout 87692
pgfault 258637
pgmajfault 303
inactive_anon 49152
active_anon 234311680
inactive_file 25489408
active_file 14827520
unevictable 0
hierarchical_memory_limit 2147483648
hierarchical_memsw_limit 5368709120
total_cache 40398848
total_rss 234278912
total_rss_huge 0
total_mapped_file 17014784
total_writeback 0
total_swap 0
total_pgpgin 154752
total_pgpgout 87692
total_pgfault 258637
total_pgmajfault 303
total_inactive_anon 49152
total_active_anon 234311680
total_inactive_file 25489408
total_active_file 14827520
total_unevictable 0
--------------------BLKIO-----------------------
11:0 Read 0
11:0 Write 0
11:0 Sync 0
11:0 Async 0
11:0 Total 0
253:0 Read 55861248
253:0 Write 241664
253:0 Sync 12288
253:0 Async 56090624
253:0 Total 56102912
Total 56102912
--------------------CPUAC-----------------------
user 60
system 101
 
Fri May 19 23:25:09 IST 2017
--------------------MEMCG-----------------------
MEM ONLY  : 261 MB
MEM+SWAP  : 261 MB
cache 40398848
rss 234278912
rss_huge 0
mapped_file 17014784
writeback 0
swap 0
pgpgin 154752
pgpgout 87692
pgfault 258637
pgmajfault 303
inactive_anon 49152
active_anon 234311680
inactive_file 25489408
active_file 14827520
unevictable 0
hierarchical_memory_limit 2147483648
hierarchical_memsw_limit 5368709120
total_cache 40398848
total_rss 234278912
total_rss_huge 0
total_mapped_file 17014784
total_writeback 0
total_swap 0
total_pgpgin 154752
total_pgpgout 87692
total_pgfault 258637
total_pgmajfault 303
total_inactive_anon 49152
total_active_anon 234311680
total_inactive_file 25489408
total_active_file 14827520
total_unevictable 0
--------------------BLKIO-----------------------
11:0 Read 0
11:0 Write 0
11:0 Sync 0
11:0 Async 0
11:0 Total 0
253:0 Read 55861248
253:0 Write 241664
253:0 Sync 12288
253:0 Async 56090624
253:0 Total 56102912
Total 56102912
--------------------CPUAC-----------------------
user 62
system 102
 
Fri May 19 23:25:39 IST 2017
--------------------MEMCG-----------------------
MEM ONLY  : 261 MB
MEM+SWAP  : 261 MB
cache 40398848
rss 234278912
rss_huge 0
mapped_file 17014784
writeback 0
swap 0
pgpgin 154752
pgpgout 87692
pgfault 258637
pgmajfault 303
inactive_anon 49152
active_anon 234311680
inactive_file 25489408
active_file 14827520
unevictable 0
hierarchical_memory_limit 2147483648
hierarchical_memsw_limit 5368709120
total_cache 40398848
total_rss 234278912
total_rss_huge 0
total_mapped_file 17014784
total_writeback 0
total_swap 0
total_pgpgin 154752
total_pgpgout 87692
total_pgfault 258637
total_pgmajfault 303
total_inactive_anon 49152
total_active_anon 234311680
total_inactive_file 25489408
total_active_file 14827520
total_unevictable 0
--------------------BLKIO-----------------------
11:0 Read 0
11:0 Write 0
11:0 Sync 0
11:0 Async 0
11:0 Total 0
253:0 Read 55861248
253:0 Write 241664
253:0 Sync 12288
253:0 Async 56090624
253:0 Total 56102912
Total 56102912
--------------------CPUAC-----------------------
user 63
system 102
 
Fri May 19 23:26:09 IST 2017
--------------------MEMCG-----------------------
MEM ONLY  : 261 MB
MEM+SWAP  : 261 MB
cache 40398848
rss 234278912
rss_huge 0
mapped_file 17014784
writeback 0
swap 0
pgpgin 154752
pgpgout 87692
pgfault 258637
pgmajfault 303
inactive_anon 49152
active_anon 234311680
inactive_file 25489408
active_file 14827520
unevictable 0
hierarchical_memory_limit 2147483648
hierarchical_memsw_limit 5368709120
total_cache 40398848
total_rss 234278912
total_rss_huge 0
total_mapped_file 17014784
total_writeback 0
total_swap 0
total_pgpgin 154752
total_pgpgout 87692
total_pgfault 258637
total_pgmajfault 303
total_inactive_anon 49152
total_active_anon 234311680
total_inactive_file 25489408
total_active_file 14827520
total_unevictable 0
--------------------BLKIO-----------------------
11:0 Read 0
11:0 Write 0
11:0 Sync 0
11:0 Async 0
11:0 Total 0
253:0 Read 55861248
253:0 Write 241664
253:0 Sync 12288
253:0 Async 56090624
253:0 Total 56102912
Total 56102912
--------------------CPUAC-----------------------
user 66
system 102
 
Fri May 19 23:26:39 IST 2017
--------------------MEMCG-----------------------
MEM ONLY  : 261 MB
MEM+SWAP  : 261 MB
cache 40398848
rss 234278912
rss_huge 0
mapped_file 17014784
writeback 0
swap 0
pgpgin 154752
pgpgout 87692
pgfault 258637
pgmajfault 303
inactive_anon 49152
active_anon 234311680
inactive_file 25489408
active_file 14827520
unevictable 0
hierarchical_memory_limit 2147483648
hierarchical_memsw_limit 5368709120
total_cache 40398848
total_rss 234278912
total_rss_huge 0
total_mapped_file 17014784
total_writeback 0
total_swap 0
total_pgpgin 154752
total_pgpgout 87692
total_pgfault 258637
total_pgmajfault 303
total_inactive_anon 49152
total_active_anon 234311680
total_inactive_file 25489408
total_active_file 14827520
total_unevictable 0
--------------------BLKIO-----------------------
11:0 Read 0
11:0 Write 0
11:0 Sync 0
11:0 Async 0
11:0 Total 0
253:0 Read 55861248
253:0 Write 241664
253:0 Sync 12288
253:0 Async 56090624
253:0 Total 56102912
Total 56102912
--------------------CPUAC-----------------------
user 68
system 102
 
Fri May 19 23:27:09 IST 2017
--------------------MEMCG-----------------------
MEM ONLY  : 261 MB
MEM+SWAP  : 261 MB
cache 40398848
rss 234278912
rss_huge 0
mapped_file 17014784
writeback 0
swap 0
pgpgin 154752
pgpgout 87692
pgfault 258637
pgmajfault 303
inactive_anon 49152
active_anon 234311680
inactive_file 25489408
active_file 14827520
unevictable 0
hierarchical_memory_limit 2147483648
hierarchical_memsw_limit 5368709120
total_cache 40398848
total_rss 234278912
total_rss_huge 0
total_mapped_file 17014784
total_writeback 0
total_swap 0
total_pgpgin 154752
total_pgpgout 87692
total_pgfault 258637
total_pgmajfault 303
total_inactive_anon 49152
total_active_anon 234311680
total_inactive_file 25489408
total_active_file 14827520
total_unevictable 0
--------------------BLKIO-----------------------
11:0 Read 0
11:0 Write 0
11:0 Sync 0
11:0 Async 0
11:0 Total 0
253:0 Read 55861248
253:0 Write 241664
253:0 Sync 12288
253:0 Async 56090624
253:0 Total 56102912
Total 56102912
--------------------CPUAC-----------------------
user 70
system 102
 
Fri May 19 23:27:39 IST 2017
--------------------MEMCG-----------------------
MEM ONLY  : 261 MB
MEM+SWAP  : 261 MB
cache 40398848
rss 234278912
rss_huge 0
mapped_file 17014784
writeback 0
swap 0
pgpgin 154752
pgpgout 87692
pgfault 258637
pgmajfault 303
inactive_anon 49152
active_anon 234311680
inactive_file 25489408
active_file 14827520
unevictable 0
hierarchical_memory_limit 2147483648
hierarchical_memsw_limit 5368709120
total_cache 40398848
total_rss 234278912
total_rss_huge 0
total_mapped_file 17014784
total_writeback 0
total_swap 0
total_pgpgin 154752
total_pgpgout 87692
total_pgfault 258637
total_pgmajfault 303
total_inactive_anon 49152
total_active_anon 234311680
total_inactive_file 25489408
total_active_file 14827520
total_unevictable 0
--------------------BLKIO-----------------------
11:0 Read 0
11:0 Write 0
11:0 Sync 0
11:0 Async 0
11:0 Total 0
253:0 Read 55861248
253:0 Write 241664
253:0 Sync 12288
253:0 Async 56090624
253:0 Total 56102912
Total 56102912
--------------------CPUAC-----------------------
user 72
system 102
 
Fri May 19 23:28:10 IST 2017
--------------------MEMCG-----------------------
MEM ONLY  : 261 MB
MEM+SWAP  : 261 MB
cache 40398848
rss 234278912
rss_huge 0
mapped_file 17014784
writeback 0
swap 0
pgpgin 154752
pgpgout 87692
pgfault 258637
pgmajfault 303
inactive_anon 49152
active_anon 234311680
inactive_file 25489408
active_file 14827520
unevictable 0
hierarchical_memory_limit 2147483648
hierarchical_memsw_limit 5368709120
total_cache 40398848
total_rss 234278912
total_rss_huge 0
total_mapped_file 17014784
total_writeback 0
total_swap 0
total_pgpgin 154752
total_pgpgout 87692
total_pgfault 258637
total_pgmajfault 303
total_inactive_anon 49152
total_active_anon 234311680
total_inactive_file 25489408
total_active_file 14827520
total_unevictable 0
--------------------BLKIO-----------------------
11:0 Read 0
11:0 Write 0
11:0 Sync 0
11:0 Async 0
11:0 Total 0
253:0 Read 55861248
253:0 Write 241664
253:0 Sync 12288
253:0 Async 56090624
253:0 Total 56102912
Total 56102912
--------------------CPUAC-----------------------
user 74
system 102
 
Fri May 19 23:28:40 IST 2017
--------------------MEMCG-----------------------
MEM ONLY  : 261 MB
MEM+SWAP  : 261 MB
cache 40398848
rss 234278912
rss_huge 0
mapped_file 17014784
writeback 0
swap 0
pgpgin 154752
pgpgout 87692
pgfault 258637
pgmajfault 303
inactive_anon 49152
active_anon 234311680
inactive_file 25489408
active_file 14827520
unevictable 0
hierarchical_memory_limit 2147483648
hierarchical_memsw_limit 5368709120
total_cache 40398848
total_rss 234278912
total_rss_huge 0
total_mapped_file 17014784
total_writeback 0
total_swap 0
total_pgpgin 154752
total_pgpgout 87692
total_pgfault 258637
total_pgmajfault 303
total_inactive_anon 49152
total_active_anon 234311680
total_inactive_file 25489408
total_active_file 14827520
total_unevictable 0
--------------------BLKIO-----------------------
11:0 Read 0
11:0 Write 0
11:0 Sync 0
11:0 Async 0
11:0 Total 0
253:0 Read 55861248
253:0 Write 241664
253:0 Sync 12288
253:0 Async 56090624
253:0 Total 56102912
Total 56102912
--------------------CPUAC-----------------------
user 76
system 103
 
Fri May 19 23:29:10 IST 2017
--------------------MEMCG-----------------------
MEM ONLY  : 261 MB
MEM+SWAP  : 261 MB
cache 40398848
rss 234278912
rss_huge 0
mapped_file 17014784
writeback 0
swap 0
pgpgin 154752
pgpgout 87692
pgfault 258637
pgmajfault 303
inactive_anon 49152
active_anon 234311680
inactive_file 25489408
active_file 14827520
unevictable 0
hierarchical_memory_limit 2147483648
hierarchical_memsw_limit 5368709120
total_cache 40398848
total_rss 234278912
total_rss_huge 0
total_mapped_file 17014784
total_writeback 0
total_swap 0
total_pgpgin 154752
total_pgpgout 87692
total_pgfault 258637
total_pgmajfault 303
total_inactive_anon 49152
total_active_anon 234311680
total_inactive_file 25489408
total_active_file 14827520
total_unevictable 0
--------------------BLKIO-----------------------
11:0 Read 0
11:0 Write 0
11:0 Sync 0
11:0 Async 0
11:0 Total 0
253:0 Read 55861248
253:0 Write 241664
253:0 Sync 12288
253:0 Async 56090624
253:0 Total 56102912
Total 56102912
--------------------CPUAC-----------------------
user 76
system 103
 
Fri May 19 23:29:40 IST 2017
--------------------MEMCG-----------------------
MEM ONLY  : 261 MB
MEM+SWAP  : 261 MB
cache 40398848
rss 234278912
rss_huge 0
mapped_file 17014784
writeback 0
swap 0
pgpgin 154752
pgpgout 87692
pgfault 258637
pgmajfault 303
inactive_anon 49152
active_anon 234311680
inactive_file 25489408
active_file 14827520
unevictable 0
hierarchical_memory_limit 2147483648
hierarchical_memsw_limit 5368709120
total_cache 40398848
total_rss 234278912
total_rss_huge 0
total_mapped_file 17014784
total_writeback 0
total_swap 0
total_pgpgin 154752
total_pgpgout 87692
total_pgfault 258637
total_pgmajfault 303
total_inactive_anon 49152
total_active_anon 234311680
total_inactive_file 25489408
total_active_file 14827520
total_unevictable 0
--------------------BLKIO-----------------------
11:0 Read 0
11:0 Write 0
11:0 Sync 0
11:0 Async 0
11:0 Total 0
253:0 Read 55861248
253:0 Write 241664
253:0 Sync 12288
253:0 Async 56090624
253:0 Total 56102912
Total 56102912
--------------------CPUAC-----------------------
user 78
system 103
 
Fri May 19 23:30:10 IST 2017
--------------------MEMCG-----------------------
MEM ONLY  : 261 MB
MEM+SWAP  : 261 MB
cache 40398848
rss 234278912
rss_huge 0
mapped_file 17014784
writeback 0
swap 0
pgpgin 154752
pgpgout 87692
pgfault 258637
pgmajfault 303
inactive_anon 49152
active_anon 234311680
inactive_file 25489408
active_file 14827520
unevictable 0
hierarchical_memory_limit 2147483648
hierarchical_memsw_limit 5368709120
total_cache 40398848
total_rss 234278912
total_rss_huge 0
total_mapped_file 17014784
total_writeback 0
total_swap 0
total_pgpgin 154752
total_pgpgout 87692
total_pgfault 258637
total_pgmajfault 303
total_inactive_anon 49152
total_active_anon 234311680
total_inactive_file 25489408
total_active_file 14827520
total_unevictable 0
--------------------BLKIO-----------------------
11:0 Read 0
11:0 Write 0
11:0 Sync 0
11:0 Async 0
11:0 Total 0
253:0 Read 55861248
253:0 Write 241664
253:0 Sync 12288
253:0 Async 56090624
253:0 Total 56102912
Total 56102912
--------------------CPUAC-----------------------
user 80
system 103
 
Fri May 19 23:30:40 IST 2017
--------------------MEMCG-----------------------
MEM ONLY  : 261 MB
MEM+SWAP  : 261 MB
cache 40398848
rss 234278912
rss_huge 0
mapped_file 17014784
writeback 0
swap 0
pgpgin 154752
pgpgout 87692
pgfault 258637
pgmajfault 303
inactive_anon 49152
active_anon 234311680
inactive_file 25489408
active_file 14827520
unevictable 0
hierarchical_memory_limit 2147483648
hierarchical_memsw_limit 5368709120
total_cache 40398848
total_rss 234278912
total_rss_huge 0
total_mapped_file 17014784
total_writeback 0
total_swap 0
total_pgpgin 154752
total_pgpgout 87692
total_pgfault 258637
total_pgmajfault 303
total_inactive_anon 49152
total_active_anon 234311680
total_inactive_file 25489408
total_active_file 14827520
total_unevictable 0
--------------------BLKIO-----------------------
11:0 Read 0
11:0 Write 0
11:0 Sync 0
11:0 Async 0
11:0 Total 0
253:0 Read 55861248
253:0 Write 241664
253:0 Sync 12288
253:0 Async 56090624
253:0 Total 56102912
Total 56102912
--------------------CPUAC-----------------------
user 81
system 103
 
Fri May 19 23:31:10 IST 2017
--------------------MEMCG-----------------------
MEM ONLY  : 261 MB
MEM+SWAP  : 261 MB
cache 40398848
rss 234278912
rss_huge 0
mapped_file 17014784
writeback 0
swap 0
pgpgin 154752
pgpgout 87692
pgfault 258637
pgmajfault 303
inactive_anon 49152
active_anon 234311680
inactive_file 25489408
active_file 14827520
unevictable 0
hierarchical_memory_limit 2147483648
hierarchical_memsw_limit 5368709120
total_cache 40398848
total_rss 234278912
total_rss_huge 0
total_mapped_file 17014784
total_writeback 0
total_swap 0
total_pgpgin 154752
total_pgpgout 87692
total_pgfault 258637
total_pgmajfault 303
total_inactive_anon 49152
total_active_anon 234311680
total_inactive_file 25489408
total_active_file 14827520
total_unevictable 0
--------------------BLKIO-----------------------
11:0 Read 0
11:0 Write 0
11:0 Sync 0
11:0 Async 0
11:0 Total 0
253:0 Read 55861248
253:0 Write 241664
253:0 Sync 12288
253:0 Async 56090624
253:0 Total 56102912
Total 56102912
--------------------CPUAC-----------------------
user 83
system 103
 
Fri May 19 23:31:40 IST 2017
--------------------MEMCG-----------------------
MEM ONLY  : 261 MB
MEM+SWAP  : 261 MB
cache 40398848
rss 234278912
rss_huge 0
mapped_file 17014784
writeback 0
swap 0
pgpgin 154752
pgpgout 87692
pgfault 258637
pgmajfault 303
inactive_anon 49152
active_anon 234311680
inactive_file 25489408
active_file 14827520
unevictable 0
hierarchical_memory_limit 2147483648
hierarchical_memsw_limit 5368709120
total_cache 40398848
total_rss 234278912
total_rss_huge 0
total_mapped_file 17014784
total_writeback 0
total_swap 0
total_pgpgin 154752
total_pgpgout 87692
total_pgfault 258637
total_pgmajfault 303
total_inactive_anon 49152
total_active_anon 234311680
total_inactive_file 25489408
total_active_file 14827520
total_unevictable 0
--------------------BLKIO-----------------------
11:0 Read 0
11:0 Write 0
11:0 Sync 0
11:0 Async 0
11:0 Total 0
253:0 Read 55861248
253:0 Write 241664
253:0 Sync 12288
253:0 Async 56090624
253:0 Total 56102912
Total 56102912
--------------------CPUAC-----------------------
user 85
system 104
 
Fri May 19 23:32:10 IST 2017
--------------------MEMCG-----------------------
MEM ONLY  : 261 MB
MEM+SWAP  : 261 MB
cache 40398848
rss 234278912
rss_huge 0
mapped_file 17014784
writeback 0
swap 0
pgpgin 154752
pgpgout 87692
pgfault 258637
pgmajfault 303
inactive_anon 49152
active_anon 234311680
inactive_file 25489408
active_file 14827520
unevictable 0
hierarchical_memory_limit 2147483648
hierarchical_memsw_limit 5368709120
total_cache 40398848
total_rss 234278912
total_rss_huge 0
total_mapped_file 17014784
total_writeback 0
total_swap 0
total_pgpgin 154752
total_pgpgout 87692
total_pgfault 258637
total_pgmajfault 303
total_inactive_anon 49152
total_active_anon 234311680
total_inactive_file 25489408
total_active_file 14827520
total_unevictable 0
--------------------BLKIO-----------------------
11:0 Read 0
11:0 Write 0
11:0 Sync 0
11:0 Async 0
11:0 Total 0
253:0 Read 55861248
253:0 Write 241664
253:0 Sync 12288
253:0 Async 56090624
253:0 Total 56102912
Total 56102912
--------------------CPUAC-----------------------
user 86
system 104
 
Fri May 19 23:32:40 IST 2017
--------------------MEMCG-----------------------
MEM ONLY  : 261 MB
MEM+SWAP  : 261 MB
cache 40398848
rss 234278912
rss_huge 0
mapped_file 17014784
writeback 0
swap 0
pgpgin 154752
pgpgout 87692
pgfault 258637
pgmajfault 303
inactive_anon 49152
active_anon 234311680
inactive_file 25489408
active_file 14827520
unevictable 0
hierarchical_memory_limit 2147483648
hierarchical_memsw_limit 5368709120
total_cache 40398848
total_rss 234278912
total_rss_huge 0
total_mapped_file 17014784
total_writeback 0
total_swap 0
total_pgpgin 154752
total_pgpgout 87692
total_pgfault 258637
total_pgmajfault 303
total_inactive_anon 49152
total_active_anon 234311680
total_inactive_file 25489408
total_active_file 14827520
total_unevictable 0
--------------------BLKIO-----------------------
11:0 Read 0
11:0 Write 0
11:0 Sync 0
11:0 Async 0
11:0 Total 0
253:0 Read 55861248
253:0 Write 241664
253:0 Sync 12288
253:0 Async 56090624
253:0 Total 56102912
Total 56102912
--------------------CPUAC-----------------------
user 88
system 104
 
Fri May 19 23:33:10 IST 2017
--------------------MEMCG-----------------------
MEM ONLY  : 261 MB
MEM+SWAP  : 261 MB
cache 40398848
rss 234278912
rss_huge 0
mapped_file 17014784
writeback 0
swap 0
pgpgin 154752
pgpgout 87692
pgfault 258637
pgmajfault 303
inactive_anon 49152
active_anon 234311680
inactive_file 25489408
active_file 14827520
unevictable 0
hierarchical_memory_limit 2147483648
hierarchical_memsw_limit 5368709120
total_cache 40398848
total_rss 234278912
total_rss_huge 0
total_mapped_file 17014784
total_writeback 0
total_swap 0
total_pgpgin 154752
total_pgpgout 87692
total_pgfault 258637
total_pgmajfault 303
total_inactive_anon 49152
total_active_anon 234311680
total_inactive_file 25489408
total_active_file 14827520
total_unevictable 0
--------------------BLKIO-----------------------
11:0 Read 0
11:0 Write 0
11:0 Sync 0
11:0 Async 0
11:0 Total 0
253:0 Read 55861248
253:0 Write 241664
253:0 Sync 12288
253:0 Async 56090624
253:0 Total 56102912
Total 56102912
--------------------CPUAC-----------------------
user 90
system 104
 
Fri May 19 23:33:40 IST 2017
--------------------MEMCG-----------------------
MEM ONLY  : 261 MB
MEM+SWAP  : 261 MB
cache 40398848
rss 234278912
rss_huge 0
mapped_file 17014784
writeback 0
swap 0
pgpgin 154752
pgpgout 87692
pgfault 258637
pgmajfault 303
inactive_anon 49152
active_anon 234311680
inactive_file 25489408
active_file 14827520
unevictable 0
hierarchical_memory_limit 2147483648
hierarchical_memsw_limit 5368709120
total_cache 40398848
total_rss 234278912
total_rss_huge 0
total_mapped_file 17014784
total_writeback 0
total_swap 0
total_pgpgin 154752
total_pgpgout 87692
total_pgfault 258637
total_pgmajfault 303
total_inactive_anon 49152
total_active_anon 234311680
total_inactive_file 25489408
total_active_file 14827520
total_unevictable 0
--------------------BLKIO-----------------------
11:0 Read 0
11:0 Write 0
11:0 Sync 0
11:0 Async 0
11:0 Total 0
253:0 Read 55861248
253:0 Write 241664
253:0 Sync 12288
253:0 Async 56090624
253:0 Total 56102912
Total 56102912
--------------------CPUAC-----------------------
user 91
system 105
 
Fri May 19 23:34:10 IST 2017
--------------------MEMCG-----------------------
MEM ONLY  : 261 MB
MEM+SWAP  : 261 MB
cache 40398848
rss 234278912
rss_huge 0
mapped_file 17014784
writeback 0
swap 0
pgpgin 154752
pgpgout 87692
pgfault 258637
pgmajfault 303
inactive_anon 49152
active_anon 234311680
inactive_file 25489408
active_file 14827520
unevictable 0
hierarchical_memory_limit 2147483648
hierarchical_memsw_limit 5368709120
total_cache 40398848
total_rss 234278912
total_rss_huge 0
total_mapped_file 17014784
total_writeback 0
total_swap 0
total_pgpgin 154752
total_pgpgout 87692
total_pgfault 258637
total_pgmajfault 303
total_inactive_anon 49152
total_active_anon 234311680
total_inactive_file 25489408
total_active_file 14827520
total_unevictable 0
--------------------BLKIO-----------------------
11:0 Read 0
11:0 Write 0
11:0 Sync 0
11:0 Async 0
11:0 Total 0
253:0 Read 55861248
253:0 Write 241664
253:0 Sync 12288
253:0 Async 56090624
253:0 Total 56102912
Total 56102912
--------------------CPUAC-----------------------
user 93
system 105
 
Fri May 19 23:34:40 IST 2017
--------------------MEMCG-----------------------
MEM ONLY  : 261 MB
MEM+SWAP  : 261 MB
cache 40398848
rss 234278912
rss_huge 0
mapped_file 17014784
writeback 0
swap 0
pgpgin 154752
pgpgout 87692
pgfault 258637
pgmajfault 303
inactive_anon 49152
active_anon 234311680
inactive_file 25489408
active_file 14827520
unevictable 0
hierarchical_memory_limit 2147483648
hierarchical_memsw_limit 5368709120
total_cache 40398848
total_rss 234278912
total_rss_huge 0
total_mapped_file 17014784
total_writeback 0
total_swap 0
total_pgpgin 154752
total_pgpgout 87692
total_pgfault 258637
total_pgmajfault 303
total_inactive_anon 49152
total_active_anon 234311680
total_inactive_file 25489408
total_active_file 14827520
total_unevictable 0
--------------------BLKIO-----------------------
11:0 Read 0
11:0 Write 0
11:0 Sync 0
11:0 Async 0
11:0 Total 0
253:0 Read 55861248
253:0 Write 241664
253:0 Sync 12288
253:0 Async 56090624
253:0 Total 56102912
Total 56102912
--------------------CPUAC-----------------------
user 94
system 105
 
Fri May 19 23:35:10 IST 2017
--------------------MEMCG-----------------------
MEM ONLY  : 261 MB
MEM+SWAP  : 261 MB
cache 40398848
rss 234278912
rss_huge 0
mapped_file 17014784
writeback 0
swap 0
pgpgin 154752
pgpgout 87692
pgfault 258637
pgmajfault 303
inactive_anon 49152
active_anon 234311680
inactive_file 25489408
active_file 14827520
unevictable 0
hierarchical_memory_limit 2147483648
hierarchical_memsw_limit 5368709120
total_cache 40398848
total_rss 234278912
total_rss_huge 0
total_mapped_file 17014784
total_writeback 0
total_swap 0
total_pgpgin 154752
total_pgpgout 87692
total_pgfault 258637
total_pgmajfault 303
total_inactive_anon 49152
total_active_anon 234311680
total_inactive_file 25489408
total_active_file 14827520
total_unevictable 0
--------------------BLKIO-----------------------
11:0 Read 0
11:0 Write 0
11:0 Sync 0
11:0 Async 0
11:0 Total 0
253:0 Read 55861248
253:0 Write 241664
253:0 Sync 12288
253:0 Async 56090624
253:0 Total 56102912
Total 56102912
--------------------CPUAC-----------------------
user 97
system 105
 
Fri May 19 23:35:40 IST 2017
--------------------MEMCG-----------------------
MEM ONLY  : 261 MB
MEM+SWAP  : 261 MB
cache 40398848
rss 234278912
rss_huge 0
mapped_file 17014784
writeback 0
swap 0
pgpgin 154752
pgpgout 87692
pgfault 258637
pgmajfault 303
inactive_anon 49152
active_anon 234311680
inactive_file 25489408
active_file 14827520
unevictable 0
hierarchical_memory_limit 2147483648
hierarchical_memsw_limit 5368709120
total_cache 40398848
total_rss 234278912
total_rss_huge 0
total_mapped_file 17014784
total_writeback 0
total_swap 0
total_pgpgin 154752
total_pgpgout 87692
total_pgfault 258637
total_pgmajfault 303
total_inactive_anon 49152
total_active_anon 234311680
total_inactive_file 25489408
total_active_file 14827520
total_unevictable 0
--------------------BLKIO-----------------------
11:0 Read 0
11:0 Write 0
11:0 Sync 0
11:0 Async 0
11:0 Total 0
253:0 Read 55861248
253:0 Write 241664
253:0 Sync 12288
253:0 Async 56090624
253:0 Total 56102912
Total 56102912
--------------------CPUAC-----------------------
user 99
system 105
 
Fri May 19 23:36:10 IST 2017
--------------------MEMCG-----------------------
MEM ONLY  : 261 MB
MEM+SWAP  : 261 MB
cache 40398848
rss 234278912
rss_huge 0
mapped_file 17014784
writeback 0
swap 0
pgpgin 154752
pgpgout 87692
pgfault 258637
pgmajfault 303
inactive_anon 49152
active_anon 234311680
inactive_file 25489408
active_file 14827520
unevictable 0
hierarchical_memory_limit 2147483648
hierarchical_memsw_limit 5368709120
total_cache 40398848
total_rss 234278912
total_rss_huge 0
total_mapped_file 17014784
total_writeback 0
total_swap 0
total_pgpgin 154752
total_pgpgout 87692
total_pgfault 258637
total_pgmajfault 303
total_inactive_anon 49152
total_active_anon 234311680
total_inactive_file 25489408
total_active_file 14827520
total_unevictable 0
--------------------BLKIO-----------------------
11:0 Read 0
11:0 Write 0
11:0 Sync 0
11:0 Async 0
11:0 Total 0
253:0 Read 55861248
253:0 Write 241664
253:0 Sync 12288
253:0 Async 56090624
253:0 Total 56102912
Total 56102912
--------------------CPUAC-----------------------
user 101
system 105
 
Fri May 19 23:36:40 IST 2017
--------------------MEMCG-----------------------
MEM ONLY  : 261 MB
MEM+SWAP  : 261 MB
cache 40398848
rss 234278912
rss_huge 0
mapped_file 17014784
writeback 0
swap 0
pgpgin 154752
pgpgout 87692
pgfault 258637
pgmajfault 303
inactive_anon 49152
active_anon 234311680
inactive_file 25489408
active_file 14827520
unevictable 0
hierarchical_memory_limit 2147483648
hierarchical_memsw_limit 5368709120
total_cache 40398848
total_rss 234278912
total_rss_huge 0
total_mapped_file 17014784
total_writeback 0
total_swap 0
total_pgpgin 154752
total_pgpgout 87692
total_pgfault 258637
total_pgmajfault 303
total_inactive_anon 49152
total_active_anon 234311680
total_inactive_file 25489408
total_active_file 14827520
total_unevictable 0
--------------------BLKIO-----------------------
11:0 Read 0
11:0 Write 0
11:0 Sync 0
11:0 Async 0
11:0 Total 0
253:0 Read 55861248
253:0 Write 241664
253:0 Sync 12288
253:0 Async 56090624
253:0 Total 56102912
Total 56102912
--------------------CPUAC-----------------------
user 103
system 106
 
Fri May 19 23:37:10 IST 2017
--------------------MEMCG-----------------------
MEM ONLY  : 261 MB
MEM+SWAP  : 261 MB
cache 40398848
rss 234278912
rss_huge 0
mapped_file 17014784
writeback 0
swap 0
pgpgin 154752
pgpgout 87692
pgfault 258637
pgmajfault 303
inactive_anon 49152
active_anon 234311680
inactive_file 25489408
active_file 14827520
unevictable 0
hierarchical_memory_limit 2147483648
hierarchical_memsw_limit 5368709120
total_cache 40398848
total_rss 234278912
total_rss_huge 0
total_mapped_file 17014784
total_writeback 0
total_swap 0
total_pgpgin 154752
total_pgpgout 87692
total_pgfault 258637
total_pgmajfault 303
total_inactive_anon 49152
total_active_anon 234311680
total_inactive_file 25489408
total_active_file 14827520
total_unevictable 0
--------------------BLKIO-----------------------
11:0 Read 0
11:0 Write 0
11:0 Sync 0
11:0 Async 0
11:0 Total 0
253:0 Read 55861248
253:0 Write 241664
253:0 Sync 12288
253:0 Async 56090624
253:0 Total 56102912
Total 56102912
--------------------CPUAC-----------------------
user 105
system 106
 
Fri May 19 23:37:40 IST 2017
--------------------MEMCG-----------------------
MEM ONLY  : 261 MB
MEM+SWAP  : 261 MB
cache 40398848
rss 234278912
rss_huge 0
mapped_file 17014784
writeback 0
swap 0
pgpgin 154752
pgpgout 87692
pgfault 258637
pgmajfault 303
inactive_anon 49152
active_anon 234311680
inactive_file 25489408
active_file 14827520
unevictable 0
hierarchical_memory_limit 2147483648
hierarchical_memsw_limit 5368709120
total_cache 40398848
total_rss 234278912
total_rss_huge 0
total_mapped_file 17014784
total_writeback 0
total_swap 0
total_pgpgin 154752
total_pgpgout 87692
total_pgfault 258637
total_pgmajfault 303
total_inactive_anon 49152
total_active_anon 234311680
total_inactive_file 25489408
total_active_file 14827520
total_unevictable 0
--------------------BLKIO-----------------------
11:0 Read 0
11:0 Write 0
11:0 Sync 0
11:0 Async 0
11:0 Total 0
253:0 Read 55861248
253:0 Write 241664
253:0 Sync 12288
253:0 Async 56090624
253:0 Total 56102912
Total 56102912
--------------------CPUAC-----------------------
user 107
system 106
 
Fri May 19 23:38:10 IST 2017
--------------------MEMCG-----------------------
MEM ONLY  : 261 MB
MEM+SWAP  : 261 MB
cache 40398848
rss 234278912
rss_huge 0
mapped_file 17014784
writeback 0
swap 0
pgpgin 154752
pgpgout 87692
pgfault 258637
pgmajfault 303
inactive_anon 49152
active_anon 234311680
inactive_file 25489408
active_file 14827520
unevictable 0
hierarchical_memory_limit 2147483648
hierarchical_memsw_limit 5368709120
total_cache 40398848
total_rss 234278912
total_rss_huge 0
total_mapped_file 17014784
total_writeback 0
total_swap 0
total_pgpgin 154752
total_pgpgout 87692
total_pgfault 258637
total_pgmajfault 303
total_inactive_anon 49152
total_active_anon 234311680
total_inactive_file 25489408
total_active_file 14827520
total_unevictable 0
--------------------BLKIO-----------------------
11:0 Read 0
11:0 Write 0
11:0 Sync 0
11:0 Async 0
11:0 Total 0
253:0 Read 55861248
253:0 Write 241664
253:0 Sync 12288
253:0 Async 56090624
253:0 Total 56102912
Total 56102912
--------------------CPUAC-----------------------
user 108
system 108
 
Fri May 19 23:38:40 IST 2017
--------------------MEMCG-----------------------
MEM ONLY  : 261 MB
MEM+SWAP  : 261 MB
cache 40398848
rss 234278912
rss_huge 0
mapped_file 17014784
writeback 0
swap 0
pgpgin 154752
pgpgout 87692
pgfault 258637
pgmajfault 303
inactive_anon 49152
active_anon 234311680
inactive_file 25489408
active_file 14827520
unevictable 0
hierarchical_memory_limit 2147483648
hierarchical_memsw_limit 5368709120
total_cache 40398848
total_rss 234278912
total_rss_huge 0
total_mapped_file 17014784
total_writeback 0
total_swap 0
total_pgpgin 154752
total_pgpgout 87692
total_pgfault 258637
total_pgmajfault 303
total_inactive_anon 49152
total_active_anon 234311680
total_inactive_file 25489408
total_active_file 14827520
total_unevictable 0
--------------------BLKIO-----------------------
11:0 Read 0
11:0 Write 0
11:0 Sync 0
11:0 Async 0
11:0 Total 0
253:0 Read 55861248
253:0 Write 241664
253:0 Sync 12288
253:0 Async 56090624
253:0 Total 56102912
Total 56102912
--------------------CPUAC-----------------------
user 110
system 108
 
Fri May 19 23:39:10 IST 2017
--------------------MEMCG-----------------------
MEM ONLY  : 261 MB
MEM+SWAP  : 261 MB
cache 40398848
rss 234278912
rss_huge 0
mapped_file 17014784
writeback 0
swap 0
pgpgin 154752
pgpgout 87692
pgfault 258637
pgmajfault 303
inactive_anon 49152
active_anon 234311680
inactive_file 25489408
active_file 14827520
unevictable 0
hierarchical_memory_limit 2147483648
hierarchical_memsw_limit 5368709120
total_cache 40398848
total_rss 234278912
total_rss_huge 0
total_mapped_file 17014784
total_writeback 0
total_swap 0
total_pgpgin 154752
total_pgpgout 87692
total_pgfault 258637
total_pgmajfault 303
total_inactive_anon 49152
total_active_anon 234311680
total_inactive_file 25489408
total_active_file 14827520
total_unevictable 0
--------------------BLKIO-----------------------
11:0 Read 0
11:0 Write 0
11:0 Sync 0
11:0 Async 0
11:0 Total 0
253:0 Read 55861248
253:0 Write 241664
253:0 Sync 12288
253:0 Async 56090624
253:0 Total 56102912
Total 56102912
--------------------CPUAC-----------------------
user 112
system 108
 
Fri May 19 23:39:40 IST 2017
--------------------MEMCG-----------------------
MEM ONLY  : 261 MB
MEM+SWAP  : 261 MB
cache 40398848
rss 234278912
rss_huge 0
mapped_file 17014784
writeback 0
swap 0
pgpgin 154752
pgpgout 87692
pgfault 258637
pgmajfault 303
inactive_anon 49152
active_anon 234311680
inactive_file 25489408
active_file 14827520
unevictable 0
hierarchical_memory_limit 2147483648
hierarchical_memsw_limit 5368709120
total_cache 40398848
total_rss 234278912
total_rss_huge 0
total_mapped_file 17014784
total_writeback 0
total_swap 0
total_pgpgin 154752
total_pgpgout 87692
total_pgfault 258637
total_pgmajfault 303
total_inactive_anon 49152
total_active_anon 234311680
total_inactive_file 25489408
total_active_file 14827520
total_unevictable 0
--------------------BLKIO-----------------------
11:0 Read 0
11:0 Write 0
11:0 Sync 0
11:0 Async 0
11:0 Total 0
253:0 Read 55861248
253:0 Write 241664
253:0 Sync 12288
253:0 Async 56090624
253:0 Total 56102912
Total 56102912
--------------------CPUAC-----------------------
user 114
system 108
 
Fri May 19 23:40:10 IST 2017
--------------------MEMCG-----------------------
MEM ONLY  : 261 MB
MEM+SWAP  : 261 MB
cache 40398848
rss 234278912
rss_huge 0
mapped_file 17014784
writeback 0
swap 0
pgpgin 154752
pgpgout 87692
pgfault 258637
pgmajfault 303
inactive_anon 49152
active_anon 234311680
inactive_file 25489408
active_file 14827520
unevictable 0
hierarchical_memory_limit 2147483648
hierarchical_memsw_limit 5368709120
total_cache 40398848
total_rss 234278912
total_rss_huge 0
total_mapped_file 17014784
total_writeback 0
total_swap 0
total_pgpgin 154752
total_pgpgout 87692
total_pgfault 258637
total_pgmajfault 303
total_inactive_anon 49152
total_active_anon 234311680
total_inactive_file 25489408
total_active_file 14827520
total_unevictable 0
--------------------BLKIO-----------------------
11:0 Read 0
11:0 Write 0
11:0 Sync 0
11:0 Async 0
11:0 Total 0
253:0 Read 55861248
253:0 Write 241664
253:0 Sync 12288
253:0 Async 56090624
253:0 Total 56102912
Total 56102912
--------------------CPUAC-----------------------
user 116
system 109
 
Fri May 19 23:40:40 IST 2017
--------------------MEMCG-----------------------
MEM ONLY  : 261 MB
MEM+SWAP  : 261 MB
cache 40398848
rss 234278912
rss_huge 0
mapped_file 17014784
writeback 0
swap 0
pgpgin 154752
pgpgout 87692
pgfault 258637
pgmajfault 303
inactive_anon 49152
active_anon 234311680
inactive_file 25489408
active_file 14827520
unevictable 0
hierarchical_memory_limit 2147483648
hierarchical_memsw_limit 5368709120
total_cache 40398848
total_rss 234278912
total_rss_huge 0
total_mapped_file 17014784
total_writeback 0
total_swap 0
total_pgpgin 154752
total_pgpgout 87692
total_pgfault 258637
total_pgmajfault 303
total_inactive_anon 49152
total_active_anon 234311680
total_inactive_file 25489408
total_active_file 14827520
total_unevictable 0
--------------------BLKIO-----------------------
11:0 Read 0
11:0 Write 0
11:0 Sync 0
11:0 Async 0
11:0 Total 0
253:0 Read 55861248
253:0 Write 241664
253:0 Sync 12288
253:0 Async 56090624
253:0 Total 56102912
Total 56102912
--------------------CPUAC-----------------------
user 118
system 109
 
Fri May 19 23:41:10 IST 2017
--------------------MEMCG-----------------------
MEM ONLY  : 261 MB
MEM+SWAP  : 261 MB
cache 40398848
rss 234278912
rss_huge 0
mapped_file 17014784
writeback 0
swap 0
pgpgin 154752
pgpgout 87692
pgfault 258637
pgmajfault 303
inactive_anon 49152
active_anon 234311680
inactive_file 25489408
active_file 14827520
unevictable 0
hierarchical_memory_limit 2147483648
hierarchical_memsw_limit 5368709120
total_cache 40398848
total_rss 234278912
total_rss_huge 0
total_mapped_file 17014784
total_writeback 0
total_swap 0
total_pgpgin 154752
total_pgpgout 87692
total_pgfault 258637
total_pgmajfault 303
total_inactive_anon 49152
total_active_anon 234311680
total_inactive_file 25489408
total_active_file 14827520
total_unevictable 0
--------------------BLKIO-----------------------
11:0 Read 0
11:0 Write 0
11:0 Sync 0
11:0 Async 0
11:0 Total 0
253:0 Read 55861248
253:0 Write 241664
253:0 Sync 12288
253:0 Async 56090624
253:0 Total 56102912
Total 56102912
--------------------CPUAC-----------------------
user 121
system 109
 
Fri May 19 23:41:40 IST 2017
--------------------MEMCG-----------------------
MEM ONLY  : 261 MB
MEM+SWAP  : 261 MB
cache 40398848
rss 234278912
rss_huge 0
mapped_file 17014784
writeback 0
swap 0
pgpgin 154752
pgpgout 87692
pgfault 258637
pgmajfault 303
inactive_anon 49152
active_anon 234311680
inactive_file 25489408
active_file 14827520
unevictable 0
hierarchical_memory_limit 2147483648
hierarchical_memsw_limit 5368709120
total_cache 40398848
total_rss 234278912
total_rss_huge 0
total_mapped_file 17014784
total_writeback 0
total_swap 0
total_pgpgin 154752
total_pgpgout 87692
total_pgfault 258637
total_pgmajfault 303
total_inactive_anon 49152
total_active_anon 234311680
total_inactive_file 25489408
total_active_file 14827520
total_unevictable 0
--------------------BLKIO-----------------------
11:0 Read 0
11:0 Write 0
11:0 Sync 0
11:0 Async 0
11:0 Total 0
253:0 Read 55861248
253:0 Write 241664
253:0 Sync 12288
253:0 Async 56090624
253:0 Total 56102912
Total 56102912
--------------------CPUAC-----------------------
user 123
system 109
 
Fri May 19 23:42:10 IST 2017
--------------------MEMCG-----------------------
MEM ONLY  : 261 MB
MEM+SWAP  : 261 MB
cache 40398848
rss 234278912
rss_huge 0
mapped_file 17014784
writeback 0
swap 0
pgpgin 154752
pgpgout 87692
pgfault 258637
pgmajfault 303
inactive_anon 49152
active_anon 234311680
inactive_file 25489408
active_file 14827520
unevictable 0
hierarchical_memory_limit 2147483648
hierarchical_memsw_limit 5368709120
total_cache 40398848
total_rss 234278912
total_rss_huge 0
total_mapped_file 17014784
total_writeback 0
total_swap 0
total_pgpgin 154752
total_pgpgout 87692
total_pgfault 258637
total_pgmajfault 303
total_inactive_anon 49152
total_active_anon 234311680
total_inactive_file 25489408
total_active_file 14827520
total_unevictable 0
--------------------BLKIO-----------------------
11:0 Read 0
11:0 Write 0
11:0 Sync 0
11:0 Async 0
11:0 Total 0
253:0 Read 55861248
253:0 Write 241664
253:0 Sync 12288
253:0 Async 56090624
253:0 Total 56102912
Total 56102912
--------------------CPUAC-----------------------
user 126
system 110
 
Fri May 19 23:42:40 IST 2017
--------------------MEMCG-----------------------
MEM ONLY  : 261 MB
MEM+SWAP  : 261 MB
cache 40398848
rss 234278912
rss_huge 0
mapped_file 17014784
writeback 0
swap 0
pgpgin 154752
pgpgout 87692
pgfault 258637
pgmajfault 303
inactive_anon 49152
active_anon 234311680
inactive_file 25489408
active_file 14827520
unevictable 0
hierarchical_memory_limit 2147483648
hierarchical_memsw_limit 5368709120
total_cache 40398848
total_rss 234278912
total_rss_huge 0
total_mapped_file 17014784
total_writeback 0
total_swap 0
total_pgpgin 154752
total_pgpgout 87692
total_pgfault 258637
total_pgmajfault 303
total_inactive_anon 49152
total_active_anon 234311680
total_inactive_file 25489408
total_active_file 14827520
total_unevictable 0
--------------------BLKIO-----------------------
11:0 Read 0
11:0 Write 0
11:0 Sync 0
11:0 Async 0
11:0 Total 0
253:0 Read 55861248
253:0 Write 241664
253:0 Sync 12288
253:0 Async 56090624
253:0 Total 56102912
Total 56102912
--------------------CPUAC-----------------------
user 128
system 110
 
Fri May 19 23:43:10 IST 2017
--------------------MEMCG-----------------------
MEM ONLY  : 261 MB
MEM+SWAP  : 261 MB
cache 40398848
rss 234278912
rss_huge 0
mapped_file 17014784
writeback 0
swap 0
pgpgin 154752
pgpgout 87692
pgfault 258637
pgmajfault 303
inactive_anon 49152
active_anon 234311680
inactive_file 25489408
active_file 14827520
unevictable 0
hierarchical_memory_limit 2147483648
hierarchical_memsw_limit 5368709120
total_cache 40398848
total_rss 234278912
total_rss_huge 0
total_mapped_file 17014784
total_writeback 0
total_swap 0
total_pgpgin 154752
total_pgpgout 87692
total_pgfault 258637
total_pgmajfault 303
total_inactive_anon 49152
total_active_anon 234311680
total_inactive_file 25489408
total_active_file 14827520
total_unevictable 0
--------------------BLKIO-----------------------
11:0 Read 0
11:0 Write 0
11:0 Sync 0
11:0 Async 0
11:0 Total 0
253:0 Read 55861248
253:0 Write 241664
253:0 Sync 12288
253:0 Async 56090624
253:0 Total 56102912
Total 56102912
--------------------CPUAC-----------------------
user 130
system 110
 
Fri May 19 23:43:40 IST 2017
--------------------MEMCG-----------------------
MEM ONLY  : 261 MB
MEM+SWAP  : 261 MB
cache 40398848
rss 234278912
rss_huge 0
mapped_file 17014784
writeback 0
swap 0
pgpgin 154752
pgpgout 87692
pgfault 258637
pgmajfault 303
inactive_anon 49152
active_anon 234311680
inactive_file 25489408
active_file 14827520
unevictable 0
hierarchical_memory_limit 2147483648
hierarchical_memsw_limit 5368709120
total_cache 40398848
total_rss 234278912
total_rss_huge 0
total_mapped_file 17014784
total_writeback 0
total_swap 0
total_pgpgin 154752
total_pgpgout 87692
total_pgfault 258637
total_pgmajfault 303
total_inactive_anon 49152
total_active_anon 234311680
total_inactive_file 25489408
total_active_file 14827520
total_unevictable 0
--------------------BLKIO-----------------------
11:0 Read 0
11:0 Write 0
11:0 Sync 0
11:0 Async 0
11:0 Total 0
253:0 Read 55861248
253:0 Write 241664
253:0 Sync 12288
253:0 Async 56090624
253:0 Total 56102912
Total 56102912
--------------------CPUAC-----------------------
user 132
system 111
 
Fri May 19 23:44:10 IST 2017
--------------------MEMCG-----------------------
MEM ONLY  : 266 MB
MEM+SWAP  : 266 MB
cache 40800256
rss 238989312
rss_huge 0
mapped_file 17141760
writeback 0
swap 0
pgpgin 156119
pgpgout 87811
pgfault 259918
pgmajfault 304
inactive_anon 49152
active_anon 239022080
inactive_file 25808896
active_file 14909440
unevictable 0
hierarchical_memory_limit 2147483648
hierarchical_memsw_limit 5368709120
total_cache 40800256
total_rss 238989312
total_rss_huge 0
total_mapped_file 17141760
total_writeback 0
total_swap 0
total_pgpgin 156119
total_pgpgout 87811
total_pgfault 259918
total_pgmajfault 304
total_inactive_anon 49152
total_active_anon 239022080
total_inactive_file 25808896
total_active_file 14909440
total_unevictable 0
--------------------BLKIO-----------------------
11:0 Read 0
11:0 Write 0
11:0 Sync 0
11:0 Async 0
11:0 Total 0
253:0 Read 56143872
253:0 Write 585728
253:0 Sync 356352
253:0 Async 56373248
253:0 Total 56729600
Total 56729600
--------------------CPUAC-----------------------
user 138
system 114
 
Fri May 19 23:44:40 IST 2017
--------------------MEMCG-----------------------
MEM ONLY  : 386 MB
MEM+SWAP  : 386 MB
cache 50941952
rss 354541568
rss_huge 0
mapped_file 17145856
writeback 0
swap 0
pgpgin 186810
pgpgout 87815
pgfault 288134
pgmajfault 304
inactive_anon 49152
active_anon 354549760
inactive_file 25542656
active_file 25317376
unevictable 0
hierarchical_memory_limit 2147483648
hierarchical_memsw_limit 5368709120
total_cache 50941952
total_rss 354541568
total_rss_huge 0
total_mapped_file 17145856
total_writeback 0
total_swap 0
total_pgpgin 186810
total_pgpgout 87815
total_pgfault 288134
total_pgmajfault 304
total_inactive_anon 49152
total_active_anon 354549760
total_inactive_file 25542656
total_active_file 25317376
total_unevictable 0
--------------------BLKIO-----------------------
11:0 Read 0
11:0 Write 0
11:0 Sync 0
11:0 Async 0
11:0 Total 0
253:0 Read 56213504
253:0 Write 397549568
253:0 Sync 397320192
253:0 Async 56442880
253:0 Total 453763072
Total 453763072
--------------------CPUAC-----------------------
user 641
system 375
 
Fri May 19 23:45:11 IST 2017
--------------------MEMCG-----------------------
MEM ONLY  : 492 MB
MEM+SWAP  : 492 MB
cache 50941952
rss 465174528
rss_huge 0
mapped_file 17145856
writeback 0
swap 0
pgpgin 213820
pgpgout 87815
pgfault 315144
pgmajfault 304
inactive_anon 49152
active_anon 465207296
inactive_file 25542656
active_file 25317376
unevictable 0
hierarchical_memory_limit 2147483648
hierarchical_memsw_limit 5368709120
total_cache 50941952
total_rss 465174528
total_rss_huge 0
total_mapped_file 17145856
total_writeback 0
total_swap 0
total_pgpgin 213820
total_pgpgout 87815
total_pgfault 315144
total_pgmajfault 304
total_inactive_anon 49152
total_active_anon 465207296
total_inactive_file 25542656
total_active_file 25317376
total_unevictable 0
--------------------BLKIO-----------------------
11:0 Read 0
11:0 Write 0
11:0 Sync 0
11:0 Async 0
11:0 Total 0
253:0 Read 56213504
253:0 Write 787279872
253:0 Sync 787050496
253:0 Async 56442880
253:0 Total 843493376
Total 843493376
--------------------CPUAC-----------------------
user 1143
system 620
 
Fri May 19 23:45:41 IST 2017
--------------------MEMCG-----------------------
MEM ONLY  : 593 MB
MEM+SWAP  : 593 MB
cache 50941952
rss 571662336
rss_huge 0
mapped_file 17145856
writeback 0
swap 0
pgpgin 239818
pgpgout 87815
pgfault 341142
pgmajfault 304
inactive_anon 49152
active_anon 571695104
inactive_file 25542656
active_file 25317376
unevictable 0
hierarchical_memory_limit 2147483648
hierarchical_memsw_limit 5368709120
total_cache 50941952
total_rss 571662336
total_rss_huge 0
total_mapped_file 17145856
total_writeback 0
total_swap 0
total_pgpgin 239818
total_pgpgout 87815
total_pgfault 341142
total_pgmajfault 304
total_inactive_anon 49152
total_active_anon 571695104
total_inactive_file 25542656
total_active_file 25317376
total_unevictable 0
--------------------BLKIO-----------------------
11:0 Read 0
11:0 Write 0
11:0 Sync 0
11:0 Async 0
11:0 Total 0
253:0 Read 56213504
253:0 Write 1171935232
253:0 Sync 1171705856
253:0 Async 56442880
253:0 Total 1228148736
Total 1228148736
--------------------CPUAC-----------------------
user 1617
system 893
 
Fri May 19 23:46:11 IST 2017
--------------------MEMCG-----------------------
MEM ONLY  : 690 MB
MEM+SWAP  : 690 MB
cache 50941952
rss 672657408
rss_huge 0
mapped_file 17145856
writeback 0
swap 0
pgpgin 264475
pgpgout 87815
pgfault 365799
pgmajfault 304
inactive_anon 49152
active_anon 672690176
inactive_file 25542656
active_file 25317376
unevictable 0
hierarchical_memory_limit 2147483648
hierarchical_memsw_limit 5368709120
total_cache 50941952
total_rss 672657408
total_rss_huge 0
total_mapped_file 17145856
total_writeback 0
total_swap 0
total_pgpgin 264475
total_pgpgout 87815
total_pgfault 365799
total_pgmajfault 304
total_inactive_anon 49152
total_active_anon 672690176
total_inactive_file 25542656
total_active_file 25317376
total_unevictable 0
--------------------BLKIO-----------------------
11:0 Read 0
11:0 Write 0
11:0 Sync 0
11:0 Async 0
11:0 Total 0
253:0 Read 56213504
253:0 Write 1548533760
253:0 Sync 1548304384
253:0 Async 56442880
253:0 Total 1604747264
Total 1604747264
--------------------CPUAC-----------------------
user 2084
system 1160
 
Fri May 19 23:46:41 IST 2017
--------------------MEMCG-----------------------
MEM ONLY  : 791 MB
MEM+SWAP  : 791 MB
cache 50941952
rss 778833920
rss_huge 0
mapped_file 17145856
writeback 0
swap 0
pgpgin 290397
pgpgout 87815
pgfault 391721
pgmajfault 304
inactive_anon 49152
active_anon 778866688
inactive_file 25542656
active_file 25317376
unevictable 0
hierarchical_memory_limit 2147483648
hierarchical_memsw_limit 5368709120
total_cache 50941952
total_rss 778833920
total_rss_huge 0
total_mapped_file 17145856
total_writeback 0
total_swap 0
total_pgpgin 290397
total_pgpgout 87815
total_pgfault 391721
total_pgmajfault 304
total_inactive_anon 49152
total_active_anon 778866688
total_inactive_file 25542656
total_active_file 25317376
total_unevictable 0
--------------------BLKIO-----------------------
11:0 Read 0
11:0 Write 0
11:0 Sync 0
11:0 Async 0
11:0 Total 0
253:0 Read 56213504
253:0 Write 1926623232
253:0 Sync 1926393856
253:0 Async 56442880
253:0 Total 1982836736
Total 1982836736
--------------------CPUAC-----------------------
user 2572
system 1452
 
Fri May 19 23:47:11 IST 2017
--------------------MEMCG-----------------------
MEM ONLY  : 887 MB
MEM+SWAP  : 887 MB
cache 50941952
rss 879898624
rss_huge 0
mapped_file 17145856
writeback 0
swap 0
pgpgin 315071
pgpgout 87815
pgfault 416395
pgmajfault 304
inactive_anon 49152
active_anon 879931392
inactive_file 25542656
active_file 25317376
unevictable 0
hierarchical_memory_limit 2147483648
hierarchical_memsw_limit 5368709120
total_cache 50941952
total_rss 879898624
total_rss_huge 0
total_mapped_file 17145856
total_writeback 0
total_swap 0
total_pgpgin 315071
total_pgpgout 87815
total_pgfault 416395
total_pgmajfault 304
total_inactive_anon 49152
total_active_anon 879931392
total_inactive_file 25542656
total_active_file 25317376
total_unevictable 0
--------------------BLKIO-----------------------
11:0 Read 0
11:0 Write 0
11:0 Sync 0
11:0 Async 0
11:0 Total 0
253:0 Read 56213504
253:0 Write 2292137984
253:0 Sync 2291908608
253:0 Async 56442880
253:0 Total 2348351488
Total 2348351488
--------------------CPUAC-----------------------
user 3038
system 1726
 
Fri May 19 23:47:41 IST 2017
--------------------MEMCG-----------------------
MEM ONLY  : 986 MB
MEM+SWAP  : 986 MB
cache 50941952
rss 983437312
rss_huge 0
mapped_file 17272832
writeback 0
swap 0
pgpgin 340970
pgpgout 88436
pgfault 443233
pgmajfault 304
inactive_anon 49152
active_anon 983470080
inactive_file 25542656
active_file 25317376
unevictable 0
hierarchical_memory_limit 2147483648
hierarchical_memsw_limit 5368709120
total_cache 50941952
total_rss 983437312
total_rss_huge 0
total_mapped_file 17272832
total_writeback 0
total_swap 0
total_pgpgin 340970
total_pgpgout 88436
total_pgfault 443233
total_pgmajfault 304
total_inactive_anon 49152
total_active_anon 983470080
total_inactive_file 25542656
total_active_file 25317376
total_unevictable 0
--------------------BLKIO-----------------------
11:0 Read 0
11:0 Write 0
11:0 Sync 0
11:0 Async 0
11:0 Total 0
253:0 Read 56213504
253:0 Write 2670587904
253:0 Sync 2670358528
253:0 Async 56442880
253:0 Total 2726801408
Total 2726801408
--------------------CPUAC-----------------------
user 3533
system 2004
 
Fri May 19 23:48:11 IST 2017
--------------------MEMCG-----------------------
MEM ONLY  : 1083 MB
MEM+SWAP  : 1083 MB
cache 50941952
rss 1085206528
rss_huge 0
mapped_file 17272832
writeback 0
swap 0
pgpgin 365816
pgpgout 88436
pgfault 468079
pgmajfault 304
inactive_anon 49152
active_anon 1085239296
inactive_file 25542656
active_file 25317376
unevictable 0
hierarchical_memory_limit 2147483648
hierarchical_memsw_limit 5368709120
total_cache 50941952
total_rss 1085206528
total_rss_huge 0
total_mapped_file 17272832
total_writeback 0
total_swap 0
total_pgpgin 365816
total_pgpgout 88436
total_pgfault 468079
total_pgmajfault 304
total_inactive_anon 49152
total_active_anon 1085239296
total_inactive_file 25542656
total_active_file 25317376
total_unevictable 0
--------------------BLKIO-----------------------
11:0 Read 0
11:0 Write 0
11:0 Sync 0
11:0 Async 0
11:0 Total 0
253:0 Read 56213504
253:0 Write 3039498240
253:0 Sync 3039268864
253:0 Async 56442880
253:0 Total 3095711744
Total 3095711744
--------------------CPUAC-----------------------
user 4005
system 2264
 
Fri May 19 23:48:41 IST 2017
--------------------MEMCG-----------------------
MEM ONLY  : 1184 MB
MEM+SWAP  : 1184 MB
cache 50941952
rss 1191243776
rss_huge 0
mapped_file 17272832
writeback 0
swap 0
pgpgin 391704
pgpgout 88436
pgfault 493967
pgmajfault 304
inactive_anon 49152
active_anon 1191276544
inactive_file 25542656
active_file 25317376
unevictable 0
hierarchical_memory_limit 2147483648
hierarchical_memsw_limit 5368709120
total_cache 50941952
total_rss 1191243776
total_rss_huge 0
total_mapped_file 17272832
total_writeback 0
total_swap 0
total_pgpgin 391704
total_pgpgout 88436
total_pgfault 493967
total_pgmajfault 304
total_inactive_anon 49152
total_active_anon 1191276544
total_inactive_file 25542656
total_active_file 25317376
total_unevictable 0
--------------------BLKIO-----------------------
11:0 Read 0
11:0 Write 0
11:0 Sync 0
11:0 Async 0
11:0 Total 0
253:0 Read 56213504
253:0 Write 3411361792
253:0 Sync 3411132416
253:0 Async 56442880
253:0 Total 3467575296
Total 3467575296
--------------------CPUAC-----------------------
user 4486
system 2527
 
Fri May 19 23:49:11 IST 2017
--------------------MEMCG-----------------------
MEM ONLY  : 1280 MB
MEM+SWAP  : 1280 MB
cache 50941952
rss 1292128256
rss_huge 0
mapped_file 17272832
writeback 0
swap 0
pgpgin 416334
pgpgout 88436
pgfault 518597
pgmajfault 304
inactive_anon 49152
active_anon 1292161024
inactive_file 25542656
active_file 25317376
unevictable 0
hierarchical_memory_limit 2147483648
hierarchical_memsw_limit 5368709120
total_cache 50941952
total_rss 1292128256
total_rss_huge 0
total_mapped_file 17272832
total_writeback 0
total_swap 0
total_pgpgin 416334
total_pgpgout 88436
total_pgfault 518597
total_pgmajfault 304
total_inactive_anon 49152
total_active_anon 1292161024
total_inactive_file 25542656
total_active_file 25317376
total_unevictable 0
--------------------BLKIO-----------------------
11:0 Read 0
11:0 Write 0
11:0 Sync 0
11:0 Async 0
11:0 Total 0
253:0 Read 56213504
253:0 Write 3775746048
253:0 Sync 3775516672
253:0 Async 56442880
253:0 Total 3831959552
Total 3831959552
--------------------CPUAC-----------------------
user 4939
system 2762
 
Fri May 19 23:49:41 IST 2017
--------------------MEMCG-----------------------
MEM ONLY  : 1378 MB
MEM+SWAP  : 1378 MB
cache 50941952
rss 1394274304
rss_huge 0
mapped_file 17272832
writeback 0
swap 0
pgpgin 441272
pgpgout 88436
pgfault 543535
pgmajfault 304
inactive_anon 49152
active_anon 1394274304
inactive_file 25542656
active_file 25317376
unevictable 0
hierarchical_memory_limit 2147483648
hierarchical_memsw_limit 5368709120
total_cache 50941952
total_rss 1394274304
total_rss_huge 0
total_mapped_file 17272832
total_writeback 0
total_swap 0
total_pgpgin 441272
total_pgpgout 88436
total_pgfault 543535
total_pgmajfault 304
total_inactive_anon 49152
total_active_anon 1394274304
total_inactive_file 25542656
total_active_file 25317376
total_unevictable 0
--------------------BLKIO-----------------------
11:0 Read 0
11:0 Write 0
11:0 Sync 0
11:0 Async 0
11:0 Total 0
253:0 Read 56213504
253:0 Write 4136550400
253:0 Sync 4136321024
253:0 Async 56442880
253:0 Total 4192763904
Total 4192763904
--------------------CPUAC-----------------------
user 5398
system 3042
 
Fri May 19 23:50:11 IST 2017
--------------------MEMCG-----------------------
MEM ONLY  : 1474 MB
MEM+SWAP  : 1474 MB
cache 50941952
rss 1494896640
rss_huge 0
mapped_file 17272832
writeback 0
swap 0
pgpgin 465838
pgpgout 88436
pgfault 568101
pgmajfault 304
inactive_anon 49152
active_anon 1494929408
inactive_file 25542656
active_file 25317376
unevictable 0
hierarchical_memory_limit 2147483648
hierarchical_memsw_limit 5368709120
total_cache 50941952
total_rss 1494896640
total_rss_huge 0
total_mapped_file 17272832
total_writeback 0
total_swap 0
total_pgpgin 465838
total_pgpgout 88436
total_pgfault 568101
total_pgmajfault 304
total_inactive_anon 49152
total_active_anon 1494929408
total_inactive_file 25542656
total_active_file 25317376
total_unevictable 0
--------------------BLKIO-----------------------
11:0 Read 0
11:0 Write 0
11:0 Sync 0
11:0 Async 0
11:0 Total 0
253:0 Read 56213504
253:0 Write 4495732736
253:0 Sync 4495503360
253:0 Async 56442880
253:0 Total 4551946240
Total 4551946240
--------------------CPUAC-----------------------
user 5878
system 3304
 
Fri May 19 23:50:41 IST 2017
--------------------MEMCG-----------------------
MEM ONLY  : 1569 MB
MEM+SWAP  : 1569 MB
cache 50941952
rss 1594748928
rss_huge 0
mapped_file 17272832
writeback 0
swap 0
pgpgin 490216
pgpgout 88436
pgfault 592479
pgmajfault 304
inactive_anon 49152
active_anon 1594781696
inactive_file 25542656
active_file 25317376
unevictable 0
hierarchical_memory_limit 2147483648
hierarchical_memsw_limit 5368709120
total_cache 50941952
total_rss 1594748928
total_rss_huge 0
total_mapped_file 17272832
total_writeback 0
total_swap 0
total_pgpgin 490216
total_pgpgout 88436
total_pgfault 592479
total_pgmajfault 304
total_inactive_anon 49152
total_active_anon 1594781696
total_inactive_file 25542656
total_active_file 25317376
total_unevictable 0
--------------------BLKIO-----------------------
11:0 Read 0
11:0 Write 0
11:0 Sync 0
11:0 Async 0
11:0 Total 0
253:0 Read 56213504
253:0 Write 4853772288
253:0 Sync 4853542912
253:0 Async 56442880
253:0 Total 4909985792
Total 4909985792
--------------------CPUAC-----------------------
user 6349
system 3576
 
Fri May 19 23:51:11 IST 2017
--------------------MEMCG-----------------------
MEM ONLY  : 1668 MB
MEM+SWAP  : 1668 MB
cache 50941952
rss 1698201600
rss_huge 0
mapped_file 17272832
writeback 0
swap 0
pgpgin 515473
pgpgout 88436
pgfault 617736
pgmajfault 304
inactive_anon 49152
active_anon 1698234368
inactive_file 25542656
active_file 25317376
unevictable 0
hierarchical_memory_limit 2147483648
hierarchical_memsw_limit 5368709120
total_cache 50941952
total_rss 1698201600
total_rss_huge 0
total_mapped_file 17272832
total_writeback 0
total_swap 0
total_pgpgin 515473
total_pgpgout 88436
total_pgfault 617736
total_pgmajfault 304
total_inactive_anon 49152
total_active_anon 1698234368
total_inactive_file 25542656
total_active_file 25317376
total_unevictable 0
--------------------BLKIO-----------------------
11:0 Read 0
11:0 Write 0
11:0 Sync 0
11:0 Async 0
11:0 Total 0
253:0 Read 56213504
253:0 Write 5226389504
253:0 Sync 5226160128
253:0 Async 56442880
253:0 Total 5282603008
Total 5282603008
--------------------CPUAC-----------------------
user 6808
system 3830
 
Fri May 19 23:51:41 IST 2017
--------------------MEMCG-----------------------
MEM ONLY  : 1766 MB
MEM+SWAP  : 1766 MB
cache 50941952
rss 1801445376
rss_huge 0
mapped_file 17272832
writeback 0
swap 0
pgpgin 540679
pgpgout 88436
pgfault 642942
pgmajfault 304
inactive_anon 49152
active_anon 1801478144
inactive_file 25542656
active_file 25317376
unevictable 0
hierarchical_memory_limit 2147483648
hierarchical_memsw_limit 5368709120
total_cache 50941952
total_rss 1801445376
total_rss_huge 0
total_mapped_file 17272832
total_writeback 0
total_swap 0
total_pgpgin 540679
total_pgpgout 88436
total_pgfault 642942
total_pgmajfault 304
total_inactive_anon 49152
total_active_anon 1801478144
total_inactive_file 25542656
total_active_file 25317376
total_unevictable 0
--------------------BLKIO-----------------------
11:0 Read 0
11:0 Write 0
11:0 Sync 0
11:0 Async 0
11:0 Total 0
253:0 Read 56213504
253:0 Write 5592043520
253:0 Sync 5591814144
253:0 Async 56442880
253:0 Total 5648257024
Total 5648257024
--------------------CPUAC-----------------------
user 7264
system 4088
 
Fri May 19 23:52:11 IST 2017
--------------------MEMCG-----------------------
MEM ONLY  : 1863 MB
MEM+SWAP  : 1863 MB
cache 50941952
rss 1903214592
rss_huge 0
mapped_file 17272832
writeback 0
swap 0
pgpgin 565525
pgpgout 88436
pgfault 667788
pgmajfault 304
inactive_anon 49152
active_anon 1903247360
inactive_file 25542656
active_file 25317376
unevictable 0
hierarchical_memory_limit 2147483648
hierarchical_memsw_limit 5368709120
total_cache 50941952
total_rss 1903214592
total_rss_huge 0
total_mapped_file 17272832
total_writeback 0
total_swap 0
total_pgpgin 565525
total_pgpgout 88436
total_pgfault 667788
total_pgmajfault 304
total_inactive_anon 49152
total_active_anon 1903247360
total_inactive_file 25542656
total_active_file 25317376
total_unevictable 0
--------------------BLKIO-----------------------
11:0 Read 0
11:0 Write 0
11:0 Sync 0
11:0 Async 0
11:0 Total 0
253:0 Read 56213504
253:0 Write 5958328320
253:0 Sync 5958098944
253:0 Async 56442880
253:0 Total 6014541824
Total 6014541824
--------------------CPUAC-----------------------
user 7734
system 4338
 
