Sat May 20 04:49:07 IST 2017
--------------------MEMCG-----------------------
MEM ONLY  : 27 MB
MEM+SWAP  : 27 MB
cache 21987328
rss 6774784
rss_huge 0
mapped_file 7802880
writeback 0
swap 0
pgpgin 77404
pgpgout 70382
pgfault 173743
pgmajfault 183
inactive_anon 40960
active_anon 6803456
inactive_file 9936896
active_file 11980800
unevictable 0
hierarchical_memory_limit 6442450944
hierarchical_memsw_limit 32212254720
total_cache 21987328
total_rss 6774784
total_rss_huge 0
total_mapped_file 7802880
total_writeback 0
total_swap 0
total_pgpgin 77404
total_pgpgout 70382
total_pgfault 173743
total_pgmajfault 183
total_inactive_anon 40960
total_active_anon 6803456
total_inactive_file 9936896
total_active_file 11980800
total_unevictable 0
--------------------BLKIO-----------------------
11:0 Read 0
11:0 Write 0
11:0 Sync 0
11:0 Async 0
11:0 Total 0
253:0 Read 21864448
253:0 Write 229376
253:0 Sync 0
253:0 Async 22093824
253:0 Total 22093824
Total 22093824
--------------------CPUAC-----------------------
user 38
system 80
 
Sat May 20 04:49:38 IST 2017
--------------------MEMCG-----------------------
MEM ONLY  : 27 MB
MEM+SWAP  : 27 MB
cache 21987328
rss 6508544
rss_huge 0
mapped_file 7663616
writeback 0
swap 0
pgpgin 77404
pgpgout 70447
pgfault 173750
pgmajfault 183
inactive_anon 40960
active_anon 6537216
inactive_file 9916416
active_file 12001280
unevictable 0
hierarchical_memory_limit 6442450944
hierarchical_memsw_limit 32212254720
total_cache 21987328
total_rss 6508544
total_rss_huge 0
total_mapped_file 7663616
total_writeback 0
total_swap 0
total_pgpgin 77404
total_pgpgout 70447
total_pgfault 173750
total_pgmajfault 183
total_inactive_anon 40960
total_active_anon 6537216
total_inactive_file 9916416
total_active_file 12001280
total_unevictable 0
--------------------BLKIO-----------------------
11:0 Read 0
11:0 Write 0
11:0 Sync 0
11:0 Async 0
11:0 Total 0
253:0 Read 21864448
253:0 Write 229376
253:0 Sync 0
253:0 Async 22093824
253:0 Total 22093824
Total 22093824
--------------------CPUAC-----------------------
user 38
system 80
 
Sat May 20 04:50:08 IST 2017
--------------------MEMCG-----------------------
MEM ONLY  : 27 MB
MEM+SWAP  : 27 MB
cache 21987328
rss 6508544
rss_huge 0
mapped_file 7663616
writeback 0
swap 0
pgpgin 77404
pgpgout 70447
pgfault 173750
pgmajfault 183
inactive_anon 40960
active_anon 6537216
inactive_file 9916416
active_file 12001280
unevictable 0
hierarchical_memory_limit 6442450944
hierarchical_memsw_limit 32212254720
total_cache 21987328
total_rss 6508544
total_rss_huge 0
total_mapped_file 7663616
total_writeback 0
total_swap 0
total_pgpgin 77404
total_pgpgout 70447
total_pgfault 173750
total_pgmajfault 183
total_inactive_anon 40960
total_active_anon 6537216
total_inactive_file 9916416
total_active_file 12001280
total_unevictable 0
--------------------BLKIO-----------------------
11:0 Read 0
11:0 Write 0
11:0 Sync 0
11:0 Async 0
11:0 Total 0
253:0 Read 21864448
253:0 Write 229376
253:0 Sync 0
253:0 Async 22093824
253:0 Total 22093824
Total 22093824
--------------------CPUAC-----------------------
user 38
system 80
 
Sat May 20 04:50:38 IST 2017
--------------------MEMCG-----------------------
MEM ONLY  : 27 MB
MEM+SWAP  : 27 MB
cache 21987328
rss 6508544
rss_huge 0
mapped_file 7663616
writeback 0
swap 0
pgpgin 77404
pgpgout 70447
pgfault 173750
pgmajfault 183
inactive_anon 40960
active_anon 6537216
inactive_file 9916416
active_file 12001280
unevictable 0
hierarchical_memory_limit 6442450944
hierarchical_memsw_limit 32212254720
total_cache 21987328
total_rss 6508544
total_rss_huge 0
total_mapped_file 7663616
total_writeback 0
total_swap 0
total_pgpgin 77404
total_pgpgout 70447
total_pgfault 173750
total_pgmajfault 183
total_inactive_anon 40960
total_active_anon 6537216
total_inactive_file 9916416
total_active_file 12001280
total_unevictable 0
--------------------BLKIO-----------------------
11:0 Read 0
11:0 Write 0
11:0 Sync 0
11:0 Async 0
11:0 Total 0
253:0 Read 21864448
253:0 Write 229376
253:0 Sync 0
253:0 Async 22093824
253:0 Total 22093824
Total 22093824
--------------------CPUAC-----------------------
user 38
system 80
 
Sat May 20 04:51:08 IST 2017
--------------------MEMCG-----------------------
MEM ONLY  : 27 MB
MEM+SWAP  : 27 MB
cache 21987328
rss 6508544
rss_huge 0
mapped_file 7663616
writeback 0
swap 0
pgpgin 77404
pgpgout 70447
pgfault 173750
pgmajfault 183
inactive_anon 40960
active_anon 6537216
inactive_file 9916416
active_file 12001280
unevictable 0
hierarchical_memory_limit 6442450944
hierarchical_memsw_limit 32212254720
total_cache 21987328
total_rss 6508544
total_rss_huge 0
total_mapped_file 7663616
total_writeback 0
total_swap 0
total_pgpgin 77404
total_pgpgout 70447
total_pgfault 173750
total_pgmajfault 183
total_inactive_anon 40960
total_active_anon 6537216
total_inactive_file 9916416
total_active_file 12001280
total_unevictable 0
--------------------BLKIO-----------------------
11:0 Read 0
11:0 Write 0
11:0 Sync 0
11:0 Async 0
11:0 Total 0
253:0 Read 21864448
253:0 Write 229376
253:0 Sync 0
253:0 Async 22093824
253:0 Total 22093824
Total 22093824
--------------------CPUAC-----------------------
user 38
system 80
 
Sat May 20 04:51:38 IST 2017
--------------------MEMCG-----------------------
MEM ONLY  : 27 MB
MEM+SWAP  : 27 MB
cache 21987328
rss 6508544
rss_huge 0
mapped_file 7663616
writeback 0
swap 0
pgpgin 77404
pgpgout 70447
pgfault 173750
pgmajfault 183
inactive_anon 40960
active_anon 6537216
inactive_file 9916416
active_file 12001280
unevictable 0
hierarchical_memory_limit 6442450944
hierarchical_memsw_limit 32212254720
total_cache 21987328
total_rss 6508544
total_rss_huge 0
total_mapped_file 7663616
total_writeback 0
total_swap 0
total_pgpgin 77404
total_pgpgout 70447
total_pgfault 173750
total_pgmajfault 183
total_inactive_anon 40960
total_active_anon 6537216
total_inactive_file 9916416
total_active_file 12001280
total_unevictable 0
--------------------BLKIO-----------------------
11:0 Read 0
11:0 Write 0
11:0 Sync 0
11:0 Async 0
11:0 Total 0
253:0 Read 21864448
253:0 Write 229376
253:0 Sync 0
253:0 Async 22093824
253:0 Total 22093824
Total 22093824
--------------------CPUAC-----------------------
user 38
system 80
 
Sat May 20 04:52:08 IST 2017
--------------------MEMCG-----------------------
MEM ONLY  : 27 MB
MEM+SWAP  : 27 MB
cache 21987328
rss 6508544
rss_huge 0
mapped_file 7663616
writeback 0
swap 0
pgpgin 77404
pgpgout 70447
pgfault 173750
pgmajfault 183
inactive_anon 40960
active_anon 6537216
inactive_file 9916416
active_file 12001280
unevictable 0
hierarchical_memory_limit 6442450944
hierarchical_memsw_limit 32212254720
total_cache 21987328
total_rss 6508544
total_rss_huge 0
total_mapped_file 7663616
total_writeback 0
total_swap 0
total_pgpgin 77404
total_pgpgout 70447
total_pgfault 173750
total_pgmajfault 183
total_inactive_anon 40960
total_active_anon 6537216
total_inactive_file 9916416
total_active_file 12001280
total_unevictable 0
--------------------BLKIO-----------------------
11:0 Read 0
11:0 Write 0
11:0 Sync 0
11:0 Async 0
11:0 Total 0
253:0 Read 21864448
253:0 Write 229376
253:0 Sync 0
253:0 Async 22093824
253:0 Total 22093824
Total 22093824
--------------------CPUAC-----------------------
user 38
system 80
 
Sat May 20 04:52:38 IST 2017
--------------------MEMCG-----------------------
MEM ONLY  : 27 MB
MEM+SWAP  : 27 MB
cache 21987328
rss 6508544
rss_huge 0
mapped_file 7663616
writeback 0
swap 0
pgpgin 77404
pgpgout 70447
pgfault 173750
pgmajfault 183
inactive_anon 40960
active_anon 6537216
inactive_file 9916416
active_file 12001280
unevictable 0
hierarchical_memory_limit 6442450944
hierarchical_memsw_limit 32212254720
total_cache 21987328
total_rss 6508544
total_rss_huge 0
total_mapped_file 7663616
total_writeback 0
total_swap 0
total_pgpgin 77404
total_pgpgout 70447
total_pgfault 173750
total_pgmajfault 183
total_inactive_anon 40960
total_active_anon 6537216
total_inactive_file 9916416
total_active_file 12001280
total_unevictable 0
--------------------BLKIO-----------------------
11:0 Read 0
11:0 Write 0
11:0 Sync 0
11:0 Async 0
11:0 Total 0
253:0 Read 21864448
253:0 Write 229376
253:0 Sync 0
253:0 Async 22093824
253:0 Total 22093824
Total 22093824
--------------------CPUAC-----------------------
user 38
system 80
 
Sat May 20 04:53:08 IST 2017
--------------------MEMCG-----------------------
MEM ONLY  : 27 MB
MEM+SWAP  : 27 MB
cache 21987328
rss 6508544
rss_huge 0
mapped_file 7663616
writeback 0
swap 0
pgpgin 77404
pgpgout 70447
pgfault 173750
pgmajfault 183
inactive_anon 40960
active_anon 6537216
inactive_file 9916416
active_file 12001280
unevictable 0
hierarchical_memory_limit 6442450944
hierarchical_memsw_limit 32212254720
total_cache 21987328
total_rss 6508544
total_rss_huge 0
total_mapped_file 7663616
total_writeback 0
total_swap 0
total_pgpgin 77404
total_pgpgout 70447
total_pgfault 173750
total_pgmajfault 183
total_inactive_anon 40960
total_active_anon 6537216
total_inactive_file 9916416
total_active_file 12001280
total_unevictable 0
--------------------BLKIO-----------------------
11:0 Read 0
11:0 Write 0
11:0 Sync 0
11:0 Async 0
11:0 Total 0
253:0 Read 21864448
253:0 Write 229376
253:0 Sync 0
253:0 Async 22093824
253:0 Total 22093824
Total 22093824
--------------------CPUAC-----------------------
user 38
system 80
 
Sat May 20 04:53:38 IST 2017
--------------------MEMCG-----------------------
MEM ONLY  : 27 MB
MEM+SWAP  : 27 MB
cache 21987328
rss 6508544
rss_huge 0
mapped_file 7663616
writeback 0
swap 0
pgpgin 77404
pgpgout 70447
pgfault 173750
pgmajfault 183
inactive_anon 40960
active_anon 6537216
inactive_file 9916416
active_file 12001280
unevictable 0
hierarchical_memory_limit 6442450944
hierarchical_memsw_limit 32212254720
total_cache 21987328
total_rss 6508544
total_rss_huge 0
total_mapped_file 7663616
total_writeback 0
total_swap 0
total_pgpgin 77404
total_pgpgout 70447
total_pgfault 173750
total_pgmajfault 183
total_inactive_anon 40960
total_active_anon 6537216
total_inactive_file 9916416
total_active_file 12001280
total_unevictable 0
--------------------BLKIO-----------------------
11:0 Read 0
11:0 Write 0
11:0 Sync 0
11:0 Async 0
11:0 Total 0
253:0 Read 21864448
253:0 Write 229376
253:0 Sync 0
253:0 Async 22093824
253:0 Total 22093824
Total 22093824
--------------------CPUAC-----------------------
user 38
system 80
 
Sat May 20 04:54:08 IST 2017
--------------------MEMCG-----------------------
MEM ONLY  : 27 MB
MEM+SWAP  : 27 MB
cache 21987328
rss 6508544
rss_huge 0
mapped_file 7663616
writeback 0
swap 0
pgpgin 77404
pgpgout 70447
pgfault 173750
pgmajfault 183
inactive_anon 40960
active_anon 6537216
inactive_file 9916416
active_file 12001280
unevictable 0
hierarchical_memory_limit 6442450944
hierarchical_memsw_limit 32212254720
total_cache 21987328
total_rss 6508544
total_rss_huge 0
total_mapped_file 7663616
total_writeback 0
total_swap 0
total_pgpgin 77404
total_pgpgout 70447
total_pgfault 173750
total_pgmajfault 183
total_inactive_anon 40960
total_active_anon 6537216
total_inactive_file 9916416
total_active_file 12001280
total_unevictable 0
--------------------BLKIO-----------------------
11:0 Read 0
11:0 Write 0
11:0 Sync 0
11:0 Async 0
11:0 Total 0
253:0 Read 21864448
253:0 Write 229376
253:0 Sync 0
253:0 Async 22093824
253:0 Total 22093824
Total 22093824
--------------------CPUAC-----------------------
user 38
system 80
 
Sat May 20 04:54:38 IST 2017
--------------------MEMCG-----------------------
MEM ONLY  : 27 MB
MEM+SWAP  : 27 MB
cache 21987328
rss 6508544
rss_huge 0
mapped_file 7663616
writeback 0
swap 0
pgpgin 77404
pgpgout 70447
pgfault 173750
pgmajfault 183
inactive_anon 40960
active_anon 6537216
inactive_file 9916416
active_file 12001280
unevictable 0
hierarchical_memory_limit 6442450944
hierarchical_memsw_limit 32212254720
total_cache 21987328
total_rss 6508544
total_rss_huge 0
total_mapped_file 7663616
total_writeback 0
total_swap 0
total_pgpgin 77404
total_pgpgout 70447
total_pgfault 173750
total_pgmajfault 183
total_inactive_anon 40960
total_active_anon 6537216
total_inactive_file 9916416
total_active_file 12001280
total_unevictable 0
--------------------BLKIO-----------------------
11:0 Read 0
11:0 Write 0
11:0 Sync 0
11:0 Async 0
11:0 Total 0
253:0 Read 21864448
253:0 Write 229376
253:0 Sync 0
253:0 Async 22093824
253:0 Total 22093824
Total 22093824
--------------------CPUAC-----------------------
user 38
system 80
 
Sat May 20 04:55:08 IST 2017
--------------------MEMCG-----------------------
MEM ONLY  : 27 MB
MEM+SWAP  : 27 MB
cache 21987328
rss 6508544
rss_huge 0
mapped_file 7663616
writeback 0
swap 0
pgpgin 77404
pgpgout 70447
pgfault 173750
pgmajfault 183
inactive_anon 40960
active_anon 6537216
inactive_file 9916416
active_file 12001280
unevictable 0
hierarchical_memory_limit 6442450944
hierarchical_memsw_limit 32212254720
total_cache 21987328
total_rss 6508544
total_rss_huge 0
total_mapped_file 7663616
total_writeback 0
total_swap 0
total_pgpgin 77404
total_pgpgout 70447
total_pgfault 173750
total_pgmajfault 183
total_inactive_anon 40960
total_active_anon 6537216
total_inactive_file 9916416
total_active_file 12001280
total_unevictable 0
--------------------BLKIO-----------------------
11:0 Read 0
11:0 Write 0
11:0 Sync 0
11:0 Async 0
11:0 Total 0
253:0 Read 21864448
253:0 Write 229376
253:0 Sync 0
253:0 Async 22093824
253:0 Total 22093824
Total 22093824
--------------------CPUAC-----------------------
user 38
system 80
 
Sat May 20 04:55:38 IST 2017
--------------------MEMCG-----------------------
MEM ONLY  : 27 MB
MEM+SWAP  : 27 MB
cache 21987328
rss 6508544
rss_huge 0
mapped_file 7663616
writeback 0
swap 0
pgpgin 77404
pgpgout 70447
pgfault 173750
pgmajfault 183
inactive_anon 40960
active_anon 6537216
inactive_file 9916416
active_file 12001280
unevictable 0
hierarchical_memory_limit 6442450944
hierarchical_memsw_limit 32212254720
total_cache 21987328
total_rss 6508544
total_rss_huge 0
total_mapped_file 7663616
total_writeback 0
total_swap 0
total_pgpgin 77404
total_pgpgout 70447
total_pgfault 173750
total_pgmajfault 183
total_inactive_anon 40960
total_active_anon 6537216
total_inactive_file 9916416
total_active_file 12001280
total_unevictable 0
--------------------BLKIO-----------------------
11:0 Read 0
11:0 Write 0
11:0 Sync 0
11:0 Async 0
11:0 Total 0
253:0 Read 21864448
253:0 Write 229376
253:0 Sync 0
253:0 Async 22093824
253:0 Total 22093824
Total 22093824
--------------------CPUAC-----------------------
user 38
system 80
 
Sat May 20 04:56:08 IST 2017
--------------------MEMCG-----------------------
MEM ONLY  : 27 MB
MEM+SWAP  : 27 MB
cache 21987328
rss 6508544
rss_huge 0
mapped_file 7663616
writeback 0
swap 0
pgpgin 77404
pgpgout 70447
pgfault 173750
pgmajfault 183
inactive_anon 40960
active_anon 6537216
inactive_file 9916416
active_file 12001280
unevictable 0
hierarchical_memory_limit 6442450944
hierarchical_memsw_limit 32212254720
total_cache 21987328
total_rss 6508544
total_rss_huge 0
total_mapped_file 7663616
total_writeback 0
total_swap 0
total_pgpgin 77404
total_pgpgout 70447
total_pgfault 173750
total_pgmajfault 183
total_inactive_anon 40960
total_active_anon 6537216
total_inactive_file 9916416
total_active_file 12001280
total_unevictable 0
--------------------BLKIO-----------------------
11:0 Read 0
11:0 Write 0
11:0 Sync 0
11:0 Async 0
11:0 Total 0
253:0 Read 21864448
253:0 Write 229376
253:0 Sync 0
253:0 Async 22093824
253:0 Total 22093824
Total 22093824
--------------------CPUAC-----------------------
user 38
system 80
 
Sat May 20 04:56:38 IST 2017
--------------------MEMCG-----------------------
MEM ONLY  : 27 MB
MEM+SWAP  : 27 MB
cache 21987328
rss 6508544
rss_huge 0
mapped_file 7663616
writeback 0
swap 0
pgpgin 77404
pgpgout 70447
pgfault 173750
pgmajfault 183
inactive_anon 40960
active_anon 6537216
inactive_file 9916416
active_file 12001280
unevictable 0
hierarchical_memory_limit 6442450944
hierarchical_memsw_limit 32212254720
total_cache 21987328
total_rss 6508544
total_rss_huge 0
total_mapped_file 7663616
total_writeback 0
total_swap 0
total_pgpgin 77404
total_pgpgout 70447
total_pgfault 173750
total_pgmajfault 183
total_inactive_anon 40960
total_active_anon 6537216
total_inactive_file 9916416
total_active_file 12001280
total_unevictable 0
--------------------BLKIO-----------------------
11:0 Read 0
11:0 Write 0
11:0 Sync 0
11:0 Async 0
11:0 Total 0
253:0 Read 21864448
253:0 Write 229376
253:0 Sync 0
253:0 Async 22093824
253:0 Total 22093824
Total 22093824
--------------------CPUAC-----------------------
user 38
system 80
 
Sat May 20 04:57:08 IST 2017
--------------------MEMCG-----------------------
MEM ONLY  : 27 MB
MEM+SWAP  : 27 MB
cache 21987328
rss 6508544
rss_huge 0
mapped_file 7663616
writeback 0
swap 0
pgpgin 77404
pgpgout 70447
pgfault 173750
pgmajfault 183
inactive_anon 40960
active_anon 6537216
inactive_file 9916416
active_file 12001280
unevictable 0
hierarchical_memory_limit 6442450944
hierarchical_memsw_limit 32212254720
total_cache 21987328
total_rss 6508544
total_rss_huge 0
total_mapped_file 7663616
total_writeback 0
total_swap 0
total_pgpgin 77404
total_pgpgout 70447
total_pgfault 173750
total_pgmajfault 183
total_inactive_anon 40960
total_active_anon 6537216
total_inactive_file 9916416
total_active_file 12001280
total_unevictable 0
--------------------BLKIO-----------------------
11:0 Read 0
11:0 Write 0
11:0 Sync 0
11:0 Async 0
11:0 Total 0
253:0 Read 21864448
253:0 Write 229376
253:0 Sync 0
253:0 Async 22093824
253:0 Total 22093824
Total 22093824
--------------------CPUAC-----------------------
user 38
system 80
 
Sat May 20 04:57:38 IST 2017
--------------------MEMCG-----------------------
MEM ONLY  : 27 MB
MEM+SWAP  : 27 MB
cache 21987328
rss 6508544
rss_huge 0
mapped_file 7663616
writeback 0
swap 0
pgpgin 77404
pgpgout 70447
pgfault 173750
pgmajfault 183
inactive_anon 40960
active_anon 6537216
inactive_file 9916416
active_file 12001280
unevictable 0
hierarchical_memory_limit 6442450944
hierarchical_memsw_limit 32212254720
total_cache 21987328
total_rss 6508544
total_rss_huge 0
total_mapped_file 7663616
total_writeback 0
total_swap 0
total_pgpgin 77404
total_pgpgout 70447
total_pgfault 173750
total_pgmajfault 183
total_inactive_anon 40960
total_active_anon 6537216
total_inactive_file 9916416
total_active_file 12001280
total_unevictable 0
--------------------BLKIO-----------------------
11:0 Read 0
11:0 Write 0
11:0 Sync 0
11:0 Async 0
11:0 Total 0
253:0 Read 21864448
253:0 Write 229376
253:0 Sync 0
253:0 Async 22093824
253:0 Total 22093824
Total 22093824
--------------------CPUAC-----------------------
user 38
system 80
 
Sat May 20 04:58:08 IST 2017
--------------------MEMCG-----------------------
MEM ONLY  : 27 MB
MEM+SWAP  : 27 MB
cache 21987328
rss 6508544
rss_huge 0
mapped_file 7663616
writeback 0
swap 0
pgpgin 77404
pgpgout 70447
pgfault 173750
pgmajfault 183
inactive_anon 40960
active_anon 6537216
inactive_file 9916416
active_file 12001280
unevictable 0
hierarchical_memory_limit 6442450944
hierarchical_memsw_limit 32212254720
total_cache 21987328
total_rss 6508544
total_rss_huge 0
total_mapped_file 7663616
total_writeback 0
total_swap 0
total_pgpgin 77404
total_pgpgout 70447
total_pgfault 173750
total_pgmajfault 183
total_inactive_anon 40960
total_active_anon 6537216
total_inactive_file 9916416
total_active_file 12001280
total_unevictable 0
--------------------BLKIO-----------------------
11:0 Read 0
11:0 Write 0
11:0 Sync 0
11:0 Async 0
11:0 Total 0
253:0 Read 21864448
253:0 Write 229376
253:0 Sync 0
253:0 Async 22093824
253:0 Total 22093824
Total 22093824
--------------------CPUAC-----------------------
user 38
system 80
 
Sat May 20 04:58:38 IST 2017
--------------------MEMCG-----------------------
MEM ONLY  : 27 MB
MEM+SWAP  : 27 MB
cache 21987328
rss 6508544
rss_huge 0
mapped_file 7663616
writeback 0
swap 0
pgpgin 77404
pgpgout 70447
pgfault 173750
pgmajfault 183
inactive_anon 40960
active_anon 6537216
inactive_file 9916416
active_file 12001280
unevictable 0
hierarchical_memory_limit 6442450944
hierarchical_memsw_limit 32212254720
total_cache 21987328
total_rss 6508544
total_rss_huge 0
total_mapped_file 7663616
total_writeback 0
total_swap 0
total_pgpgin 77404
total_pgpgout 70447
total_pgfault 173750
total_pgmajfault 183
total_inactive_anon 40960
total_active_anon 6537216
total_inactive_file 9916416
total_active_file 12001280
total_unevictable 0
--------------------BLKIO-----------------------
11:0 Read 0
11:0 Write 0
11:0 Sync 0
11:0 Async 0
11:0 Total 0
253:0 Read 21864448
253:0 Write 229376
253:0 Sync 0
253:0 Async 22093824
253:0 Total 22093824
Total 22093824
--------------------CPUAC-----------------------
user 38
system 80
 
Sat May 20 04:59:08 IST 2017
--------------------MEMCG-----------------------
MEM ONLY  : 254 MB
MEM+SWAP  : 254 MB
cache 173940736
rss 92946432
rss_huge 0
mapped_file 46358528
writeback 0
swap 0
pgpgin 177635
pgpgout 112477
pgfault 248170
pgmajfault 205
inactive_anon 45056
active_anon 92975104
inactive_file 146849792
active_file 27004928
unevictable 0
hierarchical_memory_limit 6442450944
hierarchical_memsw_limit 32212254720
total_cache 173940736
total_rss 92946432
total_rss_huge 0
total_mapped_file 46358528
total_writeback 0
total_swap 0
total_pgpgin 177635
total_pgpgout 112477
total_pgfault 248170
total_pgmajfault 205
total_inactive_anon 45056
total_active_anon 92975104
total_inactive_file 146849792
total_active_file 27004928
total_unevictable 0
--------------------BLKIO-----------------------
11:0 Read 0
11:0 Write 0
11:0 Sync 0
11:0 Async 0
11:0 Total 0
253:0 Read 134479872
253:0 Write 229376
253:0 Sync 0
253:0 Async 134709248
253:0 Total 134709248
Total 134709248
--------------------CPUAC-----------------------
user 80
system 248
 
Sat May 20 04:59:38 IST 2017
--------------------MEMCG-----------------------
MEM ONLY  : 775 MB
MEM+SWAP  : 775 MB
cache 719970304
rss 92946432
rss_huge 0
mapped_file 46358528
writeback 0
swap 0
pgpgin 339143
pgpgout 140677
pgfault 277345
pgmajfault 205
inactive_anon 45056
active_anon 92975104
inactive_file 628023296
active_file 91807744
unevictable 0
hierarchical_memory_limit 6442450944
hierarchical_memsw_limit 32212254720
total_cache 719970304
total_rss 92946432
total_rss_huge 0
total_mapped_file 46358528
total_writeback 0
total_swap 0
total_pgpgin 339143
total_pgpgout 140677
total_pgfault 277345
total_pgmajfault 205
total_inactive_anon 45056
total_active_anon 92975104
total_inactive_file 628023296
total_active_file 91807744
total_unevictable 0
--------------------BLKIO-----------------------
11:0 Read 0
11:0 Write 0
11:0 Sync 0
11:0 Async 0
11:0 Total 0
253:0 Read 680374272
253:0 Write 229376
253:0 Sync 0
253:0 Async 680603648
253:0 Total 680603648
Total 680603648
--------------------CPUAC-----------------------
user 97
system 370
 
Sat May 20 05:00:08 IST 2017
--------------------MEMCG-----------------------
MEM ONLY  : 1278 MB
MEM+SWAP  : 1278 MB
cache 1248055296
rss 92946432
rss_huge 0
mapped_file 46358528
writeback 0
swap 0
pgpgin 501796
pgpgout 174403
pgfault 312841
pgmajfault 205
inactive_anon 45056
active_anon 92975104
inactive_file 981512192
active_file 266412032
unevictable 0
hierarchical_memory_limit 6442450944
hierarchical_memsw_limit 32212254720
total_cache 1248055296
total_rss 92946432
total_rss_huge 0
total_mapped_file 46358528
total_writeback 0
total_swap 0
total_pgpgin 501796
total_pgpgout 174403
total_pgfault 312841
total_pgmajfault 205
total_inactive_anon 45056
total_active_anon 92975104
total_inactive_file 981512192
total_active_file 266412032
total_unevictable 0
--------------------BLKIO-----------------------
11:0 Read 0
11:0 Write 0
11:0 Sync 0
11:0 Async 0
11:0 Total 0
253:0 Read 1208455168
253:0 Write 229376
253:0 Sync 0
253:0 Async 1208684544
253:0 Total 1208684544
Total 1208684544
--------------------CPUAC-----------------------
user 120
system 484
 
Sat May 20 05:00:38 IST 2017
--------------------MEMCG-----------------------
MEM ONLY  : 1784 MB
MEM+SWAP  : 1784 MB
cache 1777930240
rss 92950528
rss_huge 0
mapped_file 46358528
writeback 0
swap 0
pgpgin 676364
pgpgout 219606
pgfault 360109
pgmajfault 205
inactive_anon 45056
active_anon 92975104
inactive_file 1180758016
active_file 597090304
unevictable 0
hierarchical_memory_limit 6442450944
hierarchical_memsw_limit 32212254720
total_cache 1777930240
total_rss 92950528
total_rss_huge 0
total_mapped_file 46358528
total_writeback 0
total_swap 0
total_pgpgin 676364
total_pgpgout 219606
total_pgfault 360109
total_pgmajfault 205
total_inactive_anon 45056
total_active_anon 92975104
total_inactive_file 1180758016
total_active_file 597090304
total_unevictable 0
--------------------BLKIO-----------------------
11:0 Read 0
11:0 Write 0
11:0 Sync 0
11:0 Async 0
11:0 Total 0
253:0 Read 1738326016
253:0 Write 229376
253:0 Sync 0
253:0 Async 1738555392
253:0 Total 1738555392
Total 1738555392
--------------------CPUAC-----------------------
user 147
system 614
 
Sat May 20 05:01:08 IST 2017
--------------------MEMCG-----------------------
MEM ONLY  : 2298 MB
MEM+SWAP  : 2298 MB
cache 2317578240
rss 92946432
rss_huge 0
mapped_file 46358528
writeback 0
swap 0
pgpgin 872158
pgpgout 283651
pgfault 426229
pgmajfault 205
inactive_anon 45056
active_anon 92975104
inactive_file 1203060736
active_file 1114443776
unevictable 0
hierarchical_memory_limit 6442450944
hierarchical_memsw_limit 32212254720
total_cache 2317578240
total_rss 92946432
total_rss_huge 0
total_mapped_file 46358528
total_writeback 0
total_swap 0
total_pgpgin 872158
total_pgpgout 283651
total_pgfault 426229
total_pgmajfault 205
total_inactive_anon 45056
total_active_anon 92975104
total_inactive_file 1203060736
total_active_file 1114443776
total_unevictable 0
--------------------BLKIO-----------------------
11:0 Read 0
11:0 Write 0
11:0 Sync 0
11:0 Async 0
11:0 Total 0
253:0 Read 2277969920
253:0 Write 229376
253:0 Sync 0
253:0 Async 2278199296
253:0 Total 2278199296
Total 2278199296
--------------------CPUAC-----------------------
user 180
system 773
 
Sat May 20 05:01:38 IST 2017
--------------------MEMCG-----------------------
MEM ONLY  : 2810 MB
MEM+SWAP  : 2810 MB
cache 2854563840
rss 92946432
rss_huge 0
mapped_file 46358528
writeback 0
swap 0
pgpgin 1123816
pgpgout 404209
pgfault 548842
pgmajfault 205
inactive_anon 45056
active_anon 92975104
inactive_file 896872448
active_file 1957584896
unevictable 0
hierarchical_memory_limit 6442450944
hierarchical_memsw_limit 32212254720
total_cache 2854563840
total_rss 92946432
total_rss_huge 0
total_mapped_file 46358528
total_writeback 0
total_swap 0
total_pgpgin 1123816
total_pgpgout 404209
total_pgfault 548842
total_pgmajfault 205
total_inactive_anon 45056
total_active_anon 92975104
total_inactive_file 896872448
total_active_file 1957584896
total_unevictable 0
--------------------BLKIO-----------------------
11:0 Read 0
11:0 Write 0
11:0 Sync 0
11:0 Async 0
11:0 Total 0
253:0 Read 2814955520
253:0 Write 229376
253:0 Sync 0
253:0 Async 2815184896
253:0 Total 2815184896
Total 2815184896
--------------------CPUAC-----------------------
user 226
system 1003
 
Sat May 20 05:02:08 IST 2017
--------------------MEMCG-----------------------
MEM ONLY  : 3174 MB
MEM+SWAP  : 3174 MB
cache 3235823616
rss 92966912
rss_huge 0
mapped_file 46358528
writeback 0
swap 0
pgpgin 1629071
pgpgout 816378
pgfault 962381
pgmajfault 205
inactive_anon 45056
active_anon 92995584
inactive_file 163549184
active_file 3072200704
unevictable 0
hierarchical_memory_limit 6442450944
hierarchical_memsw_limit 32212254720
total_cache 3235823616
total_rss 92966912
total_rss_huge 0
total_mapped_file 46358528
total_writeback 0
total_swap 0
total_pgpgin 1629071
total_pgpgout 816379
total_pgfault 962381
total_pgmajfault 205
total_inactive_anon 45056
total_active_anon 92991488
total_inactive_file 163549184
total_active_file 3072200704
total_unevictable 0
--------------------BLKIO-----------------------
11:0 Read 0
11:0 Write 0
11:0 Sync 0
11:0 Async 0
11:0 Total 0
253:0 Read 3196211200
253:0 Write 229376
253:0 Sync 0
253:0 Async 3196440576
253:0 Total 3196440576
Total 3196440576
--------------------CPUAC-----------------------
user 397
system 2604
 
Sat May 20 05:02:38 IST 2017
--------------------MEMCG-----------------------
MEM ONLY  : 3199 MB
MEM+SWAP  : 3199 MB
cache 3262119936
rss 92966912
rss_huge 0
mapped_file 46358528
writeback 0
swap 0
pgpgin 2369694
pgpgout 1550581
pgfault 1698645
pgmajfault 205
inactive_anon 45056
active_anon 92995584
inactive_file 51302400
active_file 3210743808
unevictable 0
hierarchical_memory_limit 6442450944
hierarchical_memsw_limit 32212254720
total_cache 3262119936
total_rss 92966912
total_rss_huge 0
total_mapped_file 46358528
total_writeback 0
total_swap 0
total_pgpgin 2369694
total_pgpgout 1550581
total_pgfault 1698645
total_pgmajfault 205
total_inactive_anon 45056
total_active_anon 92995584
total_inactive_file 51302400
total_active_file 3210743808
total_unevictable 0
--------------------BLKIO-----------------------
11:0 Read 0
11:0 Write 0
11:0 Sync 0
11:0 Async 0
11:0 Total 0
253:0 Read 3222507520
253:0 Write 229376
253:0 Sync 0
253:0 Async 3222736896
253:0 Total 3222736896
Total 3222736896
--------------------CPUAC-----------------------
user 756
system 5460
 
Sat May 20 05:03:08 IST 2017
--------------------MEMCG-----------------------
MEM ONLY  : 3200 MB
MEM+SWAP  : 3200 MB
cache 3262300160
rss 92962816
rss_huge 0
mapped_file 46358528
writeback 0
swap 0
pgpgin 3084564
pgpgout 2265408
pgfault 2415526
pgmajfault 205
inactive_anon 45056
active_anon 92975104
inactive_file 49287168
active_file 3212939264
unevictable 0
hierarchical_memory_limit 6442450944
hierarchical_memsw_limit 32212254720
total_cache 3262300160
total_rss 92962816
total_rss_huge 0
total_mapped_file 46358528
total_writeback 0
total_swap 0
total_pgpgin 3084564
total_pgpgout 2265408
total_pgfault 2415526
total_pgmajfault 205
total_inactive_anon 45056
total_active_anon 92975104
total_inactive_file 49287168
total_active_file 3212939264
total_unevictable 0
--------------------BLKIO-----------------------
11:0 Read 0
11:0 Write 0
11:0 Sync 0
11:0 Async 0
11:0 Total 0
253:0 Read 3222687744
253:0 Write 229376
253:0 Sync 0
253:0 Async 3222917120
253:0 Total 3222917120
Total 3222917120
--------------------CPUAC-----------------------
user 1122
system 8314
 
Sat May 20 05:03:38 IST 2017
--------------------MEMCG-----------------------
MEM ONLY  : 3200 MB
MEM+SWAP  : 3199 MB
cache 3262300160
rss 92958720
rss_huge 0
mapped_file 46358528
writeback 0
swap 0
pgpgin 3614058
pgpgout 2794902
pgfault 2947081
pgmajfault 205
inactive_anon 45056
active_anon 92975104
inactive_file 49287168
active_file 3212939264
unevictable 0
hierarchical_memory_limit 6442450944
hierarchical_memsw_limit 32212254720
total_cache 3262300160
total_rss 92966912
total_rss_huge 0
total_mapped_file 46358528
total_writeback 0
total_swap 0
total_pgpgin 3614060
total_pgpgout 2794902
total_pgfault 2947083
total_pgmajfault 205
total_inactive_anon 45056
total_active_anon 92975104
total_inactive_file 49287168
total_active_file 3212939264
total_unevictable 0
--------------------BLKIO-----------------------
11:0 Read 0
11:0 Write 0
11:0 Sync 0
11:0 Async 0
11:0 Total 0
253:0 Read 3222687744
253:0 Write 229376
253:0 Sync 0
253:0 Async 3222917120
253:0 Total 3222917120
Total 3222917120
--------------------CPUAC-----------------------
user 1386
system 11322
 
Sat May 20 05:04:08 IST 2017
--------------------MEMCG-----------------------
MEM ONLY  : 3199 MB
MEM+SWAP  : 3199 MB
cache 3262300160
rss 92971008
rss_huge 0
mapped_file 46358528
writeback 0
swap 0
pgpgin 4153080
pgpgout 3333922
pgfault 3488161
pgmajfault 205
inactive_anon 45056
active_anon 92995584
inactive_file 49287168
active_file 3212939264
unevictable 0
hierarchical_memory_limit 6442450944
hierarchical_memsw_limit 32212254720
total_cache 3262300160
total_rss 92971008
total_rss_huge 0
total_mapped_file 46358528
total_writeback 0
total_swap 0
total_pgpgin 4153080
total_pgpgout 3333922
total_pgfault 3488161
total_pgmajfault 205
total_inactive_anon 45056
total_active_anon 92995584
total_inactive_file 49287168
total_active_file 3212939264
total_unevictable 0
--------------------BLKIO-----------------------
11:0 Read 0
11:0 Write 0
11:0 Sync 0
11:0 Async 0
11:0 Total 0
253:0 Read 3222687744
253:0 Write 229376
253:0 Sync 0
253:0 Async 3222917120
253:0 Total 3222917120
Total 3222917120
--------------------CPUAC-----------------------
user 1646
system 14317
 
Sat May 20 05:04:38 IST 2017
--------------------MEMCG-----------------------
MEM ONLY  : 3199 MB
MEM+SWAP  : 3199 MB
cache 3262300160
rss 92971008
rss_huge 0
mapped_file 46358528
writeback 0
swap 0
pgpgin 4667465
pgpgout 3848307
pgfault 4003915
pgmajfault 205
inactive_anon 45056
active_anon 92995584
inactive_file 49287168
active_file 3212939264
unevictable 0
hierarchical_memory_limit 6442450944
hierarchical_memsw_limit 32212254720
total_cache 3262300160
total_rss 92966912
total_rss_huge 0
total_mapped_file 46358528
total_writeback 0
total_swap 0
total_pgpgin 4667465
total_pgpgout 3848308
total_pgfault 4003915
total_pgmajfault 205
total_inactive_anon 45056
total_active_anon 92991488
total_inactive_file 49287168
total_active_file 3212939264
total_unevictable 0
--------------------BLKIO-----------------------
11:0 Read 0
11:0 Write 0
11:0 Sync 0
11:0 Async 0
11:0 Total 0
253:0 Read 3222687744
253:0 Write 229376
253:0 Sync 0
253:0 Async 3222917120
253:0 Total 3222917120
Total 3222917120
--------------------CPUAC-----------------------
user 1876
system 17325
 
Sat May 20 05:05:09 IST 2017
--------------------MEMCG-----------------------
MEM ONLY  : 3200 MB
MEM+SWAP  : 3199 MB
cache 3262300160
rss 92954624
rss_huge 0
mapped_file 46358528
writeback 0
swap 0
pgpgin 5210600
pgpgout 4391446
pgfault 4548424
pgmajfault 205
inactive_anon 45056
active_anon 92983296
inactive_file 49287168
active_file 3212939264
unevictable 0
hierarchical_memory_limit 6442450944
hierarchical_memsw_limit 32212254720
total_cache 3262300160
total_rss 92954624
total_rss_huge 0
total_mapped_file 46358528
total_writeback 0
total_swap 0
total_pgpgin 5210600
total_pgpgout 4391447
total_pgfault 4548424
total_pgmajfault 205
total_inactive_anon 45056
total_active_anon 92979200
total_inactive_file 49287168
total_active_file 3212939264
total_unevictable 0
--------------------BLKIO-----------------------
11:0 Read 0
11:0 Write 0
11:0 Sync 0
11:0 Async 0
11:0 Total 0
253:0 Read 3222687744
253:0 Write 229376
253:0 Sync 0
253:0 Async 3222917120
253:0 Total 3222917120
Total 3222917120
--------------------CPUAC-----------------------
user 2157
system 20330
 
Sat May 20 05:05:39 IST 2017
--------------------MEMCG-----------------------
MEM ONLY  : 3199 MB
MEM+SWAP  : 3199 MB
cache 3262300160
rss 92958720
rss_huge 0
mapped_file 46358528
writeback 0
swap 0
pgpgin 5748885
pgpgout 4929730
pgfault 5088077
pgmajfault 205
inactive_anon 45056
active_anon 92975104
inactive_file 49287168
active_file 3212939264
unevictable 0
hierarchical_memory_limit 6442450944
hierarchical_memsw_limit 32212254720
total_cache 3262300160
total_rss 92958720
total_rss_huge 0
total_mapped_file 46358528
total_writeback 0
total_swap 0
total_pgpgin 5748885
total_pgpgout 4929730
total_pgfault 5088077
total_pgmajfault 205
total_inactive_anon 45056
total_active_anon 92975104
total_inactive_file 49287168
total_active_file 3212939264
total_unevictable 0
--------------------BLKIO-----------------------
11:0 Read 0
11:0 Write 0
11:0 Sync 0
11:0 Async 0
11:0 Total 0
253:0 Read 3222687744
253:0 Write 229376
253:0 Sync 0
253:0 Async 3222917120
253:0 Total 3222917120
Total 3222917120
--------------------CPUAC-----------------------
user 2417
system 23353
 
Sat May 20 05:06:09 IST 2017
--------------------MEMCG-----------------------
MEM ONLY  : 3199 MB
MEM+SWAP  : 3199 MB
cache 3262300160
rss 92962816
rss_huge 0
mapped_file 46358528
writeback 0
swap 0
pgpgin 6276407
pgpgout 5457251
pgfault 5616968
pgmajfault 205
inactive_anon 45056
active_anon 92975104
inactive_file 49287168
active_file 3212939264
unevictable 0
hierarchical_memory_limit 6442450944
hierarchical_memsw_limit 32212254720
total_cache 3262300160
total_rss 92962816
total_rss_huge 0
total_mapped_file 46358528
total_writeback 0
total_swap 0
total_pgpgin 6276407
total_pgpgout 5457251
total_pgfault 5616968
total_pgmajfault 205
total_inactive_anon 45056
total_active_anon 92975104
total_inactive_file 49287168
total_active_file 3212939264
total_unevictable 0
--------------------BLKIO-----------------------
11:0 Read 0
11:0 Write 0
11:0 Sync 0
11:0 Async 0
11:0 Total 0
253:0 Read 3222687744
253:0 Write 229376
253:0 Sync 0
253:0 Async 3222917120
253:0 Total 3222917120
Total 3222917120
--------------------CPUAC-----------------------
user 2686
system 26352
 
Sat May 20 05:06:39 IST 2017
--------------------MEMCG-----------------------
MEM ONLY  : 3199 MB
MEM+SWAP  : 3200 MB
cache 3262300160
rss 92958720
rss_huge 0
mapped_file 46358528
writeback 0
swap 0
pgpgin 6802909
pgpgout 5983754
pgfault 6145532
pgmajfault 205
inactive_anon 45056
active_anon 92983296
inactive_file 49287168
active_file 3212939264
unevictable 0
hierarchical_memory_limit 6442450944
hierarchical_memsw_limit 32212254720
total_cache 3262300160
total_rss 92954624
total_rss_huge 0
total_mapped_file 46358528
total_writeback 0
total_swap 0
total_pgpgin 6802909
total_pgpgout 5983755
total_pgfault 6145532
total_pgmajfault 205
total_inactive_anon 45056
total_active_anon 92983296
total_inactive_file 49287168
total_active_file 3212939264
total_unevictable 0
--------------------BLKIO-----------------------
11:0 Read 0
11:0 Write 0
11:0 Sync 0
11:0 Async 0
11:0 Total 0
253:0 Read 3222687744
253:0 Write 229376
253:0 Sync 0
253:0 Async 3222917120
253:0 Total 3222917120
Total 3222917120
--------------------CPUAC-----------------------
user 2941
system 29365
 
Sat May 20 05:07:09 IST 2017
--------------------MEMCG-----------------------
MEM ONLY  : 3199 MB
MEM+SWAP  : 3199 MB
cache 3262300160
rss 92950528
rss_huge 0
mapped_file 46358528
writeback 0
swap 0
pgpgin 7459077
pgpgout 6639924
pgfault 6803752
pgmajfault 205
inactive_anon 45056
active_anon 92975104
inactive_file 49287168
active_file 3212939264
unevictable 0
hierarchical_memory_limit 6442450944
hierarchical_memsw_limit 32212254720
total_cache 3262300160
total_rss 92946432
total_rss_huge 0
total_mapped_file 46358528
total_writeback 0
total_swap 0
total_pgpgin 7459077
total_pgpgout 6639925
total_pgfault 6803752
total_pgmajfault 205
total_inactive_anon 45056
total_active_anon 92975104
total_inactive_file 49287168
total_active_file 3212939264
total_unevictable 0
--------------------BLKIO-----------------------
11:0 Read 0
11:0 Write 0
11:0 Sync 0
11:0 Async 0
11:0 Total 0
253:0 Read 3222687744
253:0 Write 229376
253:0 Sync 0
253:0 Async 3222917120
253:0 Total 3222917120
Total 3222917120
--------------------CPUAC-----------------------
user 3269
system 32263
 
Sat May 20 05:07:39 IST 2017
--------------------MEMCG-----------------------
MEM ONLY  : 3199 MB
MEM+SWAP  : 3199 MB
cache 3262300160
rss 92958720
rss_huge 0
mapped_file 46358528
writeback 0
swap 0
pgpgin 8443498
pgpgout 7624343
pgfault 7790232
pgmajfault 205
inactive_anon 45056
active_anon 92975104
inactive_file 49287168
active_file 3212939264
unevictable 0
hierarchical_memory_limit 6442450944
hierarchical_memsw_limit 32212254720
total_cache 3262300160
total_rss 92958720
total_rss_huge 0
total_mapped_file 46358528
total_writeback 0
total_swap 0
total_pgpgin 8443498
total_pgpgout 7624343
total_pgfault 7790232
total_pgmajfault 205
total_inactive_anon 45056
total_active_anon 92975104
total_inactive_file 49287168
total_active_file 3212939264
total_unevictable 0
--------------------BLKIO-----------------------
11:0 Read 0
11:0 Write 0
11:0 Sync 0
11:0 Async 0
11:0 Total 0
253:0 Read 3222687744
253:0 Write 229376
253:0 Sync 0
253:0 Async 3222917120
253:0 Total 3222917120
Total 3222917120
--------------------CPUAC-----------------------
user 3754
system 34924
 
Sat May 20 05:08:09 IST 2017
--------------------MEMCG-----------------------
MEM ONLY  : 3200 MB
MEM+SWAP  : 3199 MB
cache 3262300160
rss 92950528
rss_huge 0
mapped_file 46358528
writeback 0
swap 0
pgpgin 9153978
pgpgout 8334825
pgfault 8502768
pgmajfault 205
inactive_anon 45056
active_anon 92975104
inactive_file 49287168
active_file 3212939264
unevictable 0
hierarchical_memory_limit 6442450944
hierarchical_memsw_limit 32212254720
total_cache 3262300160
total_rss 92950528
total_rss_huge 0
total_mapped_file 46358528
total_writeback 0
total_swap 0
total_pgpgin 9153978
total_pgpgout 8334825
total_pgfault 8502768
total_pgmajfault 205
total_inactive_anon 45056
total_active_anon 92975104
total_inactive_file 49287168
total_active_file 3212939264
total_unevictable 0
--------------------BLKIO-----------------------
11:0 Read 0
11:0 Write 0
11:0 Sync 0
11:0 Async 0
11:0 Total 0
253:0 Read 3222687744
253:0 Write 229376
253:0 Sync 0
253:0 Async 3222917120
253:0 Total 3222917120
Total 3222917120
--------------------CPUAC-----------------------
user 4122
system 37774
 
Sat May 20 05:08:39 IST 2017
--------------------MEMCG-----------------------
MEM ONLY  : 3199 MB
MEM+SWAP  : 3199 MB
cache 3262300160
rss 92958720
rss_huge 0
mapped_file 46358528
writeback 0
swap 0
pgpgin 9681912
pgpgout 8862757
pgfault 9032760
pgmajfault 205
inactive_anon 45056
active_anon 92987392
inactive_file 49287168
active_file 3212939264
unevictable 0
hierarchical_memory_limit 6442450944
hierarchical_memsw_limit 32212254720
total_cache 3262300160
total_rss 92958720
total_rss_huge 0
total_mapped_file 46358528
total_writeback 0
total_swap 0
total_pgpgin 9681912
total_pgpgout 8862757
total_pgfault 9032760
total_pgmajfault 205
total_inactive_anon 45056
total_active_anon 92987392
total_inactive_file 49287168
total_active_file 3212939264
total_unevictable 0
--------------------BLKIO-----------------------
11:0 Read 0
11:0 Write 0
11:0 Sync 0
11:0 Async 0
11:0 Total 0
253:0 Read 3222687744
253:0 Write 229376
253:0 Sync 0
253:0 Async 3222917120
253:0 Total 3222917120
Total 3222917120
--------------------CPUAC-----------------------
user 4386
system 40760
 
Sat May 20 05:09:09 IST 2017
--------------------MEMCG-----------------------
MEM ONLY  : 3079 MB
MEM+SWAP  : 3079 MB
cache 3222876160
rss 6512640
rss_huge 0
mapped_file 7663616
writeback 0
swap 0
pgpgin 10122897
pgpgout 9334472
pgfault 9475207
pgmajfault 205
inactive_anon 40960
active_anon 6541312
inactive_file 8667136
active_file 3214139392
unevictable 0
hierarchical_memory_limit 6442450944
hierarchical_memsw_limit 32212254720
total_cache 3222876160
total_rss 6512640
total_rss_huge 0
total_mapped_file 7663616
total_writeback 0
total_swap 0
total_pgpgin 10122897
total_pgpgout 9334472
total_pgfault 9475207
total_pgmajfault 205
total_inactive_anon 40960
total_active_anon 6541312
total_inactive_file 8667136
total_active_file 3214139392
total_unevictable 0
--------------------BLKIO-----------------------
11:0 Read 0
11:0 Write 0
11:0 Sync 0
11:0 Async 0
11:0 Total 0
253:0 Read 3222687744
253:0 Write 229376
253:0 Sync 0
253:0 Async 3222917120
253:0 Total 3222917120
Total 3222917120
--------------------CPUAC-----------------------
user 4606
system 43165
 
Sat May 20 05:09:39 IST 2017
--------------------MEMCG-----------------------
MEM ONLY  : 2388 MB
MEM+SWAP  : 2388 MB
cache 2498240512
rss 6512640
rss_huge 0
mapped_file 7569408
writeback 0
swap 0
pgpgin 10122897
pgpgout 9511385
pgfault 9475207
pgmajfault 205
inactive_anon 3428352
active_anon 3153920
inactive_file 761315328
active_file 1736855552
unevictable 0
hierarchical_memory_limit 6442450944
hierarchical_memsw_limit 32212254720
total_cache 2498240512
total_rss 6512640
total_rss_huge 0
total_mapped_file 7569408
total_writeback 0
total_swap 0
total_pgpgin 10122897
total_pgpgout 9511385
total_pgfault 9475207
total_pgmajfault 205
total_inactive_anon 3428352
total_active_anon 3153920
total_inactive_file 761315328
total_active_file 1736855552
total_unevictable 0
--------------------BLKIO-----------------------
11:0 Read 0
11:0 Write 0
11:0 Sync 0
11:0 Async 0
11:0 Total 0
253:0 Read 3222687744
253:0 Write 229376
253:0 Sync 0
253:0 Async 3222917120
253:0 Total 3222917120
Total 3222917120
--------------------CPUAC-----------------------
user 4606
system 43165
 
Sat May 20 05:10:09 IST 2017
--------------------MEMCG-----------------------
MEM ONLY  : 2294 MB
MEM+SWAP  : 2294 MB
cache 2399711232
rss 6512640
rss_huge 0
mapped_file 7569408
writeback 0
swap 0
pgpgin 10122897
pgpgout 9535440
pgfault 9475207
pgmajfault 205
inactive_anon 3428352
active_anon 3153920
inactive_file 747933696
active_file 1651707904
unevictable 0
hierarchical_memory_limit 6442450944
hierarchical_memsw_limit 32212254720
total_cache 2399711232
total_rss 6512640
total_rss_huge 0
total_mapped_file 7569408
total_writeback 0
total_swap 0
total_pgpgin 10122897
total_pgpgout 9535440
total_pgfault 9475207
total_pgmajfault 205
total_inactive_anon 3428352
total_active_anon 3153920
total_inactive_file 747933696
total_active_file 1651707904
total_unevictable 0
--------------------BLKIO-----------------------
11:0 Read 0
11:0 Write 0
11:0 Sync 0
11:0 Async 0
11:0 Total 0
253:0 Read 3222687744
253:0 Write 229376
253:0 Sync 0
253:0 Async 3222917120
253:0 Total 3222917120
Total 3222917120
--------------------CPUAC-----------------------
user 4606
system 43165
 
Sat May 20 05:10:39 IST 2017
--------------------MEMCG-----------------------
MEM ONLY  : 2244 MB
MEM+SWAP  : 2244 MB
cache 2347048960
rss 6512640
rss_huge 0
mapped_file 7569408
writeback 0
swap 0
pgpgin 10122897
pgpgout 9548297
pgfault 9475207
pgmajfault 205
inactive_anon 3428352
active_anon 3153920
inactive_file 741072896
active_file 1605906432
unevictable 0
hierarchical_memory_limit 6442450944
hierarchical_memsw_limit 32212254720
total_cache 2347048960
total_rss 6512640
total_rss_huge 0
total_mapped_file 7569408
total_writeback 0
total_swap 0
total_pgpgin 10122897
total_pgpgout 9548297
total_pgfault 9475207
total_pgmajfault 205
total_inactive_anon 3428352
total_active_anon 3153920
total_inactive_file 741072896
total_active_file 1605906432
total_unevictable 0
--------------------BLKIO-----------------------
11:0 Read 0
11:0 Write 0
11:0 Sync 0
11:0 Async 0
11:0 Total 0
253:0 Read 3222687744
253:0 Write 229376
253:0 Sync 0
253:0 Async 3222917120
253:0 Total 3222917120
Total 3222917120
--------------------CPUAC-----------------------
user 4606
system 43165
 
Sat May 20 05:11:09 IST 2017
--------------------MEMCG-----------------------
MEM ONLY  : 2196 MB
MEM+SWAP  : 2196 MB
cache 2296668160
rss 6512640
rss_huge 0
mapped_file 7569408
writeback 0
swap 0
pgpgin 10122897
pgpgout 9560597
pgfault 9475207
pgmajfault 205
inactive_anon 3428352
active_anon 3153920
inactive_file 734863360
active_file 1561735168
unevictable 0
hierarchical_memory_limit 6442450944
hierarchical_memsw_limit 32212254720
total_cache 2296668160
total_rss 6512640
total_rss_huge 0
total_mapped_file 7569408
total_writeback 0
total_swap 0
total_pgpgin 10122897
total_pgpgout 9560597
total_pgfault 9475207
total_pgmajfault 205
total_inactive_anon 3428352
total_active_anon 3153920
total_inactive_file 734863360
total_active_file 1561735168
total_unevictable 0
--------------------BLKIO-----------------------
11:0 Read 0
11:0 Write 0
11:0 Sync 0
11:0 Async 0
11:0 Total 0
253:0 Read 3222687744
253:0 Write 229376
253:0 Sync 0
253:0 Async 3222917120
253:0 Total 3222917120
Total 3222917120
--------------------CPUAC-----------------------
user 4606
system 43165
 
Sat May 20 05:11:39 IST 2017
--------------------MEMCG-----------------------
MEM ONLY  : 2151 MB
MEM+SWAP  : 2151 MB
cache 2249945088
rss 6512640
rss_huge 0
mapped_file 7696384
writeback 0
swap 0
pgpgin 10124035
pgpgout 9573142
pgfault 9476772
pgmajfault 233
inactive_anon 3821568
active_anon 2760704
inactive_file 729600000
active_file 1520275456
unevictable 0
hierarchical_memory_limit 6442450944
hierarchical_memsw_limit 32212254720
total_cache 2249945088
total_rss 6512640
total_rss_huge 0
total_mapped_file 7696384
total_writeback 0
total_swap 0
total_pgpgin 10124035
total_pgpgout 9573142
total_pgfault 9476772
total_pgmajfault 233
total_inactive_anon 3821568
total_active_anon 2760704
total_inactive_file 729600000
total_active_file 1520275456
total_unevictable 0
--------------------BLKIO-----------------------
11:0 Read 0
11:0 Write 0
11:0 Sync 0
11:0 Async 0
11:0 Total 0
253:0 Read 3222835200
253:0 Write 368640
253:0 Sync 0
253:0 Async 3223203840
253:0 Total 3223203840
Total 3223203840
--------------------CPUAC-----------------------
user 4606
system 43166
 
Sat May 20 05:12:09 IST 2017
--------------------MEMCG-----------------------
MEM ONLY  : 2103 MB
MEM+SWAP  : 2103 MB
cache 2199613440
rss 6512640
rss_huge 0
mapped_file 7696384
writeback 0
swap 0
pgpgin 10124035
pgpgout 9585430
pgfault 9476772
pgmajfault 233
inactive_anon 3821568
active_anon 2760704
inactive_file 723636224
active_file 1475907584
unevictable 0
hierarchical_memory_limit 6442450944
hierarchical_memsw_limit 32212254720
total_cache 2199613440
total_rss 6512640
total_rss_huge 0
total_mapped_file 7696384
total_writeback 0
total_swap 0
total_pgpgin 10124035
total_pgpgout 9585430
total_pgfault 9476772
total_pgmajfault 233
total_inactive_anon 3821568
total_active_anon 2760704
total_inactive_file 723636224
total_active_file 1475907584
total_unevictable 0
--------------------BLKIO-----------------------
11:0 Read 0
11:0 Write 0
11:0 Sync 0
11:0 Async 0
11:0 Total 0
253:0 Read 3222835200
253:0 Write 368640
253:0 Sync 0
253:0 Async 3223203840
253:0 Total 3223203840
Total 3223203840
--------------------CPUAC-----------------------
user 4606
system 43166
 
Sat May 20 05:12:39 IST 2017
--------------------MEMCG-----------------------
MEM ONLY  : 2056 MB
MEM+SWAP  : 2056 MB
cache 2149703680
rss 6512640
rss_huge 0
mapped_file 7696384
writeback 0
swap 0
pgpgin 10124035
pgpgout 9597615
pgfault 9476772
pgmajfault 233
inactive_anon 3821568
active_anon 2760704
inactive_file 718073856
active_file 1431560192
unevictable 0
hierarchical_memory_limit 6442450944
hierarchical_memsw_limit 32212254720
total_cache 2149703680
total_rss 6512640
total_rss_huge 0
total_mapped_file 7696384
total_writeback 0
total_swap 0
total_pgpgin 10124035
total_pgpgout 9597615
total_pgfault 9476772
total_pgmajfault 233
total_inactive_anon 3821568
total_active_anon 2760704
total_inactive_file 718073856
total_active_file 1431560192
total_unevictable 0
--------------------BLKIO-----------------------
11:0 Read 0
11:0 Write 0
11:0 Sync 0
11:0 Async 0
11:0 Total 0
253:0 Read 3222835200
253:0 Write 368640
253:0 Sync 0
253:0 Async 3223203840
253:0 Total 3223203840
Total 3223203840
--------------------CPUAC-----------------------
user 4606
system 43166
 
Sat May 20 05:13:09 IST 2017
--------------------MEMCG-----------------------
MEM ONLY  : 2009 MB
MEM+SWAP  : 2009 MB
cache 2100551680
rss 6512640
rss_huge 0
mapped_file 7696384
writeback 0
swap 0
pgpgin 10124035
pgpgout 9609615
pgfault 9476772
pgmajfault 233
inactive_anon 3821568
active_anon 2760704
inactive_file 712761344
active_file 1387720704
unevictable 0
hierarchical_memory_limit 6442450944
hierarchical_memsw_limit 32212254720
total_cache 2100551680
total_rss 6512640
total_rss_huge 0
total_mapped_file 7696384
total_writeback 0
total_swap 0
total_pgpgin 10124035
total_pgpgout 9609615
total_pgfault 9476772
total_pgmajfault 233
total_inactive_anon 3821568
total_active_anon 2760704
total_inactive_file 712761344
total_active_file 1387720704
total_unevictable 0
--------------------BLKIO-----------------------
11:0 Read 0
11:0 Write 0
11:0 Sync 0
11:0 Async 0
11:0 Total 0
253:0 Read 3222835200
253:0 Write 368640
253:0 Sync 0
253:0 Async 3223203840
253:0 Total 3223203840
Total 3223203840
--------------------CPUAC-----------------------
user 4606
system 43166
 
Sat May 20 05:13:39 IST 2017
--------------------MEMCG-----------------------
MEM ONLY  : 1963 MB
MEM+SWAP  : 1963 MB
cache 2051858432
rss 6512640
rss_huge 0
mapped_file 7696384
writeback 0
swap 0
pgpgin 10124035
pgpgout 9621503
pgfault 9476772
pgmajfault 233
inactive_anon 3821568
active_anon 2760704
inactive_file 707686400
active_file 1344102400
unevictable 0
hierarchical_memory_limit 6442450944
hierarchical_memsw_limit 32212254720
total_cache 2051858432
total_rss 6512640
total_rss_huge 0
total_mapped_file 7696384
total_writeback 0
total_swap 0
total_pgpgin 10124035
total_pgpgout 9621503
total_pgfault 9476772
total_pgmajfault 233
total_inactive_anon 3821568
total_active_anon 2760704
total_inactive_file 707686400
total_active_file 1344102400
total_unevictable 0
--------------------BLKIO-----------------------
11:0 Read 0
11:0 Write 0
11:0 Sync 0
11:0 Async 0
11:0 Total 0
253:0 Read 3222835200
253:0 Write 368640
253:0 Sync 0
253:0 Async 3223203840
253:0 Total 3223203840
Total 3223203840
--------------------CPUAC-----------------------
user 4606
system 43166
 
Sat May 20 05:14:09 IST 2017
--------------------MEMCG-----------------------
MEM ONLY  : 1917 MB
MEM+SWAP  : 1917 MB
cache 2003632128
rss 6512640
rss_huge 0
mapped_file 7696384
writeback 0
swap 0
pgpgin 10124035
pgpgout 9633277
pgfault 9476772
pgmajfault 233
inactive_anon 3821568
active_anon 2760704
inactive_file 702799872
active_file 1300762624
unevictable 0
hierarchical_memory_limit 6442450944
hierarchical_memsw_limit 32212254720
total_cache 2003632128
total_rss 6512640
total_rss_huge 0
total_mapped_file 7696384
total_writeback 0
total_swap 0
total_pgpgin 10124035
total_pgpgout 9633277
total_pgfault 9476772
total_pgmajfault 233
total_inactive_anon 3821568
total_active_anon 2760704
total_inactive_file 702799872
total_active_file 1300762624
total_unevictable 0
--------------------BLKIO-----------------------
11:0 Read 0
11:0 Write 0
11:0 Sync 0
11:0 Async 0
11:0 Total 0
253:0 Read 3222835200
253:0 Write 368640
253:0 Sync 0
253:0 Async 3223203840
253:0 Total 3223203840
Total 3223203840
--------------------CPUAC-----------------------
user 4606
system 43166
 
Sat May 20 05:14:39 IST 2017
--------------------MEMCG-----------------------
MEM ONLY  : 1868 MB
MEM+SWAP  : 1868 MB
cache 1953255424
rss 6512640
rss_huge 0
mapped_file 7696384
writeback 0
swap 0
pgpgin 10124035
pgpgout 9645576
pgfault 9476772
pgmajfault 233
inactive_anon 3821568
active_anon 2760704
inactive_file 697761792
active_file 1255424000
unevictable 0
hierarchical_memory_limit 6442450944
hierarchical_memsw_limit 32212254720
total_cache 1953255424
total_rss 6512640
total_rss_huge 0
total_mapped_file 7696384
total_writeback 0
total_swap 0
total_pgpgin 10124035
total_pgpgout 9645576
total_pgfault 9476772
total_pgmajfault 233
total_inactive_anon 3821568
total_active_anon 2760704
total_inactive_file 697761792
total_active_file 1255424000
total_unevictable 0
--------------------BLKIO-----------------------
11:0 Read 0
11:0 Write 0
11:0 Sync 0
11:0 Async 0
11:0 Total 0
253:0 Read 3222835200
253:0 Write 368640
253:0 Sync 0
253:0 Async 3223203840
253:0 Total 3223203840
Total 3223203840
--------------------CPUAC-----------------------
user 4606
system 43166
 
Sat May 20 05:15:09 IST 2017
--------------------MEMCG-----------------------
MEM ONLY  : 1821 MB
MEM+SWAP  : 1821 MB
cache 1903656960
rss 6512640
rss_huge 0
mapped_file 7696384
writeback 0
swap 0
pgpgin 10124035
pgpgout 9657685
pgfault 9476772
pgmajfault 233
inactive_anon 3821568
active_anon 2760704
inactive_file 692838400
active_file 1210748928
unevictable 0
hierarchical_memory_limit 6442450944
hierarchical_memsw_limit 32212254720
total_cache 1903656960
total_rss 6512640
total_rss_huge 0
total_mapped_file 7696384
total_writeback 0
total_swap 0
total_pgpgin 10124035
total_pgpgout 9657685
total_pgfault 9476772
total_pgmajfault 233
total_inactive_anon 3821568
total_active_anon 2760704
total_inactive_file 692838400
total_active_file 1210748928
total_unevictable 0
--------------------BLKIO-----------------------
11:0 Read 0
11:0 Write 0
11:0 Sync 0
11:0 Async 0
11:0 Total 0
253:0 Read 3222835200
253:0 Write 368640
253:0 Sync 0
253:0 Async 3223203840
253:0 Total 3223203840
Total 3223203840
--------------------CPUAC-----------------------
user 4606
system 43166
 
Sat May 20 05:15:39 IST 2017
--------------------MEMCG-----------------------
MEM ONLY  : 1773 MB
MEM+SWAP  : 1773 MB
cache 1852858368
rss 6512640
rss_huge 0
mapped_file 7696384
writeback 0
swap 0
pgpgin 10124035
pgpgout 9670087
pgfault 9476772
pgmajfault 233
inactive_anon 3821568
active_anon 2760704
inactive_file 687861760
active_file 1164926976
unevictable 0
hierarchical_memory_limit 6442450944
hierarchical_memsw_limit 32212254720
total_cache 1852858368
total_rss 6512640
total_rss_huge 0
total_mapped_file 7696384
total_writeback 0
total_swap 0
total_pgpgin 10124035
total_pgpgout 9670087
total_pgfault 9476772
total_pgmajfault 233
total_inactive_anon 3821568
total_active_anon 2760704
total_inactive_file 687861760
total_active_file 1164926976
total_unevictable 0
--------------------BLKIO-----------------------
11:0 Read 0
11:0 Write 0
11:0 Sync 0
11:0 Async 0
11:0 Total 0
253:0 Read 3222835200
253:0 Write 368640
253:0 Sync 0
253:0 Async 3223203840
253:0 Total 3223203840
Total 3223203840
--------------------CPUAC-----------------------
user 4606
system 43166
 
Sat May 20 05:16:09 IST 2017
--------------------MEMCG-----------------------
MEM ONLY  : 1727 MB
MEM+SWAP  : 1727 MB
cache 1804513280
rss 6512640
rss_huge 0
mapped_file 7696384
writeback 0
swap 0
pgpgin 10124035
pgpgout 9681890
pgfault 9476772
pgmajfault 233
inactive_anon 3821568
active_anon 2760704
inactive_file 683573248
active_file 1120870400
unevictable 0
hierarchical_memory_limit 6442450944
hierarchical_memsw_limit 32212254720
total_cache 1804513280
total_rss 6512640
total_rss_huge 0
total_mapped_file 7696384
total_writeback 0
total_swap 0
total_pgpgin 10124035
total_pgpgout 9681890
total_pgfault 9476772
total_pgmajfault 233
total_inactive_anon 3821568
total_active_anon 2760704
total_inactive_file 683573248
total_active_file 1120870400
total_unevictable 0
--------------------BLKIO-----------------------
11:0 Read 0
11:0 Write 0
11:0 Sync 0
11:0 Async 0
11:0 Total 0
253:0 Read 3222835200
253:0 Write 368640
253:0 Sync 0
253:0 Async 3223203840
253:0 Total 3223203840
Total 3223203840
--------------------CPUAC-----------------------
user 4606
system 43166
 
Sat May 20 05:16:39 IST 2017
--------------------MEMCG-----------------------
MEM ONLY  : 1679 MB
MEM+SWAP  : 1679 MB
cache 1754861568
rss 6512640
rss_huge 0
mapped_file 7696384
writeback 0
swap 0
pgpgin 10124035
pgpgout 9694012
pgfault 9476772
pgmajfault 233
inactive_anon 3821568
active_anon 2760704
inactive_file 679047168
active_file 1075744768
unevictable 0
hierarchical_memory_limit 6442450944
hierarchical_memsw_limit 32212254720
total_cache 1754861568
total_rss 6512640
total_rss_huge 0
total_mapped_file 7696384
total_writeback 0
total_swap 0
total_pgpgin 10124035
total_pgpgout 9694012
total_pgfault 9476772
total_pgmajfault 233
total_inactive_anon 3821568
total_active_anon 2760704
total_inactive_file 679047168
total_active_file 1075744768
total_unevictable 0
--------------------BLKIO-----------------------
11:0 Read 0
11:0 Write 0
11:0 Sync 0
11:0 Async 0
11:0 Total 0
253:0 Read 3222835200
253:0 Write 368640
253:0 Sync 0
253:0 Async 3223203840
253:0 Total 3223203840
Total 3223203840
--------------------CPUAC-----------------------
user 4606
system 43166
 
Sat May 20 05:17:09 IST 2017
--------------------MEMCG-----------------------
MEM ONLY  : 1632 MB
MEM+SWAP  : 1632 MB
cache 1705345024
rss 6524928
rss_huge 0
mapped_file 7696384
writeback 0
swap 0
pgpgin 10124268
pgpgout 9706331
pgfault 9477159
pgmajfault 244
inactive_anon 3821568
active_anon 2760704
inactive_file 674885632
active_file 1030389760
unevictable 0
hierarchical_memory_limit 6442450944
hierarchical_memsw_limit 32212254720
total_cache 1705345024
total_rss 6524928
total_rss_huge 0
total_mapped_file 7696384
total_writeback 0
total_swap 0
total_pgpgin 10124268
total_pgpgout 9706331
total_pgfault 9477159
total_pgmajfault 244
total_inactive_anon 3821568
total_active_anon 2760704
total_inactive_file 674885632
total_active_file 1030389760
total_unevictable 0
--------------------BLKIO-----------------------
11:0 Read 0
11:0 Write 0
11:0 Sync 0
11:0 Async 0
11:0 Total 0
253:0 Read 3223138304
253:0 Write 409600
253:0 Sync 0
253:0 Async 3223547904
253:0 Total 3223547904
Total 3223547904
--------------------CPUAC-----------------------
user 4607
system 43166
 
Sat May 20 05:17:39 IST 2017
--------------------MEMCG-----------------------
MEM ONLY  : 1585 MB
MEM+SWAP  : 1585 MB
cache 1656512512
rss 6512640
rss_huge 0
mapped_file 7696384
writeback 0
swap 0
pgpgin 10124268
pgpgout 9718256
pgfault 9477159
pgmajfault 244
inactive_anon 3821568
active_anon 2760704
inactive_file 670732288
active_file 985710592
unevictable 0
hierarchical_memory_limit 6442450944
hierarchical_memsw_limit 32212254720
total_cache 1656512512
total_rss 6512640
total_rss_huge 0
total_mapped_file 7696384
total_writeback 0
total_swap 0
total_pgpgin 10124268
total_pgpgout 9718256
total_pgfault 9477159
total_pgmajfault 244
total_inactive_anon 3821568
total_active_anon 2760704
total_inactive_file 670732288
total_active_file 985710592
total_unevictable 0
--------------------BLKIO-----------------------
11:0 Read 0
11:0 Write 0
11:0 Sync 0
11:0 Async 0
11:0 Total 0
253:0 Read 3223138304
253:0 Write 409600
253:0 Sync 0
253:0 Async 3223547904
253:0 Total 3223547904
Total 3223547904
--------------------CPUAC-----------------------
user 4607
system 43166
 
Sat May 20 05:18:09 IST 2017
--------------------MEMCG-----------------------
MEM ONLY  : 1539 MB
MEM+SWAP  : 1539 MB
cache 1607774208
rss 6512640
rss_huge 0
mapped_file 7696384
writeback 0
swap 0
pgpgin 10124268
pgpgout 9730155
pgfault 9477160
pgmajfault 244
inactive_anon 3821568
active_anon 2760704
inactive_file 667000832
active_file 940703744
unevictable 0
hierarchical_memory_limit 6442450944
hierarchical_memsw_limit 32212254720
total_cache 1607774208
total_rss 6512640
total_rss_huge 0
total_mapped_file 7696384
total_writeback 0
total_swap 0
total_pgpgin 10124268
total_pgpgout 9730155
total_pgfault 9477160
total_pgmajfault 244
total_inactive_anon 3821568
total_active_anon 2760704
total_inactive_file 667000832
total_active_file 940703744
total_unevictable 0
--------------------BLKIO-----------------------
11:0 Read 0
11:0 Write 0
11:0 Sync 0
11:0 Async 0
11:0 Total 0
253:0 Read 3223138304
253:0 Write 409600
253:0 Sync 0
253:0 Async 3223547904
253:0 Total 3223547904
Total 3223547904
--------------------CPUAC-----------------------
user 4607
system 43166
 
Sat May 20 05:18:39 IST 2017
--------------------MEMCG-----------------------
MEM ONLY  : 1491 MB
MEM+SWAP  : 1491 MB
cache 1557663744
rss 6512640
rss_huge 0
mapped_file 7696384
writeback 0
swap 0
pgpgin 10124268
pgpgout 9742389
pgfault 9477160
pgmajfault 244
inactive_anon 3821568
active_anon 2760704
inactive_file 663150592
active_file 894443520
unevictable 0
hierarchical_memory_limit 6442450944
hierarchical_memsw_limit 32212254720
total_cache 1557663744
total_rss 6512640
total_rss_huge 0
total_mapped_file 7696384
total_writeback 0
total_swap 0
total_pgpgin 10124268
total_pgpgout 9742389
total_pgfault 9477160
total_pgmajfault 244
total_inactive_anon 3821568
total_active_anon 2760704
total_inactive_file 663150592
total_active_file 894443520
total_unevictable 0
--------------------BLKIO-----------------------
11:0 Read 0
11:0 Write 0
11:0 Sync 0
11:0 Async 0
11:0 Total 0
253:0 Read 3223138304
253:0 Write 409600
253:0 Sync 0
253:0 Async 3223547904
253:0 Total 3223547904
Total 3223547904
--------------------CPUAC-----------------------
user 4607
system 43166
 
