========== START: Container 1 Memory STATS ==============
cache 1325805568
rss 273227776
rss_huge 0
mapped_file 5869568
writeback 0
swap 26238976
pgpgin 680649
pgpgout 290260
pgfault 291853
pgmajfault 708
inactive_anon 136790016
active_anon 136437760
inactive_file 169820160
active_file 1155981312
unevictable 4096
hierarchical_memory_limit 1610612736
hierarchical_memsw_limit 5368709120
total_cache 1325805568
total_rss 273227776
total_rss_huge 0
total_mapped_file 5869568
total_writeback 0
total_swap 26238976
total_pgpgin 680649
total_pgpgout 290260
total_pgfault 291853
total_pgmajfault 708
total_inactive_anon 136790016
total_active_anon 136437760
total_inactive_file 169820160
total_active_file 1155981312
total_unevictable 4096
======== END Container STATS ======
========== STOP: Container 1 Memory STATS ==============
cache 1337421824
rss 273010688
rss_huge 0
mapped_file 4169728
writeback 0
swap 31809536
pgpgin 804720
pgpgout 411548
pgfault 335119
pgmajfault 799
inactive_anon 136478720
active_anon 136531968
inactive_file 179425280
active_file 1157992448
unevictable 4096
hierarchical_memory_limit 1610612736
hierarchical_memsw_limit 5368709120
total_cache 1337421824
total_rss 273010688
total_rss_huge 0
total_mapped_file 4169728
total_writeback 0
total_swap 31809536
total_pgpgin 804720
total_pgpgout 411548
total_pgfault 335119
total_pgmajfault 799
total_inactive_anon 136478720
total_active_anon 136531968
total_inactive_file 179425280
total_active_file 1157992448
total_unevictable 4096
======== END Container STATS ======
