Sat May 13 17:42:19 IST 2017
--------------------MEMCG-----------------------
MEM ONLY  : 256 MB
MEM+SWAP  : 256 MB
cache 40263680
rss 228327424
rss_huge 0
mapped_file 17158144
writeback 0
swap 0
pgpgin 154038
pgpgout 88464
pgfault 258456
pgmajfault 303
inactive_anon 45056
active_anon 228356096
inactive_file 25223168
active_file 14966784
unevictable 0
hierarchical_memory_limit 1610612736
hierarchical_memsw_limit 5368709120
total_cache 40263680
total_rss 228327424
total_rss_huge 0
total_mapped_file 17158144
total_writeback 0
total_swap 0
total_pgpgin 154038
total_pgpgout 88464
total_pgfault 258456
total_pgmajfault 303
total_inactive_anon 45056
total_active_anon 228356096
total_inactive_file 25223168
total_active_file 14966784
total_unevictable 0
--------------------BLKIO-----------------------
11:0 Read 0
11:0 Write 0
11:0 Sync 0
11:0 Async 0
11:0 Total 0
253:0 Read 49459200
253:0 Write 241664
253:0 Sync 12288
253:0 Async 49688576
253:0 Total 49700864
Total 49700864
--------------------CPUAC-----------------------
user 63
system 106
 
Sat May 13 17:42:49 IST 2017
--------------------MEMCG-----------------------
MEM ONLY  : 255 MB
MEM+SWAP  : 255 MB
cache 40263680
rss 228061184
rss_huge 0
mapped_file 17018880
writeback 0
swap 0
pgpgin 154038
pgpgout 88529
pgfault 258465
pgmajfault 303
inactive_anon 45056
active_anon 228089856
inactive_file 25223168
active_file 14966784
unevictable 0
hierarchical_memory_limit 1610612736
hierarchical_memsw_limit 5368709120
total_cache 40263680
total_rss 228061184
total_rss_huge 0
total_mapped_file 17018880
total_writeback 0
total_swap 0
total_pgpgin 154038
total_pgpgout 88529
total_pgfault 258465
total_pgmajfault 303
total_inactive_anon 45056
total_active_anon 228089856
total_inactive_file 25223168
total_active_file 14966784
total_unevictable 0
--------------------BLKIO-----------------------
11:0 Read 0
11:0 Write 0
11:0 Sync 0
11:0 Async 0
11:0 Total 0
253:0 Read 49459200
253:0 Write 241664
253:0 Sync 12288
253:0 Async 49688576
253:0 Total 49700864
Total 49700864
--------------------CPUAC-----------------------
user 65
system 107
 
Sat May 13 17:43:19 IST 2017
--------------------MEMCG-----------------------
MEM ONLY  : 255 MB
MEM+SWAP  : 255 MB
cache 40263680
rss 228061184
rss_huge 0
mapped_file 17018880
writeback 0
swap 0
pgpgin 154038
pgpgout 88529
pgfault 258465
pgmajfault 303
inactive_anon 45056
active_anon 228089856
inactive_file 25223168
active_file 14966784
unevictable 0
hierarchical_memory_limit 1610612736
hierarchical_memsw_limit 5368709120
total_cache 40263680
total_rss 228061184
total_rss_huge 0
total_mapped_file 17018880
total_writeback 0
total_swap 0
total_pgpgin 154038
total_pgpgout 88529
total_pgfault 258465
total_pgmajfault 303
total_inactive_anon 45056
total_active_anon 228089856
total_inactive_file 25223168
total_active_file 14966784
total_unevictable 0
--------------------BLKIO-----------------------
11:0 Read 0
11:0 Write 0
11:0 Sync 0
11:0 Async 0
11:0 Total 0
253:0 Read 49459200
253:0 Write 241664
253:0 Sync 12288
253:0 Async 49688576
253:0 Total 49700864
Total 49700864
--------------------CPUAC-----------------------
user 66
system 107
 
Sat May 13 17:43:49 IST 2017
--------------------MEMCG-----------------------
MEM ONLY  : 255 MB
MEM+SWAP  : 255 MB
cache 40263680
rss 228061184
rss_huge 0
mapped_file 17018880
writeback 0
swap 0
pgpgin 154038
pgpgout 88529
pgfault 258465
pgmajfault 303
inactive_anon 45056
active_anon 228089856
inactive_file 25223168
active_file 14966784
unevictable 0
hierarchical_memory_limit 1610612736
hierarchical_memsw_limit 5368709120
total_cache 40263680
total_rss 228061184
total_rss_huge 0
total_mapped_file 17018880
total_writeback 0
total_swap 0
total_pgpgin 154038
total_pgpgout 88529
total_pgfault 258465
total_pgmajfault 303
total_inactive_anon 45056
total_active_anon 228089856
total_inactive_file 25223168
total_active_file 14966784
total_unevictable 0
--------------------BLKIO-----------------------
11:0 Read 0
11:0 Write 0
11:0 Sync 0
11:0 Async 0
11:0 Total 0
253:0 Read 49459200
253:0 Write 241664
253:0 Sync 12288
253:0 Async 49688576
253:0 Total 49700864
Total 49700864
--------------------CPUAC-----------------------
user 68
system 107
 
Sat May 13 17:44:19 IST 2017
--------------------MEMCG-----------------------
MEM ONLY  : 255 MB
MEM+SWAP  : 255 MB
cache 40263680
rss 228061184
rss_huge 0
mapped_file 17018880
writeback 0
swap 0
pgpgin 154038
pgpgout 88529
pgfault 258465
pgmajfault 303
inactive_anon 45056
active_anon 228089856
inactive_file 25223168
active_file 14966784
unevictable 0
hierarchical_memory_limit 1610612736
hierarchical_memsw_limit 5368709120
total_cache 40263680
total_rss 228061184
total_rss_huge 0
total_mapped_file 17018880
total_writeback 0
total_swap 0
total_pgpgin 154038
total_pgpgout 88529
total_pgfault 258465
total_pgmajfault 303
total_inactive_anon 45056
total_active_anon 228089856
total_inactive_file 25223168
total_active_file 14966784
total_unevictable 0
--------------------BLKIO-----------------------
11:0 Read 0
11:0 Write 0
11:0 Sync 0
11:0 Async 0
11:0 Total 0
253:0 Read 49459200
253:0 Write 241664
253:0 Sync 12288
253:0 Async 49688576
253:0 Total 49700864
Total 49700864
--------------------CPUAC-----------------------
user 70
system 108
 
Sat May 13 17:44:49 IST 2017
--------------------MEMCG-----------------------
MEM ONLY  : 255 MB
MEM+SWAP  : 255 MB
cache 40263680
rss 228061184
rss_huge 0
mapped_file 17018880
writeback 0
swap 0
pgpgin 154038
pgpgout 88529
pgfault 258465
pgmajfault 303
inactive_anon 45056
active_anon 228089856
inactive_file 25223168
active_file 14966784
unevictable 0
hierarchical_memory_limit 1610612736
hierarchical_memsw_limit 5368709120
total_cache 40263680
total_rss 228061184
total_rss_huge 0
total_mapped_file 17018880
total_writeback 0
total_swap 0
total_pgpgin 154038
total_pgpgout 88529
total_pgfault 258465
total_pgmajfault 303
total_inactive_anon 45056
total_active_anon 228089856
total_inactive_file 25223168
total_active_file 14966784
total_unevictable 0
--------------------BLKIO-----------------------
11:0 Read 0
11:0 Write 0
11:0 Sync 0
11:0 Async 0
11:0 Total 0
253:0 Read 49459200
253:0 Write 241664
253:0 Sync 12288
253:0 Async 49688576
253:0 Total 49700864
Total 49700864
--------------------CPUAC-----------------------
user 71
system 108
 
Sat May 13 17:45:19 IST 2017
--------------------MEMCG-----------------------
MEM ONLY  : 255 MB
MEM+SWAP  : 255 MB
cache 40263680
rss 228061184
rss_huge 0
mapped_file 17018880
writeback 0
swap 0
pgpgin 154038
pgpgout 88529
pgfault 258465
pgmajfault 303
inactive_anon 45056
active_anon 228089856
inactive_file 25223168
active_file 14966784
unevictable 0
hierarchical_memory_limit 1610612736
hierarchical_memsw_limit 5368709120
total_cache 40263680
total_rss 228061184
total_rss_huge 0
total_mapped_file 17018880
total_writeback 0
total_swap 0
total_pgpgin 154038
total_pgpgout 88529
total_pgfault 258465
total_pgmajfault 303
total_inactive_anon 45056
total_active_anon 228089856
total_inactive_file 25223168
total_active_file 14966784
total_unevictable 0
--------------------BLKIO-----------------------
11:0 Read 0
11:0 Write 0
11:0 Sync 0
11:0 Async 0
11:0 Total 0
253:0 Read 49459200
253:0 Write 241664
253:0 Sync 12288
253:0 Async 49688576
253:0 Total 49700864
Total 49700864
--------------------CPUAC-----------------------
user 73
system 108
 
Sat May 13 17:45:49 IST 2017
--------------------MEMCG-----------------------
MEM ONLY  : 255 MB
MEM+SWAP  : 255 MB
cache 40263680
rss 228061184
rss_huge 0
mapped_file 17018880
writeback 0
swap 0
pgpgin 154038
pgpgout 88529
pgfault 258465
pgmajfault 303
inactive_anon 45056
active_anon 228089856
inactive_file 25223168
active_file 14966784
unevictable 0
hierarchical_memory_limit 1610612736
hierarchical_memsw_limit 5368709120
total_cache 40263680
total_rss 228061184
total_rss_huge 0
total_mapped_file 17018880
total_writeback 0
total_swap 0
total_pgpgin 154038
total_pgpgout 88529
total_pgfault 258465
total_pgmajfault 303
total_inactive_anon 45056
total_active_anon 228089856
total_inactive_file 25223168
total_active_file 14966784
total_unevictable 0
--------------------BLKIO-----------------------
11:0 Read 0
11:0 Write 0
11:0 Sync 0
11:0 Async 0
11:0 Total 0
253:0 Read 49459200
253:0 Write 241664
253:0 Sync 12288
253:0 Async 49688576
253:0 Total 49700864
Total 49700864
--------------------CPUAC-----------------------
user 75
system 109
 
Sat May 13 17:46:19 IST 2017
--------------------MEMCG-----------------------
MEM ONLY  : 255 MB
MEM+SWAP  : 255 MB
cache 40263680
rss 228061184
rss_huge 0
mapped_file 17018880
writeback 0
swap 0
pgpgin 154038
pgpgout 88529
pgfault 258465
pgmajfault 303
inactive_anon 45056
active_anon 228089856
inactive_file 25223168
active_file 14966784
unevictable 0
hierarchical_memory_limit 1610612736
hierarchical_memsw_limit 5368709120
total_cache 40263680
total_rss 228061184
total_rss_huge 0
total_mapped_file 17018880
total_writeback 0
total_swap 0
total_pgpgin 154038
total_pgpgout 88529
total_pgfault 258465
total_pgmajfault 303
total_inactive_anon 45056
total_active_anon 228089856
total_inactive_file 25223168
total_active_file 14966784
total_unevictable 0
--------------------BLKIO-----------------------
11:0 Read 0
11:0 Write 0
11:0 Sync 0
11:0 Async 0
11:0 Total 0
253:0 Read 49459200
253:0 Write 241664
253:0 Sync 12288
253:0 Async 49688576
253:0 Total 49700864
Total 49700864
--------------------CPUAC-----------------------
user 76
system 110
 
Sat May 13 17:46:50 IST 2017
--------------------MEMCG-----------------------
MEM ONLY  : 255 MB
MEM+SWAP  : 255 MB
cache 40263680
rss 228061184
rss_huge 0
mapped_file 17018880
writeback 0
swap 0
pgpgin 154038
pgpgout 88529
pgfault 258465
pgmajfault 303
inactive_anon 45056
active_anon 228089856
inactive_file 25223168
active_file 14966784
unevictable 0
hierarchical_memory_limit 1610612736
hierarchical_memsw_limit 5368709120
total_cache 40263680
total_rss 228061184
total_rss_huge 0
total_mapped_file 17018880
total_writeback 0
total_swap 0
total_pgpgin 154038
total_pgpgout 88529
total_pgfault 258465
total_pgmajfault 303
total_inactive_anon 45056
total_active_anon 228089856
total_inactive_file 25223168
total_active_file 14966784
total_unevictable 0
--------------------BLKIO-----------------------
11:0 Read 0
11:0 Write 0
11:0 Sync 0
11:0 Async 0
11:0 Total 0
253:0 Read 49459200
253:0 Write 241664
253:0 Sync 12288
253:0 Async 49688576
253:0 Total 49700864
Total 49700864
--------------------CPUAC-----------------------
user 78
system 110
 
Sat May 13 17:47:20 IST 2017
--------------------MEMCG-----------------------
MEM ONLY  : 255 MB
MEM+SWAP  : 255 MB
cache 40263680
rss 228061184
rss_huge 0
mapped_file 17018880
writeback 0
swap 0
pgpgin 154038
pgpgout 88529
pgfault 258465
pgmajfault 303
inactive_anon 45056
active_anon 228089856
inactive_file 25223168
active_file 14966784
unevictable 0
hierarchical_memory_limit 1610612736
hierarchical_memsw_limit 5368709120
total_cache 40263680
total_rss 228061184
total_rss_huge 0
total_mapped_file 17018880
total_writeback 0
total_swap 0
total_pgpgin 154038
total_pgpgout 88529
total_pgfault 258465
total_pgmajfault 303
total_inactive_anon 45056
total_active_anon 228089856
total_inactive_file 25223168
total_active_file 14966784
total_unevictable 0
--------------------BLKIO-----------------------
11:0 Read 0
11:0 Write 0
11:0 Sync 0
11:0 Async 0
11:0 Total 0
253:0 Read 49459200
253:0 Write 241664
253:0 Sync 12288
253:0 Async 49688576
253:0 Total 49700864
Total 49700864
--------------------CPUAC-----------------------
user 80
system 110
 
Sat May 13 17:47:50 IST 2017
--------------------MEMCG-----------------------
MEM ONLY  : 255 MB
MEM+SWAP  : 255 MB
cache 40263680
rss 228061184
rss_huge 0
mapped_file 17018880
writeback 0
swap 0
pgpgin 154038
pgpgout 88529
pgfault 258465
pgmajfault 303
inactive_anon 45056
active_anon 228089856
inactive_file 25223168
active_file 14966784
unevictable 0
hierarchical_memory_limit 1610612736
hierarchical_memsw_limit 5368709120
total_cache 40263680
total_rss 228061184
total_rss_huge 0
total_mapped_file 17018880
total_writeback 0
total_swap 0
total_pgpgin 154038
total_pgpgout 88529
total_pgfault 258465
total_pgmajfault 303
total_inactive_anon 45056
total_active_anon 228089856
total_inactive_file 25223168
total_active_file 14966784
total_unevictable 0
--------------------BLKIO-----------------------
11:0 Read 0
11:0 Write 0
11:0 Sync 0
11:0 Async 0
11:0 Total 0
253:0 Read 49459200
253:0 Write 241664
253:0 Sync 12288
253:0 Async 49688576
253:0 Total 49700864
Total 49700864
--------------------CPUAC-----------------------
user 82
system 110
 
Sat May 13 17:48:20 IST 2017
--------------------MEMCG-----------------------
MEM ONLY  : 255 MB
MEM+SWAP  : 255 MB
cache 40263680
rss 228061184
rss_huge 0
mapped_file 17018880
writeback 0
swap 0
pgpgin 154038
pgpgout 88529
pgfault 258465
pgmajfault 303
inactive_anon 45056
active_anon 228089856
inactive_file 25223168
active_file 14966784
unevictable 0
hierarchical_memory_limit 1610612736
hierarchical_memsw_limit 5368709120
total_cache 40263680
total_rss 228061184
total_rss_huge 0
total_mapped_file 17018880
total_writeback 0
total_swap 0
total_pgpgin 154038
total_pgpgout 88529
total_pgfault 258465
total_pgmajfault 303
total_inactive_anon 45056
total_active_anon 228089856
total_inactive_file 25223168
total_active_file 14966784
total_unevictable 0
--------------------BLKIO-----------------------
11:0 Read 0
11:0 Write 0
11:0 Sync 0
11:0 Async 0
11:0 Total 0
253:0 Read 49459200
253:0 Write 241664
253:0 Sync 12288
253:0 Async 49688576
253:0 Total 49700864
Total 49700864
--------------------CPUAC-----------------------
user 84
system 111
 
Sat May 13 17:48:50 IST 2017
--------------------MEMCG-----------------------
MEM ONLY  : 255 MB
MEM+SWAP  : 255 MB
cache 40263680
rss 228061184
rss_huge 0
mapped_file 17018880
writeback 0
swap 0
pgpgin 154038
pgpgout 88529
pgfault 258465
pgmajfault 303
inactive_anon 45056
active_anon 228089856
inactive_file 25223168
active_file 14966784
unevictable 0
hierarchical_memory_limit 1610612736
hierarchical_memsw_limit 5368709120
total_cache 40263680
total_rss 228061184
total_rss_huge 0
total_mapped_file 17018880
total_writeback 0
total_swap 0
total_pgpgin 154038
total_pgpgout 88529
total_pgfault 258465
total_pgmajfault 303
total_inactive_anon 45056
total_active_anon 228089856
total_inactive_file 25223168
total_active_file 14966784
total_unevictable 0
--------------------BLKIO-----------------------
11:0 Read 0
11:0 Write 0
11:0 Sync 0
11:0 Async 0
11:0 Total 0
253:0 Read 49459200
253:0 Write 241664
253:0 Sync 12288
253:0 Async 49688576
253:0 Total 49700864
Total 49700864
--------------------CPUAC-----------------------
user 86
system 111
 
Sat May 13 17:49:20 IST 2017
--------------------MEMCG-----------------------
MEM ONLY  : 255 MB
MEM+SWAP  : 255 MB
cache 40263680
rss 228061184
rss_huge 0
mapped_file 17018880
writeback 0
swap 0
pgpgin 154038
pgpgout 88529
pgfault 258465
pgmajfault 303
inactive_anon 45056
active_anon 228089856
inactive_file 25223168
active_file 14966784
unevictable 0
hierarchical_memory_limit 1610612736
hierarchical_memsw_limit 5368709120
total_cache 40263680
total_rss 228061184
total_rss_huge 0
total_mapped_file 17018880
total_writeback 0
total_swap 0
total_pgpgin 154038
total_pgpgout 88529
total_pgfault 258465
total_pgmajfault 303
total_inactive_anon 45056
total_active_anon 228089856
total_inactive_file 25223168
total_active_file 14966784
total_unevictable 0
--------------------BLKIO-----------------------
11:0 Read 0
11:0 Write 0
11:0 Sync 0
11:0 Async 0
11:0 Total 0
253:0 Read 49459200
253:0 Write 241664
253:0 Sync 12288
253:0 Async 49688576
253:0 Total 49700864
Total 49700864
--------------------CPUAC-----------------------
user 88
system 111
 
Sat May 13 17:49:50 IST 2017
--------------------MEMCG-----------------------
MEM ONLY  : 255 MB
MEM+SWAP  : 255 MB
cache 40263680
rss 228061184
rss_huge 0
mapped_file 17018880
writeback 0
swap 0
pgpgin 154038
pgpgout 88529
pgfault 258465
pgmajfault 303
inactive_anon 45056
active_anon 228089856
inactive_file 25223168
active_file 14966784
unevictable 0
hierarchical_memory_limit 1610612736
hierarchical_memsw_limit 5368709120
total_cache 40263680
total_rss 228061184
total_rss_huge 0
total_mapped_file 17018880
total_writeback 0
total_swap 0
total_pgpgin 154038
total_pgpgout 88529
total_pgfault 258465
total_pgmajfault 303
total_inactive_anon 45056
total_active_anon 228089856
total_inactive_file 25223168
total_active_file 14966784
total_unevictable 0
--------------------BLKIO-----------------------
11:0 Read 0
11:0 Write 0
11:0 Sync 0
11:0 Async 0
11:0 Total 0
253:0 Read 49459200
253:0 Write 241664
253:0 Sync 12288
253:0 Async 49688576
253:0 Total 49700864
Total 49700864
--------------------CPUAC-----------------------
user 89
system 111
 
Sat May 13 17:50:20 IST 2017
--------------------MEMCG-----------------------
MEM ONLY  : 255 MB
MEM+SWAP  : 255 MB
cache 40263680
rss 228061184
rss_huge 0
mapped_file 17018880
writeback 0
swap 0
pgpgin 154038
pgpgout 88529
pgfault 258465
pgmajfault 303
inactive_anon 45056
active_anon 228089856
inactive_file 25223168
active_file 14966784
unevictable 0
hierarchical_memory_limit 1610612736
hierarchical_memsw_limit 5368709120
total_cache 40263680
total_rss 228061184
total_rss_huge 0
total_mapped_file 17018880
total_writeback 0
total_swap 0
total_pgpgin 154038
total_pgpgout 88529
total_pgfault 258465
total_pgmajfault 303
total_inactive_anon 45056
total_active_anon 228089856
total_inactive_file 25223168
total_active_file 14966784
total_unevictable 0
--------------------BLKIO-----------------------
11:0 Read 0
11:0 Write 0
11:0 Sync 0
11:0 Async 0
11:0 Total 0
253:0 Read 49459200
253:0 Write 241664
253:0 Sync 12288
253:0 Async 49688576
253:0 Total 49700864
Total 49700864
--------------------CPUAC-----------------------
user 91
system 111
 
Sat May 13 17:50:50 IST 2017
--------------------MEMCG-----------------------
MEM ONLY  : 255 MB
MEM+SWAP  : 255 MB
cache 40263680
rss 228061184
rss_huge 0
mapped_file 17018880
writeback 0
swap 0
pgpgin 154038
pgpgout 88529
pgfault 258465
pgmajfault 303
inactive_anon 45056
active_anon 228089856
inactive_file 25223168
active_file 14966784
unevictable 0
hierarchical_memory_limit 1610612736
hierarchical_memsw_limit 5368709120
total_cache 40263680
total_rss 228061184
total_rss_huge 0
total_mapped_file 17018880
total_writeback 0
total_swap 0
total_pgpgin 154038
total_pgpgout 88529
total_pgfault 258465
total_pgmajfault 303
total_inactive_anon 45056
total_active_anon 228089856
total_inactive_file 25223168
total_active_file 14966784
total_unevictable 0
--------------------BLKIO-----------------------
11:0 Read 0
11:0 Write 0
11:0 Sync 0
11:0 Async 0
11:0 Total 0
253:0 Read 49459200
253:0 Write 241664
253:0 Sync 12288
253:0 Async 49688576
253:0 Total 49700864
Total 49700864
--------------------CPUAC-----------------------
user 93
system 112
 
Sat May 13 17:51:20 IST 2017
--------------------MEMCG-----------------------
MEM ONLY  : 255 MB
MEM+SWAP  : 255 MB
cache 40263680
rss 228061184
rss_huge 0
mapped_file 17018880
writeback 0
swap 0
pgpgin 154038
pgpgout 88529
pgfault 258465
pgmajfault 303
inactive_anon 45056
active_anon 228089856
inactive_file 25223168
active_file 14966784
unevictable 0
hierarchical_memory_limit 1610612736
hierarchical_memsw_limit 5368709120
total_cache 40263680
total_rss 228061184
total_rss_huge 0
total_mapped_file 17018880
total_writeback 0
total_swap 0
total_pgpgin 154038
total_pgpgout 88529
total_pgfault 258465
total_pgmajfault 303
total_inactive_anon 45056
total_active_anon 228089856
total_inactive_file 25223168
total_active_file 14966784
total_unevictable 0
--------------------BLKIO-----------------------
11:0 Read 0
11:0 Write 0
11:0 Sync 0
11:0 Async 0
11:0 Total 0
253:0 Read 49459200
253:0 Write 241664
253:0 Sync 12288
253:0 Async 49688576
253:0 Total 49700864
Total 49700864
--------------------CPUAC-----------------------
user 95
system 112
 
Sat May 13 17:51:50 IST 2017
--------------------MEMCG-----------------------
MEM ONLY  : 255 MB
MEM+SWAP  : 255 MB
cache 40263680
rss 228061184
rss_huge 0
mapped_file 17018880
writeback 0
swap 0
pgpgin 154038
pgpgout 88529
pgfault 258465
pgmajfault 303
inactive_anon 45056
active_anon 228089856
inactive_file 25223168
active_file 14966784
unevictable 0
hierarchical_memory_limit 1610612736
hierarchical_memsw_limit 5368709120
total_cache 40263680
total_rss 228061184
total_rss_huge 0
total_mapped_file 17018880
total_writeback 0
total_swap 0
total_pgpgin 154038
total_pgpgout 88529
total_pgfault 258465
total_pgmajfault 303
total_inactive_anon 45056
total_active_anon 228089856
total_inactive_file 25223168
total_active_file 14966784
total_unevictable 0
--------------------BLKIO-----------------------
11:0 Read 0
11:0 Write 0
11:0 Sync 0
11:0 Async 0
11:0 Total 0
253:0 Read 49459200
253:0 Write 241664
253:0 Sync 12288
253:0 Async 49688576
253:0 Total 49700864
Total 49700864
--------------------CPUAC-----------------------
user 97
system 113
 
Sat May 13 17:52:20 IST 2017
--------------------MEMCG-----------------------
MEM ONLY  : 255 MB
MEM+SWAP  : 255 MB
cache 40263680
rss 228061184
rss_huge 0
mapped_file 17018880
writeback 0
swap 0
pgpgin 154038
pgpgout 88529
pgfault 258465
pgmajfault 303
inactive_anon 45056
active_anon 228089856
inactive_file 25223168
active_file 14966784
unevictable 0
hierarchical_memory_limit 1610612736
hierarchical_memsw_limit 5368709120
total_cache 40263680
total_rss 228061184
total_rss_huge 0
total_mapped_file 17018880
total_writeback 0
total_swap 0
total_pgpgin 154038
total_pgpgout 88529
total_pgfault 258465
total_pgmajfault 303
total_inactive_anon 45056
total_active_anon 228089856
total_inactive_file 25223168
total_active_file 14966784
total_unevictable 0
--------------------BLKIO-----------------------
11:0 Read 0
11:0 Write 0
11:0 Sync 0
11:0 Async 0
11:0 Total 0
253:0 Read 49459200
253:0 Write 241664
253:0 Sync 12288
253:0 Async 49688576
253:0 Total 49700864
Total 49700864
--------------------CPUAC-----------------------
user 98
system 114
 
Sat May 13 17:52:50 IST 2017
--------------------MEMCG-----------------------
MEM ONLY  : 255 MB
MEM+SWAP  : 255 MB
cache 40263680
rss 228061184
rss_huge 0
mapped_file 17018880
writeback 0
swap 0
pgpgin 154038
pgpgout 88529
pgfault 258465
pgmajfault 303
inactive_anon 45056
active_anon 228089856
inactive_file 25223168
active_file 14966784
unevictable 0
hierarchical_memory_limit 1610612736
hierarchical_memsw_limit 5368709120
total_cache 40263680
total_rss 228061184
total_rss_huge 0
total_mapped_file 17018880
total_writeback 0
total_swap 0
total_pgpgin 154038
total_pgpgout 88529
total_pgfault 258465
total_pgmajfault 303
total_inactive_anon 45056
total_active_anon 228089856
total_inactive_file 25223168
total_active_file 14966784
total_unevictable 0
--------------------BLKIO-----------------------
11:0 Read 0
11:0 Write 0
11:0 Sync 0
11:0 Async 0
11:0 Total 0
253:0 Read 49459200
253:0 Write 241664
253:0 Sync 12288
253:0 Async 49688576
253:0 Total 49700864
Total 49700864
--------------------CPUAC-----------------------
user 101
system 115
 
Sat May 13 17:53:20 IST 2017
--------------------MEMCG-----------------------
MEM ONLY  : 255 MB
MEM+SWAP  : 255 MB
cache 40263680
rss 228061184
rss_huge 0
mapped_file 17018880
writeback 0
swap 0
pgpgin 154038
pgpgout 88529
pgfault 258465
pgmajfault 303
inactive_anon 45056
active_anon 228089856
inactive_file 25223168
active_file 14966784
unevictable 0
hierarchical_memory_limit 1610612736
hierarchical_memsw_limit 5368709120
total_cache 40263680
total_rss 228061184
total_rss_huge 0
total_mapped_file 17018880
total_writeback 0
total_swap 0
total_pgpgin 154038
total_pgpgout 88529
total_pgfault 258465
total_pgmajfault 303
total_inactive_anon 45056
total_active_anon 228089856
total_inactive_file 25223168
total_active_file 14966784
total_unevictable 0
--------------------BLKIO-----------------------
11:0 Read 0
11:0 Write 0
11:0 Sync 0
11:0 Async 0
11:0 Total 0
253:0 Read 49459200
253:0 Write 241664
253:0 Sync 12288
253:0 Async 49688576
253:0 Total 49700864
Total 49700864
--------------------CPUAC-----------------------
user 103
system 115
 
Sat May 13 17:53:50 IST 2017
--------------------MEMCG-----------------------
MEM ONLY  : 255 MB
MEM+SWAP  : 255 MB
cache 40263680
rss 228061184
rss_huge 0
mapped_file 17018880
writeback 0
swap 0
pgpgin 154038
pgpgout 88529
pgfault 258465
pgmajfault 303
inactive_anon 45056
active_anon 228089856
inactive_file 25223168
active_file 14966784
unevictable 0
hierarchical_memory_limit 1610612736
hierarchical_memsw_limit 5368709120
total_cache 40263680
total_rss 228061184
total_rss_huge 0
total_mapped_file 17018880
total_writeback 0
total_swap 0
total_pgpgin 154038
total_pgpgout 88529
total_pgfault 258465
total_pgmajfault 303
total_inactive_anon 45056
total_active_anon 228089856
total_inactive_file 25223168
total_active_file 14966784
total_unevictable 0
--------------------BLKIO-----------------------
11:0 Read 0
11:0 Write 0
11:0 Sync 0
11:0 Async 0
11:0 Total 0
253:0 Read 49459200
253:0 Write 241664
253:0 Sync 12288
253:0 Async 49688576
253:0 Total 49700864
Total 49700864
--------------------CPUAC-----------------------
user 104
system 116
 
Sat May 13 17:54:20 IST 2017
--------------------MEMCG-----------------------
MEM ONLY  : 255 MB
MEM+SWAP  : 255 MB
cache 40263680
rss 228061184
rss_huge 0
mapped_file 17018880
writeback 0
swap 0
pgpgin 154038
pgpgout 88529
pgfault 258465
pgmajfault 303
inactive_anon 45056
active_anon 228089856
inactive_file 25223168
active_file 14966784
unevictable 0
hierarchical_memory_limit 1610612736
hierarchical_memsw_limit 5368709120
total_cache 40263680
total_rss 228061184
total_rss_huge 0
total_mapped_file 17018880
total_writeback 0
total_swap 0
total_pgpgin 154038
total_pgpgout 88529
total_pgfault 258465
total_pgmajfault 303
total_inactive_anon 45056
total_active_anon 228089856
total_inactive_file 25223168
total_active_file 14966784
total_unevictable 0
--------------------BLKIO-----------------------
11:0 Read 0
11:0 Write 0
11:0 Sync 0
11:0 Async 0
11:0 Total 0
253:0 Read 49459200
253:0 Write 241664
253:0 Sync 12288
253:0 Async 49688576
253:0 Total 49700864
Total 49700864
--------------------CPUAC-----------------------
user 106
system 116
 
Sat May 13 17:54:50 IST 2017
--------------------MEMCG-----------------------
MEM ONLY  : 255 MB
MEM+SWAP  : 255 MB
cache 40263680
rss 228061184
rss_huge 0
mapped_file 17018880
writeback 0
swap 0
pgpgin 154038
pgpgout 88529
pgfault 258465
pgmajfault 303
inactive_anon 45056
active_anon 228089856
inactive_file 25223168
active_file 14966784
unevictable 0
hierarchical_memory_limit 1610612736
hierarchical_memsw_limit 5368709120
total_cache 40263680
total_rss 228061184
total_rss_huge 0
total_mapped_file 17018880
total_writeback 0
total_swap 0
total_pgpgin 154038
total_pgpgout 88529
total_pgfault 258465
total_pgmajfault 303
total_inactive_anon 45056
total_active_anon 228089856
total_inactive_file 25223168
total_active_file 14966784
total_unevictable 0
--------------------BLKIO-----------------------
11:0 Read 0
11:0 Write 0
11:0 Sync 0
11:0 Async 0
11:0 Total 0
253:0 Read 49459200
253:0 Write 241664
253:0 Sync 12288
253:0 Async 49688576
253:0 Total 49700864
Total 49700864
--------------------CPUAC-----------------------
user 107
system 117
 
Sat May 13 17:55:20 IST 2017
--------------------MEMCG-----------------------
MEM ONLY  : 255 MB
MEM+SWAP  : 255 MB
cache 40263680
rss 228061184
rss_huge 0
mapped_file 17018880
writeback 0
swap 0
pgpgin 154038
pgpgout 88529
pgfault 258465
pgmajfault 303
inactive_anon 45056
active_anon 228089856
inactive_file 25223168
active_file 14966784
unevictable 0
hierarchical_memory_limit 1610612736
hierarchical_memsw_limit 5368709120
total_cache 40263680
total_rss 228061184
total_rss_huge 0
total_mapped_file 17018880
total_writeback 0
total_swap 0
total_pgpgin 154038
total_pgpgout 88529
total_pgfault 258465
total_pgmajfault 303
total_inactive_anon 45056
total_active_anon 228089856
total_inactive_file 25223168
total_active_file 14966784
total_unevictable 0
--------------------BLKIO-----------------------
11:0 Read 0
11:0 Write 0
11:0 Sync 0
11:0 Async 0
11:0 Total 0
253:0 Read 49459200
253:0 Write 241664
253:0 Sync 12288
253:0 Async 49688576
253:0 Total 49700864
Total 49700864
--------------------CPUAC-----------------------
user 109
system 117
 
Sat May 13 17:55:50 IST 2017
--------------------MEMCG-----------------------
MEM ONLY  : 255 MB
MEM+SWAP  : 255 MB
cache 40263680
rss 228061184
rss_huge 0
mapped_file 17018880
writeback 0
swap 0
pgpgin 154038
pgpgout 88529
pgfault 258465
pgmajfault 303
inactive_anon 45056
active_anon 228089856
inactive_file 25223168
active_file 14966784
unevictable 0
hierarchical_memory_limit 1610612736
hierarchical_memsw_limit 5368709120
total_cache 40263680
total_rss 228061184
total_rss_huge 0
total_mapped_file 17018880
total_writeback 0
total_swap 0
total_pgpgin 154038
total_pgpgout 88529
total_pgfault 258465
total_pgmajfault 303
total_inactive_anon 45056
total_active_anon 228089856
total_inactive_file 25223168
total_active_file 14966784
total_unevictable 0
--------------------BLKIO-----------------------
11:0 Read 0
11:0 Write 0
11:0 Sync 0
11:0 Async 0
11:0 Total 0
253:0 Read 49459200
253:0 Write 241664
253:0 Sync 12288
253:0 Async 49688576
253:0 Total 49700864
Total 49700864
--------------------CPUAC-----------------------
user 111
system 118
 
Sat May 13 17:56:20 IST 2017
--------------------MEMCG-----------------------
MEM ONLY  : 255 MB
MEM+SWAP  : 255 MB
cache 40263680
rss 228061184
rss_huge 0
mapped_file 17018880
writeback 0
swap 0
pgpgin 154038
pgpgout 88529
pgfault 258465
pgmajfault 303
inactive_anon 45056
active_anon 228089856
inactive_file 25223168
active_file 14966784
unevictable 0
hierarchical_memory_limit 1610612736
hierarchical_memsw_limit 5368709120
total_cache 40263680
total_rss 228061184
total_rss_huge 0
total_mapped_file 17018880
total_writeback 0
total_swap 0
total_pgpgin 154038
total_pgpgout 88529
total_pgfault 258465
total_pgmajfault 303
total_inactive_anon 45056
total_active_anon 228089856
total_inactive_file 25223168
total_active_file 14966784
total_unevictable 0
--------------------BLKIO-----------------------
11:0 Read 0
11:0 Write 0
11:0 Sync 0
11:0 Async 0
11:0 Total 0
253:0 Read 49459200
253:0 Write 241664
253:0 Sync 12288
253:0 Async 49688576
253:0 Total 49700864
Total 49700864
--------------------CPUAC-----------------------
user 112
system 118
 
Sat May 13 17:56:50 IST 2017
--------------------MEMCG-----------------------
MEM ONLY  : 255 MB
MEM+SWAP  : 255 MB
cache 40263680
rss 228061184
rss_huge 0
mapped_file 17018880
writeback 0
swap 0
pgpgin 154038
pgpgout 88529
pgfault 258465
pgmajfault 303
inactive_anon 45056
active_anon 228089856
inactive_file 25223168
active_file 14966784
unevictable 0
hierarchical_memory_limit 1610612736
hierarchical_memsw_limit 5368709120
total_cache 40263680
total_rss 228061184
total_rss_huge 0
total_mapped_file 17018880
total_writeback 0
total_swap 0
total_pgpgin 154038
total_pgpgout 88529
total_pgfault 258465
total_pgmajfault 303
total_inactive_anon 45056
total_active_anon 228089856
total_inactive_file 25223168
total_active_file 14966784
total_unevictable 0
--------------------BLKIO-----------------------
11:0 Read 0
11:0 Write 0
11:0 Sync 0
11:0 Async 0
11:0 Total 0
253:0 Read 49459200
253:0 Write 241664
253:0 Sync 12288
253:0 Async 49688576
253:0 Total 49700864
Total 49700864
--------------------CPUAC-----------------------
user 114
system 118
 
Sat May 13 17:57:20 IST 2017
--------------------MEMCG-----------------------
MEM ONLY  : 255 MB
MEM+SWAP  : 255 MB
cache 40263680
rss 228061184
rss_huge 0
mapped_file 17018880
writeback 0
swap 0
pgpgin 154038
pgpgout 88529
pgfault 258465
pgmajfault 303
inactive_anon 45056
active_anon 228089856
inactive_file 25223168
active_file 14966784
unevictable 0
hierarchical_memory_limit 1610612736
hierarchical_memsw_limit 5368709120
total_cache 40263680
total_rss 228061184
total_rss_huge 0
total_mapped_file 17018880
total_writeback 0
total_swap 0
total_pgpgin 154038
total_pgpgout 88529
total_pgfault 258465
total_pgmajfault 303
total_inactive_anon 45056
total_active_anon 228089856
total_inactive_file 25223168
total_active_file 14966784
total_unevictable 0
--------------------BLKIO-----------------------
11:0 Read 0
11:0 Write 0
11:0 Sync 0
11:0 Async 0
11:0 Total 0
253:0 Read 49459200
253:0 Write 241664
253:0 Sync 12288
253:0 Async 49688576
253:0 Total 49700864
Total 49700864
--------------------CPUAC-----------------------
user 115
system 119
 
Sat May 13 17:57:50 IST 2017
--------------------MEMCG-----------------------
MEM ONLY  : 255 MB
MEM+SWAP  : 255 MB
cache 40263680
rss 228061184
rss_huge 0
mapped_file 17018880
writeback 0
swap 0
pgpgin 154038
pgpgout 88529
pgfault 258465
pgmajfault 303
inactive_anon 45056
active_anon 228089856
inactive_file 25223168
active_file 14966784
unevictable 0
hierarchical_memory_limit 1610612736
hierarchical_memsw_limit 5368709120
total_cache 40263680
total_rss 228061184
total_rss_huge 0
total_mapped_file 17018880
total_writeback 0
total_swap 0
total_pgpgin 154038
total_pgpgout 88529
total_pgfault 258465
total_pgmajfault 303
total_inactive_anon 45056
total_active_anon 228089856
total_inactive_file 25223168
total_active_file 14966784
total_unevictable 0
--------------------BLKIO-----------------------
11:0 Read 0
11:0 Write 0
11:0 Sync 0
11:0 Async 0
11:0 Total 0
253:0 Read 49459200
253:0 Write 241664
253:0 Sync 12288
253:0 Async 49688576
253:0 Total 49700864
Total 49700864
--------------------CPUAC-----------------------
user 117
system 119
 
Sat May 13 17:58:20 IST 2017
--------------------MEMCG-----------------------
MEM ONLY  : 255 MB
MEM+SWAP  : 255 MB
cache 40263680
rss 228061184
rss_huge 0
mapped_file 17018880
writeback 0
swap 0
pgpgin 154038
pgpgout 88529
pgfault 258465
pgmajfault 303
inactive_anon 45056
active_anon 228089856
inactive_file 25223168
active_file 14966784
unevictable 0
hierarchical_memory_limit 1610612736
hierarchical_memsw_limit 5368709120
total_cache 40263680
total_rss 228061184
total_rss_huge 0
total_mapped_file 17018880
total_writeback 0
total_swap 0
total_pgpgin 154038
total_pgpgout 88529
total_pgfault 258465
total_pgmajfault 303
total_inactive_anon 45056
total_active_anon 228089856
total_inactive_file 25223168
total_active_file 14966784
total_unevictable 0
--------------------BLKIO-----------------------
11:0 Read 0
11:0 Write 0
11:0 Sync 0
11:0 Async 0
11:0 Total 0
253:0 Read 49459200
253:0 Write 241664
253:0 Sync 12288
253:0 Async 49688576
253:0 Total 49700864
Total 49700864
--------------------CPUAC-----------------------
user 118
system 119
 
Sat May 13 17:58:50 IST 2017
--------------------MEMCG-----------------------
MEM ONLY  : 255 MB
MEM+SWAP  : 255 MB
cache 40263680
rss 228061184
rss_huge 0
mapped_file 17018880
writeback 0
swap 0
pgpgin 154038
pgpgout 88529
pgfault 258465
pgmajfault 303
inactive_anon 45056
active_anon 228089856
inactive_file 25223168
active_file 14966784
unevictable 0
hierarchical_memory_limit 1610612736
hierarchical_memsw_limit 5368709120
total_cache 40263680
total_rss 228061184
total_rss_huge 0
total_mapped_file 17018880
total_writeback 0
total_swap 0
total_pgpgin 154038
total_pgpgout 88529
total_pgfault 258465
total_pgmajfault 303
total_inactive_anon 45056
total_active_anon 228089856
total_inactive_file 25223168
total_active_file 14966784
total_unevictable 0
--------------------BLKIO-----------------------
11:0 Read 0
11:0 Write 0
11:0 Sync 0
11:0 Async 0
11:0 Total 0
253:0 Read 49459200
253:0 Write 241664
253:0 Sync 12288
253:0 Async 49688576
253:0 Total 49700864
Total 49700864
--------------------CPUAC-----------------------
user 120
system 120
 
