========== START: Container 1 Memory STATS ==============
cache 164184064
rss 265252864
rss_huge 0
mapped_file 5701632
writeback 0
swap 352256
pgpgin 1295238
pgpgout 1190395
pgfault 250665
pgmajfault 585
inactive_anon 133906432
active_anon 131371008
inactive_file 80990208
active_file 83165184
unevictable 4096
hierarchical_memory_limit 429916160
hierarchical_memsw_limit 9223372036854771712
total_cache 164184064
total_rss 265252864
total_rss_huge 0
total_mapped_file 5701632
total_writeback 0
total_swap 352256
total_pgpgin 1295238
total_pgpgout 1190395
total_pgfault 250665
total_pgmajfault 585
total_inactive_anon 133906432
total_active_anon 131371008
total_inactive_file 80990208
total_active_file 83165184
total_unevictable 4096
======== END Container STATS ======
========== STOP: Container 1 Memory STATS ==============
cache 149827584
rss 279969792
rss_huge 0
mapped_file 3809280
writeback 0
swap 4141056
pgpgin 10721552
pgpgout 10616621
pgfault 293087
pgmajfault 1801
inactive_anon 140177408
active_anon 139804672
inactive_file 75350016
active_file 74461184
unevictable 4096
hierarchical_memory_limit 429916160
hierarchical_memsw_limit 9223372036854771712
total_cache 149827584
total_rss 279969792
total_rss_huge 0
total_mapped_file 3809280
total_writeback 0
total_swap 4141056
total_pgpgin 10721552
total_pgpgout 10616621
total_pgfault 293087
total_pgmajfault 1801
total_inactive_anon 140177408
total_active_anon 139804672
total_inactive_file 75350016
total_active_file 74461184
total_unevictable 4096
======== END Container STATS ======
