========== START: Container 3 Memory STATS ==============
cache 4751360
rss 2142498816
rss_huge 0
mapped_file 2289664
writeback 0
swap 2178019328
pgpgin 1194805
pgpgout 670574
pgfault 1376774
pgmajfault 59911
inactive_anon 688361472
active_anon 1454141440
inactive_file 1863680
active_file 2883584
unevictable 0
hierarchical_memory_limit 2147483648
hierarchical_memsw_limit 9223372036854771712
total_cache 4751360
total_rss 2142498816
total_rss_huge 0
total_mapped_file 2289664
total_writeback 0
total_swap 2178019328
total_pgpgin 1194805
total_pgpgout 670574
total_pgfault 1376774
total_pgmajfault 59911
total_inactive_anon 688361472
total_active_anon 1454141440
total_inactive_file 1863680
total_active_file 2883584
total_unevictable 0
======== END Container STATS ======
========== STOP: Container 3 Memory STATS ==============
cache 6680576
rss 2140647424
rss_huge 0
mapped_file 3248128
writeback 0
swap 2179899392
pgpgin 1314940
pgpgout 790690
pgfault 1641086
pgmajfault 174898
inactive_anon 685301760
active_anon 1455345664
inactive_file 2904064
active_file 3776512
unevictable 0
hierarchical_memory_limit 2147483648
hierarchical_memsw_limit 9223372036854771712
total_cache 6680576
total_rss 2140647424
total_rss_huge 0
total_mapped_file 3248128
total_writeback 0
total_swap 2179899392
total_pgpgin 1314940
total_pgpgout 790690
total_pgfault 1641086
total_pgmajfault 174898
total_inactive_anon 685301760
total_active_anon 1455345664
total_inactive_file 2904064
total_active_file 3776512
total_unevictable 0
======== END Container STATS ======
