Sat May 13 23:17:52 IST 2017
--------------------MEMCG-----------------------
MEM ONLY  : 129 MB
MEM+SWAP  : 129 MB
cache 78348288
rss 57679872
rss_huge 0
mapped_file 36749312
writeback 0
swap 0
pgpgin 130254
pgpgout 97044
pgfault 190067
pgmajfault 489
inactive_anon 45056
active_anon 57700352
inactive_file 64282624
active_file 13991936
unevictable 4096
hierarchical_memory_limit 1610612736
hierarchical_memsw_limit 5368709120
total_cache 78348288
total_rss 57679872
total_rss_huge 0
total_mapped_file 36749312
total_writeback 0
total_swap 0
total_pgpgin 130254
total_pgpgout 97044
total_pgfault 190067
total_pgmajfault 489
total_inactive_anon 45056
total_active_anon 57700352
total_inactive_file 64282624
total_active_file 13991936
total_unevictable 4096
--------------------BLKIO-----------------------
11:0 Read 0
11:0 Write 0
11:0 Sync 0
11:0 Async 0
11:0 Total 0
253:0 Read 78139392
253:0 Write 299008
253:0 Sync 61440
253:0 Async 78376960
253:0 Total 78438400
Total 78438400
--------------------CPUAC-----------------------
user 64
system 103
 
Sat May 13 23:18:22 IST 2017
--------------------MEMCG-----------------------
MEM ONLY  : 335 MB
MEM+SWAP  : 335 MB
cache 183939072
rss 167337984
rss_huge 0
mapped_file 36610048
writeback 0
swap 0
pgpgin 182967
pgpgout 97206
pgfault 217029
pgmajfault 489
inactive_anon 45056
active_anon 167362560
inactive_file 169852928
active_file 14012416
unevictable 4096
hierarchical_memory_limit 1610612736
hierarchical_memsw_limit 5368709120
total_cache 183939072
total_rss 167337984
total_rss_huge 0
total_mapped_file 36610048
total_writeback 0
total_swap 0
total_pgpgin 182967
total_pgpgout 97206
total_pgfault 217029
total_pgmajfault 489
total_inactive_anon 45056
total_active_anon 167362560
total_inactive_file 169852928
total_active_file 14012416
total_unevictable 4096
--------------------BLKIO-----------------------
11:0 Read 0
11:0 Write 0
11:0 Sync 0
11:0 Async 0
11:0 Total 0
253:0 Read 183726080
253:0 Write 335872
253:0 Sync 65536
253:0 Async 183996416
253:0 Total 184061952
Total 184061952
--------------------CPUAC-----------------------
user 122
system 150
 
Sat May 13 23:18:52 IST 2017
--------------------MEMCG-----------------------
MEM ONLY  : 518 MB
MEM+SWAP  : 518 MB
cache 295170048
rss 248782848
rss_huge 0
mapped_file 36610048
writeback 0
swap 0
pgpgin 230109
pgpgout 97308
pgfault 237033
pgmajfault 489
inactive_anon 45056
active_anon 248807424
inactive_file 279756800
active_file 15282176
unevictable 4096
hierarchical_memory_limit 1610612736
hierarchical_memsw_limit 5368709120
total_cache 295170048
total_rss 248782848
total_rss_huge 0
total_mapped_file 36610048
total_writeback 0
total_swap 0
total_pgpgin 230109
total_pgpgout 97308
total_pgfault 237033
total_pgmajfault 489
total_inactive_anon 45056
total_active_anon 248807424
total_inactive_file 279756800
total_active_file 15282176
total_unevictable 4096
--------------------BLKIO-----------------------
11:0 Read 0
11:0 Write 0
11:0 Sync 0
11:0 Async 0
11:0 Total 0
253:0 Read 294936576
253:0 Write 471040
253:0 Sync 159744
253:0 Async 295247872
253:0 Total 295407616
Total 295407616
--------------------CPUAC-----------------------
user 188
system 207
 
Sat May 13 23:19:22 IST 2017
--------------------MEMCG-----------------------
MEM ONLY  : 634 MB
MEM+SWAP  : 634 MB
cache 414679040
rss 250568704
rss_huge 0
mapped_file 36610048
writeback 0
swap 0
pgpgin 259843
pgpgout 97429
pgfault 237578
pgmajfault 489
inactive_anon 45056
active_anon 250593280
inactive_file 387477504
active_file 27127808
unevictable 4096
hierarchical_memory_limit 1610612736
hierarchical_memsw_limit 5368709120
total_cache 414679040
total_rss 250568704
total_rss_huge 0
total_mapped_file 36610048
total_writeback 0
total_swap 0
total_pgpgin 259843
total_pgpgout 97429
total_pgfault 237578
total_pgmajfault 489
total_inactive_anon 45056
total_active_anon 250593280
total_inactive_file 387477504
total_active_file 27127808
total_unevictable 4096
--------------------BLKIO-----------------------
11:0 Read 0
11:0 Write 0
11:0 Sync 0
11:0 Async 0
11:0 Total 0
253:0 Read 414474240
253:0 Write 520192
253:0 Sync 159744
253:0 Async 414834688
253:0 Total 414994432
Total 414994432
--------------------CPUAC-----------------------
user 270
system 266
 
Sat May 13 23:19:52 IST 2017
--------------------MEMCG-----------------------
MEM ONLY  : 758 MB
MEM+SWAP  : 758 MB
cache 543424512
rss 251334656
rss_huge 0
mapped_file 36610048
writeback 0
swap 0
pgpgin 291634
pgpgout 97601
pgfault 237923
pgmajfault 489
inactive_anon 45056
active_anon 251359232
inactive_file 492228608
active_file 51122176
unevictable 4096
hierarchical_memory_limit 1610612736
hierarchical_memsw_limit 5368709120
total_cache 543424512
total_rss 251334656
total_rss_huge 0
total_mapped_file 36610048
total_writeback 0
total_swap 0
total_pgpgin 291634
total_pgpgout 97601
total_pgfault 237923
total_pgmajfault 489
total_inactive_anon 45056
total_active_anon 251359232
total_inactive_file 492228608
total_active_file 51122176
total_unevictable 4096
--------------------BLKIO-----------------------
11:0 Read 0
11:0 Write 0
11:0 Sync 0
11:0 Async 0
11:0 Total 0
253:0 Read 543186944
253:0 Write 618496
253:0 Sync 196608
253:0 Async 543608832
253:0 Total 543805440
Total 543805440
--------------------CPUAC-----------------------
user 350
system 337
 
Sat May 13 23:20:22 IST 2017
--------------------MEMCG-----------------------
MEM ONLY  : 891 MB
MEM+SWAP  : 891 MB
cache 682356736
rss 251961344
rss_huge 0
mapped_file 36610048
writeback 0
swap 0
pgpgin 325819
pgpgout 97714
pgfault 238173
pgmajfault 489
inactive_anon 45056
active_anon 251985920
inactive_file 592949248
active_file 89333760
unevictable 4096
hierarchical_memory_limit 1610612736
hierarchical_memsw_limit 5368709120
total_cache 682356736
total_rss 251961344
total_rss_huge 0
total_mapped_file 36610048
total_writeback 0
total_swap 0
total_pgpgin 325819
total_pgpgout 97714
total_pgfault 238173
total_pgmajfault 489
total_inactive_anon 45056
total_active_anon 251985920
total_inactive_file 592949248
total_active_file 89333760
total_unevictable 4096
--------------------BLKIO-----------------------
11:0 Read 0
11:0 Write 0
11:0 Sync 0
11:0 Async 0
11:0 Total 0
253:0 Read 682115072
253:0 Write 688128
253:0 Sync 196608
253:0 Async 682606592
253:0 Total 682803200
Total 682803200
--------------------CPUAC-----------------------
user 440
system 412
 
Sat May 13 23:20:52 IST 2017
--------------------MEMCG-----------------------
MEM ONLY  : 1036 MB
MEM+SWAP  : 1036 MB
cache 835485696
rss 251879424
rss_huge 0
mapped_file 36610048
writeback 0
swap 0
pgpgin 363498
pgpgout 98028
pgfault 238451
pgmajfault 489
inactive_anon 45056
active_anon 251904000
inactive_file 687489024
active_file 147914752
unevictable 4096
hierarchical_memory_limit 1610612736
hierarchical_memsw_limit 5368709120
total_cache 835485696
total_rss 251879424
total_rss_huge 0
total_mapped_file 36610048
total_writeback 0
total_swap 0
total_pgpgin 363498
total_pgpgout 98028
total_pgfault 238451
total_pgmajfault 489
total_inactive_anon 45056
total_active_anon 251904000
total_inactive_file 687489024
total_active_file 147914752
total_unevictable 4096
--------------------BLKIO-----------------------
11:0 Read 0
11:0 Write 0
11:0 Sync 0
11:0 Async 0
11:0 Total 0
253:0 Read 835239936
253:0 Write 765952
253:0 Sync 196608
253:0 Async 835809280
253:0 Total 836005888
Total 836005888
--------------------CPUAC-----------------------
user 563
system 495
 
Sat May 13 23:21:22 IST 2017
--------------------MEMCG-----------------------
MEM ONLY  : 1194 MB
MEM+SWAP  : 1194 MB
cache 999989248
rss 252661760
rss_huge 0
mapped_file 36610048
writeback 0
swap 0
pgpgin 404167
pgpgout 98344
pgfault 238940
pgmajfault 489
inactive_anon 45056
active_anon 252686336
inactive_file 752574464
active_file 247324672
unevictable 4096
hierarchical_memory_limit 1610612736
hierarchical_memsw_limit 5368709120
total_cache 999989248
total_rss 252661760
total_rss_huge 0
total_mapped_file 36610048
total_writeback 0
total_swap 0
total_pgpgin 404167
total_pgpgout 98344
total_pgfault 238940
total_pgmajfault 489
total_inactive_anon 45056
total_active_anon 252686336
total_inactive_file 752574464
total_active_file 247324672
total_unevictable 4096
--------------------BLKIO-----------------------
11:0 Read 0
11:0 Write 0
11:0 Sync 0
11:0 Async 0
11:0 Total 0
253:0 Read 999735296
253:0 Write 851968
253:0 Sync 196608
253:0 Async 1000390656
253:0 Total 1000587264
Total 1000587264
--------------------CPUAC-----------------------
user 724
system 600
 
Sat May 13 23:21:52 IST 2017
--------------------MEMCG-----------------------
MEM ONLY  : 1347 MB
MEM+SWAP  : 1347 MB
cache 1154985984
rss 257605632
rss_huge 0
mapped_file 36610048
writeback 0
swap 0
pgpgin 443796
pgpgout 98925
pgfault 240706
pgmajfault 489
inactive_anon 45056
active_anon 257630208
inactive_file 734859264
active_file 420052992
unevictable 4096
hierarchical_memory_limit 1610612736
hierarchical_memsw_limit 5368709120
total_cache 1154985984
total_rss 257605632
total_rss_huge 0
total_mapped_file 36610048
total_writeback 0
total_swap 0
total_pgpgin 443796
total_pgpgout 98925
total_pgfault 240706
total_pgmajfault 489
total_inactive_anon 45056
total_active_anon 257630208
total_inactive_file 734859264
total_active_file 420052992
total_unevictable 4096
--------------------BLKIO-----------------------
11:0 Read 0
11:0 Write 0
11:0 Sync 0
11:0 Async 0
11:0 Total 0
253:0 Read 1154727936
253:0 Write 950272
253:0 Sync 196608
253:0 Async 1155481600
253:0 Total 1155678208
Total 1155678208
--------------------CPUAC-----------------------
user 965
system 772
 
Sat May 13 23:22:22 IST 2017
--------------------MEMCG-----------------------
MEM ONLY  : 1451 MB
MEM+SWAP  : 1451 MB
cache 1248083968
rss 273592320
rss_huge 0
mapped_file 36610048
writeback 0
swap 0
pgpgin 471685
pgpgout 100182
pgfault 245841
pgmajfault 489
inactive_anon 45056
active_anon 273608704
inactive_file 514957312
active_file 732995584
unevictable 4096
hierarchical_memory_limit 1610612736
hierarchical_memsw_limit 5368709120
total_cache 1248083968
total_rss 273592320
total_rss_huge 0
total_mapped_file 36610048
total_writeback 0
total_swap 0
total_pgpgin 471685
total_pgpgout 100182
total_pgfault 245841
total_pgmajfault 489
total_inactive_anon 45056
total_active_anon 273608704
total_inactive_file 514957312
total_active_file 732995584
total_unevictable 4096
--------------------BLKIO-----------------------
11:0 Read 0
11:0 Write 0
11:0 Sync 0
11:0 Async 0
11:0 Total 0
253:0 Read 1247813632
253:0 Write 1056768
253:0 Sync 196608
253:0 Async 1248673792
253:0 Total 1248870400
Total 1248870400
--------------------CPUAC-----------------------
user 1523
system 1148
 
Sat May 13 23:22:52 IST 2017
--------------------MEMCG-----------------------
MEM ONLY  : 1473 MB
MEM+SWAP  : 1473 MB
cache 1262178304
rss 282255360
rss_huge 0
mapped_file 36610048
writeback 0
swap 0
pgpgin 479740
pgpgout 102681
pgfault 250444
pgmajfault 489
inactive_anon 45056
active_anon 282234880
inactive_file 289636352
active_file 972410880
unevictable 4096
hierarchical_memory_limit 1610612736
hierarchical_memsw_limit 5368709120
total_cache 1262178304
total_rss 282255360
total_rss_huge 0
total_mapped_file 36610048
total_writeback 0
total_swap 0
total_pgpgin 479740
total_pgpgout 102681
total_pgfault 250444
total_pgmajfault 489
total_inactive_anon 45056
total_active_anon 282234880
total_inactive_file 289636352
total_active_file 972410880
total_unevictable 4096
--------------------BLKIO-----------------------
11:0 Read 0
11:0 Write 0
11:0 Sync 0
11:0 Async 0
11:0 Total 0
253:0 Read 1261895680
253:0 Write 1069056
253:0 Sync 196608
253:0 Async 1262768128
253:0 Total 1262964736
Total 1262964736
--------------------CPUAC-----------------------
user 2450
system 1737
 
Sat May 13 23:23:22 IST 2017
--------------------MEMCG-----------------------
MEM ONLY  : 1477 MB
MEM+SWAP  : 1477 MB
cache 1263742976
rss 285831168
rss_huge 0
mapped_file 36610048
writeback 0
swap 0
pgpgin 483752
pgpgout 105438
pgfault 254065
pgmajfault 489
inactive_anon 45056
active_anon 285855744
inactive_file 221794304
active_file 1041874944
unevictable 4096
hierarchical_memory_limit 1610612736
hierarchical_memsw_limit 5368709120
total_cache 1263742976
total_rss 285831168
total_rss_huge 0
total_mapped_file 36610048
total_writeback 0
total_swap 0
total_pgpgin 483752
total_pgpgout 105438
total_pgfault 254065
total_pgmajfault 489
total_inactive_anon 45056
total_active_anon 285855744
total_inactive_file 221794304
total_active_file 1041874944
total_unevictable 4096
--------------------BLKIO-----------------------
11:0 Read 0
11:0 Write 0
11:0 Sync 0
11:0 Async 0
11:0 Total 0
253:0 Read 1263456256
253:0 Write 1110016
253:0 Sync 196608
253:0 Async 1264369664
253:0 Total 1264566272
Total 1264566272
--------------------CPUAC-----------------------
user 3456
system 2383
 
Sat May 13 23:23:52 IST 2017
--------------------MEMCG-----------------------
MEM ONLY  : 1480 MB
MEM+SWAP  : 1480 MB
cache 1264009216
rss 288378880
rss_huge 0
mapped_file 36610048
writeback 0
swap 0
pgpgin 486976
pgpgout 107975
pgfault 257215
pgmajfault 489
inactive_anon 45056
active_anon 288391168
inactive_file 203923456
active_file 1060012032
unevictable 4096
hierarchical_memory_limit 1610612736
hierarchical_memsw_limit 5368709120
total_cache 1264009216
total_rss 288378880
total_rss_huge 0
total_mapped_file 36610048
total_writeback 0
total_swap 0
total_pgpgin 486976
total_pgpgout 107975
total_pgfault 257215
total_pgmajfault 489
total_inactive_anon 45056
total_active_anon 288391168
total_inactive_file 203923456
total_active_file 1060012032
total_unevictable 4096
--------------------BLKIO-----------------------
11:0 Read 0
11:0 Write 0
11:0 Sync 0
11:0 Async 0
11:0 Total 0
253:0 Read 1263722496
253:0 Write 1159168
253:0 Sync 196608
253:0 Async 1264685056
253:0 Total 1264881664
Total 1264881664
--------------------CPUAC-----------------------
user 4438
system 3047
 
Sat May 13 23:24:23 IST 2017
--------------------MEMCG-----------------------
MEM ONLY  : 1477 MB
MEM+SWAP  : 1477 MB
cache 1264013312
rss 285384704
rss_huge 0
mapped_file 36610048
writeback 0
swap 0
pgpgin 489095
pgpgout 110824
pgfault 259320
pgmajfault 489
inactive_anon 45056
active_anon 285409280
inactive_file 195948544
active_file 1067991040
unevictable 4096
hierarchical_memory_limit 1610612736
hierarchical_memsw_limit 5368709120
total_cache 1264013312
total_rss 285384704
total_rss_huge 0
total_mapped_file 36610048
total_writeback 0
total_swap 0
total_pgpgin 489095
total_pgpgout 110824
total_pgfault 259320
total_pgmajfault 489
total_inactive_anon 45056
total_active_anon 285409280
total_inactive_file 195948544
total_active_file 1067991040
total_unevictable 4096
--------------------BLKIO-----------------------
11:0 Read 0
11:0 Write 0
11:0 Sync 0
11:0 Async 0
11:0 Total 0
253:0 Read 1263722496
253:0 Write 1220608
253:0 Sync 196608
253:0 Async 1264746496
253:0 Total 1264943104
Total 1264943104
--------------------CPUAC-----------------------
user 5440
system 3711
 
Sat May 13 23:24:53 IST 2017
--------------------MEMCG-----------------------
MEM ONLY  : 1468 MB
MEM+SWAP  : 1468 MB
cache 1264017408
rss 275427328
rss_huge 0
mapped_file 36610048
writeback 0
swap 0
pgpgin 489597
pgpgout 113756
pgfault 259806
pgmajfault 489
inactive_anon 45056
active_anon 275451904
inactive_file 195047424
active_file 1068896256
unevictable 4096
hierarchical_memory_limit 1610612736
hierarchical_memsw_limit 5368709120
total_cache 1264017408
total_rss 275427328
total_rss_huge 0
total_mapped_file 36610048
total_writeback 0
total_swap 0
total_pgpgin 489597
total_pgpgout 113756
total_pgfault 259806
total_pgmajfault 489
total_inactive_anon 45056
total_active_anon 275451904
total_inactive_file 195047424
total_active_file 1068896256
total_unevictable 4096
--------------------BLKIO-----------------------
11:0 Read 0
11:0 Write 0
11:0 Sync 0
11:0 Async 0
11:0 Total 0
253:0 Read 1263722496
253:0 Write 1294336
253:0 Sync 196608
253:0 Async 1264820224
253:0 Total 1265016832
Total 1265016832
--------------------CPUAC-----------------------
user 6475
system 4378
 
Sat May 13 23:25:23 IST 2017
--------------------MEMCG-----------------------
MEM ONLY  : 1464 MB
MEM+SWAP  : 1464 MB
cache 1264021504
rss 271884288
rss_huge 0
mapped_file 36610048
writeback 0
swap 0
pgpgin 491533
pgpgout 116556
pgfault 261727
pgmajfault 489
inactive_anon 45056
active_anon 271908864
inactive_file 194904064
active_file 1069043712
unevictable 4096
hierarchical_memory_limit 1610612736
hierarchical_memsw_limit 5368709120
total_cache 1264021504
total_rss 271884288
total_rss_huge 0
total_mapped_file 36610048
total_writeback 0
total_swap 0
total_pgpgin 491533
total_pgpgout 116556
total_pgfault 261727
total_pgmajfault 489
total_inactive_anon 45056
total_active_anon 271908864
total_inactive_file 194904064
total_active_file 1069043712
total_unevictable 4096
--------------------BLKIO-----------------------
11:0 Read 0
11:0 Write 0
11:0 Sync 0
11:0 Async 0
11:0 Total 0
253:0 Read 1263722496
253:0 Write 1372160
253:0 Sync 196608
253:0 Async 1264898048
253:0 Total 1265094656
Total 1265094656
--------------------CPUAC-----------------------
user 7523
system 5024
 
Sat May 13 23:25:53 IST 2017
--------------------MEMCG-----------------------
MEM ONLY  : 1465 MB
MEM+SWAP  : 1465 MB
cache 1264021504
rss 272285696
rss_huge 0
mapped_file 36610048
writeback 0
swap 0
pgpgin 494337
pgpgout 119262
pgfault 264513
pgmajfault 489
inactive_anon 45056
active_anon 272310272
inactive_file 194875392
active_file 1069072384
unevictable 4096
hierarchical_memory_limit 1610612736
hierarchical_memsw_limit 5368709120
total_cache 1264021504
total_rss 272285696
total_rss_huge 0
total_mapped_file 36610048
total_writeback 0
total_swap 0
total_pgpgin 494337
total_pgpgout 119262
total_pgfault 264513
total_pgmajfault 489
total_inactive_anon 45056
total_active_anon 272310272
total_inactive_file 194875392
total_active_file 1069072384
total_unevictable 4096
--------------------BLKIO-----------------------
11:0 Read 0
11:0 Write 0
11:0 Sync 0
11:0 Async 0
11:0 Total 0
253:0 Read 1263722496
253:0 Write 1458176
253:0 Sync 196608
253:0 Async 1264984064
253:0 Total 1265180672
Total 1265180672
--------------------CPUAC-----------------------
user 8544
system 5681
 
Sat May 13 23:26:23 IST 2017
--------------------MEMCG-----------------------
MEM ONLY  : 1465 MB
MEM+SWAP  : 1465 MB
cache 1264025600
rss 272801792
rss_huge 0
mapped_file 36610048
writeback 0
swap 0
pgpgin 497119
pgpgout 121917
pgfault 267271
pgmajfault 489
inactive_anon 45056
active_anon 272826368
inactive_file 194879488
active_file 1069072384
unevictable 4096
hierarchical_memory_limit 1610612736
hierarchical_memsw_limit 5368709120
total_cache 1264025600
total_rss 272801792
total_rss_huge 0
total_mapped_file 36610048
total_writeback 0
total_swap 0
total_pgpgin 497119
total_pgpgout 121917
total_pgfault 267271
total_pgmajfault 489
total_inactive_anon 45056
total_active_anon 272826368
total_inactive_file 194879488
total_active_file 1069072384
total_unevictable 4096
--------------------BLKIO-----------------------
11:0 Read 0
11:0 Write 0
11:0 Sync 0
11:0 Async 0
11:0 Total 0
253:0 Read 1263722496
253:0 Write 1556480
253:0 Sync 196608
253:0 Async 1265082368
253:0 Total 1265278976
Total 1265278976
--------------------CPUAC-----------------------
user 9545
system 6337
 
Sat May 13 23:26:53 IST 2017
--------------------MEMCG-----------------------
MEM ONLY  : 1466 MB
MEM+SWAP  : 1466 MB
cache 1264029696
rss 273461248
rss_huge 0
mapped_file 36610048
writeback 0
swap 0
pgpgin 499908
pgpgout 124544
pgfault 270035
pgmajfault 489
inactive_anon 45056
active_anon 273485824
inactive_file 194883584
active_file 1069072384
unevictable 4096
hierarchical_memory_limit 1610612736
hierarchical_memsw_limit 5368709120
total_cache 1264029696
total_rss 273461248
total_rss_huge 0
total_mapped_file 36610048
total_writeback 0
total_swap 0
total_pgpgin 499908
total_pgpgout 124544
total_pgfault 270035
total_pgmajfault 489
total_inactive_anon 45056
total_active_anon 273485824
total_inactive_file 194883584
total_active_file 1069072384
total_unevictable 4096
--------------------BLKIO-----------------------
11:0 Read 0
11:0 Write 0
11:0 Sync 0
11:0 Async 0
11:0 Total 0
253:0 Read 1263722496
253:0 Write 1662976
253:0 Sync 196608
253:0 Async 1265188864
253:0 Total 1265385472
Total 1265385472
--------------------CPUAC-----------------------
user 10576
system 7024
 
Sat May 13 23:27:23 IST 2017
--------------------MEMCG-----------------------
MEM ONLY  : 1467 MB
MEM+SWAP  : 1467 MB
cache 1264046080
rss 274345984
rss_huge 0
mapped_file 36610048
writeback 0
swap 0
pgpgin 502659
pgpgout 127075
pgfault 272755
pgmajfault 489
inactive_anon 45056
active_anon 274370560
inactive_file 194895872
active_file 1069076480
unevictable 4096
hierarchical_memory_limit 1610612736
hierarchical_memsw_limit 5368709120
total_cache 1264046080
total_rss 274345984
total_rss_huge 0
total_mapped_file 36610048
total_writeback 0
total_swap 0
total_pgpgin 502659
total_pgpgout 127075
total_pgfault 272755
total_pgmajfault 489
total_inactive_anon 45056
total_active_anon 274370560
total_inactive_file 194895872
total_active_file 1069076480
total_unevictable 4096
--------------------BLKIO-----------------------
11:0 Read 0
11:0 Write 0
11:0 Sync 0
11:0 Async 0
11:0 Total 0
253:0 Read 1263726592
253:0 Write 1777664
253:0 Sync 196608
253:0 Async 1265307648
253:0 Total 1265504256
Total 1265504256
--------------------CPUAC-----------------------
user 11629
system 7689
 
Sat May 13 23:27:53 IST 2017
--------------------MEMCG-----------------------
MEM ONLY  : 1467 MB
MEM+SWAP  : 1467 MB
cache 1264054272
rss 274157568
rss_huge 0
mapped_file 36610048
writeback 0
swap 0
pgpgin 505580
pgpgout 130040
pgfault 275662
pgmajfault 489
inactive_anon 45056
active_anon 274182144
inactive_file 194891776
active_file 1069088768
unevictable 4096
hierarchical_memory_limit 1610612736
hierarchical_memsw_limit 5368709120
total_cache 1264054272
total_rss 274157568
total_rss_huge 0
total_mapped_file 36610048
total_writeback 0
total_swap 0
total_pgpgin 505580
total_pgpgout 130040
total_pgfault 275662
total_pgmajfault 489
total_inactive_anon 45056
total_active_anon 274182144
total_inactive_file 194891776
total_active_file 1069088768
total_unevictable 4096
--------------------BLKIO-----------------------
11:0 Read 0
11:0 Write 0
11:0 Sync 0
11:0 Async 0
11:0 Total 0
253:0 Read 1263726592
253:0 Write 1789952
253:0 Sync 196608
253:0 Async 1265319936
253:0 Total 1265516544
Total 1265516544
--------------------CPUAC-----------------------
user 12674
system 8378
 
Sat May 13 23:28:23 IST 2017
--------------------MEMCG-----------------------
MEM ONLY  : 1468 MB
MEM+SWAP  : 1468 MB
cache 1264058368
rss 275496960
rss_huge 0
mapped_file 36610048
writeback 0
swap 0
pgpgin 509118
pgpgout 133250
pgfault 279192
pgmajfault 489
inactive_anon 45056
active_anon 275521536
inactive_file 194895872
active_file 1069088768
unevictable 4096
hierarchical_memory_limit 1610612736
hierarchical_memsw_limit 5368709120
total_cache 1264058368
total_rss 275496960
total_rss_huge 0
total_mapped_file 36610048
total_writeback 0
total_swap 0
total_pgpgin 509118
total_pgpgout 133250
total_pgfault 279192
total_pgmajfault 489
total_inactive_anon 45056
total_active_anon 275521536
total_inactive_file 194895872
total_active_file 1069088768
total_unevictable 4096
--------------------BLKIO-----------------------
11:0 Read 0
11:0 Write 0
11:0 Sync 0
11:0 Async 0
11:0 Total 0
253:0 Read 1263726592
253:0 Write 1830912
253:0 Sync 196608
253:0 Async 1265360896
253:0 Total 1265557504
Total 1265557504
--------------------CPUAC-----------------------
user 13746
system 9038
 
Sat May 13 23:28:53 IST 2017
--------------------MEMCG-----------------------
MEM ONLY  : 1467 MB
MEM+SWAP  : 1467 MB
cache 1264058368
rss 274632704
rss_huge 0
mapped_file 36610048
writeback 0
swap 0
pgpgin 511915
pgpgout 136258
pgfault 281987
pgmajfault 489
inactive_anon 45056
active_anon 274599936
inactive_file 194895872
active_file 1069088768
unevictable 4096
hierarchical_memory_limit 1610612736
hierarchical_memsw_limit 5368709120
total_cache 1264058368
total_rss 274632704
total_rss_huge 0
total_mapped_file 36610048
total_writeback 0
total_swap 0
total_pgpgin 511915
total_pgpgout 136258
total_pgfault 281987
total_pgmajfault 489
total_inactive_anon 45056
total_active_anon 274599936
total_inactive_file 194895872
total_active_file 1069088768
total_unevictable 4096
--------------------BLKIO-----------------------
11:0 Read 0
11:0 Write 0
11:0 Sync 0
11:0 Async 0
11:0 Total 0
253:0 Read 1263726592
253:0 Write 1880064
253:0 Sync 196608
253:0 Async 1265410048
253:0 Total 1265606656
Total 1265606656
--------------------CPUAC-----------------------
user 14790
system 9696
 
Sat May 13 23:29:23 IST 2017
--------------------MEMCG-----------------------
MEM ONLY  : 1469 MB
MEM+SWAP  : 1469 MB
cache 1264062464
rss 276959232
rss_huge 0
mapped_file 36610048
writeback 0
swap 0
pgpgin 515477
pgpgout 139251
pgfault 285537
pgmajfault 489
inactive_anon 45056
active_anon 276983808
inactive_file 194899968
active_file 1069088768
unevictable 4096
hierarchical_memory_limit 1610612736
hierarchical_memsw_limit 5368709120
total_cache 1264062464
total_rss 276959232
total_rss_huge 0
total_mapped_file 36610048
total_writeback 0
total_swap 0
total_pgpgin 515477
total_pgpgout 139251
total_pgfault 285537
total_pgmajfault 489
total_inactive_anon 45056
total_active_anon 276983808
total_inactive_file 194899968
total_active_file 1069088768
total_unevictable 4096
--------------------BLKIO-----------------------
11:0 Read 0
11:0 Write 0
11:0 Sync 0
11:0 Async 0
11:0 Total 0
253:0 Read 1263726592
253:0 Write 1941504
253:0 Sync 196608
253:0 Async 1265471488
253:0 Total 1265668096
Total 1265668096
--------------------CPUAC-----------------------
user 15815
system 10351
 
Sat May 13 23:29:53 IST 2017
--------------------MEMCG-----------------------
MEM ONLY  : 1469 MB
MEM+SWAP  : 1469 MB
cache 1264066560
rss 276889600
rss_huge 0
mapped_file 36610048
writeback 0
swap 0
pgpgin 518341
pgpgout 142131
pgfault 288386
pgmajfault 489
inactive_anon 45056
active_anon 276914176
inactive_file 194904064
active_file 1069088768
unevictable 4096
hierarchical_memory_limit 1610612736
hierarchical_memsw_limit 5368709120
total_cache 1264066560
total_rss 276889600
total_rss_huge 0
total_mapped_file 36610048
total_writeback 0
total_swap 0
total_pgpgin 518341
total_pgpgout 142131
total_pgfault 288386
total_pgmajfault 489
total_inactive_anon 45056
total_active_anon 276914176
total_inactive_file 194904064
total_active_file 1069088768
total_unevictable 4096
--------------------BLKIO-----------------------
11:0 Read 0
11:0 Write 0
11:0 Sync 0
11:0 Async 0
11:0 Total 0
253:0 Read 1263726592
253:0 Write 2011136
253:0 Sync 196608
253:0 Async 1265541120
253:0 Total 1265737728
Total 1265737728
--------------------CPUAC-----------------------
user 16837
system 11022
 
Sat May 13 23:30:23 IST 2017
--------------------MEMCG-----------------------
MEM ONLY  : 1471 MB
MEM+SWAP  : 1471 MB
cache 1264066560
rss 279289856
rss_huge 0
mapped_file 36610048
writeback 0
swap 0
pgpgin 521765
pgpgout 144969
pgfault 291798
pgmajfault 489
inactive_anon 45056
active_anon 279314432
inactive_file 194904064
active_file 1069088768
unevictable 4096
hierarchical_memory_limit 1610612736
hierarchical_memsw_limit 5368709120
total_cache 1264066560
total_rss 279289856
total_rss_huge 0
total_mapped_file 36610048
total_writeback 0
total_swap 0
total_pgpgin 521765
total_pgpgout 144969
total_pgfault 291798
total_pgmajfault 489
total_inactive_anon 45056
total_active_anon 279314432
total_inactive_file 194904064
total_active_file 1069088768
total_unevictable 4096
--------------------BLKIO-----------------------
11:0 Read 0
11:0 Write 0
11:0 Sync 0
11:0 Async 0
11:0 Total 0
253:0 Read 1263726592
253:0 Write 2084864
253:0 Sync 196608
253:0 Async 1265614848
253:0 Total 1265811456
Total 1265811456
--------------------CPUAC-----------------------
user 17891
system 11662
 
Sat May 13 23:30:53 IST 2017
--------------------MEMCG-----------------------
MEM ONLY  : 1473 MB
MEM+SWAP  : 1473 MB
cache 1264070656
rss 280682496
rss_huge 0
mapped_file 36610048
writeback 0
swap 0
pgpgin 524897
pgpgout 147760
pgfault 294910
pgmajfault 489
inactive_anon 45056
active_anon 280649728
inactive_file 194850816
active_file 1069146112
unevictable 4096
hierarchical_memory_limit 1610612736
hierarchical_memsw_limit 5368709120
total_cache 1264070656
total_rss 280682496
total_rss_huge 0
total_mapped_file 36610048
total_writeback 0
total_swap 0
total_pgpgin 524897
total_pgpgout 147760
total_pgfault 294910
total_pgmajfault 489
total_inactive_anon 45056
total_active_anon 280649728
total_inactive_file 194850816
total_active_file 1069146112
total_unevictable 4096
--------------------BLKIO-----------------------
11:0 Read 0
11:0 Write 0
11:0 Sync 0
11:0 Async 0
11:0 Total 0
253:0 Read 1263726592
253:0 Write 2170880
253:0 Sync 196608
253:0 Async 1265700864
253:0 Total 1265897472
Total 1265897472
--------------------CPUAC-----------------------
user 18959
system 12314
 
Sat May 13 23:31:23 IST 2017
--------------------MEMCG-----------------------
MEM ONLY  : 1473 MB
MEM+SWAP  : 1473 MB
cache 1264074752
rss 281300992
rss_huge 0
mapped_file 36610048
writeback 0
swap 0
pgpgin 527691
pgpgout 150402
pgfault 297688
pgmajfault 489
inactive_anon 45056
active_anon 281300992
inactive_file 194740224
active_file 1069260800
unevictable 4096
hierarchical_memory_limit 1610612736
hierarchical_memsw_limit 5368709120
total_cache 1264074752
total_rss 281300992
total_rss_huge 0
total_mapped_file 36610048
total_writeback 0
total_swap 0
total_pgpgin 527691
total_pgpgout 150402
total_pgfault 297688
total_pgmajfault 489
total_inactive_anon 45056
total_active_anon 281300992
total_inactive_file 194740224
total_active_file 1069260800
total_unevictable 4096
--------------------BLKIO-----------------------
11:0 Read 0
11:0 Write 0
11:0 Sync 0
11:0 Async 0
11:0 Total 0
253:0 Read 1263726592
253:0 Write 2265088
253:0 Sync 196608
253:0 Async 1265795072
253:0 Total 1265991680
Total 1265991680
--------------------CPUAC-----------------------
user 19995
system 12969
 
Sat May 13 23:31:53 IST 2017
--------------------MEMCG-----------------------
MEM ONLY  : 1477 MB
MEM+SWAP  : 1477 MB
cache 1264078848
rss 284815360
rss_huge 0
mapped_file 36610048
writeback 0
swap 0
pgpgin 531162
pgpgout 153014
pgfault 301143
pgmajfault 489
inactive_anon 45056
active_anon 284839936
inactive_file 194514944
active_file 1069490176
unevictable 4096
hierarchical_memory_limit 1610612736
hierarchical_memsw_limit 5368709120
total_cache 1264078848
total_rss 284815360
total_rss_huge 0
total_mapped_file 36610048
total_writeback 0
total_swap 0
total_pgpgin 531162
total_pgpgout 153014
total_pgfault 301143
total_pgmajfault 489
total_inactive_anon 45056
total_active_anon 284839936
total_inactive_file 194514944
total_active_file 1069490176
total_unevictable 4096
--------------------BLKIO-----------------------
11:0 Read 0
11:0 Write 0
11:0 Sync 0
11:0 Async 0
11:0 Total 0
253:0 Read 1263726592
253:0 Write 2367488
253:0 Sync 196608
253:0 Async 1265897472
253:0 Total 1266094080
Total 1266094080
--------------------CPUAC-----------------------
user 21008
system 13646
 
Sat May 13 23:32:23 IST 2017
--------------------MEMCG-----------------------
MEM ONLY  : 1478 MB
MEM+SWAP  : 1478 MB
cache 1264078848
rss 285982720
rss_huge 0
mapped_file 36610048
writeback 0
swap 0
pgpgin 534117
pgpgout 155684
pgfault 304075
pgmajfault 489
inactive_anon 45056
active_anon 286007296
inactive_file 193482752
active_file 1070522368
unevictable 4096
hierarchical_memory_limit 1610612736
hierarchical_memsw_limit 5368709120
total_cache 1264078848
total_rss 285982720
total_rss_huge 0
total_mapped_file 36610048
total_writeback 0
total_swap 0
total_pgpgin 534117
total_pgpgout 155684
total_pgfault 304075
total_pgmajfault 489
total_inactive_anon 45056
total_active_anon 286007296
total_inactive_file 193482752
total_active_file 1070522368
total_unevictable 4096
--------------------BLKIO-----------------------
11:0 Read 0
11:0 Write 0
11:0 Sync 0
11:0 Async 0
11:0 Total 0
253:0 Read 1263726592
253:0 Write 2478080
253:0 Sync 196608
253:0 Async 1266008064
253:0 Total 1266204672
Total 1266204672
--------------------CPUAC-----------------------
user 22039
system 14312
 
Sat May 13 23:32:53 IST 2017
--------------------MEMCG-----------------------
MEM ONLY  : 1475 MB
MEM+SWAP  : 1475 MB
cache 1264091136
rss 282918912
rss_huge 0
mapped_file 36610048
writeback 0
swap 0
pgpgin 536234
pgpgout 158546
pgfault 306187
pgmajfault 489
inactive_anon 45056
active_anon 282943488
inactive_file 192430080
active_file 1071587328
unevictable 4096
hierarchical_memory_limit 1610612736
hierarchical_memsw_limit 5368709120
total_cache 1264091136
total_rss 282918912
total_rss_huge 0
total_mapped_file 36610048
total_writeback 0
total_swap 0
total_pgpgin 536234
total_pgpgout 158546
total_pgfault 306187
total_pgmajfault 489
total_inactive_anon 45056
total_active_anon 282943488
total_inactive_file 192430080
total_active_file 1071587328
total_unevictable 4096
--------------------BLKIO-----------------------
11:0 Read 0
11:0 Write 0
11:0 Sync 0
11:0 Async 0
11:0 Total 0
253:0 Read 1263726592
253:0 Write 2490368
253:0 Sync 196608
253:0 Async 1266020352
253:0 Total 1266216960
Total 1266216960
--------------------CPUAC-----------------------
user 23065
system 14992
 
Sat May 13 23:33:23 IST 2017
--------------------MEMCG-----------------------
MEM ONLY  : 1471 MB
MEM+SWAP  : 1471 MB
cache 1264095232
rss 278753280
rss_huge 0
mapped_file 36610048
writeback 0
swap 0
pgpgin 538395
pgpgout 161723
pgfault 308346
pgmajfault 489
inactive_anon 45056
active_anon 278777856
inactive_file 192061440
active_file 1071960064
unevictable 4096
hierarchical_memory_limit 1610612736
hierarchical_memsw_limit 5368709120
total_cache 1264095232
total_rss 278753280
total_rss_huge 0
total_mapped_file 36610048
total_writeback 0
total_swap 0
total_pgpgin 538395
total_pgpgout 161723
total_pgfault 308346
total_pgmajfault 489
total_inactive_anon 45056
total_active_anon 278777856
total_inactive_file 192061440
total_active_file 1071960064
total_unevictable 4096
--------------------BLKIO-----------------------
11:0 Read 0
11:0 Write 0
11:0 Sync 0
11:0 Async 0
11:0 Total 0
253:0 Read 1263726592
253:0 Write 2531328
253:0 Sync 196608
253:0 Async 1266061312
253:0 Total 1266257920
Total 1266257920
--------------------CPUAC-----------------------
user 24085
system 15668
 
Sat May 13 23:33:53 IST 2017
--------------------MEMCG-----------------------
MEM ONLY  : 1474 MB
MEM+SWAP  : 1474 MB
cache 1264095232
rss 281620480
rss_huge 0
mapped_file 36610048
writeback 0
swap 0
pgpgin 542197
pgpgout 164825
pgfault 312148
pgmajfault 489
inactive_anon 45056
active_anon 281645056
inactive_file 191975424
active_file 1072046080
unevictable 4096
hierarchical_memory_limit 1610612736
hierarchical_memsw_limit 5368709120
total_cache 1264095232
total_rss 281620480
total_rss_huge 0
total_mapped_file 36610048
total_writeback 0
total_swap 0
total_pgpgin 542197
total_pgpgout 164825
total_pgfault 312148
total_pgmajfault 489
total_inactive_anon 45056
total_active_anon 281645056
total_inactive_file 191975424
total_active_file 1072046080
total_unevictable 4096
--------------------BLKIO-----------------------
11:0 Read 0
11:0 Write 0
11:0 Sync 0
11:0 Async 0
11:0 Total 0
253:0 Read 1263726592
253:0 Write 2580480
253:0 Sync 196608
253:0 Async 1266110464
253:0 Total 1266307072
Total 1266307072
--------------------CPUAC-----------------------
user 25112
system 16363
 
Sat May 13 23:34:23 IST 2017
--------------------MEMCG-----------------------
MEM ONLY  : 1476 MB
MEM+SWAP  : 1476 MB
cache 1264099328
rss 283648000
rss_huge 0
mapped_file 36610048
writeback 0
swap 0
pgpgin 545625
pgpgout 167757
pgfault 315569
pgmajfault 489
inactive_anon 45056
active_anon 283672576
inactive_file 191979520
active_file 1072046080
unevictable 4096
hierarchical_memory_limit 1610612736
hierarchical_memsw_limit 5368709120
total_cache 1264099328
total_rss 283648000
total_rss_huge 0
total_mapped_file 36610048
total_writeback 0
total_swap 0
total_pgpgin 545625
total_pgpgout 167757
total_pgfault 315569
total_pgmajfault 489
total_inactive_anon 45056
total_active_anon 283672576
total_inactive_file 191979520
total_active_file 1072046080
total_unevictable 4096
--------------------BLKIO-----------------------
11:0 Read 0
11:0 Write 0
11:0 Sync 0
11:0 Async 0
11:0 Total 0
253:0 Read 1263726592
253:0 Write 2641920
253:0 Sync 196608
253:0 Async 1266171904
253:0 Total 1266368512
Total 1266368512
--------------------CPUAC-----------------------
user 26133
system 17029
 
