java -cp /home/ubuntu/ycsb/redis-binding/conf:/home/ubuntu/ycsb/conf:/home/ubuntu/ycsb/lib/commons-pool-1.5.5.jar:/home/ubuntu/ycsb/lib/jackson-mapper-asl-1.9.4.jar:/home/ubuntu/ycsb/lib/redis-binding-0.13.0-SNAPSHOT.jar:/home/ubuntu/ycsb/lib/jackson-core-asl-1.9.4.jar:/home/ubuntu/ycsb/lib/htrace-core4-4.1.0-incubating.jar:/home/ubuntu/ycsb/lib/jedis-2.0.0.jar:/home/ubuntu/ycsb/lib/HdrHistogram-2.1.4.jar:/home/ubuntu/ycsb/lib/core-0.13.0-SNAPSHOT.jar com.yahoo.ycsb.Client -db com.yahoo.ycsb.db.RedisClient -s -P /home/ubuntu/ycsb/workloads/workload1 -p redis.host=10.0.3.168 -p redis.port=6379 -load
Command line: -db com.yahoo.ycsb.db.RedisClient -s -P /home/ubuntu/ycsb/workloads/workload1 -p redis.host=10.0.3.168 -p redis.port=6379 -loadYCSB Client 0.13.0-SNAPSHOT

Loading workload...
Starting test.
DBWrapper: report latency for each error is false and specific error codes to track for latency are: []
2017-05-11 04:21:48:780 0 sec: 0 operations; est completion in 0 seconds 
2017-05-11 04:21:58:670 10 sec: 43029 operations; 4302.9 current ops/sec; est completion in 37 seconds [INSERT: Count=43046, Max=43871, Min=160, Avg=213.3, 90=210, 99=343, 99.9=5607, 99.99=23903] 
2017-05-11 04:22:08:670 20 sec: 91528 operations; 4849.9 current ops/sec; est completion in 24 seconds [INSERT: Count=48482, Max=43743, Min=163, Avg=199.41, 90=208, 99=272, 99.9=1758, 99.99=2205] 
2017-05-11 04:22:18:670 30 sec: 140562 operations; 4903.4 current ops/sec; est completion in 13 seconds [INSERT: Count=49034, Max=18799, Min=177, Avg=199.04, 90=207, 99=271, 99.9=1815, 99.99=2347] 
2017-05-11 04:22:28:670 40 sec: 162876 operations; 2231.4 current ops/sec; est completion in 10 seconds [INSERT: Count=22314, Max=260351, Min=178, Avg=442.82, 90=241, 99=7615, 99.9=27455, 99.99=61535] 
2017-05-11 04:22:38:670 50 sec: 171335 operations; 845.9 current ops/sec; est completion in 9 seconds [INSERT: Count=8459, Max=487679, Min=181, Avg=1173.08, 90=3213, 99=10671, 99.9=42399, 99.99=172799] 
2017-05-11 04:22:48:670 60 sec: 183905 operations; 1257 current ops/sec; est completion in 6 seconds [INSERT: Count=12570, Max=184959, Min=179, Avg=790.33, 90=287, 99=9887, 99.9=36031, 99.99=172799] 
2017-05-11 04:22:58:670 70 sec: 193642 operations; 973.7 current ops/sec; est completion in 3 seconds [INSERT: Count=9737, Max=561663, Min=179, Avg=1021.29, 90=827, 99=10415, 99.9=37663, 99.99=238847] 
2017-05-11 04:23:05:924 77 sec: 200000 operations; 876.48 current ops/sec; [CLEANUP: Count=1, Max=177, Min=177, Avg=177, 90=177, 99=177, 99.9=177, 99.99=177] [INSERT: Count=6358, Max=249215, Min=180, Avg=1136.15, 90=2829, 99=10935, 99.9=48191, 99.99=227455] 
[OVERALL], RunTime(ms), 77270.0
[OVERALL], Throughput(ops/sec), 2588.326646822829
[TOTAL_GCS_PS_Scavenge], Count, 281.0
[TOTAL_GC_TIME_PS_Scavenge], Time(ms), 415.0
[TOTAL_GC_TIME_%_PS_Scavenge], Time(%), 0.5370777792157371
[TOTAL_GCS_PS_MarkSweep], Count, 0.0
[TOTAL_GC_TIME_PS_MarkSweep], Time(ms), 0.0
[TOTAL_GC_TIME_%_PS_MarkSweep], Time(%), 0.0
[TOTAL_GCs], Count, 281.0
[TOTAL_GC_TIME], Time(ms), 415.0
[TOTAL_GC_TIME_%], Time(%), 0.5370777792157371
[CLEANUP], Operations, 1.0
[CLEANUP], AverageLatency(us), 177.0
[CLEANUP], MinLatency(us), 177.0
[CLEANUP], MaxLatency(us), 177.0
[CLEANUP], 95thPercentileLatency(us), 177.0
[CLEANUP], 99thPercentileLatency(us), 177.0
[INSERT], Operations, 200000.0
[INSERT], AverageLatency(us), 377.58084
[INSERT], MinLatency(us), 160.0
[INSERT], MaxLatency(us), 561663.0
[INSERT], 95thPercentileLatency(us), 252.0
[INSERT], 99thPercentileLatency(us), 6907.0
[INSERT], Return=OK, 200000
