========== START: Container 3 Memory STATS ==============
cache 385024
rss 1609998336
rss_huge 0
mapped_file 0
writeback 0
swap 554700800
pgpgin 649637
pgpgout 256477
pgfault 832487
pgmajfault 47824
inactive_anon 805363712
active_anon 804638720
inactive_file 57344
active_file 323584
unevictable 0
hierarchical_memory_limit 1610612736
hierarchical_memsw_limit 5368709120
total_cache 385024
total_rss 1609998336
total_rss_huge 0
total_mapped_file 0
total_writeback 0
total_swap 554700800
total_pgpgin 649637
total_pgpgout 256477
total_pgfault 832487
total_pgmajfault 47824
total_inactive_anon 805363712
total_active_anon 804638720
total_inactive_file 57344
total_active_file 323584
total_unevictable 0
======== END Container STATS ======
========== STOP: Container 3 Memory STATS ==============
cache 409600
rss 1609965568
rss_huge 0
mapped_file 0
writeback 0
swap 555044864
pgpgin 667580
pgpgout 274422
pgfault 874788
pgmajfault 64529
inactive_anon 807792640
active_anon 802181120
inactive_file 73728
active_file 327680
unevictable 0
hierarchical_memory_limit 1610612736
hierarchical_memsw_limit 5368709120
total_cache 409600
total_rss 1609965568
total_rss_huge 0
total_mapped_file 0
total_writeback 0
total_swap 555044864
total_pgpgin 667580
total_pgpgout 274422
total_pgfault 874788
total_pgmajfault 64529
total_inactive_anon 807792640
total_active_anon 802181120
total_inactive_file 73728
total_active_file 327680
total_unevictable 0
======== END Container STATS ======
