/usr/lib/jvm/java-7-openjdk-amd64/bin/java -cp /home/vm1/clients/ycsb_mongo/mongodb-binding/conf:/home/vm1/clients/ycsb_mongo/conf:/home/vm1/clients/ycsb_mongo/lib/jackson-mapper-asl-1.9.4.jar:/home/vm1/clients/ycsb_mongo/lib/jackson-core-asl-1.9.4.jar:/home/vm1/clients/ycsb_mongo/lib/htrace-core4-4.1.0-incubating.jar:/home/vm1/clients/ycsb_mongo/lib/core-0.12.0.jar:/home/vm1/clients/ycsb_mongo/lib/HdrHistogram-2.1.4.jar:/home/vm1/clients/ycsb_mongo/mongodb-binding/lib/mongo-java-driver-3.0.3.jar:/home/vm1/clients/ycsb_mongo/mongodb-binding/lib/logback-core-1.1.2.jar:/home/vm1/clients/ycsb_mongo/mongodb-binding/lib/mongodb-binding-0.12.0.jar:/home/vm1/clients/ycsb_mongo/mongodb-binding/lib/logback-classic-1.1.2.jar:/home/vm1/clients/ycsb_mongo/mongodb-binding/lib/mongodb-async-driver-2.0.1.jar:/home/vm1/clients/ycsb_mongo/mongodb-binding/lib/slf4j-api-1.6.4.jar com.yahoo.ycsb.Client -db com.yahoo.ycsb.db.MongoDbClient -s -P /home/vm1/clients/ycsb_mongo/workloads/workload1 -p mongodb.url=mongodb://10.0.3.220:27017/ycsb?w=0 -p maxexecutiontime=600 -t
YCSB Client 0.12.0
Command line: -db com.yahoo.ycsb.db.MongoDbClient -s -P /home/vm1/clients/ycsb_mongo/workloads/workload1 -p mongodb.url=mongodb://10.0.3.220:27017/ycsb?w=0 -p maxexecutiontime=600 -t
Loading workload...
Starting test.
Maximum execution time specified as: 600 secs
2017-05-20 00:35:37:628 0 sec: 0 operations; est completion in 0 seconds 
mongo client connection created with mongodb://10.0.3.220:27017/ycsb?w=0
DBWrapper: report latency for each error is false and specific error codes to track for latency are: []
2017-05-20 00:35:47:385 10 sec: 467 operations; 46.7 current ops/sec; est completion in 2 days 11 hours [READ: Count=468, Max=291071, Min=1078, Avg=19052.15, 90=28607, 99=41311, 99.9=291071, 99.99=291071] 
2017-05-20 00:35:57:385 20 sec: 1172 operations; 70.5 current ops/sec; est completion in 1 days 23 hours [READ: Count=704, Max=60927, Min=394, Avg=14146.85, 90=23711, 99=30767, 99.9=44671, 99.99=60927] 
2017-05-20 00:36:07:385 30 sec: 2003 operations; 83.1 current ops/sec; est completion in 1 days 17 hours [READ: Count=832, Max=61439, Min=367, Avg=11991.47, 90=19055, 99=29951, 99.9=58911, 99.99=61439] 
2017-05-20 00:36:17:385 40 sec: 2934 operations; 93.1 current ops/sec; est completion in 1 days 13 hours [READ: Count=930, Max=112831, Min=294, Avg=10722.52, 90=15815, 99=29775, 99.9=101823, 99.99=112831] 
2017-05-20 00:36:27:385 50 sec: 3933 operations; 99.9 current ops/sec; est completion in 1 days 11 hours [READ: Count=999, Max=153471, Min=293, Avg=9985.67, 90=15351, 99=22063, 99.9=71039, 99.99=153471] 
2017-05-20 00:36:37:385 60 sec: 4955 operations; 102.2 current ops/sec; est completion in 1 days 9 hours [READ: Count=1022, Max=40479, Min=259, Avg=9764.44, 90=15439, 99=17151, 99.9=31135, 99.99=40479] 
2017-05-20 00:36:47:385 70 sec: 5982 operations; 102.7 current ops/sec; est completion in 1 days 8 hours [READ: Count=1027, Max=60415, Min=213, Avg=9714.17, 90=15551, 99=19007, 99.9=58847, 99.99=60415] 
2017-05-20 00:36:57:385 80 sec: 7047 operations; 106.5 current ops/sec; est completion in 1 days 7 hours [READ: Count=1065, Max=93695, Min=215, Avg=9368.94, 90=15143, 99=16943, 99.9=35551, 99.99=93695] 
2017-05-20 00:37:07:385 90 sec: 8119 operations; 107.2 current ops/sec; est completion in 1 days 6 hours [READ: Count=1072, Max=91391, Min=211, Avg=9308.32, 90=15279, 99=16831, 99.9=35647, 99.99=91391] 
2017-05-20 00:37:17:385 100 sec: 9163 operations; 104.4 current ops/sec; est completion in 1 days 6 hours [READ: Count=1044, Max=47167, Min=207, Avg=9563.17, 90=15239, 99=23823, 99.9=32959, 99.99=47167] 
2017-05-20 00:37:27:385 110 sec: 10265 operations; 110.2 current ops/sec; est completion in 1 days 5 hours [READ: Count=1102, Max=52063, Min=153, Avg=9050.33, 90=15071, 99=16927, 99.9=50879, 99.99=52063] 
2017-05-20 00:37:37:385 120 sec: 11349 operations; 108.4 current ops/sec; est completion in 1 days 5 hours [READ: Count=1084, Max=108991, Min=137, Avg=9223.91, 90=15151, 99=17983, 99.9=48191, 99.99=108991] 
2017-05-20 00:37:47:385 130 sec: 12469 operations; 112 current ops/sec; est completion in 1 days 4 hours [READ: Count=1120, Max=70143, Min=134, Avg=8920.1, 90=14679, 99=16847, 99.9=58047, 99.99=70143] 
2017-05-20 00:37:57:385 140 sec: 13589 operations; 112 current ops/sec; est completion in 1 days 4 hours [READ: Count=1120, Max=40863, Min=128, Avg=8923.38, 90=14991, 99=16815, 99.9=30287, 99.99=40863] 
2017-05-20 00:38:07:385 150 sec: 14773 operations; 118.4 current ops/sec; est completion in 1 days 4 hours [READ: Count=1184, Max=51103, Min=128, Avg=8439.52, 90=14919, 99=16799, 99.9=29567, 99.99=51103] 
2017-05-20 00:38:17:385 160 sec: 15916 operations; 114.3 current ops/sec; est completion in 1 days 3 hours [READ: Count=1143, Max=102911, Min=122, Avg=8747.41, 90=15167, 99=17119, 99.9=51391, 99.99=102911] 
2017-05-20 00:38:27:385 170 sec: 17082 operations; 116.6 current ops/sec; est completion in 1 days 3 hours [READ: Count=1166, Max=63775, Min=121, Avg=8569.8, 90=14927, 99=16863, 99.9=40191, 99.99=63775] 
2017-05-20 00:38:37:385 180 sec: 18343 operations; 126.1 current ops/sec; est completion in 1 days 3 hours [READ: Count=1261, Max=50847, Min=117, Avg=7923.94, 90=14623, 99=17183, 99.9=36895, 99.99=50847] 
2017-05-20 00:38:47:385 190 sec: 19594 operations; 125.1 current ops/sec; est completion in 1 days 2 hours [READ: Count=1251, Max=69887, Min=119, Avg=7990.96, 90=14783, 99=16879, 99.9=61503, 99.99=69887] 
2017-05-20 00:38:57:385 200 sec: 20805 operations; 121.1 current ops/sec; est completion in 1 days 2 hours [READ: Count=1211, Max=121855, Min=118, Avg=8252.64, 90=14799, 99=16959, 99.9=60063, 99.99=121855] 
2017-05-20 00:39:07:385 210 sec: 21720 operations; 91.5 current ops/sec; est completion in 1 days 2 hours [READ: Count=915, Max=59679, Min=121, Avg=10901.76, 90=23135, 99=39711, 99.9=52383, 99.99=59679] 
2017-05-20 00:39:17:385 220 sec: 22900 operations; 118 current ops/sec; est completion in 1 days 2 hours [READ: Count=1180, Max=110399, Min=118, Avg=8483.83, 90=15591, 99=31279, 99.9=65151, 99.99=110399] 
2017-05-20 00:39:27:385 230 sec: 24237 operations; 133.7 current ops/sec; est completion in 1 days 2 hours [READ: Count=1337, Max=68479, Min=115, Avg=7480.57, 90=14751, 99=17295, 99.9=55679, 99.99=68479] 
2017-05-20 00:39:37:385 240 sec: 25554 operations; 131.7 current ops/sec; est completion in 1 days 2 hours [READ: Count=1317, Max=67391, Min=118, Avg=7582.52, 90=14791, 99=17519, 99.9=36543, 99.99=67391] 
2017-05-20 00:39:47:385 250 sec: 26884 operations; 133 current ops/sec; est completion in 1 days 1 hours [READ: Count=1330, Max=70079, Min=117, Avg=7517.67, 90=14591, 99=17615, 99.9=60831, 99.99=70079] 
2017-05-20 00:39:57:385 260 sec: 28228 operations; 134.4 current ops/sec; est completion in 1 days 1 hours [READ: Count=1344, Max=49535, Min=115, Avg=7438.77, 90=14591, 99=18719, 99.9=39551, 99.99=49535] 
2017-05-20 00:40:07:385 270 sec: 29657 operations; 142.9 current ops/sec; est completion in 1 days 1 hours [READ: Count=1429, Max=89407, Min=116, Avg=6987.56, 90=14463, 99=17327, 99.9=83199, 99.99=89407] 
2017-05-20 00:40:17:385 280 sec: 31036 operations; 137.9 current ops/sec; est completion in 1 days [READ: Count=1379, Max=50783, Min=116, Avg=7249.49, 90=14743, 99=17135, 99.9=36479, 99.99=50783] 
2017-05-20 00:40:27:387 290 sec: 32491 operations; 145.5 current ops/sec; est completion in 1 days [READ: Count=1455, Max=43263, Min=115, Avg=6869.36, 90=14559, 99=17279, 99.9=41727, 99.99=43263] 
2017-05-20 00:40:37:385 300 sec: 33969 operations; 147.8 current ops/sec; est completion in 1 days [READ: Count=1478, Max=45823, Min=113, Avg=6752.42, 90=14639, 99=17855, 99.9=39359, 99.99=45823] 
2017-05-20 00:40:47:385 310 sec: 35498 operations; 152.9 current ops/sec; est completion in 1 days [READ: Count=1529, Max=121599, Min=115, Avg=6535.42, 90=14343, 99=17807, 99.9=54559, 99.99=121599] 
2017-05-20 00:40:57:385 320 sec: 36965 operations; 146.7 current ops/sec; est completion in 23 hours 57 minutes [READ: Count=1467, Max=47583, Min=115, Avg=6816.48, 90=14511, 99=17983, 99.9=39167, 99.99=47583] 
2017-05-20 00:41:07:385 330 sec: 38584 operations; 161.9 current ops/sec; est completion in 23 hours 39 minutes [READ: Count=1619, Max=42815, Min=117, Avg=6170.88, 90=14159, 99=17983, 99.9=28511, 99.99=42815] 
2017-05-20 00:41:17:385 340 sec: 40145 operations; 156.1 current ops/sec; est completion in 23 hours 25 minutes [READ: Count=1561, Max=37663, Min=115, Avg=6401.73, 90=14663, 99=20287, 99.9=28639, 99.99=37663] 
2017-05-20 00:41:27:385 350 sec: 41742 operations; 159.7 current ops/sec; est completion in 23 hours 11 minutes [READ: Count=1597, Max=77119, Min=114, Avg=6255.44, 90=14207, 99=17343, 99.9=34687, 99.99=77119] 
2017-05-20 00:41:37:385 360 sec: 43419 operations; 167.7 current ops/sec; est completion in 22 hours 55 minutes [READ: Count=1677, Max=58143, Min=113, Avg=5955.23, 90=14263, 99=20335, 99.9=27295, 99.99=58143] 
2017-05-20 00:41:47:385 370 sec: 45096 operations; 167.7 current ops/sec; est completion in 22 hours 41 minutes [READ: Count=1678, Max=60735, Min=116, Avg=5963.91, 90=14319, 99=21871, 99.9=35295, 99.99=60735] 
2017-05-20 00:41:57:385 380 sec: 46842 operations; 174.6 current ops/sec; est completion in 22 hours 25 minutes [READ: Count=1745, Max=70655, Min=113, Avg=5724.82, 90=14415, 99=19935, 99.9=31007, 99.99=70655] 
2017-05-20 00:42:07:385 390 sec: 48618 operations; 177.6 current ops/sec; est completion in 22 hours 10 minutes [READ: Count=1776, Max=84223, Min=114, Avg=5627.86, 90=14119, 99=21023, 99.9=42143, 99.99=84223] 
2017-05-20 00:42:17:385 400 sec: 50358 operations; 174 current ops/sec; est completion in 21 hours 57 minutes [READ: Count=1740, Max=47967, Min=114, Avg=5736.57, 90=14431, 99=21007, 99.9=38335, 99.99=47967] 
2017-05-20 00:42:27:385 410 sec: 52239 operations; 188.1 current ops/sec; est completion in 21 hours 41 minutes [READ: Count=1881, Max=57663, Min=113, Avg=5316.44, 90=14047, 99=19599, 99.9=29215, 99.99=57663] 
2017-05-20 00:42:37:385 420 sec: 54090 operations; 185.1 current ops/sec; est completion in 21 hours 27 minutes [READ: Count=1851, Max=84927, Min=113, Avg=5399.54, 90=14191, 99=20847, 99.9=35615, 99.99=84927] 
2017-05-20 00:42:47:385 430 sec: 56096 operations; 200.6 current ops/sec; est completion in 21 hours 10 minutes [READ: Count=2006, Max=65503, Min=112, Avg=4985.36, 90=13967, 99=21759, 99.9=60383, 99.99=65503] 
2017-05-20 00:42:57:385 440 sec: 58084 operations; 198.8 current ops/sec; est completion in 20 hours 55 minutes [READ: Count=1988, Max=52575, Min=114, Avg=5021.2, 90=13871, 99=20639, 99.9=44447, 99.99=52575] 
2017-05-20 00:43:07:385 450 sec: 60127 operations; 204.3 current ops/sec; est completion in 20 hours 39 minutes [READ: Count=2043, Max=47103, Min=118, Avg=4893.6, 90=13599, 99=20847, 99.9=42623, 99.99=47103] 
2017-05-20 00:43:17:385 460 sec: 62235 operations; 210.8 current ops/sec; est completion in 20 hours 24 minutes [READ: Count=2108, Max=78015, Min=112, Avg=4742.64, 90=13735, 99=19919, 99.9=46175, 99.99=78015] 
2017-05-20 00:43:27:385 470 sec: 64473 operations; 223.8 current ops/sec; est completion in 20 hours 7 minutes [READ: Count=2238, Max=36159, Min=113, Avg=4464.58, 90=13471, 99=20607, 99.9=34687, 99.99=36159] 
2017-05-20 00:43:37:385 480 sec: 66650 operations; 217.7 current ops/sec; est completion in 19 hours 52 minutes [READ: Count=2177, Max=68159, Min=114, Avg=4579.98, 90=13511, 99=19823, 99.9=26879, 99.99=68159] 
2017-05-20 00:43:47:385 490 sec: 68944 operations; 229.4 current ops/sec; est completion in 19 hours 36 minutes [READ: Count=2294, Max=90239, Min=113, Avg=4361.86, 90=13159, 99=22575, 99.9=58559, 99.99=90239] 
2017-05-20 00:43:57:385 500 sec: 71423 operations; 247.9 current ops/sec; est completion in 19 hours 18 minutes [READ: Count=2479, Max=48063, Min=116, Avg=4034.49, 90=13031, 99=21119, 99.9=34143, 99.99=48063] 
2017-05-20 00:44:07:385 510 sec: 73832 operations; 240.9 current ops/sec; est completion in 19 hours 2 minutes [READ: Count=2409, Max=50815, Min=135, Avg=4143.2, 90=13063, 99=21375, 99.9=31663, 99.99=50815] 
2017-05-20 00:44:17:385 520 sec: 76354 operations; 252.2 current ops/sec; est completion in 18 hours 46 minutes [READ: Count=2522, Max=50047, Min=116, Avg=3965.53, 90=13023, 99=20223, 99.9=35295, 99.99=50047] 
2017-05-20 00:44:27:387 530 sec: 78887 operations; 253.3 current ops/sec; est completion in 18 hours 30 minutes [READ: Count=2533, Max=53791, Min=133, Avg=3945.61, 90=12703, 99=19935, 99.9=32239, 99.99=53791] 
2017-05-20 00:44:37:385 540 sec: 81560 operations; 267.3 current ops/sec; est completion in 18 hours 14 minutes [READ: Count=2673, Max=52735, Min=112, Avg=3733.37, 90=12215, 99=19071, 99.9=36415, 99.99=52735] 
2017-05-20 00:44:47:385 550 sec: 84442 operations; 288.2 current ops/sec; est completion in 17 hours 56 minutes [READ: Count=2882, Max=64799, Min=112, Avg=3468.14, 90=12639, 99=19279, 99.9=33247, 99.99=64799] 
2017-05-20 00:44:57:385 560 sec: 87300 operations; 285.8 current ops/sec; est completion in 17 hours 39 minutes [READ: Count=2858, Max=69439, Min=111, Avg=3488.45, 90=12055, 99=18783, 99.9=34655, 99.99=69439] 
2017-05-20 00:45:07:385 570 sec: 90424 operations; 312.4 current ops/sec; est completion in 17 hours 21 minutes [READ: Count=3124, Max=97599, Min=114, Avg=3203.1, 90=11703, 99=22319, 99.9=42335, 99.99=97599] 
2017-05-20 00:45:17:385 580 sec: 93599 operations; 317.5 current ops/sec; est completion in 17 hours 3 minutes [READ: Count=3175, Max=57535, Min=114, Avg=3147.37, 90=11631, 99=20399, 99.9=33183, 99.99=57535] 
2017-05-20 00:45:27:385 590 sec: 96908 operations; 330.9 current ops/sec; est completion in 16 hours 44 minutes [READ: Count=3309, Max=171135, Min=111, Avg=3017.19, 90=11487, 99=19279, 99.9=29695, 99.99=171135] 
2017-05-20 00:45:37:385 600 sec: 100322 operations; 341.4 current ops/sec; est completion in 16 hours 26 minutes [READ: Count=3414, Max=96767, Min=112, Avg=2924.97, 90=11479, 99=19647, 99.9=30831, 99.99=96767] 
Maximum time elapsed. Requesting stop for the workload.
Stop requested for workload. Now Joining!
2017-05-20 00:45:37:391 600 sec: 100323 operations; 166.67 current ops/sec; est completion in 16 hours 26 minutes [CLEANUP: Count=1, Max=1178, Min=1178, Avg=1178, 90=1178, 99=1178, 99.9=1178, 99.99=1178] [READ: Count=1, Max=21423, Min=21408, Avg=21416, 90=21423, 99=21423, 99.9=21423, 99.99=21423] 
[OVERALL], RunTime(ms), 600006.0
[OVERALL], Throughput(ops/sec), 167.20332796672034
[TOTAL_GCS_PS_Scavenge], Count, 90.0
[TOTAL_GC_TIME_PS_Scavenge], Time(ms), 248.0
[TOTAL_GC_TIME_%_PS_Scavenge], Time(%), 0.04133292000413329
[TOTAL_GCS_PS_MarkSweep], Count, 0.0
[TOTAL_GC_TIME_PS_MarkSweep], Time(ms), 0.0
[TOTAL_GC_TIME_%_PS_MarkSweep], Time(%), 0.0
[TOTAL_GCs], Count, 90.0
[TOTAL_GC_TIME], Time(ms), 248.0
[TOTAL_GC_TIME_%], Time(%), 0.04133292000413329
[CLEANUP], Operations, 1.0
[CLEANUP], AverageLatency(us), 1178.0
[CLEANUP], MinLatency(us), 1178.0
[CLEANUP], MaxLatency(us), 1178.0
[CLEANUP], 95thPercentileLatency(us), 1178.0
[CLEANUP], 99thPercentileLatency(us), 1178.0
[READ], Operations, 100323.0
[READ], AverageLatency(us), 5964.007864597351
[READ], MinLatency(us), 111.0
[READ], MaxLatency(us), 291071.0
[READ], 95thPercentileLatency(us), 16015.0
[READ], 99thPercentileLatency(us), 22575.0
[READ], Return=OK, 100323
