========== START: Container 1 Memory STATS ==============
cache 612372480
rss 262041600
rss_huge 0
mapped_file 37376000
writeback 0
swap 0
pgpgin 328801
pgpgout 115321
pgfault 242595
pgmajfault 497
inactive_anon 45056
active_anon 262066176
inactive_file 504717312
active_file 107581440
unevictable 4096
hierarchical_memory_limit 1073741824
hierarchical_memsw_limit 9223372036854771712
total_cache 612372480
total_rss 262041600
total_rss_huge 0
total_mapped_file 37376000
total_writeback 0
total_swap 0
total_pgpgin 328801
total_pgpgout 115321
total_pgfault 242595
total_pgmajfault 497
total_inactive_anon 45056
total_active_anon 262066176
total_inactive_file 504717312
total_active_file 107581440
total_unevictable 4096
======== END Container STATS ======
========== STOP: Container 1 Memory STATS ==============
cache 801837056
rss 271613952
rss_huge 0
mapped_file 4145152
writeback 3674112
swap 12926976
pgpgin 1266291
pgpgout 1004218
pgfault 255976
pgmajfault 547
inactive_anon 135933952
active_anon 135692288
inactive_file 401371136
active_file 400449536
unevictable 4096
hierarchical_memory_limit 1073741824
hierarchical_memsw_limit 9223372036854771712
total_cache 801837056
total_rss 271613952
total_rss_huge 0
total_mapped_file 4145152
total_writeback 3674112
total_swap 12926976
total_pgpgin 1266291
total_pgpgout 1004218
total_pgfault 255976
total_pgmajfault 547
total_inactive_anon 135933952
total_active_anon 135692288
total_inactive_file 401371136
total_active_file 400449536
total_unevictable 4096
======== END Container STATS ======
