20:19:50,010 (DBWorkload.java:259) INFO  - ======================================================================

Benchmark:     YCSB {com.oltpbenchmark.benchmarks.ycsb.YCSBBenchmark}
Configuration: /home/ubuntu/oltp/config/sample_ycsb_config.xml
Type:          MYSQL
Driver:        com.mysql.jdbc.Driver
URL:           jdbc:mysql://10.0.3.43:3306/ycsb
Isolation:     TRANSACTION_SERIALIZABLE
Scale Factor:  1400.0

20:19:50,012 (DBWorkload.java:260) INFO  - ======================================================================
20:19:50,071 (DBWorkload.java:512) INFO  - Creating new YCSB database...
20:19:51,530 (DBWorkload.java:514) INFO  - Finished!
20:19:51,530 (DBWorkload.java:515) INFO  - ======================================================================
20:19:51,530 (DBWorkload.java:538) INFO  - Loading data into YCSB database...
20:30:16,654 (DBWorkload.java:540) INFO  - Finished!
20:30:16,654 (DBWorkload.java:541) INFO  - ======================================================================
20:30:16,654 (DBWorkload.java:581) INFO  - Skipping benchmark workload execution
20:30:23,878 (DBWorkload.java:259) INFO  - ======================================================================

Benchmark:     YCSB {com.oltpbenchmark.benchmarks.ycsb.YCSBBenchmark}
Configuration: /home/ubuntu/oltp/config/sample_ycsb_config.xml
Type:          MYSQL
Driver:        com.mysql.jdbc.Driver
URL:           jdbc:mysql://10.0.3.43:3306/ycsb
Isolation:     TRANSACTION_SERIALIZABLE
Scale Factor:  1400.0

20:30:23,880 (DBWorkload.java:260) INFO  - ======================================================================
20:30:23,893 (DBWorkload.java:790) INFO  - Creating 10 virtual terminals...
20:30:25,657 (DBWorkload.java:795) INFO  - Launching the YCSB Benchmark with 1 Phase...
20:30:25,732 (ThreadBench.java:325) INFO  - [0;1mPHASE START[0;0m :: [Workload=YCSB] [Serial=false] [Time=600] [Rate=20000] [Arrival=REGULAR] [Ratios=[50.0, 5.0, 15.0, 10.0, 10.0, 10.0]] [ActiveWorkers=10]
20:30:25,733 (ThreadBench.java:472) INFO  - [0;1mMEASURE[0;0m :: Warmup complete, starting measurements.
20:40:25,734 (ThreadBench.java:428) INFO  - [0;1mTERMINATE[0;0m :: Waiting for all terminals to finish ..
20:40:26,387 (ThreadBench.java:233) INFO  - Starting WatchDogThread
20:40:26,714 (DBWorkload.java:801) INFO  - ======================================================================
20:40:26,714 (DBWorkload.java:802) INFO  - Rate limited reqs/s: Results(nanoSeconds=600000060842, measuredRequests=101678) = 169.4633161491882 requests/sec
20:40:26,891 (DBWorkload.java:675) INFO  - Output Raw data into file: results/oltpbench.12.csv
