Sat May 20 11:50:37 IST 2017
--------------------MEMCG-----------------------
MEM ONLY  : 131 MB
MEM+SWAP  : 131 MB
cache 79298560
rss 58482688
rss_huge 0
mapped_file 36749312
writeback 0
swap 0
pgpgin 130254
pgpgout 96616
pgfault 189165
pgmajfault 487
inactive_anon 45056
active_anon 58503168
inactive_file 64356352
active_file 14852096
unevictable 4096
hierarchical_memory_limit 6442450944
hierarchical_memsw_limit 32212254720
total_cache 79298560
total_rss 58482688
total_rss_huge 0
total_mapped_file 36749312
total_writeback 0
total_swap 0
total_pgpgin 130254
total_pgpgout 96616
total_pgfault 189165
total_pgmajfault 487
total_inactive_anon 45056
total_active_anon 58503168
total_inactive_file 64356352
total_active_file 14852096
total_unevictable 4096
--------------------BLKIO-----------------------
11:0 Read 0
11:0 Write 0
11:0 Sync 0
11:0 Async 0
11:0 Total 0
253:0 Read 78794752
253:0 Write 307200
253:0 Sync 61440
253:0 Async 79040512
253:0 Total 79101952
Total 79101952
--------------------CPUAC-----------------------
user 58
system 103
 
Sat May 20 11:51:07 IST 2017
--------------------MEMCG-----------------------
MEM ONLY  : 287 MB
MEM+SWAP  : 287 MB
cache 158769152
rss 142737408
rss_huge 0
mapped_file 36610048
writeback 0
swap 0
pgpgin 170394
pgpgout 96784
pgfault 209933
pgmajfault 487
inactive_anon 45056
active_anon 142761984
inactive_file 143822848
active_file 14872576
unevictable 4096
hierarchical_memory_limit 6442450944
hierarchical_memsw_limit 32212254720
total_cache 158769152
total_rss 142737408
total_rss_huge 0
total_mapped_file 36610048
total_writeback 0
total_swap 0
total_pgpgin 170394
total_pgpgout 96784
total_pgfault 209933
total_pgmajfault 487
total_inactive_anon 45056
total_active_anon 142761984
total_inactive_file 143822848
total_active_file 14872576
total_unevictable 4096
--------------------BLKIO-----------------------
11:0 Read 0
11:0 Write 0
11:0 Sync 0
11:0 Async 0
11:0 Total 0
253:0 Read 158244864
253:0 Write 442368
253:0 Sync 159744
253:0 Async 158527488
253:0 Total 158687232
Total 158687232
--------------------CPUAC-----------------------
user 84
system 129
 
Sat May 20 11:51:37 IST 2017
--------------------MEMCG-----------------------
MEM ONLY  : 449 MB
MEM+SWAP  : 449 MB
cache 242827264
rss 228442112
rss_huge 0
mapped_file 36610048
writeback 0
swap 0
pgpgin 211939
pgpgout 96883
pgfault 230974
pgmajfault 487
inactive_anon 45056
active_anon 228466688
inactive_file 227860480
active_file 14872576
unevictable 4096
hierarchical_memory_limit 6442450944
hierarchical_memsw_limit 32212254720
total_cache 242827264
total_rss 228442112
total_rss_huge 0
total_mapped_file 36610048
total_writeback 0
total_swap 0
total_pgpgin 211939
total_pgpgout 96883
total_pgfault 230974
total_pgmajfault 487
total_inactive_anon 45056
total_active_anon 228466688
total_inactive_file 227860480
total_active_file 14872576
total_unevictable 4096
--------------------BLKIO-----------------------
11:0 Read 0
11:0 Write 0
11:0 Sync 0
11:0 Async 0
11:0 Total 0
253:0 Read 242298880
253:0 Write 483328
253:0 Sync 159744
253:0 Async 242622464
253:0 Total 242782208
Total 242782208
--------------------CPUAC-----------------------
user 118
system 155
 
Sat May 20 11:52:07 IST 2017
--------------------MEMCG-----------------------
MEM ONLY  : 556 MB
MEM+SWAP  : 556 MB
cache 326922240
rss 256446464
rss_huge 0
mapped_file 36610048
writeback 0
swap 0
pgpgin 239410
pgpgout 96986
pgfault 237911
pgmajfault 487
inactive_anon 45056
active_anon 256471040
inactive_file 305311744
active_file 21483520
unevictable 4096
hierarchical_memory_limit 6442450944
hierarchical_memsw_limit 32212254720
total_cache 326922240
total_rss 256446464
total_rss_huge 0
total_mapped_file 36610048
total_writeback 0
total_swap 0
total_pgpgin 239410
total_pgpgout 96986
total_pgfault 237911
total_pgmajfault 487
total_inactive_anon 45056
total_active_anon 256471040
total_inactive_file 305311744
total_active_file 21483520
total_unevictable 4096
--------------------BLKIO-----------------------
11:0 Read 0
11:0 Write 0
11:0 Sync 0
11:0 Async 0
11:0 Total 0
253:0 Read 326422528
253:0 Write 569344
253:0 Sync 196608
253:0 Async 326795264
253:0 Total 326991872
Total 326991872
--------------------CPUAC-----------------------
user 149
system 180
 
Sat May 20 11:52:37 IST 2017
--------------------MEMCG-----------------------
MEM ONLY  : 641 MB
MEM+SWAP  : 641 MB
cache 414900224
rss 257376256
rss_huge 0
mapped_file 36610048
writeback 0
swap 0
pgpgin 261271
pgpgout 97141
pgfault 238281
pgmajfault 487
inactive_anon 45056
active_anon 257400832
inactive_file 386514944
active_file 28282880
unevictable 4096
hierarchical_memory_limit 6442450944
hierarchical_memsw_limit 32212254720
total_cache 414900224
total_rss 257376256
total_rss_huge 0
total_mapped_file 36610048
total_writeback 0
total_swap 0
total_pgpgin 261271
total_pgpgout 97141
total_pgfault 238281
total_pgmajfault 487
total_inactive_anon 45056
total_active_anon 257400832
total_inactive_file 386514944
total_active_file 28282880
total_unevictable 4096
--------------------BLKIO-----------------------
11:0 Read 0
11:0 Write 0
11:0 Sync 0
11:0 Async 0
11:0 Total 0
253:0 Read 414359552
253:0 Write 626688
253:0 Sync 196608
253:0 Async 414789632
253:0 Total 414986240
Total 414986240
--------------------CPUAC-----------------------
user 188
system 209
 
Sat May 20 11:53:07 IST 2017
--------------------MEMCG-----------------------
MEM ONLY  : 725 MB
MEM+SWAP  : 725 MB
cache 503115776
rss 257224704
rss_huge 0
mapped_file 36610048
writeback 0
swap 0
pgpgin 282959
pgpgout 97329
pgfault 238417
pgmajfault 487
inactive_anon 45056
active_anon 257249280
inactive_file 466698240
active_file 36315136
unevictable 4096
hierarchical_memory_limit 6442450944
hierarchical_memsw_limit 32212254720
total_cache 503115776
total_rss 257224704
total_rss_huge 0
total_mapped_file 36610048
total_writeback 0
total_swap 0
total_pgpgin 282959
total_pgpgout 97329
total_pgfault 238417
total_pgmajfault 487
total_inactive_anon 45056
total_active_anon 257249280
total_inactive_file 466698240
total_active_file 36315136
total_unevictable 4096
--------------------BLKIO-----------------------
11:0 Read 0
11:0 Write 0
11:0 Sync 0
11:0 Async 0
11:0 Total 0
253:0 Read 502571008
253:0 Write 692224
253:0 Sync 196608
253:0 Async 503066624
253:0 Total 503263232
Total 503263232
--------------------CPUAC-----------------------
user 234
system 234
 
Sat May 20 11:53:38 IST 2017
--------------------MEMCG-----------------------
MEM ONLY  : 811 MB
MEM+SWAP  : 811 MB
cache 593944576
rss 257196032
rss_huge 0
mapped_file 36610048
writeback 0
swap 0
pgpgin 305361
pgpgout 97563
pgfault 238626
pgmajfault 487
inactive_anon 45056
active_anon 257220608
inactive_file 546549760
active_file 47321088
unevictable 4096
hierarchical_memory_limit 6442450944
hierarchical_memsw_limit 32212254720
total_cache 593944576
total_rss 257196032
total_rss_huge 0
total_mapped_file 36610048
total_writeback 0
total_swap 0
total_pgpgin 305361
total_pgpgout 97563
total_pgfault 238626
total_pgmajfault 487
total_inactive_anon 45056
total_active_anon 257220608
total_inactive_file 546549760
total_active_file 47321088
total_unevictable 4096
--------------------BLKIO-----------------------
11:0 Read 0
11:0 Write 0
11:0 Sync 0
11:0 Async 0
11:0 Total 0
253:0 Read 593399808
253:0 Write 765952
253:0 Sync 196608
253:0 Async 593969152
253:0 Total 594165760
Total 594165760
--------------------CPUAC-----------------------
user 273
system 261
 
Sat May 20 11:54:08 IST 2017
--------------------MEMCG-----------------------
MEM ONLY  : 897 MB
MEM+SWAP  : 897 MB
cache 684003328
rss 257388544
rss_huge 0
mapped_file 36610048
writeback 0
swap 0
pgpgin 327504
pgpgout 97672
pgfault 238764
pgmajfault 487
inactive_anon 45056
active_anon 257413120
inactive_file 623300608
active_file 60628992
unevictable 4096
hierarchical_memory_limit 6442450944
hierarchical_memsw_limit 32212254720
total_cache 684003328
total_rss 257388544
total_rss_huge 0
total_mapped_file 36610048
total_writeback 0
total_swap 0
total_pgpgin 327504
total_pgpgout 97672
total_pgfault 238764
total_pgmajfault 487
total_inactive_anon 45056
total_active_anon 257413120
total_inactive_file 623300608
total_active_file 60628992
total_unevictable 4096
--------------------BLKIO-----------------------
11:0 Read 0
11:0 Write 0
11:0 Sync 0
11:0 Async 0
11:0 Total 0
253:0 Read 683454464
253:0 Write 847872
253:0 Sync 196608
253:0 Async 684105728
253:0 Total 684302336
Total 684302336
--------------------CPUAC-----------------------
user 320
system 292
 
Sat May 20 11:54:38 IST 2017
--------------------MEMCG-----------------------
MEM ONLY  : 989 MB
MEM+SWAP  : 989 MB
cache 779501568
rss 257626112
rss_huge 0
mapped_file 36610048
writeback 0
swap 0
pgpgin 350988
pgpgout 97783
pgfault 238912
pgmajfault 487
inactive_anon 45056
active_anon 257650688
inactive_file 700157952
active_file 79261696
unevictable 4096
hierarchical_memory_limit 6442450944
hierarchical_memsw_limit 32212254720
total_cache 779501568
total_rss 257626112
total_rss_huge 0
total_mapped_file 36610048
total_writeback 0
total_swap 0
total_pgpgin 350988
total_pgpgout 97783
total_pgfault 238912
total_pgmajfault 487
total_inactive_anon 45056
total_active_anon 257650688
total_inactive_file 700157952
total_active_file 79261696
total_unevictable 4096
--------------------BLKIO-----------------------
11:0 Read 0
11:0 Write 0
11:0 Sync 0
11:0 Async 0
11:0 Total 0
253:0 Read 778952704
253:0 Write 933888
253:0 Sync 196608
253:0 Async 779689984
253:0 Total 779886592
Total 779886592
--------------------CPUAC-----------------------
user 364
system 324
 
Sat May 20 11:55:08 IST 2017
--------------------MEMCG-----------------------
MEM ONLY  : 1082 MB
MEM+SWAP  : 1081 MB
cache 876646400
rss 257794048
rss_huge 0
mapped_file 36610048
writeback 0
swap 0
pgpgin 374859
pgpgout 97896
pgfault 239043
pgmajfault 487
inactive_anon 45056
active_anon 257818624
inactive_file 773287936
active_file 103284736
unevictable 4096
hierarchical_memory_limit 6442450944
hierarchical_memsw_limit 32212254720
total_cache 876646400
total_rss 257794048
total_rss_huge 0
total_mapped_file 36610048
total_writeback 0
total_swap 0
total_pgpgin 374859
total_pgpgout 97896
total_pgfault 239043
total_pgmajfault 487
total_inactive_anon 45056
total_active_anon 257818624
total_inactive_file 773287936
total_active_file 103284736
total_unevictable 4096
--------------------BLKIO-----------------------
11:0 Read 0
11:0 Write 0
11:0 Sync 0
11:0 Async 0
11:0 Total 0
253:0 Read 876093440
253:0 Write 999424
253:0 Sync 196608
253:0 Async 876896256
253:0 Total 877092864
Total 877092864
--------------------CPUAC-----------------------
user 412
system 348
 
Sat May 20 11:55:38 IST 2017
--------------------MEMCG-----------------------
MEM ONLY  : 1176 MB
MEM+SWAP  : 1176 MB
cache 976084992
rss 257818624
rss_huge 0
mapped_file 36610048
writeback 0
swap 0
pgpgin 399237
pgpgout 97991
pgfault 239139
pgmajfault 487
inactive_anon 45056
active_anon 257843200
inactive_file 843657216
active_file 132300800
unevictable 4096
hierarchical_memory_limit 6442450944
hierarchical_memsw_limit 32212254720
total_cache 976084992
total_rss 257818624
total_rss_huge 0
total_mapped_file 36610048
total_writeback 0
total_swap 0
total_pgpgin 399237
total_pgpgout 97991
total_pgfault 239139
total_pgmajfault 487
total_inactive_anon 45056
total_active_anon 257843200
total_inactive_file 843657216
total_active_file 132300800
total_unevictable 4096
--------------------BLKIO-----------------------
11:0 Read 0
11:0 Write 0
11:0 Sync 0
11:0 Async 0
11:0 Total 0
253:0 Read 975519744
253:0 Write 1024000
253:0 Sync 196608
253:0 Async 976347136
253:0 Total 976543744
Total 976543744
--------------------CPUAC-----------------------
user 462
system 376
 
Sat May 20 11:56:08 IST 2017
--------------------MEMCG-----------------------
MEM ONLY  : 1280 MB
MEM+SWAP  : 1280 MB
cache 1085362176
rss 257646592
rss_huge 0
mapped_file 36610048
writeback 0
swap 0
pgpgin 426077
pgpgout 98194
pgfault 239291
pgmajfault 487
inactive_anon 45056
active_anon 257671168
inactive_file 920920064
active_file 164311040
unevictable 4096
hierarchical_memory_limit 6442450944
hierarchical_memsw_limit 32212254720
total_cache 1085362176
total_rss 257646592
total_rss_huge 0
total_mapped_file 36610048
total_writeback 0
total_swap 0
total_pgpgin 426077
total_pgpgout 98194
total_pgfault 239291
total_pgmajfault 487
total_inactive_anon 45056
total_active_anon 257671168
total_inactive_file 920920064
total_active_file 164311040
total_unevictable 4096
--------------------BLKIO-----------------------
11:0 Read 0
11:0 Write 0
11:0 Sync 0
11:0 Async 0
11:0 Total 0
253:0 Read 1084792832
253:0 Write 1064960
253:0 Sync 196608
253:0 Async 1085661184
253:0 Total 1085857792
Total 1085857792
--------------------CPUAC-----------------------
user 513
system 401
 
Sat May 20 11:56:38 IST 2017
--------------------MEMCG-----------------------
MEM ONLY  : 1385 MB
MEM+SWAP  : 1385 MB
cache 1195720704
rss 257425408
rss_huge 0
mapped_file 36610048
writeback 0
swap 0
pgpgin 453183
pgpgout 98411
pgfault 239442
pgmajfault 487
inactive_anon 45056
active_anon 257449984
inactive_file 994418688
active_file 201187328
unevictable 4096
hierarchical_memory_limit 6442450944
hierarchical_memsw_limit 32212254720
total_cache 1195720704
total_rss 257425408
total_rss_huge 0
total_mapped_file 36610048
total_writeback 0
total_swap 0
total_pgpgin 453183
total_pgpgout 98411
total_pgfault 239442
total_pgmajfault 487
total_inactive_anon 45056
total_active_anon 257449984
total_inactive_file 994418688
total_active_file 201187328
total_unevictable 4096
--------------------BLKIO-----------------------
11:0 Read 0
11:0 Write 0
11:0 Sync 0
11:0 Async 0
11:0 Total 0
253:0 Read 1195151360
253:0 Write 1114112
253:0 Sync 196608
253:0 Async 1196068864
253:0 Total 1196265472
Total 1196265472
--------------------CPUAC-----------------------
user 560
system 430
 
Sat May 20 11:57:08 IST 2017
--------------------MEMCG-----------------------
MEM ONLY  : 1497 MB
MEM+SWAP  : 1497 MB
cache 1312800768
rss 257105920
rss_huge 0
mapped_file 36610048
writeback 0
swap 0
pgpgin 481878
pgpgout 98600
pgfault 239540
pgmajfault 487
inactive_anon 45056
active_anon 257130496
inactive_file 1065213952
active_file 247480320
unevictable 4096
hierarchical_memory_limit 6442450944
hierarchical_memsw_limit 32212254720
total_cache 1312800768
total_rss 257105920
total_rss_huge 0
total_mapped_file 36610048
total_writeback 0
total_swap 0
total_pgpgin 481878
total_pgpgout 98600
total_pgfault 239540
total_pgmajfault 487
total_inactive_anon 45056
total_active_anon 257130496
total_inactive_file 1065213952
total_active_file 247480320
total_unevictable 4096
--------------------BLKIO-----------------------
11:0 Read 0
11:0 Write 0
11:0 Sync 0
11:0 Async 0
11:0 Total 0
253:0 Read 1312227328
253:0 Write 1171456
253:0 Sync 196608
253:0 Async 1313202176
253:0 Total 1313398784
Total 1313398784
--------------------CPUAC-----------------------
user 614
system 460
 
Sat May 20 11:57:38 IST 2017
--------------------MEMCG-----------------------
MEM ONLY  : 1610 MB
MEM+SWAP  : 1610 MB
cache 1430646784
rss 257826816
rss_huge 0
mapped_file 36610048
writeback 0
swap 0
pgpgin 510930
pgpgout 98705
pgfault 239806
pgmajfault 487
inactive_anon 45056
active_anon 257851392
inactive_file 1127800832
active_file 302772224
unevictable 4096
hierarchical_memory_limit 6442450944
hierarchical_memsw_limit 32212254720
total_cache 1430646784
total_rss 257826816
total_rss_huge 0
total_mapped_file 36610048
total_writeback 0
total_swap 0
total_pgpgin 510930
total_pgpgout 98705
total_pgfault 239806
total_pgmajfault 487
total_inactive_anon 45056
total_active_anon 257851392
total_inactive_file 1127800832
total_active_file 302772224
total_unevictable 4096
--------------------BLKIO-----------------------
11:0 Read 0
11:0 Write 0
11:0 Sync 0
11:0 Async 0
11:0 Total 0
253:0 Read 1430073344
253:0 Write 1232896
253:0 Sync 196608
253:0 Async 1431109632
253:0 Total 1431306240
Total 1431306240
--------------------CPUAC-----------------------
user 678
system 503
 
Sat May 20 11:58:08 IST 2017
--------------------MEMCG-----------------------
MEM ONLY  : 1728 MB
MEM+SWAP  : 1728 MB
cache 1553915904
rss 257937408
rss_huge 0
mapped_file 36610048
writeback 0
swap 0
pgpgin 541220
pgpgout 98873
pgfault 239985
pgmajfault 487
inactive_anon 45056
active_anon 257961984
inactive_file 1183014912
active_file 370806784
unevictable 4096
hierarchical_memory_limit 6442450944
hierarchical_memsw_limit 32212254720
total_cache 1553915904
total_rss 257937408
total_rss_huge 0
total_mapped_file 36610048
total_writeback 0
total_swap 0
total_pgpgin 541220
total_pgpgout 98873
total_pgfault 239985
total_pgmajfault 487
total_inactive_anon 45056
total_active_anon 257961984
total_inactive_file 1183014912
total_active_file 370806784
total_unevictable 4096
--------------------BLKIO-----------------------
11:0 Read 0
11:0 Write 0
11:0 Sync 0
11:0 Async 0
11:0 Total 0
253:0 Read 1553338368
253:0 Write 1306624
253:0 Sync 196608
253:0 Async 1554448384
253:0 Total 1554644992
Total 1554644992
--------------------CPUAC-----------------------
user 743
system 537
 
Sat May 20 11:58:38 IST 2017
--------------------MEMCG-----------------------
MEM ONLY  : 1851 MB
MEM+SWAP  : 1851 MB
cache 1682714624
rss 258093056
rss_huge 0
mapped_file 36610048
writeback 0
swap 0
pgpgin 572977
pgpgout 99147
pgfault 240278
pgmajfault 487
inactive_anon 45056
active_anon 258117632
inactive_file 1234657280
active_file 447983616
unevictable 4096
hierarchical_memory_limit 6442450944
hierarchical_memsw_limit 32212254720
total_cache 1682714624
total_rss 258093056
total_rss_huge 0
total_mapped_file 36610048
total_writeback 0
total_swap 0
total_pgpgin 572977
total_pgpgout 99147
total_pgfault 240278
total_pgmajfault 487
total_inactive_anon 45056
total_active_anon 258117632
total_inactive_file 1234657280
total_active_file 447983616
total_unevictable 4096
--------------------BLKIO-----------------------
11:0 Read 0
11:0 Write 0
11:0 Sync 0
11:0 Async 0
11:0 Total 0
253:0 Read 1682161664
253:0 Write 1388544
253:0 Sync 196608
253:0 Async 1683353600
253:0 Total 1683550208
Total 1683550208
--------------------CPUAC-----------------------
user 805
system 578
 
Sat May 20 11:59:08 IST 2017
--------------------MEMCG-----------------------
MEM ONLY  : 1975 MB
MEM+SWAP  : 1976 MB
cache 1814679552
rss 257265664
rss_huge 0
mapped_file 36610048
writeback 0
swap 0
pgpgin 605365
pgpgout 99519
pgfault 240427
pgmajfault 487
inactive_anon 45056
active_anon 257290240
inactive_file 1273028608
active_file 541544448
unevictable 4096
hierarchical_memory_limit 6442450944
hierarchical_memsw_limit 32212254720
total_cache 1814679552
total_rss 257265664
total_rss_huge 0
total_mapped_file 36610048
total_writeback 0
total_swap 0
total_pgpgin 605365
total_pgpgout 99519
total_pgfault 240427
total_pgmajfault 487
total_inactive_anon 45056
total_active_anon 257290240
total_inactive_file 1273028608
total_active_file 541544448
total_unevictable 4096
--------------------BLKIO-----------------------
11:0 Read 0
11:0 Write 0
11:0 Sync 0
11:0 Async 0
11:0 Total 0
253:0 Read 1814093824
253:0 Write 1478656
253:0 Sync 196608
253:0 Async 1815375872
253:0 Total 1815572480
Total 1815572480
--------------------CPUAC-----------------------
user 890
system 617
 
Sat May 20 11:59:38 IST 2017
--------------------MEMCG-----------------------
MEM ONLY  : 2105 MB
MEM+SWAP  : 2105 MB
cache 1949921280
rss 257867776
rss_huge 0
mapped_file 36610048
writeback 0
swap 0
pgpgin 638826
pgpgout 99815
pgfault 240846
pgmajfault 487
inactive_anon 45056
active_anon 257892352
inactive_file 1295200256
active_file 654618624
unevictable 4096
hierarchical_memory_limit 6442450944
hierarchical_memsw_limit 32212254720
total_cache 1949921280
total_rss 257867776
total_rss_huge 0
total_mapped_file 36610048
total_writeback 0
total_swap 0
total_pgpgin 638826
total_pgpgout 99815
total_pgfault 240846
total_pgmajfault 487
total_inactive_anon 45056
total_active_anon 257892352
total_inactive_file 1295200256
total_active_file 654618624
total_unevictable 4096
--------------------BLKIO-----------------------
11:0 Read 0
11:0 Write 0
11:0 Sync 0
11:0 Async 0
11:0 Total 0
253:0 Read 1949335552
253:0 Write 1576960
253:0 Sync 196608
253:0 Async 1950715904
253:0 Total 1950912512
Total 1950912512
--------------------CPUAC-----------------------
user 986
system 664
 
Sat May 20 12:00:08 IST 2017
--------------------MEMCG-----------------------
MEM ONLY  : 2237 MB
MEM+SWAP  : 2237 MB
cache 2088173568
rss 258277376
rss_huge 0
mapped_file 36610048
writeback 0
swap 0
pgpgin 673104
pgpgout 100240
pgfault 241347
pgmajfault 487
inactive_anon 45056
active_anon 258301952
inactive_file 1291472896
active_file 796626944
unevictable 4096
hierarchical_memory_limit 6442450944
hierarchical_memsw_limit 32212254720
total_cache 2088173568
total_rss 258277376
total_rss_huge 0
total_mapped_file 36610048
total_writeback 0
total_swap 0
total_pgpgin 673104
total_pgpgout 100240
total_pgfault 241347
total_pgmajfault 487
total_inactive_anon 45056
total_active_anon 258301952
total_inactive_file 1291472896
total_active_file 796626944
total_unevictable 4096
--------------------BLKIO-----------------------
11:0 Read 0
11:0 Write 0
11:0 Sync 0
11:0 Async 0
11:0 Total 0
253:0 Read 2087579648
253:0 Write 1646592
253:0 Sync 196608
253:0 Async 2089029632
253:0 Total 2089226240
Total 2089226240
--------------------CPUAC-----------------------
user 1096
system 721
 
Sat May 20 12:00:38 IST 2017
--------------------MEMCG-----------------------
MEM ONLY  : 2330 MB
MEM+SWAP  : 2330 MB
cache 2182668288
rss 261554176
rss_huge 0
mapped_file 37384192
writeback 0
swap 0
pgpgin 697180
pgpgout 100446
pgfault 242373
pgmajfault 497
inactive_anon 45056
active_anon 261578752
inactive_file 1254158336
active_file 928436224
unevictable 4096
hierarchical_memory_limit 6442450944
hierarchical_memsw_limit 32212254720
total_cache 2182668288
total_rss 261554176
total_rss_huge 0
total_mapped_file 37384192
total_writeback 0
total_swap 0
total_pgpgin 697180
total_pgpgout 100446
total_pgfault 242373
total_pgmajfault 497
total_inactive_anon 45056
total_active_anon 261578752
total_inactive_file 1254158336
total_active_file 928436224
total_unevictable 4096
--------------------BLKIO-----------------------
11:0 Read 0
11:0 Write 0
11:0 Sync 0
11:0 Async 0
11:0 Total 0
253:0 Read 2182062080
253:0 Write 1671168
253:0 Sync 196608
253:0 Async 2183536640
253:0 Total 2183733248
Total 2183733248
--------------------CPUAC-----------------------
user 1194
system 771
 
Sat May 20 12:01:08 IST 2017
--------------------MEMCG-----------------------
MEM ONLY  : 2331 MB
MEM+SWAP  : 2331 MB
cache 2182668288
rss 261558272
rss_huge 0
mapped_file 37384192
writeback 0
swap 0
pgpgin 697280
pgpgout 100545
pgfault 242464
pgmajfault 497
inactive_anon 45056
active_anon 261582848
inactive_file 1254158336
active_file 928436224
unevictable 4096
hierarchical_memory_limit 6442450944
hierarchical_memsw_limit 32212254720
total_cache 2182668288
total_rss 261558272
total_rss_huge 0
total_mapped_file 37384192
total_writeback 0
total_swap 0
total_pgpgin 697280
total_pgpgout 100545
total_pgfault 242464
total_pgmajfault 497
total_inactive_anon 45056
total_active_anon 261582848
total_inactive_file 1254158336
total_active_file 928436224
total_unevictable 4096
--------------------BLKIO-----------------------
11:0 Read 0
11:0 Write 0
11:0 Sync 0
11:0 Async 0
11:0 Total 0
253:0 Read 2182062080
253:0 Write 1708032
253:0 Sync 196608
253:0 Async 2183573504
253:0 Total 2183770112
Total 2183770112
--------------------CPUAC-----------------------
user 1196
system 772
 
Sat May 20 12:01:38 IST 2017
--------------------MEMCG-----------------------
MEM ONLY  : 2330 MB
MEM+SWAP  : 2330 MB
cache 2182668288
rss 261558272
rss_huge 0
mapped_file 37384192
writeback 0
swap 0
pgpgin 697379
pgpgout 100644
pgfault 242554
pgmajfault 497
inactive_anon 45056
active_anon 261582848
inactive_file 1254158336
active_file 928436224
unevictable 4096
hierarchical_memory_limit 6442450944
hierarchical_memsw_limit 32212254720
total_cache 2182668288
total_rss 261558272
total_rss_huge 0
total_mapped_file 37384192
total_writeback 0
total_swap 0
total_pgpgin 697379
total_pgpgout 100644
total_pgfault 242554
total_pgmajfault 497
total_inactive_anon 45056
total_active_anon 261582848
total_inactive_file 1254158336
total_active_file 928436224
total_unevictable 4096
--------------------BLKIO-----------------------
11:0 Read 0
11:0 Write 0
11:0 Sync 0
11:0 Async 0
11:0 Total 0
253:0 Read 2182062080
253:0 Write 1744896
253:0 Sync 196608
253:0 Async 2183610368
253:0 Total 2183806976
Total 2183806976
--------------------CPUAC-----------------------
user 1197
system 774
 
Sat May 20 12:02:08 IST 2017
--------------------MEMCG-----------------------
MEM ONLY  : 2330 MB
MEM+SWAP  : 2330 MB
cache 2182668288
rss 261558272
rss_huge 0
mapped_file 37384192
writeback 0
swap 0
pgpgin 697478
pgpgout 100743
pgfault 242644
pgmajfault 497
inactive_anon 45056
active_anon 261582848
inactive_file 1254158336
active_file 928436224
unevictable 4096
hierarchical_memory_limit 6442450944
hierarchical_memsw_limit 32212254720
total_cache 2182668288
total_rss 261558272
total_rss_huge 0
total_mapped_file 37384192
total_writeback 0
total_swap 0
total_pgpgin 697478
total_pgpgout 100743
total_pgfault 242644
total_pgmajfault 497
total_inactive_anon 45056
total_active_anon 261582848
total_inactive_file 1254158336
total_active_file 928436224
total_unevictable 4096
--------------------BLKIO-----------------------
11:0 Read 0
11:0 Write 0
11:0 Sync 0
11:0 Async 0
11:0 Total 0
253:0 Read 2182062080
253:0 Write 1781760
253:0 Sync 196608
253:0 Async 2183647232
253:0 Total 2183843840
Total 2183843840
--------------------CPUAC-----------------------
user 1200
system 777
 
Sat May 20 12:02:38 IST 2017
--------------------MEMCG-----------------------
MEM ONLY  : 2331 MB
MEM+SWAP  : 2331 MB
cache 2182668288
rss 261562368
rss_huge 0
mapped_file 37384192
writeback 0
swap 0
pgpgin 697578
pgpgout 100842
pgfault 242735
pgmajfault 497
inactive_anon 45056
active_anon 261586944
inactive_file 1254158336
active_file 928436224
unevictable 4096
hierarchical_memory_limit 6442450944
hierarchical_memsw_limit 32212254720
total_cache 2182668288
total_rss 261562368
total_rss_huge 0
total_mapped_file 37384192
total_writeback 0
total_swap 0
total_pgpgin 697578
total_pgpgout 100842
total_pgfault 242735
total_pgmajfault 497
total_inactive_anon 45056
total_active_anon 261586944
total_inactive_file 1254158336
total_active_file 928436224
total_unevictable 4096
--------------------BLKIO-----------------------
11:0 Read 0
11:0 Write 0
11:0 Sync 0
11:0 Async 0
11:0 Total 0
253:0 Read 2182062080
253:0 Write 1818624
253:0 Sync 196608
253:0 Async 2183684096
253:0 Total 2183880704
Total 2183880704
--------------------CPUAC-----------------------
user 1202
system 780
 
Sat May 20 12:03:08 IST 2017
--------------------MEMCG-----------------------
MEM ONLY  : 2331 MB
MEM+SWAP  : 2331 MB
cache 2182668288
rss 261566464
rss_huge 0
mapped_file 37384192
writeback 0
swap 0
pgpgin 697678
pgpgout 100941
pgfault 242826
pgmajfault 497
inactive_anon 45056
active_anon 261591040
inactive_file 1254158336
active_file 928436224
unevictable 4096
hierarchical_memory_limit 6442450944
hierarchical_memsw_limit 32212254720
total_cache 2182668288
total_rss 261566464
total_rss_huge 0
total_mapped_file 37384192
total_writeback 0
total_swap 0
total_pgpgin 697678
total_pgpgout 100941
total_pgfault 242826
total_pgmajfault 497
total_inactive_anon 45056
total_active_anon 261591040
total_inactive_file 1254158336
total_active_file 928436224
total_unevictable 4096
--------------------BLKIO-----------------------
11:0 Read 0
11:0 Write 0
11:0 Sync 0
11:0 Async 0
11:0 Total 0
253:0 Read 2182062080
253:0 Write 1855488
253:0 Sync 196608
253:0 Async 2183720960
253:0 Total 2183917568
Total 2183917568
--------------------CPUAC-----------------------
user 1204
system 781
 
Sat May 20 12:03:38 IST 2017
--------------------MEMCG-----------------------
MEM ONLY  : 2331 MB
MEM+SWAP  : 2331 MB
cache 2182668288
rss 261566464
rss_huge 0
mapped_file 37384192
writeback 0
swap 0
pgpgin 697777
pgpgout 101040
pgfault 242916
pgmajfault 497
inactive_anon 45056
active_anon 261591040
inactive_file 1254158336
active_file 928436224
unevictable 4096
hierarchical_memory_limit 6442450944
hierarchical_memsw_limit 32212254720
total_cache 2182668288
total_rss 261566464
total_rss_huge 0
total_mapped_file 37384192
total_writeback 0
total_swap 0
total_pgpgin 697777
total_pgpgout 101040
total_pgfault 242916
total_pgmajfault 497
total_inactive_anon 45056
total_active_anon 261591040
total_inactive_file 1254158336
total_active_file 928436224
total_unevictable 4096
--------------------BLKIO-----------------------
11:0 Read 0
11:0 Write 0
11:0 Sync 0
11:0 Async 0
11:0 Total 0
253:0 Read 2182062080
253:0 Write 1892352
253:0 Sync 196608
253:0 Async 2183757824
253:0 Total 2183954432
Total 2183954432
--------------------CPUAC-----------------------
user 1205
system 785
 
Sat May 20 12:04:08 IST 2017
--------------------MEMCG-----------------------
MEM ONLY  : 2331 MB
MEM+SWAP  : 2331 MB
cache 2182672384
rss 261570560
rss_huge 0
mapped_file 37384192
writeback 0
swap 0
pgpgin 697879
pgpgout 101140
pgfault 243007
pgmajfault 497
inactive_anon 45056
active_anon 261595136
inactive_file 1254162432
active_file 928436224
unevictable 4096
hierarchical_memory_limit 6442450944
hierarchical_memsw_limit 32212254720
total_cache 2182672384
total_rss 261570560
total_rss_huge 0
total_mapped_file 37384192
total_writeback 0
total_swap 0
total_pgpgin 697879
total_pgpgout 101140
total_pgfault 243007
total_pgmajfault 497
total_inactive_anon 45056
total_active_anon 261595136
total_inactive_file 1254162432
total_active_file 928436224
total_unevictable 4096
--------------------BLKIO-----------------------
11:0 Read 0
11:0 Write 0
11:0 Sync 0
11:0 Async 0
11:0 Total 0
253:0 Read 2182062080
253:0 Write 1937408
253:0 Sync 196608
253:0 Async 2183802880
253:0 Total 2183999488
Total 2183999488
--------------------CPUAC-----------------------
user 1207
system 786
 
Sat May 20 12:04:38 IST 2017
--------------------MEMCG-----------------------
MEM ONLY  : 2331 MB
MEM+SWAP  : 2331 MB
cache 2182672384
rss 261570560
rss_huge 0
mapped_file 37384192
writeback 0
swap 0
pgpgin 697981
pgpgout 101242
pgfault 243097
pgmajfault 497
inactive_anon 45056
active_anon 261595136
inactive_file 1254162432
active_file 928436224
unevictable 4096
hierarchical_memory_limit 6442450944
hierarchical_memsw_limit 32212254720
total_cache 2182672384
total_rss 261570560
total_rss_huge 0
total_mapped_file 37384192
total_writeback 0
total_swap 0
total_pgpgin 697981
total_pgpgout 101242
total_pgfault 243097
total_pgmajfault 497
total_inactive_anon 45056
total_active_anon 261595136
total_inactive_file 1254162432
total_active_file 928436224
total_unevictable 4096
--------------------BLKIO-----------------------
11:0 Read 0
11:0 Write 0
11:0 Sync 0
11:0 Async 0
11:0 Total 0
253:0 Read 2182062080
253:0 Write 1986560
253:0 Sync 196608
253:0 Async 2183852032
253:0 Total 2184048640
Total 2184048640
--------------------CPUAC-----------------------
user 1210
system 787
 
Sat May 20 12:05:08 IST 2017
--------------------MEMCG-----------------------
MEM ONLY  : 2331 MB
MEM+SWAP  : 2331 MB
cache 2182668288
rss 261574656
rss_huge 0
mapped_file 37384192
writeback 0
swap 0
pgpgin 698083
pgpgout 101344
pgfault 243188
pgmajfault 497
inactive_anon 45056
active_anon 261599232
inactive_file 1254154240
active_file 928440320
unevictable 4096
hierarchical_memory_limit 6442450944
hierarchical_memsw_limit 32212254720
total_cache 2182668288
total_rss 261574656
total_rss_huge 0
total_mapped_file 37384192
total_writeback 0
total_swap 0
total_pgpgin 698083
total_pgpgout 101344
total_pgfault 243188
total_pgmajfault 497
total_inactive_anon 45056
total_active_anon 261599232
total_inactive_file 1254154240
total_active_file 928440320
total_unevictable 4096
--------------------BLKIO-----------------------
11:0 Read 0
11:0 Write 0
11:0 Sync 0
11:0 Async 0
11:0 Total 0
253:0 Read 2182062080
253:0 Write 2019328
253:0 Sync 196608
253:0 Async 2183884800
253:0 Total 2184081408
Total 2184081408
--------------------CPUAC-----------------------
user 1212
system 790
 
Sat May 20 12:05:38 IST 2017
--------------------MEMCG-----------------------
MEM ONLY  : 2331 MB
MEM+SWAP  : 2331 MB
cache 2182676480
rss 261574656
rss_huge 0
mapped_file 37384192
writeback 0
swap 0
pgpgin 698179
pgpgout 101438
pgfault 243278
pgmajfault 497
inactive_anon 45056
active_anon 261599232
inactive_file 1254162432
active_file 928440320
unevictable 4096
hierarchical_memory_limit 6442450944
hierarchical_memsw_limit 32212254720
total_cache 2182676480
total_rss 261574656
total_rss_huge 0
total_mapped_file 37384192
total_writeback 0
total_swap 0
total_pgpgin 698179
total_pgpgout 101438
total_pgfault 243278
total_pgmajfault 497
total_inactive_anon 45056
total_active_anon 261599232
total_inactive_file 1254162432
total_active_file 928440320
total_unevictable 4096
--------------------BLKIO-----------------------
11:0 Read 0
11:0 Write 0
11:0 Sync 0
11:0 Async 0
11:0 Total 0
253:0 Read 2182062080
253:0 Write 2035712
253:0 Sync 196608
253:0 Async 2183901184
253:0 Total 2184097792
Total 2184097792
--------------------CPUAC-----------------------
user 1214
system 792
 
Sat May 20 12:06:08 IST 2017
--------------------MEMCG-----------------------
MEM ONLY  : 2331 MB
MEM+SWAP  : 2331 MB
cache 2182676480
rss 261574656
rss_huge 0
mapped_file 37384192
writeback 0
swap 0
pgpgin 698275
pgpgout 101534
pgfault 243368
pgmajfault 497
inactive_anon 45056
active_anon 261599232
inactive_file 1254162432
active_file 928440320
unevictable 4096
hierarchical_memory_limit 6442450944
hierarchical_memsw_limit 32212254720
total_cache 2182676480
total_rss 261574656
total_rss_huge 0
total_mapped_file 37384192
total_writeback 0
total_swap 0
total_pgpgin 698275
total_pgpgout 101534
total_pgfault 243368
total_pgmajfault 497
total_inactive_anon 45056
total_active_anon 261599232
total_inactive_file 1254162432
total_active_file 928440320
total_unevictable 4096
--------------------BLKIO-----------------------
11:0 Read 0
11:0 Write 0
11:0 Sync 0
11:0 Async 0
11:0 Total 0
253:0 Read 2182062080
253:0 Write 2060288
253:0 Sync 196608
253:0 Async 2183925760
253:0 Total 2184122368
Total 2184122368
--------------------CPUAC-----------------------
user 1215
system 794
 
Sat May 20 12:06:38 IST 2017
--------------------MEMCG-----------------------
MEM ONLY  : 2331 MB
MEM+SWAP  : 2331 MB
cache 2182676480
rss 261574656
rss_huge 0
mapped_file 37384192
writeback 0
swap 0
pgpgin 698371
pgpgout 101630
pgfault 243458
pgmajfault 497
inactive_anon 45056
active_anon 261599232
inactive_file 1254162432
active_file 928440320
unevictable 4096
hierarchical_memory_limit 6442450944
hierarchical_memsw_limit 32212254720
total_cache 2182676480
total_rss 261574656
total_rss_huge 0
total_mapped_file 37384192
total_writeback 0
total_swap 0
total_pgpgin 698371
total_pgpgout 101630
total_pgfault 243458
total_pgmajfault 497
total_inactive_anon 45056
total_active_anon 261599232
total_inactive_file 1254162432
total_active_file 928440320
total_unevictable 4096
--------------------BLKIO-----------------------
11:0 Read 0
11:0 Write 0
11:0 Sync 0
11:0 Async 0
11:0 Total 0
253:0 Read 2182062080
253:0 Write 2084864
253:0 Sync 196608
253:0 Async 2183950336
253:0 Total 2184146944
Total 2184146944
--------------------CPUAC-----------------------
user 1217
system 798
 
Sat May 20 12:07:08 IST 2017
--------------------MEMCG-----------------------
MEM ONLY  : 2331 MB
MEM+SWAP  : 2331 MB
cache 2182676480
rss 261574656
rss_huge 0
mapped_file 37384192
writeback 0
swap 0
pgpgin 698467
pgpgout 101726
pgfault 243548
pgmajfault 497
inactive_anon 45056
active_anon 261599232
inactive_file 1254162432
active_file 928440320
unevictable 4096
hierarchical_memory_limit 6442450944
hierarchical_memsw_limit 32212254720
total_cache 2182676480
total_rss 261574656
total_rss_huge 0
total_mapped_file 37384192
total_writeback 0
total_swap 0
total_pgpgin 698467
total_pgpgout 101726
total_pgfault 243548
total_pgmajfault 497
total_inactive_anon 45056
total_active_anon 261599232
total_inactive_file 1254162432
total_active_file 928440320
total_unevictable 4096
--------------------BLKIO-----------------------
11:0 Read 0
11:0 Write 0
11:0 Sync 0
11:0 Async 0
11:0 Total 0
253:0 Read 2182062080
253:0 Write 2109440
253:0 Sync 196608
253:0 Async 2183974912
253:0 Total 2184171520
Total 2184171520
--------------------CPUAC-----------------------
user 1219
system 801
 
Sat May 20 12:07:38 IST 2017
--------------------MEMCG-----------------------
MEM ONLY  : 2331 MB
MEM+SWAP  : 2331 MB
cache 2182676480
rss 261574656
rss_huge 0
mapped_file 37384192
writeback 0
swap 0
pgpgin 698563
pgpgout 101822
pgfault 243638
pgmajfault 497
inactive_anon 45056
active_anon 261599232
inactive_file 1254162432
active_file 928440320
unevictable 4096
hierarchical_memory_limit 6442450944
hierarchical_memsw_limit 32212254720
total_cache 2182676480
total_rss 261574656
total_rss_huge 0
total_mapped_file 37384192
total_writeback 0
total_swap 0
total_pgpgin 698563
total_pgpgout 101822
total_pgfault 243638
total_pgmajfault 497
total_inactive_anon 45056
total_active_anon 261599232
total_inactive_file 1254162432
total_active_file 928440320
total_unevictable 4096
--------------------BLKIO-----------------------
11:0 Read 0
11:0 Write 0
11:0 Sync 0
11:0 Async 0
11:0 Total 0
253:0 Read 2182062080
253:0 Write 2134016
253:0 Sync 196608
253:0 Async 2183999488
253:0 Total 2184196096
Total 2184196096
--------------------CPUAC-----------------------
user 1221
system 802
 
Sat May 20 12:08:08 IST 2017
--------------------MEMCG-----------------------
MEM ONLY  : 2331 MB
MEM+SWAP  : 2331 MB
cache 2182676480
rss 261574656
rss_huge 0
mapped_file 37384192
writeback 0
swap 0
pgpgin 698659
pgpgout 101918
pgfault 243728
pgmajfault 497
inactive_anon 45056
active_anon 261599232
inactive_file 1254162432
active_file 928440320
unevictable 4096
hierarchical_memory_limit 6442450944
hierarchical_memsw_limit 32212254720
total_cache 2182676480
total_rss 261574656
total_rss_huge 0
total_mapped_file 37384192
total_writeback 0
total_swap 0
total_pgpgin 698659
total_pgpgout 101918
total_pgfault 243728
total_pgmajfault 497
total_inactive_anon 45056
total_active_anon 261599232
total_inactive_file 1254162432
total_active_file 928440320
total_unevictable 4096
--------------------BLKIO-----------------------
11:0 Read 0
11:0 Write 0
11:0 Sync 0
11:0 Async 0
11:0 Total 0
253:0 Read 2182062080
253:0 Write 2158592
253:0 Sync 196608
253:0 Async 2184024064
253:0 Total 2184220672
Total 2184220672
--------------------CPUAC-----------------------
user 1222
system 805
 
Sat May 20 12:08:38 IST 2017
--------------------MEMCG-----------------------
MEM ONLY  : 2331 MB
MEM+SWAP  : 2331 MB
cache 2182680576
rss 261574656
rss_huge 0
mapped_file 37384192
writeback 0
swap 0
pgpgin 698758
pgpgout 102016
pgfault 243818
pgmajfault 497
inactive_anon 45056
active_anon 261599232
inactive_file 1254166528
active_file 928440320
unevictable 4096
hierarchical_memory_limit 6442450944
hierarchical_memsw_limit 32212254720
total_cache 2182680576
total_rss 261574656
total_rss_huge 0
total_mapped_file 37384192
total_writeback 0
total_swap 0
total_pgpgin 698758
total_pgpgout 102016
total_pgfault 243818
total_pgmajfault 497
total_inactive_anon 45056
total_active_anon 261599232
total_inactive_file 1254166528
total_active_file 928440320
total_unevictable 4096
--------------------BLKIO-----------------------
11:0 Read 0
11:0 Write 0
11:0 Sync 0
11:0 Async 0
11:0 Total 0
253:0 Read 2182062080
253:0 Write 2195456
253:0 Sync 196608
253:0 Async 2184060928
253:0 Total 2184257536
Total 2184257536
--------------------CPUAC-----------------------
user 1225
system 806
 
Sat May 20 12:09:08 IST 2017
--------------------MEMCG-----------------------
MEM ONLY  : 2331 MB
MEM+SWAP  : 2331 MB
cache 2182680576
rss 261574656
rss_huge 0
mapped_file 37384192
writeback 0
swap 0
pgpgin 698857
pgpgout 102115
pgfault 243908
pgmajfault 497
inactive_anon 45056
active_anon 261599232
inactive_file 1254166528
active_file 928440320
unevictable 4096
hierarchical_memory_limit 6442450944
hierarchical_memsw_limit 32212254720
total_cache 2182680576
total_rss 261574656
total_rss_huge 0
total_mapped_file 37384192
total_writeback 0
total_swap 0
total_pgpgin 698857
total_pgpgout 102115
total_pgfault 243908
total_pgmajfault 497
total_inactive_anon 45056
total_active_anon 261599232
total_inactive_file 1254166528
total_active_file 928440320
total_unevictable 4096
--------------------BLKIO-----------------------
11:0 Read 0
11:0 Write 0
11:0 Sync 0
11:0 Async 0
11:0 Total 0
253:0 Read 2182062080
253:0 Write 2232320
253:0 Sync 196608
253:0 Async 2184097792
253:0 Total 2184294400
Total 2184294400
--------------------CPUAC-----------------------
user 1228
system 809
 
Sat May 20 12:09:39 IST 2017
--------------------MEMCG-----------------------
MEM ONLY  : 2331 MB
MEM+SWAP  : 2331 MB
cache 2182680576
rss 261574656
rss_huge 0
mapped_file 37384192
writeback 0
swap 0
pgpgin 698959
pgpgout 102217
pgfault 244001
pgmajfault 497
inactive_anon 45056
active_anon 261599232
inactive_file 1254166528
active_file 928440320
unevictable 4096
hierarchical_memory_limit 6442450944
hierarchical_memsw_limit 32212254720
total_cache 2182680576
total_rss 261574656
total_rss_huge 0
total_mapped_file 37384192
total_writeback 0
total_swap 0
total_pgpgin 698959
total_pgpgout 102217
total_pgfault 244001
total_pgmajfault 497
total_inactive_anon 45056
total_active_anon 261599232
total_inactive_file 1254166528
total_active_file 928440320
total_unevictable 4096
--------------------BLKIO-----------------------
11:0 Read 0
11:0 Write 0
11:0 Sync 0
11:0 Async 0
11:0 Total 0
253:0 Read 2182062080
253:0 Write 2269184
253:0 Sync 196608
253:0 Async 2184134656
253:0 Total 2184331264
Total 2184331264
--------------------CPUAC-----------------------
user 1230
system 811
 
Sat May 20 12:10:09 IST 2017
--------------------MEMCG-----------------------
MEM ONLY  : 2331 MB
MEM+SWAP  : 2331 MB
cache 2182676480
rss 261574656
rss_huge 0
mapped_file 37384192
writeback 0
swap 0
pgpgin 699057
pgpgout 102316
pgfault 244091
pgmajfault 497
inactive_anon 45056
active_anon 261599232
inactive_file 1254158336
active_file 928444416
unevictable 4096
hierarchical_memory_limit 6442450944
hierarchical_memsw_limit 32212254720
total_cache 2182676480
total_rss 261574656
total_rss_huge 0
total_mapped_file 37384192
total_writeback 0
total_swap 0
total_pgpgin 699057
total_pgpgout 102316
total_pgfault 244091
total_pgmajfault 497
total_inactive_anon 45056
total_active_anon 261599232
total_inactive_file 1254158336
total_active_file 928444416
total_unevictable 4096
--------------------BLKIO-----------------------
11:0 Read 0
11:0 Write 0
11:0 Sync 0
11:0 Async 0
11:0 Total 0
253:0 Read 2182062080
253:0 Write 2293760
253:0 Sync 196608
253:0 Async 2184159232
253:0 Total 2184355840
Total 2184355840
--------------------CPUAC-----------------------
user 1232
system 812
 
Sat May 20 12:10:39 IST 2017
--------------------MEMCG-----------------------
MEM ONLY  : 2331 MB
MEM+SWAP  : 2331 MB
cache 2182684672
rss 261574656
rss_huge 0
mapped_file 37384192
writeback 0
swap 0
pgpgin 699153
pgpgout 102410
pgfault 244181
pgmajfault 497
inactive_anon 45056
active_anon 261599232
inactive_file 1254166528
active_file 928444416
unevictable 4096
hierarchical_memory_limit 6442450944
hierarchical_memsw_limit 32212254720
total_cache 2182684672
total_rss 261574656
total_rss_huge 0
total_mapped_file 37384192
total_writeback 0
total_swap 0
total_pgpgin 699153
total_pgpgout 102410
total_pgfault 244181
total_pgmajfault 497
total_inactive_anon 45056
total_active_anon 261599232
total_inactive_file 1254166528
total_active_file 928444416
total_unevictable 4096
--------------------BLKIO-----------------------
11:0 Read 0
11:0 Write 0
11:0 Sync 0
11:0 Async 0
11:0 Total 0
253:0 Read 2182062080
253:0 Write 2310144
253:0 Sync 196608
253:0 Async 2184175616
253:0 Total 2184372224
Total 2184372224
--------------------CPUAC-----------------------
user 1232
system 813
 
Sat May 20 12:11:09 IST 2017
--------------------MEMCG-----------------------
MEM ONLY  : 1625 MB
MEM+SWAP  : 1625 MB
cache 1442820096
rss 261574656
rss_huge 0
mapped_file 37355520
writeback 0
swap 28672
pgpgin 699249
pgpgout 283137
pgfault 244271
pgmajfault 497
inactive_anon 131026944
active_anon 130588672
inactive_file 721477632
active_file 721297408
unevictable 4096
hierarchical_memory_limit 6442450944
hierarchical_memsw_limit 32212254720
total_cache 1442820096
total_rss 261574656
total_rss_huge 0
total_mapped_file 37355520
total_writeback 0
total_swap 28672
total_pgpgin 699249
total_pgpgout 283137
total_pgfault 244271
total_pgmajfault 497
total_inactive_anon 131026944
total_active_anon 130588672
total_inactive_file 721477632
total_active_file 721297408
total_unevictable 4096
--------------------BLKIO-----------------------
11:0 Read 0
11:0 Write 0
11:0 Sync 0
11:0 Async 0
11:0 Total 0
253:0 Read 2182062080
253:0 Write 2334720
253:0 Sync 196608
253:0 Async 2184200192
253:0 Total 2184396800
Total 2184396800
--------------------CPUAC-----------------------
user 1235
system 815
 
Sat May 20 12:11:39 IST 2017
--------------------MEMCG-----------------------
MEM ONLY  : 1511 MB
MEM+SWAP  : 1511 MB
cache 1323302912
rss 261574656
rss_huge 0
mapped_file 37355520
writeback 0
swap 28672
pgpgin 699348
pgpgout 312415
pgfault 244361
pgmajfault 497
inactive_anon 131026944
active_anon 130588672
inactive_file 661762048
active_file 661495808
unevictable 4096
hierarchical_memory_limit 6442450944
hierarchical_memsw_limit 32212254720
total_cache 1323302912
total_rss 261574656
total_rss_huge 0
total_mapped_file 37355520
total_writeback 0
total_swap 28672
total_pgpgin 699348
total_pgpgout 312415
total_pgfault 244361
total_pgmajfault 497
total_inactive_anon 131026944
total_active_anon 130588672
total_inactive_file 661762048
total_active_file 661495808
total_unevictable 4096
--------------------BLKIO-----------------------
11:0 Read 0
11:0 Write 0
11:0 Sync 0
11:0 Async 0
11:0 Total 0
253:0 Read 2182062080
253:0 Write 2371584
253:0 Sync 196608
253:0 Async 2184237056
253:0 Total 2184433664
Total 2184433664
--------------------CPUAC-----------------------
user 1236
system 816
 
Sat May 20 12:12:09 IST 2017
--------------------MEMCG-----------------------
MEM ONLY  : 1471 MB
MEM+SWAP  : 1471 MB
cache 1281564672
rss 261574656
rss_huge 0
mapped_file 37355520
writeback 0
swap 28672
pgpgin 699447
pgpgout 322704
pgfault 244451
pgmajfault 497
inactive_anon 131026944
active_anon 130588672
inactive_file 640831488
active_file 640688128
unevictable 4096
hierarchical_memory_limit 6442450944
hierarchical_memsw_limit 32212254720
total_cache 1281564672
total_rss 261574656
total_rss_huge 0
total_mapped_file 37355520
total_writeback 0
total_swap 28672
total_pgpgin 699447
total_pgpgout 322704
total_pgfault 244451
total_pgmajfault 497
total_inactive_anon 131026944
total_active_anon 130588672
total_inactive_file 640831488
total_active_file 640688128
total_unevictable 4096
--------------------BLKIO-----------------------
11:0 Read 0
11:0 Write 0
11:0 Sync 0
11:0 Async 0
11:0 Total 0
253:0 Read 2182062080
253:0 Write 2408448
253:0 Sync 196608
253:0 Async 2184273920
253:0 Total 2184470528
Total 2184470528
--------------------CPUAC-----------------------
user 1238
system 817
 
Sat May 20 12:12:39 IST 2017
--------------------MEMCG-----------------------
MEM ONLY  : 1432 MB
MEM+SWAP  : 1432 MB
cache 1240223744
rss 261574656
rss_huge 0
mapped_file 37355520
writeback 0
swap 28672
pgpgin 699546
pgpgout 332896
pgfault 244541
pgmajfault 497
inactive_anon 131026944
active_anon 130588672
inactive_file 620232704
active_file 619945984
unevictable 4096
hierarchical_memory_limit 6442450944
hierarchical_memsw_limit 32212254720
total_cache 1240223744
total_rss 261574656
total_rss_huge 0
total_mapped_file 37355520
total_writeback 0
total_swap 28672
total_pgpgin 699546
total_pgpgout 332896
total_pgfault 244541
total_pgmajfault 497
total_inactive_anon 131026944
total_active_anon 130588672
total_inactive_file 620232704
total_active_file 619945984
total_unevictable 4096
--------------------BLKIO-----------------------
11:0 Read 0
11:0 Write 0
11:0 Sync 0
11:0 Async 0
11:0 Total 0
253:0 Read 2182062080
253:0 Write 2445312
253:0 Sync 196608
253:0 Async 2184310784
253:0 Total 2184507392
Total 2184507392
--------------------CPUAC-----------------------
user 1240
system 820
 
Sat May 20 12:13:09 IST 2017
--------------------MEMCG-----------------------
MEM ONLY  : 1392 MB
MEM+SWAP  : 1392 MB
cache 1198206976
rss 261574656
rss_huge 0
mapped_file 37355520
writeback 0
swap 28672
pgpgin 699645
pgpgout 343253
pgfault 244631
pgmajfault 497
inactive_anon 131026944
active_anon 130588672
inactive_file 599113728
active_file 599048192
unevictable 4096
hierarchical_memory_limit 6442450944
hierarchical_memsw_limit 32212254720
total_cache 1198206976
total_rss 261574656
total_rss_huge 0
total_mapped_file 37355520
total_writeback 0
total_swap 28672
total_pgpgin 699645
total_pgpgout 343253
total_pgfault 244631
total_pgmajfault 497
total_inactive_anon 131026944
total_active_anon 130588672
total_inactive_file 599113728
total_active_file 599048192
total_unevictable 4096
--------------------BLKIO-----------------------
11:0 Read 0
11:0 Write 0
11:0 Sync 0
11:0 Async 0
11:0 Total 0
253:0 Read 2182062080
253:0 Write 2482176
253:0 Sync 196608
253:0 Async 2184347648
253:0 Total 2184544256
Total 2184544256
--------------------CPUAC-----------------------
user 1242
system 822
 
Sat May 20 12:13:39 IST 2017
--------------------MEMCG-----------------------
MEM ONLY  : 1353 MB
MEM+SWAP  : 1353 MB
cache 1157869568
rss 261574656
rss_huge 0
mapped_file 37355520
writeback 0
swap 28672
pgpgin 699745
pgpgout 353201
pgfault 244721
pgmajfault 497
inactive_anon 131026944
active_anon 130588672
inactive_file 579014656
active_file 578809856
unevictable 4096
hierarchical_memory_limit 6442450944
hierarchical_memsw_limit 32212254720
total_cache 1157869568
total_rss 261574656
total_rss_huge 0
total_mapped_file 37355520
total_writeback 0
total_swap 28672
total_pgpgin 699745
total_pgpgout 353201
total_pgfault 244721
total_pgmajfault 497
total_inactive_anon 131026944
total_active_anon 130588672
total_inactive_file 579014656
total_active_file 578809856
total_unevictable 4096
--------------------BLKIO-----------------------
11:0 Read 0
11:0 Write 0
11:0 Sync 0
11:0 Async 0
11:0 Total 0
253:0 Read 2182062080
253:0 Write 2523136
253:0 Sync 196608
253:0 Async 2184388608
253:0 Total 2184585216
Total 2184585216
--------------------CPUAC-----------------------
user 1244
system 824
 
Sat May 20 12:14:09 IST 2017
--------------------MEMCG-----------------------
MEM ONLY  : 1316 MB
MEM+SWAP  : 1316 MB
cache 1118818304
rss 261574656
rss_huge 0
mapped_file 37355520
writeback 0
swap 28672
pgpgin 699847
pgpgout 362837
pgfault 244811
pgmajfault 497
inactive_anon 131026944
active_anon 130588672
inactive_file 559472640
active_file 559300608
unevictable 4096
hierarchical_memory_limit 6442450944
hierarchical_memsw_limit 32212254720
total_cache 1118818304
total_rss 261574656
total_rss_huge 0
total_mapped_file 37355520
total_writeback 0
total_swap 28672
total_pgpgin 699847
total_pgpgout 362837
total_pgfault 244811
total_pgmajfault 497
total_inactive_anon 131026944
total_active_anon 130588672
total_inactive_file 559472640
total_active_file 559300608
total_unevictable 4096
--------------------BLKIO-----------------------
11:0 Read 0
11:0 Write 0
11:0 Sync 0
11:0 Async 0
11:0 Total 0
253:0 Read 2182062080
253:0 Write 2605056
253:0 Sync 196608
253:0 Async 2184470528
253:0 Total 2184667136
Total 2184667136
--------------------CPUAC-----------------------
user 1245
system 828
 
Sat May 20 12:14:39 IST 2017
--------------------MEMCG-----------------------
MEM ONLY  : 1282 MB
MEM+SWAP  : 1282 MB
cache 1082925056
rss 261578752
rss_huge 0
mapped_file 37482496
writeback 0
swap 28672
pgpgin 700729
pgpgout 372481
pgfault 246452
pgmajfault 520
inactive_anon 131399680
active_anon 130220032
inactive_file 541532160
active_file 541347840
unevictable 4096
hierarchical_memory_limit 6442450944
hierarchical_memsw_limit 32212254720
total_cache 1082925056
total_rss 261578752
total_rss_huge 0
total_mapped_file 37482496
total_writeback 0
total_swap 28672
total_pgpgin 700729
total_pgpgout 372481
total_pgfault 246452
total_pgmajfault 520
total_inactive_anon 131399680
total_active_anon 130220032
total_inactive_file 541532160
total_active_file 541347840
total_unevictable 4096
--------------------BLKIO-----------------------
11:0 Read 0
11:0 Write 0
11:0 Sync 0
11:0 Async 0
11:0 Total 0
253:0 Read 2182062080
253:0 Write 2838528
253:0 Sync 196608
253:0 Async 2184704000
253:0 Total 2184900608
Total 2184900608
--------------------CPUAC-----------------------
user 1247
system 833
 
Sat May 20 12:15:09 IST 2017
--------------------MEMCG-----------------------
MEM ONLY  : 1247 MB
MEM+SWAP  : 1247 MB
cache 1046626304
rss 261582848
rss_huge 0
mapped_file 37482496
writeback 0
swap 28672
pgpgin 700832
pgpgout 381445
pgfault 246543
pgmajfault 520
inactive_anon 131399680
active_anon 130224128
inactive_file 523423744
active_file 523157504
unevictable 4096
hierarchical_memory_limit 6442450944
hierarchical_memsw_limit 32212254720
total_cache 1046626304
total_rss 261582848
total_rss_huge 0
total_mapped_file 37482496
total_writeback 0
total_swap 28672
total_pgpgin 700832
total_pgpgout 381445
total_pgfault 246543
total_pgmajfault 520
total_inactive_anon 131399680
total_active_anon 130224128
total_inactive_file 523423744
total_active_file 523157504
total_unevictable 4096
--------------------BLKIO-----------------------
11:0 Read 0
11:0 Write 0
11:0 Sync 0
11:0 Async 0
11:0 Total 0
253:0 Read 2182062080
253:0 Write 2871296
253:0 Sync 196608
253:0 Async 2184736768
253:0 Total 2184933376
Total 2184933376
--------------------CPUAC-----------------------
user 1250
system 834
 
Sat May 20 12:15:39 IST 2017
--------------------MEMCG-----------------------
MEM ONLY  : 1213 MB
MEM+SWAP  : 1213 MB
cache 1011154944
rss 261582848
rss_huge 0
mapped_file 37482496
writeback 0
swap 28672
pgpgin 700928
pgpgout 390201
pgfault 246633
pgmajfault 520
inactive_anon 131399680
active_anon 130224128
inactive_file 505573376
active_file 505536512
unevictable 4096
hierarchical_memory_limit 6442450944
hierarchical_memsw_limit 32212254720
total_cache 1011154944
total_rss 261582848
total_rss_huge 0
total_mapped_file 37482496
total_writeback 0
total_swap 28672
total_pgpgin 700928
total_pgpgout 390201
total_pgfault 246633
total_pgmajfault 520
total_inactive_anon 131399680
total_active_anon 130224128
total_inactive_file 505573376
total_active_file 505536512
total_unevictable 4096
--------------------BLKIO-----------------------
11:0 Read 0
11:0 Write 0
11:0 Sync 0
11:0 Async 0
11:0 Total 0
253:0 Read 2182062080
253:0 Write 2887680
253:0 Sync 196608
253:0 Async 2184753152
253:0 Total 2184949760
Total 2184949760
--------------------CPUAC-----------------------
user 1250
system 836
 
Sat May 20 12:16:09 IST 2017
--------------------MEMCG-----------------------
MEM ONLY  : 1177 MB
MEM+SWAP  : 1177 MB
cache 972996608
rss 261582848
rss_huge 0
mapped_file 37482496
writeback 0
swap 28672
pgpgin 701025
pgpgout 399614
pgfault 246723
pgmajfault 520
inactive_anon 131399680
active_anon 130224128
inactive_file 486576128
active_file 486375424
unevictable 4096
hierarchical_memory_limit 6442450944
hierarchical_memsw_limit 32212254720
total_cache 972996608
total_rss 261582848
total_rss_huge 0
total_mapped_file 37482496
total_writeback 0
total_swap 28672
total_pgpgin 701025
total_pgpgout 399614
total_pgfault 246723
total_pgmajfault 520
total_inactive_anon 131399680
total_active_anon 130224128
total_inactive_file 486576128
total_active_file 486375424
total_unevictable 4096
--------------------BLKIO-----------------------
11:0 Read 0
11:0 Write 0
11:0 Sync 0
11:0 Async 0
11:0 Total 0
253:0 Read 2182062080
253:0 Write 2916352
253:0 Sync 196608
253:0 Async 2184781824
253:0 Total 2184978432
Total 2184978432
--------------------CPUAC-----------------------
user 1251
system 838
 
Sat May 20 12:16:39 IST 2017
--------------------MEMCG-----------------------
MEM ONLY  : 1140 MB
MEM+SWAP  : 1140 MB
cache 934006784
rss 261582848
rss_huge 0
mapped_file 37482496
writeback 0
swap 28672
pgpgin 701124
pgpgout 409232
pgfault 246813
pgmajfault 520
inactive_anon 131399680
active_anon 130224128
inactive_file 467062784
active_file 466898944
unevictable 4096
hierarchical_memory_limit 6442450944
hierarchical_memsw_limit 32212254720
total_cache 934006784
total_rss 261582848
total_rss_huge 0
total_mapped_file 37482496
total_writeback 0
total_swap 28672
total_pgpgin 701124
total_pgpgout 409232
total_pgfault 246813
total_pgmajfault 520
total_inactive_anon 131399680
total_active_anon 130224128
total_inactive_file 467062784
total_active_file 466898944
total_unevictable 4096
--------------------BLKIO-----------------------
11:0 Read 0
11:0 Write 0
11:0 Sync 0
11:0 Async 0
11:0 Total 0
253:0 Read 2182062080
253:0 Write 2953216
253:0 Sync 196608
253:0 Async 2184818688
253:0 Total 2185015296
Total 2185015296
--------------------CPUAC-----------------------
user 1253
system 840
 
Sat May 20 12:17:09 IST 2017
--------------------MEMCG-----------------------
MEM ONLY  : 1108 MB
MEM+SWAP  : 1108 MB
cache 900878336
rss 261582848
rss_huge 0
mapped_file 37396480
writeback 0
swap 28672
pgpgin 701625
pgpgout 417821
pgfault 247288
pgmajfault 527
inactive_anon 131375104
active_anon 130248704
inactive_file 450445312
active_file 450387968
unevictable 4096
hierarchical_memory_limit 6442450944
hierarchical_memsw_limit 32212254720
total_cache 900878336
total_rss 261582848
total_rss_huge 0
total_mapped_file 37396480
total_writeback 0
total_swap 28672
total_pgpgin 701625
total_pgpgout 417821
total_pgfault 247288
total_pgmajfault 527
total_inactive_anon 131375104
total_active_anon 130248704
total_inactive_file 450445312
total_active_file 450387968
total_unevictable 4096
--------------------BLKIO-----------------------
11:0 Read 0
11:0 Write 0
11:0 Sync 0
11:0 Async 0
11:0 Total 0
253:0 Read 2182987776
253:0 Write 3076096
253:0 Sync 196608
253:0 Async 2185867264
253:0 Total 2186063872
Total 2186063872
--------------------CPUAC-----------------------
user 1254
system 842
 
Sat May 20 12:17:39 IST 2017
--------------------MEMCG-----------------------
MEM ONLY  : 1074 MB
MEM+SWAP  : 1075 MB
cache 865619968
rss 261582848
rss_huge 0
mapped_file 37396480
writeback 0
swap 28672
pgpgin 701724
pgpgout 426528
pgfault 247378
pgmajfault 527
inactive_anon 131375104
active_anon 130248704
inactive_file 432852992
active_file 432721920
unevictable 4096
hierarchical_memory_limit 6442450944
hierarchical_memsw_limit 32212254720
total_cache 865619968
total_rss 261582848
total_rss_huge 0
total_mapped_file 37396480
total_writeback 0
total_swap 28672
total_pgpgin 701724
total_pgpgout 426528
total_pgfault 247378
total_pgmajfault 527
total_inactive_anon 131375104
total_active_anon 130248704
total_inactive_file 432852992
total_active_file 432721920
total_unevictable 4096
--------------------BLKIO-----------------------
11:0 Read 0
11:0 Write 0
11:0 Sync 0
11:0 Async 0
11:0 Total 0
253:0 Read 2182987776
253:0 Write 3117056
253:0 Sync 196608
253:0 Async 2185908224
253:0 Total 2186104832
Total 2186104832
--------------------CPUAC-----------------------
user 1255
system 845
 
Sat May 20 12:18:09 IST 2017
--------------------MEMCG-----------------------
MEM ONLY  : 1039 MB
MEM+SWAP  : 1039 MB
cache 828616704
rss 261582848
rss_huge 0
mapped_file 37396480
writeback 0
swap 28672
pgpgin 701823
pgpgout 435661
pgfault 247469
pgmajfault 527
inactive_anon 131375104
active_anon 130248704
inactive_file 414330880
active_file 414240768
unevictable 4096
hierarchical_memory_limit 6442450944
hierarchical_memsw_limit 32212254720
total_cache 828616704
total_rss 261582848
total_rss_huge 0
total_mapped_file 37396480
total_writeback 0
total_swap 28672
total_pgpgin 701823
total_pgpgout 435661
total_pgfault 247469
total_pgmajfault 527
total_inactive_anon 131375104
total_active_anon 130248704
total_inactive_file 414330880
total_active_file 414240768
total_unevictable 4096
--------------------BLKIO-----------------------
11:0 Read 0
11:0 Write 0
11:0 Sync 0
11:0 Async 0
11:0 Total 0
253:0 Read 2182987776
253:0 Write 3153920
253:0 Sync 196608
253:0 Async 2185945088
253:0 Total 2186141696
Total 2186141696
--------------------CPUAC-----------------------
user 1256
system 850
 
Sat May 20 12:18:39 IST 2017
--------------------MEMCG-----------------------
MEM ONLY  : 1006 MB
MEM+SWAP  : 1006 MB
cache 793612288
rss 261582848
rss_huge 0
mapped_file 37396480
writeback 0
swap 28672
pgpgin 701924
pgpgout 444308
pgfault 247559
pgmajfault 527
inactive_anon 131375104
active_anon 130248704
inactive_file 396840960
active_file 396726272
unevictable 4096
hierarchical_memory_limit 6442450944
hierarchical_memsw_limit 32212254720
total_cache 793612288
total_rss 261582848
total_rss_huge 0
total_mapped_file 37396480
total_writeback 0
total_swap 28672
total_pgpgin 701924
total_pgpgout 444308
total_pgfault 247559
total_pgmajfault 527
total_inactive_anon 131375104
total_active_anon 130248704
total_inactive_file 396840960
total_active_file 396726272
total_unevictable 4096
--------------------BLKIO-----------------------
11:0 Read 0
11:0 Write 0
11:0 Sync 0
11:0 Async 0
11:0 Total 0
253:0 Read 2182987776
253:0 Write 3198976
253:0 Sync 196608
253:0 Async 2185990144
253:0 Total 2186186752
Total 2186186752
--------------------CPUAC-----------------------
user 1258
system 852
 
Sat May 20 12:19:09 IST 2017
--------------------MEMCG-----------------------
MEM ONLY  : 973 MB
MEM+SWAP  : 973 MB
cache 759537664
rss 261582848
rss_huge 0
mapped_file 37396480
writeback 0
swap 28672
pgpgin 702026
pgpgout 452729
pgfault 247649
pgmajfault 527
inactive_anon 131375104
active_anon 130248704
inactive_file 379858944
active_file 379633664
unevictable 4096
hierarchical_memory_limit 6442450944
hierarchical_memsw_limit 32212254720
total_cache 759537664
total_rss 261582848
total_rss_huge 0
total_mapped_file 37396480
total_writeback 0
total_swap 28672
total_pgpgin 702026
total_pgpgout 452729
total_pgfault 247649
total_pgmajfault 527
total_inactive_anon 131375104
total_active_anon 130248704
total_inactive_file 379858944
total_active_file 379633664
total_unevictable 4096
--------------------BLKIO-----------------------
11:0 Read 0
11:0 Write 0
11:0 Sync 0
11:0 Async 0
11:0 Total 0
253:0 Read 2182987776
253:0 Write 3248128
253:0 Sync 196608
253:0 Async 2186039296
253:0 Total 2186235904
Total 2186235904
--------------------CPUAC-----------------------
user 1262
system 855
 
Sat May 20 12:19:39 IST 2017
--------------------MEMCG-----------------------
MEM ONLY  : 941 MB
MEM+SWAP  : 941 MB
cache 725909504
rss 261582848
rss_huge 0
mapped_file 37396480
writeback 0
swap 28672
pgpgin 702128
pgpgout 461041
pgfault 247739
pgmajfault 527
inactive_anon 131375104
active_anon 130248704
inactive_file 362999808
active_file 362864640
unevictable 4096
hierarchical_memory_limit 6442450944
hierarchical_memsw_limit 32212254720
total_cache 725909504
total_rss 261582848
total_rss_huge 0
total_mapped_file 37396480
total_writeback 0
total_swap 28672
total_pgpgin 702128
total_pgpgout 461041
total_pgfault 247739
total_pgmajfault 527
total_inactive_anon 131375104
total_active_anon 130248704
total_inactive_file 362999808
total_active_file 362864640
total_unevictable 4096
--------------------BLKIO-----------------------
11:0 Read 0
11:0 Write 0
11:0 Sync 0
11:0 Async 0
11:0 Total 0
253:0 Read 2182987776
253:0 Write 3297280
253:0 Sync 196608
253:0 Async 2186088448
253:0 Total 2186285056
Total 2186285056
--------------------CPUAC-----------------------
user 1263
system 859
 
Sat May 20 12:20:09 IST 2017
--------------------MEMCG-----------------------
MEM ONLY  : 911 MB
MEM+SWAP  : 911 MB
cache 694534144
rss 261586944
rss_huge 0
mapped_file 37396480
writeback 0
swap 28672
pgpgin 702231
pgpgout 468803
pgfault 247830
pgmajfault 527
inactive_anon 131375104
active_anon 130252800
inactive_file 347262976
active_file 347226112
unevictable 4096
hierarchical_memory_limit 6442450944
hierarchical_memsw_limit 32212254720
total_cache 694534144
total_rss 261586944
total_rss_huge 0
total_mapped_file 37396480
total_writeback 0
total_swap 28672
total_pgpgin 702231
total_pgpgout 468803
total_pgfault 247830
total_pgmajfault 527
total_inactive_anon 131375104
total_active_anon 130252800
total_inactive_file 347262976
total_active_file 347226112
total_unevictable 4096
--------------------BLKIO-----------------------
11:0 Read 0
11:0 Write 0
11:0 Sync 0
11:0 Async 0
11:0 Total 0
253:0 Read 2182987776
253:0 Write 3330048
253:0 Sync 196608
253:0 Async 2186121216
253:0 Total 2186317824
Total 2186317824
--------------------CPUAC-----------------------
user 1265
system 861
 
Sat May 20 12:20:39 IST 2017
--------------------MEMCG-----------------------
MEM ONLY  : 881 MB
MEM+SWAP  : 881 MB
cache 662904832
rss 261586944
rss_huge 0
mapped_file 37396480
writeback 0
swap 28672
pgpgin 702327
pgpgout 476621
pgfault 247920
pgmajfault 527
inactive_anon 131375104
active_anon 130252800
inactive_file 331517952
active_file 331341824
unevictable 4096
hierarchical_memory_limit 6442450944
hierarchical_memsw_limit 32212254720
total_cache 662904832
total_rss 261586944
total_rss_huge 0
total_mapped_file 37396480
total_writeback 0
total_swap 28672
total_pgpgin 702327
total_pgpgout 476621
total_pgfault 247920
total_pgmajfault 527
total_inactive_anon 131375104
total_active_anon 130252800
total_inactive_file 331517952
total_active_file 331341824
total_unevictable 4096
--------------------BLKIO-----------------------
11:0 Read 0
11:0 Write 0
11:0 Sync 0
11:0 Async 0
11:0 Total 0
253:0 Read 2182987776
253:0 Write 3346432
253:0 Sync 196608
253:0 Async 2186137600
253:0 Total 2186334208
Total 2186334208
--------------------CPUAC-----------------------
user 1266
system 863
 
