Sat May 20 11:50:37 IST 2017
--------------------MEMCG-----------------------
MEM ONLY  : 29 MB
MEM+SWAP  : 29 MB
cache 23552000
rss 7864320
rss_huge 0
mapped_file 8921088
writeback 0
swap 0
pgpgin 78047
pgpgout 70377
pgfault 176506
pgmajfault 195
inactive_anon 45056
active_anon 7892992
inactive_file 11153408
active_file 12324864
unevictable 0
hierarchical_memory_limit 6442450944
hierarchical_memsw_limit 32212254720
total_cache 23552000
total_rss 7864320
total_rss_huge 0
total_mapped_file 8921088
total_writeback 0
total_swap 0
total_pgpgin 78047
total_pgpgout 70377
total_pgfault 176506
total_pgmajfault 195
total_inactive_anon 45056
total_active_anon 7892992
total_inactive_file 11153408
total_active_file 12324864
total_unevictable 0
--------------------BLKIO-----------------------
11:0 Read 0
11:0 Write 0
11:0 Sync 0
11:0 Async 0
11:0 Total 0
253:0 Read 23400448
253:0 Write 229376
253:0 Sync 0
253:0 Async 23629824
253:0 Total 23629824
Total 23629824
--------------------CPUAC-----------------------
user 33
system 80
 
Sat May 20 11:51:07 IST 2017
--------------------MEMCG-----------------------
MEM ONLY  : 29 MB
MEM+SWAP  : 29 MB
cache 23552000
rss 7598080
rss_huge 0
mapped_file 8781824
writeback 0
swap 0
pgpgin 78047
pgpgout 70442
pgfault 176515
pgmajfault 195
inactive_anon 45056
active_anon 7626752
inactive_file 11132928
active_file 12345344
unevictable 0
hierarchical_memory_limit 6442450944
hierarchical_memsw_limit 32212254720
total_cache 23552000
total_rss 7598080
total_rss_huge 0
total_mapped_file 8781824
total_writeback 0
total_swap 0
total_pgpgin 78047
total_pgpgout 70442
total_pgfault 176515
total_pgmajfault 195
total_inactive_anon 45056
total_active_anon 7626752
total_inactive_file 11132928
total_active_file 12345344
total_unevictable 0
--------------------BLKIO-----------------------
11:0 Read 0
11:0 Write 0
11:0 Sync 0
11:0 Async 0
11:0 Total 0
253:0 Read 23400448
253:0 Write 229376
253:0 Sync 0
253:0 Async 23629824
253:0 Total 23629824
Total 23629824
--------------------CPUAC-----------------------
user 33
system 81
 
Sat May 20 11:51:37 IST 2017
--------------------MEMCG-----------------------
MEM ONLY  : 29 MB
MEM+SWAP  : 29 MB
cache 23552000
rss 7598080
rss_huge 0
mapped_file 8781824
writeback 0
swap 0
pgpgin 78047
pgpgout 70442
pgfault 176515
pgmajfault 195
inactive_anon 45056
active_anon 7626752
inactive_file 11132928
active_file 12345344
unevictable 0
hierarchical_memory_limit 6442450944
hierarchical_memsw_limit 32212254720
total_cache 23552000
total_rss 7598080
total_rss_huge 0
total_mapped_file 8781824
total_writeback 0
total_swap 0
total_pgpgin 78047
total_pgpgout 70442
total_pgfault 176515
total_pgmajfault 195
total_inactive_anon 45056
total_active_anon 7626752
total_inactive_file 11132928
total_active_file 12345344
total_unevictable 0
--------------------BLKIO-----------------------
11:0 Read 0
11:0 Write 0
11:0 Sync 0
11:0 Async 0
11:0 Total 0
253:0 Read 23400448
253:0 Write 229376
253:0 Sync 0
253:0 Async 23629824
253:0 Total 23629824
Total 23629824
--------------------CPUAC-----------------------
user 33
system 82
 
Sat May 20 11:52:07 IST 2017
--------------------MEMCG-----------------------
MEM ONLY  : 29 MB
MEM+SWAP  : 29 MB
cache 23552000
rss 7598080
rss_huge 0
mapped_file 8781824
writeback 0
swap 0
pgpgin 78047
pgpgout 70442
pgfault 176515
pgmajfault 195
inactive_anon 45056
active_anon 7626752
inactive_file 11132928
active_file 12345344
unevictable 0
hierarchical_memory_limit 6442450944
hierarchical_memsw_limit 32212254720
total_cache 23552000
total_rss 7598080
total_rss_huge 0
total_mapped_file 8781824
total_writeback 0
total_swap 0
total_pgpgin 78047
total_pgpgout 70442
total_pgfault 176515
total_pgmajfault 195
total_inactive_anon 45056
total_active_anon 7626752
total_inactive_file 11132928
total_active_file 12345344
total_unevictable 0
--------------------BLKIO-----------------------
11:0 Read 0
11:0 Write 0
11:0 Sync 0
11:0 Async 0
11:0 Total 0
253:0 Read 23400448
253:0 Write 229376
253:0 Sync 0
253:0 Async 23629824
253:0 Total 23629824
Total 23629824
--------------------CPUAC-----------------------
user 33
system 83
 
Sat May 20 11:52:37 IST 2017
--------------------MEMCG-----------------------
MEM ONLY  : 29 MB
MEM+SWAP  : 29 MB
cache 23552000
rss 7598080
rss_huge 0
mapped_file 8781824
writeback 0
swap 0
pgpgin 78047
pgpgout 70442
pgfault 176515
pgmajfault 195
inactive_anon 45056
active_anon 7626752
inactive_file 11132928
active_file 12345344
unevictable 0
hierarchical_memory_limit 6442450944
hierarchical_memsw_limit 32212254720
total_cache 23552000
total_rss 7598080
total_rss_huge 0
total_mapped_file 8781824
total_writeback 0
total_swap 0
total_pgpgin 78047
total_pgpgout 70442
total_pgfault 176515
total_pgmajfault 195
total_inactive_anon 45056
total_active_anon 7626752
total_inactive_file 11132928
total_active_file 12345344
total_unevictable 0
--------------------BLKIO-----------------------
11:0 Read 0
11:0 Write 0
11:0 Sync 0
11:0 Async 0
11:0 Total 0
253:0 Read 23400448
253:0 Write 229376
253:0 Sync 0
253:0 Async 23629824
253:0 Total 23629824
Total 23629824
--------------------CPUAC-----------------------
user 33
system 83
 
Sat May 20 11:53:07 IST 2017
--------------------MEMCG-----------------------
MEM ONLY  : 29 MB
MEM+SWAP  : 29 MB
cache 23552000
rss 7598080
rss_huge 0
mapped_file 8781824
writeback 0
swap 0
pgpgin 78047
pgpgout 70442
pgfault 176515
pgmajfault 195
inactive_anon 45056
active_anon 7626752
inactive_file 11132928
active_file 12345344
unevictable 0
hierarchical_memory_limit 6442450944
hierarchical_memsw_limit 32212254720
total_cache 23552000
total_rss 7598080
total_rss_huge 0
total_mapped_file 8781824
total_writeback 0
total_swap 0
total_pgpgin 78047
total_pgpgout 70442
total_pgfault 176515
total_pgmajfault 195
total_inactive_anon 45056
total_active_anon 7626752
total_inactive_file 11132928
total_active_file 12345344
total_unevictable 0
--------------------BLKIO-----------------------
11:0 Read 0
11:0 Write 0
11:0 Sync 0
11:0 Async 0
11:0 Total 0
253:0 Read 23400448
253:0 Write 229376
253:0 Sync 0
253:0 Async 23629824
253:0 Total 23629824
Total 23629824
--------------------CPUAC-----------------------
user 33
system 84
 
Sat May 20 11:53:38 IST 2017
--------------------MEMCG-----------------------
MEM ONLY  : 29 MB
MEM+SWAP  : 29 MB
cache 23552000
rss 7598080
rss_huge 0
mapped_file 8781824
writeback 0
swap 0
pgpgin 78047
pgpgout 70442
pgfault 176515
pgmajfault 195
inactive_anon 45056
active_anon 7626752
inactive_file 11132928
active_file 12345344
unevictable 0
hierarchical_memory_limit 6442450944
hierarchical_memsw_limit 32212254720
total_cache 23552000
total_rss 7598080
total_rss_huge 0
total_mapped_file 8781824
total_writeback 0
total_swap 0
total_pgpgin 78047
total_pgpgout 70442
total_pgfault 176515
total_pgmajfault 195
total_inactive_anon 45056
total_active_anon 7626752
total_inactive_file 11132928
total_active_file 12345344
total_unevictable 0
--------------------BLKIO-----------------------
11:0 Read 0
11:0 Write 0
11:0 Sync 0
11:0 Async 0
11:0 Total 0
253:0 Read 23400448
253:0 Write 229376
253:0 Sync 0
253:0 Async 23629824
253:0 Total 23629824
Total 23629824
--------------------CPUAC-----------------------
user 34
system 84
 
Sat May 20 11:54:08 IST 2017
--------------------MEMCG-----------------------
MEM ONLY  : 29 MB
MEM+SWAP  : 29 MB
cache 23552000
rss 7598080
rss_huge 0
mapped_file 8781824
writeback 0
swap 0
pgpgin 78047
pgpgout 70442
pgfault 176515
pgmajfault 195
inactive_anon 45056
active_anon 7626752
inactive_file 11132928
active_file 12345344
unevictable 0
hierarchical_memory_limit 6442450944
hierarchical_memsw_limit 32212254720
total_cache 23552000
total_rss 7598080
total_rss_huge 0
total_mapped_file 8781824
total_writeback 0
total_swap 0
total_pgpgin 78047
total_pgpgout 70442
total_pgfault 176515
total_pgmajfault 195
total_inactive_anon 45056
total_active_anon 7626752
total_inactive_file 11132928
total_active_file 12345344
total_unevictable 0
--------------------BLKIO-----------------------
11:0 Read 0
11:0 Write 0
11:0 Sync 0
11:0 Async 0
11:0 Total 0
253:0 Read 23400448
253:0 Write 229376
253:0 Sync 0
253:0 Async 23629824
253:0 Total 23629824
Total 23629824
--------------------CPUAC-----------------------
user 34
system 84
 
Sat May 20 11:54:38 IST 2017
--------------------MEMCG-----------------------
MEM ONLY  : 29 MB
MEM+SWAP  : 29 MB
cache 23552000
rss 7598080
rss_huge 0
mapped_file 8781824
writeback 0
swap 0
pgpgin 78047
pgpgout 70442
pgfault 176515
pgmajfault 195
inactive_anon 45056
active_anon 7626752
inactive_file 11132928
active_file 12345344
unevictable 0
hierarchical_memory_limit 6442450944
hierarchical_memsw_limit 32212254720
total_cache 23552000
total_rss 7598080
total_rss_huge 0
total_mapped_file 8781824
total_writeback 0
total_swap 0
total_pgpgin 78047
total_pgpgout 70442
total_pgfault 176515
total_pgmajfault 195
total_inactive_anon 45056
total_active_anon 7626752
total_inactive_file 11132928
total_active_file 12345344
total_unevictable 0
--------------------BLKIO-----------------------
11:0 Read 0
11:0 Write 0
11:0 Sync 0
11:0 Async 0
11:0 Total 0
253:0 Read 23400448
253:0 Write 229376
253:0 Sync 0
253:0 Async 23629824
253:0 Total 23629824
Total 23629824
--------------------CPUAC-----------------------
user 35
system 85
 
Sat May 20 11:55:08 IST 2017
--------------------MEMCG-----------------------
MEM ONLY  : 29 MB
MEM+SWAP  : 29 MB
cache 23552000
rss 7598080
rss_huge 0
mapped_file 8781824
writeback 0
swap 0
pgpgin 78047
pgpgout 70442
pgfault 176515
pgmajfault 195
inactive_anon 45056
active_anon 7626752
inactive_file 11132928
active_file 12345344
unevictable 0
hierarchical_memory_limit 6442450944
hierarchical_memsw_limit 32212254720
total_cache 23552000
total_rss 7598080
total_rss_huge 0
total_mapped_file 8781824
total_writeback 0
total_swap 0
total_pgpgin 78047
total_pgpgout 70442
total_pgfault 176515
total_pgmajfault 195
total_inactive_anon 45056
total_active_anon 7626752
total_inactive_file 11132928
total_active_file 12345344
total_unevictable 0
--------------------BLKIO-----------------------
11:0 Read 0
11:0 Write 0
11:0 Sync 0
11:0 Async 0
11:0 Total 0
253:0 Read 23400448
253:0 Write 229376
253:0 Sync 0
253:0 Async 23629824
253:0 Total 23629824
Total 23629824
--------------------CPUAC-----------------------
user 35
system 85
 
Sat May 20 11:55:38 IST 2017
--------------------MEMCG-----------------------
MEM ONLY  : 29 MB
MEM+SWAP  : 29 MB
cache 23552000
rss 7598080
rss_huge 0
mapped_file 8781824
writeback 0
swap 0
pgpgin 78047
pgpgout 70442
pgfault 176515
pgmajfault 195
inactive_anon 45056
active_anon 7626752
inactive_file 11132928
active_file 12345344
unevictable 0
hierarchical_memory_limit 6442450944
hierarchical_memsw_limit 32212254720
total_cache 23552000
total_rss 7598080
total_rss_huge 0
total_mapped_file 8781824
total_writeback 0
total_swap 0
total_pgpgin 78047
total_pgpgout 70442
total_pgfault 176515
total_pgmajfault 195
total_inactive_anon 45056
total_active_anon 7626752
total_inactive_file 11132928
total_active_file 12345344
total_unevictable 0
--------------------BLKIO-----------------------
11:0 Read 0
11:0 Write 0
11:0 Sync 0
11:0 Async 0
11:0 Total 0
253:0 Read 23400448
253:0 Write 229376
253:0 Sync 0
253:0 Async 23629824
253:0 Total 23629824
Total 23629824
--------------------CPUAC-----------------------
user 36
system 86
 
Sat May 20 11:56:08 IST 2017
--------------------MEMCG-----------------------
MEM ONLY  : 29 MB
MEM+SWAP  : 29 MB
cache 23552000
rss 7598080
rss_huge 0
mapped_file 8781824
writeback 0
swap 0
pgpgin 78047
pgpgout 70442
pgfault 176515
pgmajfault 195
inactive_anon 45056
active_anon 7626752
inactive_file 11132928
active_file 12345344
unevictable 0
hierarchical_memory_limit 6442450944
hierarchical_memsw_limit 32212254720
total_cache 23552000
total_rss 7598080
total_rss_huge 0
total_mapped_file 8781824
total_writeback 0
total_swap 0
total_pgpgin 78047
total_pgpgout 70442
total_pgfault 176515
total_pgmajfault 195
total_inactive_anon 45056
total_active_anon 7626752
total_inactive_file 11132928
total_active_file 12345344
total_unevictable 0
--------------------BLKIO-----------------------
11:0 Read 0
11:0 Write 0
11:0 Sync 0
11:0 Async 0
11:0 Total 0
253:0 Read 23400448
253:0 Write 229376
253:0 Sync 0
253:0 Async 23629824
253:0 Total 23629824
Total 23629824
--------------------CPUAC-----------------------
user 36
system 87
 
Sat May 20 11:56:38 IST 2017
--------------------MEMCG-----------------------
MEM ONLY  : 29 MB
MEM+SWAP  : 29 MB
cache 23552000
rss 7598080
rss_huge 0
mapped_file 8781824
writeback 0
swap 0
pgpgin 78047
pgpgout 70442
pgfault 176515
pgmajfault 195
inactive_anon 45056
active_anon 7626752
inactive_file 11132928
active_file 12345344
unevictable 0
hierarchical_memory_limit 6442450944
hierarchical_memsw_limit 32212254720
total_cache 23552000
total_rss 7598080
total_rss_huge 0
total_mapped_file 8781824
total_writeback 0
total_swap 0
total_pgpgin 78047
total_pgpgout 70442
total_pgfault 176515
total_pgmajfault 195
total_inactive_anon 45056
total_active_anon 7626752
total_inactive_file 11132928
total_active_file 12345344
total_unevictable 0
--------------------BLKIO-----------------------
11:0 Read 0
11:0 Write 0
11:0 Sync 0
11:0 Async 0
11:0 Total 0
253:0 Read 23400448
253:0 Write 229376
253:0 Sync 0
253:0 Async 23629824
253:0 Total 23629824
Total 23629824
--------------------CPUAC-----------------------
user 36
system 88
 
Sat May 20 11:57:08 IST 2017
--------------------MEMCG-----------------------
MEM ONLY  : 29 MB
MEM+SWAP  : 29 MB
cache 23552000
rss 7598080
rss_huge 0
mapped_file 8781824
writeback 0
swap 0
pgpgin 78047
pgpgout 70442
pgfault 176515
pgmajfault 195
inactive_anon 45056
active_anon 7626752
inactive_file 11132928
active_file 12345344
unevictable 0
hierarchical_memory_limit 6442450944
hierarchical_memsw_limit 32212254720
total_cache 23552000
total_rss 7598080
total_rss_huge 0
total_mapped_file 8781824
total_writeback 0
total_swap 0
total_pgpgin 78047
total_pgpgout 70442
total_pgfault 176515
total_pgmajfault 195
total_inactive_anon 45056
total_active_anon 7626752
total_inactive_file 11132928
total_active_file 12345344
total_unevictable 0
--------------------BLKIO-----------------------
11:0 Read 0
11:0 Write 0
11:0 Sync 0
11:0 Async 0
11:0 Total 0
253:0 Read 23400448
253:0 Write 229376
253:0 Sync 0
253:0 Async 23629824
253:0 Total 23629824
Total 23629824
--------------------CPUAC-----------------------
user 36
system 88
 
Sat May 20 11:57:38 IST 2017
--------------------MEMCG-----------------------
MEM ONLY  : 29 MB
MEM+SWAP  : 29 MB
cache 23552000
rss 7598080
rss_huge 0
mapped_file 8781824
writeback 0
swap 0
pgpgin 78047
pgpgout 70442
pgfault 176515
pgmajfault 195
inactive_anon 45056
active_anon 7626752
inactive_file 11132928
active_file 12345344
unevictable 0
hierarchical_memory_limit 6442450944
hierarchical_memsw_limit 32212254720
total_cache 23552000
total_rss 7598080
total_rss_huge 0
total_mapped_file 8781824
total_writeback 0
total_swap 0
total_pgpgin 78047
total_pgpgout 70442
total_pgfault 176515
total_pgmajfault 195
total_inactive_anon 45056
total_active_anon 7626752
total_inactive_file 11132928
total_active_file 12345344
total_unevictable 0
--------------------BLKIO-----------------------
11:0 Read 0
11:0 Write 0
11:0 Sync 0
11:0 Async 0
11:0 Total 0
253:0 Read 23400448
253:0 Write 229376
253:0 Sync 0
253:0 Async 23629824
253:0 Total 23629824
Total 23629824
--------------------CPUAC-----------------------
user 36
system 89
 
Sat May 20 11:58:08 IST 2017
--------------------MEMCG-----------------------
MEM ONLY  : 29 MB
MEM+SWAP  : 29 MB
cache 23552000
rss 7598080
rss_huge 0
mapped_file 8781824
writeback 0
swap 0
pgpgin 78047
pgpgout 70442
pgfault 176515
pgmajfault 195
inactive_anon 45056
active_anon 7626752
inactive_file 11132928
active_file 12345344
unevictable 0
hierarchical_memory_limit 6442450944
hierarchical_memsw_limit 32212254720
total_cache 23552000
total_rss 7598080
total_rss_huge 0
total_mapped_file 8781824
total_writeback 0
total_swap 0
total_pgpgin 78047
total_pgpgout 70442
total_pgfault 176515
total_pgmajfault 195
total_inactive_anon 45056
total_active_anon 7626752
total_inactive_file 11132928
total_active_file 12345344
total_unevictable 0
--------------------BLKIO-----------------------
11:0 Read 0
11:0 Write 0
11:0 Sync 0
11:0 Async 0
11:0 Total 0
253:0 Read 23400448
253:0 Write 229376
253:0 Sync 0
253:0 Async 23629824
253:0 Total 23629824
Total 23629824
--------------------CPUAC-----------------------
user 37
system 90
 
Sat May 20 11:58:38 IST 2017
--------------------MEMCG-----------------------
MEM ONLY  : 29 MB
MEM+SWAP  : 29 MB
cache 23552000
rss 7598080
rss_huge 0
mapped_file 8781824
writeback 0
swap 0
pgpgin 78047
pgpgout 70442
pgfault 176515
pgmajfault 195
inactive_anon 45056
active_anon 7626752
inactive_file 11132928
active_file 12345344
unevictable 0
hierarchical_memory_limit 6442450944
hierarchical_memsw_limit 32212254720
total_cache 23552000
total_rss 7598080
total_rss_huge 0
total_mapped_file 8781824
total_writeback 0
total_swap 0
total_pgpgin 78047
total_pgpgout 70442
total_pgfault 176515
total_pgmajfault 195
total_inactive_anon 45056
total_active_anon 7626752
total_inactive_file 11132928
total_active_file 12345344
total_unevictable 0
--------------------BLKIO-----------------------
11:0 Read 0
11:0 Write 0
11:0 Sync 0
11:0 Async 0
11:0 Total 0
253:0 Read 23400448
253:0 Write 229376
253:0 Sync 0
253:0 Async 23629824
253:0 Total 23629824
Total 23629824
--------------------CPUAC-----------------------
user 37
system 92
 
Sat May 20 11:59:08 IST 2017
--------------------MEMCG-----------------------
MEM ONLY  : 29 MB
MEM+SWAP  : 29 MB
cache 23552000
rss 7598080
rss_huge 0
mapped_file 8781824
writeback 0
swap 0
pgpgin 78047
pgpgout 70442
pgfault 176515
pgmajfault 195
inactive_anon 45056
active_anon 7626752
inactive_file 11132928
active_file 12345344
unevictable 0
hierarchical_memory_limit 6442450944
hierarchical_memsw_limit 32212254720
total_cache 23552000
total_rss 7598080
total_rss_huge 0
total_mapped_file 8781824
total_writeback 0
total_swap 0
total_pgpgin 78047
total_pgpgout 70442
total_pgfault 176515
total_pgmajfault 195
total_inactive_anon 45056
total_active_anon 7626752
total_inactive_file 11132928
total_active_file 12345344
total_unevictable 0
--------------------BLKIO-----------------------
11:0 Read 0
11:0 Write 0
11:0 Sync 0
11:0 Async 0
11:0 Total 0
253:0 Read 23400448
253:0 Write 229376
253:0 Sync 0
253:0 Async 23629824
253:0 Total 23629824
Total 23629824
--------------------CPUAC-----------------------
user 37
system 92
 
Sat May 20 11:59:38 IST 2017
--------------------MEMCG-----------------------
MEM ONLY  : 29 MB
MEM+SWAP  : 29 MB
cache 23552000
rss 7598080
rss_huge 0
mapped_file 8781824
writeback 0
swap 0
pgpgin 78047
pgpgout 70442
pgfault 176515
pgmajfault 195
inactive_anon 45056
active_anon 7626752
inactive_file 11132928
active_file 12345344
unevictable 0
hierarchical_memory_limit 6442450944
hierarchical_memsw_limit 32212254720
total_cache 23552000
total_rss 7598080
total_rss_huge 0
total_mapped_file 8781824
total_writeback 0
total_swap 0
total_pgpgin 78047
total_pgpgout 70442
total_pgfault 176515
total_pgmajfault 195
total_inactive_anon 45056
total_active_anon 7626752
total_inactive_file 11132928
total_active_file 12345344
total_unevictable 0
--------------------BLKIO-----------------------
11:0 Read 0
11:0 Write 0
11:0 Sync 0
11:0 Async 0
11:0 Total 0
253:0 Read 23400448
253:0 Write 229376
253:0 Sync 0
253:0 Async 23629824
253:0 Total 23629824
Total 23629824
--------------------CPUAC-----------------------
user 37
system 93
 
Sat May 20 12:00:08 IST 2017
--------------------MEMCG-----------------------
MEM ONLY  : 29 MB
MEM+SWAP  : 29 MB
cache 23552000
rss 7598080
rss_huge 0
mapped_file 8781824
writeback 0
swap 0
pgpgin 78047
pgpgout 70442
pgfault 176515
pgmajfault 195
inactive_anon 45056
active_anon 7626752
inactive_file 11132928
active_file 12345344
unevictable 0
hierarchical_memory_limit 6442450944
hierarchical_memsw_limit 32212254720
total_cache 23552000
total_rss 7598080
total_rss_huge 0
total_mapped_file 8781824
total_writeback 0
total_swap 0
total_pgpgin 78047
total_pgpgout 70442
total_pgfault 176515
total_pgmajfault 195
total_inactive_anon 45056
total_active_anon 7626752
total_inactive_file 11132928
total_active_file 12345344
total_unevictable 0
--------------------BLKIO-----------------------
11:0 Read 0
11:0 Write 0
11:0 Sync 0
11:0 Async 0
11:0 Total 0
253:0 Read 23400448
253:0 Write 229376
253:0 Sync 0
253:0 Async 23629824
253:0 Total 23629824
Total 23629824
--------------------CPUAC-----------------------
user 37
system 95
 
Sat May 20 12:00:38 IST 2017
--------------------MEMCG-----------------------
MEM ONLY  : 29 MB
MEM+SWAP  : 29 MB
cache 23552000
rss 7598080
rss_huge 0
mapped_file 8781824
writeback 0
swap 0
pgpgin 78047
pgpgout 70442
pgfault 176515
pgmajfault 195
inactive_anon 45056
active_anon 7626752
inactive_file 11132928
active_file 12345344
unevictable 0
hierarchical_memory_limit 6442450944
hierarchical_memsw_limit 32212254720
total_cache 23552000
total_rss 7598080
total_rss_huge 0
total_mapped_file 8781824
total_writeback 0
total_swap 0
total_pgpgin 78047
total_pgpgout 70442
total_pgfault 176515
total_pgmajfault 195
total_inactive_anon 45056
total_active_anon 7626752
total_inactive_file 11132928
total_active_file 12345344
total_unevictable 0
--------------------BLKIO-----------------------
11:0 Read 0
11:0 Write 0
11:0 Sync 0
11:0 Async 0
11:0 Total 0
253:0 Read 23400448
253:0 Write 229376
253:0 Sync 0
253:0 Async 23629824
253:0 Total 23629824
Total 23629824
--------------------CPUAC-----------------------
user 38
system 95
 
Sat May 20 12:01:08 IST 2017
--------------------MEMCG-----------------------
MEM ONLY  : 29 MB
MEM+SWAP  : 29 MB
cache 23552000
rss 7598080
rss_huge 0
mapped_file 8781824
writeback 0
swap 0
pgpgin 78047
pgpgout 70442
pgfault 176515
pgmajfault 195
inactive_anon 45056
active_anon 7626752
inactive_file 11132928
active_file 12345344
unevictable 0
hierarchical_memory_limit 6442450944
hierarchical_memsw_limit 32212254720
total_cache 23552000
total_rss 7598080
total_rss_huge 0
total_mapped_file 8781824
total_writeback 0
total_swap 0
total_pgpgin 78047
total_pgpgout 70442
total_pgfault 176515
total_pgmajfault 195
total_inactive_anon 45056
total_active_anon 7626752
total_inactive_file 11132928
total_active_file 12345344
total_unevictable 0
--------------------BLKIO-----------------------
11:0 Read 0
11:0 Write 0
11:0 Sync 0
11:0 Async 0
11:0 Total 0
253:0 Read 23400448
253:0 Write 229376
253:0 Sync 0
253:0 Async 23629824
253:0 Total 23629824
Total 23629824
--------------------CPUAC-----------------------
user 39
system 96
 
Sat May 20 12:01:38 IST 2017
--------------------MEMCG-----------------------
MEM ONLY  : 29 MB
MEM+SWAP  : 29 MB
cache 23552000
rss 7598080
rss_huge 0
mapped_file 8781824
writeback 0
swap 0
pgpgin 78047
pgpgout 70442
pgfault 176515
pgmajfault 195
inactive_anon 45056
active_anon 7626752
inactive_file 11132928
active_file 12345344
unevictable 0
hierarchical_memory_limit 6442450944
hierarchical_memsw_limit 32212254720
total_cache 23552000
total_rss 7598080
total_rss_huge 0
total_mapped_file 8781824
total_writeback 0
total_swap 0
total_pgpgin 78047
total_pgpgout 70442
total_pgfault 176515
total_pgmajfault 195
total_inactive_anon 45056
total_active_anon 7626752
total_inactive_file 11132928
total_active_file 12345344
total_unevictable 0
--------------------BLKIO-----------------------
11:0 Read 0
11:0 Write 0
11:0 Sync 0
11:0 Async 0
11:0 Total 0
253:0 Read 23400448
253:0 Write 229376
253:0 Sync 0
253:0 Async 23629824
253:0 Total 23629824
Total 23629824
--------------------CPUAC-----------------------
user 39
system 96
 
Sat May 20 12:02:08 IST 2017
--------------------MEMCG-----------------------
MEM ONLY  : 29 MB
MEM+SWAP  : 29 MB
cache 23552000
rss 7598080
rss_huge 0
mapped_file 8781824
writeback 0
swap 0
pgpgin 78047
pgpgout 70442
pgfault 176515
pgmajfault 195
inactive_anon 45056
active_anon 7626752
inactive_file 11132928
active_file 12345344
unevictable 0
hierarchical_memory_limit 6442450944
hierarchical_memsw_limit 32212254720
total_cache 23552000
total_rss 7598080
total_rss_huge 0
total_mapped_file 8781824
total_writeback 0
total_swap 0
total_pgpgin 78047
total_pgpgout 70442
total_pgfault 176515
total_pgmajfault 195
total_inactive_anon 45056
total_active_anon 7626752
total_inactive_file 11132928
total_active_file 12345344
total_unevictable 0
--------------------BLKIO-----------------------
11:0 Read 0
11:0 Write 0
11:0 Sync 0
11:0 Async 0
11:0 Total 0
253:0 Read 23400448
253:0 Write 229376
253:0 Sync 0
253:0 Async 23629824
253:0 Total 23629824
Total 23629824
--------------------CPUAC-----------------------
user 40
system 96
 
Sat May 20 12:02:38 IST 2017
--------------------MEMCG-----------------------
MEM ONLY  : 29 MB
MEM+SWAP  : 29 MB
cache 23552000
rss 7598080
rss_huge 0
mapped_file 8781824
writeback 0
swap 0
pgpgin 78047
pgpgout 70442
pgfault 176515
pgmajfault 195
inactive_anon 45056
active_anon 7626752
inactive_file 11132928
active_file 12345344
unevictable 0
hierarchical_memory_limit 6442450944
hierarchical_memsw_limit 32212254720
total_cache 23552000
total_rss 7598080
total_rss_huge 0
total_mapped_file 8781824
total_writeback 0
total_swap 0
total_pgpgin 78047
total_pgpgout 70442
total_pgfault 176515
total_pgmajfault 195
total_inactive_anon 45056
total_active_anon 7626752
total_inactive_file 11132928
total_active_file 12345344
total_unevictable 0
--------------------BLKIO-----------------------
11:0 Read 0
11:0 Write 0
11:0 Sync 0
11:0 Async 0
11:0 Total 0
253:0 Read 23400448
253:0 Write 229376
253:0 Sync 0
253:0 Async 23629824
253:0 Total 23629824
Total 23629824
--------------------CPUAC-----------------------
user 40
system 96
 
Sat May 20 12:03:08 IST 2017
--------------------MEMCG-----------------------
MEM ONLY  : 29 MB
MEM+SWAP  : 29 MB
cache 23552000
rss 7598080
rss_huge 0
mapped_file 8781824
writeback 0
swap 0
pgpgin 78047
pgpgout 70442
pgfault 176515
pgmajfault 195
inactive_anon 45056
active_anon 7626752
inactive_file 11132928
active_file 12345344
unevictable 0
hierarchical_memory_limit 6442450944
hierarchical_memsw_limit 32212254720
total_cache 23552000
total_rss 7598080
total_rss_huge 0
total_mapped_file 8781824
total_writeback 0
total_swap 0
total_pgpgin 78047
total_pgpgout 70442
total_pgfault 176515
total_pgmajfault 195
total_inactive_anon 45056
total_active_anon 7626752
total_inactive_file 11132928
total_active_file 12345344
total_unevictable 0
--------------------BLKIO-----------------------
11:0 Read 0
11:0 Write 0
11:0 Sync 0
11:0 Async 0
11:0 Total 0
253:0 Read 23400448
253:0 Write 229376
253:0 Sync 0
253:0 Async 23629824
253:0 Total 23629824
Total 23629824
--------------------CPUAC-----------------------
user 41
system 96
 
Sat May 20 12:03:38 IST 2017
--------------------MEMCG-----------------------
MEM ONLY  : 29 MB
MEM+SWAP  : 29 MB
cache 23552000
rss 7598080
rss_huge 0
mapped_file 8781824
writeback 0
swap 0
pgpgin 78047
pgpgout 70442
pgfault 176515
pgmajfault 195
inactive_anon 45056
active_anon 7626752
inactive_file 11132928
active_file 12345344
unevictable 0
hierarchical_memory_limit 6442450944
hierarchical_memsw_limit 32212254720
total_cache 23552000
total_rss 7598080
total_rss_huge 0
total_mapped_file 8781824
total_writeback 0
total_swap 0
total_pgpgin 78047
total_pgpgout 70442
total_pgfault 176515
total_pgmajfault 195
total_inactive_anon 45056
total_active_anon 7626752
total_inactive_file 11132928
total_active_file 12345344
total_unevictable 0
--------------------BLKIO-----------------------
11:0 Read 0
11:0 Write 0
11:0 Sync 0
11:0 Async 0
11:0 Total 0
253:0 Read 23400448
253:0 Write 229376
253:0 Sync 0
253:0 Async 23629824
253:0 Total 23629824
Total 23629824
--------------------CPUAC-----------------------
user 42
system 97
 
Sat May 20 12:04:08 IST 2017
--------------------MEMCG-----------------------
MEM ONLY  : 29 MB
MEM+SWAP  : 29 MB
cache 23552000
rss 7598080
rss_huge 0
mapped_file 8781824
writeback 0
swap 0
pgpgin 78047
pgpgout 70442
pgfault 176515
pgmajfault 195
inactive_anon 45056
active_anon 7626752
inactive_file 11132928
active_file 12345344
unevictable 0
hierarchical_memory_limit 6442450944
hierarchical_memsw_limit 32212254720
total_cache 23552000
total_rss 7598080
total_rss_huge 0
total_mapped_file 8781824
total_writeback 0
total_swap 0
total_pgpgin 78047
total_pgpgout 70442
total_pgfault 176515
total_pgmajfault 195
total_inactive_anon 45056
total_active_anon 7626752
total_inactive_file 11132928
total_active_file 12345344
total_unevictable 0
--------------------BLKIO-----------------------
11:0 Read 0
11:0 Write 0
11:0 Sync 0
11:0 Async 0
11:0 Total 0
253:0 Read 23400448
253:0 Write 229376
253:0 Sync 0
253:0 Async 23629824
253:0 Total 23629824
Total 23629824
--------------------CPUAC-----------------------
user 43
system 99
 
Sat May 20 12:04:38 IST 2017
--------------------MEMCG-----------------------
MEM ONLY  : 29 MB
MEM+SWAP  : 29 MB
cache 23552000
rss 7598080
rss_huge 0
mapped_file 8781824
writeback 0
swap 0
pgpgin 78047
pgpgout 70442
pgfault 176515
pgmajfault 195
inactive_anon 45056
active_anon 7626752
inactive_file 11132928
active_file 12345344
unevictable 0
hierarchical_memory_limit 6442450944
hierarchical_memsw_limit 32212254720
total_cache 23552000
total_rss 7598080
total_rss_huge 0
total_mapped_file 8781824
total_writeback 0
total_swap 0
total_pgpgin 78047
total_pgpgout 70442
total_pgfault 176515
total_pgmajfault 195
total_inactive_anon 45056
total_active_anon 7626752
total_inactive_file 11132928
total_active_file 12345344
total_unevictable 0
--------------------BLKIO-----------------------
11:0 Read 0
11:0 Write 0
11:0 Sync 0
11:0 Async 0
11:0 Total 0
253:0 Read 23400448
253:0 Write 229376
253:0 Sync 0
253:0 Async 23629824
253:0 Total 23629824
Total 23629824
--------------------CPUAC-----------------------
user 43
system 101
 
Sat May 20 12:05:08 IST 2017
--------------------MEMCG-----------------------
MEM ONLY  : 29 MB
MEM+SWAP  : 29 MB
cache 23552000
rss 7598080
rss_huge 0
mapped_file 8781824
writeback 0
swap 0
pgpgin 78047
pgpgout 70442
pgfault 176515
pgmajfault 195
inactive_anon 45056
active_anon 7626752
inactive_file 11132928
active_file 12345344
unevictable 0
hierarchical_memory_limit 6442450944
hierarchical_memsw_limit 32212254720
total_cache 23552000
total_rss 7598080
total_rss_huge 0
total_mapped_file 8781824
total_writeback 0
total_swap 0
total_pgpgin 78047
total_pgpgout 70442
total_pgfault 176515
total_pgmajfault 195
total_inactive_anon 45056
total_active_anon 7626752
total_inactive_file 11132928
total_active_file 12345344
total_unevictable 0
--------------------BLKIO-----------------------
11:0 Read 0
11:0 Write 0
11:0 Sync 0
11:0 Async 0
11:0 Total 0
253:0 Read 23400448
253:0 Write 229376
253:0 Sync 0
253:0 Async 23629824
253:0 Total 23629824
Total 23629824
--------------------CPUAC-----------------------
user 44
system 102
 
Sat May 20 12:05:38 IST 2017
--------------------MEMCG-----------------------
MEM ONLY  : 29 MB
MEM+SWAP  : 29 MB
cache 23552000
rss 7598080
rss_huge 0
mapped_file 8781824
writeback 0
swap 0
pgpgin 78047
pgpgout 70442
pgfault 176515
pgmajfault 195
inactive_anon 45056
active_anon 7626752
inactive_file 11132928
active_file 12345344
unevictable 0
hierarchical_memory_limit 6442450944
hierarchical_memsw_limit 32212254720
total_cache 23552000
total_rss 7598080
total_rss_huge 0
total_mapped_file 8781824
total_writeback 0
total_swap 0
total_pgpgin 78047
total_pgpgout 70442
total_pgfault 176515
total_pgmajfault 195
total_inactive_anon 45056
total_active_anon 7626752
total_inactive_file 11132928
total_active_file 12345344
total_unevictable 0
--------------------BLKIO-----------------------
11:0 Read 0
11:0 Write 0
11:0 Sync 0
11:0 Async 0
11:0 Total 0
253:0 Read 23400448
253:0 Write 229376
253:0 Sync 0
253:0 Async 23629824
253:0 Total 23629824
Total 23629824
--------------------CPUAC-----------------------
user 44
system 102
 
Sat May 20 12:06:08 IST 2017
--------------------MEMCG-----------------------
MEM ONLY  : 29 MB
MEM+SWAP  : 29 MB
cache 23552000
rss 7598080
rss_huge 0
mapped_file 8781824
writeback 0
swap 0
pgpgin 78047
pgpgout 70442
pgfault 176515
pgmajfault 195
inactive_anon 45056
active_anon 7626752
inactive_file 11132928
active_file 12345344
unevictable 0
hierarchical_memory_limit 6442450944
hierarchical_memsw_limit 32212254720
total_cache 23552000
total_rss 7598080
total_rss_huge 0
total_mapped_file 8781824
total_writeback 0
total_swap 0
total_pgpgin 78047
total_pgpgout 70442
total_pgfault 176515
total_pgmajfault 195
total_inactive_anon 45056
total_active_anon 7626752
total_inactive_file 11132928
total_active_file 12345344
total_unevictable 0
--------------------BLKIO-----------------------
11:0 Read 0
11:0 Write 0
11:0 Sync 0
11:0 Async 0
11:0 Total 0
253:0 Read 23400448
253:0 Write 229376
253:0 Sync 0
253:0 Async 23629824
253:0 Total 23629824
Total 23629824
--------------------CPUAC-----------------------
user 44
system 103
 
Sat May 20 12:06:38 IST 2017
--------------------MEMCG-----------------------
MEM ONLY  : 29 MB
MEM+SWAP  : 29 MB
cache 23552000
rss 7598080
rss_huge 0
mapped_file 8781824
writeback 0
swap 0
pgpgin 78047
pgpgout 70442
pgfault 176515
pgmajfault 195
inactive_anon 45056
active_anon 7626752
inactive_file 11132928
active_file 12345344
unevictable 0
hierarchical_memory_limit 6442450944
hierarchical_memsw_limit 32212254720
total_cache 23552000
total_rss 7598080
total_rss_huge 0
total_mapped_file 8781824
total_writeback 0
total_swap 0
total_pgpgin 78047
total_pgpgout 70442
total_pgfault 176515
total_pgmajfault 195
total_inactive_anon 45056
total_active_anon 7626752
total_inactive_file 11132928
total_active_file 12345344
total_unevictable 0
--------------------BLKIO-----------------------
11:0 Read 0
11:0 Write 0
11:0 Sync 0
11:0 Async 0
11:0 Total 0
253:0 Read 23400448
253:0 Write 229376
253:0 Sync 0
253:0 Async 23629824
253:0 Total 23629824
Total 23629824
--------------------CPUAC-----------------------
user 45
system 104
 
Sat May 20 12:07:08 IST 2017
--------------------MEMCG-----------------------
MEM ONLY  : 29 MB
MEM+SWAP  : 29 MB
cache 23552000
rss 7598080
rss_huge 0
mapped_file 8781824
writeback 0
swap 0
pgpgin 78047
pgpgout 70442
pgfault 176515
pgmajfault 195
inactive_anon 45056
active_anon 7626752
inactive_file 11132928
active_file 12345344
unevictable 0
hierarchical_memory_limit 6442450944
hierarchical_memsw_limit 32212254720
total_cache 23552000
total_rss 7598080
total_rss_huge 0
total_mapped_file 8781824
total_writeback 0
total_swap 0
total_pgpgin 78047
total_pgpgout 70442
total_pgfault 176515
total_pgmajfault 195
total_inactive_anon 45056
total_active_anon 7626752
total_inactive_file 11132928
total_active_file 12345344
total_unevictable 0
--------------------BLKIO-----------------------
11:0 Read 0
11:0 Write 0
11:0 Sync 0
11:0 Async 0
11:0 Total 0
253:0 Read 23400448
253:0 Write 229376
253:0 Sync 0
253:0 Async 23629824
253:0 Total 23629824
Total 23629824
--------------------CPUAC-----------------------
user 45
system 106
 
Sat May 20 12:07:38 IST 2017
--------------------MEMCG-----------------------
MEM ONLY  : 29 MB
MEM+SWAP  : 29 MB
cache 23552000
rss 7598080
rss_huge 0
mapped_file 8781824
writeback 0
swap 0
pgpgin 78047
pgpgout 70442
pgfault 176515
pgmajfault 195
inactive_anon 45056
active_anon 7626752
inactive_file 11132928
active_file 12345344
unevictable 0
hierarchical_memory_limit 6442450944
hierarchical_memsw_limit 32212254720
total_cache 23552000
total_rss 7598080
total_rss_huge 0
total_mapped_file 8781824
total_writeback 0
total_swap 0
total_pgpgin 78047
total_pgpgout 70442
total_pgfault 176515
total_pgmajfault 195
total_inactive_anon 45056
total_active_anon 7626752
total_inactive_file 11132928
total_active_file 12345344
total_unevictable 0
--------------------BLKIO-----------------------
11:0 Read 0
11:0 Write 0
11:0 Sync 0
11:0 Async 0
11:0 Total 0
253:0 Read 23400448
253:0 Write 229376
253:0 Sync 0
253:0 Async 23629824
253:0 Total 23629824
Total 23629824
--------------------CPUAC-----------------------
user 45
system 107
 
Sat May 20 12:08:08 IST 2017
--------------------MEMCG-----------------------
MEM ONLY  : 29 MB
MEM+SWAP  : 29 MB
cache 23552000
rss 7598080
rss_huge 0
mapped_file 8781824
writeback 0
swap 0
pgpgin 78047
pgpgout 70442
pgfault 176515
pgmajfault 195
inactive_anon 45056
active_anon 7626752
inactive_file 11132928
active_file 12345344
unevictable 0
hierarchical_memory_limit 6442450944
hierarchical_memsw_limit 32212254720
total_cache 23552000
total_rss 7598080
total_rss_huge 0
total_mapped_file 8781824
total_writeback 0
total_swap 0
total_pgpgin 78047
total_pgpgout 70442
total_pgfault 176515
total_pgmajfault 195
total_inactive_anon 45056
total_active_anon 7626752
total_inactive_file 11132928
total_active_file 12345344
total_unevictable 0
--------------------BLKIO-----------------------
11:0 Read 0
11:0 Write 0
11:0 Sync 0
11:0 Async 0
11:0 Total 0
253:0 Read 23400448
253:0 Write 229376
253:0 Sync 0
253:0 Async 23629824
253:0 Total 23629824
Total 23629824
--------------------CPUAC-----------------------
user 46
system 108
 
Sat May 20 12:08:38 IST 2017
--------------------MEMCG-----------------------
MEM ONLY  : 29 MB
MEM+SWAP  : 29 MB
cache 23552000
rss 7598080
rss_huge 0
mapped_file 8781824
writeback 0
swap 0
pgpgin 78047
pgpgout 70442
pgfault 176515
pgmajfault 195
inactive_anon 45056
active_anon 7626752
inactive_file 11132928
active_file 12345344
unevictable 0
hierarchical_memory_limit 6442450944
hierarchical_memsw_limit 32212254720
total_cache 23552000
total_rss 7598080
total_rss_huge 0
total_mapped_file 8781824
total_writeback 0
total_swap 0
total_pgpgin 78047
total_pgpgout 70442
total_pgfault 176515
total_pgmajfault 195
total_inactive_anon 45056
total_active_anon 7626752
total_inactive_file 11132928
total_active_file 12345344
total_unevictable 0
--------------------BLKIO-----------------------
11:0 Read 0
11:0 Write 0
11:0 Sync 0
11:0 Async 0
11:0 Total 0
253:0 Read 23400448
253:0 Write 229376
253:0 Sync 0
253:0 Async 23629824
253:0 Total 23629824
Total 23629824
--------------------CPUAC-----------------------
user 46
system 110
 
Sat May 20 12:09:08 IST 2017
--------------------MEMCG-----------------------
MEM ONLY  : 29 MB
MEM+SWAP  : 29 MB
cache 23552000
rss 7598080
rss_huge 0
mapped_file 8781824
writeback 0
swap 0
pgpgin 78047
pgpgout 70442
pgfault 176515
pgmajfault 195
inactive_anon 45056
active_anon 7626752
inactive_file 11132928
active_file 12345344
unevictable 0
hierarchical_memory_limit 6442450944
hierarchical_memsw_limit 32212254720
total_cache 23552000
total_rss 7598080
total_rss_huge 0
total_mapped_file 8781824
total_writeback 0
total_swap 0
total_pgpgin 78047
total_pgpgout 70442
total_pgfault 176515
total_pgmajfault 195
total_inactive_anon 45056
total_active_anon 7626752
total_inactive_file 11132928
total_active_file 12345344
total_unevictable 0
--------------------BLKIO-----------------------
11:0 Read 0
11:0 Write 0
11:0 Sync 0
11:0 Async 0
11:0 Total 0
253:0 Read 23400448
253:0 Write 229376
253:0 Sync 0
253:0 Async 23629824
253:0 Total 23629824
Total 23629824
--------------------CPUAC-----------------------
user 46
system 110
 
Sat May 20 12:09:39 IST 2017
--------------------MEMCG-----------------------
MEM ONLY  : 29 MB
MEM+SWAP  : 29 MB
cache 23552000
rss 7598080
rss_huge 0
mapped_file 8781824
writeback 0
swap 0
pgpgin 78047
pgpgout 70442
pgfault 176515
pgmajfault 195
inactive_anon 45056
active_anon 7626752
inactive_file 11132928
active_file 12345344
unevictable 0
hierarchical_memory_limit 6442450944
hierarchical_memsw_limit 32212254720
total_cache 23552000
total_rss 7598080
total_rss_huge 0
total_mapped_file 8781824
total_writeback 0
total_swap 0
total_pgpgin 78047
total_pgpgout 70442
total_pgfault 176515
total_pgmajfault 195
total_inactive_anon 45056
total_active_anon 7626752
total_inactive_file 11132928
total_active_file 12345344
total_unevictable 0
--------------------BLKIO-----------------------
11:0 Read 0
11:0 Write 0
11:0 Sync 0
11:0 Async 0
11:0 Total 0
253:0 Read 23400448
253:0 Write 229376
253:0 Sync 0
253:0 Async 23629824
253:0 Total 23629824
Total 23629824
--------------------CPUAC-----------------------
user 46
system 111
 
Sat May 20 12:10:09 IST 2017
--------------------MEMCG-----------------------
MEM ONLY  : 29 MB
MEM+SWAP  : 29 MB
cache 23552000
rss 7598080
rss_huge 0
mapped_file 8781824
writeback 0
swap 0
pgpgin 78047
pgpgout 70442
pgfault 176515
pgmajfault 195
inactive_anon 45056
active_anon 7626752
inactive_file 11132928
active_file 12345344
unevictable 0
hierarchical_memory_limit 6442450944
hierarchical_memsw_limit 32212254720
total_cache 23552000
total_rss 7598080
total_rss_huge 0
total_mapped_file 8781824
total_writeback 0
total_swap 0
total_pgpgin 78047
total_pgpgout 70442
total_pgfault 176515
total_pgmajfault 195
total_inactive_anon 45056
total_active_anon 7626752
total_inactive_file 11132928
total_active_file 12345344
total_unevictable 0
--------------------BLKIO-----------------------
11:0 Read 0
11:0 Write 0
11:0 Sync 0
11:0 Async 0
11:0 Total 0
253:0 Read 23400448
253:0 Write 229376
253:0 Sync 0
253:0 Async 23629824
253:0 Total 23629824
Total 23629824
--------------------CPUAC-----------------------
user 46
system 111
 
Sat May 20 12:10:39 IST 2017
--------------------MEMCG-----------------------
MEM ONLY  : 220 MB
MEM+SWAP  : 220 MB
cache 23552000
rss 207880192
rss_huge 0
mapped_file 8781824
writeback 0
swap 0
pgpgin 126944
pgpgout 70442
pgfault 225697
pgmajfault 195
inactive_anon 45056
active_anon 207908864
inactive_file 11132928
active_file 12345344
unevictable 0
hierarchical_memory_limit 6442450944
hierarchical_memsw_limit 32212254720
total_cache 23552000
total_rss 207880192
total_rss_huge 0
total_mapped_file 8781824
total_writeback 0
total_swap 0
total_pgpgin 126944
total_pgpgout 70442
total_pgfault 225697
total_pgmajfault 195
total_inactive_anon 45056
total_active_anon 207908864
total_inactive_file 11132928
total_active_file 12345344
total_unevictable 0
--------------------BLKIO-----------------------
11:0 Read 0
11:0 Write 0
11:0 Sync 0
11:0 Async 0
11:0 Total 0
253:0 Read 23400448
253:0 Write 229376
253:0 Sync 0
253:0 Async 23629824
253:0 Total 23629824
Total 23629824
--------------------CPUAC-----------------------
user 109
system 174
 
Sat May 20 12:11:09 IST 2017
--------------------MEMCG-----------------------
MEM ONLY  : 1849 MB
MEM+SWAP  : 1873 MB
cache 19955712
rss 1919016960
rss_huge 0
mapped_file 7163904
writeback 0
swap 25399296
pgpgin 551016
pgpgout 77634
pgfault 651535
pgmajfault 245
inactive_anon 555110400
active_anon 1363869696
inactive_file 9019392
active_file 10936320
unevictable 0
hierarchical_memory_limit 6442450944
hierarchical_memsw_limit 32212254720
total_cache 19955712
total_rss 1919016960
total_rss_huge 0
total_mapped_file 7163904
total_writeback 0
total_swap 25399296
total_pgpgin 551016
total_pgpgout 77634
total_pgfault 651535
total_pgmajfault 245
total_inactive_anon 555110400
total_active_anon 1363869696
total_inactive_file 9019392
total_active_file 10936320
total_unevictable 0
--------------------BLKIO-----------------------
11:0 Read 0
11:0 Write 0
11:0 Sync 0
11:0 Async 0
11:0 Total 0
253:0 Read 23941120
253:0 Write 29261824
253:0 Sync 0
253:0 Async 53202944
253:0 Total 53202944
Total 53202944
--------------------CPUAC-----------------------
user 664
system 969
 
Sat May 20 12:11:39 IST 2017
--------------------MEMCG-----------------------
MEM ONLY  : 2003 MB
MEM+SWAP  : 2035 MB
cache 19951616
rss 2081378304
rss_huge 0
mapped_file 7163904
writeback 0
swap 32604160
pgpgin 592416
pgpgout 79396
pgfault 692938
pgmajfault 247
inactive_anon 601395200
active_anon 1479983104
inactive_file 9019392
active_file 10932224
unevictable 0
hierarchical_memory_limit 6442450944
hierarchical_memsw_limit 32212254720
total_cache 19951616
total_rss 2081378304
total_rss_huge 0
total_mapped_file 7163904
total_writeback 0
total_swap 32604160
total_pgpgin 592416
total_pgpgout 79396
total_pgfault 692938
total_pgmajfault 247
total_inactive_anon 601395200
total_active_anon 1479983104
total_inactive_file 9019392
total_active_file 10932224
total_unevictable 0
--------------------BLKIO-----------------------
11:0 Read 0
11:0 Write 0
11:0 Sync 0
11:0 Async 0
11:0 Total 0
253:0 Read 23949312
253:0 Write 35282944
253:0 Sync 0
253:0 Async 59232256
253:0 Total 59232256
Total 59232256
--------------------CPUAC-----------------------
user 722
system 1056
 
Sat May 20 12:12:09 IST 2017
--------------------MEMCG-----------------------
MEM ONLY  : 2001 MB
MEM+SWAP  : 2035 MB
cache 19947520
rss 2078515200
rss_huge 0
mapped_file 7163904
writeback 0
swap 35467264
pgpgin 592416
pgpgout 80096
pgfault 692938
pgmajfault 247
inactive_anon 600276992
active_anon 1478238208
inactive_file 9019392
active_file 10928128
unevictable 0
hierarchical_memory_limit 6442450944
hierarchical_memsw_limit 32212254720
total_cache 19947520
total_rss 2078515200
total_rss_huge 0
total_mapped_file 7163904
total_writeback 0
total_swap 35467264
total_pgpgin 592416
total_pgpgout 80096
total_pgfault 692938
total_pgmajfault 247
total_inactive_anon 600276992
total_active_anon 1478238208
total_inactive_file 9019392
total_active_file 10928128
total_unevictable 0
--------------------BLKIO-----------------------
11:0 Read 0
11:0 Write 0
11:0 Sync 0
11:0 Async 0
11:0 Total 0
253:0 Read 23949312
253:0 Write 35282944
253:0 Sync 0
253:0 Async 59232256
253:0 Total 59232256
Total 59232256
--------------------CPUAC-----------------------
user 722
system 1057
 
Sat May 20 12:12:39 IST 2017
--------------------MEMCG-----------------------
MEM ONLY  : 1998 MB
MEM+SWAP  : 2035 MB
cache 19943424
rss 2075521024
rss_huge 0
mapped_file 7163904
writeback 0
swap 38461440
pgpgin 592416
pgpgout 80828
pgfault 692938
pgmajfault 247
inactive_anon 599089152
active_anon 1476431872
inactive_file 9019392
active_file 10924032
unevictable 0
hierarchical_memory_limit 6442450944
hierarchical_memsw_limit 32212254720
total_cache 19943424
total_rss 2075521024
total_rss_huge 0
total_mapped_file 7163904
total_writeback 0
total_swap 38461440
total_pgpgin 592416
total_pgpgout 80828
total_pgfault 692938
total_pgmajfault 247
total_inactive_anon 599089152
total_active_anon 1476431872
total_inactive_file 9019392
total_active_file 10924032
total_unevictable 0
--------------------BLKIO-----------------------
11:0 Read 0
11:0 Write 0
11:0 Sync 0
11:0 Async 0
11:0 Total 0
253:0 Read 23949312
253:0 Write 35282944
253:0 Sync 0
253:0 Async 59232256
253:0 Total 59232256
Total 59232256
--------------------CPUAC-----------------------
user 722
system 1059
 
Sat May 20 12:13:09 IST 2017
--------------------MEMCG-----------------------
MEM ONLY  : 1995 MB
MEM+SWAP  : 2035 MB
cache 19943424
rss 2072424448
rss_huge 0
mapped_file 7163904
writeback 0
swap 41558016
pgpgin 592416
pgpgout 81584
pgfault 692938
pgmajfault 247
inactive_anon 597901312
active_anon 1474523136
inactive_file 9019392
active_file 10924032
unevictable 0
hierarchical_memory_limit 6442450944
hierarchical_memsw_limit 32212254720
total_cache 19943424
total_rss 2072424448
total_rss_huge 0
total_mapped_file 7163904
total_writeback 0
total_swap 41558016
total_pgpgin 592416
total_pgpgout 81584
total_pgfault 692938
total_pgmajfault 247
total_inactive_anon 597901312
total_active_anon 1474523136
total_inactive_file 9019392
total_active_file 10924032
total_unevictable 0
--------------------BLKIO-----------------------
11:0 Read 0
11:0 Write 0
11:0 Sync 0
11:0 Async 0
11:0 Total 0
253:0 Read 23949312
253:0 Write 35282944
253:0 Sync 0
253:0 Async 59232256
253:0 Total 59232256
Total 59232256
--------------------CPUAC-----------------------
user 722
system 1059
 
Sat May 20 12:13:39 IST 2017
--------------------MEMCG-----------------------
MEM ONLY  : 1992 MB
MEM+SWAP  : 2035 MB
cache 19910656
rss 2069250048
rss_huge 0
mapped_file 7163904
writeback 0
swap 44732416
pgpgin 592416
pgpgout 82367
pgfault 692938
pgmajfault 247
inactive_anon 596676608
active_anon 1472573440
inactive_file 9023488
active_file 10887168
unevictable 0
hierarchical_memory_limit 6442450944
hierarchical_memsw_limit 32212254720
total_cache 19910656
total_rss 2069250048
total_rss_huge 0
total_mapped_file 7163904
total_writeback 0
total_swap 44732416
total_pgpgin 592416
total_pgpgout 82367
total_pgfault 692938
total_pgmajfault 247
total_inactive_anon 596676608
total_active_anon 1472573440
total_inactive_file 9023488
total_active_file 10887168
total_unevictable 0
--------------------BLKIO-----------------------
11:0 Read 0
11:0 Write 0
11:0 Sync 0
11:0 Async 0
11:0 Total 0
253:0 Read 23949312
253:0 Write 35282944
253:0 Sync 0
253:0 Async 59232256
253:0 Total 59232256
Total 59232256
--------------------CPUAC-----------------------
user 722
system 1060
 
Sat May 20 12:14:09 IST 2017
--------------------MEMCG-----------------------
MEM ONLY  : 1989 MB
MEM+SWAP  : 2035 MB
cache 19898368
rss 2066198528
rss_huge 0
mapped_file 7163904
writeback 0
swap 47783936
pgpgin 592416
pgpgout 83115
pgfault 692938
pgmajfault 247
inactive_anon 595435520
active_anon 1470763008
inactive_file 9023488
active_file 10874880
unevictable 0
hierarchical_memory_limit 6442450944
hierarchical_memsw_limit 32212254720
total_cache 19898368
total_rss 2066198528
total_rss_huge 0
total_mapped_file 7163904
total_writeback 0
total_swap 47783936
total_pgpgin 592416
total_pgpgout 83115
total_pgfault 692938
total_pgmajfault 247
total_inactive_anon 595435520
total_active_anon 1470763008
total_inactive_file 9023488
total_active_file 10874880
total_unevictable 0
--------------------BLKIO-----------------------
11:0 Read 0
11:0 Write 0
11:0 Sync 0
11:0 Async 0
11:0 Total 0
253:0 Read 23949312
253:0 Write 35282944
253:0 Sync 0
253:0 Async 59232256
253:0 Total 59232256
Total 59232256
--------------------CPUAC-----------------------
user 722
system 1061
 
Sat May 20 12:14:39 IST 2017
--------------------MEMCG-----------------------
MEM ONLY  : 1986 MB
MEM+SWAP  : 2035 MB
cache 19873792
rss 2063208448
rss_huge 0
mapped_file 7163904
writeback 0
swap 50774016
pgpgin 592416
pgpgout 83851
pgfault 692938
pgmajfault 247
inactive_anon 594276352
active_anon 1468932096
inactive_file 9027584
active_file 10846208
unevictable 0
hierarchical_memory_limit 6442450944
hierarchical_memsw_limit 32212254720
total_cache 19873792
total_rss 2063208448
total_rss_huge 0
total_mapped_file 7163904
total_writeback 0
total_swap 50774016
total_pgpgin 592416
total_pgpgout 83851
total_pgfault 692938
total_pgmajfault 247
total_inactive_anon 594276352
total_active_anon 1468932096
total_inactive_file 9027584
total_active_file 10846208
total_unevictable 0
--------------------BLKIO-----------------------
11:0 Read 0
11:0 Write 0
11:0 Sync 0
11:0 Async 0
11:0 Total 0
253:0 Read 23949312
253:0 Write 35282944
253:0 Sync 0
253:0 Async 59232256
253:0 Total 59232256
Total 59232256
--------------------CPUAC-----------------------
user 723
system 1062
 
Sat May 20 12:15:09 IST 2017
--------------------MEMCG-----------------------
MEM ONLY  : 1983 MB
MEM+SWAP  : 2034 MB
cache 19861504
rss 2060128256
rss_huge 0
mapped_file 7163904
writeback 0
swap 53854208
pgpgin 592416
pgpgout 84606
pgfault 692938
pgmajfault 247
inactive_anon 593059840
active_anon 1467068416
inactive_file 9027584
active_file 10833920
unevictable 0
hierarchical_memory_limit 6442450944
hierarchical_memsw_limit 32212254720
total_cache 19861504
total_rss 2060128256
total_rss_huge 0
total_mapped_file 7163904
total_writeback 0
total_swap 53854208
total_pgpgin 592416
total_pgpgout 84606
total_pgfault 692938
total_pgmajfault 247
total_inactive_anon 593059840
total_active_anon 1467068416
total_inactive_file 9027584
total_active_file 10833920
total_unevictable 0
--------------------BLKIO-----------------------
11:0 Read 0
11:0 Write 0
11:0 Sync 0
11:0 Async 0
11:0 Total 0
253:0 Read 23949312
253:0 Write 35282944
253:0 Sync 0
253:0 Async 59232256
253:0 Total 59232256
Total 59232256
--------------------CPUAC-----------------------
user 723
system 1062
 
Sat May 20 12:15:39 IST 2017
--------------------MEMCG-----------------------
MEM ONLY  : 1980 MB
MEM+SWAP  : 2034 MB
cache 19845120
rss 2056925184
rss_huge 0
mapped_file 7163904
writeback 8192
swap 57057280
pgpgin 592416
pgpgout 85392
pgfault 692938
pgmajfault 247
inactive_anon 591839232
active_anon 1465085952
inactive_file 9027584
active_file 10817536
unevictable 0
hierarchical_memory_limit 6442450944
hierarchical_memsw_limit 32212254720
total_cache 19845120
total_rss 2056925184
total_rss_huge 0
total_mapped_file 7163904
total_writeback 8192
total_swap 57057280
total_pgpgin 592416
total_pgpgout 85392
total_pgfault 692938
total_pgmajfault 247
total_inactive_anon 591839232
total_active_anon 1465085952
total_inactive_file 9027584
total_active_file 10817536
total_unevictable 0
--------------------BLKIO-----------------------
11:0 Read 0
11:0 Write 0
11:0 Sync 0
11:0 Async 0
11:0 Total 0
253:0 Read 23949312
253:0 Write 35282944
253:0 Sync 0
253:0 Async 59232256
253:0 Total 59232256
Total 59232256
--------------------CPUAC-----------------------
user 723
system 1062
 
Sat May 20 12:16:09 IST 2017
--------------------MEMCG-----------------------
MEM ONLY  : 1977 MB
MEM+SWAP  : 2034 MB
cache 19820544
rss 2053353472
rss_huge 0
mapped_file 7163904
writeback 0
swap 60628992
pgpgin 592416
pgpgout 86270
pgfault 692938
pgmajfault 247
inactive_anon 590364672
active_anon 1462988800
inactive_file 9031680
active_file 10788864
unevictable 0
hierarchical_memory_limit 6442450944
hierarchical_memsw_limit 32212254720
total_cache 19820544
total_rss 2053353472
total_rss_huge 0
total_mapped_file 7163904
total_writeback 0
total_swap 60628992
total_pgpgin 592416
total_pgpgout 86270
total_pgfault 692938
total_pgmajfault 247
total_inactive_anon 590364672
total_active_anon 1462988800
total_inactive_file 9031680
total_active_file 10788864
total_unevictable 0
--------------------BLKIO-----------------------
11:0 Read 0
11:0 Write 0
11:0 Sync 0
11:0 Async 0
11:0 Total 0
253:0 Read 23949312
253:0 Write 35282944
253:0 Sync 0
253:0 Async 59232256
253:0 Total 59232256
Total 59232256
--------------------CPUAC-----------------------
user 723
system 1064
 
Sat May 20 12:16:39 IST 2017
--------------------MEMCG-----------------------
MEM ONLY  : 1973 MB
MEM+SWAP  : 2034 MB
cache 19800064
rss 2049646592
rss_huge 0
mapped_file 7163904
writeback 0
swap 64335872
pgpgin 592416
pgpgout 87180
pgfault 692938
pgmajfault 247
inactive_anon 588906496
active_anon 1460740096
inactive_file 9031680
active_file 10768384
unevictable 0
hierarchical_memory_limit 6442450944
hierarchical_memsw_limit 32212254720
total_cache 19800064
total_rss 2049646592
total_rss_huge 0
total_mapped_file 7163904
total_writeback 0
total_swap 64335872
total_pgpgin 592416
total_pgpgout 87180
total_pgfault 692938
total_pgmajfault 247
total_inactive_anon 588906496
total_active_anon 1460740096
total_inactive_file 9031680
total_active_file 10768384
total_unevictable 0
--------------------BLKIO-----------------------
11:0 Read 0
11:0 Write 0
11:0 Sync 0
11:0 Async 0
11:0 Total 0
253:0 Read 23949312
253:0 Write 35282944
253:0 Sync 0
253:0 Async 59232256
253:0 Total 59232256
Total 59232256
--------------------CPUAC-----------------------
user 723
system 1065
 
Sat May 20 12:17:09 IST 2017
--------------------MEMCG-----------------------
MEM ONLY  : 1972 MB
MEM+SWAP  : 2036 MB
cache 21282816
rss 2046803968
rss_huge 0
mapped_file 7708672
writeback 0
swap 67174400
pgpgin 593703
pgpgout 88799
pgfault 695218
pgmajfault 408
inactive_anon 587780096
active_anon 1459032064
inactive_file 9613312
active_file 11661312
unevictable 0
hierarchical_memory_limit 6442450944
hierarchical_memsw_limit 32212254720
total_cache 21282816
total_rss 2046803968
total_rss_huge 0
total_mapped_file 7708672
total_writeback 0
total_swap 67174400
total_pgpgin 593703
total_pgpgout 88799
total_pgfault 695218
total_pgmajfault 408
total_inactive_anon 587780096
total_active_anon 1459032064
total_inactive_file 9613312
total_active_file 11661312
total_unevictable 0
--------------------BLKIO-----------------------
11:0 Read 0
11:0 Write 0
11:0 Sync 0
11:0 Async 0
11:0 Total 0
253:0 Read 26062848
253:0 Write 35459072
253:0 Sync 0
253:0 Async 61521920
253:0 Total 61521920
Total 61521920
--------------------CPUAC-----------------------
user 724
system 1068
 
Sat May 20 12:17:39 IST 2017
--------------------MEMCG-----------------------
MEM ONLY  : 1968 MB
MEM+SWAP  : 2036 MB
cache 21250048
rss 2043346944
rss_huge 0
mapped_file 7708672
writeback 16384
swap 70631424
pgpgin 593703
pgpgout 89651
pgfault 695218
pgmajfault 408
inactive_anon 586547200
active_anon 1456807936
inactive_file 9613312
active_file 11628544
unevictable 0
hierarchical_memory_limit 6442450944
hierarchical_memsw_limit 32212254720
total_cache 21250048
total_rss 2043346944
total_rss_huge 0
total_mapped_file 7708672
total_writeback 16384
total_swap 70631424
total_pgpgin 593703
total_pgpgout 89651
total_pgfault 695218
total_pgmajfault 408
total_inactive_anon 586547200
total_active_anon 1456807936
total_inactive_file 9613312
total_active_file 11628544
total_unevictable 0
--------------------BLKIO-----------------------
11:0 Read 0
11:0 Write 0
11:0 Sync 0
11:0 Async 0
11:0 Total 0
253:0 Read 26062848
253:0 Write 35459072
253:0 Sync 0
253:0 Async 61521920
253:0 Total 61521920
Total 61521920
--------------------CPUAC-----------------------
user 724
system 1069
 
Sat May 20 12:18:09 IST 2017
--------------------MEMCG-----------------------
MEM ONLY  : 1965 MB
MEM+SWAP  : 2036 MB
cache 21168128
rss 2039484416
rss_huge 0
mapped_file 7708672
writeback 0
swap 74493952
pgpgin 593703
pgpgout 90614
pgfault 695219
pgmajfault 408
inactive_anon 585265152
active_anon 1454227456
inactive_file 9621504
active_file 11538432
unevictable 0
hierarchical_memory_limit 6442450944
hierarchical_memsw_limit 32212254720
total_cache 21168128
total_rss 2039484416
total_rss_huge 0
total_mapped_file 7708672
total_writeback 0
total_swap 74493952
total_pgpgin 593703
total_pgpgout 90614
total_pgfault 695219
total_pgmajfault 408
total_inactive_anon 585265152
total_active_anon 1454227456
total_inactive_file 9621504
total_active_file 11538432
total_unevictable 0
--------------------BLKIO-----------------------
11:0 Read 0
11:0 Write 0
11:0 Sync 0
11:0 Async 0
11:0 Total 0
253:0 Read 26062848
253:0 Write 35459072
253:0 Sync 0
253:0 Async 61521920
253:0 Total 61521920
Total 61521920
--------------------CPUAC-----------------------
user 725
system 1069
 
Sat May 20 12:18:39 IST 2017
--------------------MEMCG-----------------------
MEM ONLY  : 1961 MB
MEM+SWAP  : 2036 MB
cache 21098496
rss 2035785728
rss_huge 0
mapped_file 7708672
writeback 0
swap 78192640
pgpgin 593703
pgpgout 91534
pgfault 695219
pgmajfault 408
inactive_anon 584015872
active_anon 1451778048
inactive_file 9625600
active_file 11464704
unevictable 0
hierarchical_memory_limit 6442450944
hierarchical_memsw_limit 32212254720
total_cache 21098496
total_rss 2035785728
total_rss_huge 0
total_mapped_file 7708672
total_writeback 0
total_swap 78192640
total_pgpgin 593703
total_pgpgout 91534
total_pgfault 695219
total_pgmajfault 408
total_inactive_anon 584015872
total_active_anon 1451778048
total_inactive_file 9625600
total_active_file 11464704
total_unevictable 0
--------------------BLKIO-----------------------
11:0 Read 0
11:0 Write 0
11:0 Sync 0
11:0 Async 0
11:0 Total 0
253:0 Read 26062848
253:0 Write 35459072
253:0 Sync 0
253:0 Async 61521920
253:0 Total 61521920
Total 61521920
--------------------CPUAC-----------------------
user 725
system 1070
 
Sat May 20 12:19:09 IST 2017
--------------------MEMCG-----------------------
MEM ONLY  : 1957 MB
MEM+SWAP  : 2036 MB
cache 21008384
rss 2031931392
rss_huge 0
mapped_file 7708672
writeback 0
swap 82046976
pgpgin 593703
pgpgout 92497
pgfault 695219
pgmajfault 408
inactive_anon 582586368
active_anon 1449353216
inactive_file 9629696
active_file 11370496
unevictable 0
hierarchical_memory_limit 6442450944
hierarchical_memsw_limit 32212254720
total_cache 21008384
total_rss 2031931392
total_rss_huge 0
total_mapped_file 7708672
total_writeback 0
total_swap 82046976
total_pgpgin 593703
total_pgpgout 92497
total_pgfault 695219
total_pgmajfault 408
total_inactive_anon 582586368
total_active_anon 1449353216
total_inactive_file 9629696
total_active_file 11370496
total_unevictable 0
--------------------BLKIO-----------------------
11:0 Read 0
11:0 Write 0
11:0 Sync 0
11:0 Async 0
11:0 Total 0
253:0 Read 26062848
253:0 Write 35459072
253:0 Sync 0
253:0 Async 61521920
253:0 Total 61521920
Total 61521920
--------------------CPUAC-----------------------
user 725
system 1072
 
Sat May 20 12:19:39 IST 2017
--------------------MEMCG-----------------------
MEM ONLY  : 1953 MB
MEM+SWAP  : 2036 MB
cache 20926464
rss 2027958272
rss_huge 0
mapped_file 7708672
writeback 0
swap 86020096
pgpgin 593703
pgpgout 93487
pgfault 695219
pgmajfault 408
inactive_anon 581242880
active_anon 1446723584
inactive_file 9551872
active_file 11366400
unevictable 0
hierarchical_memory_limit 6442450944
hierarchical_memsw_limit 32212254720
total_cache 20926464
total_rss 2027958272
total_rss_huge 0
total_mapped_file 7708672
total_writeback 0
total_swap 86020096
total_pgpgin 593703
total_pgpgout 93487
total_pgfault 695219
total_pgmajfault 408
total_inactive_anon 581242880
total_active_anon 1446723584
total_inactive_file 9551872
total_active_file 11366400
total_unevictable 0
--------------------BLKIO-----------------------
11:0 Read 0
11:0 Write 0
11:0 Sync 0
11:0 Async 0
11:0 Total 0
253:0 Read 26062848
253:0 Write 35459072
253:0 Sync 0
253:0 Async 61521920
253:0 Total 61521920
Total 61521920
--------------------CPUAC-----------------------
user 726
system 1073
 
Sat May 20 12:20:09 IST 2017
--------------------MEMCG-----------------------
MEM ONLY  : 1950 MB
MEM+SWAP  : 2035 MB
cache 20836352
rss 2023948288
rss_huge 0
mapped_file 7708672
writeback 0
swap 90030080
pgpgin 593703
pgpgout 94488
pgfault 695219
pgmajfault 408
inactive_anon 579731456
active_anon 1444225024
inactive_file 9461760
active_file 11366400
unevictable 0
hierarchical_memory_limit 6442450944
hierarchical_memsw_limit 32212254720
total_cache 20836352
total_rss 2023948288
total_rss_huge 0
total_mapped_file 7708672
total_writeback 0
total_swap 90030080
total_pgpgin 593703
total_pgpgout 94488
total_pgfault 695219
total_pgmajfault 408
total_inactive_anon 579731456
total_active_anon 1444225024
total_inactive_file 9461760
total_active_file 11366400
total_unevictable 0
--------------------BLKIO-----------------------
11:0 Read 0
11:0 Write 0
11:0 Sync 0
11:0 Async 0
11:0 Total 0
253:0 Read 26062848
253:0 Write 35459072
253:0 Sync 0
253:0 Async 61521920
253:0 Total 61521920
Total 61521920
--------------------CPUAC-----------------------
user 726
system 1073
 
Sat May 20 12:20:39 IST 2017
--------------------MEMCG-----------------------
MEM ONLY  : 1945 MB
MEM+SWAP  : 2035 MB
cache 20721664
rss 2019749888
rss_huge 0
mapped_file 7708672
writeback 0
swap 94228480
pgpgin 593703
pgpgout 95541
pgfault 695219
pgmajfault 408
inactive_anon 578318336
active_anon 1441439744
inactive_file 9347072
active_file 11366400
unevictable 0
hierarchical_memory_limit 6442450944
hierarchical_memsw_limit 32212254720
total_cache 20721664
total_rss 2019749888
total_rss_huge 0
total_mapped_file 7708672
total_writeback 0
total_swap 94228480
total_pgpgin 593703
total_pgpgout 95541
total_pgfault 695219
total_pgmajfault 408
total_inactive_anon 578318336
total_active_anon 1441439744
total_inactive_file 9347072
total_active_file 11366400
total_unevictable 0
--------------------BLKIO-----------------------
11:0 Read 0
11:0 Write 0
11:0 Sync 0
11:0 Async 0
11:0 Total 0
253:0 Read 26062848
253:0 Write 35459072
253:0 Sync 0
253:0 Async 61521920
253:0 Total 61521920
Total 61521920
--------------------CPUAC-----------------------
user 726
system 1074
 
