/usr/lib/jvm/java-7-openjdk-amd64/bin/java -cp /home/vm1/clients/ycsb_redis/redis-binding/conf:/home/vm1/clients/ycsb_redis/conf:/home/vm1/clients/ycsb_redis/lib/commons-pool-1.5.5.jar:/home/vm1/clients/ycsb_redis/lib/jackson-mapper-asl-1.9.4.jar:/home/vm1/clients/ycsb_redis/lib/redis-binding-0.13.0-SNAPSHOT.jar:/home/vm1/clients/ycsb_redis/lib/jackson-core-asl-1.9.4.jar:/home/vm1/clients/ycsb_redis/lib/htrace-core4-4.1.0-incubating.jar:/home/vm1/clients/ycsb_redis/lib/jedis-2.0.0.jar:/home/vm1/clients/ycsb_redis/lib/HdrHistogram-2.1.4.jar:/home/vm1/clients/ycsb_redis/lib/core-0.13.0-SNAPSHOT.jar com.yahoo.ycsb.Client -db com.yahoo.ycsb.db.RedisClient -s -P /home/vm1/clients/ycsb_redis/workloads/workload1 -p redis.host=10.0.3.168 -p redis.port=6379 -load
Command line: -db com.yahoo.ycsb.db.RedisClient -s -P /home/vm1/clients/ycsb_redis/workloads/workload1 -p redis.host=10.0.3.168 -p redis.port=6379 -loadYCSB Client 0.13.0-SNAPSHOT

Loading workload...
Starting test.
DBWrapper: report latency for each error is false and specific error codes to track for latency are: []
2017-05-20 13:21:27:757 0 sec: 0 operations; est completion in 0 seconds 
2017-05-20 13:21:37:717 10 sec: 56067 operations; 5606.7 current ops/sec; est completion in 26 seconds [INSERT: Count=56071, Max=29103, Min=127, Avg=167.37, 90=193, 99=380, 99.9=1165, 99.99=11791] 
2017-05-20 13:21:47:717 20 sec: 104079 operations; 4801.2 current ops/sec; est completion in 19 seconds [INSERT: Count=48009, Max=2245, Min=171, Avg=202.16, 90=220, 99=387, 99.9=609, 99.99=2187] 
2017-05-20 13:21:57:717 30 sec: 152893 operations; 4881.4 current ops/sec; est completion in 10 seconds [INSERT: Count=48815, Max=19119, Min=132, Avg=199.23, 90=223, 99=383, 99.9=509, 99.99=2261] 
2017-05-20 13:22:07:382 39 sec: 200000 operations; 4873.98 current ops/sec; [CLEANUP: Count=1, Max=175, Min=175, Avg=175, 90=175, 99=175, 99.9=175, 99.99=175] [INSERT: Count=47105, Max=2111, Min=171, Avg=200.29, 90=225, 99=396, 99.9=518, 99.99=1645] 
[OVERALL], RunTime(ms), 39665.0
[OVERALL], Throughput(ops/sec), 5042.228665069961
[TOTAL_GCS_PS_Scavenge], Count, 19.0
[TOTAL_GC_TIME_PS_Scavenge], Time(ms), 125.0
[TOTAL_GC_TIME_%_PS_Scavenge], Time(%), 0.31513929156687254
[TOTAL_GCS_PS_MarkSweep], Count, 0.0
[TOTAL_GC_TIME_PS_MarkSweep], Time(ms), 0.0
[TOTAL_GC_TIME_%_PS_MarkSweep], Time(%), 0.0
[TOTAL_GCs], Count, 19.0
[TOTAL_GC_TIME], Time(ms), 125.0
[TOTAL_GC_TIME_%], Time(%), 0.31513929156687254
[CLEANUP], Operations, 1.0
[CLEANUP], AverageLatency(us), 175.0
[CLEANUP], MinLatency(us), 175.0
[CLEANUP], MaxLatency(us), 175.0
[CLEANUP], 95thPercentileLatency(us), 175.0
[CLEANUP], 99thPercentileLatency(us), 175.0
[INSERT], Operations, 200000.0
[INSERT], AverageLatency(us), 191.24939
[INSERT], MinLatency(us), 127.0
[INSERT], MaxLatency(us), 29103.0
[INSERT], 95thPercentileLatency(us), 274.0
[INSERT], 99thPercentileLatency(us), 387.0
[INSERT], Return=OK, 200000
