Fri May 19 20:50:33 IST 2017
--------------------MEMCG-----------------------
MEM ONLY  : 1372 MB
MEM+SWAP  : 2031 MB
cache 15876096
rss 1422827520
rss_huge 0
mapped_file 7557120
writeback 397312
swap 691675136
pgpgin 599999
pgpgout 248753
pgfault 708780
pgmajfault 6355
inactive_anon 381710336
active_anon 1041117184
inactive_file 7856128
active_file 8019968
unevictable 0
hierarchical_memory_limit 6442450944
hierarchical_memsw_limit 32212254720
total_cache 15876096
total_rss 1422827520
total_rss_huge 0
total_mapped_file 7557120
total_writeback 397312
total_swap 691675136
total_pgpgin 599999
total_pgpgout 248753
total_pgfault 708780
total_pgmajfault 6355
total_inactive_anon 381710336
total_active_anon 1041117184
total_inactive_file 7856128
total_active_file 8019968
total_unevictable 0
--------------------BLKIO-----------------------
11:0 Read 0
11:0 Write 0
11:0 Sync 0
11:0 Async 0
11:0 Total 0
253:0 Read 52699136
253:0 Write 40337408
253:0 Sync 0
253:0 Async 93036544
253:0 Total 93036544
Total 93036544
--------------------CPUAC-----------------------
user 768
system 1106
 
Fri May 19 20:51:03 IST 2017
--------------------MEMCG-----------------------
MEM ONLY  : 1327 MB
MEM+SWAP  : 2031 MB
cache 15400960
rss 1376968704
rss_huge 0
mapped_file 7557120
writeback 98304
swap 737533952
pgpgin 600239
pgpgout 260305
pgfault 709285
pgmajfault 6583
inactive_anon 368574464
active_anon 1008369664
inactive_file 7610368
active_file 7790592
unevictable 0
hierarchical_memory_limit 6442450944
hierarchical_memsw_limit 32212254720
total_cache 15400960
total_rss 1376968704
total_rss_huge 0
total_mapped_file 7557120
total_writeback 102400
total_swap 737533952
total_pgpgin 600239
total_pgpgout 260305
total_pgfault 709285
total_pgmajfault 6583
total_inactive_anon 368574464
total_active_anon 1008369664
total_inactive_file 7610368
total_active_file 7790592
total_unevictable 0
--------------------BLKIO-----------------------
11:0 Read 0
11:0 Write 0
11:0 Sync 0
11:0 Async 0
11:0 Total 0
253:0 Read 53846016
253:0 Write 40603648
253:0 Sync 0
253:0 Async 94449664
253:0 Total 94449664
Total 94449664
--------------------CPUAC-----------------------
user 768
system 1107
 
Fri May 19 20:51:33 IST 2017
--------------------MEMCG-----------------------
MEM ONLY  : 1295 MB
MEM+SWAP  : 2031 MB
cache 15245312
rss 1342812160
rss_huge 0
mapped_file 7557120
writeback 110592
swap 771690496
pgpgin 600474
pgpgout 268917
pgfault 709789
pgmajfault 6817
inactive_anon 358764544
active_anon 984047616
inactive_file 7479296
active_file 7766016
unevictable 0
hierarchical_memory_limit 6442450944
hierarchical_memsw_limit 32212254720
total_cache 15245312
total_rss 1342812160
total_rss_huge 0
total_mapped_file 7557120
total_writeback 110592
total_swap 771690496
total_pgpgin 600474
total_pgpgout 268917
total_pgfault 709789
total_pgmajfault 6817
total_inactive_anon 358764544
total_active_anon 984047616
total_inactive_file 7479296
total_active_file 7766016
total_unevictable 0
--------------------BLKIO-----------------------
11:0 Read 0
11:0 Write 0
11:0 Sync 0
11:0 Async 0
11:0 Total 0
253:0 Read 54857728
253:0 Write 40878080
253:0 Sync 0
253:0 Async 95735808
253:0 Total 95735808
Total 95735808
--------------------CPUAC-----------------------
user 768
system 1109
 
Fri May 19 20:52:03 IST 2017
--------------------MEMCG-----------------------
MEM ONLY  : 1269 MB
MEM+SWAP  : 2030 MB
cache 15118336
rss 1316143104
rss_huge 0
mapped_file 7557120
writeback 151552
swap 798359552
pgpgin 600695
pgpgout 275680
pgfault 710261
pgmajfault 7037
inactive_anon 350887936
active_anon 965255168
inactive_file 7442432
active_file 7675904
unevictable 0
hierarchical_memory_limit 6442450944
hierarchical_memsw_limit 32212254720
total_cache 15118336
total_rss 1316143104
total_rss_huge 0
total_mapped_file 7557120
total_writeback 151552
total_swap 798359552
total_pgpgin 600695
total_pgpgout 275680
total_pgfault 710261
total_pgmajfault 7037
total_inactive_anon 350887936
total_active_anon 965255168
total_inactive_file 7442432
total_active_file 7675904
total_unevictable 0
--------------------BLKIO-----------------------
11:0 Read 0
11:0 Write 0
11:0 Sync 0
11:0 Async 0
11:0 Total 0
253:0 Read 55775232
253:0 Write 40992768
253:0 Sync 0
253:0 Async 96768000
253:0 Total 96768000
Total 96768000
--------------------CPUAC-----------------------
user 768
system 1111
 
Fri May 19 20:52:33 IST 2017
--------------------MEMCG-----------------------
MEM ONLY  : 1252 MB
MEM+SWAP  : 2030 MB
cache 14983168
rss 1298370560
rss_huge 0
mapped_file 7557120
writeback 8192
swap 816132096
pgpgin 600926
pgpgout 280283
pgfault 710751
pgmajfault 7261
inactive_anon 345665536
active_anon 952705024
inactive_file 7364608
active_file 7618560
unevictable 0
hierarchical_memory_limit 6442450944
hierarchical_memsw_limit 32212254720
total_cache 14983168
total_rss 1298370560
total_rss_huge 0
total_mapped_file 7557120
total_writeback 8192
total_swap 816132096
total_pgpgin 600926
total_pgpgout 280283
total_pgfault 710751
total_pgmajfault 7261
total_inactive_anon 345665536
total_active_anon 952705024
total_inactive_file 7364608
total_active_file 7618560
total_unevictable 0
--------------------BLKIO-----------------------
11:0 Read 0
11:0 Write 0
11:0 Sync 0
11:0 Async 0
11:0 Total 0
253:0 Read 56774656
253:0 Write 41025536
253:0 Sync 0
253:0 Async 97800192
253:0 Total 97800192
Total 97800192
--------------------CPUAC-----------------------
user 769
system 1112
 
Fri May 19 20:53:03 IST 2017
--------------------MEMCG-----------------------
MEM ONLY  : 1239 MB
MEM+SWAP  : 2030 MB
cache 14983168
rss 1284919296
rss_huge 0
mapped_file 7557120
writeback 0
swap 829583360
pgpgin 601294
pgpgout 283935
pgfault 711528
pgmajfault 7618
inactive_anon 341696512
active_anon 943222784
inactive_file 7258112
active_file 7725056
unevictable 0
hierarchical_memory_limit 6442450944
hierarchical_memsw_limit 32212254720
total_cache 14983168
total_rss 1284919296
total_rss_huge 0
total_mapped_file 7557120
total_writeback 0
total_swap 829583360
total_pgpgin 601294
total_pgpgout 283935
total_pgfault 711528
total_pgmajfault 7618
total_inactive_anon 341696512
total_active_anon 943222784
total_inactive_file 7258112
total_active_file 7725056
total_unevictable 0
--------------------BLKIO-----------------------
11:0 Read 0
11:0 Write 0
11:0 Sync 0
11:0 Async 0
11:0 Total 0
253:0 Read 58441728
253:0 Write 41054208
253:0 Sync 0
253:0 Async 99495936
253:0 Total 99495936
Total 99495936
--------------------CPUAC-----------------------
user 769
system 1114
 
Fri May 19 20:53:33 IST 2017
--------------------MEMCG-----------------------
MEM ONLY  : 1232 MB
MEM+SWAP  : 2030 MB
cache 14913536
rss 1277128704
rss_huge 0
mapped_file 7557120
writeback 0
swap 837373952
pgpgin 601897
pgpgout 286457
pgfault 712795
pgmajfault 8199
inactive_anon 339582976
active_anon 937545728
inactive_file 7274496
active_file 7639040
unevictable 0
hierarchical_memory_limit 6442450944
hierarchical_memsw_limit 32212254720
total_cache 14913536
total_rss 1277128704
total_rss_huge 0
total_mapped_file 7557120
total_writeback 0
total_swap 837373952
total_pgpgin 601897
total_pgpgout 286457
total_pgfault 712795
total_pgmajfault 8199
total_inactive_anon 339582976
total_active_anon 937545728
total_inactive_file 7274496
total_active_file 7639040
total_unevictable 0
--------------------BLKIO-----------------------
11:0 Read 0
11:0 Write 0
11:0 Sync 0
11:0 Async 0
11:0 Total 0
253:0 Read 61149184
253:0 Write 41095168
253:0 Sync 0
253:0 Async 102244352
253:0 Total 102244352
Total 102244352
--------------------CPUAC-----------------------
user 770
system 1117
 
Fri May 19 20:54:03 IST 2017
--------------------MEMCG-----------------------
MEM ONLY  : 1227 MB
MEM+SWAP  : 2030 MB
cache 14872576
rss 1272213504
rss_huge 0
mapped_file 7557120
writeback 0
swap 842289152
pgpgin 602515
pgpgout 288285
pgfault 714083
pgmajfault 8789
inactive_anon 338149376
active_anon 934064128
inactive_file 7282688
active_file 7589888
unevictable 0
hierarchical_memory_limit 6442450944
hierarchical_memsw_limit 32212254720
total_cache 14872576
total_rss 1272213504
total_rss_huge 0
total_mapped_file 7557120
total_writeback 0
total_swap 842289152
total_pgpgin 602515
total_pgpgout 288285
total_pgfault 714083
total_pgmajfault 8789
total_inactive_anon 338149376
total_active_anon 934064128
total_inactive_file 7282688
total_active_file 7589888
total_unevictable 0
--------------------BLKIO-----------------------
11:0 Read 0
11:0 Write 0
11:0 Sync 0
11:0 Async 0
11:0 Total 0
253:0 Read 63995904
253:0 Write 41115648
253:0 Sync 0
253:0 Async 105111552
253:0 Total 105111552
Total 105111552
--------------------CPUAC-----------------------
user 770
system 1118
 
Fri May 19 20:54:33 IST 2017
--------------------MEMCG-----------------------
MEM ONLY  : 1224 MB
MEM+SWAP  : 2030 MB
cache 14860288
rss 1268805632
rss_huge 0
mapped_file 7557120
writeback 0
swap 845697024
pgpgin 603191
pgpgout 289796
pgfault 715487
pgmajfault 9433
inactive_anon 337055744
active_anon 931749888
inactive_file 7294976
active_file 7565312
unevictable 0
hierarchical_memory_limit 6442450944
hierarchical_memsw_limit 32212254720
total_cache 14860288
total_rss 1268805632
total_rss_huge 0
total_mapped_file 7557120
total_writeback 0
total_swap 845697024
total_pgpgin 603191
total_pgpgout 289796
total_pgfault 715487
total_pgmajfault 9433
total_inactive_anon 337055744
total_active_anon 931749888
total_inactive_file 7294976
total_active_file 7565312
total_unevictable 0
--------------------BLKIO-----------------------
11:0 Read 0
11:0 Write 0
11:0 Sync 0
11:0 Async 0
11:0 Total 0
253:0 Read 67178496
253:0 Write 41267200
253:0 Sync 0
253:0 Async 108445696
253:0 Total 108445696
Total 108445696
--------------------CPUAC-----------------------
user 770
system 1122
 
Fri May 19 20:55:03 IST 2017
--------------------MEMCG-----------------------
MEM ONLY  : 1221 MB
MEM+SWAP  : 2030 MB
cache 14860288
rss 1265762304
rss_huge 0
mapped_file 7557120
writeback 0
swap 848740352
pgpgin 604007
pgpgout 291355
pgfault 717202
pgmajfault 10223
inactive_anon 336179200
active_anon 929583104
inactive_file 7299072
active_file 7561216
unevictable 0
hierarchical_memory_limit 6442450944
hierarchical_memsw_limit 32212254720
total_cache 14860288
total_rss 1265762304
total_rss_huge 0
total_mapped_file 7557120
total_writeback 0
total_swap 848740352
total_pgpgin 604007
total_pgpgout 291355
total_pgfault 717202
total_pgmajfault 10223
total_inactive_anon 336179200
total_active_anon 929583104
total_inactive_file 7299072
total_active_file 7561216
total_unevictable 0
--------------------BLKIO-----------------------
11:0 Read 0
11:0 Write 0
11:0 Sync 0
11:0 Async 0
11:0 Total 0
253:0 Read 70885376
253:0 Write 41267200
253:0 Sync 0
253:0 Async 112152576
253:0 Total 112152576
Total 112152576
--------------------CPUAC-----------------------
user 772
system 1127
 
Fri May 19 20:55:33 IST 2017
--------------------MEMCG-----------------------
MEM ONLY  : 1218 MB
MEM+SWAP  : 2030 MB
cache 15011840
rss 1262505984
rss_huge 0
mapped_file 7557120
writeback 0
swap 851992576
pgpgin 605362
pgpgout 293468
pgfault 720218
pgmajfault 10916
inactive_anon 335360000
active_anon 927150080
inactive_file 5898240
active_file 9109504
unevictable 0
hierarchical_memory_limit 6442450944
hierarchical_memsw_limit 32212254720
total_cache 15011840
total_rss 1262505984
total_rss_huge 0
total_mapped_file 7557120
total_writeback 0
total_swap 851992576
total_pgpgin 605362
total_pgpgout 293468
total_pgfault 720218
total_pgmajfault 10916
total_inactive_anon 335360000
total_active_anon 927150080
total_inactive_file 5898240
total_active_file 9109504
total_unevictable 0
--------------------BLKIO-----------------------
11:0 Read 0
11:0 Write 0
11:0 Sync 0
11:0 Async 0
11:0 Total 0
253:0 Read 74227712
253:0 Write 41320448
253:0 Sync 0
253:0 Async 115548160
253:0 Total 115548160
Total 115548160
--------------------CPUAC-----------------------
user 774
system 1130
 
Fri May 19 20:56:03 IST 2017
--------------------MEMCG-----------------------
MEM ONLY  : 1214 MB
MEM+SWAP  : 2030 MB
cache 14979072
rss 1258414080
rss_huge 0
mapped_file 7557120
writeback 0
swap 856084480
pgpgin 605961
pgpgout 295074
pgfault 721489
pgmajfault 11503
inactive_anon 334061568
active_anon 924356608
inactive_file 5992448
active_file 8982528
unevictable 0
hierarchical_memory_limit 6442450944
hierarchical_memsw_limit 32212254720
total_cache 14979072
total_rss 1258414080
total_rss_huge 0
total_mapped_file 7557120
total_writeback 0
total_swap 856084480
total_pgpgin 605961
total_pgpgout 295074
total_pgfault 721489
total_pgmajfault 11503
total_inactive_anon 334061568
total_active_anon 924356608
total_inactive_file 5992448
total_active_file 8982528
total_unevictable 0
--------------------BLKIO-----------------------
11:0 Read 0
11:0 Write 0
11:0 Sync 0
11:0 Async 0
11:0 Total 0
253:0 Read 76902400
253:0 Write 41320448
253:0 Sync 0
253:0 Async 118222848
253:0 Total 118222848
Total 118222848
--------------------CPUAC-----------------------
user 774
system 1133
 
Fri May 19 20:56:33 IST 2017
--------------------MEMCG-----------------------
MEM ONLY  : 1210 MB
MEM+SWAP  : 2030 MB
cache 14950400
rss 1254338560
rss_huge 0
mapped_file 7557120
writeback 0
swap 860160000
pgpgin 606777
pgpgout 296892
pgfault 723204
pgmajfault 12286
inactive_anon 333086720
active_anon 921255936
inactive_file 6094848
active_file 8851456
unevictable 0
hierarchical_memory_limit 6442450944
hierarchical_memsw_limit 32212254720
total_cache 14950400
total_rss 1254338560
total_rss_huge 0
total_mapped_file 7557120
total_writeback 0
total_swap 860160000
total_pgpgin 606777
total_pgpgout 296892
total_pgfault 723204
total_pgmajfault 12286
total_inactive_anon 333086720
total_active_anon 921255936
total_inactive_file 6094848
total_active_file 8851456
total_unevictable 0
--------------------BLKIO-----------------------
11:0 Read 0
11:0 Write 0
11:0 Sync 0
11:0 Async 0
11:0 Total 0
253:0 Read 80687104
253:0 Write 41320448
253:0 Sync 0
253:0 Async 122007552
253:0 Total 122007552
Total 122007552
--------------------CPUAC-----------------------
user 776
system 1135
 
Fri May 19 20:57:04 IST 2017
--------------------MEMCG-----------------------
MEM ONLY  : 1206 MB
MEM+SWAP  : 2030 MB
cache 14917632
rss 1250029568
rss_huge 0
mapped_file 7557120
writeback 0
swap 864468992
pgpgin 607548
pgpgout 298723
pgfault 724822
pgmajfault 13031
inactive_anon 331911168
active_anon 918122496
inactive_file 6209536
active_file 8704000
unevictable 0
hierarchical_memory_limit 6442450944
hierarchical_memsw_limit 32212254720
total_cache 14917632
total_rss 1250029568
total_rss_huge 0
total_mapped_file 7557120
total_writeback 0
total_swap 864468992
total_pgpgin 607548
total_pgpgout 298723
total_pgfault 724822
total_pgmajfault 13031
total_inactive_anon 331911168
total_active_anon 918122496
total_inactive_file 6209536
total_active_file 8704000
total_unevictable 0
--------------------BLKIO-----------------------
11:0 Read 0
11:0 Write 0
11:0 Sync 0
11:0 Async 0
11:0 Total 0
253:0 Read 84197376
253:0 Write 41340928
253:0 Sync 0
253:0 Async 125538304
253:0 Total 125538304
Total 125538304
--------------------CPUAC-----------------------
user 777
system 1137
 
Fri May 19 20:57:34 IST 2017
--------------------MEMCG-----------------------
MEM ONLY  : 1200 MB
MEM+SWAP  : 2030 MB
cache 14843904
rss 1244385280
rss_huge 0
mapped_file 7557120
writeback 0
swap 870113280
pgpgin 608206
pgpgout 300777
pgfault 726195
pgmajfault 13657
inactive_anon 330338304
active_anon 914051072
inactive_file 6320128
active_file 8519680
unevictable 0
hierarchical_memory_limit 6442450944
hierarchical_memsw_limit 32212254720
total_cache 14843904
total_rss 1244385280
total_rss_huge 0
total_mapped_file 7557120
total_writeback 0
total_swap 870113280
total_pgpgin 608206
total_pgpgout 300777
total_pgfault 726195
total_pgmajfault 13657
total_inactive_anon 330338304
total_active_anon 914051072
total_inactive_file 6320128
total_active_file 8519680
total_unevictable 0
--------------------BLKIO-----------------------
11:0 Read 0
11:0 Write 0
11:0 Sync 0
11:0 Async 0
11:0 Total 0
253:0 Read 87302144
253:0 Write 41340928
253:0 Sync 0
253:0 Async 128643072
253:0 Total 128643072
Total 128643072
--------------------CPUAC-----------------------
user 778
system 1138
 
Fri May 19 20:58:04 IST 2017
--------------------MEMCG-----------------------
MEM ONLY  : 1195 MB
MEM+SWAP  : 2030 MB
cache 14778368
rss 1238519808
rss_huge 0
mapped_file 7557120
writeback 0
swap 875978752
pgpgin 608869
pgpgout 302888
pgfault 727591
pgmajfault 14297
inactive_anon 328642560
active_anon 909881344
inactive_file 6356992
active_file 8417280
unevictable 0
hierarchical_memory_limit 6442450944
hierarchical_memsw_limit 32212254720
total_cache 14778368
total_rss 1238519808
total_rss_huge 0
total_mapped_file 7557120
total_writeback 0
total_swap 875978752
total_pgpgin 608869
total_pgpgout 302888
total_pgfault 727591
total_pgmajfault 14297
total_inactive_anon 328642560
total_active_anon 909881344
total_inactive_file 6356992
total_active_file 8417280
total_unevictable 0
--------------------BLKIO-----------------------
11:0 Read 0
11:0 Write 0
11:0 Sync 0
11:0 Async 0
11:0 Total 0
253:0 Read 90341376
253:0 Write 41340928
253:0 Sync 0
253:0 Async 131682304
253:0 Total 131682304
Total 131682304
--------------------CPUAC-----------------------
user 780
system 1140
 
Fri May 19 20:58:34 IST 2017
--------------------MEMCG-----------------------
MEM ONLY  : 1186 MB
MEM+SWAP  : 2030 MB
cache 14696448
rss 1229705216
rss_huge 0
mapped_file 7557120
writeback 0
swap 884793344
pgpgin 609381
pgpgout 305572
pgfault 728657
pgmajfault 14783
inactive_anon 326164480
active_anon 903544832
inactive_file 6303744
active_file 8388608
unevictable 0
hierarchical_memory_limit 6442450944
hierarchical_memsw_limit 32212254720
total_cache 14696448
total_rss 1229705216
total_rss_huge 0
total_mapped_file 7557120
total_writeback 0
total_swap 884793344
total_pgpgin 609381
total_pgpgout 305572
total_pgfault 728657
total_pgmajfault 14783
total_inactive_anon 326164480
total_active_anon 903544832
total_inactive_file 6303744
total_active_file 8388608
total_unevictable 0
--------------------BLKIO-----------------------
11:0 Read 0
11:0 Write 0
11:0 Sync 0
11:0 Async 0
11:0 Total 0
253:0 Read 92700672
253:0 Write 41340928
253:0 Sync 0
253:0 Async 134041600
253:0 Total 134041600
Total 134041600
--------------------CPUAC-----------------------
user 780
system 1142
 
Fri May 19 20:59:04 IST 2017
--------------------MEMCG-----------------------
MEM ONLY  : 1178 MB
MEM+SWAP  : 2030 MB
cache 14643200
rss 1221206016
rss_huge 0
mapped_file 7557120
writeback 0
swap 893292544
pgpgin 609896
pgpgout 308175
pgfault 729716
pgmajfault 15255
inactive_anon 323706880
active_anon 897503232
inactive_file 6291456
active_file 8347648
unevictable 0
hierarchical_memory_limit 6442450944
hierarchical_memsw_limit 32212254720
total_cache 14643200
total_rss 1221206016
total_rss_huge 0
total_mapped_file 7557120
total_writeback 0
total_swap 893292544
total_pgpgin 609896
total_pgpgout 308175
total_pgfault 729716
total_pgmajfault 15255
total_inactive_anon 323706880
total_active_anon 897503232
total_inactive_file 6291456
total_active_file 8347648
total_unevictable 0
--------------------BLKIO-----------------------
11:0 Read 0
11:0 Write 0
11:0 Sync 0
11:0 Async 0
11:0 Total 0
253:0 Read 95416320
253:0 Write 41365504
253:0 Sync 0
253:0 Async 136781824
253:0 Total 136781824
Total 136781824
--------------------CPUAC-----------------------
user 781
system 1144
 
Fri May 19 20:59:34 IST 2017
--------------------MEMCG-----------------------
MEM ONLY  : 1170 MB
MEM+SWAP  : 2030 MB
cache 14561280
rss 1212956672
rss_huge 0
mapped_file 7557120
writeback 0
swap 901541888
pgpgin 610417
pgpgout 310730
pgfault 730790
pgmajfault 15735
inactive_anon 321335296
active_anon 891621376
inactive_file 6287360
active_file 8269824
unevictable 0
hierarchical_memory_limit 6442450944
hierarchical_memsw_limit 32212254720
total_cache 14561280
total_rss 1212956672
total_rss_huge 0
total_mapped_file 7557120
total_writeback 0
total_swap 901541888
total_pgpgin 610417
total_pgpgout 310730
total_pgfault 730790
total_pgmajfault 15735
total_inactive_anon 321335296
total_active_anon 891621376
total_inactive_file 6287360
total_active_file 8269824
total_unevictable 0
--------------------BLKIO-----------------------
11:0 Read 0
11:0 Write 0
11:0 Sync 0
11:0 Async 0
11:0 Total 0
253:0 Read 98099200
253:0 Write 41365504
253:0 Sync 0
253:0 Async 139464704
253:0 Total 139464704
Total 139464704
--------------------CPUAC-----------------------
user 781
system 1145
 
Fri May 19 21:00:04 IST 2017
--------------------MEMCG-----------------------
MEM ONLY  : 1163 MB
MEM+SWAP  : 2030 MB
cache 14458880
rss 1205239808
rss_huge 0
mapped_file 7557120
writeback 1900544
swap 909258752
pgpgin 610894
pgpgout 313116
pgfault 731785
pgmajfault 16191
inactive_anon 319168512
active_anon 886075392
inactive_file 6307840
active_file 8146944
unevictable 0
hierarchical_memory_limit 6442450944
hierarchical_memsw_limit 32212254720
total_cache 14458880
total_rss 1205239808
total_rss_huge 0
total_mapped_file 7557120
total_writeback 1900544
total_swap 909258752
total_pgpgin 610894
total_pgpgout 313116
total_pgfault 731785
total_pgmajfault 16191
total_inactive_anon 319168512
total_active_anon 886075392
total_inactive_file 6307840
total_active_file 8146944
total_unevictable 0
--------------------BLKIO-----------------------
11:0 Read 0
11:0 Write 0
11:0 Sync 0
11:0 Async 0
11:0 Total 0
253:0 Read 100368384
253:0 Write 41521152
253:0 Sync 0
253:0 Async 141889536
253:0 Total 141889536
Total 141889536
--------------------CPUAC-----------------------
user 781
system 1147
 
