Thu May 18 19:57:03 IST 2017
--------------------MEMCG-----------------------
MEM ONLY  : 27 MB
MEM+SWAP  : 27 MB
cache 22052864
rss 6914048
rss_huge 0
mapped_file 7802880
writeback 0
swap 0
pgpgin 78303
pgpgout 71231
pgfault 176228
pgmajfault 183
inactive_anon 40960
active_anon 6942720
inactive_file 9936896
active_file 12046336
unevictable 0
hierarchical_memory_limit 6442450944
hierarchical_memsw_limit 32212254720
total_cache 22052864
total_rss 6914048
total_rss_huge 0
total_mapped_file 7802880
total_writeback 0
total_swap 0
total_pgpgin 78303
total_pgpgout 71231
total_pgfault 176228
total_pgmajfault 183
total_inactive_anon 40960
total_active_anon 6942720
total_inactive_file 9936896
total_active_file 12046336
total_unevictable 0
--------------------BLKIO-----------------------
11:0 Read 0
11:0 Write 0
11:0 Sync 0
11:0 Async 0
11:0 Total 0
253:0 Read 21893120
253:0 Write 229376
253:0 Sync 0
253:0 Async 22122496
253:0 Total 22122496
Total 22122496
--------------------CPUAC-----------------------
user 42
system 78
 
Thu May 18 19:57:33 IST 2017
--------------------MEMCG-----------------------
MEM ONLY  : 27 MB
MEM+SWAP  : 27 MB
cache 22052864
rss 6647808
rss_huge 0
mapped_file 7663616
writeback 0
swap 0
pgpgin 78303
pgpgout 71296
pgfault 176235
pgmajfault 183
inactive_anon 40960
active_anon 6676480
inactive_file 9916416
active_file 12066816
unevictable 0
hierarchical_memory_limit 6442450944
hierarchical_memsw_limit 32212254720
total_cache 22052864
total_rss 6647808
total_rss_huge 0
total_mapped_file 7663616
total_writeback 0
total_swap 0
total_pgpgin 78303
total_pgpgout 71296
total_pgfault 176235
total_pgmajfault 183
total_inactive_anon 40960
total_active_anon 6676480
total_inactive_file 9916416
total_active_file 12066816
total_unevictable 0
--------------------BLKIO-----------------------
11:0 Read 0
11:0 Write 0
11:0 Sync 0
11:0 Async 0
11:0 Total 0
253:0 Read 21893120
253:0 Write 229376
253:0 Sync 0
253:0 Async 22122496
253:0 Total 22122496
Total 22122496
--------------------CPUAC-----------------------
user 42
system 78
 
Thu May 18 19:58:03 IST 2017
--------------------MEMCG-----------------------
MEM ONLY  : 27 MB
MEM+SWAP  : 27 MB
cache 22052864
rss 6647808
rss_huge 0
mapped_file 7663616
writeback 0
swap 0
pgpgin 78303
pgpgout 71296
pgfault 176235
pgmajfault 183
inactive_anon 40960
active_anon 6676480
inactive_file 9916416
active_file 12066816
unevictable 0
hierarchical_memory_limit 6442450944
hierarchical_memsw_limit 32212254720
total_cache 22052864
total_rss 6647808
total_rss_huge 0
total_mapped_file 7663616
total_writeback 0
total_swap 0
total_pgpgin 78303
total_pgpgout 71296
total_pgfault 176235
total_pgmajfault 183
total_inactive_anon 40960
total_active_anon 6676480
total_inactive_file 9916416
total_active_file 12066816
total_unevictable 0
--------------------BLKIO-----------------------
11:0 Read 0
11:0 Write 0
11:0 Sync 0
11:0 Async 0
11:0 Total 0
253:0 Read 21893120
253:0 Write 229376
253:0 Sync 0
253:0 Async 22122496
253:0 Total 22122496
Total 22122496
--------------------CPUAC-----------------------
user 42
system 78
 
Thu May 18 19:58:33 IST 2017
--------------------MEMCG-----------------------
MEM ONLY  : 27 MB
MEM+SWAP  : 27 MB
cache 22052864
rss 6647808
rss_huge 0
mapped_file 7663616
writeback 0
swap 0
pgpgin 78303
pgpgout 71296
pgfault 176235
pgmajfault 183
inactive_anon 40960
active_anon 6676480
inactive_file 9916416
active_file 12066816
unevictable 0
hierarchical_memory_limit 6442450944
hierarchical_memsw_limit 32212254720
total_cache 22052864
total_rss 6647808
total_rss_huge 0
total_mapped_file 7663616
total_writeback 0
total_swap 0
total_pgpgin 78303
total_pgpgout 71296
total_pgfault 176235
total_pgmajfault 183
total_inactive_anon 40960
total_active_anon 6676480
total_inactive_file 9916416
total_active_file 12066816
total_unevictable 0
--------------------BLKIO-----------------------
11:0 Read 0
11:0 Write 0
11:0 Sync 0
11:0 Async 0
11:0 Total 0
253:0 Read 21893120
253:0 Write 229376
253:0 Sync 0
253:0 Async 22122496
253:0 Total 22122496
Total 22122496
--------------------CPUAC-----------------------
user 42
system 78
 
Thu May 18 19:59:03 IST 2017
--------------------MEMCG-----------------------
MEM ONLY  : 27 MB
MEM+SWAP  : 27 MB
cache 22052864
rss 6647808
rss_huge 0
mapped_file 7663616
writeback 0
swap 0
pgpgin 78303
pgpgout 71296
pgfault 176235
pgmajfault 183
inactive_anon 40960
active_anon 6676480
inactive_file 9916416
active_file 12066816
unevictable 0
hierarchical_memory_limit 6442450944
hierarchical_memsw_limit 32212254720
total_cache 22052864
total_rss 6647808
total_rss_huge 0
total_mapped_file 7663616
total_writeback 0
total_swap 0
total_pgpgin 78303
total_pgpgout 71296
total_pgfault 176235
total_pgmajfault 183
total_inactive_anon 40960
total_active_anon 6676480
total_inactive_file 9916416
total_active_file 12066816
total_unevictable 0
--------------------BLKIO-----------------------
11:0 Read 0
11:0 Write 0
11:0 Sync 0
11:0 Async 0
11:0 Total 0
253:0 Read 21893120
253:0 Write 229376
253:0 Sync 0
253:0 Async 22122496
253:0 Total 22122496
Total 22122496
--------------------CPUAC-----------------------
user 42
system 78
 
Thu May 18 19:59:33 IST 2017
--------------------MEMCG-----------------------
MEM ONLY  : 27 MB
MEM+SWAP  : 27 MB
cache 22052864
rss 6647808
rss_huge 0
mapped_file 7663616
writeback 0
swap 0
pgpgin 78303
pgpgout 71296
pgfault 176235
pgmajfault 183
inactive_anon 40960
active_anon 6676480
inactive_file 9916416
active_file 12066816
unevictable 0
hierarchical_memory_limit 6442450944
hierarchical_memsw_limit 32212254720
total_cache 22052864
total_rss 6647808
total_rss_huge 0
total_mapped_file 7663616
total_writeback 0
total_swap 0
total_pgpgin 78303
total_pgpgout 71296
total_pgfault 176235
total_pgmajfault 183
total_inactive_anon 40960
total_active_anon 6676480
total_inactive_file 9916416
total_active_file 12066816
total_unevictable 0
--------------------BLKIO-----------------------
11:0 Read 0
11:0 Write 0
11:0 Sync 0
11:0 Async 0
11:0 Total 0
253:0 Read 21893120
253:0 Write 229376
253:0 Sync 0
253:0 Async 22122496
253:0 Total 22122496
Total 22122496
--------------------CPUAC-----------------------
user 42
system 78
 
Thu May 18 20:00:03 IST 2017
--------------------MEMCG-----------------------
MEM ONLY  : 27 MB
MEM+SWAP  : 27 MB
cache 22052864
rss 6647808
rss_huge 0
mapped_file 7663616
writeback 0
swap 0
pgpgin 78303
pgpgout 71296
pgfault 176235
pgmajfault 183
inactive_anon 40960
active_anon 6676480
inactive_file 9916416
active_file 12066816
unevictable 0
hierarchical_memory_limit 6442450944
hierarchical_memsw_limit 32212254720
total_cache 22052864
total_rss 6647808
total_rss_huge 0
total_mapped_file 7663616
total_writeback 0
total_swap 0
total_pgpgin 78303
total_pgpgout 71296
total_pgfault 176235
total_pgmajfault 183
total_inactive_anon 40960
total_active_anon 6676480
total_inactive_file 9916416
total_active_file 12066816
total_unevictable 0
--------------------BLKIO-----------------------
11:0 Read 0
11:0 Write 0
11:0 Sync 0
11:0 Async 0
11:0 Total 0
253:0 Read 21893120
253:0 Write 229376
253:0 Sync 0
253:0 Async 22122496
253:0 Total 22122496
Total 22122496
--------------------CPUAC-----------------------
user 42
system 78
 
Thu May 18 20:00:33 IST 2017
--------------------MEMCG-----------------------
MEM ONLY  : 27 MB
MEM+SWAP  : 27 MB
cache 22052864
rss 6647808
rss_huge 0
mapped_file 7663616
writeback 0
swap 0
pgpgin 78303
pgpgout 71296
pgfault 176235
pgmajfault 183
inactive_anon 40960
active_anon 6676480
inactive_file 9916416
active_file 12066816
unevictable 0
hierarchical_memory_limit 6442450944
hierarchical_memsw_limit 32212254720
total_cache 22052864
total_rss 6647808
total_rss_huge 0
total_mapped_file 7663616
total_writeback 0
total_swap 0
total_pgpgin 78303
total_pgpgout 71296
total_pgfault 176235
total_pgmajfault 183
total_inactive_anon 40960
total_active_anon 6676480
total_inactive_file 9916416
total_active_file 12066816
total_unevictable 0
--------------------BLKIO-----------------------
11:0 Read 0
11:0 Write 0
11:0 Sync 0
11:0 Async 0
11:0 Total 0
253:0 Read 21893120
253:0 Write 229376
253:0 Sync 0
253:0 Async 22122496
253:0 Total 22122496
Total 22122496
--------------------CPUAC-----------------------
user 42
system 78
 
Thu May 18 20:01:03 IST 2017
--------------------MEMCG-----------------------
MEM ONLY  : 27 MB
MEM+SWAP  : 27 MB
cache 22052864
rss 6647808
rss_huge 0
mapped_file 7663616
writeback 0
swap 0
pgpgin 78303
pgpgout 71296
pgfault 176235
pgmajfault 183
inactive_anon 40960
active_anon 6676480
inactive_file 9916416
active_file 12066816
unevictable 0
hierarchical_memory_limit 6442450944
hierarchical_memsw_limit 32212254720
total_cache 22052864
total_rss 6647808
total_rss_huge 0
total_mapped_file 7663616
total_writeback 0
total_swap 0
total_pgpgin 78303
total_pgpgout 71296
total_pgfault 176235
total_pgmajfault 183
total_inactive_anon 40960
total_active_anon 6676480
total_inactive_file 9916416
total_active_file 12066816
total_unevictable 0
--------------------BLKIO-----------------------
11:0 Read 0
11:0 Write 0
11:0 Sync 0
11:0 Async 0
11:0 Total 0
253:0 Read 21893120
253:0 Write 229376
253:0 Sync 0
253:0 Async 22122496
253:0 Total 22122496
Total 22122496
--------------------CPUAC-----------------------
user 42
system 78
 
Thu May 18 20:01:33 IST 2017
--------------------MEMCG-----------------------
MEM ONLY  : 27 MB
MEM+SWAP  : 27 MB
cache 22052864
rss 6647808
rss_huge 0
mapped_file 7663616
writeback 0
swap 0
pgpgin 78303
pgpgout 71296
pgfault 176235
pgmajfault 183
inactive_anon 40960
active_anon 6676480
inactive_file 9916416
active_file 12066816
unevictable 0
hierarchical_memory_limit 6442450944
hierarchical_memsw_limit 32212254720
total_cache 22052864
total_rss 6647808
total_rss_huge 0
total_mapped_file 7663616
total_writeback 0
total_swap 0
total_pgpgin 78303
total_pgpgout 71296
total_pgfault 176235
total_pgmajfault 183
total_inactive_anon 40960
total_active_anon 6676480
total_inactive_file 9916416
total_active_file 12066816
total_unevictable 0
--------------------BLKIO-----------------------
11:0 Read 0
11:0 Write 0
11:0 Sync 0
11:0 Async 0
11:0 Total 0
253:0 Read 21893120
253:0 Write 229376
253:0 Sync 0
253:0 Async 22122496
253:0 Total 22122496
Total 22122496
--------------------CPUAC-----------------------
user 42
system 78
 
Thu May 18 20:02:04 IST 2017
--------------------MEMCG-----------------------
MEM ONLY  : 27 MB
MEM+SWAP  : 27 MB
cache 22052864
rss 6647808
rss_huge 0
mapped_file 7663616
writeback 0
swap 0
pgpgin 78303
pgpgout 71296
pgfault 176235
pgmajfault 183
inactive_anon 40960
active_anon 6676480
inactive_file 9916416
active_file 12066816
unevictable 0
hierarchical_memory_limit 6442450944
hierarchical_memsw_limit 32212254720
total_cache 22052864
total_rss 6647808
total_rss_huge 0
total_mapped_file 7663616
total_writeback 0
total_swap 0
total_pgpgin 78303
total_pgpgout 71296
total_pgfault 176235
total_pgmajfault 183
total_inactive_anon 40960
total_active_anon 6676480
total_inactive_file 9916416
total_active_file 12066816
total_unevictable 0
--------------------BLKIO-----------------------
11:0 Read 0
11:0 Write 0
11:0 Sync 0
11:0 Async 0
11:0 Total 0
253:0 Read 21893120
253:0 Write 229376
253:0 Sync 0
253:0 Async 22122496
253:0 Total 22122496
Total 22122496
--------------------CPUAC-----------------------
user 42
system 78
 
Thu May 18 20:02:34 IST 2017
--------------------MEMCG-----------------------
MEM ONLY  : 27 MB
MEM+SWAP  : 27 MB
cache 22052864
rss 6647808
rss_huge 0
mapped_file 7663616
writeback 0
swap 0
pgpgin 78303
pgpgout 71296
pgfault 176235
pgmajfault 183
inactive_anon 40960
active_anon 6676480
inactive_file 9916416
active_file 12066816
unevictable 0
hierarchical_memory_limit 6442450944
hierarchical_memsw_limit 32212254720
total_cache 22052864
total_rss 6647808
total_rss_huge 0
total_mapped_file 7663616
total_writeback 0
total_swap 0
total_pgpgin 78303
total_pgpgout 71296
total_pgfault 176235
total_pgmajfault 183
total_inactive_anon 40960
total_active_anon 6676480
total_inactive_file 9916416
total_active_file 12066816
total_unevictable 0
--------------------BLKIO-----------------------
11:0 Read 0
11:0 Write 0
11:0 Sync 0
11:0 Async 0
11:0 Total 0
253:0 Read 21893120
253:0 Write 229376
253:0 Sync 0
253:0 Async 22122496
253:0 Total 22122496
Total 22122496
--------------------CPUAC-----------------------
user 42
system 78
 
Thu May 18 20:03:04 IST 2017
--------------------MEMCG-----------------------
MEM ONLY  : 27 MB
MEM+SWAP  : 27 MB
cache 22052864
rss 6647808
rss_huge 0
mapped_file 7663616
writeback 0
swap 0
pgpgin 78303
pgpgout 71296
pgfault 176235
pgmajfault 183
inactive_anon 40960
active_anon 6676480
inactive_file 9916416
active_file 12066816
unevictable 0
hierarchical_memory_limit 6442450944
hierarchical_memsw_limit 32212254720
total_cache 22052864
total_rss 6647808
total_rss_huge 0
total_mapped_file 7663616
total_writeback 0
total_swap 0
total_pgpgin 78303
total_pgpgout 71296
total_pgfault 176235
total_pgmajfault 183
total_inactive_anon 40960
total_active_anon 6676480
total_inactive_file 9916416
total_active_file 12066816
total_unevictable 0
--------------------BLKIO-----------------------
11:0 Read 0
11:0 Write 0
11:0 Sync 0
11:0 Async 0
11:0 Total 0
253:0 Read 21893120
253:0 Write 229376
253:0 Sync 0
253:0 Async 22122496
253:0 Total 22122496
Total 22122496
--------------------CPUAC-----------------------
user 42
system 78
 
Thu May 18 20:03:34 IST 2017
--------------------MEMCG-----------------------
MEM ONLY  : 27 MB
MEM+SWAP  : 27 MB
cache 22052864
rss 6647808
rss_huge 0
mapped_file 7663616
writeback 0
swap 0
pgpgin 78303
pgpgout 71296
pgfault 176235
pgmajfault 183
inactive_anon 40960
active_anon 6676480
inactive_file 9916416
active_file 12066816
unevictable 0
hierarchical_memory_limit 6442450944
hierarchical_memsw_limit 32212254720
total_cache 22052864
total_rss 6647808
total_rss_huge 0
total_mapped_file 7663616
total_writeback 0
total_swap 0
total_pgpgin 78303
total_pgpgout 71296
total_pgfault 176235
total_pgmajfault 183
total_inactive_anon 40960
total_active_anon 6676480
total_inactive_file 9916416
total_active_file 12066816
total_unevictable 0
--------------------BLKIO-----------------------
11:0 Read 0
11:0 Write 0
11:0 Sync 0
11:0 Async 0
11:0 Total 0
253:0 Read 21893120
253:0 Write 229376
253:0 Sync 0
253:0 Async 22122496
253:0 Total 22122496
Total 22122496
--------------------CPUAC-----------------------
user 42
system 78
 
Thu May 18 20:04:04 IST 2017
--------------------MEMCG-----------------------
MEM ONLY  : 27 MB
MEM+SWAP  : 27 MB
cache 22052864
rss 6647808
rss_huge 0
mapped_file 7663616
writeback 0
swap 0
pgpgin 78303
pgpgout 71296
pgfault 176235
pgmajfault 183
inactive_anon 40960
active_anon 6676480
inactive_file 9916416
active_file 12066816
unevictable 0
hierarchical_memory_limit 6442450944
hierarchical_memsw_limit 32212254720
total_cache 22052864
total_rss 6647808
total_rss_huge 0
total_mapped_file 7663616
total_writeback 0
total_swap 0
total_pgpgin 78303
total_pgpgout 71296
total_pgfault 176235
total_pgmajfault 183
total_inactive_anon 40960
total_active_anon 6676480
total_inactive_file 9916416
total_active_file 12066816
total_unevictable 0
--------------------BLKIO-----------------------
11:0 Read 0
11:0 Write 0
11:0 Sync 0
11:0 Async 0
11:0 Total 0
253:0 Read 21893120
253:0 Write 229376
253:0 Sync 0
253:0 Async 22122496
253:0 Total 22122496
Total 22122496
--------------------CPUAC-----------------------
user 42
system 78
 
Thu May 18 20:04:34 IST 2017
--------------------MEMCG-----------------------
MEM ONLY  : 27 MB
MEM+SWAP  : 27 MB
cache 22052864
rss 6647808
rss_huge 0
mapped_file 7663616
writeback 0
swap 0
pgpgin 78303
pgpgout 71296
pgfault 176235
pgmajfault 183
inactive_anon 40960
active_anon 6676480
inactive_file 9916416
active_file 12066816
unevictable 0
hierarchical_memory_limit 6442450944
hierarchical_memsw_limit 32212254720
total_cache 22052864
total_rss 6647808
total_rss_huge 0
total_mapped_file 7663616
total_writeback 0
total_swap 0
total_pgpgin 78303
total_pgpgout 71296
total_pgfault 176235
total_pgmajfault 183
total_inactive_anon 40960
total_active_anon 6676480
total_inactive_file 9916416
total_active_file 12066816
total_unevictable 0
--------------------BLKIO-----------------------
11:0 Read 0
11:0 Write 0
11:0 Sync 0
11:0 Async 0
11:0 Total 0
253:0 Read 21893120
253:0 Write 229376
253:0 Sync 0
253:0 Async 22122496
253:0 Total 22122496
Total 22122496
--------------------CPUAC-----------------------
user 42
system 78
 
Thu May 18 20:05:04 IST 2017
--------------------MEMCG-----------------------
MEM ONLY  : 27 MB
MEM+SWAP  : 27 MB
cache 22052864
rss 6647808
rss_huge 0
mapped_file 7663616
writeback 0
swap 0
pgpgin 78303
pgpgout 71296
pgfault 176235
pgmajfault 183
inactive_anon 40960
active_anon 6676480
inactive_file 9916416
active_file 12066816
unevictable 0
hierarchical_memory_limit 6442450944
hierarchical_memsw_limit 32212254720
total_cache 22052864
total_rss 6647808
total_rss_huge 0
total_mapped_file 7663616
total_writeback 0
total_swap 0
total_pgpgin 78303
total_pgpgout 71296
total_pgfault 176235
total_pgmajfault 183
total_inactive_anon 40960
total_active_anon 6676480
total_inactive_file 9916416
total_active_file 12066816
total_unevictable 0
--------------------BLKIO-----------------------
11:0 Read 0
11:0 Write 0
11:0 Sync 0
11:0 Async 0
11:0 Total 0
253:0 Read 21893120
253:0 Write 229376
253:0 Sync 0
253:0 Async 22122496
253:0 Total 22122496
Total 22122496
--------------------CPUAC-----------------------
user 42
system 78
 
Thu May 18 20:05:34 IST 2017
--------------------MEMCG-----------------------
MEM ONLY  : 27 MB
MEM+SWAP  : 27 MB
cache 22052864
rss 6647808
rss_huge 0
mapped_file 7663616
writeback 0
swap 0
pgpgin 78303
pgpgout 71296
pgfault 176235
pgmajfault 183
inactive_anon 40960
active_anon 6676480
inactive_file 9916416
active_file 12066816
unevictable 0
hierarchical_memory_limit 6442450944
hierarchical_memsw_limit 32212254720
total_cache 22052864
total_rss 6647808
total_rss_huge 0
total_mapped_file 7663616
total_writeback 0
total_swap 0
total_pgpgin 78303
total_pgpgout 71296
total_pgfault 176235
total_pgmajfault 183
total_inactive_anon 40960
total_active_anon 6676480
total_inactive_file 9916416
total_active_file 12066816
total_unevictable 0
--------------------BLKIO-----------------------
11:0 Read 0
11:0 Write 0
11:0 Sync 0
11:0 Async 0
11:0 Total 0
253:0 Read 21893120
253:0 Write 229376
253:0 Sync 0
253:0 Async 22122496
253:0 Total 22122496
Total 22122496
--------------------CPUAC-----------------------
user 42
system 78
 
Thu May 18 20:06:04 IST 2017
--------------------MEMCG-----------------------
MEM ONLY  : 27 MB
MEM+SWAP  : 27 MB
cache 22052864
rss 6647808
rss_huge 0
mapped_file 7663616
writeback 0
swap 0
pgpgin 78303
pgpgout 71296
pgfault 176235
pgmajfault 183
inactive_anon 40960
active_anon 6676480
inactive_file 9916416
active_file 12066816
unevictable 0
hierarchical_memory_limit 6442450944
hierarchical_memsw_limit 32212254720
total_cache 22052864
total_rss 6647808
total_rss_huge 0
total_mapped_file 7663616
total_writeback 0
total_swap 0
total_pgpgin 78303
total_pgpgout 71296
total_pgfault 176235
total_pgmajfault 183
total_inactive_anon 40960
total_active_anon 6676480
total_inactive_file 9916416
total_active_file 12066816
total_unevictable 0
--------------------BLKIO-----------------------
11:0 Read 0
11:0 Write 0
11:0 Sync 0
11:0 Async 0
11:0 Total 0
253:0 Read 21893120
253:0 Write 229376
253:0 Sync 0
253:0 Async 22122496
253:0 Total 22122496
Total 22122496
--------------------CPUAC-----------------------
user 42
system 78
 
Thu May 18 20:06:34 IST 2017
--------------------MEMCG-----------------------
MEM ONLY  : 27 MB
MEM+SWAP  : 27 MB
cache 22052864
rss 6647808
rss_huge 0
mapped_file 7663616
writeback 0
swap 0
pgpgin 78303
pgpgout 71296
pgfault 176235
pgmajfault 183
inactive_anon 40960
active_anon 6676480
inactive_file 9916416
active_file 12066816
unevictable 0
hierarchical_memory_limit 6442450944
hierarchical_memsw_limit 32212254720
total_cache 22052864
total_rss 6647808
total_rss_huge 0
total_mapped_file 7663616
total_writeback 0
total_swap 0
total_pgpgin 78303
total_pgpgout 71296
total_pgfault 176235
total_pgmajfault 183
total_inactive_anon 40960
total_active_anon 6676480
total_inactive_file 9916416
total_active_file 12066816
total_unevictable 0
--------------------BLKIO-----------------------
11:0 Read 0
11:0 Write 0
11:0 Sync 0
11:0 Async 0
11:0 Total 0
253:0 Read 21893120
253:0 Write 229376
253:0 Sync 0
253:0 Async 22122496
253:0 Total 22122496
Total 22122496
--------------------CPUAC-----------------------
user 42
system 78
 
Thu May 18 20:07:04 IST 2017
--------------------MEMCG-----------------------
MEM ONLY  : 27 MB
MEM+SWAP  : 27 MB
cache 22052864
rss 6647808
rss_huge 0
mapped_file 7663616
writeback 0
swap 0
pgpgin 78303
pgpgout 71296
pgfault 176235
pgmajfault 183
inactive_anon 40960
active_anon 6676480
inactive_file 9916416
active_file 12066816
unevictable 0
hierarchical_memory_limit 6442450944
hierarchical_memsw_limit 32212254720
total_cache 22052864
total_rss 6647808
total_rss_huge 0
total_mapped_file 7663616
total_writeback 0
total_swap 0
total_pgpgin 78303
total_pgpgout 71296
total_pgfault 176235
total_pgmajfault 183
total_inactive_anon 40960
total_active_anon 6676480
total_inactive_file 9916416
total_active_file 12066816
total_unevictable 0
--------------------BLKIO-----------------------
11:0 Read 0
11:0 Write 0
11:0 Sync 0
11:0 Async 0
11:0 Total 0
253:0 Read 21893120
253:0 Write 229376
253:0 Sync 0
253:0 Async 22122496
253:0 Total 22122496
Total 22122496
--------------------CPUAC-----------------------
user 42
system 78
 
Thu May 18 20:07:34 IST 2017
--------------------MEMCG-----------------------
MEM ONLY  : 27 MB
MEM+SWAP  : 27 MB
cache 22052864
rss 6647808
rss_huge 0
mapped_file 7663616
writeback 0
swap 0
pgpgin 78303
pgpgout 71296
pgfault 176235
pgmajfault 183
inactive_anon 40960
active_anon 6676480
inactive_file 9916416
active_file 12066816
unevictable 0
hierarchical_memory_limit 6442450944
hierarchical_memsw_limit 32212254720
total_cache 22052864
total_rss 6647808
total_rss_huge 0
total_mapped_file 7663616
total_writeback 0
total_swap 0
total_pgpgin 78303
total_pgpgout 71296
total_pgfault 176235
total_pgmajfault 183
total_inactive_anon 40960
total_active_anon 6676480
total_inactive_file 9916416
total_active_file 12066816
total_unevictable 0
--------------------BLKIO-----------------------
11:0 Read 0
11:0 Write 0
11:0 Sync 0
11:0 Async 0
11:0 Total 0
253:0 Read 21893120
253:0 Write 229376
253:0 Sync 0
253:0 Async 22122496
253:0 Total 22122496
Total 22122496
--------------------CPUAC-----------------------
user 42
system 78
 
Thu May 18 20:08:04 IST 2017
--------------------MEMCG-----------------------
MEM ONLY  : 27 MB
MEM+SWAP  : 27 MB
cache 22052864
rss 6647808
rss_huge 0
mapped_file 7663616
writeback 0
swap 0
pgpgin 78303
pgpgout 71296
pgfault 176235
pgmajfault 183
inactive_anon 40960
active_anon 6676480
inactive_file 9916416
active_file 12066816
unevictable 0
hierarchical_memory_limit 6442450944
hierarchical_memsw_limit 32212254720
total_cache 22052864
total_rss 6647808
total_rss_huge 0
total_mapped_file 7663616
total_writeback 0
total_swap 0
total_pgpgin 78303
total_pgpgout 71296
total_pgfault 176235
total_pgmajfault 183
total_inactive_anon 40960
total_active_anon 6676480
total_inactive_file 9916416
total_active_file 12066816
total_unevictable 0
--------------------BLKIO-----------------------
11:0 Read 0
11:0 Write 0
11:0 Sync 0
11:0 Async 0
11:0 Total 0
253:0 Read 21893120
253:0 Write 229376
253:0 Sync 0
253:0 Async 22122496
253:0 Total 22122496
Total 22122496
--------------------CPUAC-----------------------
user 42
system 78
 
Thu May 18 20:08:34 IST 2017
--------------------MEMCG-----------------------
MEM ONLY  : 27 MB
MEM+SWAP  : 27 MB
cache 22052864
rss 6647808
rss_huge 0
mapped_file 7663616
writeback 0
swap 0
pgpgin 78303
pgpgout 71296
pgfault 176235
pgmajfault 183
inactive_anon 40960
active_anon 6676480
inactive_file 9916416
active_file 12066816
unevictable 0
hierarchical_memory_limit 6442450944
hierarchical_memsw_limit 32212254720
total_cache 22052864
total_rss 6647808
total_rss_huge 0
total_mapped_file 7663616
total_writeback 0
total_swap 0
total_pgpgin 78303
total_pgpgout 71296
total_pgfault 176235
total_pgmajfault 183
total_inactive_anon 40960
total_active_anon 6676480
total_inactive_file 9916416
total_active_file 12066816
total_unevictable 0
--------------------BLKIO-----------------------
11:0 Read 0
11:0 Write 0
11:0 Sync 0
11:0 Async 0
11:0 Total 0
253:0 Read 21893120
253:0 Write 229376
253:0 Sync 0
253:0 Async 22122496
253:0 Total 22122496
Total 22122496
--------------------CPUAC-----------------------
user 42
system 78
 
Thu May 18 20:09:04 IST 2017
--------------------MEMCG-----------------------
MEM ONLY  : 27 MB
MEM+SWAP  : 27 MB
cache 22052864
rss 6647808
rss_huge 0
mapped_file 7663616
writeback 0
swap 0
pgpgin 78303
pgpgout 71296
pgfault 176235
pgmajfault 183
inactive_anon 40960
active_anon 6676480
inactive_file 9916416
active_file 12066816
unevictable 0
hierarchical_memory_limit 6442450944
hierarchical_memsw_limit 32212254720
total_cache 22052864
total_rss 6647808
total_rss_huge 0
total_mapped_file 7663616
total_writeback 0
total_swap 0
total_pgpgin 78303
total_pgpgout 71296
total_pgfault 176235
total_pgmajfault 183
total_inactive_anon 40960
total_active_anon 6676480
total_inactive_file 9916416
total_active_file 12066816
total_unevictable 0
--------------------BLKIO-----------------------
11:0 Read 0
11:0 Write 0
11:0 Sync 0
11:0 Async 0
11:0 Total 0
253:0 Read 21893120
253:0 Write 229376
253:0 Sync 0
253:0 Async 22122496
253:0 Total 22122496
Total 22122496
--------------------CPUAC-----------------------
user 42
system 78
 
Thu May 18 20:09:34 IST 2017
--------------------MEMCG-----------------------
MEM ONLY  : 27 MB
MEM+SWAP  : 27 MB
cache 22052864
rss 6647808
rss_huge 0
mapped_file 7663616
writeback 0
swap 0
pgpgin 78303
pgpgout 71296
pgfault 176235
pgmajfault 183
inactive_anon 40960
active_anon 6676480
inactive_file 9916416
active_file 12066816
unevictable 0
hierarchical_memory_limit 6442450944
hierarchical_memsw_limit 32212254720
total_cache 22052864
total_rss 6647808
total_rss_huge 0
total_mapped_file 7663616
total_writeback 0
total_swap 0
total_pgpgin 78303
total_pgpgout 71296
total_pgfault 176235
total_pgmajfault 183
total_inactive_anon 40960
total_active_anon 6676480
total_inactive_file 9916416
total_active_file 12066816
total_unevictable 0
--------------------BLKIO-----------------------
11:0 Read 0
11:0 Write 0
11:0 Sync 0
11:0 Async 0
11:0 Total 0
253:0 Read 21893120
253:0 Write 229376
253:0 Sync 0
253:0 Async 22122496
253:0 Total 22122496
Total 22122496
--------------------CPUAC-----------------------
user 42
system 78
 
Thu May 18 20:10:04 IST 2017
--------------------MEMCG-----------------------
MEM ONLY  : 27 MB
MEM+SWAP  : 27 MB
cache 22052864
rss 6647808
rss_huge 0
mapped_file 7663616
writeback 0
swap 0
pgpgin 78303
pgpgout 71296
pgfault 176235
pgmajfault 183
inactive_anon 40960
active_anon 6676480
inactive_file 9916416
active_file 12066816
unevictable 0
hierarchical_memory_limit 6442450944
hierarchical_memsw_limit 32212254720
total_cache 22052864
total_rss 6647808
total_rss_huge 0
total_mapped_file 7663616
total_writeback 0
total_swap 0
total_pgpgin 78303
total_pgpgout 71296
total_pgfault 176235
total_pgmajfault 183
total_inactive_anon 40960
total_active_anon 6676480
total_inactive_file 9916416
total_active_file 12066816
total_unevictable 0
--------------------BLKIO-----------------------
11:0 Read 0
11:0 Write 0
11:0 Sync 0
11:0 Async 0
11:0 Total 0
253:0 Read 21893120
253:0 Write 229376
253:0 Sync 0
253:0 Async 22122496
253:0 Total 22122496
Total 22122496
--------------------CPUAC-----------------------
user 42
system 78
 
Thu May 18 20:10:34 IST 2017
--------------------MEMCG-----------------------
MEM ONLY  : 27 MB
MEM+SWAP  : 27 MB
cache 22052864
rss 6647808
rss_huge 0
mapped_file 7663616
writeback 0
swap 0
pgpgin 78303
pgpgout 71296
pgfault 176235
pgmajfault 183
inactive_anon 40960
active_anon 6676480
inactive_file 9916416
active_file 12066816
unevictable 0
hierarchical_memory_limit 6442450944
hierarchical_memsw_limit 32212254720
total_cache 22052864
total_rss 6647808
total_rss_huge 0
total_mapped_file 7663616
total_writeback 0
total_swap 0
total_pgpgin 78303
total_pgpgout 71296
total_pgfault 176235
total_pgmajfault 183
total_inactive_anon 40960
total_active_anon 6676480
total_inactive_file 9916416
total_active_file 12066816
total_unevictable 0
--------------------BLKIO-----------------------
11:0 Read 0
11:0 Write 0
11:0 Sync 0
11:0 Async 0
11:0 Total 0
253:0 Read 21893120
253:0 Write 229376
253:0 Sync 0
253:0 Async 22122496
253:0 Total 22122496
Total 22122496
--------------------CPUAC-----------------------
user 42
system 78
 
Thu May 18 20:11:04 IST 2017
--------------------MEMCG-----------------------
MEM ONLY  : 27 MB
MEM+SWAP  : 27 MB
cache 22052864
rss 6647808
rss_huge 0
mapped_file 7663616
writeback 0
swap 0
pgpgin 78303
pgpgout 71296
pgfault 176235
pgmajfault 183
inactive_anon 40960
active_anon 6676480
inactive_file 9916416
active_file 12066816
unevictable 0
hierarchical_memory_limit 6442450944
hierarchical_memsw_limit 32212254720
total_cache 22052864
total_rss 6647808
total_rss_huge 0
total_mapped_file 7663616
total_writeback 0
total_swap 0
total_pgpgin 78303
total_pgpgout 71296
total_pgfault 176235
total_pgmajfault 183
total_inactive_anon 40960
total_active_anon 6676480
total_inactive_file 9916416
total_active_file 12066816
total_unevictable 0
--------------------BLKIO-----------------------
11:0 Read 0
11:0 Write 0
11:0 Sync 0
11:0 Async 0
11:0 Total 0
253:0 Read 21893120
253:0 Write 229376
253:0 Sync 0
253:0 Async 22122496
253:0 Total 22122496
Total 22122496
--------------------CPUAC-----------------------
user 42
system 78
 
Thu May 18 20:11:34 IST 2017
--------------------MEMCG-----------------------
MEM ONLY  : 27 MB
MEM+SWAP  : 27 MB
cache 22052864
rss 6647808
rss_huge 0
mapped_file 7663616
writeback 0
swap 0
pgpgin 78303
pgpgout 71296
pgfault 176235
pgmajfault 183
inactive_anon 40960
active_anon 6676480
inactive_file 9916416
active_file 12066816
unevictable 0
hierarchical_memory_limit 6442450944
hierarchical_memsw_limit 32212254720
total_cache 22052864
total_rss 6647808
total_rss_huge 0
total_mapped_file 7663616
total_writeback 0
total_swap 0
total_pgpgin 78303
total_pgpgout 71296
total_pgfault 176235
total_pgmajfault 183
total_inactive_anon 40960
total_active_anon 6676480
total_inactive_file 9916416
total_active_file 12066816
total_unevictable 0
--------------------BLKIO-----------------------
11:0 Read 0
11:0 Write 0
11:0 Sync 0
11:0 Async 0
11:0 Total 0
253:0 Read 21893120
253:0 Write 229376
253:0 Sync 0
253:0 Async 22122496
253:0 Total 22122496
Total 22122496
--------------------CPUAC-----------------------
user 42
system 78
 
Thu May 18 20:12:04 IST 2017
--------------------MEMCG-----------------------
MEM ONLY  : 27 MB
MEM+SWAP  : 27 MB
cache 22052864
rss 6647808
rss_huge 0
mapped_file 7663616
writeback 0
swap 0
pgpgin 78303
pgpgout 71296
pgfault 176235
pgmajfault 183
inactive_anon 40960
active_anon 6676480
inactive_file 9916416
active_file 12066816
unevictable 0
hierarchical_memory_limit 6442450944
hierarchical_memsw_limit 32212254720
total_cache 22052864
total_rss 6647808
total_rss_huge 0
total_mapped_file 7663616
total_writeback 0
total_swap 0
total_pgpgin 78303
total_pgpgout 71296
total_pgfault 176235
total_pgmajfault 183
total_inactive_anon 40960
total_active_anon 6676480
total_inactive_file 9916416
total_active_file 12066816
total_unevictable 0
--------------------BLKIO-----------------------
11:0 Read 0
11:0 Write 0
11:0 Sync 0
11:0 Async 0
11:0 Total 0
253:0 Read 21893120
253:0 Write 229376
253:0 Sync 0
253:0 Async 22122496
253:0 Total 22122496
Total 22122496
--------------------CPUAC-----------------------
user 42
system 78
 
Thu May 18 20:12:34 IST 2017
--------------------MEMCG-----------------------
MEM ONLY  : 27 MB
MEM+SWAP  : 27 MB
cache 22052864
rss 6647808
rss_huge 0
mapped_file 7663616
writeback 0
swap 0
pgpgin 78303
pgpgout 71296
pgfault 176235
pgmajfault 183
inactive_anon 40960
active_anon 6676480
inactive_file 9916416
active_file 12066816
unevictable 0
hierarchical_memory_limit 6442450944
hierarchical_memsw_limit 32212254720
total_cache 22052864
total_rss 6647808
total_rss_huge 0
total_mapped_file 7663616
total_writeback 0
total_swap 0
total_pgpgin 78303
total_pgpgout 71296
total_pgfault 176235
total_pgmajfault 183
total_inactive_anon 40960
total_active_anon 6676480
total_inactive_file 9916416
total_active_file 12066816
total_unevictable 0
--------------------BLKIO-----------------------
11:0 Read 0
11:0 Write 0
11:0 Sync 0
11:0 Async 0
11:0 Total 0
253:0 Read 21893120
253:0 Write 229376
253:0 Sync 0
253:0 Async 22122496
253:0 Total 22122496
Total 22122496
--------------------CPUAC-----------------------
user 42
system 78
 
Thu May 18 20:13:04 IST 2017
--------------------MEMCG-----------------------
MEM ONLY  : 27 MB
MEM+SWAP  : 27 MB
cache 22052864
rss 6647808
rss_huge 0
mapped_file 7663616
writeback 0
swap 0
pgpgin 78303
pgpgout 71296
pgfault 176235
pgmajfault 183
inactive_anon 40960
active_anon 6676480
inactive_file 9916416
active_file 12066816
unevictable 0
hierarchical_memory_limit 6442450944
hierarchical_memsw_limit 32212254720
total_cache 22052864
total_rss 6647808
total_rss_huge 0
total_mapped_file 7663616
total_writeback 0
total_swap 0
total_pgpgin 78303
total_pgpgout 71296
total_pgfault 176235
total_pgmajfault 183
total_inactive_anon 40960
total_active_anon 6676480
total_inactive_file 9916416
total_active_file 12066816
total_unevictable 0
--------------------BLKIO-----------------------
11:0 Read 0
11:0 Write 0
11:0 Sync 0
11:0 Async 0
11:0 Total 0
253:0 Read 21893120
253:0 Write 229376
253:0 Sync 0
253:0 Async 22122496
253:0 Total 22122496
Total 22122496
--------------------CPUAC-----------------------
user 42
system 78
 
Thu May 18 20:13:34 IST 2017
--------------------MEMCG-----------------------
MEM ONLY  : 27 MB
MEM+SWAP  : 27 MB
cache 22052864
rss 6647808
rss_huge 0
mapped_file 7663616
writeback 0
swap 0
pgpgin 78303
pgpgout 71296
pgfault 176235
pgmajfault 183
inactive_anon 40960
active_anon 6676480
inactive_file 9916416
active_file 12066816
unevictable 0
hierarchical_memory_limit 6442450944
hierarchical_memsw_limit 32212254720
total_cache 22052864
total_rss 6647808
total_rss_huge 0
total_mapped_file 7663616
total_writeback 0
total_swap 0
total_pgpgin 78303
total_pgpgout 71296
total_pgfault 176235
total_pgmajfault 183
total_inactive_anon 40960
total_active_anon 6676480
total_inactive_file 9916416
total_active_file 12066816
total_unevictable 0
--------------------BLKIO-----------------------
11:0 Read 0
11:0 Write 0
11:0 Sync 0
11:0 Async 0
11:0 Total 0
253:0 Read 21893120
253:0 Write 229376
253:0 Sync 0
253:0 Async 22122496
253:0 Total 22122496
Total 22122496
--------------------CPUAC-----------------------
user 42
system 78
 
Thu May 18 20:14:04 IST 2017
--------------------MEMCG-----------------------
MEM ONLY  : 568 MB
MEM+SWAP  : 568 MB
cache 503042048
rss 92770304
rss_huge 0
mapped_file 46358528
writeback 0
swap 0
pgpgin 270021
pgpgout 124559
pgfault 262636
pgmajfault 205
inactive_anon 45056
active_anon 92798976
inactive_file 451203072
active_file 51765248
unevictable 0
hierarchical_memory_limit 6442450944
hierarchical_memsw_limit 32212254720
total_cache 503042048
total_rss 92770304
total_rss_huge 0
total_mapped_file 46358528
total_writeback 0
total_swap 0
total_pgpgin 270021
total_pgpgout 124559
total_pgfault 262636
total_pgmajfault 205
total_inactive_anon 45056
total_active_anon 92798976
total_inactive_file 451203072
total_active_file 51765248
total_unevictable 0
--------------------BLKIO-----------------------
11:0 Read 0
11:0 Write 0
11:0 Sync 0
11:0 Async 0
11:0 Total 0
253:0 Read 463409152
253:0 Write 229376
253:0 Sync 0
253:0 Async 463638528
253:0 Total 463638528
Total 463638528
--------------------CPUAC-----------------------
user 90
system 314
 
Thu May 18 20:14:34 IST 2017
--------------------MEMCG-----------------------
MEM ONLY  : 1078 MB
MEM+SWAP  : 1078 MB
cache 1038061568
rss 92770304
rss_huge 0
mapped_file 46358528
writeback 0
swap 0
pgpgin 431679
pgpgout 155597
pgfault 295056
pgmajfault 205
inactive_anon 45056
active_anon 92798976
inactive_file 861945856
active_file 175996928
unevictable 0
hierarchical_memory_limit 6442450944
hierarchical_memsw_limit 32212254720
total_cache 1038061568
total_rss 92770304
total_rss_huge 0
total_mapped_file 46358528
total_writeback 0
total_swap 0
total_pgpgin 431679
total_pgpgout 155597
total_pgfault 295056
total_pgmajfault 205
total_inactive_anon 45056
total_active_anon 92798976
total_inactive_file 861945856
total_active_file 175996928
total_unevictable 0
--------------------BLKIO-----------------------
11:0 Read 0
11:0 Write 0
11:0 Sync 0
11:0 Async 0
11:0 Total 0
253:0 Read 998457344
253:0 Write 229376
253:0 Sync 0
253:0 Async 998686720
253:0 Total 998686720
Total 998686720
--------------------CPUAC-----------------------
user 111
system 444
 
Thu May 18 20:15:04 IST 2017
--------------------MEMCG-----------------------
MEM ONLY  : 1583 MB
MEM+SWAP  : 1583 MB
cache 1567780864
rss 92770304
rss_huge 0
mapped_file 46358528
writeback 0
swap 0
pgpgin 601415
pgpgout 196007
pgfault 336807
pgmajfault 205
inactive_anon 45056
active_anon 92798976
inactive_file 1129619456
active_file 438030336
unevictable 0
hierarchical_memory_limit 6442450944
hierarchical_memsw_limit 32212254720
total_cache 1567780864
total_rss 92770304
total_rss_huge 0
total_mapped_file 46358528
total_writeback 0
total_swap 0
total_pgpgin 601415
total_pgpgout 196007
total_pgfault 336807
total_pgmajfault 205
total_inactive_anon 45056
total_active_anon 92798976
total_inactive_file 1129619456
total_active_file 438030336
total_unevictable 0
--------------------BLKIO-----------------------
11:0 Read 0
11:0 Write 0
11:0 Sync 0
11:0 Async 0
11:0 Total 0
253:0 Read 1528143872
253:0 Write 229376
253:0 Sync 0
253:0 Async 1528373248
253:0 Total 1528373248
Total 1528373248
--------------------CPUAC-----------------------
user 136
system 586
 
Thu May 18 20:15:34 IST 2017
--------------------MEMCG-----------------------
MEM ONLY  : 2106 MB
MEM+SWAP  : 2106 MB
cache 2116276224
rss 92774400
rss_huge 0
mapped_file 46358528
writeback 0
swap 0
pgpgin 791317
pgpgout 251999
pgfault 394181
pgmajfault 205
inactive_anon 45056
active_anon 92798976
inactive_file 1225650176
active_file 890552320
unevictable 0
hierarchical_memory_limit 6442450944
hierarchical_memsw_limit 32212254720
total_cache 2116276224
total_rss 92770304
total_rss_huge 0
total_mapped_file 46358528
total_writeback 0
total_swap 0
total_pgpgin 791317
total_pgpgout 251999
total_pgfault 394181
total_pgmajfault 205
total_inactive_anon 45056
total_active_anon 92798976
total_inactive_file 1225650176
total_active_file 890552320
total_unevictable 0
--------------------BLKIO-----------------------
11:0 Read 0
11:0 Write 0
11:0 Sync 0
11:0 Async 0
11:0 Total 0
253:0 Read 2076663808
253:0 Write 229376
253:0 Sync 0
253:0 Async 2076893184
253:0 Total 2076893184
Total 2076893184
--------------------CPUAC-----------------------
user 167
system 751
 
Thu May 18 20:16:04 IST 2017
--------------------MEMCG-----------------------
MEM ONLY  : 2621 MB
MEM+SWAP  : 2621 MB
cache 2656182272
rss 92770304
rss_huge 0
mapped_file 46358528
writeback 0
swap 0
pgpgin 1015086
pgpgout 343955
pgfault 487541
pgmajfault 205
inactive_anon 45056
active_anon 92798976
inactive_file 1055883264
active_file 1600167936
unevictable 0
hierarchical_memory_limit 6442450944
hierarchical_memsw_limit 32212254720
total_cache 2656182272
total_rss 92770304
total_rss_huge 0
total_mapped_file 46358528
total_writeback 0
total_swap 0
total_pgpgin 1015086
total_pgpgout 343955
total_pgfault 487541
total_pgmajfault 205
total_inactive_anon 45056
total_active_anon 92798976
total_inactive_file 1055883264
total_active_file 1600167936
total_unevictable 0
--------------------BLKIO-----------------------
11:0 Read 0
11:0 Write 0
11:0 Sync 0
11:0 Async 0
11:0 Total 0
253:0 Read 2616537088
253:0 Write 229376
253:0 Sync 0
253:0 Async 2616766464
253:0 Total 2616766464
Total 2616766464
--------------------CPUAC-----------------------
user 211
system 961
 
Thu May 18 20:16:34 IST 2017
--------------------MEMCG-----------------------
MEM ONLY  : 3137 MB
MEM+SWAP  : 3137 MB
cache 3197157376
rss 92770304
rss_huge 0
mapped_file 46358528
writeback 0
swap 0
pgpgin 1465952
pgpgout 662747
pgfault 807964
pgmajfault 205
inactive_anon 45056
active_anon 92798976
inactive_file 305274880
active_file 2891792384
unevictable 0
hierarchical_memory_limit 6442450944
hierarchical_memsw_limit 32212254720
total_cache 3197157376
total_rss 92770304
total_rss_huge 0
total_mapped_file 46358528
total_writeback 0
total_swap 0
total_pgpgin 1465952
total_pgpgout 662747
total_pgfault 807964
total_pgmajfault 205
total_inactive_anon 45056
total_active_anon 92798976
total_inactive_file 305274880
total_active_file 2891792384
total_unevictable 0
--------------------BLKIO-----------------------
11:0 Read 0
11:0 Write 0
11:0 Sync 0
11:0 Async 0
11:0 Total 0
253:0 Read 3157508096
253:0 Write 229376
253:0 Sync 0
253:0 Async 3157737472
253:0 Total 3157737472
Total 3157737472
--------------------CPUAC-----------------------
user 358
system 1488
 
Thu May 18 20:17:04 IST 2017
--------------------MEMCG-----------------------
MEM ONLY  : 3198 MB
MEM+SWAP  : 3198 MB
cache 3261136896
rss 92798976
rss_huge 0
mapped_file 46358528
writeback 0
swap 0
pgpgin 2080349
pgpgout 1261517
pgfault 1408278
pgmajfault 205
inactive_anon 45056
active_anon 92827648
inactive_file 56791040
active_file 3204272128
unevictable 0
hierarchical_memory_limit 6442450944
hierarchical_memsw_limit 32212254720
total_cache 3261136896
total_rss 92798976
total_rss_huge 0
total_mapped_file 46358528
total_writeback 0
total_swap 0
total_pgpgin 2080349
total_pgpgout 1261517
total_pgfault 1408278
total_pgmajfault 205
total_inactive_anon 45056
total_active_anon 92827648
total_inactive_file 56791040
total_active_file 3204272128
total_unevictable 0
--------------------BLKIO-----------------------
11:0 Read 0
11:0 Write 0
11:0 Sync 0
11:0 Async 0
11:0 Total 0
253:0 Read 3221487616
253:0 Write 229376
253:0 Sync 0
253:0 Async 3221716992
253:0 Total 3221716992
Total 3221716992
--------------------CPUAC-----------------------
user 616
system 4428
 
Thu May 18 20:17:34 IST 2017
--------------------MEMCG-----------------------
MEM ONLY  : 3199 MB
MEM+SWAP  : 3199 MB
cache 3262377984
rss 92794880
rss_huge 0
mapped_file 46358528
writeback 0
swap 0
pgpgin 2586227
pgpgout 1767093
pgfault 1914983
pgmajfault 205
inactive_anon 45056
active_anon 92803072
inactive_file 49553408
active_file 3212750848
unevictable 0
hierarchical_memory_limit 6442450944
hierarchical_memsw_limit 32212254720
total_cache 3262377984
total_rss 92794880
total_rss_huge 0
total_mapped_file 46358528
total_writeback 0
total_swap 0
total_pgpgin 2586227
total_pgpgout 1767093
total_pgfault 1914983
total_pgmajfault 205
total_inactive_anon 45056
total_active_anon 92803072
total_inactive_file 49553408
total_active_file 3212750848
total_unevictable 0
--------------------BLKIO-----------------------
11:0 Read 0
11:0 Write 0
11:0 Sync 0
11:0 Async 0
11:0 Total 0
253:0 Read 3222728704
253:0 Write 229376
253:0 Sync 0
253:0 Async 3222958080
253:0 Total 3222958080
Total 3222958080
--------------------CPUAC-----------------------
user 842
system 7457
 
Thu May 18 20:18:05 IST 2017
--------------------MEMCG-----------------------
MEM ONLY  : 3199 MB
MEM+SWAP  : 3199 MB
cache 3262377984
rss 92798976
rss_huge 0
mapped_file 46358528
writeback 0
swap 0
pgpgin 3087759
pgpgout 2268624
pgfault 2417896
pgmajfault 205
inactive_anon 45056
active_anon 92823552
inactive_file 49164288
active_file 3213139968
unevictable 0
hierarchical_memory_limit 6442450944
hierarchical_memsw_limit 32212254720
total_cache 3262377984
total_rss 92794880
total_rss_huge 0
total_mapped_file 46358528
total_writeback 0
total_swap 0
total_pgpgin 3087759
total_pgpgout 2268625
total_pgfault 2417896
total_pgmajfault 205
total_inactive_anon 45056
total_active_anon 92823552
total_inactive_file 49164288
total_active_file 3213139968
total_unevictable 0
--------------------BLKIO-----------------------
11:0 Read 0
11:0 Write 0
11:0 Sync 0
11:0 Async 0
11:0 Total 0
253:0 Read 3222728704
253:0 Write 229376
253:0 Sync 0
253:0 Async 3222958080
253:0 Total 3222958080
Total 3222958080
--------------------CPUAC-----------------------
user 1084
system 10470
 
Thu May 18 20:18:35 IST 2017
--------------------MEMCG-----------------------
MEM ONLY  : 3199 MB
MEM+SWAP  : 3199 MB
cache 3262377984
rss 92798976
rss_huge 0
mapped_file 46358528
writeback 0
swap 0
pgpgin 3615092
pgpgout 2795957
pgfault 2946461
pgmajfault 205
inactive_anon 45056
active_anon 92823552
inactive_file 49164288
active_file 3213139968
unevictable 0
hierarchical_memory_limit 6442450944
hierarchical_memsw_limit 32212254720
total_cache 3262377984
total_rss 92798976
total_rss_huge 0
total_mapped_file 46358528
total_writeback 0
total_swap 0
total_pgpgin 3615092
total_pgpgout 2795957
total_pgfault 2946461
total_pgmajfault 205
total_inactive_anon 45056
total_active_anon 92823552
total_inactive_file 49164288
total_active_file 3213139968
total_unevictable 0
--------------------BLKIO-----------------------
11:0 Read 0
11:0 Write 0
11:0 Sync 0
11:0 Async 0
11:0 Total 0
253:0 Read 3222728704
253:0 Write 229376
253:0 Sync 0
253:0 Async 3222958080
253:0 Total 3222958080
Total 3222958080
--------------------CPUAC-----------------------
user 1332
system 13476
 
Thu May 18 20:19:05 IST 2017
--------------------MEMCG-----------------------
MEM ONLY  : 3199 MB
MEM+SWAP  : 3199 MB
cache 3262377984
rss 92794880
rss_huge 0
mapped_file 46358528
writeback 2797568
swap 0
pgpgin 4136899
pgpgout 3317765
pgfault 3469567
pgmajfault 205
inactive_anon 45056
active_anon 92823552
inactive_file 49164288
active_file 3213139968
unevictable 0
hierarchical_memory_limit 6442450944
hierarchical_memsw_limit 32212254720
total_cache 3262377984
total_rss 92794880
total_rss_huge 0
total_mapped_file 46358528
total_writeback 2797568
total_swap 0
total_pgpgin 4136899
total_pgpgout 3317765
total_pgfault 3469567
total_pgmajfault 205
total_inactive_anon 45056
total_active_anon 92823552
total_inactive_file 49164288
total_active_file 3213139968
total_unevictable 0
--------------------BLKIO-----------------------
11:0 Read 0
11:0 Write 0
11:0 Sync 0
11:0 Async 0
11:0 Total 0
253:0 Read 3222728704
253:0 Write 229376
253:0 Sync 0
253:0 Async 3222958080
253:0 Total 3222958080
Total 3222958080
--------------------CPUAC-----------------------
user 1565
system 16474
 
Thu May 18 20:19:35 IST 2017
--------------------MEMCG-----------------------
MEM ONLY  : 3199 MB
MEM+SWAP  : 3199 MB
cache 3262377984
rss 92778496
rss_huge 0
mapped_file 46358528
writeback 0
swap 0
pgpgin 5064440
pgpgout 4245310
pgfault 4398476
pgmajfault 205
inactive_anon 45056
active_anon 92807168
inactive_file 49164288
active_file 3213139968
unevictable 0
hierarchical_memory_limit 6442450944
hierarchical_memsw_limit 32212254720
total_cache 3262377984
total_rss 92778496
total_rss_huge 0
total_mapped_file 46358528
total_writeback 0
total_swap 0
total_pgpgin 5064440
total_pgpgout 4245310
total_pgfault 4398476
total_pgmajfault 205
total_inactive_anon 45056
total_active_anon 92807168
total_inactive_file 49164288
total_active_file 3213139968
total_unevictable 0
--------------------BLKIO-----------------------
11:0 Read 0
11:0 Write 0
11:0 Sync 0
11:0 Async 0
11:0 Total 0
253:0 Read 3222728704
253:0 Write 229376
253:0 Sync 0
253:0 Async 3222958080
253:0 Total 3222958080
Total 3222958080
--------------------CPUAC-----------------------
user 2030
system 19137
 
Thu May 18 20:20:05 IST 2017
--------------------MEMCG-----------------------
MEM ONLY  : 3199 MB
MEM+SWAP  : 3199 MB
cache 3262377984
rss 92794880
rss_huge 0
mapped_file 46358528
writeback 0
swap 0
pgpgin 5562139
pgpgout 4743005
pgfault 4897545
pgmajfault 205
inactive_anon 45056
active_anon 92823552
inactive_file 49164288
active_file 3213139968
unevictable 0
hierarchical_memory_limit 6442450944
hierarchical_memsw_limit 32212254720
total_cache 3262377984
total_rss 92790784
total_rss_huge 0
total_mapped_file 46358528
total_writeback 0
total_swap 0
total_pgpgin 5562139
total_pgpgout 4743006
total_pgfault 4897545
total_pgmajfault 205
total_inactive_anon 45056
total_active_anon 92819456
total_inactive_file 49164288
total_active_file 3213139968
total_unevictable 0
--------------------BLKIO-----------------------
11:0 Read 0
11:0 Write 0
11:0 Sync 0
11:0 Async 0
11:0 Total 0
253:0 Read 3222728704
253:0 Write 229376
253:0 Sync 0
253:0 Async 3222958080
253:0 Total 3222958080
Total 3222958080
--------------------CPUAC-----------------------
user 2250
system 22174
 
Thu May 18 20:20:35 IST 2017
--------------------MEMCG-----------------------
MEM ONLY  : 3199 MB
MEM+SWAP  : 3199 MB
cache 3262377984
rss 92794880
rss_huge 0
mapped_file 46358528
writeback 0
swap 0
pgpgin 6091874
pgpgout 5272740
pgfault 5428657
pgmajfault 205
inactive_anon 45056
active_anon 92803072
inactive_file 49164288
active_file 3213139968
unevictable 0
hierarchical_memory_limit 6442450944
hierarchical_memsw_limit 32212254720
total_cache 3262377984
total_rss 92794880
total_rss_huge 0
total_mapped_file 46358528
total_writeback 0
total_swap 0
total_pgpgin 6091874
total_pgpgout 5272740
total_pgfault 5428657
total_pgmajfault 205
total_inactive_anon 45056
total_active_anon 92803072
total_inactive_file 49164288
total_active_file 3213139968
total_unevictable 0
--------------------BLKIO-----------------------
11:0 Read 0
11:0 Write 0
11:0 Sync 0
11:0 Async 0
11:0 Total 0
253:0 Read 3222728704
253:0 Write 229376
253:0 Sync 0
253:0 Async 3222958080
253:0 Total 3222958080
Total 3222958080
--------------------CPUAC-----------------------
user 2503
system 25184
 
Thu May 18 20:21:05 IST 2017
--------------------MEMCG-----------------------
MEM ONLY  : 3199 MB
MEM+SWAP  : 3199 MB
cache 3262377984
rss 92782592
rss_huge 0
mapped_file 46358528
writeback 0
swap 0
pgpgin 6610977
pgpgout 5791846
pgfault 5949133
pgmajfault 205
inactive_anon 45056
active_anon 92803072
inactive_file 49164288
active_file 3213139968
unevictable 0
hierarchical_memory_limit 6442450944
hierarchical_memsw_limit 32212254720
total_cache 3262377984
total_rss 92790784
total_rss_huge 0
total_mapped_file 46358528
total_writeback 0
total_swap 0
total_pgpgin 6610980
total_pgpgout 5791846
total_pgfault 5949136
total_pgmajfault 205
total_inactive_anon 45056
total_active_anon 92803072
total_inactive_file 49164288
total_active_file 3213139968
total_unevictable 0
--------------------BLKIO-----------------------
11:0 Read 0
11:0 Write 0
11:0 Sync 0
11:0 Async 0
11:0 Total 0
253:0 Read 3222728704
253:0 Write 229376
253:0 Sync 0
253:0 Async 3222958080
253:0 Total 3222958080
Total 3222958080
--------------------CPUAC-----------------------
user 2759
system 28182
 
Thu May 18 20:21:35 IST 2017
--------------------MEMCG-----------------------
MEM ONLY  : 3199 MB
MEM+SWAP  : 3199 MB
cache 3262377984
rss 92778496
rss_huge 0
mapped_file 46358528
writeback 0
swap 0
pgpgin 7137620
pgpgout 6318490
pgfault 6477145
pgmajfault 205
inactive_anon 45056
active_anon 92803072
inactive_file 49164288
active_file 3213139968
unevictable 0
hierarchical_memory_limit 6442450944
hierarchical_memsw_limit 32212254720
total_cache 3262377984
total_rss 92778496
total_rss_huge 0
total_mapped_file 46358528
total_writeback 0
total_swap 0
total_pgpgin 7137620
total_pgpgout 6318490
total_pgfault 6477145
total_pgmajfault 205
total_inactive_anon 45056
total_active_anon 92803072
total_inactive_file 49164288
total_active_file 3213139968
total_unevictable 0
--------------------BLKIO-----------------------
11:0 Read 0
11:0 Write 0
11:0 Sync 0
11:0 Async 0
11:0 Total 0
253:0 Read 3222728704
253:0 Write 229376
253:0 Sync 0
253:0 Async 3222958080
253:0 Total 3222958080
Total 3222958080
--------------------CPUAC-----------------------
user 3007
system 31198
 
Thu May 18 20:22:05 IST 2017
--------------------MEMCG-----------------------
MEM ONLY  : 3199 MB
MEM+SWAP  : 3199 MB
cache 3262377984
rss 92794880
rss_huge 0
mapped_file 46358528
writeback 0
swap 0
pgpgin 7672895
pgpgout 6853760
pgfault 7013793
pgmajfault 205
inactive_anon 45056
active_anon 92803072
inactive_file 49164288
active_file 3213139968
unevictable 0
hierarchical_memory_limit 6442450944
hierarchical_memsw_limit 32212254720
total_cache 3262377984
total_rss 92803072
total_rss_huge 0
total_mapped_file 46358528
total_writeback 0
total_swap 0
total_pgpgin 7672896
total_pgpgout 6853760
total_pgfault 7013794
total_pgmajfault 205
total_inactive_anon 45056
total_active_anon 92803072
total_inactive_file 49164288
total_active_file 3213139968
total_unevictable 0
--------------------BLKIO-----------------------
11:0 Read 0
11:0 Write 0
11:0 Sync 0
11:0 Async 0
11:0 Total 0
253:0 Read 3222728704
253:0 Write 229376
253:0 Sync 0
253:0 Async 3222958080
253:0 Total 3222958080
Total 3222958080
--------------------CPUAC-----------------------
user 3266
system 34217
 
Thu May 18 20:22:35 IST 2017
--------------------MEMCG-----------------------
MEM ONLY  : 3199 MB
MEM+SWAP  : 3199 MB
cache 3262377984
rss 92782592
rss_huge 0
mapped_file 46358528
writeback 0
swap 0
pgpgin 8187618
pgpgout 7368487
pgfault 7529889
pgmajfault 205
inactive_anon 45056
active_anon 92803072
inactive_file 49164288
active_file 3213139968
unevictable 0
hierarchical_memory_limit 6442450944
hierarchical_memsw_limit 32212254720
total_cache 3262377984
total_rss 92782592
total_rss_huge 0
total_mapped_file 46358528
total_writeback 0
total_swap 0
total_pgpgin 8187618
total_pgpgout 7368487
total_pgfault 7529889
total_pgmajfault 205
total_inactive_anon 45056
total_active_anon 92803072
total_inactive_file 49164288
total_active_file 3213139968
total_unevictable 0
--------------------BLKIO-----------------------
11:0 Read 0
11:0 Write 0
11:0 Sync 0
11:0 Async 0
11:0 Total 0
253:0 Read 3222728704
253:0 Write 229376
253:0 Sync 0
253:0 Async 3222958080
253:0 Total 3222958080
Total 3222958080
--------------------CPUAC-----------------------
user 3507
system 37226
 
Thu May 18 20:23:05 IST 2017
--------------------MEMCG-----------------------
MEM ONLY  : 3199 MB
MEM+SWAP  : 3199 MB
cache 3262377984
rss 92778496
rss_huge 0
mapped_file 46358528
writeback 0
swap 0
pgpgin 8738545
pgpgout 7919414
pgfault 8081499
pgmajfault 205
inactive_anon 45056
active_anon 92803072
inactive_file 49164288
active_file 3213139968
unevictable 0
hierarchical_memory_limit 6442450944
hierarchical_memsw_limit 32212254720
total_cache 3262377984
total_rss 92786688
total_rss_huge 0
total_mapped_file 46358528
total_writeback 0
total_swap 0
total_pgpgin 8738547
total_pgpgout 7919414
total_pgfault 8081502
total_pgmajfault 205
total_inactive_anon 45056
total_active_anon 92803072
total_inactive_file 49164288
total_active_file 3213139968
total_unevictable 0
--------------------BLKIO-----------------------
11:0 Read 0
11:0 Write 0
11:0 Sync 0
11:0 Async 0
11:0 Total 0
253:0 Read 3222728704
253:0 Write 229376
253:0 Sync 0
253:0 Async 3222958080
253:0 Total 3222958080
Total 3222958080
--------------------CPUAC-----------------------
user 3788
system 40214
 
Thu May 18 20:23:35 IST 2017
--------------------MEMCG-----------------------
MEM ONLY  : 3199 MB
MEM+SWAP  : 3199 MB
cache 3262377984
rss 92786688
rss_huge 0
mapped_file 46358528
writeback 0
swap 0
pgpgin 9260591
pgpgout 8441459
pgfault 8604918
pgmajfault 205
inactive_anon 45056
active_anon 92803072
inactive_file 49164288
active_file 3213139968
unevictable 0
hierarchical_memory_limit 6442450944
hierarchical_memsw_limit 32212254720
total_cache 3262377984
total_rss 92786688
total_rss_huge 0
total_mapped_file 46358528
total_writeback 0
total_swap 0
total_pgpgin 9260591
total_pgpgout 8441459
total_pgfault 8604918
total_pgmajfault 205
total_inactive_anon 45056
total_active_anon 92803072
total_inactive_file 49164288
total_active_file 3213139968
total_unevictable 0
--------------------BLKIO-----------------------
11:0 Read 0
11:0 Write 0
11:0 Sync 0
11:0 Async 0
11:0 Total 0
253:0 Read 3222728704
253:0 Write 229376
253:0 Sync 0
253:0 Async 3222958080
253:0 Total 3222958080
Total 3222958080
--------------------CPUAC-----------------------
user 4046
system 43212
 
Thu May 18 20:24:05 IST 2017
--------------------MEMCG-----------------------
MEM ONLY  : 3199 MB
MEM+SWAP  : 3199 MB
cache 3262377984
rss 92794880
rss_huge 0
mapped_file 46358528
writeback 0
swap 0
pgpgin 9779380
pgpgout 8960246
pgfault 9124392
pgmajfault 205
inactive_anon 45056
active_anon 92823552
inactive_file 49164288
active_file 3213139968
unevictable 0
hierarchical_memory_limit 6442450944
hierarchical_memsw_limit 32212254720
total_cache 3262377984
total_rss 92794880
total_rss_huge 0
total_mapped_file 46358528
total_writeback 0
total_swap 0
total_pgpgin 9779380
total_pgpgout 8960246
total_pgfault 9124392
total_pgmajfault 205
total_inactive_anon 45056
total_active_anon 92823552
total_inactive_file 49164288
total_active_file 3213139968
total_unevictable 0
--------------------BLKIO-----------------------
11:0 Read 0
11:0 Write 0
11:0 Sync 0
11:0 Async 0
11:0 Total 0
253:0 Read 3222728704
253:0 Write 229376
253:0 Sync 0
253:0 Async 3222958080
253:0 Total 3222958080
Total 3222958080
--------------------CPUAC-----------------------
user 4303
system 46223
 
Thu May 18 20:24:35 IST 2017
--------------------MEMCG-----------------------
MEM ONLY  : 3199 MB
MEM+SWAP  : 3199 MB
cache 3262377984
rss 92782592
rss_huge 0
mapped_file 46481408
writeback 0
swap 0
pgpgin 10271179
pgpgout 9452048
pgfault 9618493
pgmajfault 205
inactive_anon 45056
active_anon 92803072
inactive_file 49164288
active_file 3213139968
unevictable 0
hierarchical_memory_limit 6442450944
hierarchical_memsw_limit 32212254720
total_cache 3262377984
total_rss 92782592
total_rss_huge 0
total_mapped_file 46481408
total_writeback 0
total_swap 0
total_pgpgin 10271179
total_pgpgout 9452048
total_pgfault 9618493
total_pgmajfault 205
total_inactive_anon 45056
total_active_anon 92803072
total_inactive_file 49164288
total_active_file 3213139968
total_unevictable 0
--------------------BLKIO-----------------------
11:0 Read 0
11:0 Write 0
11:0 Sync 0
11:0 Async 0
11:0 Total 0
253:0 Read 3222728704
253:0 Write 229376
253:0 Sync 0
253:0 Async 3222958080
253:0 Total 3222958080
Total 3222958080
--------------------CPUAC-----------------------
user 4532
system 49228
 
Thu May 18 20:25:05 IST 2017
--------------------MEMCG-----------------------
MEM ONLY  : 3199 MB
MEM+SWAP  : 3199 MB
cache 3262377984
rss 92786688
rss_huge 0
mapped_file 46481408
writeback 0
swap 0
pgpgin 11435757
pgpgout 10616625
pgfault 10784443
pgmajfault 205
inactive_anon 45056
active_anon 92803072
inactive_file 49164288
active_file 3213139968
unevictable 0
hierarchical_memory_limit 6442450944
hierarchical_memsw_limit 32212254720
total_cache 3262377984
total_rss 92794880
total_rss_huge 0
total_mapped_file 46481408
total_writeback 0
total_swap 0
total_pgpgin 11435759
total_pgpgout 10616625
total_pgfault 10784445
total_pgmajfault 205
total_inactive_anon 45056
total_active_anon 92803072
total_inactive_file 49164288
total_active_file 3213139968
total_unevictable 0
--------------------BLKIO-----------------------
11:0 Read 0
11:0 Write 0
11:0 Sync 0
11:0 Async 0
11:0 Total 0
253:0 Read 3222728704
253:0 Write 229376
253:0 Sync 0
253:0 Async 3222958080
253:0 Total 3222958080
Total 3222958080
--------------------CPUAC-----------------------
user 5074
system 51766
 
Thu May 18 20:25:35 IST 2017
--------------------MEMCG-----------------------
MEM ONLY  : 3199 MB
MEM+SWAP  : 3199 MB
cache 3262377984
rss 92786688
rss_huge 0
mapped_file 46481408
writeback 0
swap 0
pgpgin 12794494
pgpgout 11975362
pgfault 12144553
pgmajfault 205
inactive_anon 45056
active_anon 92815360
inactive_file 49164288
active_file 3213139968
unevictable 0
hierarchical_memory_limit 6442450944
hierarchical_memsw_limit 32212254720
total_cache 3262377984
total_rss 92786688
total_rss_huge 0
total_mapped_file 46481408
total_writeback 0
total_swap 0
total_pgpgin 12794494
total_pgpgout 11975362
total_pgfault 12144553
total_pgmajfault 205
total_inactive_anon 45056
total_active_anon 92815360
total_inactive_file 49164288
total_active_file 3213139968
total_unevictable 0
--------------------BLKIO-----------------------
11:0 Read 0
11:0 Write 0
11:0 Sync 0
11:0 Async 0
11:0 Total 0
253:0 Read 3222728704
253:0 Write 229376
253:0 Sync 0
253:0 Async 3222958080
253:0 Total 3222958080
Total 3222958080
--------------------CPUAC-----------------------
user 5683
system 54160
 
Thu May 18 20:26:05 IST 2017
--------------------MEMCG-----------------------
MEM ONLY  : 3199 MB
MEM+SWAP  : 3199 MB
cache 3262377984
rss 92774400
rss_huge 0
mapped_file 46481408
writeback 0
swap 0
pgpgin 13529138
pgpgout 12710009
pgfault 12880571
pgmajfault 205
inactive_anon 45056
active_anon 92803072
inactive_file 49164288
active_file 3213139968
unevictable 0
hierarchical_memory_limit 6442450944
hierarchical_memsw_limit 32212254720
total_cache 3262377984
total_rss 92774400
total_rss_huge 0
total_mapped_file 46481408
total_writeback 0
total_swap 0
total_pgpgin 13529139
total_pgpgout 12710009
total_pgfault 12880572
total_pgmajfault 205
total_inactive_anon 45056
total_active_anon 92803072
total_inactive_file 49164288
total_active_file 3213139968
total_unevictable 0
--------------------BLKIO-----------------------
11:0 Read 0
11:0 Write 0
11:0 Sync 0
11:0 Async 0
11:0 Total 0
253:0 Read 3222728704
253:0 Write 229376
253:0 Sync 0
253:0 Async 3222958080
253:0 Total 3222958080
Total 3222958080
--------------------CPUAC-----------------------
user 6033
system 56994
 
Thu May 18 20:26:35 IST 2017
--------------------MEMCG-----------------------
MEM ONLY  : 3199 MB
MEM+SWAP  : 3199 MB
cache 3262377984
rss 92798976
rss_huge 0
mapped_file 46481408
writeback 0
swap 0
pgpgin 14645587
pgpgout 13826452
pgfault 13998394
pgmajfault 205
inactive_anon 45056
active_anon 92823552
inactive_file 49164288
active_file 3213139968
unevictable 0
hierarchical_memory_limit 6442450944
hierarchical_memsw_limit 32212254720
total_cache 3262377984
total_rss 92798976
total_rss_huge 0
total_mapped_file 46481408
total_writeback 0
total_swap 0
total_pgpgin 14645587
total_pgpgout 13826452
total_pgfault 13998394
total_pgmajfault 205
total_inactive_anon 45056
total_active_anon 92823552
total_inactive_file 49164288
total_active_file 3213139968
total_unevictable 0
--------------------BLKIO-----------------------
11:0 Read 0
11:0 Write 0
11:0 Sync 0
11:0 Async 0
11:0 Total 0
253:0 Read 3222728704
253:0 Write 229376
253:0 Sync 0
253:0 Async 3222958080
253:0 Total 3222958080
Total 3222958080
--------------------CPUAC-----------------------
user 6516
system 59600
 
Thu May 18 20:27:05 IST 2017
--------------------MEMCG-----------------------
MEM ONLY  : 3199 MB
MEM+SWAP  : 3199 MB
cache 3262377984
rss 92782592
rss_huge 0
mapped_file 46481408
writeback 0
swap 0
pgpgin 15134135
pgpgout 14315004
pgfault 14487629
pgmajfault 205
inactive_anon 45056
active_anon 92811264
inactive_file 49164288
active_file 3213139968
unevictable 0
hierarchical_memory_limit 6442450944
hierarchical_memsw_limit 32212254720
total_cache 3262377984
total_rss 92782592
total_rss_huge 0
total_mapped_file 46481408
total_writeback 0
total_swap 0
total_pgpgin 15134135
total_pgpgout 14315004
total_pgfault 14487629
total_pgmajfault 205
total_inactive_anon 45056
total_active_anon 92811264
total_inactive_file 49164288
total_active_file 3213139968
total_unevictable 0
--------------------BLKIO-----------------------
11:0 Read 0
11:0 Write 0
11:0 Sync 0
11:0 Async 0
11:0 Total 0
253:0 Read 3222728704
253:0 Write 229376
253:0 Sync 0
253:0 Async 3222958080
253:0 Total 3222958080
Total 3222958080
--------------------CPUAC-----------------------
user 6738
system 62586
 
Thu May 18 20:27:35 IST 2017
--------------------MEMCG-----------------------
MEM ONLY  : 3199 MB
MEM+SWAP  : 3199 MB
cache 3262377984
rss 92786688
rss_huge 0
mapped_file 46481408
writeback 0
swap 0
pgpgin 15657123
pgpgout 14837991
pgfault 15011987
pgmajfault 205
inactive_anon 45056
active_anon 92815360
inactive_file 49164288
active_file 3213139968
unevictable 0
hierarchical_memory_limit 6442450944
hierarchical_memsw_limit 32212254720
total_cache 3262377984
total_rss 92786688
total_rss_huge 0
total_mapped_file 46481408
total_writeback 0
total_swap 0
total_pgpgin 15657123
total_pgpgout 14837991
total_pgfault 15011987
total_pgmajfault 205
total_inactive_anon 45056
total_active_anon 92815360
total_inactive_file 49164288
total_active_file 3213139968
total_unevictable 0
--------------------BLKIO-----------------------
11:0 Read 0
11:0 Write 0
11:0 Sync 0
11:0 Async 0
11:0 Total 0
253:0 Read 3222728704
253:0 Write 229376
253:0 Sync 0
253:0 Async 3222958080
253:0 Total 3222958080
Total 3222958080
--------------------CPUAC-----------------------
user 6994
system 65571
 
Thu May 18 20:28:05 IST 2017
--------------------MEMCG-----------------------
MEM ONLY  : 3199 MB
MEM+SWAP  : 3199 MB
cache 3262377984
rss 92778496
rss_huge 0
mapped_file 46481408
writeback 0
swap 0
pgpgin 16205163
pgpgout 15386032
pgfault 15561400
pgmajfault 205
inactive_anon 45056
active_anon 92803072
inactive_file 49164288
active_file 3213139968
unevictable 0
hierarchical_memory_limit 6442450944
hierarchical_memsw_limit 32212254720
total_cache 3262377984
total_rss 92790784
total_rss_huge 0
total_mapped_file 46481408
total_writeback 0
total_swap 0
total_pgpgin 16205165
total_pgpgout 15386032
total_pgfault 15561403
total_pgmajfault 205
total_inactive_anon 45056
total_active_anon 92803072
total_inactive_file 49164288
total_active_file 3213139968
total_unevictable 0
--------------------BLKIO-----------------------
11:0 Read 0
11:0 Write 0
11:0 Sync 0
11:0 Async 0
11:0 Total 0
253:0 Read 3222728704
253:0 Write 229376
253:0 Sync 0
253:0 Async 3222958080
253:0 Total 3222958080
Total 3222958080
--------------------CPUAC-----------------------
user 7267
system 68556
 
Thu May 18 20:28:35 IST 2017
--------------------MEMCG-----------------------
MEM ONLY  : 3199 MB
MEM+SWAP  : 3199 MB
cache 3262377984
rss 92798976
rss_huge 0
mapped_file 46481408
writeback 0
swap 0
pgpgin 16714473
pgpgout 15895338
pgfault 16072081
pgmajfault 205
inactive_anon 45056
active_anon 92827648
inactive_file 49164288
active_file 3213139968
unevictable 0
hierarchical_memory_limit 6442450944
hierarchical_memsw_limit 32212254720
total_cache 3262377984
total_rss 92798976
total_rss_huge 0
total_mapped_file 46481408
total_writeback 0
total_swap 0
total_pgpgin 16714473
total_pgpgout 15895338
total_pgfault 16072081
total_pgmajfault 205
total_inactive_anon 45056
total_active_anon 92827648
total_inactive_file 49164288
total_active_file 3213139968
total_unevictable 0
--------------------BLKIO-----------------------
11:0 Read 0
11:0 Write 0
11:0 Sync 0
11:0 Async 0
11:0 Total 0
253:0 Read 3222728704
253:0 Write 229376
253:0 Sync 0
253:0 Async 3222958080
253:0 Total 3222958080
Total 3222958080
--------------------CPUAC-----------------------
user 7499
system 71570
 
Thu May 18 20:29:05 IST 2017
--------------------MEMCG-----------------------
MEM ONLY  : 2576 MB
MEM+SWAP  : 2576 MB
cache 2695397376
rss 6651904
rss_huge 0
mapped_file 7692288
writeback 0
swap 0
pgpgin 16808726
pgpgout 16149046
pgfault 16167107
pgmajfault 205
inactive_anon 3424256
active_anon 3297280
inactive_file 784519168
active_file 1910808576
unevictable 0
hierarchical_memory_limit 6442450944
hierarchical_memsw_limit 32212254720
total_cache 2695397376
total_rss 6651904
total_rss_huge 0
total_mapped_file 7692288
total_writeback 0
total_swap 0
total_pgpgin 16808726
total_pgpgout 16149046
total_pgfault 16167107
total_pgmajfault 205
total_inactive_anon 3424256
total_active_anon 3297280
total_inactive_file 784519168
total_active_file 1910808576
total_unevictable 0
--------------------BLKIO-----------------------
11:0 Read 0
11:0 Write 0
11:0 Sync 0
11:0 Async 0
11:0 Total 0
253:0 Read 3222728704
253:0 Write 229376
253:0 Sync 0
253:0 Async 3222958080
253:0 Total 3222958080
Total 3222958080
--------------------CPUAC-----------------------
user 7537
system 72107
 
Thu May 18 20:29:35 IST 2017
--------------------MEMCG-----------------------
MEM ONLY  : 2130 MB
MEM+SWAP  : 2130 MB
cache 2227507200
rss 6651904
rss_huge 0
mapped_file 7692288
writeback 0
swap 0
pgpgin 16808726
pgpgout 16263277
pgfault 16167107
pgmajfault 205
inactive_anon 3424256
active_anon 3297280
inactive_file 724258816
active_file 1503178752
unevictable 0
hierarchical_memory_limit 6442450944
hierarchical_memsw_limit 32212254720
total_cache 2227507200
total_rss 6651904
total_rss_huge 0
total_mapped_file 7692288
total_writeback 0
total_swap 0
total_pgpgin 16808726
total_pgpgout 16263277
total_pgfault 16167107
total_pgmajfault 205
total_inactive_anon 3424256
total_active_anon 3297280
total_inactive_file 724258816
total_active_file 1503178752
total_unevictable 0
--------------------BLKIO-----------------------
11:0 Read 0
11:0 Write 0
11:0 Sync 0
11:0 Async 0
11:0 Total 0
253:0 Read 3222728704
253:0 Write 229376
253:0 Sync 0
253:0 Async 3222958080
253:0 Total 3222958080
Total 3222958080
--------------------CPUAC-----------------------
user 7537
system 72107
 
Thu May 18 20:30:05 IST 2017
--------------------MEMCG-----------------------
MEM ONLY  : 2083 MB
MEM+SWAP  : 2083 MB
cache 2178498560
rss 6651904
rss_huge 0
mapped_file 7692288
writeback 0
swap 0
pgpgin 16808726
pgpgout 16275242
pgfault 16167107
pgmajfault 205
inactive_anon 3424256
active_anon 3297280
inactive_file 718733312
active_file 1459695616
unevictable 0
hierarchical_memory_limit 6442450944
hierarchical_memsw_limit 32212254720
total_cache 2178498560
total_rss 6651904
total_rss_huge 0
total_mapped_file 7692288
total_writeback 0
total_swap 0
total_pgpgin 16808726
total_pgpgout 16275242
total_pgfault 16167107
total_pgmajfault 205
total_inactive_anon 3424256
total_active_anon 3297280
total_inactive_file 718733312
total_active_file 1459695616
total_unevictable 0
--------------------BLKIO-----------------------
11:0 Read 0
11:0 Write 0
11:0 Sync 0
11:0 Async 0
11:0 Total 0
253:0 Read 3222728704
253:0 Write 229376
253:0 Sync 0
253:0 Async 3222958080
253:0 Total 3222958080
Total 3222958080
--------------------CPUAC-----------------------
user 7537
system 72107
 
Thu May 18 20:30:35 IST 2017
--------------------MEMCG-----------------------
MEM ONLY  : 2039 MB
MEM+SWAP  : 2039 MB
cache 2131927040
rss 6651904
rss_huge 0
mapped_file 7692288
writeback 0
swap 0
pgpgin 16808726
pgpgout 16286612
pgfault 16167107
pgmajfault 205
inactive_anon 3424256
active_anon 3297280
inactive_file 713670656
active_file 1418186752
unevictable 0
hierarchical_memory_limit 6442450944
hierarchical_memsw_limit 32212254720
total_cache 2131927040
total_rss 6651904
total_rss_huge 0
total_mapped_file 7692288
total_writeback 0
total_swap 0
total_pgpgin 16808726
total_pgpgout 16286612
total_pgfault 16167107
total_pgmajfault 205
total_inactive_anon 3424256
total_active_anon 3297280
total_inactive_file 713670656
total_active_file 1418186752
total_unevictable 0
--------------------BLKIO-----------------------
11:0 Read 0
11:0 Write 0
11:0 Sync 0
11:0 Async 0
11:0 Total 0
253:0 Read 3222728704
253:0 Write 229376
253:0 Sync 0
253:0 Async 3222958080
253:0 Total 3222958080
Total 3222958080
--------------------CPUAC-----------------------
user 7537
system 72107
 
Thu May 18 20:31:05 IST 2017
--------------------MEMCG-----------------------
MEM ONLY  : 1994 MB
MEM+SWAP  : 1994 MB
cache 2084716544
rss 6651904
rss_huge 0
mapped_file 7692288
writeback 0
swap 0
pgpgin 16808726
pgpgout 16298138
pgfault 16167107
pgmajfault 205
inactive_anon 3424256
active_anon 3297280
inactive_file 708624384
active_file 1376022528
unevictable 0
hierarchical_memory_limit 6442450944
hierarchical_memsw_limit 32212254720
total_cache 2084716544
total_rss 6651904
total_rss_huge 0
total_mapped_file 7692288
total_writeback 0
total_swap 0
total_pgpgin 16808726
total_pgpgout 16298138
total_pgfault 16167107
total_pgmajfault 205
total_inactive_anon 3424256
total_active_anon 3297280
total_inactive_file 708624384
total_active_file 1376022528
total_unevictable 0
--------------------BLKIO-----------------------
11:0 Read 0
11:0 Write 0
11:0 Sync 0
11:0 Async 0
11:0 Total 0
253:0 Read 3222728704
253:0 Write 229376
253:0 Sync 0
253:0 Async 3222958080
253:0 Total 3222958080
Total 3222958080
--------------------CPUAC-----------------------
user 7537
system 72107
 
Thu May 18 20:31:35 IST 2017
--------------------MEMCG-----------------------
MEM ONLY  : 1950 MB
MEM+SWAP  : 1950 MB
cache 2038247424
rss 6651904
rss_huge 0
mapped_file 7692288
writeback 0
swap 0
pgpgin 16808726
pgpgout 16309483
pgfault 16167107
pgmajfault 205
inactive_anon 3424256
active_anon 3297280
inactive_file 703795200
active_file 1334382592
unevictable 0
hierarchical_memory_limit 6442450944
hierarchical_memsw_limit 32212254720
total_cache 2038247424
total_rss 6651904
total_rss_huge 0
total_mapped_file 7692288
total_writeback 0
total_swap 0
total_pgpgin 16808726
total_pgpgout 16309483
total_pgfault 16167107
total_pgmajfault 205
total_inactive_anon 3424256
total_active_anon 3297280
total_inactive_file 703795200
total_active_file 1334382592
total_unevictable 0
--------------------BLKIO-----------------------
11:0 Read 0
11:0 Write 0
11:0 Sync 0
11:0 Async 0
11:0 Total 0
253:0 Read 3222728704
253:0 Write 229376
253:0 Sync 0
253:0 Async 3222958080
253:0 Total 3222958080
Total 3222958080
--------------------CPUAC-----------------------
user 7537
system 72107
 
Thu May 18 20:32:05 IST 2017
--------------------MEMCG-----------------------
MEM ONLY  : 1906 MB
MEM+SWAP  : 1906 MB
cache 1992843264
rss 6651904
rss_huge 0
mapped_file 7692288
writeback 0
swap 0
pgpgin 16808726
pgpgout 16320568
pgfault 16167107
pgmajfault 205
inactive_anon 3424256
active_anon 3297280
inactive_file 699228160
active_file 1293545472
unevictable 0
hierarchical_memory_limit 6442450944
hierarchical_memsw_limit 32212254720
total_cache 1992843264
total_rss 6651904
total_rss_huge 0
total_mapped_file 7692288
total_writeback 0
total_swap 0
total_pgpgin 16808726
total_pgpgout 16320568
total_pgfault 16167107
total_pgmajfault 205
total_inactive_anon 3424256
total_active_anon 3297280
total_inactive_file 699228160
total_active_file 1293545472
total_unevictable 0
--------------------BLKIO-----------------------
11:0 Read 0
11:0 Write 0
11:0 Sync 0
11:0 Async 0
11:0 Total 0
253:0 Read 3222728704
253:0 Write 229376
253:0 Sync 0
253:0 Async 3222958080
253:0 Total 3222958080
Total 3222958080
--------------------CPUAC-----------------------
user 7537
system 72107
 
Thu May 18 20:32:35 IST 2017
--------------------MEMCG-----------------------
MEM ONLY  : 1863 MB
MEM+SWAP  : 1863 MB
cache 1947844608
rss 6651904
rss_huge 0
mapped_file 7692288
writeback 0
swap 0
pgpgin 16808726
pgpgout 16331554
pgfault 16167107
pgmajfault 205
inactive_anon 3424256
active_anon 3297280
inactive_file 694943744
active_file 1252831232
unevictable 0
hierarchical_memory_limit 6442450944
hierarchical_memsw_limit 32212254720
total_cache 1947844608
total_rss 6651904
total_rss_huge 0
total_mapped_file 7692288
total_writeback 0
total_swap 0
total_pgpgin 16808726
total_pgpgout 16331554
total_pgfault 16167107
total_pgmajfault 205
total_inactive_anon 3424256
total_active_anon 3297280
total_inactive_file 694943744
total_active_file 1252831232
total_unevictable 0
--------------------BLKIO-----------------------
11:0 Read 0
11:0 Write 0
11:0 Sync 0
11:0 Async 0
11:0 Total 0
253:0 Read 3222728704
253:0 Write 229376
253:0 Sync 0
253:0 Async 3222958080
253:0 Total 3222958080
Total 3222958080
--------------------CPUAC-----------------------
user 7537
system 72107
 
Thu May 18 20:33:06 IST 2017
--------------------MEMCG-----------------------
MEM ONLY  : 1821 MB
MEM+SWAP  : 1821 MB
cache 1902841856
rss 6651904
rss_huge 0
mapped_file 7692288
writeback 0
swap 0
pgpgin 16808726
pgpgout 16342541
pgfault 16167107
pgmajfault 205
inactive_anon 3424256
active_anon 3297280
inactive_file 690544640
active_file 1212227584
unevictable 0
hierarchical_memory_limit 6442450944
hierarchical_memsw_limit 32212254720
total_cache 1902841856
total_rss 6651904
total_rss_huge 0
total_mapped_file 7692288
total_writeback 0
total_swap 0
total_pgpgin 16808726
total_pgpgout 16342541
total_pgfault 16167107
total_pgmajfault 205
total_inactive_anon 3424256
total_active_anon 3297280
total_inactive_file 690544640
total_active_file 1212227584
total_unevictable 0
--------------------BLKIO-----------------------
11:0 Read 0
11:0 Write 0
11:0 Sync 0
11:0 Async 0
11:0 Total 0
253:0 Read 3222728704
253:0 Write 229376
253:0 Sync 0
253:0 Async 3222958080
253:0 Total 3222958080
Total 3222958080
--------------------CPUAC-----------------------
user 7537
system 72107
 
Thu May 18 20:33:36 IST 2017
--------------------MEMCG-----------------------
MEM ONLY  : 1777 MB
MEM+SWAP  : 1777 MB
cache 1857511424
rss 6651904
rss_huge 0
mapped_file 7692288
writeback 0
swap 0
pgpgin 16808726
pgpgout 16353608
pgfault 16167107
pgmajfault 205
inactive_anon 3424256
active_anon 3297280
inactive_file 686579712
active_file 1170862080
unevictable 0
hierarchical_memory_limit 6442450944
hierarchical_memsw_limit 32212254720
total_cache 1857511424
total_rss 6651904
total_rss_huge 0
total_mapped_file 7692288
total_writeback 0
total_swap 0
total_pgpgin 16808726
total_pgpgout 16353608
total_pgfault 16167107
total_pgmajfault 205
total_inactive_anon 3424256
total_active_anon 3297280
total_inactive_file 686579712
total_active_file 1170862080
total_unevictable 0
--------------------BLKIO-----------------------
11:0 Read 0
11:0 Write 0
11:0 Sync 0
11:0 Async 0
11:0 Total 0
253:0 Read 3222728704
253:0 Write 229376
253:0 Sync 0
253:0 Async 3222958080
253:0 Total 3222958080
Total 3222958080
--------------------CPUAC-----------------------
user 7537
system 72107
 
Thu May 18 20:34:06 IST 2017
--------------------MEMCG-----------------------
MEM ONLY  : 1737 MB
MEM+SWAP  : 1737 MB
cache 1814933504
rss 6651904
rss_huge 0
mapped_file 7692288
writeback 0
swap 0
pgpgin 16808726
pgpgout 16364003
pgfault 16167107
pgmajfault 205
inactive_anon 3424256
active_anon 3297280
inactive_file 683077632
active_file 1131786240
unevictable 0
hierarchical_memory_limit 6442450944
hierarchical_memsw_limit 32212254720
total_cache 1814933504
total_rss 6651904
total_rss_huge 0
total_mapped_file 7692288
total_writeback 0
total_swap 0
total_pgpgin 16808726
total_pgpgout 16364003
total_pgfault 16167107
total_pgmajfault 205
total_inactive_anon 3424256
total_active_anon 3297280
total_inactive_file 683077632
total_active_file 1131786240
total_unevictable 0
--------------------BLKIO-----------------------
11:0 Read 0
11:0 Write 0
11:0 Sync 0
11:0 Async 0
11:0 Total 0
253:0 Read 3222728704
253:0 Write 229376
253:0 Sync 0
253:0 Async 3222958080
253:0 Total 3222958080
Total 3222958080
--------------------CPUAC-----------------------
user 7537
system 72107
 
Thu May 18 20:34:36 IST 2017
--------------------MEMCG-----------------------
MEM ONLY  : 1693 MB
MEM+SWAP  : 1693 MB
cache 1769517056
rss 6651904
rss_huge 0
mapped_file 7692288
writeback 0
swap 0
pgpgin 16808726
pgpgout 16375091
pgfault 16167107
pgmajfault 205
inactive_anon 3424256
active_anon 3297280
inactive_file 679243776
active_file 1090203648
unevictable 0
hierarchical_memory_limit 6442450944
hierarchical_memsw_limit 32212254720
total_cache 1769517056
total_rss 6651904
total_rss_huge 0
total_mapped_file 7692288
total_writeback 0
total_swap 0
total_pgpgin 16808726
total_pgpgout 16375091
total_pgfault 16167107
total_pgmajfault 205
total_inactive_anon 3424256
total_active_anon 3297280
total_inactive_file 679243776
total_active_file 1090203648
total_unevictable 0
--------------------BLKIO-----------------------
11:0 Read 0
11:0 Write 0
11:0 Sync 0
11:0 Async 0
11:0 Total 0
253:0 Read 3222728704
253:0 Write 229376
253:0 Sync 0
253:0 Async 3222958080
253:0 Total 3222958080
Total 3222958080
--------------------CPUAC-----------------------
user 7537
system 72107
 
Thu May 18 20:35:06 IST 2017
--------------------MEMCG-----------------------
MEM ONLY  : 1651 MB
MEM+SWAP  : 1651 MB
cache 1725497344
rss 6651904
rss_huge 0
mapped_file 7692288
writeback 0
swap 0
pgpgin 16808726
pgpgout 16385838
pgfault 16167107
pgmajfault 205
inactive_anon 3424256
active_anon 3297280
inactive_file 675577856
active_file 1049849856
unevictable 0
hierarchical_memory_limit 6442450944
hierarchical_memsw_limit 32212254720
total_cache 1725497344
total_rss 6651904
total_rss_huge 0
total_mapped_file 7692288
total_writeback 0
total_swap 0
total_pgpgin 16808726
total_pgpgout 16385838
total_pgfault 16167107
total_pgmajfault 205
total_inactive_anon 3424256
total_active_anon 3297280
total_inactive_file 675577856
total_active_file 1049849856
total_unevictable 0
--------------------BLKIO-----------------------
11:0 Read 0
11:0 Write 0
11:0 Sync 0
11:0 Async 0
11:0 Total 0
253:0 Read 3222728704
253:0 Write 229376
253:0 Sync 0
253:0 Async 3222958080
253:0 Total 3222958080
Total 3222958080
--------------------CPUAC-----------------------
user 7537
system 72107
 
Thu May 18 20:35:36 IST 2017
--------------------MEMCG-----------------------
MEM ONLY  : 1609 MB
MEM+SWAP  : 1609 MB
cache 1680883712
rss 6651904
rss_huge 0
mapped_file 7692288
writeback 0
swap 0
pgpgin 16808726
pgpgout 16396730
pgfault 16167107
pgmajfault 205
inactive_anon 3424256
active_anon 3297280
inactive_file 671973376
active_file 1008840704
unevictable 0
hierarchical_memory_limit 6442450944
hierarchical_memsw_limit 32212254720
total_cache 1680883712
total_rss 6651904
total_rss_huge 0
total_mapped_file 7692288
total_writeback 0
total_swap 0
total_pgpgin 16808726
total_pgpgout 16396730
total_pgfault 16167107
total_pgmajfault 205
total_inactive_anon 3424256
total_active_anon 3297280
total_inactive_file 671973376
total_active_file 1008840704
total_unevictable 0
--------------------BLKIO-----------------------
11:0 Read 0
11:0 Write 0
11:0 Sync 0
11:0 Async 0
11:0 Total 0
253:0 Read 3222728704
253:0 Write 229376
253:0 Sync 0
253:0 Async 3222958080
253:0 Total 3222958080
Total 3222958080
--------------------CPUAC-----------------------
user 7537
system 72107
 
Thu May 18 20:36:06 IST 2017
--------------------MEMCG-----------------------
MEM ONLY  : 1568 MB
MEM+SWAP  : 1568 MB
cache 1638338560
rss 6651904
rss_huge 0
mapped_file 7692288
writeback 0
swap 0
pgpgin 16808726
pgpgout 16407117
pgfault 16167107
pgmajfault 205
inactive_anon 3424256
active_anon 3297280
inactive_file 668712960
active_file 969555968
unevictable 0
hierarchical_memory_limit 6442450944
hierarchical_memsw_limit 32212254720
total_cache 1638338560
total_rss 6651904
total_rss_huge 0
total_mapped_file 7692288
total_writeback 0
total_swap 0
total_pgpgin 16808726
total_pgpgout 16407117
total_pgfault 16167107
total_pgmajfault 205
total_inactive_anon 3424256
total_active_anon 3297280
total_inactive_file 668712960
total_active_file 969555968
total_unevictable 0
--------------------BLKIO-----------------------
11:0 Read 0
11:0 Write 0
11:0 Sync 0
11:0 Async 0
11:0 Total 0
253:0 Read 3222728704
253:0 Write 229376
253:0 Sync 0
253:0 Async 3222958080
253:0 Total 3222958080
Total 3222958080
--------------------CPUAC-----------------------
user 7537
system 72107
 
Thu May 18 20:36:36 IST 2017
--------------------MEMCG-----------------------
MEM ONLY  : 1527 MB
MEM+SWAP  : 1527 MB
cache 1594961920
rss 6651904
rss_huge 0
mapped_file 7692288
writeback 0
swap 0
pgpgin 16808726
pgpgout 16417707
pgfault 16167107
pgmajfault 205
inactive_anon 3424256
active_anon 3297280
inactive_file 665505792
active_file 929386496
unevictable 0
hierarchical_memory_limit 6442450944
hierarchical_memsw_limit 32212254720
total_cache 1594961920
total_rss 6651904
total_rss_huge 0
total_mapped_file 7692288
total_writeback 0
total_swap 0
total_pgpgin 16808726
total_pgpgout 16417707
total_pgfault 16167107
total_pgmajfault 205
total_inactive_anon 3424256
total_active_anon 3297280
total_inactive_file 665505792
total_active_file 929386496
total_unevictable 0
--------------------BLKIO-----------------------
11:0 Read 0
11:0 Write 0
11:0 Sync 0
11:0 Async 0
11:0 Total 0
253:0 Read 3222728704
253:0 Write 229376
253:0 Sync 0
253:0 Async 3222958080
253:0 Total 3222958080
Total 3222958080
--------------------CPUAC-----------------------
user 7537
system 72107
 
Thu May 18 20:37:06 IST 2017
--------------------MEMCG-----------------------
MEM ONLY  : 1485 MB
MEM+SWAP  : 1485 MB
cache 1550716928
rss 6651904
rss_huge 0
mapped_file 7692288
writeback 0
swap 0
pgpgin 16808726
pgpgout 16428509
pgfault 16167107
pgmajfault 205
inactive_anon 3424256
active_anon 3297280
inactive_file 662265856
active_file 888381440
unevictable 0
hierarchical_memory_limit 6442450944
hierarchical_memsw_limit 32212254720
total_cache 1550716928
total_rss 6651904
total_rss_huge 0
total_mapped_file 7692288
total_writeback 0
total_swap 0
total_pgpgin 16808726
total_pgpgout 16428509
total_pgfault 16167107
total_pgmajfault 205
total_inactive_anon 3424256
total_active_anon 3297280
total_inactive_file 662265856
total_active_file 888381440
total_unevictable 0
--------------------BLKIO-----------------------
11:0 Read 0
11:0 Write 0
11:0 Sync 0
11:0 Async 0
11:0 Total 0
253:0 Read 3222728704
253:0 Write 229376
253:0 Sync 0
253:0 Async 3222958080
253:0 Total 3222958080
Total 3222958080
--------------------CPUAC-----------------------
user 7537
system 72107
 
Thu May 18 20:37:36 IST 2017
--------------------MEMCG-----------------------
MEM ONLY  : 1451 MB
MEM+SWAP  : 1451 MB
cache 1514881024
rss 6651904
rss_huge 0
mapped_file 7692288
writeback 0
swap 0
pgpgin 16808726
pgpgout 16437258
pgfault 16167107
pgmajfault 205
inactive_anon 3424256
active_anon 3297280
inactive_file 659660800
active_file 855150592
unevictable 0
hierarchical_memory_limit 6442450944
hierarchical_memsw_limit 32212254720
total_cache 1514881024
total_rss 6651904
total_rss_huge 0
total_mapped_file 7692288
total_writeback 0
total_swap 0
total_pgpgin 16808726
total_pgpgout 16437258
total_pgfault 16167107
total_pgmajfault 205
total_inactive_anon 3424256
total_active_anon 3297280
total_inactive_file 659660800
total_active_file 855150592
total_unevictable 0
--------------------BLKIO-----------------------
11:0 Read 0
11:0 Write 0
11:0 Sync 0
11:0 Async 0
11:0 Total 0
253:0 Read 3222728704
253:0 Write 229376
253:0 Sync 0
253:0 Async 3222958080
253:0 Total 3222958080
Total 3222958080
--------------------CPUAC-----------------------
user 7537
system 72107
 
Thu May 18 20:38:06 IST 2017
--------------------MEMCG-----------------------
MEM ONLY  : 1421 MB
MEM+SWAP  : 1421 MB
cache 1483919360
rss 6651904
rss_huge 0
mapped_file 7692288
writeback 0
swap 0
pgpgin 16808726
pgpgout 16444817
pgfault 16167107
pgmajfault 205
inactive_anon 3424256
active_anon 3297280
inactive_file 657432576
active_file 826417152
unevictable 0
hierarchical_memory_limit 6442450944
hierarchical_memsw_limit 32212254720
total_cache 1483919360
total_rss 6651904
total_rss_huge 0
total_mapped_file 7692288
total_writeback 0
total_swap 0
total_pgpgin 16808726
total_pgpgout 16444817
total_pgfault 16167107
total_pgmajfault 205
total_inactive_anon 3424256
total_active_anon 3297280
total_inactive_file 657432576
total_active_file 826417152
total_unevictable 0
--------------------BLKIO-----------------------
11:0 Read 0
11:0 Write 0
11:0 Sync 0
11:0 Async 0
11:0 Total 0
253:0 Read 3222728704
253:0 Write 229376
253:0 Sync 0
253:0 Async 3222958080
253:0 Total 3222958080
Total 3222958080
--------------------CPUAC-----------------------
user 7537
system 72107
 
Thu May 18 20:38:36 IST 2017
--------------------MEMCG-----------------------
MEM ONLY  : 1380 MB
MEM+SWAP  : 1380 MB
cache 1440706560
rss 6651904
rss_huge 0
mapped_file 7692288
writeback 0
swap 0
pgpgin 16808726
pgpgout 16455367
pgfault 16167107
pgmajfault 205
inactive_anon 3424256
active_anon 3297280
inactive_file 654372864
active_file 786264064
unevictable 0
hierarchical_memory_limit 6442450944
hierarchical_memsw_limit 32212254720
total_cache 1440706560
total_rss 6651904
total_rss_huge 0
total_mapped_file 7692288
total_writeback 0
total_swap 0
total_pgpgin 16808726
total_pgpgout 16455367
total_pgfault 16167107
total_pgmajfault 205
total_inactive_anon 3424256
total_active_anon 3297280
total_inactive_file 654372864
total_active_file 786264064
total_unevictable 0
--------------------BLKIO-----------------------
11:0 Read 0
11:0 Write 0
11:0 Sync 0
11:0 Async 0
11:0 Total 0
253:0 Read 3222728704
253:0 Write 229376
253:0 Sync 0
253:0 Async 3222958080
253:0 Total 3222958080
Total 3222958080
--------------------CPUAC-----------------------
user 7537
system 72107
 
