Tue May 16 02:39:45 IST 2017
--------------------MEMCG-----------------------
MEM ONLY  : 132 MB
MEM+SWAP  : 132 MB
cache 79376384
rss 59351040
rss_huge 0
mapped_file 36749312
writeback 0
swap 0
pgpgin 130758
pgpgout 96889
pgfault 189891
pgmajfault 488
inactive_anon 45056
active_anon 59330560
inactive_file 64274432
active_file 15015936
unevictable 4096
hierarchical_memory_limit 1879048192
hierarchical_memsw_limit 5368709120
total_cache 79376384
total_rss 59351040
total_rss_huge 0
total_mapped_file 36749312
total_writeback 0
total_swap 0
total_pgpgin 130758
total_pgpgout 96889
total_pgfault 189891
total_pgmajfault 488
total_inactive_anon 45056
total_active_anon 59330560
total_inactive_file 64274432
total_active_file 15015936
total_unevictable 4096
--------------------BLKIO-----------------------
11:0 Read 0
11:0 Write 0
11:0 Sync 0
11:0 Async 0
11:0 Total 0
253:0 Read 79155200
253:0 Write 319488
253:0 Sync 61440
253:0 Async 79413248
253:0 Total 79474688
Total 79474688
--------------------CPUAC-----------------------
user 62
system 109
 
Tue May 16 02:40:15 IST 2017
--------------------MEMCG-----------------------
MEM ONLY  : 292 MB
MEM+SWAP  : 292 MB
cache 161640448
rss 145289216
rss_huge 0
mapped_file 36610048
writeback 0
swap 0
pgpgin 171989
pgpgout 97055
pgfault 211069
pgmajfault 488
inactive_anon 45056
active_anon 145313792
inactive_file 146522112
active_file 15044608
unevictable 4096
hierarchical_memory_limit 1879048192
hierarchical_memsw_limit 5368709120
total_cache 161640448
total_rss 145289216
total_rss_huge 0
total_mapped_file 36610048
total_writeback 0
total_swap 0
total_pgpgin 171989
total_pgpgout 97055
total_pgfault 211069
total_pgmajfault 488
total_inactive_anon 45056
total_active_anon 145313792
total_inactive_file 146522112
total_active_file 15044608
total_unevictable 4096
--------------------BLKIO-----------------------
11:0 Read 0
11:0 Write 0
11:0 Sync 0
11:0 Async 0
11:0 Total 0
253:0 Read 161411072
253:0 Write 454656
253:0 Sync 159744
253:0 Async 161705984
253:0 Total 161865728
Total 161865728
--------------------CPUAC-----------------------
user 90
system 133
 
Tue May 16 02:40:45 IST 2017
--------------------MEMCG-----------------------
MEM ONLY  : 455 MB
MEM+SWAP  : 455 MB
cache 245956608
rss 232054784
rss_huge 0
mapped_file 36610048
writeback 0
swap 0
pgpgin 213856
pgpgout 97154
pgfault 232372
pgmajfault 488
inactive_anon 45056
active_anon 232075264
inactive_file 230838272
active_file 15044608
unevictable 4096
hierarchical_memory_limit 1879048192
hierarchical_memsw_limit 5368709120
total_cache 245956608
total_rss 232054784
total_rss_huge 0
total_mapped_file 36610048
total_writeback 0
total_swap 0
total_pgpgin 213856
total_pgpgout 97154
total_pgfault 232372
total_pgmajfault 488
total_inactive_anon 45056
total_active_anon 232075264
total_inactive_file 230838272
total_active_file 15044608
total_unevictable 4096
--------------------BLKIO-----------------------
11:0 Read 0
11:0 Write 0
11:0 Sync 0
11:0 Async 0
11:0 Total 0
253:0 Read 245723136
253:0 Write 495616
253:0 Sync 159744
253:0 Async 246059008
253:0 Total 246218752
Total 246218752
--------------------CPUAC-----------------------
user 132
system 160
 
Tue May 16 02:41:16 IST 2017
--------------------MEMCG-----------------------
MEM ONLY  : 560 MB
MEM+SWAP  : 560 MB
cache 330465280
rss 257343488
rss_huge 0
mapped_file 36610048
writeback 0
swap 0
pgpgin 240768
pgpgout 97260
pgfault 238645
pgmajfault 488
inactive_anon 45056
active_anon 257368064
inactive_file 308563968
active_file 21798912
unevictable 4096
hierarchical_memory_limit 1879048192
hierarchical_memsw_limit 5368709120
total_cache 330465280
total_rss 257343488
total_rss_huge 0
total_mapped_file 36610048
total_writeback 0
total_swap 0
total_pgpgin 240768
total_pgpgout 97260
total_pgfault 238645
total_pgmajfault 488
total_inactive_anon 45056
total_active_anon 257368064
total_inactive_file 308563968
total_active_file 21798912
total_unevictable 4096
--------------------BLKIO-----------------------
11:0 Read 0
11:0 Write 0
11:0 Sync 0
11:0 Async 0
11:0 Total 0
253:0 Read 330231808
253:0 Write 581632
253:0 Sync 196608
253:0 Async 330616832
253:0 Total 330813440
Total 330813440
--------------------CPUAC-----------------------
user 164
system 188
 
Tue May 16 02:41:46 IST 2017
--------------------MEMCG-----------------------
MEM ONLY  : 643 MB
MEM+SWAP  : 643 MB
cache 416489472
rss 258060288
rss_huge 0
mapped_file 36610048
writeback 0
swap 0
pgpgin 262105
pgpgout 97420
pgfault 238967
pgmajfault 488
inactive_anon 45056
active_anon 258084864
inactive_file 387862528
active_file 28553216
unevictable 4096
hierarchical_memory_limit 1879048192
hierarchical_memsw_limit 5368709120
total_cache 416489472
total_rss 258060288
total_rss_huge 0
total_mapped_file 36610048
total_writeback 0
total_swap 0
total_pgpgin 262105
total_pgpgout 97420
total_pgfault 238967
total_pgmajfault 488
total_inactive_anon 45056
total_active_anon 258084864
total_inactive_file 387862528
total_active_file 28553216
total_unevictable 4096
--------------------BLKIO-----------------------
11:0 Read 0
11:0 Write 0
11:0 Sync 0
11:0 Async 0
11:0 Total 0
253:0 Read 416251904
253:0 Write 638976
253:0 Sync 196608
253:0 Async 416694272
253:0 Total 416890880
Total 416890880
--------------------CPUAC-----------------------
user 204
system 216
 
Tue May 16 02:42:16 IST 2017
--------------------MEMCG-----------------------
MEM ONLY  : 726 MB
MEM+SWAP  : 726 MB
cache 503599104
rss 258220032
rss_huge 0
mapped_file 36610048
writeback 0
swap 0
pgpgin 283601
pgpgout 97610
pgfault 239181
pgmajfault 488
inactive_anon 45056
active_anon 258244608
inactive_file 465874944
active_file 37650432
unevictable 4096
hierarchical_memory_limit 1879048192
hierarchical_memsw_limit 5368709120
total_cache 503599104
total_rss 258220032
total_rss_huge 0
total_mapped_file 36610048
total_writeback 0
total_swap 0
total_pgpgin 283601
total_pgpgout 97610
total_pgfault 239181
total_pgmajfault 488
total_inactive_anon 45056
total_active_anon 258244608
total_inactive_file 465874944
total_active_file 37650432
total_unevictable 4096
--------------------BLKIO-----------------------
11:0 Read 0
11:0 Write 0
11:0 Sync 0
11:0 Async 0
11:0 Total 0
253:0 Read 503349248
253:0 Write 704512
253:0 Sync 196608
253:0 Async 503857152
253:0 Total 504053760
Total 504053760
--------------------CPUAC-----------------------
user 244
system 252
 
Tue May 16 02:42:46 IST 2017
--------------------MEMCG-----------------------
MEM ONLY  : 810 MB
MEM+SWAP  : 810 MB
cache 591429632
rss 258613248
rss_huge 0
mapped_file 36610048
writeback 0
swap 0
pgpgin 305312
pgpgout 97782
pgfault 239431
pgmajfault 488
inactive_anon 45056
active_anon 258637824
inactive_file 543502336
active_file 47841280
unevictable 4096
hierarchical_memory_limit 1879048192
hierarchical_memsw_limit 5368709120
total_cache 591429632
total_rss 258613248
total_rss_huge 0
total_mapped_file 36610048
total_writeback 0
total_swap 0
total_pgpgin 305312
total_pgpgout 97782
total_pgfault 239431
total_pgmajfault 488
total_inactive_anon 45056
total_active_anon 258637824
total_inactive_file 543502336
total_active_file 47841280
total_unevictable 4096
--------------------BLKIO-----------------------
11:0 Read 0
11:0 Write 0
11:0 Sync 0
11:0 Async 0
11:0 Total 0
253:0 Read 591179776
253:0 Write 778240
253:0 Sync 196608
253:0 Async 591761408
253:0 Total 591958016
Total 591958016
--------------------CPUAC-----------------------
user 289
system 284
 
Tue May 16 02:43:16 IST 2017
--------------------MEMCG-----------------------
MEM ONLY  : 896 MB
MEM+SWAP  : 896 MB
cache 681082880
rss 258805760
rss_huge 0
mapped_file 36610048
writeback 0
swap 0
pgpgin 327356
pgpgout 97891
pgfault 239569
pgmajfault 488
inactive_anon 45056
active_anon 258830336
inactive_file 618389504
active_file 62619648
unevictable 4096
hierarchical_memory_limit 1879048192
hierarchical_memsw_limit 5368709120
total_cache 681082880
total_rss 258805760
total_rss_huge 0
total_mapped_file 36610048
total_writeback 0
total_swap 0
total_pgpgin 327356
total_pgpgout 97891
total_pgfault 239569
total_pgmajfault 488
total_inactive_anon 45056
total_active_anon 258830336
total_inactive_file 618389504
total_active_file 62619648
total_unevictable 4096
--------------------BLKIO-----------------------
11:0 Read 0
11:0 Write 0
11:0 Sync 0
11:0 Async 0
11:0 Total 0
253:0 Read 680828928
253:0 Write 860160
253:0 Sync 196608
253:0 Async 681492480
253:0 Total 681689088
Total 681689088
--------------------CPUAC-----------------------
user 337
system 316
 
Tue May 16 02:43:46 IST 2017
--------------------MEMCG-----------------------
MEM ONLY  : 986 MB
MEM+SWAP  : 986 MB
cache 775491584
rss 258789376
rss_huge 0
mapped_file 36610048
writeback 0
swap 0
pgpgin 350523
pgpgout 98013
pgfault 239666
pgmajfault 488
inactive_anon 45056
active_anon 258813952
inactive_file 693436416
active_file 81981440
unevictable 4096
hierarchical_memory_limit 1879048192
hierarchical_memsw_limit 5368709120
total_cache 775491584
total_rss 258789376
total_rss_huge 0
total_mapped_file 36610048
total_writeback 0
total_swap 0
total_pgpgin 350523
total_pgpgout 98013
total_pgfault 239666
total_pgmajfault 488
total_inactive_anon 45056
total_active_anon 258813952
total_inactive_file 693436416
total_active_file 81981440
total_unevictable 4096
--------------------BLKIO-----------------------
11:0 Read 0
11:0 Write 0
11:0 Sync 0
11:0 Async 0
11:0 Total 0
253:0 Read 775237632
253:0 Write 946176
253:0 Sync 196608
253:0 Async 775987200
253:0 Total 776183808
Total 776183808
--------------------CPUAC-----------------------
user 387
system 347
 
Tue May 16 02:44:16 IST 2017
--------------------MEMCG-----------------------
MEM ONLY  : 1079 MB
MEM+SWAP  : 1079 MB
cache 873037824
rss 258928640
rss_huge 0
mapped_file 36610048
writeback 0
swap 0
pgpgin 374477
pgpgout 98118
pgfault 239790
pgmajfault 488
inactive_anon 45056
active_anon 258953216
inactive_file 769482752
active_file 103481344
unevictable 4096
hierarchical_memory_limit 1879048192
hierarchical_memsw_limit 5368709120
total_cache 873037824
total_rss 258928640
total_rss_huge 0
total_mapped_file 36610048
total_writeback 0
total_swap 0
total_pgpgin 374477
total_pgpgout 98118
total_pgfault 239790
total_pgmajfault 488
total_inactive_anon 45056
total_active_anon 258953216
total_inactive_file 769482752
total_active_file 103481344
total_unevictable 4096
--------------------BLKIO-----------------------
11:0 Read 0
11:0 Write 0
11:0 Sync 0
11:0 Async 0
11:0 Total 0
253:0 Read 872771584
253:0 Write 978944
253:0 Sync 196608
253:0 Async 873553920
253:0 Total 873750528
Total 873750528
--------------------CPUAC-----------------------
user 424
system 377
 
Tue May 16 02:44:46 IST 2017
--------------------MEMCG-----------------------
MEM ONLY  : 1176 MB
MEM+SWAP  : 1176 MB
cache 974925824
rss 258899968
rss_huge 0
mapped_file 36610048
writeback 0
swap 0
pgpgin 399457
pgpgout 98230
pgfault 239887
pgmajfault 488
inactive_anon 45056
active_anon 258924544
inactive_file 844636160
active_file 130158592
unevictable 4096
hierarchical_memory_limit 1879048192
hierarchical_memsw_limit 5368709120
total_cache 974925824
total_rss 258899968
total_rss_huge 0
total_mapped_file 36610048
total_writeback 0
total_swap 0
total_pgpgin 399457
total_pgpgout 98230
total_pgfault 239887
total_pgmajfault 488
total_inactive_anon 45056
total_active_anon 258924544
total_inactive_file 844636160
total_active_file 130158592
total_unevictable 4096
--------------------BLKIO-----------------------
11:0 Read 0
11:0 Write 0
11:0 Sync 0
11:0 Async 0
11:0 Total 0
253:0 Read 974655488
253:0 Write 1015808
253:0 Sync 196608
253:0 Async 975474688
253:0 Total 975671296
Total 975671296
--------------------CPUAC-----------------------
user 471
system 411
 
Tue May 16 02:45:16 IST 2017
--------------------MEMCG-----------------------
MEM ONLY  : 1279 MB
MEM+SWAP  : 1279 MB
cache 1082437632
rss 258924544
rss_huge 0
mapped_file 36610048
writeback 0
swap 0
pgpgin 425810
pgpgout 98329
pgfault 239983
pgmajfault 488
inactive_anon 45056
active_anon 258949120
inactive_file 919375872
active_file 162959360
unevictable 4096
hierarchical_memory_limit 1879048192
hierarchical_memsw_limit 5368709120
total_cache 1082437632
total_rss 258924544
total_rss_huge 0
total_mapped_file 36610048
total_writeback 0
total_swap 0
total_pgpgin 425810
total_pgpgout 98329
total_pgfault 239983
total_pgmajfault 488
total_inactive_anon 45056
total_active_anon 258949120
total_inactive_file 919375872
total_active_file 162959360
total_unevictable 4096
--------------------BLKIO-----------------------
11:0 Read 0
11:0 Write 0
11:0 Sync 0
11:0 Async 0
11:0 Total 0
253:0 Read 1082163200
253:0 Write 1056768
253:0 Sync 196608
253:0 Async 1083023360
253:0 Total 1083219968
Total 1083219968
--------------------CPUAC-----------------------
user 523
system 445
 
Tue May 16 02:45:46 IST 2017
--------------------MEMCG-----------------------
MEM ONLY  : 1383 MB
MEM+SWAP  : 1383 MB
cache 1191911424
rss 258957312
rss_huge 0
mapped_file 36610048
writeback 0
swap 0
pgpgin 452647
pgpgout 98431
pgfault 240081
pgmajfault 488
inactive_anon 45056
active_anon 258981888
inactive_file 991170560
active_file 200667136
unevictable 4096
hierarchical_memory_limit 1879048192
hierarchical_memsw_limit 5368709120
total_cache 1191911424
total_rss 258957312
total_rss_huge 0
total_mapped_file 36610048
total_writeback 0
total_swap 0
total_pgpgin 452647
total_pgpgout 98431
total_pgfault 240081
total_pgmajfault 488
total_inactive_anon 45056
total_active_anon 258981888
total_inactive_file 991170560
total_active_file 200667136
total_unevictable 4096
--------------------BLKIO-----------------------
11:0 Read 0
11:0 Write 0
11:0 Sync 0
11:0 Async 0
11:0 Total 0
253:0 Read 1191694336
253:0 Write 1105920
253:0 Sync 196608
253:0 Async 1192603648
253:0 Total 1192800256
Total 1192800256
--------------------CPUAC-----------------------
user 574
system 489
 
Tue May 16 02:46:16 IST 2017
--------------------MEMCG-----------------------
MEM ONLY  : 1489 MB
MEM+SWAP  : 1489 MB
cache 1303023616
rss 258846720
rss_huge 0
mapped_file 36610048
writeback 0
swap 0
pgpgin 479965
pgpgout 98649
pgfault 240258
pgmajfault 488
inactive_anon 45056
active_anon 258871296
inactive_file 1059401728
active_file 243515392
unevictable 4096
hierarchical_memory_limit 1879048192
hierarchical_memsw_limit 5368709120
total_cache 1303023616
total_rss 258846720
total_rss_huge 0
total_mapped_file 36610048
total_writeback 0
total_swap 0
total_pgpgin 479965
total_pgpgout 98649
total_pgfault 240258
total_pgmajfault 488
total_inactive_anon 45056
total_active_anon 258871296
total_inactive_file 1059401728
total_active_file 243515392
total_unevictable 4096
--------------------BLKIO-----------------------
11:0 Read 0
11:0 Write 0
11:0 Sync 0
11:0 Async 0
11:0 Total 0
253:0 Read 1302745088
253:0 Write 1167360
253:0 Sync 196608
253:0 Async 1303715840
253:0 Total 1303912448
Total 1303912448
--------------------CPUAC-----------------------
user 632
system 526
 
Tue May 16 02:46:46 IST 2017
--------------------MEMCG-----------------------
MEM ONLY  : 1601 MB
MEM+SWAP  : 1601 MB
cache 1421033472
rss 258379776
rss_huge 0
mapped_file 36610048
writeback 0
swap 0
pgpgin 508898
pgpgout 98885
pgfault 240365
pgmajfault 488
inactive_anon 45056
active_anon 258404352
inactive_file 1126301696
active_file 294629376
unevictable 4096
hierarchical_memory_limit 1879048192
hierarchical_memsw_limit 5368709120
total_cache 1421033472
total_rss 258379776
total_rss_huge 0
total_mapped_file 36610048
total_writeback 0
total_swap 0
total_pgpgin 508898
total_pgpgout 98885
total_pgfault 240365
total_pgmajfault 488
total_inactive_anon 45056
total_active_anon 258404352
total_inactive_file 1126301696
total_active_file 294629376
total_unevictable 4096
--------------------BLKIO-----------------------
11:0 Read 0
11:0 Write 0
11:0 Sync 0
11:0 Async 0
11:0 Total 0
253:0 Read 1420750848
253:0 Write 1232896
253:0 Sync 196608
253:0 Async 1421787136
253:0 Total 1421983744
Total 1421983744
--------------------CPUAC-----------------------
user 692
system 563
 
Tue May 16 02:47:16 IST 2017
--------------------MEMCG-----------------------
MEM ONLY  : 1718 MB
MEM+SWAP  : 1718 MB
cache 1543561216
rss 257949696
rss_huge 0
mapped_file 36610048
writeback 0
swap 0
pgpgin 538932
pgpgout 99110
pgfault 240467
pgmajfault 488
inactive_anon 45056
active_anon 257974272
inactive_file 1181233152
active_file 362254336
unevictable 4096
hierarchical_memory_limit 1879048192
hierarchical_memsw_limit 5368709120
total_cache 1543561216
total_rss 257949696
total_rss_huge 0
total_mapped_file 36610048
total_writeback 0
total_swap 0
total_pgpgin 538932
total_pgpgout 99110
total_pgfault 240467
total_pgmajfault 488
total_inactive_anon 45056
total_active_anon 257974272
total_inactive_file 1181233152
total_active_file 362254336
total_unevictable 4096
--------------------BLKIO-----------------------
11:0 Read 0
11:0 Write 0
11:0 Sync 0
11:0 Async 0
11:0 Total 0
253:0 Read 1543278592
253:0 Write 1306624
253:0 Sync 196608
253:0 Async 1544388608
253:0 Total 1544585216
Total 1544585216
--------------------CPUAC-----------------------
user 751
system 602
 
Tue May 16 02:47:46 IST 2017
--------------------MEMCG-----------------------
MEM ONLY  : 1791 MB
MEM+SWAP  : 1791 MB
cache 1621110784
rss 257859584
rss_huge 0
mapped_file 36581376
writeback 0
swap 0
pgpgin 570477
pgpgout 111744
pgfault 240653
pgmajfault 488
inactive_anon 62898176
active_anon 195031040
inactive_file 1151479808
active_file 469557248
unevictable 4096
hierarchical_memory_limit 1879048192
hierarchical_memsw_limit 5368709120
total_cache 1621110784
total_rss 257859584
total_rss_huge 0
total_mapped_file 36581376
total_writeback 0
total_swap 0
total_pgpgin 570477
total_pgpgout 111744
total_pgfault 240653
total_pgmajfault 488
total_inactive_anon 62898176
total_active_anon 195031040
total_inactive_file 1151479808
total_active_file 469557248
total_unevictable 4096
--------------------BLKIO-----------------------
11:0 Read 0
11:0 Write 0
11:0 Sync 0
11:0 Async 0
11:0 Total 0
253:0 Read 1671114752
253:0 Write 1388544
253:0 Sync 196608
253:0 Async 1672306688
253:0 Total 1672503296
Total 1672503296
--------------------CPUAC-----------------------
user 823
system 649
 
Tue May 16 02:48:16 IST 2017
--------------------MEMCG-----------------------
MEM ONLY  : 1791 MB
MEM+SWAP  : 1791 MB
cache 1620582400
rss 258338816
rss_huge 0
mapped_file 36581376
writeback 0
swap 0
pgpgin 605457
pgpgout 146736
pgfault 240860
pgmajfault 488
inactive_anon 129220608
active_anon 129187840
inactive_file 1058217984
active_file 562249728
unevictable 4096
hierarchical_memory_limit 1879048192
hierarchical_memsw_limit 5368709120
total_cache 1620582400
total_rss 258338816
total_rss_huge 0
total_mapped_file 36581376
total_writeback 0
total_swap 0
total_pgpgin 605457
total_pgpgout 146736
total_pgfault 240860
total_pgmajfault 488
total_inactive_anon 129220608
total_active_anon 129187840
total_inactive_file 1058217984
total_active_file 562249728
total_unevictable 4096
--------------------BLKIO-----------------------
11:0 Read 0
11:0 Write 0
11:0 Sync 0
11:0 Async 0
11:0 Total 0
253:0 Read 1798193152
253:0 Write 1478656
253:0 Sync 196608
253:0 Async 1799475200
253:0 Total 1799671808
Total 1799671808
--------------------CPUAC-----------------------
user 895
system 714
 
Tue May 16 02:48:46 IST 2017
--------------------MEMCG-----------------------
MEM ONLY  : 1791 MB
MEM+SWAP  : 1791 MB
cache 1620578304
rss 258347008
rss_huge 0
mapped_file 36581376
writeback 0
swap 0
pgpgin 646294
pgpgout 187572
pgfault 241025
pgmajfault 488
inactive_anon 129441792
active_anon 128974848
inactive_file 939614208
active_file 680890368
unevictable 4096
hierarchical_memory_limit 1879048192
hierarchical_memsw_limit 5368709120
total_cache 1620578304
total_rss 258347008
total_rss_huge 0
total_mapped_file 36581376
total_writeback 0
total_swap 0
total_pgpgin 646294
total_pgpgout 187572
total_pgfault 241025
total_pgmajfault 488
total_inactive_anon 129441792
total_active_anon 128974848
total_inactive_file 939614208
total_active_file 680890368
total_unevictable 4096
--------------------BLKIO-----------------------
11:0 Read 0
11:0 Write 0
11:0 Sync 0
11:0 Async 0
11:0 Total 0
253:0 Read 1920856064
253:0 Write 1576960
253:0 Sync 196608
253:0 Async 1922236416
253:0 Total 1922433024
Total 1922433024
--------------------CPUAC-----------------------
user 979
system 790
 
Tue May 16 02:49:16 IST 2017
--------------------MEMCG-----------------------
MEM ONLY  : 1791 MB
MEM+SWAP  : 1791 MB
cache 1620291584
rss 258650112
rss_huge 0
mapped_file 36581376
writeback 0
swap 0
pgpgin 690049
pgpgout 231323
pgfault 241434
pgmajfault 488
inactive_anon 129765376
active_anon 128954368
inactive_file 811646976
active_file 808570880
unevictable 4096
hierarchical_memory_limit 1879048192
hierarchical_memsw_limit 5368709120
total_cache 1620291584
total_rss 258650112
total_rss_huge 0
total_mapped_file 36581376
total_writeback 0
total_swap 0
total_pgpgin 690049
total_pgpgout 231323
total_pgfault 241434
total_pgmajfault 488
total_inactive_anon 129765376
total_active_anon 128954368
total_inactive_file 811646976
total_active_file 808570880
total_unevictable 4096
--------------------BLKIO-----------------------
11:0 Read 0
11:0 Write 0
11:0 Sync 0
11:0 Async 0
11:0 Total 0
253:0 Read 2042802176
253:0 Write 1613824
253:0 Sync 196608
253:0 Async 2044219392
253:0 Total 2044416000
Total 2044416000
--------------------CPUAC-----------------------
user 1064
system 854
 
Tue May 16 02:49:46 IST 2017
--------------------MEMCG-----------------------
MEM ONLY  : 1791 MB
MEM+SWAP  : 1791 MB
cache 1621102592
rss 257859584
rss_huge 0
mapped_file 36581376
writeback 0
swap 0
pgpgin 732633
pgpgout 273902
pgfault 241524
pgmajfault 488
inactive_anon 129765376
active_anon 128163840
inactive_file 810631168
active_file 810397696
unevictable 4096
hierarchical_memory_limit 1879048192
hierarchical_memsw_limit 5368709120
total_cache 1621102592
total_rss 257859584
total_rss_huge 0
total_mapped_file 36581376
total_writeback 0
total_swap 0
total_pgpgin 732633
total_pgpgout 273902
total_pgfault 241524
total_pgmajfault 488
total_inactive_anon 129765376
total_active_anon 128163840
total_inactive_file 810631168
total_active_file 810397696
total_unevictable 4096
--------------------BLKIO-----------------------
11:0 Read 0
11:0 Write 0
11:0 Sync 0
11:0 Async 0
11:0 Total 0
253:0 Read 2164400128
253:0 Write 1650688
253:0 Sync 196608
253:0 Async 2165854208
253:0 Total 2166050816
Total 2166050816
--------------------CPUAC-----------------------
user 1150
system 919
 
Tue May 16 02:50:16 IST 2017
--------------------MEMCG-----------------------
MEM ONLY  : 1791 MB
MEM+SWAP  : 1791 MB
cache 1621835776
rss 257060864
rss_huge 0
mapped_file 36515840
writeback 0
swap 0
pgpgin 776391
pgpgout 317676
pgfault 241650
pgmajfault 488
inactive_anon 129765376
active_anon 127365120
inactive_file 810991616
active_file 810766336
unevictable 4096
hierarchical_memory_limit 1879048192
hierarchical_memsw_limit 5368709120
total_cache 1621835776
total_rss 257060864
total_rss_huge 0
total_mapped_file 36515840
total_writeback 0
total_swap 0
total_pgpgin 776391
total_pgpgout 317676
total_pgfault 241650
total_pgmajfault 488
total_inactive_anon 129765376
total_active_anon 127365120
total_inactive_file 810991616
total_active_file 810766336
total_unevictable 4096
--------------------BLKIO-----------------------
11:0 Read 0
11:0 Write 0
11:0 Sync 0
11:0 Async 0
11:0 Total 0
253:0 Read 2286063616
253:0 Write 1695744
253:0 Sync 196608
253:0 Async 2287562752
253:0 Total 2287759360
Total 2287759360
--------------------CPUAC-----------------------
user 1230
system 992
 
Tue May 16 02:50:46 IST 2017
--------------------MEMCG-----------------------
MEM ONLY  : 1791 MB
MEM+SWAP  : 1791 MB
cache 1621090304
rss 257781760
rss_huge 0
mapped_file 36495360
writeback 0
swap 0
pgpgin 821343
pgpgout 362634
pgfault 241934
pgmajfault 488
inactive_anon 129765376
active_anon 128086016
inactive_file 810557440
active_file 810401792
unevictable 4096
hierarchical_memory_limit 1879048192
hierarchical_memsw_limit 5368709120
total_cache 1621090304
total_rss 257781760
total_rss_huge 0
total_mapped_file 36495360
total_writeback 0
total_swap 0
total_pgpgin 821343
total_pgpgout 362634
total_pgfault 241934
total_pgmajfault 488
total_inactive_anon 129765376
total_active_anon 128086016
total_inactive_file 810557440
total_active_file 810401792
total_unevictable 4096
--------------------BLKIO-----------------------
11:0 Read 0
11:0 Write 0
11:0 Sync 0
11:0 Async 0
11:0 Total 0
253:0 Read 2412613632
253:0 Write 1744896
253:0 Sync 196608
253:0 Async 2414161920
253:0 Total 2414358528
Total 2414358528
--------------------CPUAC-----------------------
user 1321
system 1071
 
Tue May 16 02:51:16 IST 2017
--------------------MEMCG-----------------------
MEM ONLY  : 1791 MB
MEM+SWAP  : 1791 MB
cache 1618247680
rss 260681728
rss_huge 0
mapped_file 36495360
writeback 0
swap 0
pgpgin 865141
pgpgout 406418
pgfault 242732
pgmajfault 488
inactive_anon 130420736
active_anon 130330624
inactive_file 809091072
active_file 809082880
unevictable 4096
hierarchical_memory_limit 1879048192
hierarchical_memsw_limit 5368709120
total_cache 1618247680
total_rss 260681728
total_rss_huge 0
total_mapped_file 36495360
total_writeback 0
total_swap 0
total_pgpgin 865141
total_pgpgout 406418
total_pgfault 242732
total_pgmajfault 488
total_inactive_anon 130420736
total_active_anon 130330624
total_inactive_file 809091072
total_active_file 809082880
total_unevictable 4096
--------------------BLKIO-----------------------
11:0 Read 0
11:0 Write 0
11:0 Sync 0
11:0 Async 0
11:0 Total 0
253:0 Read 2533052416
253:0 Write 1806336
253:0 Sync 196608
253:0 Async 2534662144
253:0 Total 2534858752
Total 2534858752
--------------------CPUAC-----------------------
user 1418
system 1146
 
Tue May 16 02:51:46 IST 2017
--------------------MEMCG-----------------------
MEM ONLY  : 1791 MB
MEM+SWAP  : 1791 MB
cache 1617780736
rss 261021696
rss_huge 0
mapped_file 36491264
writeback 0
swap 0
pgpgin 909170
pgpgout 450478
pgfault 242910
pgmajfault 488
inactive_anon 130674688
active_anon 130416640
inactive_file 808816640
active_file 808890368
unevictable 4096
hierarchical_memory_limit 1879048192
hierarchical_memsw_limit 5368709120
total_cache 1617780736
total_rss 261021696
total_rss_huge 0
total_mapped_file 36491264
total_writeback 0
total_swap 0
total_pgpgin 909170
total_pgpgout 450478
total_pgfault 242910
total_pgmajfault 488
total_inactive_anon 130674688
total_active_anon 130416640
total_inactive_file 808816640
total_active_file 808890368
total_unevictable 4096
--------------------BLKIO-----------------------
11:0 Read 0
11:0 Write 0
11:0 Sync 0
11:0 Async 0
11:0 Total 0
253:0 Read 2655649792
253:0 Write 1875968
253:0 Sync 196608
253:0 Async 2657329152
253:0 Total 2657525760
Total 2657525760
--------------------CPUAC-----------------------
user 1524
system 1211
 
Tue May 16 02:52:16 IST 2017
--------------------MEMCG-----------------------
MEM ONLY  : 1791 MB
MEM+SWAP  : 1791 MB
cache 1617944576
rss 260952064
rss_huge 0
mapped_file 36491264
writeback 0
swap 0
pgpgin 953777
pgpgout 495062
pgfault 243172
pgmajfault 488
inactive_anon 130699264
active_anon 130322432
inactive_file 808857600
active_file 808984576
unevictable 4096
hierarchical_memory_limit 1879048192
hierarchical_memsw_limit 5368709120
total_cache 1617944576
total_rss 260952064
total_rss_huge 0
total_mapped_file 36491264
total_writeback 0
total_swap 0
total_pgpgin 953777
total_pgpgout 495062
total_pgfault 243172
total_pgmajfault 488
total_inactive_anon 130699264
total_active_anon 130322432
total_inactive_file 808857600
total_active_file 808984576
total_unevictable 4096
--------------------BLKIO-----------------------
11:0 Read 0
11:0 Write 0
11:0 Sync 0
11:0 Async 0
11:0 Total 0
253:0 Read 2780909568
253:0 Write 1953792
253:0 Sync 196608
253:0 Async 2782666752
253:0 Total 2782863360
Total 2782863360
--------------------CPUAC-----------------------
user 1611
system 1293
 
Tue May 16 02:52:46 IST 2017
--------------------MEMCG-----------------------
MEM ONLY  : 1791 MB
MEM+SWAP  : 1791 MB
cache 1617690624
rss 261210112
rss_huge 0
mapped_file 32325632
writeback 0
swap 0
pgpgin 996322
pgpgout 537606
pgfault 243472
pgmajfault 488
inactive_anon 130961408
active_anon 130318336
inactive_file 808804352
active_file 808783872
unevictable 4096
hierarchical_memory_limit 1879048192
hierarchical_memsw_limit 5368709120
total_cache 1617690624
total_rss 261210112
total_rss_huge 0
total_mapped_file 32325632
total_writeback 0
total_swap 0
total_pgpgin 996322
total_pgpgout 537606
total_pgfault 243472
total_pgmajfault 488
total_inactive_anon 130961408
total_active_anon 130318336
total_inactive_file 808804352
total_active_file 808783872
total_unevictable 4096
--------------------BLKIO-----------------------
11:0 Read 0
11:0 Write 0
11:0 Sync 0
11:0 Async 0
11:0 Total 0
253:0 Read 2901491712
253:0 Write 2039808
253:0 Sync 196608
253:0 Async 2903334912
253:0 Total 2903531520
Total 2903531520
--------------------CPUAC-----------------------
user 1700
system 1361
 
Tue May 16 02:53:16 IST 2017
--------------------MEMCG-----------------------
MEM ONLY  : 1791 MB
MEM+SWAP  : 1791 MB
cache 1616789504
rss 262176768
rss_huge 0
mapped_file 7114752
writeback 0
swap 0
pgpgin 1039083
pgpgout 580351
pgfault 243812
pgmajfault 488
inactive_anon 131485696
active_anon 130760704
inactive_file 808071168
active_file 808632320
unevictable 4096
hierarchical_memory_limit 1879048192
hierarchical_memsw_limit 5368709120
total_cache 1616789504
total_rss 262176768
total_rss_huge 0
total_mapped_file 7114752
total_writeback 0
total_swap 0
total_pgpgin 1039083
total_pgpgout 580351
total_pgfault 243812
total_pgmajfault 488
total_inactive_anon 131485696
total_active_anon 130760704
total_inactive_file 808071168
total_active_file 808632320
total_unevictable 4096
--------------------BLKIO-----------------------
11:0 Read 0
11:0 Write 0
11:0 Sync 0
11:0 Async 0
11:0 Total 0
253:0 Read 3022790656
253:0 Write 2138112
253:0 Sync 196608
253:0 Async 3024732160
253:0 Total 3024928768
Total 3024928768
--------------------CPUAC-----------------------
user 1786
system 1435
 
Tue May 16 02:53:46 IST 2017
--------------------MEMCG-----------------------
MEM ONLY  : 1791 MB
MEM+SWAP  : 1791 MB
cache 1616867328
rss 262037504
rss_huge 0
mapped_file 7114752
writeback 0
swap 0
pgpgin 1080075
pgpgout 621358
pgfault 243995
pgmajfault 488
inactive_anon 131325952
active_anon 130781184
inactive_file 808411136
active_file 808329216
unevictable 4096
hierarchical_memory_limit 1879048192
hierarchical_memsw_limit 5368709120
total_cache 1616867328
total_rss 262037504
total_rss_huge 0
total_mapped_file 7114752
total_writeback 0
total_swap 0
total_pgpgin 1080075
total_pgpgout 621358
total_pgfault 243995
total_pgmajfault 488
total_inactive_anon 131325952
total_active_anon 130781184
total_inactive_file 808411136
total_active_file 808329216
total_unevictable 4096
--------------------BLKIO-----------------------
11:0 Read 0
11:0 Write 0
11:0 Sync 0
11:0 Async 0
11:0 Total 0
253:0 Read 3143131136
253:0 Write 2244608
253:0 Sync 196608
253:0 Async 3145179136
253:0 Total 3145375744
Total 3145375744
--------------------CPUAC-----------------------
user 1872
system 1507
 
Tue May 16 02:54:16 IST 2017
--------------------MEMCG-----------------------
MEM ONLY  : 1791 MB
MEM+SWAP  : 1791 MB
cache 1617649664
rss 261312512
rss_huge 0
mapped_file 6234112
writeback 0
swap 0
pgpgin 1123108
pgpgout 664377
pgfault 244178
pgmajfault 489
inactive_anon 131309568
active_anon 130072576
inactive_file 808595456
active_file 808980480
unevictable 4096
hierarchical_memory_limit 1879048192
hierarchical_memsw_limit 5368709120
total_cache 1617649664
total_rss 261312512
total_rss_huge 0
total_mapped_file 6234112
total_writeback 0
total_swap 0
total_pgpgin 1123108
total_pgpgout 664377
total_pgfault 244178
total_pgmajfault 489
total_inactive_anon 131309568
total_active_anon 130072576
total_inactive_file 808595456
total_active_file 808980480
total_unevictable 4096
--------------------BLKIO-----------------------
11:0 Read 0
11:0 Write 0
11:0 Sync 0
11:0 Async 0
11:0 Total 0
253:0 Read 3263545344
253:0 Write 2281472
253:0 Sync 196608
253:0 Async 3265630208
253:0 Total 3265826816
Total 3265826816
--------------------CPUAC-----------------------
user 1956
system 1573
 
Tue May 16 02:54:46 IST 2017
--------------------MEMCG-----------------------
MEM ONLY  : 1791 MB
MEM+SWAP  : 1791 MB
cache 1617977344
rss 261058560
rss_huge 0
mapped_file 2887680
writeback 0
swap 0
pgpgin 1168380
pgpgout 709631
pgfault 244416
pgmajfault 489
inactive_anon 131309568
active_anon 129818624
inactive_file 808824832
active_file 809066496
unevictable 4096
hierarchical_memory_limit 1879048192
hierarchical_memsw_limit 5368709120
total_cache 1617977344
total_rss 261058560
total_rss_huge 0
total_mapped_file 2887680
total_writeback 0
total_swap 0
total_pgpgin 1168380
total_pgpgout 709631
total_pgfault 244416
total_pgmajfault 489
total_inactive_anon 131309568
total_active_anon 129818624
total_inactive_file 808824832
total_active_file 809066496
total_unevictable 4096
--------------------BLKIO-----------------------
11:0 Read 0
11:0 Write 0
11:0 Sync 0
11:0 Async 0
11:0 Total 0
253:0 Read 3389865984
253:0 Write 2318336
253:0 Sync 196608
253:0 Async 3391987712
253:0 Total 3392184320
Total 3392184320
--------------------CPUAC-----------------------
user 2044
system 1644
 
Tue May 16 02:55:16 IST 2017
--------------------MEMCG-----------------------
MEM ONLY  : 1791 MB
MEM+SWAP  : 1791 MB
cache 1619001344
rss 260014080
rss_huge 0
mapped_file 2887680
writeback 0
swap 0
pgpgin 1211868
pgpgout 753124
pgfault 244515
pgmajfault 489
inactive_anon 131309568
active_anon 128774144
inactive_file 809451520
active_file 809447424
unevictable 4096
hierarchical_memory_limit 1879048192
hierarchical_memsw_limit 5368709120
total_cache 1619001344
total_rss 260014080
total_rss_huge 0
total_mapped_file 2887680
total_writeback 0
total_swap 0
total_pgpgin 1211868
total_pgpgout 753124
total_pgfault 244515
total_pgmajfault 489
total_inactive_anon 131309568
total_active_anon 128774144
total_inactive_file 809451520
total_active_file 809447424
total_unevictable 4096
--------------------BLKIO-----------------------
11:0 Read 0
11:0 Write 0
11:0 Sync 0
11:0 Async 0
11:0 Total 0
253:0 Read 3510685696
253:0 Write 2363392
253:0 Sync 196608
253:0 Async 3512852480
253:0 Total 3513049088
Total 3513049088
--------------------CPUAC-----------------------
user 2139
system 1715
 
Tue May 16 02:55:46 IST 2017
--------------------MEMCG-----------------------
MEM ONLY  : 1791 MB
MEM+SWAP  : 1791 MB
cache 1618378752
rss 260501504
rss_huge 0
mapped_file 2887680
writeback 0
swap 0
pgpgin 1255501
pgpgout 796790
pgfault 244743
pgmajfault 489
inactive_anon 131309568
active_anon 129261568
inactive_file 809209856
active_file 809095168
unevictable 4096
hierarchical_memory_limit 1879048192
hierarchical_memsw_limit 5368709120
total_cache 1618378752
total_rss 260501504
total_rss_huge 0
total_mapped_file 2887680
total_writeback 0
total_swap 0
total_pgpgin 1255501
total_pgpgout 796790
total_pgfault 244743
total_pgmajfault 489
total_inactive_anon 131309568
total_active_anon 129261568
total_inactive_file 809209856
total_active_file 809095168
total_unevictable 4096
--------------------BLKIO-----------------------
11:0 Read 0
11:0 Write 0
11:0 Sync 0
11:0 Async 0
11:0 Total 0
253:0 Read 3629875200
253:0 Write 2416640
253:0 Sync 196608
253:0 Async 3632095232
253:0 Total 3632291840
Total 3632291840
--------------------CPUAC-----------------------
user 2225
system 1784
 
Tue May 16 02:56:16 IST 2017
--------------------MEMCG-----------------------
MEM ONLY  : 1791 MB
MEM+SWAP  : 1791 MB
cache 1618362368
rss 260673536
rss_huge 0
mapped_file 2887680
writeback 0
swap 0
pgpgin 1298950
pgpgout 840201
pgfault 244875
pgmajfault 489
inactive_anon 131309568
active_anon 129433600
inactive_file 809005056
active_file 809254912
unevictable 4096
hierarchical_memory_limit 1879048192
hierarchical_memsw_limit 5368709120
total_cache 1618362368
total_rss 260673536
total_rss_huge 0
total_mapped_file 2887680
total_writeback 0
total_swap 0
total_pgpgin 1298950
total_pgpgout 840201
total_pgfault 244875
total_pgmajfault 489
total_inactive_anon 131309568
total_active_anon 129433600
total_inactive_file 809005056
total_active_file 809254912
total_unevictable 4096
--------------------BLKIO-----------------------
11:0 Read 0
11:0 Write 0
11:0 Sync 0
11:0 Async 0
11:0 Total 0
253:0 Read 3751538688
253:0 Write 2478080
253:0 Sync 196608
253:0 Async 3753820160
253:0 Total 3754016768
Total 3754016768
--------------------CPUAC-----------------------
user 2312
system 1856
 
Tue May 16 02:56:46 IST 2017
--------------------MEMCG-----------------------
MEM ONLY  : 1791 MB
MEM+SWAP  : 1791 MB
cache 1617448960
rss 261574656
rss_huge 0
mapped_file 2887680
writeback 0
swap 0
pgpgin 1343918
pgpgout 885172
pgfault 245185
pgmajfault 489
inactive_anon 131309568
active_anon 130334720
inactive_file 808701952
active_file 808673280
unevictable 4096
hierarchical_memory_limit 1879048192
hierarchical_memsw_limit 5368709120
total_cache 1617448960
total_rss 261574656
total_rss_huge 0
total_mapped_file 2887680
total_writeback 0
total_swap 0
total_pgpgin 1343918
total_pgpgout 885172
total_pgfault 245185
total_pgmajfault 489
total_inactive_anon 131309568
total_active_anon 130334720
total_inactive_file 808701952
total_active_file 808673280
total_unevictable 4096
--------------------BLKIO-----------------------
11:0 Read 0
11:0 Write 0
11:0 Sync 0
11:0 Async 0
11:0 Total 0
253:0 Read 3873550336
253:0 Write 2547712
253:0 Sync 196608
253:0 Async 3875901440
253:0 Total 3876098048
Total 3876098048
--------------------CPUAC-----------------------
user 2397
system 1924
 
Tue May 16 02:57:16 IST 2017
--------------------MEMCG-----------------------
MEM ONLY  : 1791 MB
MEM+SWAP  : 1791 MB
cache 1617547264
rss 261472256
rss_huge 0
mapped_file 2887680
writeback 0
swap 0
pgpgin 1387779
pgpgout 929034
pgfault 245458
pgmajfault 489
inactive_anon 131137536
active_anon 130404352
inactive_file 808718336
active_file 808755200
unevictable 4096
hierarchical_memory_limit 1879048192
hierarchical_memsw_limit 5368709120
total_cache 1617547264
total_rss 261472256
total_rss_huge 0
total_mapped_file 2887680
total_writeback 0
total_swap 0
total_pgpgin 1387779
total_pgpgout 929034
total_pgfault 245458
total_pgmajfault 489
total_inactive_anon 131137536
total_active_anon 130404352
total_inactive_file 808718336
total_active_file 808755200
total_unevictable 4096
--------------------BLKIO-----------------------
11:0 Read 0
11:0 Write 0
11:0 Sync 0
11:0 Async 0
11:0 Total 0
253:0 Read 3993833472
253:0 Write 2625536
253:0 Sync 196608
253:0 Async 3996262400
253:0 Total 3996459008
Total 3996459008
--------------------CPUAC-----------------------
user 2491
system 1988
 
Tue May 16 02:57:46 IST 2017
--------------------MEMCG-----------------------
MEM ONLY  : 1791 MB
MEM+SWAP  : 1791 MB
cache 1618915328
rss 260100096
rss_huge 0
mapped_file 2887680
writeback 0
swap 0
pgpgin 1433433
pgpgout 974689
pgfault 245570
pgmajfault 489
inactive_anon 131137536
active_anon 129032192
inactive_file 809582592
active_file 809259008
unevictable 4096
hierarchical_memory_limit 1879048192
hierarchical_memsw_limit 5368709120
total_cache 1618915328
total_rss 260100096
total_rss_huge 0
total_mapped_file 2887680
total_writeback 0
total_swap 0
total_pgpgin 1433433
total_pgpgout 974689
total_pgfault 245570
total_pgmajfault 489
total_inactive_anon 131137536
total_active_anon 129032192
total_inactive_file 809582592
total_active_file 809259008
total_unevictable 4096
--------------------BLKIO-----------------------
11:0 Read 0
11:0 Write 0
11:0 Sync 0
11:0 Async 0
11:0 Total 0
253:0 Read 4117348352
253:0 Write 2711552
253:0 Sync 196608
253:0 Async 4119863296
253:0 Total 4120059904
Total 4120059904
--------------------CPUAC-----------------------
user 2594
system 2060
 
Tue May 16 02:58:16 IST 2017
--------------------MEMCG-----------------------
MEM ONLY  : 1791 MB
MEM+SWAP  : 1791 MB
cache 1616224256
rss 262811648
rss_huge 0
mapped_file 2887680
writeback 0
swap 0
pgpgin 1477957
pgpgout 1019208
pgfault 246337
pgmajfault 489
inactive_anon 131530752
active_anon 131350528
inactive_file 808165376
active_file 807944192
unevictable 4096
hierarchical_memory_limit 1879048192
hierarchical_memsw_limit 5368709120
total_cache 1616224256
total_rss 262811648
total_rss_huge 0
total_mapped_file 2887680
total_writeback 0
total_swap 0
total_pgpgin 1477957
total_pgpgout 1019208
total_pgfault 246337
total_pgmajfault 489
total_inactive_anon 131530752
total_active_anon 131350528
total_inactive_file 808165376
total_active_file 807944192
total_unevictable 4096
--------------------BLKIO-----------------------
11:0 Read 0
11:0 Write 0
11:0 Sync 0
11:0 Async 0
11:0 Total 0
253:0 Read 4238106624
253:0 Write 2809856
253:0 Sync 196608
253:0 Async 4240719872
253:0 Total 4240916480
Total 4240916480
--------------------CPUAC-----------------------
user 2694
system 2129
 
Tue May 16 02:58:46 IST 2017
--------------------MEMCG-----------------------
MEM ONLY  : 1791 MB
MEM+SWAP  : 1791 MB
cache 1616195584
rss 262828032
rss_huge 0
mapped_file 2883584
writeback 0
swap 0
pgpgin 1522576
pgpgout 1063830
pgfault 246463
pgmajfault 489
inactive_anon 131530752
active_anon 131366912
inactive_file 808140800
active_file 807968768
unevictable 4096
hierarchical_memory_limit 1879048192
hierarchical_memsw_limit 5368709120
total_cache 1616195584
total_rss 262828032
total_rss_huge 0
total_mapped_file 2883584
total_writeback 0
total_swap 0
total_pgpgin 1522576
total_pgpgout 1063830
total_pgfault 246463
total_pgmajfault 489
total_inactive_anon 131530752
total_active_anon 131366912
total_inactive_file 808140800
total_active_file 807968768
total_unevictable 4096
--------------------BLKIO-----------------------
11:0 Read 0
11:0 Write 0
11:0 Sync 0
11:0 Async 0
11:0 Total 0
253:0 Read 4359503872
253:0 Write 2912256
253:0 Sync 196608
253:0 Async 4362219520
253:0 Total 4362416128
Total 4362416128
--------------------CPUAC-----------------------
user 2788
system 2195
 
Tue May 16 02:59:16 IST 2017
--------------------MEMCG-----------------------
MEM ONLY  : 1792 MB
MEM+SWAP  : 1792 MB
cache 1616101376
rss 262922240
rss_huge 0
mapped_file 2883584
writeback 0
swap 0
pgpgin 1566570
pgpgout 1107824
pgfault 246576
pgmajfault 489
inactive_anon 131661824
active_anon 131330048
inactive_file 807956480
active_file 808026112
unevictable 4096
hierarchical_memory_limit 1879048192
hierarchical_memsw_limit 5368709120
total_cache 1616101376
total_rss 262922240
total_rss_huge 0
total_mapped_file 2883584
total_writeback 0
total_swap 0
total_pgpgin 1566570
total_pgpgout 1107824
total_pgfault 246576
total_pgmajfault 489
total_inactive_anon 131661824
total_active_anon 131330048
total_inactive_file 807956480
total_active_file 808026112
total_unevictable 4096
--------------------BLKIO-----------------------
11:0 Read 0
11:0 Write 0
11:0 Sync 0
11:0 Async 0
11:0 Total 0
253:0 Read 4482715648
253:0 Write 2949120
253:0 Sync 196608
253:0 Async 4485468160
253:0 Total 4485664768
Total 4485664768
--------------------CPUAC-----------------------
user 2881
system 2256
 
Tue May 16 02:59:46 IST 2017
--------------------MEMCG-----------------------
MEM ONLY  : 1791 MB
MEM+SWAP  : 1791 MB
cache 1615360000
rss 263483392
rss_huge 0
mapped_file 2883584
writeback 0
swap 0
pgpgin 1611348
pgpgout 1152646
pgfault 246989
pgmajfault 489
inactive_anon 131948544
active_anon 131604480
inactive_file 807694336
active_file 807591936
unevictable 4096
hierarchical_memory_limit 1879048192
hierarchical_memsw_limit 5368709120
total_cache 1615360000
total_rss 263483392
total_rss_huge 0
total_mapped_file 2883584
total_writeback 0
total_swap 0
total_pgpgin 1611348
total_pgpgout 1152646
total_pgfault 246989
total_pgmajfault 489
total_inactive_anon 131948544
total_active_anon 131604480
total_inactive_file 807694336
total_active_file 807591936
total_unevictable 4096
--------------------BLKIO-----------------------
11:0 Read 0
11:0 Write 0
11:0 Sync 0
11:0 Async 0
11:0 Total 0
253:0 Read 4604866560
253:0 Write 2985984
253:0 Sync 196608
253:0 Async 4607655936
253:0 Total 4607852544
Total 4607852544
--------------------CPUAC-----------------------
user 2977
system 2338
 
Tue May 16 03:00:16 IST 2017
--------------------MEMCG-----------------------
MEM ONLY  : 1791 MB
MEM+SWAP  : 1791 MB
cache 1614041088
rss 264900608
rss_huge 0
mapped_file 2936832
writeback 0
swap 0
pgpgin 1654556
pgpgout 1195830
pgfault 247429
pgmajfault 490
inactive_anon 132603904
active_anon 132366336
inactive_file 806809600
active_file 807157760
unevictable 4096
hierarchical_memory_limit 1879048192
hierarchical_memsw_limit 5368709120
total_cache 1614041088
total_rss 264900608
total_rss_huge 0
total_mapped_file 2936832
total_writeback 0
total_swap 0
total_pgpgin 1654556
total_pgpgout 1195830
total_pgfault 247429
total_pgmajfault 490
total_inactive_anon 132603904
total_active_anon 132366336
total_inactive_file 806809600
total_active_file 807157760
total_unevictable 4096
--------------------BLKIO-----------------------
11:0 Read 0
11:0 Write 0
11:0 Sync 0
11:0 Async 0
11:0 Total 0
253:0 Read 4724727808
253:0 Write 3031040
253:0 Sync 196608
253:0 Async 4727562240
253:0 Total 4727758848
Total 4727758848
--------------------CPUAC-----------------------
user 3068
system 2416
 
Tue May 16 03:00:46 IST 2017
--------------------MEMCG-----------------------
MEM ONLY  : 1791 MB
MEM+SWAP  : 1791 MB
cache 1614000128
rss 264925184
rss_huge 0
mapped_file 2936832
writeback 0
swap 0
pgpgin 1699056
pgpgout 1240334
pgfault 247604
pgmajfault 490
inactive_anon 132583424
active_anon 132411392
inactive_file 806584320
active_file 807342080
unevictable 4096
hierarchical_memory_limit 1879048192
hierarchical_memsw_limit 5368709120
total_cache 1614000128
total_rss 264925184
total_rss_huge 0
total_mapped_file 2936832
total_writeback 0
total_swap 0
total_pgpgin 1699056
total_pgpgout 1240334
total_pgfault 247604
total_pgmajfault 490
total_inactive_anon 132583424
total_active_anon 132411392
total_inactive_file 806584320
total_active_file 807342080
total_unevictable 4096
--------------------BLKIO-----------------------
11:0 Read 0
11:0 Write 0
11:0 Sync 0
11:0 Async 0
11:0 Total 0
253:0 Read 4849389568
253:0 Write 3084288
253:0 Sync 196608
253:0 Async 4852277248
253:0 Total 4852473856
Total 4852473856
--------------------CPUAC-----------------------
user 3159
system 2492
 
Tue May 16 03:01:16 IST 2017
--------------------MEMCG-----------------------
MEM ONLY  : 1791 MB
MEM+SWAP  : 1791 MB
cache 1614340096
rss 264642560
rss_huge 0
mapped_file 2936832
writeback 0
swap 0
pgpgin 1743386
pgpgout 1284650
pgfault 247857
pgmajfault 490
inactive_anon 132726784
active_anon 131985408
inactive_file 806916096
active_file 807350272
unevictable 4096
hierarchical_memory_limit 1879048192
hierarchical_memsw_limit 5368709120
total_cache 1614340096
total_rss 264642560
total_rss_huge 0
total_mapped_file 2936832
total_writeback 0
total_swap 0
total_pgpgin 1743386
total_pgpgout 1284650
total_pgfault 247857
total_pgmajfault 490
total_inactive_anon 132726784
total_active_anon 131985408
total_inactive_file 806916096
total_active_file 807350272
total_unevictable 4096
--------------------BLKIO-----------------------
11:0 Read 0
11:0 Write 0
11:0 Sync 0
11:0 Async 0
11:0 Total 0
253:0 Read 4971536384
253:0 Write 3145728
253:0 Sync 196608
253:0 Async 4974485504
253:0 Total 4974682112
Total 4974682112
--------------------CPUAC-----------------------
user 3247
system 2563
 
Tue May 16 03:01:46 IST 2017
--------------------MEMCG-----------------------
MEM ONLY  : 1791 MB
MEM+SWAP  : 1791 MB
cache 1614053376
rss 264876032
rss_huge 0
mapped_file 2936832
writeback 0
swap 0
pgpgin 1788233
pgpgout 1329510
pgfault 248247
pgmajfault 490
inactive_anon 132857856
active_anon 132087808
inactive_file 806948864
active_file 806993920
unevictable 4096
hierarchical_memory_limit 1879048192
hierarchical_memsw_limit 5368709120
total_cache 1614053376
total_rss 264876032
total_rss_huge 0
total_mapped_file 2936832
total_writeback 0
total_swap 0
total_pgpgin 1788233
total_pgpgout 1329510
total_pgfault 248247
total_pgmajfault 490
total_inactive_anon 132857856
total_active_anon 132087808
total_inactive_file 806948864
total_active_file 806993920
total_unevictable 4096
--------------------BLKIO-----------------------
11:0 Read 0
11:0 Write 0
11:0 Sync 0
11:0 Async 0
11:0 Total 0
253:0 Read 5093662720
253:0 Write 3219456
253:0 Sync 196608
253:0 Async 5096685568
253:0 Total 5096882176
Total 5096882176
--------------------CPUAC-----------------------
user 3339
system 2634
 
Tue May 16 03:02:16 IST 2017
--------------------MEMCG-----------------------
MEM ONLY  : 1791 MB
MEM+SWAP  : 1791 MB
cache 1614606336
rss 264335360
rss_huge 0
mapped_file 2936832
writeback 0
swap 0
pgpgin 1831401
pgpgout 1372675
pgfault 248422
pgmajfault 490
inactive_anon 132857856
active_anon 131547136
inactive_file 807231488
active_file 807268352
unevictable 4096
hierarchical_memory_limit 1879048192
hierarchical_memsw_limit 5368709120
total_cache 1614606336
total_rss 264335360
total_rss_huge 0
total_mapped_file 2936832
total_writeback 0
total_swap 0
total_pgpgin 1831401
total_pgpgout 1372675
total_pgfault 248422
total_pgmajfault 490
total_inactive_anon 132857856
total_active_anon 131547136
total_inactive_file 807231488
total_active_file 807268352
total_unevictable 4096
--------------------BLKIO-----------------------
11:0 Read 0
11:0 Write 0
11:0 Sync 0
11:0 Async 0
11:0 Total 0
253:0 Read 5211799552
253:0 Write 3297280
253:0 Sync 196608
253:0 Async 5214900224
253:0 Total 5215096832
Total 5215096832
--------------------CPUAC-----------------------
user 3439
system 2704
 
Tue May 16 03:02:46 IST 2017
--------------------MEMCG-----------------------
MEM ONLY  : 1791 MB
MEM+SWAP  : 1791 MB
cache 1615028224
rss 263827456
rss_huge 0
mapped_file 2936832
writeback 0
swap 0
pgpgin 1875699
pgpgout 1416994
pgfault 248527
pgmajfault 490
inactive_anon 132857856
active_anon 131039232
inactive_file 807489536
active_file 807428096
unevictable 4096
hierarchical_memory_limit 1879048192
hierarchical_memsw_limit 5368709120
total_cache 1615028224
total_rss 263827456
total_rss_huge 0
total_mapped_file 2936832
total_writeback 0
total_swap 0
total_pgpgin 1875699
total_pgpgout 1416994
total_pgfault 248527
total_pgmajfault 490
total_inactive_anon 132857856
total_active_anon 131039232
total_inactive_file 807489536
total_active_file 807428096
total_unevictable 4096
--------------------BLKIO-----------------------
11:0 Read 0
11:0 Write 0
11:0 Sync 0
11:0 Async 0
11:0 Total 0
253:0 Read 5333413888
253:0 Write 3383296
253:0 Sync 196608
253:0 Async 5336600576
253:0 Total 5336797184
Total 5336797184
--------------------CPUAC-----------------------
user 3539
system 2777
 
Tue May 16 03:03:16 IST 2017
--------------------MEMCG-----------------------
MEM ONLY  : 1791 MB
MEM+SWAP  : 1791 MB
cache 1615151104
rss 263868416
rss_huge 0
mapped_file 2936832
writeback 0
swap 0
pgpgin 1919044
pgpgout 1460299
pgfault 248683
pgmajfault 490
inactive_anon 132694016
active_anon 131244032
inactive_file 807600128
active_file 807428096
unevictable 4096
hierarchical_memory_limit 1879048192
hierarchical_memsw_limit 5368709120
total_cache 1615151104
total_rss 263868416
total_rss_huge 0
total_mapped_file 2936832
total_writeback 0
total_swap 0
total_pgpgin 1919044
total_pgpgout 1460299
total_pgfault 248683
total_pgmajfault 490
total_inactive_anon 132694016
total_active_anon 131244032
total_inactive_file 807600128
total_active_file 807428096
total_unevictable 4096
--------------------BLKIO-----------------------
11:0 Read 0
11:0 Write 0
11:0 Sync 0
11:0 Async 0
11:0 Total 0
253:0 Read 5451030528
253:0 Write 3481600
253:0 Sync 196608
253:0 Async 5454315520
253:0 Total 5454512128
Total 5454512128
--------------------CPUAC-----------------------
user 3627
system 2862
 
Tue May 16 03:03:46 IST 2017
--------------------MEMCG-----------------------
MEM ONLY  : 1791 MB
MEM+SWAP  : 1791 MB
cache 1614823424
rss 264110080
rss_huge 0
mapped_file 2936832
writeback 0
swap 0
pgpgin 1965047
pgpgout 1506323
pgfault 249072
pgmajfault 490
inactive_anon 132632576
active_anon 131547136
inactive_file 807362560
active_file 807378944
unevictable 4096
hierarchical_memory_limit 1879048192
hierarchical_memsw_limit 5368709120
total_cache 1614823424
total_rss 264110080
total_rss_huge 0
total_mapped_file 2936832
total_writeback 0
total_swap 0
total_pgpgin 1965047
total_pgpgout 1506323
total_pgfault 249072
total_pgmajfault 490
total_inactive_anon 132632576
total_active_anon 131547136
total_inactive_file 807362560
total_active_file 807378944
total_unevictable 4096
--------------------BLKIO-----------------------
11:0 Read 0
11:0 Write 0
11:0 Sync 0
11:0 Async 0
11:0 Total 0
253:0 Read 5574725632
253:0 Write 3588096
253:0 Sync 196608
253:0 Async 5578117120
253:0 Total 5578313728
Total 5578313728
--------------------CPUAC-----------------------
user 3715
system 2932
 
Tue May 16 03:04:16 IST 2017
--------------------MEMCG-----------------------
MEM ONLY  : 1791 MB
MEM+SWAP  : 1791 MB
cache 1615441920
rss 263598080
rss_huge 0
mapped_file 2936832
writeback 0
swap 0
pgpgin 2009396
pgpgout 1550646
pgfault 249226
pgmajfault 490
inactive_anon 132632576
active_anon 131035136
inactive_file 807571456
active_file 807768064
unevictable 4096
hierarchical_memory_limit 1879048192
hierarchical_memsw_limit 5368709120
total_cache 1615441920
total_rss 263598080
total_rss_huge 0
total_mapped_file 2936832
total_writeback 0
total_swap 0
total_pgpgin 2009396
total_pgpgout 1550646
total_pgfault 249226
total_pgmajfault 490
total_inactive_anon 132632576
total_active_anon 131035136
total_inactive_file 807571456
total_active_file 807768064
total_unevictable 4096
--------------------BLKIO-----------------------
11:0 Read 0
11:0 Write 0
11:0 Sync 0
11:0 Async 0
11:0 Total 0
253:0 Read 5697867776
253:0 Write 3624960
253:0 Sync 196608
253:0 Async 5701296128
253:0 Total 5701492736
Total 5701492736
--------------------CPUAC-----------------------
user 3813
system 3008
 
