Sat May 13 21:54:03 IST 2017
--------------------MEMCG-----------------------
MEM ONLY  : 27 MB
MEM+SWAP  : 27 MB
cache 21987328
rss 6852608
rss_huge 0
mapped_file 7802880
writeback 0
swap 0
pgpgin 78015
pgpgout 70974
pgfault 175325
pgmajfault 183
inactive_anon 40960
active_anon 6881280
inactive_file 9670656
active_file 12247040
unevictable 0
hierarchical_memory_limit 1610612736
hierarchical_memsw_limit 5368709120
total_cache 21987328
total_rss 6852608
total_rss_huge 0
total_mapped_file 7802880
total_writeback 0
total_swap 0
total_pgpgin 78015
total_pgpgout 70974
total_pgfault 175325
total_pgmajfault 183
total_inactive_anon 40960
total_active_anon 6881280
total_inactive_file 9670656
total_active_file 12247040
total_unevictable 0
--------------------BLKIO-----------------------
11:0 Read 0
11:0 Write 0
11:0 Sync 0
11:0 Async 0
11:0 Total 0
253:0 Read 21782528
253:0 Write 229376
253:0 Sync 0
253:0 Async 22011904
253:0 Total 22011904
Total 22011904
--------------------CPUAC-----------------------
user 40
system 78
 
Sat May 13 21:54:33 IST 2017
--------------------MEMCG-----------------------
MEM ONLY  : 27 MB
MEM+SWAP  : 27 MB
cache 21987328
rss 6586368
rss_huge 0
mapped_file 7663616
writeback 0
swap 0
pgpgin 78015
pgpgout 71039
pgfault 175332
pgmajfault 183
inactive_anon 40960
active_anon 6615040
inactive_file 9650176
active_file 12267520
unevictable 0
hierarchical_memory_limit 1610612736
hierarchical_memsw_limit 5368709120
total_cache 21987328
total_rss 6586368
total_rss_huge 0
total_mapped_file 7663616
total_writeback 0
total_swap 0
total_pgpgin 78015
total_pgpgout 71039
total_pgfault 175332
total_pgmajfault 183
total_inactive_anon 40960
total_active_anon 6615040
total_inactive_file 9650176
total_active_file 12267520
total_unevictable 0
--------------------BLKIO-----------------------
11:0 Read 0
11:0 Write 0
11:0 Sync 0
11:0 Async 0
11:0 Total 0
253:0 Read 21782528
253:0 Write 229376
253:0 Sync 0
253:0 Async 22011904
253:0 Total 22011904
Total 22011904
--------------------CPUAC-----------------------
user 40
system 78
 
Sat May 13 21:55:03 IST 2017
--------------------MEMCG-----------------------
MEM ONLY  : 27 MB
MEM+SWAP  : 27 MB
cache 21987328
rss 6586368
rss_huge 0
mapped_file 7663616
writeback 0
swap 0
pgpgin 78015
pgpgout 71039
pgfault 175332
pgmajfault 183
inactive_anon 40960
active_anon 6615040
inactive_file 9650176
active_file 12267520
unevictable 0
hierarchical_memory_limit 1610612736
hierarchical_memsw_limit 5368709120
total_cache 21987328
total_rss 6586368
total_rss_huge 0
total_mapped_file 7663616
total_writeback 0
total_swap 0
total_pgpgin 78015
total_pgpgout 71039
total_pgfault 175332
total_pgmajfault 183
total_inactive_anon 40960
total_active_anon 6615040
total_inactive_file 9650176
total_active_file 12267520
total_unevictable 0
--------------------BLKIO-----------------------
11:0 Read 0
11:0 Write 0
11:0 Sync 0
11:0 Async 0
11:0 Total 0
253:0 Read 21782528
253:0 Write 229376
253:0 Sync 0
253:0 Async 22011904
253:0 Total 22011904
Total 22011904
--------------------CPUAC-----------------------
user 40
system 78
 
Sat May 13 21:55:33 IST 2017
--------------------MEMCG-----------------------
MEM ONLY  : 27 MB
MEM+SWAP  : 27 MB
cache 21987328
rss 6586368
rss_huge 0
mapped_file 7663616
writeback 0
swap 0
pgpgin 78015
pgpgout 71039
pgfault 175332
pgmajfault 183
inactive_anon 40960
active_anon 6615040
inactive_file 9650176
active_file 12267520
unevictable 0
hierarchical_memory_limit 1610612736
hierarchical_memsw_limit 5368709120
total_cache 21987328
total_rss 6586368
total_rss_huge 0
total_mapped_file 7663616
total_writeback 0
total_swap 0
total_pgpgin 78015
total_pgpgout 71039
total_pgfault 175332
total_pgmajfault 183
total_inactive_anon 40960
total_active_anon 6615040
total_inactive_file 9650176
total_active_file 12267520
total_unevictable 0
--------------------BLKIO-----------------------
11:0 Read 0
11:0 Write 0
11:0 Sync 0
11:0 Async 0
11:0 Total 0
253:0 Read 21782528
253:0 Write 229376
253:0 Sync 0
253:0 Async 22011904
253:0 Total 22011904
Total 22011904
--------------------CPUAC-----------------------
user 40
system 78
 
Sat May 13 21:56:03 IST 2017
--------------------MEMCG-----------------------
MEM ONLY  : 27 MB
MEM+SWAP  : 27 MB
cache 21987328
rss 6586368
rss_huge 0
mapped_file 7663616
writeback 0
swap 0
pgpgin 78015
pgpgout 71039
pgfault 175332
pgmajfault 183
inactive_anon 40960
active_anon 6615040
inactive_file 9650176
active_file 12267520
unevictable 0
hierarchical_memory_limit 1610612736
hierarchical_memsw_limit 5368709120
total_cache 21987328
total_rss 6586368
total_rss_huge 0
total_mapped_file 7663616
total_writeback 0
total_swap 0
total_pgpgin 78015
total_pgpgout 71039
total_pgfault 175332
total_pgmajfault 183
total_inactive_anon 40960
total_active_anon 6615040
total_inactive_file 9650176
total_active_file 12267520
total_unevictable 0
--------------------BLKIO-----------------------
11:0 Read 0
11:0 Write 0
11:0 Sync 0
11:0 Async 0
11:0 Total 0
253:0 Read 21782528
253:0 Write 229376
253:0 Sync 0
253:0 Async 22011904
253:0 Total 22011904
Total 22011904
--------------------CPUAC-----------------------
user 40
system 78
 
Sat May 13 21:56:33 IST 2017
--------------------MEMCG-----------------------
MEM ONLY  : 27 MB
MEM+SWAP  : 27 MB
cache 21987328
rss 6586368
rss_huge 0
mapped_file 7663616
writeback 0
swap 0
pgpgin 78015
pgpgout 71039
pgfault 175332
pgmajfault 183
inactive_anon 40960
active_anon 6615040
inactive_file 9650176
active_file 12267520
unevictable 0
hierarchical_memory_limit 1610612736
hierarchical_memsw_limit 5368709120
total_cache 21987328
total_rss 6586368
total_rss_huge 0
total_mapped_file 7663616
total_writeback 0
total_swap 0
total_pgpgin 78015
total_pgpgout 71039
total_pgfault 175332
total_pgmajfault 183
total_inactive_anon 40960
total_active_anon 6615040
total_inactive_file 9650176
total_active_file 12267520
total_unevictable 0
--------------------BLKIO-----------------------
11:0 Read 0
11:0 Write 0
11:0 Sync 0
11:0 Async 0
11:0 Total 0
253:0 Read 21782528
253:0 Write 229376
253:0 Sync 0
253:0 Async 22011904
253:0 Total 22011904
Total 22011904
--------------------CPUAC-----------------------
user 40
system 78
 
Sat May 13 21:57:03 IST 2017
--------------------MEMCG-----------------------
MEM ONLY  : 27 MB
MEM+SWAP  : 27 MB
cache 21987328
rss 6586368
rss_huge 0
mapped_file 7663616
writeback 0
swap 0
pgpgin 78015
pgpgout 71039
pgfault 175332
pgmajfault 183
inactive_anon 40960
active_anon 6615040
inactive_file 9650176
active_file 12267520
unevictable 0
hierarchical_memory_limit 1610612736
hierarchical_memsw_limit 5368709120
total_cache 21987328
total_rss 6586368
total_rss_huge 0
total_mapped_file 7663616
total_writeback 0
total_swap 0
total_pgpgin 78015
total_pgpgout 71039
total_pgfault 175332
total_pgmajfault 183
total_inactive_anon 40960
total_active_anon 6615040
total_inactive_file 9650176
total_active_file 12267520
total_unevictable 0
--------------------BLKIO-----------------------
11:0 Read 0
11:0 Write 0
11:0 Sync 0
11:0 Async 0
11:0 Total 0
253:0 Read 21782528
253:0 Write 229376
253:0 Sync 0
253:0 Async 22011904
253:0 Total 22011904
Total 22011904
--------------------CPUAC-----------------------
user 40
system 78
 
Sat May 13 21:57:33 IST 2017
--------------------MEMCG-----------------------
MEM ONLY  : 27 MB
MEM+SWAP  : 27 MB
cache 21987328
rss 6586368
rss_huge 0
mapped_file 7663616
writeback 0
swap 0
pgpgin 78015
pgpgout 71039
pgfault 175332
pgmajfault 183
inactive_anon 40960
active_anon 6615040
inactive_file 9650176
active_file 12267520
unevictable 0
hierarchical_memory_limit 1610612736
hierarchical_memsw_limit 5368709120
total_cache 21987328
total_rss 6586368
total_rss_huge 0
total_mapped_file 7663616
total_writeback 0
total_swap 0
total_pgpgin 78015
total_pgpgout 71039
total_pgfault 175332
total_pgmajfault 183
total_inactive_anon 40960
total_active_anon 6615040
total_inactive_file 9650176
total_active_file 12267520
total_unevictable 0
--------------------BLKIO-----------------------
11:0 Read 0
11:0 Write 0
11:0 Sync 0
11:0 Async 0
11:0 Total 0
253:0 Read 21782528
253:0 Write 229376
253:0 Sync 0
253:0 Async 22011904
253:0 Total 22011904
Total 22011904
--------------------CPUAC-----------------------
user 40
system 78
 
Sat May 13 21:58:04 IST 2017
--------------------MEMCG-----------------------
MEM ONLY  : 27 MB
MEM+SWAP  : 27 MB
cache 21987328
rss 6586368
rss_huge 0
mapped_file 7663616
writeback 0
swap 0
pgpgin 78015
pgpgout 71039
pgfault 175332
pgmajfault 183
inactive_anon 40960
active_anon 6615040
inactive_file 9650176
active_file 12267520
unevictable 0
hierarchical_memory_limit 1610612736
hierarchical_memsw_limit 5368709120
total_cache 21987328
total_rss 6586368
total_rss_huge 0
total_mapped_file 7663616
total_writeback 0
total_swap 0
total_pgpgin 78015
total_pgpgout 71039
total_pgfault 175332
total_pgmajfault 183
total_inactive_anon 40960
total_active_anon 6615040
total_inactive_file 9650176
total_active_file 12267520
total_unevictable 0
--------------------BLKIO-----------------------
11:0 Read 0
11:0 Write 0
11:0 Sync 0
11:0 Async 0
11:0 Total 0
253:0 Read 21782528
253:0 Write 229376
253:0 Sync 0
253:0 Async 22011904
253:0 Total 22011904
Total 22011904
--------------------CPUAC-----------------------
user 40
system 78
 
Sat May 13 21:58:34 IST 2017
--------------------MEMCG-----------------------
MEM ONLY  : 27 MB
MEM+SWAP  : 27 MB
cache 21987328
rss 6586368
rss_huge 0
mapped_file 7663616
writeback 0
swap 0
pgpgin 78015
pgpgout 71039
pgfault 175332
pgmajfault 183
inactive_anon 40960
active_anon 6615040
inactive_file 9650176
active_file 12267520
unevictable 0
hierarchical_memory_limit 1610612736
hierarchical_memsw_limit 5368709120
total_cache 21987328
total_rss 6586368
total_rss_huge 0
total_mapped_file 7663616
total_writeback 0
total_swap 0
total_pgpgin 78015
total_pgpgout 71039
total_pgfault 175332
total_pgmajfault 183
total_inactive_anon 40960
total_active_anon 6615040
total_inactive_file 9650176
total_active_file 12267520
total_unevictable 0
--------------------BLKIO-----------------------
11:0 Read 0
11:0 Write 0
11:0 Sync 0
11:0 Async 0
11:0 Total 0
253:0 Read 21782528
253:0 Write 229376
253:0 Sync 0
253:0 Async 22011904
253:0 Total 22011904
Total 22011904
--------------------CPUAC-----------------------
user 40
system 78
 
Sat May 13 21:59:04 IST 2017
--------------------MEMCG-----------------------
MEM ONLY  : 27 MB
MEM+SWAP  : 27 MB
cache 21987328
rss 6586368
rss_huge 0
mapped_file 7663616
writeback 0
swap 0
pgpgin 78015
pgpgout 71039
pgfault 175332
pgmajfault 183
inactive_anon 40960
active_anon 6615040
inactive_file 9650176
active_file 12267520
unevictable 0
hierarchical_memory_limit 1610612736
hierarchical_memsw_limit 5368709120
total_cache 21987328
total_rss 6586368
total_rss_huge 0
total_mapped_file 7663616
total_writeback 0
total_swap 0
total_pgpgin 78015
total_pgpgout 71039
total_pgfault 175332
total_pgmajfault 183
total_inactive_anon 40960
total_active_anon 6615040
total_inactive_file 9650176
total_active_file 12267520
total_unevictable 0
--------------------BLKIO-----------------------
11:0 Read 0
11:0 Write 0
11:0 Sync 0
11:0 Async 0
11:0 Total 0
253:0 Read 21782528
253:0 Write 229376
253:0 Sync 0
253:0 Async 22011904
253:0 Total 22011904
Total 22011904
--------------------CPUAC-----------------------
user 40
system 78
 
Sat May 13 21:59:34 IST 2017
--------------------MEMCG-----------------------
MEM ONLY  : 27 MB
MEM+SWAP  : 27 MB
cache 21987328
rss 6586368
rss_huge 0
mapped_file 7663616
writeback 0
swap 0
pgpgin 78015
pgpgout 71039
pgfault 175332
pgmajfault 183
inactive_anon 40960
active_anon 6615040
inactive_file 9650176
active_file 12267520
unevictable 0
hierarchical_memory_limit 1610612736
hierarchical_memsw_limit 5368709120
total_cache 21987328
total_rss 6586368
total_rss_huge 0
total_mapped_file 7663616
total_writeback 0
total_swap 0
total_pgpgin 78015
total_pgpgout 71039
total_pgfault 175332
total_pgmajfault 183
total_inactive_anon 40960
total_active_anon 6615040
total_inactive_file 9650176
total_active_file 12267520
total_unevictable 0
--------------------BLKIO-----------------------
11:0 Read 0
11:0 Write 0
11:0 Sync 0
11:0 Async 0
11:0 Total 0
253:0 Read 21782528
253:0 Write 229376
253:0 Sync 0
253:0 Async 22011904
253:0 Total 22011904
Total 22011904
--------------------CPUAC-----------------------
user 40
system 78
 
Sat May 13 22:00:04 IST 2017
--------------------MEMCG-----------------------
MEM ONLY  : 27 MB
MEM+SWAP  : 27 MB
cache 21987328
rss 6586368
rss_huge 0
mapped_file 7663616
writeback 0
swap 0
pgpgin 78015
pgpgout 71039
pgfault 175332
pgmajfault 183
inactive_anon 40960
active_anon 6615040
inactive_file 9650176
active_file 12267520
unevictable 0
hierarchical_memory_limit 1610612736
hierarchical_memsw_limit 5368709120
total_cache 21987328
total_rss 6586368
total_rss_huge 0
total_mapped_file 7663616
total_writeback 0
total_swap 0
total_pgpgin 78015
total_pgpgout 71039
total_pgfault 175332
total_pgmajfault 183
total_inactive_anon 40960
total_active_anon 6615040
total_inactive_file 9650176
total_active_file 12267520
total_unevictable 0
--------------------BLKIO-----------------------
11:0 Read 0
11:0 Write 0
11:0 Sync 0
11:0 Async 0
11:0 Total 0
253:0 Read 21782528
253:0 Write 229376
253:0 Sync 0
253:0 Async 22011904
253:0 Total 22011904
Total 22011904
--------------------CPUAC-----------------------
user 40
system 78
 
Sat May 13 22:00:34 IST 2017
--------------------MEMCG-----------------------
MEM ONLY  : 27 MB
MEM+SWAP  : 27 MB
cache 21987328
rss 6586368
rss_huge 0
mapped_file 7663616
writeback 0
swap 0
pgpgin 78015
pgpgout 71039
pgfault 175332
pgmajfault 183
inactive_anon 40960
active_anon 6615040
inactive_file 9650176
active_file 12267520
unevictable 0
hierarchical_memory_limit 1610612736
hierarchical_memsw_limit 5368709120
total_cache 21987328
total_rss 6586368
total_rss_huge 0
total_mapped_file 7663616
total_writeback 0
total_swap 0
total_pgpgin 78015
total_pgpgout 71039
total_pgfault 175332
total_pgmajfault 183
total_inactive_anon 40960
total_active_anon 6615040
total_inactive_file 9650176
total_active_file 12267520
total_unevictable 0
--------------------BLKIO-----------------------
11:0 Read 0
11:0 Write 0
11:0 Sync 0
11:0 Async 0
11:0 Total 0
253:0 Read 21782528
253:0 Write 229376
253:0 Sync 0
253:0 Async 22011904
253:0 Total 22011904
Total 22011904
--------------------CPUAC-----------------------
user 40
system 78
 
Sat May 13 22:01:04 IST 2017
--------------------MEMCG-----------------------
MEM ONLY  : 27 MB
MEM+SWAP  : 27 MB
cache 21987328
rss 6586368
rss_huge 0
mapped_file 7663616
writeback 0
swap 0
pgpgin 78015
pgpgout 71039
pgfault 175332
pgmajfault 183
inactive_anon 40960
active_anon 6615040
inactive_file 9650176
active_file 12267520
unevictable 0
hierarchical_memory_limit 1610612736
hierarchical_memsw_limit 5368709120
total_cache 21987328
total_rss 6586368
total_rss_huge 0
total_mapped_file 7663616
total_writeback 0
total_swap 0
total_pgpgin 78015
total_pgpgout 71039
total_pgfault 175332
total_pgmajfault 183
total_inactive_anon 40960
total_active_anon 6615040
total_inactive_file 9650176
total_active_file 12267520
total_unevictable 0
--------------------BLKIO-----------------------
11:0 Read 0
11:0 Write 0
11:0 Sync 0
11:0 Async 0
11:0 Total 0
253:0 Read 21782528
253:0 Write 229376
253:0 Sync 0
253:0 Async 22011904
253:0 Total 22011904
Total 22011904
--------------------CPUAC-----------------------
user 40
system 78
 
Sat May 13 22:01:34 IST 2017
--------------------MEMCG-----------------------
MEM ONLY  : 27 MB
MEM+SWAP  : 27 MB
cache 21987328
rss 6586368
rss_huge 0
mapped_file 7663616
writeback 0
swap 0
pgpgin 78015
pgpgout 71039
pgfault 175332
pgmajfault 183
inactive_anon 40960
active_anon 6615040
inactive_file 9650176
active_file 12267520
unevictable 0
hierarchical_memory_limit 1610612736
hierarchical_memsw_limit 5368709120
total_cache 21987328
total_rss 6586368
total_rss_huge 0
total_mapped_file 7663616
total_writeback 0
total_swap 0
total_pgpgin 78015
total_pgpgout 71039
total_pgfault 175332
total_pgmajfault 183
total_inactive_anon 40960
total_active_anon 6615040
total_inactive_file 9650176
total_active_file 12267520
total_unevictable 0
--------------------BLKIO-----------------------
11:0 Read 0
11:0 Write 0
11:0 Sync 0
11:0 Async 0
11:0 Total 0
253:0 Read 21782528
253:0 Write 229376
253:0 Sync 0
253:0 Async 22011904
253:0 Total 22011904
Total 22011904
--------------------CPUAC-----------------------
user 40
system 78
 
Sat May 13 22:02:04 IST 2017
--------------------MEMCG-----------------------
MEM ONLY  : 27 MB
MEM+SWAP  : 27 MB
cache 21987328
rss 6586368
rss_huge 0
mapped_file 7663616
writeback 0
swap 0
pgpgin 78015
pgpgout 71039
pgfault 175332
pgmajfault 183
inactive_anon 40960
active_anon 6615040
inactive_file 9650176
active_file 12267520
unevictable 0
hierarchical_memory_limit 1610612736
hierarchical_memsw_limit 5368709120
total_cache 21987328
total_rss 6586368
total_rss_huge 0
total_mapped_file 7663616
total_writeback 0
total_swap 0
total_pgpgin 78015
total_pgpgout 71039
total_pgfault 175332
total_pgmajfault 183
total_inactive_anon 40960
total_active_anon 6615040
total_inactive_file 9650176
total_active_file 12267520
total_unevictable 0
--------------------BLKIO-----------------------
11:0 Read 0
11:0 Write 0
11:0 Sync 0
11:0 Async 0
11:0 Total 0
253:0 Read 21782528
253:0 Write 229376
253:0 Sync 0
253:0 Async 22011904
253:0 Total 22011904
Total 22011904
--------------------CPUAC-----------------------
user 40
system 78
 
Sat May 13 22:02:34 IST 2017
--------------------MEMCG-----------------------
MEM ONLY  : 27 MB
MEM+SWAP  : 27 MB
cache 21987328
rss 6586368
rss_huge 0
mapped_file 7663616
writeback 0
swap 0
pgpgin 78015
pgpgout 71039
pgfault 175332
pgmajfault 183
inactive_anon 40960
active_anon 6615040
inactive_file 9650176
active_file 12267520
unevictable 0
hierarchical_memory_limit 1610612736
hierarchical_memsw_limit 5368709120
total_cache 21987328
total_rss 6586368
total_rss_huge 0
total_mapped_file 7663616
total_writeback 0
total_swap 0
total_pgpgin 78015
total_pgpgout 71039
total_pgfault 175332
total_pgmajfault 183
total_inactive_anon 40960
total_active_anon 6615040
total_inactive_file 9650176
total_active_file 12267520
total_unevictable 0
--------------------BLKIO-----------------------
11:0 Read 0
11:0 Write 0
11:0 Sync 0
11:0 Async 0
11:0 Total 0
253:0 Read 21782528
253:0 Write 229376
253:0 Sync 0
253:0 Async 22011904
253:0 Total 22011904
Total 22011904
--------------------CPUAC-----------------------
user 40
system 78
 
Sat May 13 22:03:04 IST 2017
--------------------MEMCG-----------------------
MEM ONLY  : 27 MB
MEM+SWAP  : 27 MB
cache 21987328
rss 6586368
rss_huge 0
mapped_file 7663616
writeback 0
swap 0
pgpgin 78015
pgpgout 71039
pgfault 175332
pgmajfault 183
inactive_anon 40960
active_anon 6615040
inactive_file 9650176
active_file 12267520
unevictable 0
hierarchical_memory_limit 1610612736
hierarchical_memsw_limit 5368709120
total_cache 21987328
total_rss 6586368
total_rss_huge 0
total_mapped_file 7663616
total_writeback 0
total_swap 0
total_pgpgin 78015
total_pgpgout 71039
total_pgfault 175332
total_pgmajfault 183
total_inactive_anon 40960
total_active_anon 6615040
total_inactive_file 9650176
total_active_file 12267520
total_unevictable 0
--------------------BLKIO-----------------------
11:0 Read 0
11:0 Write 0
11:0 Sync 0
11:0 Async 0
11:0 Total 0
253:0 Read 21782528
253:0 Write 229376
253:0 Sync 0
253:0 Async 22011904
253:0 Total 22011904
Total 22011904
--------------------CPUAC-----------------------
user 40
system 78
 
Sat May 13 22:03:34 IST 2017
--------------------MEMCG-----------------------
MEM ONLY  : 27 MB
MEM+SWAP  : 27 MB
cache 21987328
rss 6586368
rss_huge 0
mapped_file 7663616
writeback 0
swap 0
pgpgin 78015
pgpgout 71039
pgfault 175332
pgmajfault 183
inactive_anon 40960
active_anon 6615040
inactive_file 9650176
active_file 12267520
unevictable 0
hierarchical_memory_limit 1610612736
hierarchical_memsw_limit 5368709120
total_cache 21987328
total_rss 6586368
total_rss_huge 0
total_mapped_file 7663616
total_writeback 0
total_swap 0
total_pgpgin 78015
total_pgpgout 71039
total_pgfault 175332
total_pgmajfault 183
total_inactive_anon 40960
total_active_anon 6615040
total_inactive_file 9650176
total_active_file 12267520
total_unevictable 0
--------------------BLKIO-----------------------
11:0 Read 0
11:0 Write 0
11:0 Sync 0
11:0 Async 0
11:0 Total 0
253:0 Read 21782528
253:0 Write 229376
253:0 Sync 0
253:0 Async 22011904
253:0 Total 22011904
Total 22011904
--------------------CPUAC-----------------------
user 40
system 78
 
Sat May 13 22:04:04 IST 2017
--------------------MEMCG-----------------------
MEM ONLY  : 27 MB
MEM+SWAP  : 27 MB
cache 21987328
rss 6586368
rss_huge 0
mapped_file 7663616
writeback 0
swap 0
pgpgin 78015
pgpgout 71039
pgfault 175332
pgmajfault 183
inactive_anon 40960
active_anon 6615040
inactive_file 9650176
active_file 12267520
unevictable 0
hierarchical_memory_limit 1610612736
hierarchical_memsw_limit 5368709120
total_cache 21987328
total_rss 6586368
total_rss_huge 0
total_mapped_file 7663616
total_writeback 0
total_swap 0
total_pgpgin 78015
total_pgpgout 71039
total_pgfault 175332
total_pgmajfault 183
total_inactive_anon 40960
total_active_anon 6615040
total_inactive_file 9650176
total_active_file 12267520
total_unevictable 0
--------------------BLKIO-----------------------
11:0 Read 0
11:0 Write 0
11:0 Sync 0
11:0 Async 0
11:0 Total 0
253:0 Read 21782528
253:0 Write 229376
253:0 Sync 0
253:0 Async 22011904
253:0 Total 22011904
Total 22011904
--------------------CPUAC-----------------------
user 40
system 78
 
Sat May 13 22:04:34 IST 2017
--------------------MEMCG-----------------------
MEM ONLY  : 27 MB
MEM+SWAP  : 27 MB
cache 21987328
rss 6586368
rss_huge 0
mapped_file 7663616
writeback 0
swap 0
pgpgin 78015
pgpgout 71039
pgfault 175332
pgmajfault 183
inactive_anon 40960
active_anon 6615040
inactive_file 9650176
active_file 12267520
unevictable 0
hierarchical_memory_limit 1610612736
hierarchical_memsw_limit 5368709120
total_cache 21987328
total_rss 6586368
total_rss_huge 0
total_mapped_file 7663616
total_writeback 0
total_swap 0
total_pgpgin 78015
total_pgpgout 71039
total_pgfault 175332
total_pgmajfault 183
total_inactive_anon 40960
total_active_anon 6615040
total_inactive_file 9650176
total_active_file 12267520
total_unevictable 0
--------------------BLKIO-----------------------
11:0 Read 0
11:0 Write 0
11:0 Sync 0
11:0 Async 0
11:0 Total 0
253:0 Read 21782528
253:0 Write 229376
253:0 Sync 0
253:0 Async 22011904
253:0 Total 22011904
Total 22011904
--------------------CPUAC-----------------------
user 40
system 78
 
Sat May 13 22:05:04 IST 2017
--------------------MEMCG-----------------------
MEM ONLY  : 27 MB
MEM+SWAP  : 27 MB
cache 21987328
rss 6586368
rss_huge 0
mapped_file 7663616
writeback 0
swap 0
pgpgin 78015
pgpgout 71039
pgfault 175332
pgmajfault 183
inactive_anon 40960
active_anon 6615040
inactive_file 9650176
active_file 12267520
unevictable 0
hierarchical_memory_limit 1610612736
hierarchical_memsw_limit 5368709120
total_cache 21987328
total_rss 6586368
total_rss_huge 0
total_mapped_file 7663616
total_writeback 0
total_swap 0
total_pgpgin 78015
total_pgpgout 71039
total_pgfault 175332
total_pgmajfault 183
total_inactive_anon 40960
total_active_anon 6615040
total_inactive_file 9650176
total_active_file 12267520
total_unevictable 0
--------------------BLKIO-----------------------
11:0 Read 0
11:0 Write 0
11:0 Sync 0
11:0 Async 0
11:0 Total 0
253:0 Read 21782528
253:0 Write 229376
253:0 Sync 0
253:0 Async 22011904
253:0 Total 22011904
Total 22011904
--------------------CPUAC-----------------------
user 40
system 78
 
Sat May 13 22:05:34 IST 2017
--------------------MEMCG-----------------------
MEM ONLY  : 27 MB
MEM+SWAP  : 27 MB
cache 21987328
rss 6586368
rss_huge 0
mapped_file 7663616
writeback 0
swap 0
pgpgin 78015
pgpgout 71039
pgfault 175332
pgmajfault 183
inactive_anon 40960
active_anon 6615040
inactive_file 9650176
active_file 12267520
unevictable 0
hierarchical_memory_limit 1610612736
hierarchical_memsw_limit 5368709120
total_cache 21987328
total_rss 6586368
total_rss_huge 0
total_mapped_file 7663616
total_writeback 0
total_swap 0
total_pgpgin 78015
total_pgpgout 71039
total_pgfault 175332
total_pgmajfault 183
total_inactive_anon 40960
total_active_anon 6615040
total_inactive_file 9650176
total_active_file 12267520
total_unevictable 0
--------------------BLKIO-----------------------
11:0 Read 0
11:0 Write 0
11:0 Sync 0
11:0 Async 0
11:0 Total 0
253:0 Read 21782528
253:0 Write 229376
253:0 Sync 0
253:0 Async 22011904
253:0 Total 22011904
Total 22011904
--------------------CPUAC-----------------------
user 40
system 78
 
Sat May 13 22:06:04 IST 2017
--------------------MEMCG-----------------------
MEM ONLY  : 27 MB
MEM+SWAP  : 27 MB
cache 21987328
rss 6586368
rss_huge 0
mapped_file 7663616
writeback 0
swap 0
pgpgin 78015
pgpgout 71039
pgfault 175332
pgmajfault 183
inactive_anon 40960
active_anon 6615040
inactive_file 9650176
active_file 12267520
unevictable 0
hierarchical_memory_limit 1610612736
hierarchical_memsw_limit 5368709120
total_cache 21987328
total_rss 6586368
total_rss_huge 0
total_mapped_file 7663616
total_writeback 0
total_swap 0
total_pgpgin 78015
total_pgpgout 71039
total_pgfault 175332
total_pgmajfault 183
total_inactive_anon 40960
total_active_anon 6615040
total_inactive_file 9650176
total_active_file 12267520
total_unevictable 0
--------------------BLKIO-----------------------
11:0 Read 0
11:0 Write 0
11:0 Sync 0
11:0 Async 0
11:0 Total 0
253:0 Read 21782528
253:0 Write 229376
253:0 Sync 0
253:0 Async 22011904
253:0 Total 22011904
Total 22011904
--------------------CPUAC-----------------------
user 40
system 78
 
Sat May 13 22:06:34 IST 2017
--------------------MEMCG-----------------------
MEM ONLY  : 27 MB
MEM+SWAP  : 27 MB
cache 21987328
rss 6586368
rss_huge 0
mapped_file 7663616
writeback 0
swap 0
pgpgin 78015
pgpgout 71039
pgfault 175332
pgmajfault 183
inactive_anon 40960
active_anon 6615040
inactive_file 9650176
active_file 12267520
unevictable 0
hierarchical_memory_limit 1610612736
hierarchical_memsw_limit 5368709120
total_cache 21987328
total_rss 6586368
total_rss_huge 0
total_mapped_file 7663616
total_writeback 0
total_swap 0
total_pgpgin 78015
total_pgpgout 71039
total_pgfault 175332
total_pgmajfault 183
total_inactive_anon 40960
total_active_anon 6615040
total_inactive_file 9650176
total_active_file 12267520
total_unevictable 0
--------------------BLKIO-----------------------
11:0 Read 0
11:0 Write 0
11:0 Sync 0
11:0 Async 0
11:0 Total 0
253:0 Read 21782528
253:0 Write 229376
253:0 Sync 0
253:0 Async 22011904
253:0 Total 22011904
Total 22011904
--------------------CPUAC-----------------------
user 40
system 78
 
Sat May 13 22:07:04 IST 2017
--------------------MEMCG-----------------------
MEM ONLY  : 27 MB
MEM+SWAP  : 27 MB
cache 21987328
rss 6586368
rss_huge 0
mapped_file 7663616
writeback 0
swap 0
pgpgin 78015
pgpgout 71039
pgfault 175332
pgmajfault 183
inactive_anon 40960
active_anon 6615040
inactive_file 9650176
active_file 12267520
unevictable 0
hierarchical_memory_limit 1610612736
hierarchical_memsw_limit 5368709120
total_cache 21987328
total_rss 6586368
total_rss_huge 0
total_mapped_file 7663616
total_writeback 0
total_swap 0
total_pgpgin 78015
total_pgpgout 71039
total_pgfault 175332
total_pgmajfault 183
total_inactive_anon 40960
total_active_anon 6615040
total_inactive_file 9650176
total_active_file 12267520
total_unevictable 0
--------------------BLKIO-----------------------
11:0 Read 0
11:0 Write 0
11:0 Sync 0
11:0 Async 0
11:0 Total 0
253:0 Read 21782528
253:0 Write 229376
253:0 Sync 0
253:0 Async 22011904
253:0 Total 22011904
Total 22011904
--------------------CPUAC-----------------------
user 40
system 78
 
Sat May 13 22:07:34 IST 2017
--------------------MEMCG-----------------------
MEM ONLY  : 27 MB
MEM+SWAP  : 27 MB
cache 21987328
rss 6586368
rss_huge 0
mapped_file 7663616
writeback 0
swap 0
pgpgin 78015
pgpgout 71039
pgfault 175332
pgmajfault 183
inactive_anon 40960
active_anon 6615040
inactive_file 9650176
active_file 12267520
unevictable 0
hierarchical_memory_limit 1610612736
hierarchical_memsw_limit 5368709120
total_cache 21987328
total_rss 6586368
total_rss_huge 0
total_mapped_file 7663616
total_writeback 0
total_swap 0
total_pgpgin 78015
total_pgpgout 71039
total_pgfault 175332
total_pgmajfault 183
total_inactive_anon 40960
total_active_anon 6615040
total_inactive_file 9650176
total_active_file 12267520
total_unevictable 0
--------------------BLKIO-----------------------
11:0 Read 0
11:0 Write 0
11:0 Sync 0
11:0 Async 0
11:0 Total 0
253:0 Read 21782528
253:0 Write 229376
253:0 Sync 0
253:0 Async 22011904
253:0 Total 22011904
Total 22011904
--------------------CPUAC-----------------------
user 40
system 78
 
Sat May 13 22:08:04 IST 2017
--------------------MEMCG-----------------------
MEM ONLY  : 27 MB
MEM+SWAP  : 27 MB
cache 21987328
rss 6586368
rss_huge 0
mapped_file 7663616
writeback 0
swap 0
pgpgin 78015
pgpgout 71039
pgfault 175332
pgmajfault 183
inactive_anon 40960
active_anon 6615040
inactive_file 9650176
active_file 12267520
unevictable 0
hierarchical_memory_limit 1610612736
hierarchical_memsw_limit 5368709120
total_cache 21987328
total_rss 6586368
total_rss_huge 0
total_mapped_file 7663616
total_writeback 0
total_swap 0
total_pgpgin 78015
total_pgpgout 71039
total_pgfault 175332
total_pgmajfault 183
total_inactive_anon 40960
total_active_anon 6615040
total_inactive_file 9650176
total_active_file 12267520
total_unevictable 0
--------------------BLKIO-----------------------
11:0 Read 0
11:0 Write 0
11:0 Sync 0
11:0 Async 0
11:0 Total 0
253:0 Read 21782528
253:0 Write 229376
253:0 Sync 0
253:0 Async 22011904
253:0 Total 22011904
Total 22011904
--------------------CPUAC-----------------------
user 40
system 78
 
Sat May 13 22:08:34 IST 2017
--------------------MEMCG-----------------------
MEM ONLY  : 27 MB
MEM+SWAP  : 27 MB
cache 21987328
rss 6586368
rss_huge 0
mapped_file 7663616
writeback 0
swap 0
pgpgin 78015
pgpgout 71039
pgfault 175332
pgmajfault 183
inactive_anon 40960
active_anon 6615040
inactive_file 9650176
active_file 12267520
unevictable 0
hierarchical_memory_limit 1610612736
hierarchical_memsw_limit 5368709120
total_cache 21987328
total_rss 6586368
total_rss_huge 0
total_mapped_file 7663616
total_writeback 0
total_swap 0
total_pgpgin 78015
total_pgpgout 71039
total_pgfault 175332
total_pgmajfault 183
total_inactive_anon 40960
total_active_anon 6615040
total_inactive_file 9650176
total_active_file 12267520
total_unevictable 0
--------------------BLKIO-----------------------
11:0 Read 0
11:0 Write 0
11:0 Sync 0
11:0 Async 0
11:0 Total 0
253:0 Read 21782528
253:0 Write 229376
253:0 Sync 0
253:0 Async 22011904
253:0 Total 22011904
Total 22011904
--------------------CPUAC-----------------------
user 40
system 78
 
Sat May 13 22:09:04 IST 2017
--------------------MEMCG-----------------------
MEM ONLY  : 27 MB
MEM+SWAP  : 27 MB
cache 21987328
rss 6586368
rss_huge 0
mapped_file 7663616
writeback 0
swap 0
pgpgin 78015
pgpgout 71039
pgfault 175332
pgmajfault 183
inactive_anon 40960
active_anon 6615040
inactive_file 9650176
active_file 12267520
unevictable 0
hierarchical_memory_limit 1610612736
hierarchical_memsw_limit 5368709120
total_cache 21987328
total_rss 6586368
total_rss_huge 0
total_mapped_file 7663616
total_writeback 0
total_swap 0
total_pgpgin 78015
total_pgpgout 71039
total_pgfault 175332
total_pgmajfault 183
total_inactive_anon 40960
total_active_anon 6615040
total_inactive_file 9650176
total_active_file 12267520
total_unevictable 0
--------------------BLKIO-----------------------
11:0 Read 0
11:0 Write 0
11:0 Sync 0
11:0 Async 0
11:0 Total 0
253:0 Read 21782528
253:0 Write 229376
253:0 Sync 0
253:0 Async 22011904
253:0 Total 22011904
Total 22011904
--------------------CPUAC-----------------------
user 40
system 78
 
Sat May 13 22:09:34 IST 2017
--------------------MEMCG-----------------------
MEM ONLY  : 27 MB
MEM+SWAP  : 27 MB
cache 21987328
rss 6586368
rss_huge 0
mapped_file 7663616
writeback 0
swap 0
pgpgin 78015
pgpgout 71039
pgfault 175332
pgmajfault 183
inactive_anon 40960
active_anon 6615040
inactive_file 9650176
active_file 12267520
unevictable 0
hierarchical_memory_limit 1610612736
hierarchical_memsw_limit 5368709120
total_cache 21987328
total_rss 6586368
total_rss_huge 0
total_mapped_file 7663616
total_writeback 0
total_swap 0
total_pgpgin 78015
total_pgpgout 71039
total_pgfault 175332
total_pgmajfault 183
total_inactive_anon 40960
total_active_anon 6615040
total_inactive_file 9650176
total_active_file 12267520
total_unevictable 0
--------------------BLKIO-----------------------
11:0 Read 0
11:0 Write 0
11:0 Sync 0
11:0 Async 0
11:0 Total 0
253:0 Read 21782528
253:0 Write 229376
253:0 Sync 0
253:0 Async 22011904
253:0 Total 22011904
Total 22011904
--------------------CPUAC-----------------------
user 40
system 78
 
Sat May 13 22:10:04 IST 2017
--------------------MEMCG-----------------------
MEM ONLY  : 27 MB
MEM+SWAP  : 27 MB
cache 21987328
rss 6586368
rss_huge 0
mapped_file 7663616
writeback 0
swap 0
pgpgin 78015
pgpgout 71039
pgfault 175332
pgmajfault 183
inactive_anon 40960
active_anon 6615040
inactive_file 9650176
active_file 12267520
unevictable 0
hierarchical_memory_limit 1610612736
hierarchical_memsw_limit 5368709120
total_cache 21987328
total_rss 6586368
total_rss_huge 0
total_mapped_file 7663616
total_writeback 0
total_swap 0
total_pgpgin 78015
total_pgpgout 71039
total_pgfault 175332
total_pgmajfault 183
total_inactive_anon 40960
total_active_anon 6615040
total_inactive_file 9650176
total_active_file 12267520
total_unevictable 0
--------------------BLKIO-----------------------
11:0 Read 0
11:0 Write 0
11:0 Sync 0
11:0 Async 0
11:0 Total 0
253:0 Read 21782528
253:0 Write 229376
253:0 Sync 0
253:0 Async 22011904
253:0 Total 22011904
Total 22011904
--------------------CPUAC-----------------------
user 40
system 78
 
Sat May 13 22:10:34 IST 2017
--------------------MEMCG-----------------------
MEM ONLY  : 27 MB
MEM+SWAP  : 27 MB
cache 21987328
rss 6586368
rss_huge 0
mapped_file 7663616
writeback 0
swap 0
pgpgin 78015
pgpgout 71039
pgfault 175332
pgmajfault 183
inactive_anon 40960
active_anon 6615040
inactive_file 9650176
active_file 12267520
unevictable 0
hierarchical_memory_limit 1610612736
hierarchical_memsw_limit 5368709120
total_cache 21987328
total_rss 6586368
total_rss_huge 0
total_mapped_file 7663616
total_writeback 0
total_swap 0
total_pgpgin 78015
total_pgpgout 71039
total_pgfault 175332
total_pgmajfault 183
total_inactive_anon 40960
total_active_anon 6615040
total_inactive_file 9650176
total_active_file 12267520
total_unevictable 0
--------------------BLKIO-----------------------
11:0 Read 0
11:0 Write 0
11:0 Sync 0
11:0 Async 0
11:0 Total 0
253:0 Read 21782528
253:0 Write 229376
253:0 Sync 0
253:0 Async 22011904
253:0 Total 22011904
Total 22011904
--------------------CPUAC-----------------------
user 40
system 78
 
