========== START: Container 1 Memory STATS ==============
cache 998809600
rss 288673792
rss_huge 0
mapped_file 3944448
writeback 0
swap 0
pgpgin 11952572
pgpgout 11638245
pgfault 292766
pgmajfault 683
inactive_anon 144576512
active_anon 144166912
inactive_file 499580928
active_file 499154944
unevictable 4096
hierarchical_memory_limit 1287651328
hierarchical_memsw_limit 5368709120
total_cache 998809600
total_rss 288673792
total_rss_huge 0
total_mapped_file 3944448
total_writeback 0
total_swap 0
total_pgpgin 11952572
total_pgpgout 11638245
total_pgfault 292766
total_pgmajfault 683
total_inactive_anon 144576512
total_active_anon 144166912
total_inactive_file 499580928
total_active_file 499154944
total_unevictable 4096
======== END Container STATS ======
========== STOP: Container 1 Memory STATS ==============
cache 999034880
rss 288591872
rss_huge 0
mapped_file 3923968
writeback 0
swap 0
pgpgin 28056953
pgpgout 27742591
pgfault 353450
pgmajfault 953
inactive_anon 144547840
active_anon 144113664
inactive_file 500056064
active_file 498905088
unevictable 4096
hierarchical_memory_limit 1287651328
hierarchical_memsw_limit 5368709120
total_cache 999034880
total_rss 288591872
total_rss_huge 0
total_mapped_file 3923968
total_writeback 0
total_swap 0
total_pgpgin 28056953
total_pgpgout 27742591
total_pgfault 353450
total_pgmajfault 953
total_inactive_anon 144547840
total_active_anon 144113664
total_inactive_file 500056064
total_active_file 498905088
total_unevictable 4096
======== END Container STATS ======
