java -cp /home/ubuntu/ycsb/mongodb-binding/conf:/home/ubuntu/ycsb/conf:/home/ubuntu/ycsb/lib/jackson-mapper-asl-1.9.4.jar:/home/ubuntu/ycsb/lib/jackson-core-asl-1.9.4.jar:/home/ubuntu/ycsb/lib/htrace-core4-4.1.0-incubating.jar:/home/ubuntu/ycsb/lib/core-0.12.0.jar:/home/ubuntu/ycsb/lib/HdrHistogram-2.1.4.jar:/home/ubuntu/ycsb/mongodb-binding/lib/mongo-java-driver-3.0.3.jar:/home/ubuntu/ycsb/mongodb-binding/lib/logback-core-1.1.2.jar:/home/ubuntu/ycsb/mongodb-binding/lib/mongodb-binding-0.12.0.jar:/home/ubuntu/ycsb/mongodb-binding/lib/logback-classic-1.1.2.jar:/home/ubuntu/ycsb/mongodb-binding/lib/mongodb-async-driver-2.0.1.jar:/home/ubuntu/ycsb/mongodb-binding/lib/slf4j-api-1.6.4.jar com.yahoo.ycsb.Client -db com.yahoo.ycsb.db.MongoDbClient -s -P /home/ubuntu/ycsb/workloads/workload1 -p mongodb.url=mongodb://10.0.3.220:27017/ycsb?w=0 -p maxexecutiontime=1000 -t
YCSB Client 0.12.0
Command line: -db com.yahoo.ycsb.db.MongoDbClient -s -P /home/ubuntu/ycsb/workloads/workload1 -p mongodb.url=mongodb://10.0.3.220:27017/ycsb?w=0 -p maxexecutiontime=1000 -t
Loading workload...
Starting test.
Maximum execution time specified as: 1000 secs
2017-05-13 22:26:39:397 0 sec: 0 operations; est completion in 0 seconds 
mongo client connection created with mongodb://10.0.3.220:27017/ycsb?w=0
DBWrapper: report latency for each error is false and specific error codes to track for latency are: []
2017-05-13 22:26:49:288 10 sec: 2313 operations; 231.3 current ops/sec; est completion in 12 hours [READ: Count=837, Max=107775, Min=236, Avg=9126.35, 90=13047, 99=33023, 99.9=38911, 99.99=107775] [READ-FAILED: Count=1476, Max=94271, Min=135, Avg=811.34, 90=1351, 99=11039, 99.9=25519, 99.99=94271] 
2017-05-13 22:26:59:288 20 sec: 5567 operations; 325.4 current ops/sec; est completion in 9 hours 58 minutes [READ: Count=1173, Max=263935, Min=165, Avg=7946.79, 90=11431, 99=19647, 99.9=77887, 99.99=263935] [READ-FAILED: Count=2081, Max=64511, Min=116, Avg=303.67, 90=181, 99=1721, 99.9=49631, 99.99=64511] 
2017-05-13 22:27:09:288 30 sec: 9019 operations; 345.2 current ops/sec; est completion in 9 hours 13 minutes [READ: Count=1238, Max=98751, Min=138, Avg=7745.44, 90=11343, 99=24959, 99.9=45887, 99.99=98751] [READ-FAILED: Count=2214, Max=20495, Min=103, Avg=169.91, 90=157, 99=380, 99.9=8711, 99.99=20495] 
2017-05-13 22:27:19:288 40 sec: 12882 operations; 386.3 current ops/sec; est completion in 8 hours 36 minutes [READ: Count=1396, Max=59455, Min=137, Avg=6917.11, 90=10879, 99=18943, 99.9=52287, 99.99=59455] [READ-FAILED: Count=2467, Max=221, Min=99, Avg=122.36, 90=148, 99=163, 99.9=202, 99.99=221] 
2017-05-13 22:27:29:288 50 sec: 16692 operations; 381 current ops/sec; est completion in 8 hours 18 minutes [READ: Count=1412, Max=117247, Min=135, Avg=6865.23, 90=10943, 99=19087, 99.9=76415, 99.99=117247] [READ-FAILED: Count=2398, Max=248, Min=101, Avg=121.27, 90=148, 99=163, 99.9=181, 99.99=248] 
2017-05-13 22:27:39:288 60 sec: 20786 operations; 409.4 current ops/sec; est completion in 8 hours [READ: Count=1496, Max=43935, Min=136, Avg=6465.23, 90=10911, 99=18735, 99.9=28127, 99.99=43935] [READ-FAILED: Count=2598, Max=235, Min=102, Avg=121.31, 90=148, 99=163, 99.9=175, 99.99=235] 
2017-05-13 22:27:49:288 70 sec: 24955 operations; 416.9 current ops/sec; est completion in 7 hours 46 minutes [READ: Count=1483, Max=43871, Min=135, Avg=6512.26, 90=11199, 99=19471, 99.9=30415, 99.99=43871] [READ-FAILED: Count=2686, Max=604, Min=101, Avg=119.7, 90=147, 99=162, 99.9=182, 99.99=604] 
2017-05-13 22:27:59:288 80 sec: 29449 operations; 449.4 current ops/sec; est completion in 7 hours 31 minutes [READ: Count=1583, Max=35807, Min=134, Avg=6090.34, 90=11063, 99=18207, 99.9=30239, 99.99=35807] [READ-FAILED: Count=2911, Max=644, Min=100, Avg=118.21, 90=147, 99=163, 99.9=181, 99.99=644] 
2017-05-13 22:28:09:288 90 sec: 33891 operations; 444.2 current ops/sec; est completion in 7 hours 21 minutes [READ: Count=1586, Max=92031, Min=134, Avg=6079.12, 90=11143, 99=19407, 99.9=43199, 99.99=92031] [READ-FAILED: Count=2856, Max=1229, Min=97, Avg=119.21, 90=147, 99=163, 99.9=188, 99.99=1229] 
2017-05-13 22:28:19:288 100 sec: 38571 operations; 468 current ops/sec; est completion in 7 hours 10 minutes [READ: Count=1690, Max=50431, Min=133, Avg=5702.16, 90=10815, 99=18799, 99.9=40159, 99.99=50431] [READ-FAILED: Count=2990, Max=603, Min=98, Avg=118.18, 90=147, 99=162, 99.9=174, 99.99=603] 
2017-05-13 22:28:29:288 110 sec: 43811 operations; 524 current ops/sec; est completion in 6 hours 56 minutes [READ: Count=1845, Max=47903, Min=134, Avg=5193.55, 90=10575, 99=18287, 99.9=26575, 99.99=47903] [READ-FAILED: Count=3395, Max=581, Min=95, Avg=116, 90=146, 99=159, 99.9=176, 99.99=581] 
2017-05-13 22:28:39:288 120 sec: 49029 operations; 521.8 current ops/sec; est completion in 6 hours 45 minutes [READ: Count=1836, Max=46239, Min=134, Avg=5219.33, 90=10751, 99=18223, 99.9=39359, 99.99=46239] [READ-FAILED: Count=3382, Max=643, Min=99, Avg=117.46, 90=146, 99=163, 99.9=288, 99.99=643] 
2017-05-13 22:28:49:288 130 sec: 54320 operations; 529.1 current ops/sec; est completion in 6 hours 36 minutes [READ: Count=1886, Max=79999, Min=134, Avg=5082.76, 90=10775, 99=18559, 99.9=40543, 99.99=79999] [READ-FAILED: Count=3405, Max=596, Min=100, Avg=116.44, 90=146, 99=160, 99.9=225, 99.99=596] 
2017-05-13 22:28:59:288 140 sec: 60032 operations; 571.2 current ops/sec; est completion in 6 hours 26 minutes [READ: Count=2073, Max=33055, Min=131, Avg=4613.13, 90=10695, 99=18751, 99.9=26687, 99.99=33055] [READ-FAILED: Count=3639, Max=825, Min=98, Avg=115.39, 90=145, 99=161, 99.9=177, 99.99=825] 
2017-05-13 22:29:09:288 150 sec: 66235 operations; 620.3 current ops/sec; est completion in 6 hours 14 minutes [READ: Count=2174, Max=42751, Min=133, Avg=4378.47, 90=10471, 99=18319, 99.9=27343, 99.99=42751] [READ-FAILED: Count=4029, Max=2177, Min=100, Avg=114.8, 90=145, 99=160, 99.9=175, 99.99=2177] 
2017-05-13 22:29:19:288 160 sec: 72588 operations; 635.3 current ops/sec; est completion in 6 hours 4 minutes [READ: Count=2254, Max=106367, Min=129, Avg=4219.53, 90=10351, 99=18943, 99.9=32351, 99.99=106367] [READ-FAILED: Count=4099, Max=2022, Min=100, Avg=114.53, 90=144, 99=160, 99.9=176, 99.99=2022] 
2017-05-13 22:29:29:288 170 sec: 79777 operations; 718.9 current ops/sec; est completion in 5 hours 52 minutes [READ: Count=2513, Max=45119, Min=132, Avg=3763.16, 90=10207, 99=17951, 99.9=26991, 99.99=45119] [READ-FAILED: Count=4676, Max=2183, Min=93, Avg=113.63, 90=141, 99=161, 99.9=181, 99.99=2183] 
2017-05-13 22:29:39:288 180 sec: 87420 operations; 764.3 current ops/sec; est completion in 5 hours 40 minutes [READ: Count=2712, Max=44383, Min=130, Avg=3475.57, 90=10199, 99=17503, 99.9=26623, 99.99=44383] [READ-FAILED: Count=4931, Max=653, Min=94, Avg=113.24, 90=140, 99=160, 99.9=181, 99.99=653] 
2017-05-13 22:29:49:288 190 sec: 95367 operations; 794.7 current ops/sec; est completion in 5 hours 28 minutes [READ: Count=2794, Max=65279, Min=131, Avg=3364.2, 90=10127, 99=19263, 99.9=30175, 99.99=65279] [READ-FAILED: Count=5153, Max=1101, Min=94, Avg=112.93, 90=139, 99=157, 99.9=184, 99.99=805] 
2017-05-13 22:29:59:288 200 sec: 104489 operations; 912.2 current ops/sec; est completion in 5 hours 15 minutes [READ: Count=3227, Max=33695, Min=130, Avg=2886.8, 90=9807, 99=17375, 99.9=25919, 99.99=33695] [READ-FAILED: Count=5895, Max=1128, Min=95, Avg=112.03, 90=138, 99=159, 99.9=180, 99.99=692] 
2017-05-13 22:30:09:288 210 sec: 114751 operations; 1026.2 current ops/sec; est completion in 5 hours 1 minutes [READ: Count=3686, Max=43711, Min=132, Avg=2506.77, 90=9271, 99=17007, 99.9=31071, 99.99=43711] [READ-FAILED: Count=6576, Max=2093, Min=94, Avg=112.09, 90=137, 99=157, 99.9=661, 99.99=1994] 
2017-05-13 22:30:19:288 220 sec: 126992 operations; 1224.1 current ops/sec; est completion in 4 hours 45 minutes [READ: Count=4351, Max=55615, Min=125, Avg=2091.6, 90=8559, 99=15407, 99.9=26031, 99.99=55615] [READ-FAILED: Count=7890, Max=870, Min=93, Avg=109.17, 90=129, 99=150, 99.9=175, 99.99=220] 
2017-05-13 22:30:29:288 230 sec: 140337 operations; 1334.5 current ops/sec; est completion in 4 hours 29 minutes [READ: Count=4835, Max=105343, Min=125, Avg=1873.74, 90=7859, 99=16303, 99.9=22911, 99.99=105343] [READ-FAILED: Count=8510, Max=2107, Min=95, Avg=109.04, 90=124, 99=148, 99.9=163, 99.99=228] 
2017-05-13 22:30:39:288 240 sec: 156319 operations; 1598.2 current ops/sec; est completion in 4 hours 11 minutes [READ: Count=5652, Max=42847, Min=126, Avg=1566.93, 90=7315, 99=13215, 99.9=22383, 99.99=29647] [READ-FAILED: Count=10330, Max=2051, Min=92, Avg=108.29, 90=120, 99=147, 99.9=176, 99.99=1964] 
2017-05-13 22:30:49:288 250 sec: 175190 operations; 1887.1 current ops/sec; est completion in 3 hours 53 minutes [READ: Count=6743, Max=51359, Min=126, Avg=1283.9, 90=5839, 99=12231, 99.9=22415, 99.99=33983] [READ-FAILED: Count=12128, Max=2873, Min=92, Avg=107.42, 90=117, 99=145, 99.9=179, 99.99=2024] 
2017-05-13 22:30:59:288 260 sec: 197754 operations; 2256.4 current ops/sec; est completion in 3 hours 34 minutes [READ: Count=8110, Max=36831, Min=125, Avg=1037.18, 90=4247, 99=11735, 99.9=19903, 99.99=28079] [READ-FAILED: Count=14454, Max=2805, Min=91, Avg=106.8, 90=115, 99=142, 99.9=189, 99.99=2036] 
2017-05-13 22:31:09:288 270 sec: 225057 operations; 2730.3 current ops/sec; est completion in 3 hours 15 minutes [READ: Count=9828, Max=87679, Min=125, Avg=823.69, 90=351, 99=11007, 99.9=18735, 99.99=56863] [READ-FAILED: Count=17475, Max=2039, Min=92, Avg=106.34, 90=114, 99=139, 99.9=173, 99.99=2006] 
2017-05-13 22:31:19:288 280 sec: 257544 operations; 3248.7 current ops/sec; est completion in 2 hours 56 minutes [READ: Count=11458, Max=56991, Min=126, Avg=672.12, 90=200, 99=10527, 99.9=17855, 99.99=35839] [READ-FAILED: Count=21029, Max=2017, Min=90, Avg=106.42, 90=113, 99=137, 99.9=162, 99.99=1041] 
2017-05-13 22:31:29:288 290 sec: 297580 operations; 4003.6 current ops/sec; est completion in 2 hours 37 minutes [READ: Count=14211, Max=29455, Min=125, Avg=505.8, 90=170, 99=9919, 99.9=15111, 99.99=29231] [READ-FAILED: Count=25825, Max=3153, Min=93, Avg=105.88, 90=110, 99=137, 99.9=155, 99.99=1997] 
2017-05-13 22:31:39:288 300 sec: 344321 operations; 4674.1 current ops/sec; est completion in 2 hours 20 minutes [READ: Count=16829, Max=23167, Min=124, Avg=401.86, 90=152, 99=9303, 99.9=12103, 99.99=22527] [READ-FAILED: Count=29912, Max=2026, Min=93, Avg=105.21, 90=108, 99=135, 99.9=156, 99.99=1986] 
2017-05-13 22:31:49:288 310 sec: 399972 operations; 5565.1 current ops/sec; est completion in 2 hours 4 minutes [READ: Count=19907, Max=44575, Min=124, Avg=309.14, 90=147, 99=7951, 99.9=11815, 99.99=19167] [READ-FAILED: Count=35744, Max=3113, Min=93, Avg=104.56, 90=107, 99=129, 99.9=167, 99.99=1990] 
2017-05-13 22:31:59:288 320 sec: 465533 operations; 6556.1 current ops/sec; est completion in 1 hours 49 minutes [READ: Count=23360, Max=26383, Min=120, Avg=233.41, 90=144, 99=4495, 99.9=11567, 99.99=23151] [READ-FAILED: Count=42201, Max=3729, Min=85, Avg=104.85, 90=107, 99=126, 99.9=148, 99.99=2034] 
2017-05-13 22:32:09:288 330 sec: 535251 operations; 6971.8 current ops/sec; est completion in 1 hours 37 minutes [READ: Count=24829, Max=146687, Min=117, Avg=208.36, 90=142, 99=322, 99.9=11439, 99.99=30079] [READ-FAILED: Count=44889, Max=5175, Min=92, Avg=104.62, 90=107, 99=124, 99.9=149, 99.99=1978] 
2017-05-13 22:32:19:288 340 sec: 611866 operations; 7661.5 current ops/sec; est completion in 1 hours 26 minutes [READ: Count=27134, Max=119295, Min=122, Avg=173.03, 90=141, 99=175, 99.9=9887, 99.99=16511] [READ-FAILED: Count=49481, Max=2042, Min=90, Avg=104.26, 90=107, 99=122, 99.9=150, 99.99=1962] 
2017-05-13 22:32:29:288 350 sec: 692327 operations; 8046.1 current ops/sec; est completion in 1 hours 18 minutes [READ: Count=28623, Max=13487, Min=123, Avg=154.72, 90=141, 99=166, 99.9=7835, 99.99=11679] [READ-FAILED: Count=51838, Max=10079, Min=92, Avg=104.53, 90=106, 99=122, 99.9=148, 99.99=2020] 
2017-05-13 22:32:39:288 360 sec: 775055 operations; 8272.8 current ops/sec; est completion in 1 hours 11 minutes [READ: Count=29319, Max=13023, Min=123, Avg=146.41, 90=140, 99=163, 99.9=3795, 99.99=11511] [READ-FAILED: Count=53409, Max=2117, Min=89, Avg=103.88, 90=106, 99=122, 99.9=145, 99.99=1993] 
2017-05-13 22:32:49:288 370 sec: 859099 operations; 8404.4 current ops/sec; est completion in 1 hours 5 minutes [READ: Count=29856, Max=16215, Min=121, Avg=140.77, 90=140, 99=161, 99.9=2040, 99.99=9639] [READ-FAILED: Count=54188, Max=2065, Min=89, Avg=104.09, 90=106, 99=122, 99.9=154, 99.99=2002] 
2017-05-13 22:32:59:288 380 sec: 942880 operations; 8378.1 current ops/sec; est completion in 1 hours [READ: Count=29877, Max=16143, Min=123, Avg=140.18, 90=141, 99=160, 99.9=2024, 99.99=7779] [READ-FAILED: Count=53904, Max=2143, Min=91, Avg=104.9, 90=107, 99=123, 99.9=147, 99.99=2040] 
2017-05-13 22:33:09:288 390 sec: 1026461 operations; 8358.1 current ops/sec; est completion in 56 minutes [READ: Count=29935, Max=21775, Min=123, Avg=141.04, 90=141, 99=159, 99.9=2014, 99.99=13567] [READ-FAILED: Count=53646, Max=5395, Min=90, Avg=104.77, 90=107, 99=122, 99.9=154, 99.99=2057] 
2017-05-13 22:33:19:288 400 sec: 1110844 operations; 8438.3 current ops/sec; est completion in 53 minutes [READ: Count=29942, Max=9815, Min=124, Avg=138.81, 90=141, 99=161, 99.9=2006, 99.99=2183] [READ-FAILED: Count=54441, Max=2401, Min=88, Avg=104.41, 90=107, 99=122, 99.9=155, 99.99=2046] 
2017-05-13 22:33:29:288 410 sec: 1194644 operations; 8380 current ops/sec; est completion in 50 minutes [READ: Count=29926, Max=3969, Min=122, Avg=139.3, 90=142, 99=160, 99.9=1999, 99.99=2145] [READ-FAILED: Count=53874, Max=2291, Min=88, Avg=105.33, 90=107, 99=123, 99.9=150, 99.99=2081] 
2017-05-13 22:33:39:288 420 sec: 1278265 operations; 8362.1 current ops/sec; est completion in 47 minutes [READ: Count=29845, Max=10159, Min=121, Avg=139.71, 90=142, 99=160, 99.9=920, 99.99=2177] [READ-FAILED: Count=53776, Max=2421, Min=92, Avg=105.41, 90=107, 99=122, 99.9=148, 99.99=2049] 
2017-05-13 22:33:49:288 430 sec: 1362250 operations; 8398.5 current ops/sec; est completion in 45 minutes [READ: Count=29966, Max=5035, Min=123, Avg=139.07, 90=141, 99=159, 99.9=2014, 99.99=2187] [READ-FAILED: Count=54019, Max=2597, Min=91, Avg=105.07, 90=107, 99=122, 99.9=145, 99.99=2081] 
2017-05-13 22:33:59:288 440 sec: 1446241 operations; 8399.1 current ops/sec; est completion in 43 minutes [READ: Count=29807, Max=2169, Min=122, Avg=139, 90=141, 99=159, 99.9=1988, 99.99=2155] [READ-FAILED: Count=54184, Max=2939, Min=91, Avg=105.14, 90=107, 99=122, 99.9=148, 99.99=2083] 
2017-05-13 22:34:09:288 450 sec: 1530264 operations; 8402.3 current ops/sec; est completion in 41 minutes [READ: Count=29947, Max=10191, Min=123, Avg=139.2, 90=141, 99=159, 99.9=2029, 99.99=2173] [READ-FAILED: Count=54076, Max=2129, Min=88, Avg=104.9, 90=107, 99=123, 99.9=148, 99.99=2055] 
2017-05-13 22:34:19:288 460 sec: 1614550 operations; 8428.6 current ops/sec; est completion in 39 minutes [READ: Count=30027, Max=2307, Min=125, Avg=138.66, 90=141, 99=159, 99.9=2047, 99.99=2163] [READ-FAILED: Count=54259, Max=2665, Min=91, Avg=104.6, 90=107, 99=122, 99.9=145, 99.99=2075] 
2017-05-13 22:34:29:288 470 sec: 1698985 operations; 8443.5 current ops/sec; est completion in 38 minutes [READ: Count=29847, Max=2173, Min=125, Avg=138.47, 90=141, 99=159, 99.9=2023, 99.99=2153] [READ-FAILED: Count=54588, Max=2063, Min=88, Avg=104.56, 90=107, 99=122, 99.9=142, 99.99=2004] 
2017-05-13 22:34:39:288 480 sec: 1783847 operations; 8486.2 current ops/sec; est completion in 36 minutes [READ: Count=30313, Max=2909, Min=122, Avg=138.05, 90=140, 99=159, 99.9=2055, 99.99=2169] [READ-FAILED: Count=54549, Max=2113, Min=90, Avg=103.72, 90=106, 99=121, 99.9=141, 99.99=1993] 
2017-05-13 22:34:49:288 490 sec: 1868684 operations; 8483.7 current ops/sec; est completion in 35 minutes [READ: Count=30080, Max=2233, Min=122, Avg=138.03, 90=141, 99=160, 99.9=2035, 99.99=2177] [READ-FAILED: Count=54757, Max=2067, Min=88, Avg=103.91, 90=106, 99=122, 99.9=143, 99.99=2010] 
2017-05-13 22:34:59:288 500 sec: 1953124 operations; 8444 current ops/sec; est completion in 34 minutes [READ: Count=30232, Max=3771, Min=121, Avg=138.1, 90=142, 99=159, 99.9=2029, 99.99=2171] [READ-FAILED: Count=54208, Max=2141, Min=94, Avg=104.41, 90=107, 99=123, 99.9=142, 99.99=2049] 
2017-05-13 22:35:09:288 510 sec: 2038165 operations; 8504.1 current ops/sec; est completion in 33 minutes [READ: Count=30354, Max=2253, Min=123, Avg=137.34, 90=139, 99=159, 99.9=2035, 99.99=2153] [READ-FAILED: Count=54687, Max=2925, Min=88, Avg=103.67, 90=105, 99=121, 99.9=142, 99.99=2059] 
2017-05-13 22:35:19:288 520 sec: 2123208 operations; 8504.3 current ops/sec; est completion in 32 minutes [READ: Count=30506, Max=2365, Min=124, Avg=137.25, 90=139, 99=158, 99.9=2006, 99.99=2223] [READ-FAILED: Count=54537, Max=3003, Min=90, Avg=103.65, 90=105, 99=121, 99.9=144, 99.99=2051] 
2017-05-13 22:35:29:288 530 sec: 2208208 operations; 8500 current ops/sec; est completion in 31 minutes [READ: Count=30195, Max=3073, Min=122, Avg=137.63, 90=139, 99=158, 99.9=2051, 99.99=2167] [READ-FAILED: Count=54805, Max=2363, Min=88, Avg=103.7, 90=105, 99=121, 99.9=144, 99.99=2063] 
2017-05-13 22:35:39:288 540 sec: 2293249 operations; 8504.1 current ops/sec; est completion in 30 minutes [READ: Count=30192, Max=3161, Min=121, Avg=137.44, 90=139, 99=159, 99.9=2029, 99.99=2159] [READ-FAILED: Count=54849, Max=22431, Min=90, Avg=103.79, 90=104, 99=120, 99.9=141, 99.99=2081] 
2017-05-13 22:35:49:288 550 sec: 2378383 operations; 8513.4 current ops/sec; est completion in 29 minutes [READ: Count=30210, Max=2281, Min=120, Avg=137.73, 90=139, 99=158, 99.9=2049, 99.99=2149] [READ-FAILED: Count=54924, Max=3075, Min=92, Avg=103.41, 90=105, 99=121, 99.9=140, 99.99=2010] 
2017-05-13 22:35:59:288 560 sec: 2463207 operations; 8482.4 current ops/sec; est completion in 28 minutes [READ: Count=30085, Max=6003, Min=123, Avg=138.08, 90=141, 99=159, 99.9=2059, 99.99=2179] [READ-FAILED: Count=54739, Max=3585, Min=92, Avg=103.89, 90=106, 99=121, 99.9=141, 99.99=2089] 
2017-05-13 22:36:09:288 570 sec: 2548079 operations; 8487.2 current ops/sec; est completion in 27 minutes [READ: Count=30640, Max=3129, Min=123, Avg=137.74, 90=139, 99=159, 99.9=2061, 99.99=2163] [READ-FAILED: Count=54232, Max=12207, Min=88, Avg=103.65, 90=105, 99=120, 99.9=141, 99.99=2023] 
2017-05-13 22:36:19:288 580 sec: 2632815 operations; 8473.6 current ops/sec; est completion in 27 minutes [READ: Count=30056, Max=2243, Min=124, Avg=137.92, 90=141, 99=160, 99.9=2028, 99.99=2171] [READ-FAILED: Count=54680, Max=2171, Min=91, Avg=104.13, 90=107, 99=123, 99.9=149, 99.99=2036] 
2017-05-13 22:36:29:288 590 sec: 2717801 operations; 8498.6 current ops/sec; est completion in 26 minutes [READ: Count=30259, Max=2217, Min=124, Avg=137.71, 90=140, 99=159, 99.9=2057, 99.99=2177] [READ-FAILED: Count=54727, Max=2167, Min=89, Avg=103.7, 90=106, 99=121, 99.9=143, 99.99=2028] 
2017-05-13 22:36:39:288 600 sec: 2802746 operations; 8494.5 current ops/sec; est completion in 25 minutes [READ: Count=30422, Max=2597, Min=123, Avg=137.66, 90=139, 99=158, 99.9=2073, 99.99=2209] [READ-FAILED: Count=54523, Max=2153, Min=87, Avg=103.64, 90=106, 99=121, 99.9=144, 99.99=2067] 
2017-05-13 22:36:49:288 610 sec: 2887691 operations; 8494.5 current ops/sec; est completion in 25 minutes [READ: Count=30421, Max=2287, Min=122, Avg=137.69, 90=140, 99=159, 99.9=2061, 99.99=2189] [READ-FAILED: Count=54524, Max=2139, Min=87, Avg=103.68, 90=105, 99=121, 99.9=145, 99.99=2059] 
2017-05-13 22:36:59:288 620 sec: 2972868 operations; 8517.7 current ops/sec; est completion in 24 minutes [READ: Count=30367, Max=2239, Min=122, Avg=137.2, 90=139, 99=158, 99.9=2049, 99.99=2171] [READ-FAILED: Count=54810, Max=2129, Min=90, Avg=103.35, 90=105, 99=121, 99.9=141, 99.99=2038] 
2017-05-13 22:37:09:288 630 sec: 3057749 operations; 8488.1 current ops/sec; est completion in 23 minutes [READ: Count=30207, Max=8639, Min=124, Avg=137.61, 90=140, 99=159, 99.9=2045, 99.99=2181] [READ-FAILED: Count=54674, Max=2151, Min=92, Avg=103.97, 90=106, 99=121, 99.9=150, 99.99=2101] 
2017-05-13 22:37:19:288 640 sec: 3142286 operations; 8453.7 current ops/sec; est completion in 23 minutes [READ: Count=30127, Max=2303, Min=127, Avg=138.3, 90=141, 99=160, 99.9=2101, 99.99=2239] [READ-FAILED: Count=54410, Max=2131, Min=90, Avg=104.28, 90=107, 99=122, 99.9=143, 99.99=2049] 
2017-05-13 22:37:29:288 650 sec: 3226733 operations; 8444.7 current ops/sec; est completion in 22 minutes [READ: Count=30239, Max=2575, Min=127, Avg=138.1, 90=142, 99=160, 99.9=2067, 99.99=2183] [READ-FAILED: Count=54208, Max=2161, Min=94, Avg=104.55, 90=107, 99=123, 99.9=142, 99.99=2097] 
2017-05-13 22:37:39:288 660 sec: 3311148 operations; 8441.5 current ops/sec; est completion in 22 minutes [READ: Count=30296, Max=2313, Min=124, Avg=138.28, 90=142, 99=159, 99.9=2101, 99.99=2221] [READ-FAILED: Count=54119, Max=10407, Min=94, Avg=104.43, 90=107, 99=122, 99.9=139, 99.99=2073] 
2017-05-13 22:37:49:288 670 sec: 3396032 operations; 8488.4 current ops/sec; est completion in 21 minutes [READ: Count=30142, Max=2347, Min=124, Avg=138.02, 90=140, 99=160, 99.9=2089, 99.99=2199] [READ-FAILED: Count=54742, Max=2133, Min=91, Avg=103.76, 90=106, 99=122, 99.9=144, 99.99=1314] 
2017-05-13 22:37:59:288 680 sec: 3480850 operations; 8481.8 current ops/sec; est completion in 21 minutes [READ: Count=30068, Max=2253, Min=123, Avg=138, 90=140, 99=159, 99.9=2093, 99.99=2233] [READ-FAILED: Count=54750, Max=2129, Min=93, Avg=103.94, 90=106, 99=122, 99.9=143, 99.99=2059] 
2017-05-13 22:38:09:288 690 sec: 3564922 operations; 8407.2 current ops/sec; est completion in 20 minutes [READ: Count=30261, Max=2227, Min=126, Avg=138.67, 90=142, 99=160, 99.9=2075, 99.99=2203] [READ-FAILED: Count=53811, Max=2199, Min=92, Avg=104.84, 90=107, 99=124, 99.9=147, 99.99=2105] 
2017-05-13 22:38:19:288 700 sec: 3649014 operations; 8409.2 current ops/sec; est completion in 20 minutes [READ: Count=30045, Max=2239, Min=127, Avg=138.71, 90=142, 99=161, 99.9=2073, 99.99=2217] [READ-FAILED: Count=54047, Max=5191, Min=89, Avg=104.97, 90=107, 99=123, 99.9=150, 99.99=2119] 
2017-05-13 22:38:29:288 710 sec: 3733142 operations; 8412.8 current ops/sec; est completion in 19 minutes [READ: Count=30113, Max=2321, Min=127, Avg=138.51, 90=142, 99=160, 99.9=1067, 99.99=2233] [READ-FAILED: Count=54015, Max=2211, Min=94, Avg=105.02, 90=107, 99=123, 99.9=144, 99.99=2127] 
2017-05-13 22:38:39:288 720 sec: 3817346 operations; 8420.4 current ops/sec; est completion in 19 minutes [READ: Count=30007, Max=3157, Min=124, Avg=138.81, 90=142, 99=161, 99.9=2093, 99.99=2257] [READ-FAILED: Count=54197, Max=2155, Min=92, Avg=104.76, 90=107, 99=123, 99.9=146, 99.99=2089] 
2017-05-13 22:38:49:288 730 sec: 3901664 operations; 8431.8 current ops/sec; est completion in 19 minutes [READ: Count=29873, Max=2259, Min=124, Avg=138.56, 90=142, 99=160, 99.9=2099, 99.99=2199] [READ-FAILED: Count=54445, Max=2217, Min=90, Avg=104.76, 90=107, 99=123, 99.9=143, 99.99=2131] 
2017-05-13 22:38:59:288 740 sec: 3986371 operations; 8470.7 current ops/sec; est completion in 18 minutes [READ: Count=30224, Max=2231, Min=123, Avg=138.08, 90=141, 99=160, 99.9=2111, 99.99=2195] [READ-FAILED: Count=54483, Max=2223, Min=88, Avg=103.99, 90=106, 99=123, 99.9=143, 99.99=2105] 
2017-05-13 22:39:09:288 750 sec: 4071093 operations; 8472.2 current ops/sec; est completion in 18 minutes [READ: Count=30156, Max=2313, Min=124, Avg=138.22, 90=141, 99=160, 99.9=2123, 99.99=2213] [READ-FAILED: Count=54566, Max=2205, Min=89, Avg=103.98, 90=106, 99=123, 99.9=143, 99.99=2063] 
2017-05-13 22:39:19:288 760 sec: 4156532 operations; 8543.9 current ops/sec; est completion in 17 minutes [READ: Count=30607, Max=2869, Min=123, Avg=136.74, 90=139, 99=158, 99.9=2111, 99.99=2239] [READ-FAILED: Count=54832, Max=2217, Min=91, Avg=103.15, 90=105, 99=120, 99.9=143, 99.99=2101] 
2017-05-13 22:39:29:288 770 sec: 4241653 operations; 8512.1 current ops/sec; est completion in 17 minutes [READ: Count=30489, Max=6031, Min=123, Avg=137.19, 90=140, 99=159, 99.9=2117, 99.99=2233] [READ-FAILED: Count=54632, Max=2189, Min=91, Avg=103.55, 90=106, 99=122, 99.9=145, 99.99=2133] 
2017-05-13 22:39:39:288 780 sec: 4326306 operations; 8465.3 current ops/sec; est completion in 17 minutes [READ: Count=30201, Max=2315, Min=123, Avg=137.73, 90=144, 99=162, 99.9=227, 99.99=2235] [READ-FAILED: Count=54452, Max=2227, Min=88, Avg=104.2, 90=110, 99=124, 99.9=144, 99.99=2149] 
2017-05-13 22:39:49:288 790 sec: 4410616 operations; 8431 current ops/sec; est completion in 16 minutes [READ: Count=30139, Max=2427, Min=127, Avg=138.82, 90=143, 99=162, 99.9=2145, 99.99=2293] [READ-FAILED: Count=54171, Max=2151, Min=94, Avg=104.45, 90=108, 99=124, 99.9=143, 99.99=1158] 
2017-05-13 22:39:59:288 800 sec: 4495536 operations; 8492 current ops/sec; est completion in 16 minutes [READ: Count=30285, Max=2287, Min=123, Avg=137.56, 90=139, 99=159, 99.9=2095, 99.99=2235] [READ-FAILED: Count=54635, Max=2363, Min=91, Avg=103.86, 90=105, 99=122, 99.9=150, 99.99=2159] 
2017-05-13 22:40:09:288 810 sec: 4580185 operations; 8464.9 current ops/sec; est completion in 15 minutes [READ: Count=30409, Max=2299, Min=124, Avg=138.02, 90=140, 99=160, 99.9=2099, 99.99=2227] [READ-FAILED: Count=54240, Max=2345, Min=88, Avg=104.05, 90=106, 99=121, 99.9=144, 99.99=2147] 
2017-05-13 22:40:19:288 820 sec: 4664781 operations; 8459.6 current ops/sec; est completion in 15 minutes [READ: Count=30244, Max=2239, Min=124, Avg=138.43, 90=140, 99=160, 99.9=2145, 99.99=2215] [READ-FAILED: Count=54352, Max=2351, Min=92, Avg=104.02, 90=106, 99=121, 99.9=143, 99.99=2095] 
2017-05-13 22:40:29:288 830 sec: 4748892 operations; 8411.1 current ops/sec; est completion in 15 minutes [READ: Count=29941, Max=2311, Min=125, Avg=138.79, 90=142, 99=161, 99.9=2117, 99.99=2281] [READ-FAILED: Count=54170, Max=2767, Min=92, Avg=104.87, 90=108, 99=123, 99.9=150, 99.99=2137] 
2017-05-13 22:40:39:288 840 sec: 4833040 operations; 8414.8 current ops/sec; est completion in 14 minutes [READ: Count=30206, Max=2323, Min=124, Avg=138.89, 90=145, 99=161, 99.9=2131, 99.99=2283] [READ-FAILED: Count=53942, Max=2509, Min=90, Avg=104.65, 90=110, 99=124, 99.9=144, 99.99=2151] 
2017-05-13 22:40:49:288 850 sec: 4918407 operations; 8536.7 current ops/sec; est completion in 14 minutes [READ: Count=30472, Max=10247, Min=121, Avg=136.83, 90=139, 99=158, 99.9=2105, 99.99=2227] [READ-FAILED: Count=54895, Max=2769, Min=91, Avg=103.22, 90=105, 99=121, 99.9=143, 99.99=2153] 
2017-05-13 22:40:59:288 860 sec: 5003860 operations; 8545.3 current ops/sec; est completion in 14 minutes [READ: Count=30500, Max=2345, Min=122, Avg=136.69, 90=139, 99=158, 99.9=2115, 99.99=2203] [READ-FAILED: Count=54953, Max=2795, Min=88, Avg=103.18, 90=104, 99=121, 99.9=140, 99.99=2155] 
2017-05-13 22:41:09:288 870 sec: 5089133 operations; 8527.3 current ops/sec; est completion in 14 minutes [READ: Count=30607, Max=4711, Min=123, Avg=137.09, 90=139, 99=158, 99.9=2143, 99.99=2283] [READ-FAILED: Count=54666, Max=2377, Min=88, Avg=103.24, 90=105, 99=121, 99.9=140, 99.99=2129] 
2017-05-13 22:41:19:288 880 sec: 5174521 operations; 8538.8 current ops/sec; est completion in 13 minutes [READ: Count=30445, Max=2301, Min=124, Avg=136.78, 90=139, 99=158, 99.9=2143, 99.99=2267] [READ-FAILED: Count=54943, Max=3565, Min=87, Avg=103.35, 90=105, 99=121, 99.9=142, 99.99=2177] 
2017-05-13 22:41:29:288 890 sec: 5258541 operations; 8402 current ops/sec; est completion in 13 minutes [READ: Count=29790, Max=2497, Min=125, Avg=139.22, 90=143, 99=163, 99.9=2165, 99.99=2283] [READ-FAILED: Count=54230, Max=2259, Min=93, Avg=105.01, 90=109, 99=126, 99.9=149, 99.99=2139] 
2017-05-13 22:41:39:288 900 sec: 5342540 operations; 8399.9 current ops/sec; est completion in 13 minutes [READ: Count=30052, Max=2319, Min=125, Avg=139.34, 90=143, 99=162, 99.9=2147, 99.99=2269] [READ-FAILED: Count=53947, Max=2233, Min=94, Avg=104.86, 90=109, 99=125, 99.9=146, 99.99=2099] 
2017-05-13 22:41:49:288 910 sec: 5427142 operations; 8460.2 current ops/sec; est completion in 12 minutes [READ: Count=30259, Max=2355, Min=125, Avg=138.23, 90=142, 99=160, 99.9=2165, 99.99=2277] [READ-FAILED: Count=54343, Max=2217, Min=88, Avg=104.06, 90=107, 99=122, 99.9=143, 99.99=2115] 
2017-05-13 22:41:59:288 920 sec: 5511301 operations; 8415.9 current ops/sec; est completion in 12 minutes [READ: Count=29894, Max=2281, Min=126, Avg=139.06, 90=142, 99=161, 99.9=2157, 99.99=2261] [READ-FAILED: Count=54265, Max=2253, Min=92, Avg=104.76, 90=107, 99=123, 99.9=143, 99.99=2157] 
2017-05-13 22:42:09:290 930 sec: 5595148 operations; 8383.86 current ops/sec; est completion in 12 minutes [READ: Count=30364, Max=2369, Min=128, Avg=139.13, 90=142, 99=161, 99.9=2157, 99.99=2289] [READ-FAILED: Count=53483, Max=2267, Min=93, Avg=104.94, 90=108, 99=123, 99.9=151, 99.99=2123] 
2017-05-13 22:42:19:288 940 sec: 5678626 operations; 8348.63 current ops/sec; est completion in 11 minutes [READ: Count=29906, Max=2395, Min=125, Avg=139.91, 90=144, 99=163, 99.9=2171, 99.99=2283] [READ-FAILED: Count=53572, Max=2361, Min=95, Avg=105.55, 90=109, 99=125, 99.9=155, 99.99=2161] 
2017-05-13 22:42:29:288 950 sec: 5762235 operations; 8360.9 current ops/sec; est completion in 11 minutes [READ: Count=30067, Max=2375, Min=126, Avg=139.46, 90=143, 99=160, 99.9=2153, 99.99=2309] [READ-FAILED: Count=53542, Max=2399, Min=94, Avg=105.5, 90=108, 99=124, 99.9=156, 99.99=2199] 
2017-05-13 22:42:39:288 960 sec: 5846565 operations; 8433 current ops/sec; est completion in 11 minutes [READ: Count=29914, Max=2359, Min=126, Avg=138.38, 90=142, 99=160, 99.9=2135, 99.99=2299] [READ-FAILED: Count=54416, Max=2225, Min=91, Avg=104.79, 90=107, 99=124, 99.9=149, 99.99=2149] 
2017-05-13 22:42:49:288 970 sec: 5931181 operations; 8461.6 current ops/sec; est completion in 11 minutes [READ: Count=30170, Max=2325, Min=125, Avg=137.99, 90=141, 99=160, 99.9=2153, 99.99=2285] [READ-FAILED: Count=54446, Max=2201, Min=91, Avg=104.27, 90=106, 99=122, 99.9=143, 99.99=2173] 
2017-05-13 22:42:59:288 980 sec: 6016029 operations; 8484.8 current ops/sec; est completion in 10 minutes [READ: Count=30575, Max=2389, Min=114, Avg=137.4, 90=139, 99=160, 99.9=2167, 99.99=2305] [READ-FAILED: Count=54273, Max=2217, Min=90, Avg=103.8, 90=105, 99=121, 99.9=158, 99.99=2167] 
2017-05-13 22:43:09:288 990 sec: 6100155 operations; 8412.6 current ops/sec; est completion in 10 minutes [READ: Count=30009, Max=2643, Min=127, Avg=138.9, 90=142, 99=161, 99.9=2177, 99.99=2347] [READ-FAILED: Count=54117, Max=2229, Min=94, Avg=104.83, 90=107, 99=123, 99.9=148, 99.99=2161] 
2017-05-13 22:43:19:288 1000 sec: 6184093 operations; 8393.8 current ops/sec; est completion in 10 minutes [READ: Count=30129, Max=2425, Min=129, Avg=139.17, 90=142, 99=162, 99.9=2173, 99.99=2275] [READ-FAILED: Count=53809, Max=3333, Min=95, Avg=105.02, 90=108, 99=125, 99.9=147, 99.99=2189] 
Maximum time elapsed. Requesting stop for the workload.
Stop requested for workload. Now Joining!
2017-05-13 22:43:19:299 1000 sec: 6184156 operations; 5727.27 current ops/sec; est completion in 10 minutes [READ: Count=26, Max=156, Min=132, Avg=137.42, 90=148, 99=156, 99.9=156, 99.99=156] [CLEANUP: Count=1, Max=1540, Min=1540, Avg=1540, 90=1540, 99=1540, 99.9=1540, 99.99=1540] [READ-FAILED: Count=37, Max=1863, Min=101, Avg=155.51, 90=111, 99=1863, 99.9=1863, 99.99=1863] 
[OVERALL], RunTime(ms), 1000012.0
[OVERALL], Throughput(ops/sec), 6184.081791018508
[TOTAL_GCS_PS_Scavenge], Count, 3212.0
[TOTAL_GC_TIME_PS_Scavenge], Time(ms), 5932.0
[TOTAL_GC_TIME_%_PS_Scavenge], Time(%), 0.5931928816854197
[TOTAL_GCS_PS_MarkSweep], Count, 0.0
[TOTAL_GC_TIME_PS_MarkSweep], Time(ms), 0.0
[TOTAL_GC_TIME_%_PS_MarkSweep], Time(%), 0.0
[TOTAL_GCs], Count, 3212.0
[TOTAL_GC_TIME], Time(ms), 5932.0
[TOTAL_GC_TIME_%], Time(%), 0.5931928816854197
[READ], Operations, 2206848.0
[READ], AverageLatency(us), 258.03291708355084
[READ], MinLatency(us), 114.0
[READ], MaxLatency(us), 263935.0
[READ], 95thPercentileLatency(us), 150.0
[READ], 99thPercentileLatency(us), 6207.0
[READ], Return=OK, 2206848
[READ], Return=NOT_FOUND, 3977308
[CLEANUP], Operations, 1.0
[CLEANUP], AverageLatency(us), 1540.0
[CLEANUP], MinLatency(us), 1540.0
[CLEANUP], MaxLatency(us), 1540.0
[CLEANUP], 95thPercentileLatency(us), 1540.0
[CLEANUP], 99thPercentileLatency(us), 1540.0
[READ-FAILED], Operations, 3977308.0
[READ-FAILED], AverageLatency(us), 104.97217238393405
[READ-FAILED], MinLatency(us), 85.0
[READ-FAILED], MaxLatency(us), 94271.0
[READ-FAILED], 95thPercentileLatency(us), 115.0
[READ-FAILED], 99thPercentileLatency(us), 130.0
