Thu May 18 13:45:20 IST 2017
--------------------MEMCG-----------------------
MEM ONLY  : 27 MB
MEM+SWAP  : 27 MB
cache 21987328
rss 6795264
rss_huge 0
mapped_file 7802880
writeback 0
swap 0
pgpgin 77715
pgpgout 70688
pgfault 174817
pgmajfault 184
inactive_anon 40960
active_anon 6823936
inactive_file 9678848
active_file 12238848
unevictable 0
hierarchical_memory_limit 1610612736
hierarchical_memsw_limit 5368709120
total_cache 21987328
total_rss 6795264
total_rss_huge 0
total_mapped_file 7802880
total_writeback 0
total_swap 0
total_pgpgin 77715
total_pgpgout 70688
total_pgfault 174817
total_pgmajfault 184
total_inactive_anon 40960
total_active_anon 6823936
total_inactive_file 9678848
total_active_file 12238848
total_unevictable 0
--------------------BLKIO-----------------------
11:0 Read 0
11:0 Write 0
11:0 Sync 0
11:0 Async 0
11:0 Total 0
253:0 Read 21725184
253:0 Write 229376
253:0 Sync 0
253:0 Async 21954560
253:0 Total 21954560
Total 21954560
--------------------CPUAC-----------------------
user 39
system 86
 
Thu May 18 13:45:50 IST 2017
--------------------MEMCG-----------------------
MEM ONLY  : 27 MB
MEM+SWAP  : 27 MB
cache 21987328
rss 6529024
rss_huge 0
mapped_file 7663616
writeback 0
swap 0
pgpgin 77715
pgpgout 70753
pgfault 174824
pgmajfault 184
inactive_anon 40960
active_anon 6557696
inactive_file 9658368
active_file 12259328
unevictable 0
hierarchical_memory_limit 1610612736
hierarchical_memsw_limit 5368709120
total_cache 21987328
total_rss 6529024
total_rss_huge 0
total_mapped_file 7663616
total_writeback 0
total_swap 0
total_pgpgin 77715
total_pgpgout 70753
total_pgfault 174824
total_pgmajfault 184
total_inactive_anon 40960
total_active_anon 6557696
total_inactive_file 9658368
total_active_file 12259328
total_unevictable 0
--------------------BLKIO-----------------------
11:0 Read 0
11:0 Write 0
11:0 Sync 0
11:0 Async 0
11:0 Total 0
253:0 Read 21725184
253:0 Write 229376
253:0 Sync 0
253:0 Async 21954560
253:0 Total 21954560
Total 21954560
--------------------CPUAC-----------------------
user 39
system 86
 
Thu May 18 13:46:20 IST 2017
--------------------MEMCG-----------------------
MEM ONLY  : 27 MB
MEM+SWAP  : 27 MB
cache 21987328
rss 6529024
rss_huge 0
mapped_file 7663616
writeback 0
swap 0
pgpgin 77715
pgpgout 70753
pgfault 174824
pgmajfault 184
inactive_anon 40960
active_anon 6557696
inactive_file 9658368
active_file 12259328
unevictable 0
hierarchical_memory_limit 1610612736
hierarchical_memsw_limit 5368709120
total_cache 21987328
total_rss 6529024
total_rss_huge 0
total_mapped_file 7663616
total_writeback 0
total_swap 0
total_pgpgin 77715
total_pgpgout 70753
total_pgfault 174824
total_pgmajfault 184
total_inactive_anon 40960
total_active_anon 6557696
total_inactive_file 9658368
total_active_file 12259328
total_unevictable 0
--------------------BLKIO-----------------------
11:0 Read 0
11:0 Write 0
11:0 Sync 0
11:0 Async 0
11:0 Total 0
253:0 Read 21725184
253:0 Write 229376
253:0 Sync 0
253:0 Async 21954560
253:0 Total 21954560
Total 21954560
--------------------CPUAC-----------------------
user 39
system 86
 
Thu May 18 13:46:50 IST 2017
--------------------MEMCG-----------------------
MEM ONLY  : 27 MB
MEM+SWAP  : 27 MB
cache 21987328
rss 6529024
rss_huge 0
mapped_file 7663616
writeback 0
swap 0
pgpgin 77715
pgpgout 70753
pgfault 174824
pgmajfault 184
inactive_anon 40960
active_anon 6557696
inactive_file 9658368
active_file 12259328
unevictable 0
hierarchical_memory_limit 1610612736
hierarchical_memsw_limit 5368709120
total_cache 21987328
total_rss 6529024
total_rss_huge 0
total_mapped_file 7663616
total_writeback 0
total_swap 0
total_pgpgin 77715
total_pgpgout 70753
total_pgfault 174824
total_pgmajfault 184
total_inactive_anon 40960
total_active_anon 6557696
total_inactive_file 9658368
total_active_file 12259328
total_unevictable 0
--------------------BLKIO-----------------------
11:0 Read 0
11:0 Write 0
11:0 Sync 0
11:0 Async 0
11:0 Total 0
253:0 Read 21725184
253:0 Write 229376
253:0 Sync 0
253:0 Async 21954560
253:0 Total 21954560
Total 21954560
--------------------CPUAC-----------------------
user 39
system 86
 
Thu May 18 13:47:20 IST 2017
--------------------MEMCG-----------------------
MEM ONLY  : 27 MB
MEM+SWAP  : 27 MB
cache 21987328
rss 6529024
rss_huge 0
mapped_file 7663616
writeback 0
swap 0
pgpgin 77715
pgpgout 70753
pgfault 174824
pgmajfault 184
inactive_anon 40960
active_anon 6557696
inactive_file 9658368
active_file 12259328
unevictable 0
hierarchical_memory_limit 1610612736
hierarchical_memsw_limit 5368709120
total_cache 21987328
total_rss 6529024
total_rss_huge 0
total_mapped_file 7663616
total_writeback 0
total_swap 0
total_pgpgin 77715
total_pgpgout 70753
total_pgfault 174824
total_pgmajfault 184
total_inactive_anon 40960
total_active_anon 6557696
total_inactive_file 9658368
total_active_file 12259328
total_unevictable 0
--------------------BLKIO-----------------------
11:0 Read 0
11:0 Write 0
11:0 Sync 0
11:0 Async 0
11:0 Total 0
253:0 Read 21725184
253:0 Write 229376
253:0 Sync 0
253:0 Async 21954560
253:0 Total 21954560
Total 21954560
--------------------CPUAC-----------------------
user 39
system 86
 
Thu May 18 13:47:50 IST 2017
--------------------MEMCG-----------------------
MEM ONLY  : 27 MB
MEM+SWAP  : 27 MB
cache 21987328
rss 6529024
rss_huge 0
mapped_file 7663616
writeback 0
swap 0
pgpgin 77715
pgpgout 70753
pgfault 174824
pgmajfault 184
inactive_anon 40960
active_anon 6557696
inactive_file 9658368
active_file 12259328
unevictable 0
hierarchical_memory_limit 1610612736
hierarchical_memsw_limit 5368709120
total_cache 21987328
total_rss 6529024
total_rss_huge 0
total_mapped_file 7663616
total_writeback 0
total_swap 0
total_pgpgin 77715
total_pgpgout 70753
total_pgfault 174824
total_pgmajfault 184
total_inactive_anon 40960
total_active_anon 6557696
total_inactive_file 9658368
total_active_file 12259328
total_unevictable 0
--------------------BLKIO-----------------------
11:0 Read 0
11:0 Write 0
11:0 Sync 0
11:0 Async 0
11:0 Total 0
253:0 Read 21725184
253:0 Write 229376
253:0 Sync 0
253:0 Async 21954560
253:0 Total 21954560
Total 21954560
--------------------CPUAC-----------------------
user 39
system 86
 
Thu May 18 13:48:20 IST 2017
--------------------MEMCG-----------------------
MEM ONLY  : 27 MB
MEM+SWAP  : 27 MB
cache 21987328
rss 6529024
rss_huge 0
mapped_file 7663616
writeback 0
swap 0
pgpgin 77715
pgpgout 70753
pgfault 174824
pgmajfault 184
inactive_anon 40960
active_anon 6557696
inactive_file 9658368
active_file 12259328
unevictable 0
hierarchical_memory_limit 1610612736
hierarchical_memsw_limit 5368709120
total_cache 21987328
total_rss 6529024
total_rss_huge 0
total_mapped_file 7663616
total_writeback 0
total_swap 0
total_pgpgin 77715
total_pgpgout 70753
total_pgfault 174824
total_pgmajfault 184
total_inactive_anon 40960
total_active_anon 6557696
total_inactive_file 9658368
total_active_file 12259328
total_unevictable 0
--------------------BLKIO-----------------------
11:0 Read 0
11:0 Write 0
11:0 Sync 0
11:0 Async 0
11:0 Total 0
253:0 Read 21725184
253:0 Write 229376
253:0 Sync 0
253:0 Async 21954560
253:0 Total 21954560
Total 21954560
--------------------CPUAC-----------------------
user 39
system 86
 
Thu May 18 13:48:50 IST 2017
--------------------MEMCG-----------------------
MEM ONLY  : 27 MB
MEM+SWAP  : 27 MB
cache 21987328
rss 6529024
rss_huge 0
mapped_file 7663616
writeback 0
swap 0
pgpgin 77715
pgpgout 70753
pgfault 174824
pgmajfault 184
inactive_anon 40960
active_anon 6557696
inactive_file 9658368
active_file 12259328
unevictable 0
hierarchical_memory_limit 1610612736
hierarchical_memsw_limit 5368709120
total_cache 21987328
total_rss 6529024
total_rss_huge 0
total_mapped_file 7663616
total_writeback 0
total_swap 0
total_pgpgin 77715
total_pgpgout 70753
total_pgfault 174824
total_pgmajfault 184
total_inactive_anon 40960
total_active_anon 6557696
total_inactive_file 9658368
total_active_file 12259328
total_unevictable 0
--------------------BLKIO-----------------------
11:0 Read 0
11:0 Write 0
11:0 Sync 0
11:0 Async 0
11:0 Total 0
253:0 Read 21725184
253:0 Write 229376
253:0 Sync 0
253:0 Async 21954560
253:0 Total 21954560
Total 21954560
--------------------CPUAC-----------------------
user 39
system 86
 
Thu May 18 13:49:20 IST 2017
--------------------MEMCG-----------------------
MEM ONLY  : 27 MB
MEM+SWAP  : 27 MB
cache 21987328
rss 6529024
rss_huge 0
mapped_file 7663616
writeback 0
swap 0
pgpgin 77715
pgpgout 70753
pgfault 174824
pgmajfault 184
inactive_anon 40960
active_anon 6557696
inactive_file 9658368
active_file 12259328
unevictable 0
hierarchical_memory_limit 1610612736
hierarchical_memsw_limit 5368709120
total_cache 21987328
total_rss 6529024
total_rss_huge 0
total_mapped_file 7663616
total_writeback 0
total_swap 0
total_pgpgin 77715
total_pgpgout 70753
total_pgfault 174824
total_pgmajfault 184
total_inactive_anon 40960
total_active_anon 6557696
total_inactive_file 9658368
total_active_file 12259328
total_unevictable 0
--------------------BLKIO-----------------------
11:0 Read 0
11:0 Write 0
11:0 Sync 0
11:0 Async 0
11:0 Total 0
253:0 Read 21725184
253:0 Write 229376
253:0 Sync 0
253:0 Async 21954560
253:0 Total 21954560
Total 21954560
--------------------CPUAC-----------------------
user 39
system 86
 
Thu May 18 13:49:50 IST 2017
--------------------MEMCG-----------------------
MEM ONLY  : 27 MB
MEM+SWAP  : 27 MB
cache 21987328
rss 6529024
rss_huge 0
mapped_file 7663616
writeback 0
swap 0
pgpgin 77715
pgpgout 70753
pgfault 174824
pgmajfault 184
inactive_anon 40960
active_anon 6557696
inactive_file 9658368
active_file 12259328
unevictable 0
hierarchical_memory_limit 1610612736
hierarchical_memsw_limit 5368709120
total_cache 21987328
total_rss 6529024
total_rss_huge 0
total_mapped_file 7663616
total_writeback 0
total_swap 0
total_pgpgin 77715
total_pgpgout 70753
total_pgfault 174824
total_pgmajfault 184
total_inactive_anon 40960
total_active_anon 6557696
total_inactive_file 9658368
total_active_file 12259328
total_unevictable 0
--------------------BLKIO-----------------------
11:0 Read 0
11:0 Write 0
11:0 Sync 0
11:0 Async 0
11:0 Total 0
253:0 Read 21725184
253:0 Write 229376
253:0 Sync 0
253:0 Async 21954560
253:0 Total 21954560
Total 21954560
--------------------CPUAC-----------------------
user 39
system 86
 
Thu May 18 13:50:20 IST 2017
--------------------MEMCG-----------------------
MEM ONLY  : 27 MB
MEM+SWAP  : 27 MB
cache 21987328
rss 6529024
rss_huge 0
mapped_file 7663616
writeback 0
swap 0
pgpgin 77715
pgpgout 70753
pgfault 174824
pgmajfault 184
inactive_anon 40960
active_anon 6557696
inactive_file 9658368
active_file 12259328
unevictable 0
hierarchical_memory_limit 1610612736
hierarchical_memsw_limit 5368709120
total_cache 21987328
total_rss 6529024
total_rss_huge 0
total_mapped_file 7663616
total_writeback 0
total_swap 0
total_pgpgin 77715
total_pgpgout 70753
total_pgfault 174824
total_pgmajfault 184
total_inactive_anon 40960
total_active_anon 6557696
total_inactive_file 9658368
total_active_file 12259328
total_unevictable 0
--------------------BLKIO-----------------------
11:0 Read 0
11:0 Write 0
11:0 Sync 0
11:0 Async 0
11:0 Total 0
253:0 Read 21725184
253:0 Write 229376
253:0 Sync 0
253:0 Async 21954560
253:0 Total 21954560
Total 21954560
--------------------CPUAC-----------------------
user 39
system 86
 
Thu May 18 13:50:50 IST 2017
--------------------MEMCG-----------------------
MEM ONLY  : 27 MB
MEM+SWAP  : 27 MB
cache 21987328
rss 6529024
rss_huge 0
mapped_file 7663616
writeback 0
swap 0
pgpgin 77715
pgpgout 70753
pgfault 174824
pgmajfault 184
inactive_anon 40960
active_anon 6557696
inactive_file 9658368
active_file 12259328
unevictable 0
hierarchical_memory_limit 1610612736
hierarchical_memsw_limit 5368709120
total_cache 21987328
total_rss 6529024
total_rss_huge 0
total_mapped_file 7663616
total_writeback 0
total_swap 0
total_pgpgin 77715
total_pgpgout 70753
total_pgfault 174824
total_pgmajfault 184
total_inactive_anon 40960
total_active_anon 6557696
total_inactive_file 9658368
total_active_file 12259328
total_unevictable 0
--------------------BLKIO-----------------------
11:0 Read 0
11:0 Write 0
11:0 Sync 0
11:0 Async 0
11:0 Total 0
253:0 Read 21725184
253:0 Write 229376
253:0 Sync 0
253:0 Async 21954560
253:0 Total 21954560
Total 21954560
--------------------CPUAC-----------------------
user 39
system 86
 
Thu May 18 13:51:20 IST 2017
--------------------MEMCG-----------------------
MEM ONLY  : 27 MB
MEM+SWAP  : 27 MB
cache 21987328
rss 6529024
rss_huge 0
mapped_file 7663616
writeback 0
swap 0
pgpgin 77715
pgpgout 70753
pgfault 174824
pgmajfault 184
inactive_anon 40960
active_anon 6557696
inactive_file 9658368
active_file 12259328
unevictable 0
hierarchical_memory_limit 1610612736
hierarchical_memsw_limit 5368709120
total_cache 21987328
total_rss 6529024
total_rss_huge 0
total_mapped_file 7663616
total_writeback 0
total_swap 0
total_pgpgin 77715
total_pgpgout 70753
total_pgfault 174824
total_pgmajfault 184
total_inactive_anon 40960
total_active_anon 6557696
total_inactive_file 9658368
total_active_file 12259328
total_unevictable 0
--------------------BLKIO-----------------------
11:0 Read 0
11:0 Write 0
11:0 Sync 0
11:0 Async 0
11:0 Total 0
253:0 Read 21725184
253:0 Write 229376
253:0 Sync 0
253:0 Async 21954560
253:0 Total 21954560
Total 21954560
--------------------CPUAC-----------------------
user 39
system 86
 
Thu May 18 13:51:50 IST 2017
--------------------MEMCG-----------------------
MEM ONLY  : 27 MB
MEM+SWAP  : 27 MB
cache 21987328
rss 6529024
rss_huge 0
mapped_file 7663616
writeback 0
swap 0
pgpgin 77715
pgpgout 70753
pgfault 174824
pgmajfault 184
inactive_anon 40960
active_anon 6557696
inactive_file 9658368
active_file 12259328
unevictable 0
hierarchical_memory_limit 1610612736
hierarchical_memsw_limit 5368709120
total_cache 21987328
total_rss 6529024
total_rss_huge 0
total_mapped_file 7663616
total_writeback 0
total_swap 0
total_pgpgin 77715
total_pgpgout 70753
total_pgfault 174824
total_pgmajfault 184
total_inactive_anon 40960
total_active_anon 6557696
total_inactive_file 9658368
total_active_file 12259328
total_unevictable 0
--------------------BLKIO-----------------------
11:0 Read 0
11:0 Write 0
11:0 Sync 0
11:0 Async 0
11:0 Total 0
253:0 Read 21725184
253:0 Write 229376
253:0 Sync 0
253:0 Async 21954560
253:0 Total 21954560
Total 21954560
--------------------CPUAC-----------------------
user 39
system 86
 
Thu May 18 13:52:20 IST 2017
--------------------MEMCG-----------------------
MEM ONLY  : 27 MB
MEM+SWAP  : 27 MB
cache 21987328
rss 6529024
rss_huge 0
mapped_file 7663616
writeback 0
swap 0
pgpgin 77715
pgpgout 70753
pgfault 174824
pgmajfault 184
inactive_anon 40960
active_anon 6557696
inactive_file 9658368
active_file 12259328
unevictable 0
hierarchical_memory_limit 1610612736
hierarchical_memsw_limit 5368709120
total_cache 21987328
total_rss 6529024
total_rss_huge 0
total_mapped_file 7663616
total_writeback 0
total_swap 0
total_pgpgin 77715
total_pgpgout 70753
total_pgfault 174824
total_pgmajfault 184
total_inactive_anon 40960
total_active_anon 6557696
total_inactive_file 9658368
total_active_file 12259328
total_unevictable 0
--------------------BLKIO-----------------------
11:0 Read 0
11:0 Write 0
11:0 Sync 0
11:0 Async 0
11:0 Total 0
253:0 Read 21725184
253:0 Write 229376
253:0 Sync 0
253:0 Async 21954560
253:0 Total 21954560
Total 21954560
--------------------CPUAC-----------------------
user 39
system 86
 
Thu May 18 13:52:51 IST 2017
--------------------MEMCG-----------------------
MEM ONLY  : 27 MB
MEM+SWAP  : 27 MB
cache 21987328
rss 6529024
rss_huge 0
mapped_file 7663616
writeback 0
swap 0
pgpgin 77715
pgpgout 70753
pgfault 174824
pgmajfault 184
inactive_anon 40960
active_anon 6557696
inactive_file 9658368
active_file 12259328
unevictable 0
hierarchical_memory_limit 1610612736
hierarchical_memsw_limit 5368709120
total_cache 21987328
total_rss 6529024
total_rss_huge 0
total_mapped_file 7663616
total_writeback 0
total_swap 0
total_pgpgin 77715
total_pgpgout 70753
total_pgfault 174824
total_pgmajfault 184
total_inactive_anon 40960
total_active_anon 6557696
total_inactive_file 9658368
total_active_file 12259328
total_unevictable 0
--------------------BLKIO-----------------------
11:0 Read 0
11:0 Write 0
11:0 Sync 0
11:0 Async 0
11:0 Total 0
253:0 Read 21725184
253:0 Write 229376
253:0 Sync 0
253:0 Async 21954560
253:0 Total 21954560
Total 21954560
--------------------CPUAC-----------------------
user 39
system 86
 
Thu May 18 13:53:21 IST 2017
--------------------MEMCG-----------------------
MEM ONLY  : 27 MB
MEM+SWAP  : 27 MB
cache 21987328
rss 6529024
rss_huge 0
mapped_file 7663616
writeback 0
swap 0
pgpgin 77715
pgpgout 70753
pgfault 174824
pgmajfault 184
inactive_anon 40960
active_anon 6557696
inactive_file 9658368
active_file 12259328
unevictable 0
hierarchical_memory_limit 1610612736
hierarchical_memsw_limit 5368709120
total_cache 21987328
total_rss 6529024
total_rss_huge 0
total_mapped_file 7663616
total_writeback 0
total_swap 0
total_pgpgin 77715
total_pgpgout 70753
total_pgfault 174824
total_pgmajfault 184
total_inactive_anon 40960
total_active_anon 6557696
total_inactive_file 9658368
total_active_file 12259328
total_unevictable 0
--------------------BLKIO-----------------------
11:0 Read 0
11:0 Write 0
11:0 Sync 0
11:0 Async 0
11:0 Total 0
253:0 Read 21725184
253:0 Write 229376
253:0 Sync 0
253:0 Async 21954560
253:0 Total 21954560
Total 21954560
--------------------CPUAC-----------------------
user 39
system 86
 
Thu May 18 13:53:51 IST 2017
--------------------MEMCG-----------------------
MEM ONLY  : 27 MB
MEM+SWAP  : 27 MB
cache 21987328
rss 6529024
rss_huge 0
mapped_file 7663616
writeback 0
swap 0
pgpgin 77715
pgpgout 70753
pgfault 174824
pgmajfault 184
inactive_anon 40960
active_anon 6557696
inactive_file 9658368
active_file 12259328
unevictable 0
hierarchical_memory_limit 1610612736
hierarchical_memsw_limit 5368709120
total_cache 21987328
total_rss 6529024
total_rss_huge 0
total_mapped_file 7663616
total_writeback 0
total_swap 0
total_pgpgin 77715
total_pgpgout 70753
total_pgfault 174824
total_pgmajfault 184
total_inactive_anon 40960
total_active_anon 6557696
total_inactive_file 9658368
total_active_file 12259328
total_unevictable 0
--------------------BLKIO-----------------------
11:0 Read 0
11:0 Write 0
11:0 Sync 0
11:0 Async 0
11:0 Total 0
253:0 Read 21725184
253:0 Write 229376
253:0 Sync 0
253:0 Async 21954560
253:0 Total 21954560
Total 21954560
--------------------CPUAC-----------------------
user 39
system 86
 
Thu May 18 13:54:21 IST 2017
--------------------MEMCG-----------------------
MEM ONLY  : 27 MB
MEM+SWAP  : 27 MB
cache 21987328
rss 6529024
rss_huge 0
mapped_file 7663616
writeback 0
swap 0
pgpgin 77715
pgpgout 70753
pgfault 174824
pgmajfault 184
inactive_anon 40960
active_anon 6557696
inactive_file 9658368
active_file 12259328
unevictable 0
hierarchical_memory_limit 1610612736
hierarchical_memsw_limit 5368709120
total_cache 21987328
total_rss 6529024
total_rss_huge 0
total_mapped_file 7663616
total_writeback 0
total_swap 0
total_pgpgin 77715
total_pgpgout 70753
total_pgfault 174824
total_pgmajfault 184
total_inactive_anon 40960
total_active_anon 6557696
total_inactive_file 9658368
total_active_file 12259328
total_unevictable 0
--------------------BLKIO-----------------------
11:0 Read 0
11:0 Write 0
11:0 Sync 0
11:0 Async 0
11:0 Total 0
253:0 Read 21725184
253:0 Write 229376
253:0 Sync 0
253:0 Async 21954560
253:0 Total 21954560
Total 21954560
--------------------CPUAC-----------------------
user 39
system 86
 
Thu May 18 13:54:51 IST 2017
--------------------MEMCG-----------------------
MEM ONLY  : 27 MB
MEM+SWAP  : 27 MB
cache 21987328
rss 6529024
rss_huge 0
mapped_file 7663616
writeback 0
swap 0
pgpgin 77715
pgpgout 70753
pgfault 174824
pgmajfault 184
inactive_anon 40960
active_anon 6557696
inactive_file 9658368
active_file 12259328
unevictable 0
hierarchical_memory_limit 1610612736
hierarchical_memsw_limit 5368709120
total_cache 21987328
total_rss 6529024
total_rss_huge 0
total_mapped_file 7663616
total_writeback 0
total_swap 0
total_pgpgin 77715
total_pgpgout 70753
total_pgfault 174824
total_pgmajfault 184
total_inactive_anon 40960
total_active_anon 6557696
total_inactive_file 9658368
total_active_file 12259328
total_unevictable 0
--------------------BLKIO-----------------------
11:0 Read 0
11:0 Write 0
11:0 Sync 0
11:0 Async 0
11:0 Total 0
253:0 Read 21725184
253:0 Write 229376
253:0 Sync 0
253:0 Async 21954560
253:0 Total 21954560
Total 21954560
--------------------CPUAC-----------------------
user 39
system 86
 
Thu May 18 13:55:21 IST 2017
--------------------MEMCG-----------------------
MEM ONLY  : 27 MB
MEM+SWAP  : 27 MB
cache 21987328
rss 6529024
rss_huge 0
mapped_file 7663616
writeback 0
swap 0
pgpgin 77715
pgpgout 70753
pgfault 174824
pgmajfault 184
inactive_anon 40960
active_anon 6557696
inactive_file 9658368
active_file 12259328
unevictable 0
hierarchical_memory_limit 1610612736
hierarchical_memsw_limit 5368709120
total_cache 21987328
total_rss 6529024
total_rss_huge 0
total_mapped_file 7663616
total_writeback 0
total_swap 0
total_pgpgin 77715
total_pgpgout 70753
total_pgfault 174824
total_pgmajfault 184
total_inactive_anon 40960
total_active_anon 6557696
total_inactive_file 9658368
total_active_file 12259328
total_unevictable 0
--------------------BLKIO-----------------------
11:0 Read 0
11:0 Write 0
11:0 Sync 0
11:0 Async 0
11:0 Total 0
253:0 Read 21725184
253:0 Write 229376
253:0 Sync 0
253:0 Async 21954560
253:0 Total 21954560
Total 21954560
--------------------CPUAC-----------------------
user 39
system 86
 
Thu May 18 13:55:51 IST 2017
--------------------MEMCG-----------------------
MEM ONLY  : 27 MB
MEM+SWAP  : 27 MB
cache 21987328
rss 6529024
rss_huge 0
mapped_file 7663616
writeback 0
swap 0
pgpgin 77715
pgpgout 70753
pgfault 174824
pgmajfault 184
inactive_anon 40960
active_anon 6557696
inactive_file 9658368
active_file 12259328
unevictable 0
hierarchical_memory_limit 1610612736
hierarchical_memsw_limit 5368709120
total_cache 21987328
total_rss 6529024
total_rss_huge 0
total_mapped_file 7663616
total_writeback 0
total_swap 0
total_pgpgin 77715
total_pgpgout 70753
total_pgfault 174824
total_pgmajfault 184
total_inactive_anon 40960
total_active_anon 6557696
total_inactive_file 9658368
total_active_file 12259328
total_unevictable 0
--------------------BLKIO-----------------------
11:0 Read 0
11:0 Write 0
11:0 Sync 0
11:0 Async 0
11:0 Total 0
253:0 Read 21725184
253:0 Write 229376
253:0 Sync 0
253:0 Async 21954560
253:0 Total 21954560
Total 21954560
--------------------CPUAC-----------------------
user 39
system 86
 
Thu May 18 13:56:21 IST 2017
--------------------MEMCG-----------------------
MEM ONLY  : 27 MB
MEM+SWAP  : 27 MB
cache 21987328
rss 6529024
rss_huge 0
mapped_file 7663616
writeback 0
swap 0
pgpgin 77715
pgpgout 70753
pgfault 174824
pgmajfault 184
inactive_anon 40960
active_anon 6557696
inactive_file 9658368
active_file 12259328
unevictable 0
hierarchical_memory_limit 1610612736
hierarchical_memsw_limit 5368709120
total_cache 21987328
total_rss 6529024
total_rss_huge 0
total_mapped_file 7663616
total_writeback 0
total_swap 0
total_pgpgin 77715
total_pgpgout 70753
total_pgfault 174824
total_pgmajfault 184
total_inactive_anon 40960
total_active_anon 6557696
total_inactive_file 9658368
total_active_file 12259328
total_unevictable 0
--------------------BLKIO-----------------------
11:0 Read 0
11:0 Write 0
11:0 Sync 0
11:0 Async 0
11:0 Total 0
253:0 Read 21725184
253:0 Write 229376
253:0 Sync 0
253:0 Async 21954560
253:0 Total 21954560
Total 21954560
--------------------CPUAC-----------------------
user 39
system 86
 
Thu May 18 13:56:51 IST 2017
--------------------MEMCG-----------------------
MEM ONLY  : 27 MB
MEM+SWAP  : 27 MB
cache 21987328
rss 6529024
rss_huge 0
mapped_file 7663616
writeback 0
swap 0
pgpgin 77715
pgpgout 70753
pgfault 174824
pgmajfault 184
inactive_anon 40960
active_anon 6557696
inactive_file 9658368
active_file 12259328
unevictable 0
hierarchical_memory_limit 1610612736
hierarchical_memsw_limit 5368709120
total_cache 21987328
total_rss 6529024
total_rss_huge 0
total_mapped_file 7663616
total_writeback 0
total_swap 0
total_pgpgin 77715
total_pgpgout 70753
total_pgfault 174824
total_pgmajfault 184
total_inactive_anon 40960
total_active_anon 6557696
total_inactive_file 9658368
total_active_file 12259328
total_unevictable 0
--------------------BLKIO-----------------------
11:0 Read 0
11:0 Write 0
11:0 Sync 0
11:0 Async 0
11:0 Total 0
253:0 Read 21725184
253:0 Write 229376
253:0 Sync 0
253:0 Async 21954560
253:0 Total 21954560
Total 21954560
--------------------CPUAC-----------------------
user 39
system 86
 
Thu May 18 13:57:21 IST 2017
--------------------MEMCG-----------------------
MEM ONLY  : 27 MB
MEM+SWAP  : 27 MB
cache 21987328
rss 6529024
rss_huge 0
mapped_file 7663616
writeback 0
swap 0
pgpgin 77715
pgpgout 70753
pgfault 174824
pgmajfault 184
inactive_anon 40960
active_anon 6557696
inactive_file 9658368
active_file 12259328
unevictable 0
hierarchical_memory_limit 1610612736
hierarchical_memsw_limit 5368709120
total_cache 21987328
total_rss 6529024
total_rss_huge 0
total_mapped_file 7663616
total_writeback 0
total_swap 0
total_pgpgin 77715
total_pgpgout 70753
total_pgfault 174824
total_pgmajfault 184
total_inactive_anon 40960
total_active_anon 6557696
total_inactive_file 9658368
total_active_file 12259328
total_unevictable 0
--------------------BLKIO-----------------------
11:0 Read 0
11:0 Write 0
11:0 Sync 0
11:0 Async 0
11:0 Total 0
253:0 Read 21725184
253:0 Write 229376
253:0 Sync 0
253:0 Async 21954560
253:0 Total 21954560
Total 21954560
--------------------CPUAC-----------------------
user 39
system 86
 
Thu May 18 13:57:51 IST 2017
--------------------MEMCG-----------------------
MEM ONLY  : 27 MB
MEM+SWAP  : 27 MB
cache 21987328
rss 6529024
rss_huge 0
mapped_file 7663616
writeback 0
swap 0
pgpgin 77715
pgpgout 70753
pgfault 174824
pgmajfault 184
inactive_anon 40960
active_anon 6557696
inactive_file 9658368
active_file 12259328
unevictable 0
hierarchical_memory_limit 1610612736
hierarchical_memsw_limit 5368709120
total_cache 21987328
total_rss 6529024
total_rss_huge 0
total_mapped_file 7663616
total_writeback 0
total_swap 0
total_pgpgin 77715
total_pgpgout 70753
total_pgfault 174824
total_pgmajfault 184
total_inactive_anon 40960
total_active_anon 6557696
total_inactive_file 9658368
total_active_file 12259328
total_unevictable 0
--------------------BLKIO-----------------------
11:0 Read 0
11:0 Write 0
11:0 Sync 0
11:0 Async 0
11:0 Total 0
253:0 Read 21725184
253:0 Write 229376
253:0 Sync 0
253:0 Async 21954560
253:0 Total 21954560
Total 21954560
--------------------CPUAC-----------------------
user 39
system 86
 
Thu May 18 13:58:21 IST 2017
--------------------MEMCG-----------------------
MEM ONLY  : 27 MB
MEM+SWAP  : 27 MB
cache 21987328
rss 6529024
rss_huge 0
mapped_file 7663616
writeback 0
swap 0
pgpgin 77715
pgpgout 70753
pgfault 174824
pgmajfault 184
inactive_anon 40960
active_anon 6557696
inactive_file 9658368
active_file 12259328
unevictable 0
hierarchical_memory_limit 1610612736
hierarchical_memsw_limit 5368709120
total_cache 21987328
total_rss 6529024
total_rss_huge 0
total_mapped_file 7663616
total_writeback 0
total_swap 0
total_pgpgin 77715
total_pgpgout 70753
total_pgfault 174824
total_pgmajfault 184
total_inactive_anon 40960
total_active_anon 6557696
total_inactive_file 9658368
total_active_file 12259328
total_unevictable 0
--------------------BLKIO-----------------------
11:0 Read 0
11:0 Write 0
11:0 Sync 0
11:0 Async 0
11:0 Total 0
253:0 Read 21725184
253:0 Write 229376
253:0 Sync 0
253:0 Async 21954560
253:0 Total 21954560
Total 21954560
--------------------CPUAC-----------------------
user 39
system 86
 
Thu May 18 13:58:51 IST 2017
--------------------MEMCG-----------------------
MEM ONLY  : 27 MB
MEM+SWAP  : 27 MB
cache 21987328
rss 6529024
rss_huge 0
mapped_file 7663616
writeback 0
swap 0
pgpgin 77715
pgpgout 70753
pgfault 174824
pgmajfault 184
inactive_anon 40960
active_anon 6557696
inactive_file 9658368
active_file 12259328
unevictable 0
hierarchical_memory_limit 1610612736
hierarchical_memsw_limit 5368709120
total_cache 21987328
total_rss 6529024
total_rss_huge 0
total_mapped_file 7663616
total_writeback 0
total_swap 0
total_pgpgin 77715
total_pgpgout 70753
total_pgfault 174824
total_pgmajfault 184
total_inactive_anon 40960
total_active_anon 6557696
total_inactive_file 9658368
total_active_file 12259328
total_unevictable 0
--------------------BLKIO-----------------------
11:0 Read 0
11:0 Write 0
11:0 Sync 0
11:0 Async 0
11:0 Total 0
253:0 Read 21725184
253:0 Write 229376
253:0 Sync 0
253:0 Async 21954560
253:0 Total 21954560
Total 21954560
--------------------CPUAC-----------------------
user 39
system 86
 
Thu May 18 13:59:21 IST 2017
--------------------MEMCG-----------------------
MEM ONLY  : 27 MB
MEM+SWAP  : 27 MB
cache 21987328
rss 6529024
rss_huge 0
mapped_file 7663616
writeback 0
swap 0
pgpgin 77715
pgpgout 70753
pgfault 174824
pgmajfault 184
inactive_anon 40960
active_anon 6557696
inactive_file 9658368
active_file 12259328
unevictable 0
hierarchical_memory_limit 1610612736
hierarchical_memsw_limit 5368709120
total_cache 21987328
total_rss 6529024
total_rss_huge 0
total_mapped_file 7663616
total_writeback 0
total_swap 0
total_pgpgin 77715
total_pgpgout 70753
total_pgfault 174824
total_pgmajfault 184
total_inactive_anon 40960
total_active_anon 6557696
total_inactive_file 9658368
total_active_file 12259328
total_unevictable 0
--------------------BLKIO-----------------------
11:0 Read 0
11:0 Write 0
11:0 Sync 0
11:0 Async 0
11:0 Total 0
253:0 Read 21725184
253:0 Write 229376
253:0 Sync 0
253:0 Async 21954560
253:0 Total 21954560
Total 21954560
--------------------CPUAC-----------------------
user 39
system 86
 
Thu May 18 13:59:51 IST 2017
--------------------MEMCG-----------------------
MEM ONLY  : 27 MB
MEM+SWAP  : 27 MB
cache 21987328
rss 6529024
rss_huge 0
mapped_file 7663616
writeback 0
swap 0
pgpgin 77715
pgpgout 70753
pgfault 174824
pgmajfault 184
inactive_anon 40960
active_anon 6557696
inactive_file 9658368
active_file 12259328
unevictable 0
hierarchical_memory_limit 1610612736
hierarchical_memsw_limit 5368709120
total_cache 21987328
total_rss 6529024
total_rss_huge 0
total_mapped_file 7663616
total_writeback 0
total_swap 0
total_pgpgin 77715
total_pgpgout 70753
total_pgfault 174824
total_pgmajfault 184
total_inactive_anon 40960
total_active_anon 6557696
total_inactive_file 9658368
total_active_file 12259328
total_unevictable 0
--------------------BLKIO-----------------------
11:0 Read 0
11:0 Write 0
11:0 Sync 0
11:0 Async 0
11:0 Total 0
253:0 Read 21725184
253:0 Write 229376
253:0 Sync 0
253:0 Async 21954560
253:0 Total 21954560
Total 21954560
--------------------CPUAC-----------------------
user 39
system 86
 
Thu May 18 14:00:21 IST 2017
--------------------MEMCG-----------------------
MEM ONLY  : 27 MB
MEM+SWAP  : 27 MB
cache 21987328
rss 6529024
rss_huge 0
mapped_file 7663616
writeback 0
swap 0
pgpgin 77715
pgpgout 70753
pgfault 174824
pgmajfault 184
inactive_anon 40960
active_anon 6557696
inactive_file 9658368
active_file 12259328
unevictable 0
hierarchical_memory_limit 1610612736
hierarchical_memsw_limit 5368709120
total_cache 21987328
total_rss 6529024
total_rss_huge 0
total_mapped_file 7663616
total_writeback 0
total_swap 0
total_pgpgin 77715
total_pgpgout 70753
total_pgfault 174824
total_pgmajfault 184
total_inactive_anon 40960
total_active_anon 6557696
total_inactive_file 9658368
total_active_file 12259328
total_unevictable 0
--------------------BLKIO-----------------------
11:0 Read 0
11:0 Write 0
11:0 Sync 0
11:0 Async 0
11:0 Total 0
253:0 Read 21725184
253:0 Write 229376
253:0 Sync 0
253:0 Async 21954560
253:0 Total 21954560
Total 21954560
--------------------CPUAC-----------------------
user 39
system 86
 
Thu May 18 14:00:51 IST 2017
--------------------MEMCG-----------------------
MEM ONLY  : 27 MB
MEM+SWAP  : 27 MB
cache 21987328
rss 6529024
rss_huge 0
mapped_file 7663616
writeback 0
swap 0
pgpgin 77715
pgpgout 70753
pgfault 174824
pgmajfault 184
inactive_anon 40960
active_anon 6557696
inactive_file 9658368
active_file 12259328
unevictable 0
hierarchical_memory_limit 1610612736
hierarchical_memsw_limit 5368709120
total_cache 21987328
total_rss 6529024
total_rss_huge 0
total_mapped_file 7663616
total_writeback 0
total_swap 0
total_pgpgin 77715
total_pgpgout 70753
total_pgfault 174824
total_pgmajfault 184
total_inactive_anon 40960
total_active_anon 6557696
total_inactive_file 9658368
total_active_file 12259328
total_unevictable 0
--------------------BLKIO-----------------------
11:0 Read 0
11:0 Write 0
11:0 Sync 0
11:0 Async 0
11:0 Total 0
253:0 Read 21725184
253:0 Write 229376
253:0 Sync 0
253:0 Async 21954560
253:0 Total 21954560
Total 21954560
--------------------CPUAC-----------------------
user 39
system 86
 
Thu May 18 14:01:21 IST 2017
--------------------MEMCG-----------------------
MEM ONLY  : 27 MB
MEM+SWAP  : 27 MB
cache 21987328
rss 6529024
rss_huge 0
mapped_file 7663616
writeback 0
swap 0
pgpgin 77715
pgpgout 70753
pgfault 174824
pgmajfault 184
inactive_anon 40960
active_anon 6557696
inactive_file 9658368
active_file 12259328
unevictable 0
hierarchical_memory_limit 1610612736
hierarchical_memsw_limit 5368709120
total_cache 21987328
total_rss 6529024
total_rss_huge 0
total_mapped_file 7663616
total_writeback 0
total_swap 0
total_pgpgin 77715
total_pgpgout 70753
total_pgfault 174824
total_pgmajfault 184
total_inactive_anon 40960
total_active_anon 6557696
total_inactive_file 9658368
total_active_file 12259328
total_unevictable 0
--------------------BLKIO-----------------------
11:0 Read 0
11:0 Write 0
11:0 Sync 0
11:0 Async 0
11:0 Total 0
253:0 Read 21725184
253:0 Write 229376
253:0 Sync 0
253:0 Async 21954560
253:0 Total 21954560
Total 21954560
--------------------CPUAC-----------------------
user 39
system 86
 
Thu May 18 14:01:51 IST 2017
--------------------MEMCG-----------------------
MEM ONLY  : 27 MB
MEM+SWAP  : 27 MB
cache 21987328
rss 6529024
rss_huge 0
mapped_file 7663616
writeback 0
swap 0
pgpgin 77715
pgpgout 70753
pgfault 174824
pgmajfault 184
inactive_anon 40960
active_anon 6557696
inactive_file 9658368
active_file 12259328
unevictable 0
hierarchical_memory_limit 1610612736
hierarchical_memsw_limit 5368709120
total_cache 21987328
total_rss 6529024
total_rss_huge 0
total_mapped_file 7663616
total_writeback 0
total_swap 0
total_pgpgin 77715
total_pgpgout 70753
total_pgfault 174824
total_pgmajfault 184
total_inactive_anon 40960
total_active_anon 6557696
total_inactive_file 9658368
total_active_file 12259328
total_unevictable 0
--------------------BLKIO-----------------------
11:0 Read 0
11:0 Write 0
11:0 Sync 0
11:0 Async 0
11:0 Total 0
253:0 Read 21725184
253:0 Write 229376
253:0 Sync 0
253:0 Async 21954560
253:0 Total 21954560
Total 21954560
--------------------CPUAC-----------------------
user 39
system 86
 
Thu May 18 14:02:21 IST 2017
--------------------MEMCG-----------------------
MEM ONLY  : 474 MB
MEM+SWAP  : 474 MB
cache 404148224
rss 92778496
rss_huge 0
mapped_file 46358528
writeback 0
swap 0
pgpgin 242326
pgpgout 121006
pgfault 258052
pgmajfault 206
inactive_anon 45056
active_anon 92807168
inactive_file 363642880
active_file 40398848
unevictable 0
hierarchical_memory_limit 1610612736
hierarchical_memsw_limit 5368709120
total_cache 404148224
total_rss 92778496
total_rss_huge 0
total_mapped_file 46358528
total_writeback 0
total_swap 0
total_pgpgin 242326
total_pgpgout 121006
total_pgfault 258052
total_pgmajfault 206
total_inactive_anon 45056
total_active_anon 92807168
total_inactive_file 363642880
total_active_file 40398848
total_unevictable 0
--------------------BLKIO-----------------------
11:0 Read 0
11:0 Write 0
11:0 Sync 0
11:0 Async 0
11:0 Total 0
253:0 Read 364421120
253:0 Write 229376
253:0 Sync 0
253:0 Async 364650496
253:0 Total 364650496
Total 364650496
--------------------CPUAC-----------------------
user 96
system 266
 
Thu May 18 14:02:51 IST 2017
--------------------MEMCG-----------------------
MEM ONLY  : 981 MB
MEM+SWAP  : 981 MB
cache 936374272
rss 92778496
rss_huge 0
mapped_file 46358528
writeback 0
swap 0
pgpgin 402684
pgpgout 151426
pgfault 289801
pgmajfault 206
inactive_anon 45056
active_anon 92807168
inactive_file 784883712
active_file 151416832
unevictable 0
hierarchical_memory_limit 1610612736
hierarchical_memsw_limit 5368709120
total_cache 936374272
total_rss 92778496
total_rss_huge 0
total_mapped_file 46358528
total_writeback 0
total_swap 0
total_pgpgin 402684
total_pgpgout 151426
total_pgfault 289801
total_pgmajfault 206
total_inactive_anon 45056
total_active_anon 92807168
total_inactive_file 784883712
total_active_file 151416832
total_unevictable 0
--------------------BLKIO-----------------------
11:0 Read 0
11:0 Write 0
11:0 Sync 0
11:0 Async 0
11:0 Total 0
253:0 Read 896675840
253:0 Write 229376
253:0 Sync 0
253:0 Async 896905216
253:0 Total 896905216
Total 896905216
--------------------CPUAC-----------------------
user 113
system 366
 
Thu May 18 14:03:21 IST 2017
--------------------MEMCG-----------------------
MEM ONLY  : 1499 MB
MEM+SWAP  : 1499 MB
cache 1479913472
rss 92778496
rss_huge 0
mapped_file 46358528
writeback 0
swap 0
pgpgin 574102
pgpgout 190144
pgfault 329907
pgmajfault 206
inactive_anon 45056
active_anon 92807168
inactive_file 1095659520
active_file 384147456
unevictable 0
hierarchical_memory_limit 1610612736
hierarchical_memsw_limit 5368709120
total_cache 1479913472
total_rss 92778496
total_rss_huge 0
total_mapped_file 46358528
total_writeback 0
total_swap 0
total_pgpgin 574102
total_pgpgout 190144
total_pgfault 329907
total_pgmajfault 206
total_inactive_anon 45056
total_active_anon 92807168
total_inactive_file 1095659520
total_active_file 384147456
total_unevictable 0
--------------------BLKIO-----------------------
11:0 Read 0
11:0 Write 0
11:0 Sync 0
11:0 Async 0
11:0 Total 0
253:0 Read 1440182272
253:0 Write 229376
253:0 Sync 0
253:0 Async 1440411648
253:0 Total 1440411648
Total 1440411648
--------------------CPUAC-----------------------
user 132
system 482
 
Thu May 18 14:03:51 IST 2017
--------------------MEMCG-----------------------
MEM ONLY  : 1535 MB
MEM+SWAP  : 1535 MB
cache 1517789184
rss 92778496
rss_huge 0
mapped_file 46329856
writeback 0
swap 0
pgpgin 773554
pgpgout 380349
pgfault 382052
pgmajfault 206
inactive_anon 46632960
active_anon 46219264
inactive_file 759087104
active_file 758595584
unevictable 0
hierarchical_memory_limit 1610612736
hierarchical_memsw_limit 5368709120
total_cache 1517789184
total_rss 92778496
total_rss_huge 0
total_mapped_file 46329856
total_writeback 0
total_swap 0
total_pgpgin 773554
total_pgpgout 380349
total_pgfault 382052
total_pgmajfault 206
total_inactive_anon 46632960
total_active_anon 46219264
total_inactive_file 759087104
total_active_file 758595584
total_unevictable 0
--------------------BLKIO-----------------------
11:0 Read 0
11:0 Write 0
11:0 Sync 0
11:0 Async 0
11:0 Total 0
253:0 Read 1967308800
253:0 Write 229376
253:0 Sync 0
253:0 Async 1967538176
253:0 Total 1967538176
Total 1967538176
--------------------CPUAC-----------------------
user 163
system 663
 
Thu May 18 14:04:21 IST 2017
--------------------MEMCG-----------------------
MEM ONLY  : 1535 MB
MEM+SWAP  : 1535 MB
cache 1517834240
rss 92778496
rss_huge 0
mapped_file 12447744
writeback 0
swap 0
pgpgin 1082635
pgpgout 689419
pgfault 462953
pgmajfault 206
inactive_anon 46632960
active_anon 46219264
inactive_file 758673408
active_file 758923264
unevictable 0
hierarchical_memory_limit 1610612736
hierarchical_memsw_limit 5368709120
total_cache 1517834240
total_rss 92778496
total_rss_huge 0
total_mapped_file 12447744
total_writeback 0
total_swap 0
total_pgpgin 1082635
total_pgpgout 689419
total_pgfault 462953
total_pgmajfault 206
total_inactive_anon 46632960
total_active_anon 46219264
total_inactive_file 758673408
total_active_file 758923264
total_unevictable 0
--------------------BLKIO-----------------------
11:0 Read 0
11:0 Write 0
11:0 Sync 0
11:0 Async 0
11:0 Total 0
253:0 Read 2505416704
253:0 Write 229376
253:0 Sync 0
253:0 Async 2505646080
253:0 Total 2505646080
Total 2505646080
--------------------CPUAC-----------------------
user 205
system 911
 
Thu May 18 14:04:51 IST 2017
--------------------MEMCG-----------------------
MEM ONLY  : 1535 MB
MEM+SWAP  : 1535 MB
cache 1517686784
rss 92778496
rss_huge 0
mapped_file 3428352
writeback 0
swap 0
pgpgin 1547640
pgpgout 1154460
pgfault 587223
pgmajfault 206
inactive_anon 46632960
active_anon 46219264
inactive_file 756924416
active_file 760688640
unevictable 0
hierarchical_memory_limit 1610612736
hierarchical_memsw_limit 5368709120
total_cache 1517686784
total_rss 92778496
total_rss_huge 0
total_mapped_file 3428352
total_writeback 0
total_swap 0
total_pgpgin 1547640
total_pgpgout 1154460
total_pgfault 587223
total_pgmajfault 206
total_inactive_anon 46632960
total_active_anon 46219264
total_inactive_file 756924416
total_active_file 760688640
total_unevictable 0
--------------------BLKIO-----------------------
11:0 Read 0
11:0 Write 0
11:0 Sync 0
11:0 Async 0
11:0 Total 0
253:0 Read 3026030592
253:0 Write 229376
253:0 Sync 0
253:0 Async 3026259968
253:0 Total 3026259968
Total 3026259968
--------------------CPUAC-----------------------
user 270
system 1300
 
Thu May 18 14:05:21 IST 2017
--------------------MEMCG-----------------------
MEM ONLY  : 1535 MB
MEM+SWAP  : 1535 MB
cache 1517711360
rss 92778496
rss_huge 0
mapped_file 3489792
writeback 0
swap 0
pgpgin 2023517
pgpgout 1630331
pgfault 713134
pgmajfault 213
inactive_anon 46632960
active_anon 46219264
inactive_file 758550528
active_file 759087104
unevictable 0
hierarchical_memory_limit 1610612736
hierarchical_memsw_limit 5368709120
total_cache 1517711360
total_rss 92782592
total_rss_huge 0
total_mapped_file 3489792
total_writeback 0
total_swap 0
total_pgpgin 2023518
total_pgpgout 1630331
total_pgfault 713135
total_pgmajfault 213
total_inactive_anon 46632960
total_active_anon 46219264
total_inactive_file 758550528
total_active_file 759087104
total_unevictable 0
--------------------BLKIO-----------------------
11:0 Read 0
11:0 Write 0
11:0 Sync 0
11:0 Async 0
11:0 Total 0
253:0 Read 3549614080
253:0 Write 229376
253:0 Sync 0
253:0 Async 3549843456
253:0 Total 3549843456
Total 3549843456
--------------------CPUAC-----------------------
user 326
system 1689
 
Thu May 18 14:05:51 IST 2017
--------------------MEMCG-----------------------
MEM ONLY  : 1536 MB
MEM+SWAP  : 1535 MB
cache 1517813760
rss 92778496
rss_huge 0
mapped_file 3399680
writeback 0
swap 0
pgpgin 2500163
pgpgout 2106952
pgfault 840728
pgmajfault 213
inactive_anon 46632960
active_anon 46219264
inactive_file 758292480
active_file 759414784
unevictable 0
hierarchical_memory_limit 1610612736
hierarchical_memsw_limit 5368709120
total_cache 1517813760
total_rss 92778496
total_rss_huge 0
total_mapped_file 3399680
total_writeback 0
total_swap 0
total_pgpgin 2500163
total_pgpgout 2106952
total_pgfault 840728
total_pgmajfault 213
total_inactive_anon 46632960
total_active_anon 46219264
total_inactive_file 758292480
total_active_file 759414784
total_unevictable 0
--------------------BLKIO-----------------------
11:0 Read 0
11:0 Write 0
11:0 Sync 0
11:0 Async 0
11:0 Total 0
253:0 Read 4072468480
253:0 Write 229376
253:0 Sync 0
253:0 Async 4072697856
253:0 Total 4072697856
Total 4072697856
--------------------CPUAC-----------------------
user 389
system 2090
 
Thu May 18 14:06:21 IST 2017
--------------------MEMCG-----------------------
MEM ONLY  : 1535 MB
MEM+SWAP  : 1535 MB
cache 1517809664
rss 92778496
rss_huge 0
mapped_file 3485696
writeback 0
swap 0
pgpgin 2975967
pgpgout 2582757
pgfault 965957
pgmajfault 219
inactive_anon 46632960
active_anon 46219264
inactive_file 759160832
active_file 758575104
unevictable 0
hierarchical_memory_limit 1610612736
hierarchical_memsw_limit 5368709120
total_cache 1517809664
total_rss 92778496
total_rss_huge 0
total_mapped_file 3485696
total_writeback 0
total_swap 0
total_pgpgin 2975967
total_pgpgout 2582757
total_pgfault 965957
total_pgmajfault 219
total_inactive_anon 46632960
total_active_anon 46219264
total_inactive_file 759160832
total_active_file 758575104
total_unevictable 0
--------------------BLKIO-----------------------
11:0 Read 0
11:0 Write 0
11:0 Sync 0
11:0 Async 0
11:0 Total 0
253:0 Read 4593385472
253:0 Write 229376
253:0 Sync 0
253:0 Async 4593614848
253:0 Total 4593614848
Total 4593614848
--------------------CPUAC-----------------------
user 452
system 2492
 
Thu May 18 14:06:51 IST 2017
--------------------MEMCG-----------------------
MEM ONLY  : 1535 MB
MEM+SWAP  : 1535 MB
cache 1517625344
rss 92778496
rss_huge 0
mapped_file 3485696
writeback 2793472
swap 0
pgpgin 3461602
pgpgout 3068437
pgfault 1095602
pgmajfault 219
inactive_anon 46632960
active_anon 46219264
inactive_file 758161408
active_file 759345152
unevictable 0
hierarchical_memory_limit 1610612736
hierarchical_memsw_limit 5368709120
total_cache 1517625344
total_rss 92778496
total_rss_huge 0
total_mapped_file 3485696
total_writeback 2793472
total_swap 0
total_pgpgin 3461602
total_pgpgout 3068437
total_pgfault 1095602
total_pgmajfault 219
total_inactive_anon 46632960
total_active_anon 46219264
total_inactive_file 758161408
total_active_file 759345152
total_unevictable 0
--------------------BLKIO-----------------------
11:0 Read 0
11:0 Write 0
11:0 Sync 0
11:0 Async 0
11:0 Total 0
253:0 Read 5106524160
253:0 Write 229376
253:0 Sync 0
253:0 Async 5106753536
253:0 Total 5106753536
Total 5106753536
--------------------CPUAC-----------------------
user 518
system 2898
 
Thu May 18 14:07:21 IST 2017
--------------------MEMCG-----------------------
MEM ONLY  : 1535 MB
MEM+SWAP  : 1535 MB
cache 1517686784
rss 92778496
rss_huge 0
mapped_file 3485696
writeback 0
swap 0
pgpgin 3935994
pgpgout 3542814
pgfault 1223276
pgmajfault 225
inactive_anon 46632960
active_anon 46219264
inactive_file 758018048
active_file 759582720
unevictable 0
hierarchical_memory_limit 1610612736
hierarchical_memsw_limit 5368709120
total_cache 1517686784
total_rss 92778496
total_rss_huge 0
total_mapped_file 3485696
total_writeback 0
total_swap 0
total_pgpgin 3935994
total_pgpgout 3542814
total_pgfault 1223276
total_pgmajfault 225
total_inactive_anon 46632960
total_active_anon 46219264
total_inactive_file 758018048
total_active_file 759582720
total_unevictable 0
--------------------BLKIO-----------------------
11:0 Read 0
11:0 Write 0
11:0 Sync 0
11:0 Async 0
11:0 Total 0
253:0 Read 5627817984
253:0 Write 229376
253:0 Sync 0
253:0 Async 5628047360
253:0 Total 5628047360
Total 5628047360
--------------------CPUAC-----------------------
user 575
system 3306
 
Thu May 18 14:07:52 IST 2017
--------------------MEMCG-----------------------
MEM ONLY  : 1535 MB
MEM+SWAP  : 1535 MB
cache 1517797376
rss 92778496
rss_huge 0
mapped_file 3485696
writeback 0
swap 0
pgpgin 4419435
pgpgout 4026228
pgfault 1351061
pgmajfault 225
inactive_anon 46632960
active_anon 46219264
inactive_file 758824960
active_file 758898688
unevictable 0
hierarchical_memory_limit 1610612736
hierarchical_memsw_limit 5368709120
total_cache 1517797376
total_rss 92778496
total_rss_huge 0
total_mapped_file 3485696
total_writeback 0
total_swap 0
total_pgpgin 4419435
total_pgpgout 4026228
total_pgfault 1351061
total_pgmajfault 225
total_inactive_anon 46632960
total_active_anon 46219264
total_inactive_file 758824960
total_active_file 758898688
total_unevictable 0
--------------------BLKIO-----------------------
11:0 Read 0
11:0 Write 0
11:0 Sync 0
11:0 Async 0
11:0 Total 0
253:0 Read 6154371072
253:0 Write 229376
253:0 Sync 0
253:0 Async 6154600448
253:0 Total 6154600448
Total 6154600448
--------------------CPUAC-----------------------
user 633
system 3716
 
Thu May 18 14:08:22 IST 2017
--------------------MEMCG-----------------------
MEM ONLY  : 1535 MB
MEM+SWAP  : 1535 MB
cache 1517793280
rss 92778496
rss_huge 0
mapped_file 3485696
writeback 0
swap 0
pgpgin 4891020
pgpgout 4497814
pgfault 1476913
pgmajfault 231
inactive_anon 46632960
active_anon 46219264
inactive_file 756523008
active_file 761163776
unevictable 0
hierarchical_memory_limit 1610612736
hierarchical_memsw_limit 5368709120
total_cache 1517793280
total_rss 92778496
total_rss_huge 0
total_mapped_file 3485696
total_writeback 0
total_swap 0
total_pgpgin 4891020
total_pgpgout 4497814
total_pgfault 1476913
total_pgmajfault 231
total_inactive_anon 46632960
total_active_anon 46219264
total_inactive_file 756523008
total_active_file 761163776
total_unevictable 0
--------------------BLKIO-----------------------
11:0 Read 0
11:0 Write 0
11:0 Sync 0
11:0 Async 0
11:0 Total 0
253:0 Read 6674583552
253:0 Write 229376
253:0 Sync 0
253:0 Async 6674812928
253:0 Total 6674812928
Total 6674812928
--------------------CPUAC-----------------------
user 692
system 4129
 
Thu May 18 14:08:52 IST 2017
--------------------MEMCG-----------------------
MEM ONLY  : 1535 MB
MEM+SWAP  : 1535 MB
cache 1517797376
rss 92778496
rss_huge 0
mapped_file 3477504
writeback 0
swap 0
pgpgin 5363565
pgpgout 4970358
pgfault 1603311
pgmajfault 231
inactive_anon 46632960
active_anon 46219264
inactive_file 758775808
active_file 758919168
unevictable 0
hierarchical_memory_limit 1610612736
hierarchical_memsw_limit 5368709120
total_cache 1517797376
total_rss 92778496
total_rss_huge 0
total_mapped_file 3477504
total_writeback 0
total_swap 0
total_pgpgin 5363565
total_pgpgout 4970358
total_pgfault 1603311
total_pgmajfault 231
total_inactive_anon 46632960
total_active_anon 46219264
total_inactive_file 758775808
total_active_file 758919168
total_unevictable 0
--------------------BLKIO-----------------------
11:0 Read 0
11:0 Write 0
11:0 Sync 0
11:0 Async 0
11:0 Total 0
253:0 Read 7181144064
253:0 Write 229376
253:0 Sync 0
253:0 Async 7181373440
253:0 Total 7181373440
Total 7181373440
--------------------CPUAC-----------------------
user 750
system 4541
 
Thu May 18 14:09:22 IST 2017
--------------------MEMCG-----------------------
MEM ONLY  : 1535 MB
MEM+SWAP  : 1535 MB
cache 1517813760
rss 92778496
rss_huge 0
mapped_file 3526656
writeback 0
swap 0
pgpgin 5840348
pgpgout 5447137
pgfault 1730802
pgmajfault 238
inactive_anon 46632960
active_anon 46219264
inactive_file 757739520
active_file 759992320
unevictable 0
hierarchical_memory_limit 1610612736
hierarchical_memsw_limit 5368709120
total_cache 1517813760
total_rss 92778496
total_rss_huge 0
total_mapped_file 3526656
total_writeback 0
total_swap 0
total_pgpgin 5840348
total_pgpgout 5447137
total_pgfault 1730802
total_pgmajfault 238
total_inactive_anon 46632960
total_active_anon 46219264
total_inactive_file 757739520
total_active_file 759992320
total_unevictable 0
--------------------BLKIO-----------------------
11:0 Read 0
11:0 Write 0
11:0 Sync 0
11:0 Async 0
11:0 Total 0
253:0 Read 7704698880
253:0 Write 229376
253:0 Sync 0
253:0 Async 7704928256
253:0 Total 7704928256
Total 7704928256
--------------------CPUAC-----------------------
user 806
system 4961
 
Thu May 18 14:09:52 IST 2017
--------------------MEMCG-----------------------
MEM ONLY  : 1536 MB
MEM+SWAP  : 1535 MB
cache 1517785088
rss 92778496
rss_huge 0
mapped_file 3518464
writeback 0
swap 0
pgpgin 6311129
pgpgout 5917925
pgfault 1855886
pgmajfault 238
inactive_anon 46632960
active_anon 46219264
inactive_file 757444608
active_file 760266752
unevictable 0
hierarchical_memory_limit 1610612736
hierarchical_memsw_limit 5368709120
total_cache 1517785088
total_rss 92778496
total_rss_huge 0
total_mapped_file 3518464
total_writeback 0
total_swap 0
total_pgpgin 6311129
total_pgpgout 5917925
total_pgfault 1855886
total_pgmajfault 238
total_inactive_anon 46632960
total_active_anon 46219264
total_inactive_file 757444608
total_active_file 760266752
total_unevictable 0
--------------------BLKIO-----------------------
11:0 Read 0
11:0 Write 0
11:0 Sync 0
11:0 Async 0
11:0 Total 0
253:0 Read 8216223744
253:0 Write 229376
253:0 Sync 0
253:0 Async 8216453120
253:0 Total 8216453120
Total 8216453120
--------------------CPUAC-----------------------
user 871
system 5362
 
Thu May 18 14:10:22 IST 2017
--------------------MEMCG-----------------------
MEM ONLY  : 1535 MB
MEM+SWAP  : 1535 MB
cache 1517682688
rss 92778496
rss_huge 0
mapped_file 3485696
writeback 0
swap 0
pgpgin 6772049
pgpgout 6378870
pgfault 1978859
pgmajfault 244
inactive_anon 46632960
active_anon 46219264
inactive_file 758726656
active_file 758878208
unevictable 0
hierarchical_memory_limit 1610612736
hierarchical_memsw_limit 5368709120
total_cache 1517682688
total_rss 92778496
total_rss_huge 0
total_mapped_file 3485696
total_writeback 0
total_swap 0
total_pgpgin 6772049
total_pgpgout 6378870
total_pgfault 1978859
total_pgmajfault 244
total_inactive_anon 46632960
total_active_anon 46219264
total_inactive_file 758726656
total_active_file 758878208
total_unevictable 0
--------------------BLKIO-----------------------
11:0 Read 0
11:0 Write 0
11:0 Sync 0
11:0 Async 0
11:0 Total 0
253:0 Read 8729608192
253:0 Write 229376
253:0 Sync 0
253:0 Async 8729837568
253:0 Total 8729837568
Total 8729837568
--------------------CPUAC-----------------------
user 926
system 5755
 
Thu May 18 14:10:52 IST 2017
--------------------MEMCG-----------------------
MEM ONLY  : 1535 MB
MEM+SWAP  : 1535 MB
cache 1517772800
rss 92778496
rss_huge 0
mapped_file 3477504
writeback 0
swap 0
pgpgin 7245406
pgpgout 6852205
pgfault 2104169
pgmajfault 244
inactive_anon 46632960
active_anon 46219264
inactive_file 758321152
active_file 759345152
unevictable 0
hierarchical_memory_limit 1610612736
hierarchical_memsw_limit 5368709120
total_cache 1517772800
total_rss 92778496
total_rss_huge 0
total_mapped_file 3477504
total_writeback 0
total_swap 0
total_pgpgin 7245406
total_pgpgout 6852205
total_pgfault 2104169
total_pgmajfault 244
total_inactive_anon 46632960
total_active_anon 46219264
total_inactive_file 758321152
total_active_file 759345152
total_unevictable 0
--------------------BLKIO-----------------------
11:0 Read 0
11:0 Write 0
11:0 Sync 0
11:0 Async 0
11:0 Total 0
253:0 Read 9242386432
253:0 Write 229376
253:0 Sync 0
253:0 Async 9242615808
253:0 Total 9242615808
Total 9242615808
--------------------CPUAC-----------------------
user 996
system 6147
 
Thu May 18 14:11:22 IST 2017
--------------------MEMCG-----------------------
MEM ONLY  : 1535 MB
MEM+SWAP  : 1535 MB
cache 1517740032
rss 92778496
rss_huge 0
mapped_file 3477504
writeback 0
swap 0
pgpgin 7732365
pgpgout 7339172
pgfault 2234891
pgmajfault 250
inactive_anon 46632960
active_anon 46219264
inactive_file 758448128
active_file 759214080
unevictable 0
hierarchical_memory_limit 1610612736
hierarchical_memsw_limit 5368709120
total_cache 1517740032
total_rss 92778496
total_rss_huge 0
total_mapped_file 3477504
total_writeback 0
total_swap 0
total_pgpgin 7732365
total_pgpgout 7339172
total_pgfault 2234891
total_pgmajfault 250
total_inactive_anon 46632960
total_active_anon 46219264
total_inactive_file 758448128
total_active_file 759214080
total_unevictable 0
--------------------BLKIO-----------------------
11:0 Read 0
11:0 Write 0
11:0 Sync 0
11:0 Async 0
11:0 Total 0
253:0 Read 9748439040
253:0 Write 229376
253:0 Sync 0
253:0 Async 9748668416
253:0 Total 9748668416
Total 9748668416
--------------------CPUAC-----------------------
user 1060
system 6550
 
Thu May 18 14:11:52 IST 2017
--------------------MEMCG-----------------------
MEM ONLY  : 1535 MB
MEM+SWAP  : 1535 MB
cache 1517539328
rss 92778496
rss_huge 0
mapped_file 3330048
writeback 0
swap 0
pgpgin 8221965
pgpgout 7828820
pgfault 2366756
pgmajfault 250
inactive_anon 46632960
active_anon 46219264
inactive_file 757911552
active_file 759529472
unevictable 0
hierarchical_memory_limit 1610612736
hierarchical_memsw_limit 5368709120
total_cache 1517539328
total_rss 92778496
total_rss_huge 0
total_mapped_file 3330048
total_writeback 0
total_swap 0
total_pgpgin 8221966
total_pgpgout 7828821
total_pgfault 2366756
total_pgmajfault 250
total_inactive_anon 46632960
total_active_anon 46219264
total_inactive_file 757911552
total_active_file 759529472
total_unevictable 0
--------------------BLKIO-----------------------
11:0 Read 0
11:0 Write 0
11:0 Sync 0
11:0 Async 0
11:0 Total 0
253:0 Read 10272354304
253:0 Write 229376
253:0 Sync 0
253:0 Async 10272583680
253:0 Total 10272583680
Total 10272583680
--------------------CPUAC-----------------------
user 1122
system 6961
 
Thu May 18 14:12:22 IST 2017
--------------------MEMCG-----------------------
MEM ONLY  : 1535 MB
MEM+SWAP  : 1535 MB
cache 1517641728
rss 92778496
rss_huge 0
mapped_file 3526656
writeback 0
swap 0
pgpgin 8692652
pgpgout 8299483
pgfault 2493424
pgmajfault 256
inactive_anon 46632960
active_anon 46219264
inactive_file 758267904
active_file 759291904
unevictable 0
hierarchical_memory_limit 1610612736
hierarchical_memsw_limit 5368709120
total_cache 1517641728
total_rss 92778496
total_rss_huge 0
total_mapped_file 3526656
total_writeback 0
total_swap 0
total_pgpgin 8692652
total_pgpgout 8299483
total_pgfault 2493424
total_pgmajfault 256
total_inactive_anon 46632960
total_active_anon 46219264
total_inactive_file 758267904
total_active_file 759291904
total_unevictable 0
--------------------BLKIO-----------------------
11:0 Read 0
11:0 Write 0
11:0 Sync 0
11:0 Async 0
11:0 Total 0
253:0 Read 10780467200
253:0 Write 229376
253:0 Sync 0
253:0 Async 10780696576
253:0 Total 10780696576
Total 10780696576
--------------------CPUAC-----------------------
user 1180
system 7376
 
Thu May 18 14:12:52 IST 2017
--------------------MEMCG-----------------------
MEM ONLY  : 1535 MB
MEM+SWAP  : 1535 MB
cache 1517793280
rss 92778496
rss_huge 0
mapped_file 3522560
writeback 0
swap 0
pgpgin 9154546
pgpgout 8761340
pgfault 2616767
pgmajfault 256
inactive_anon 46632960
active_anon 46219264
inactive_file 758583296
active_file 759103488
unevictable 0
hierarchical_memory_limit 1610612736
hierarchical_memsw_limit 5368709120
total_cache 1517793280
total_rss 92778496
total_rss_huge 0
total_mapped_file 3522560
total_writeback 0
total_swap 0
total_pgpgin 9154546
total_pgpgout 8761340
total_pgfault 2616767
total_pgmajfault 256
total_inactive_anon 46632960
total_active_anon 46219264
total_inactive_file 758583296
total_active_file 759103488
total_unevictable 0
--------------------BLKIO-----------------------
11:0 Read 0
11:0 Write 0
11:0 Sync 0
11:0 Async 0
11:0 Total 0
253:0 Read 11289214976
253:0 Write 229376
253:0 Sync 0
253:0 Async 11289444352
253:0 Total 11289444352
Total 11289444352
--------------------CPUAC-----------------------
user 1239
system 7765
 
Thu May 18 14:13:22 IST 2017
--------------------MEMCG-----------------------
MEM ONLY  : 1535 MB
MEM+SWAP  : 1535 MB
cache 1517727744
rss 92778496
rss_huge 0
mapped_file 5636096
writeback 0
swap 0
pgpgin 9625936
pgpgout 9232746
pgfault 2743587
pgmajfault 310
inactive_anon 47140864
active_anon 45711360
inactive_file 758538240
active_file 759083008
unevictable 0
hierarchical_memory_limit 1610612736
hierarchical_memsw_limit 5368709120
total_cache 1517727744
total_rss 92778496
total_rss_huge 0
total_mapped_file 5636096
total_writeback 0
total_swap 0
total_pgpgin 9625936
total_pgpgout 9232746
total_pgfault 2743587
total_pgmajfault 310
total_inactive_anon 47140864
total_active_anon 45711360
total_inactive_file 758538240
total_active_file 759083008
total_unevictable 0
--------------------BLKIO-----------------------
11:0 Read 0
11:0 Write 0
11:0 Sync 0
11:0 Async 0
11:0 Total 0
253:0 Read 11811835904
253:0 Write 229376
253:0 Sync 0
253:0 Async 11812065280
253:0 Total 11812065280
Total 11812065280
--------------------CPUAC-----------------------
user 1294
system 8165
 
Thu May 18 14:13:52 IST 2017
--------------------MEMCG-----------------------
MEM ONLY  : 1535 MB
MEM+SWAP  : 1535 MB
cache 1517756416
rss 92778496
rss_huge 0
mapped_file 5484544
writeback 0
swap 0
pgpgin 10080343
pgpgout 9687146
pgfault 2862100
pgmajfault 310
inactive_anon 47140864
active_anon 45711360
inactive_file 758972416
active_file 758710272
unevictable 0
hierarchical_memory_limit 1610612736
hierarchical_memsw_limit 5368709120
total_cache 1517756416
total_rss 92778496
total_rss_huge 0
total_mapped_file 5484544
total_writeback 0
total_swap 0
total_pgpgin 10080343
total_pgpgout 9687146
total_pgfault 2862100
total_pgmajfault 310
total_inactive_anon 47140864
total_active_anon 45711360
total_inactive_file 758972416
total_active_file 758710272
total_unevictable 0
--------------------BLKIO-----------------------
11:0 Read 0
11:0 Write 0
11:0 Sync 0
11:0 Async 0
11:0 Total 0
253:0 Read 12323790848
253:0 Write 229376
253:0 Sync 0
253:0 Async 12324020224
253:0 Total 12324020224
Total 12324020224
--------------------CPUAC-----------------------
user 1353
system 8569
 
Thu May 18 14:14:22 IST 2017
--------------------MEMCG-----------------------
MEM ONLY  : 1535 MB
MEM+SWAP  : 1535 MB
cache 1517764608
rss 92778496
rss_huge 0
mapped_file 3629056
writeback 0
swap 0
pgpgin 10559657
pgpgout 10166458
pgfault 2989980
pgmajfault 315
inactive_anon 47140864
active_anon 45711360
inactive_file 758988800
active_file 758669312
unevictable 0
hierarchical_memory_limit 1610612736
hierarchical_memsw_limit 5368709120
total_cache 1517764608
total_rss 92778496
total_rss_huge 0
total_mapped_file 3629056
total_writeback 0
total_swap 0
total_pgpgin 10559657
total_pgpgout 10166458
total_pgfault 2989980
total_pgmajfault 315
total_inactive_anon 47140864
total_active_anon 45711360
total_inactive_file 758988800
total_active_file 758669312
total_unevictable 0
--------------------BLKIO-----------------------
11:0 Read 0
11:0 Write 0
11:0 Sync 0
11:0 Async 0
11:0 Total 0
253:0 Read 12835594240
253:0 Write 229376
253:0 Sync 0
253:0 Async 12835823616
253:0 Total 12835823616
Total 12835823616
--------------------CPUAC-----------------------
user 1422
system 8972
 
Thu May 18 14:14:52 IST 2017
--------------------MEMCG-----------------------
MEM ONLY  : 1535 MB
MEM+SWAP  : 1535 MB
cache 1517686784
rss 92778496
rss_huge 0
mapped_file 3473408
writeback 0
swap 0
pgpgin 11033991
pgpgout 10640811
pgfault 3117729
pgmajfault 315
inactive_anon 47140864
active_anon 45711360
inactive_file 758542336
active_file 759037952
unevictable 0
hierarchical_memory_limit 1610612736
hierarchical_memsw_limit 5368709120
total_cache 1517686784
total_rss 92778496
total_rss_huge 0
total_mapped_file 3473408
total_writeback 0
total_swap 0
total_pgpgin 11033991
total_pgpgout 10640811
total_pgfault 3117729
total_pgmajfault 315
total_inactive_anon 47140864
total_active_anon 45711360
total_inactive_file 758542336
total_active_file 759037952
total_unevictable 0
--------------------BLKIO-----------------------
11:0 Read 0
11:0 Write 0
11:0 Sync 0
11:0 Async 0
11:0 Total 0
253:0 Read 13343707136
253:0 Write 229376
253:0 Sync 0
253:0 Async 13343936512
253:0 Total 13343936512
Total 13343936512
--------------------CPUAC-----------------------
user 1482
system 9375
 
Thu May 18 14:15:22 IST 2017
--------------------MEMCG-----------------------
MEM ONLY  : 1535 MB
MEM+SWAP  : 1535 MB
cache 1517629440
rss 92778496
rss_huge 0
mapped_file 3526656
writeback 0
swap 0
pgpgin 11496952
pgpgout 11103786
pgfault 3240467
pgmajfault 322
inactive_anon 47140864
active_anon 45711360
inactive_file 758546432
active_file 758960128
unevictable 0
hierarchical_memory_limit 1610612736
hierarchical_memsw_limit 5368709120
total_cache 1517629440
total_rss 92778496
total_rss_huge 0
total_mapped_file 3526656
total_writeback 0
total_swap 0
total_pgpgin 11496952
total_pgpgout 11103786
total_pgfault 3240467
total_pgmajfault 322
total_inactive_anon 47140864
total_active_anon 45711360
total_inactive_file 758546432
total_active_file 758960128
total_unevictable 0
--------------------BLKIO-----------------------
11:0 Read 0
11:0 Write 0
11:0 Sync 0
11:0 Async 0
11:0 Total 0
253:0 Read 13859745792
253:0 Write 229376
253:0 Sync 0
253:0 Async 13859975168
253:0 Total 13859975168
Total 13859975168
--------------------CPUAC-----------------------
user 1540
system 9763
 
Thu May 18 14:15:52 IST 2017
--------------------MEMCG-----------------------
MEM ONLY  : 1535 MB
MEM+SWAP  : 1535 MB
cache 1517670400
rss 92778496
rss_huge 0
mapped_file 3481600
writeback 0
swap 0
pgpgin 11954867
pgpgout 11561691
pgfault 3361288
pgmajfault 322
inactive_anon 47140864
active_anon 45711360
inactive_file 758779904
active_file 758771712
unevictable 0
hierarchical_memory_limit 1610612736
hierarchical_memsw_limit 5368709120
total_cache 1517670400
total_rss 92778496
total_rss_huge 0
total_mapped_file 3481600
total_writeback 0
total_swap 0
total_pgpgin 11954867
total_pgpgout 11561691
total_pgfault 3361288
total_pgmajfault 322
total_inactive_anon 47140864
total_active_anon 45711360
total_inactive_file 758779904
total_active_file 758771712
total_unevictable 0
--------------------BLKIO-----------------------
11:0 Read 0
11:0 Write 0
11:0 Sync 0
11:0 Async 0
11:0 Total 0
253:0 Read 14371958784
253:0 Write 229376
253:0 Sync 0
253:0 Async 14372188160
253:0 Total 14372188160
Total 14372188160
--------------------CPUAC-----------------------
user 1595
system 10181
 
Thu May 18 14:16:22 IST 2017
--------------------MEMCG-----------------------
MEM ONLY  : 1535 MB
MEM+SWAP  : 1535 MB
cache 1517744128
rss 92778496
rss_huge 0
mapped_file 3485696
writeback 0
swap 0
pgpgin 12429079
pgpgout 12035885
pgfault 3487622
pgmajfault 328
inactive_anon 47140864
active_anon 45711360
inactive_file 758538240
active_file 759132160
unevictable 0
hierarchical_memory_limit 1610612736
hierarchical_memsw_limit 5368709120
total_cache 1517744128
total_rss 92778496
total_rss_huge 0
total_mapped_file 3485696
total_writeback 0
total_swap 0
total_pgpgin 12429079
total_pgpgout 12035885
total_pgfault 3487622
total_pgmajfault 328
total_inactive_anon 47140864
total_active_anon 45711360
total_inactive_file 758538240
total_active_file 759132160
total_unevictable 0
--------------------BLKIO-----------------------
11:0 Read 0
11:0 Write 0
11:0 Sync 0
11:0 Async 0
11:0 Total 0
253:0 Read 14883053568
253:0 Write 229376
253:0 Sync 0
253:0 Async 14883282944
253:0 Total 14883282944
Total 14883282944
--------------------CPUAC-----------------------
user 1653
system 10597
 
Thu May 18 14:16:52 IST 2017
--------------------MEMCG-----------------------
MEM ONLY  : 1535 MB
MEM+SWAP  : 1535 MB
cache 1517809664
rss 92778496
rss_huge 0
mapped_file 3477504
writeback 0
swap 0
pgpgin 12903690
pgpgout 12510480
pgfault 3616370
pgmajfault 328
inactive_anon 47140864
active_anon 45711360
inactive_file 758145024
active_file 759558144
unevictable 0
hierarchical_memory_limit 1610612736
hierarchical_memsw_limit 5368709120
total_cache 1517809664
total_rss 92778496
total_rss_huge 0
total_mapped_file 3477504
total_writeback 0
total_swap 0
total_pgpgin 12903690
total_pgpgout 12510480
total_pgfault 3616370
total_pgmajfault 328
total_inactive_anon 47140864
total_active_anon 45711360
total_inactive_file 758145024
total_active_file 759558144
total_unevictable 0
--------------------BLKIO-----------------------
11:0 Read 0
11:0 Write 0
11:0 Sync 0
11:0 Async 0
11:0 Total 0
253:0 Read 15394430976
253:0 Write 229376
253:0 Sync 0
253:0 Async 15394660352
253:0 Total 15394660352
Total 15394660352
--------------------CPUAC-----------------------
user 1724
system 10991
 
Thu May 18 14:17:22 IST 2017
--------------------MEMCG-----------------------
MEM ONLY  : 1451 MB
MEM+SWAP  : 1451 MB
cache 1515663360
rss 6533120
rss_huge 0
mapped_file 2560000
writeback 0
swap 0
pgpgin 13058948
pgpgout 12687318
pgfault 3657099
pgmajfault 410
inactive_anon 6516736
active_anon 86016
inactive_file 756953088
active_file 758640640
unevictable 0
hierarchical_memory_limit 1610612736
hierarchical_memsw_limit 5368709120
total_cache 1515663360
total_rss 6533120
total_rss_huge 0
total_mapped_file 2560000
total_writeback 0
total_swap 0
total_pgpgin 13058948
total_pgpgout 12687318
total_pgfault 3657099
total_pgmajfault 410
total_inactive_anon 6516736
total_active_anon 86016
total_inactive_file 756953088
total_active_file 758640640
total_unevictable 0
--------------------BLKIO-----------------------
11:0 Read 0
11:0 Write 0
11:0 Sync 0
11:0 Async 0
11:0 Total 0
253:0 Read 15567572992
253:0 Write 229376
253:0 Sync 0
253:0 Async 15567802368
253:0 Total 15567802368
Total 15567802368
--------------------CPUAC-----------------------
user 1744
system 11128
 
Thu May 18 14:17:52 IST 2017
--------------------MEMCG-----------------------
MEM ONLY  : 1451 MB
MEM+SWAP  : 1451 MB
cache 1515663360
rss 6533120
rss_huge 0
mapped_file 2560000
writeback 0
swap 0
pgpgin 13058948
pgpgout 12687318
pgfault 3657099
pgmajfault 410
inactive_anon 6516736
active_anon 86016
inactive_file 756953088
active_file 758640640
unevictable 0
hierarchical_memory_limit 1610612736
hierarchical_memsw_limit 5368709120
total_cache 1515663360
total_rss 6533120
total_rss_huge 0
total_mapped_file 2560000
total_writeback 0
total_swap 0
total_pgpgin 13058948
total_pgpgout 12687318
total_pgfault 3657099
total_pgmajfault 410
total_inactive_anon 6516736
total_active_anon 86016
total_inactive_file 756953088
total_active_file 758640640
total_unevictable 0
--------------------BLKIO-----------------------
11:0 Read 0
11:0 Write 0
11:0 Sync 0
11:0 Async 0
11:0 Total 0
253:0 Read 15567572992
253:0 Write 229376
253:0 Sync 0
253:0 Async 15567802368
253:0 Total 15567802368
Total 15567802368
--------------------CPUAC-----------------------
user 1744
system 11128
 
Thu May 18 14:18:22 IST 2017
--------------------MEMCG-----------------------
MEM ONLY  : 1451 MB
MEM+SWAP  : 1451 MB
cache 1515663360
rss 6533120
rss_huge 0
mapped_file 2560000
writeback 0
swap 0
pgpgin 13058948
pgpgout 12687318
pgfault 3657100
pgmajfault 410
inactive_anon 6516736
active_anon 86016
inactive_file 756953088
active_file 758640640
unevictable 0
hierarchical_memory_limit 1610612736
hierarchical_memsw_limit 5368709120
total_cache 1515663360
total_rss 6533120
total_rss_huge 0
total_mapped_file 2560000
total_writeback 0
total_swap 0
total_pgpgin 13058948
total_pgpgout 12687318
total_pgfault 3657100
total_pgmajfault 410
total_inactive_anon 6516736
total_active_anon 86016
total_inactive_file 756953088
total_active_file 758640640
total_unevictable 0
--------------------BLKIO-----------------------
11:0 Read 0
11:0 Write 0
11:0 Sync 0
11:0 Async 0
11:0 Total 0
253:0 Read 15567572992
253:0 Write 229376
253:0 Sync 0
253:0 Async 15567802368
253:0 Total 15567802368
Total 15567802368
--------------------CPUAC-----------------------
user 1744
system 11128
 
Thu May 18 14:18:52 IST 2017
--------------------MEMCG-----------------------
MEM ONLY  : 1451 MB
MEM+SWAP  : 1451 MB
cache 1515663360
rss 6533120
rss_huge 0
mapped_file 2560000
writeback 0
swap 0
pgpgin 13058948
pgpgout 12687318
pgfault 3657100
pgmajfault 410
inactive_anon 6516736
active_anon 86016
inactive_file 756953088
active_file 758640640
unevictable 0
hierarchical_memory_limit 1610612736
hierarchical_memsw_limit 5368709120
total_cache 1515663360
total_rss 6533120
total_rss_huge 0
total_mapped_file 2560000
total_writeback 0
total_swap 0
total_pgpgin 13058948
total_pgpgout 12687318
total_pgfault 3657100
total_pgmajfault 410
total_inactive_anon 6516736
total_active_anon 86016
total_inactive_file 756953088
total_active_file 758640640
total_unevictable 0
--------------------BLKIO-----------------------
11:0 Read 0
11:0 Write 0
11:0 Sync 0
11:0 Async 0
11:0 Total 0
253:0 Read 15567572992
253:0 Write 229376
253:0 Sync 0
253:0 Async 15567802368
253:0 Total 15567802368
Total 15567802368
--------------------CPUAC-----------------------
user 1744
system 11128
 
Thu May 18 14:19:22 IST 2017
--------------------MEMCG-----------------------
MEM ONLY  : 1451 MB
MEM+SWAP  : 1451 MB
cache 1515663360
rss 6533120
rss_huge 0
mapped_file 2560000
writeback 0
swap 0
pgpgin 13058948
pgpgout 12687318
pgfault 3657100
pgmajfault 410
inactive_anon 6516736
active_anon 86016
inactive_file 756953088
active_file 758640640
unevictable 0
hierarchical_memory_limit 1610612736
hierarchical_memsw_limit 5368709120
total_cache 1515663360
total_rss 6533120
total_rss_huge 0
total_mapped_file 2560000
total_writeback 0
total_swap 0
total_pgpgin 13058948
total_pgpgout 12687318
total_pgfault 3657100
total_pgmajfault 410
total_inactive_anon 6516736
total_active_anon 86016
total_inactive_file 756953088
total_active_file 758640640
total_unevictable 0
--------------------BLKIO-----------------------
11:0 Read 0
11:0 Write 0
11:0 Sync 0
11:0 Async 0
11:0 Total 0
253:0 Read 15567572992
253:0 Write 229376
253:0 Sync 0
253:0 Async 15567802368
253:0 Total 15567802368
Total 15567802368
--------------------CPUAC-----------------------
user 1744
system 11128
 
Thu May 18 14:19:52 IST 2017
--------------------MEMCG-----------------------
MEM ONLY  : 1451 MB
MEM+SWAP  : 1451 MB
cache 1515663360
rss 6533120
rss_huge 0
mapped_file 2560000
writeback 0
swap 0
pgpgin 13058948
pgpgout 12687318
pgfault 3657100
pgmajfault 410
inactive_anon 6516736
active_anon 86016
inactive_file 756953088
active_file 758640640
unevictable 0
hierarchical_memory_limit 1610612736
hierarchical_memsw_limit 5368709120
total_cache 1515663360
total_rss 6533120
total_rss_huge 0
total_mapped_file 2560000
total_writeback 0
total_swap 0
total_pgpgin 13058948
total_pgpgout 12687318
total_pgfault 3657100
total_pgmajfault 410
total_inactive_anon 6516736
total_active_anon 86016
total_inactive_file 756953088
total_active_file 758640640
total_unevictable 0
--------------------BLKIO-----------------------
11:0 Read 0
11:0 Write 0
11:0 Sync 0
11:0 Async 0
11:0 Total 0
253:0 Read 15567572992
253:0 Write 229376
253:0 Sync 0
253:0 Async 15567802368
253:0 Total 15567802368
Total 15567802368
--------------------CPUAC-----------------------
user 1744
system 11128
 
Thu May 18 14:20:22 IST 2017
--------------------MEMCG-----------------------
MEM ONLY  : 1451 MB
MEM+SWAP  : 1451 MB
cache 1515663360
rss 6533120
rss_huge 0
mapped_file 2560000
writeback 0
swap 0
pgpgin 13058948
pgpgout 12687318
pgfault 3657100
pgmajfault 410
inactive_anon 6516736
active_anon 86016
inactive_file 756953088
active_file 758640640
unevictable 0
hierarchical_memory_limit 1610612736
hierarchical_memsw_limit 5368709120
total_cache 1515663360
total_rss 6533120
total_rss_huge 0
total_mapped_file 2560000
total_writeback 0
total_swap 0
total_pgpgin 13058948
total_pgpgout 12687318
total_pgfault 3657100
total_pgmajfault 410
total_inactive_anon 6516736
total_active_anon 86016
total_inactive_file 756953088
total_active_file 758640640
total_unevictable 0
--------------------BLKIO-----------------------
11:0 Read 0
11:0 Write 0
11:0 Sync 0
11:0 Async 0
11:0 Total 0
253:0 Read 15567572992
253:0 Write 229376
253:0 Sync 0
253:0 Async 15567802368
253:0 Total 15567802368
Total 15567802368
--------------------CPUAC-----------------------
user 1744
system 11128
 
Thu May 18 14:20:52 IST 2017
--------------------MEMCG-----------------------
MEM ONLY  : 1451 MB
MEM+SWAP  : 1451 MB
cache 1515663360
rss 6533120
rss_huge 0
mapped_file 2560000
writeback 0
swap 0
pgpgin 13058948
pgpgout 12687318
pgfault 3657100
pgmajfault 410
inactive_anon 6516736
active_anon 86016
inactive_file 756953088
active_file 758640640
unevictable 0
hierarchical_memory_limit 1610612736
hierarchical_memsw_limit 5368709120
total_cache 1515663360
total_rss 6533120
total_rss_huge 0
total_mapped_file 2560000
total_writeback 0
total_swap 0
total_pgpgin 13058948
total_pgpgout 12687318
total_pgfault 3657100
total_pgmajfault 410
total_inactive_anon 6516736
total_active_anon 86016
total_inactive_file 756953088
total_active_file 758640640
total_unevictable 0
--------------------BLKIO-----------------------
11:0 Read 0
11:0 Write 0
11:0 Sync 0
11:0 Async 0
11:0 Total 0
253:0 Read 15567572992
253:0 Write 229376
253:0 Sync 0
253:0 Async 15567802368
253:0 Total 15567802368
Total 15567802368
--------------------CPUAC-----------------------
user 1744
system 11128
 
Thu May 18 14:21:22 IST 2017
--------------------MEMCG-----------------------
MEM ONLY  : 1451 MB
MEM+SWAP  : 1451 MB
cache 1515663360
rss 6533120
rss_huge 0
mapped_file 2560000
writeback 0
swap 0
pgpgin 13058948
pgpgout 12687318
pgfault 3657100
pgmajfault 410
inactive_anon 6516736
active_anon 86016
inactive_file 756953088
active_file 758640640
unevictable 0
hierarchical_memory_limit 1610612736
hierarchical_memsw_limit 5368709120
total_cache 1515663360
total_rss 6533120
total_rss_huge 0
total_mapped_file 2560000
total_writeback 0
total_swap 0
total_pgpgin 13058948
total_pgpgout 12687318
total_pgfault 3657100
total_pgmajfault 410
total_inactive_anon 6516736
total_active_anon 86016
total_inactive_file 756953088
total_active_file 758640640
total_unevictable 0
--------------------BLKIO-----------------------
11:0 Read 0
11:0 Write 0
11:0 Sync 0
11:0 Async 0
11:0 Total 0
253:0 Read 15567572992
253:0 Write 229376
253:0 Sync 0
253:0 Async 15567802368
253:0 Total 15567802368
Total 15567802368
--------------------CPUAC-----------------------
user 1744
system 11128
 
Thu May 18 14:21:52 IST 2017
--------------------MEMCG-----------------------
MEM ONLY  : 1451 MB
MEM+SWAP  : 1451 MB
cache 1515663360
rss 6533120
rss_huge 0
mapped_file 2560000
writeback 0
swap 0
pgpgin 13058948
pgpgout 12687318
pgfault 3657100
pgmajfault 410
inactive_anon 6516736
active_anon 86016
inactive_file 756953088
active_file 758640640
unevictable 0
hierarchical_memory_limit 1610612736
hierarchical_memsw_limit 5368709120
total_cache 1515663360
total_rss 6533120
total_rss_huge 0
total_mapped_file 2560000
total_writeback 0
total_swap 0
total_pgpgin 13058948
total_pgpgout 12687318
total_pgfault 3657100
total_pgmajfault 410
total_inactive_anon 6516736
total_active_anon 86016
total_inactive_file 756953088
total_active_file 758640640
total_unevictable 0
--------------------BLKIO-----------------------
11:0 Read 0
11:0 Write 0
11:0 Sync 0
11:0 Async 0
11:0 Total 0
253:0 Read 15567572992
253:0 Write 229376
253:0 Sync 0
253:0 Async 15567802368
253:0 Total 15567802368
Total 15567802368
--------------------CPUAC-----------------------
user 1744
system 11128
 
Thu May 18 14:22:23 IST 2017
--------------------MEMCG-----------------------
MEM ONLY  : 1451 MB
MEM+SWAP  : 1451 MB
cache 1515663360
rss 6533120
rss_huge 0
mapped_file 2560000
writeback 0
swap 0
pgpgin 13058948
pgpgout 12687318
pgfault 3657100
pgmajfault 410
inactive_anon 6516736
active_anon 86016
inactive_file 756953088
active_file 758640640
unevictable 0
hierarchical_memory_limit 1610612736
hierarchical_memsw_limit 5368709120
total_cache 1515663360
total_rss 6533120
total_rss_huge 0
total_mapped_file 2560000
total_writeback 0
total_swap 0
total_pgpgin 13058948
total_pgpgout 12687318
total_pgfault 3657100
total_pgmajfault 410
total_inactive_anon 6516736
total_active_anon 86016
total_inactive_file 756953088
total_active_file 758640640
total_unevictable 0
--------------------BLKIO-----------------------
11:0 Read 0
11:0 Write 0
11:0 Sync 0
11:0 Async 0
11:0 Total 0
253:0 Read 15567572992
253:0 Write 229376
253:0 Sync 0
253:0 Async 15567802368
253:0 Total 15567802368
Total 15567802368
--------------------CPUAC-----------------------
user 1744
system 11128
 
Thu May 18 14:22:53 IST 2017
--------------------MEMCG-----------------------
MEM ONLY  : 1451 MB
MEM+SWAP  : 1451 MB
cache 1515663360
rss 6533120
rss_huge 0
mapped_file 2560000
writeback 0
swap 0
pgpgin 13058948
pgpgout 12687318
pgfault 3657100
pgmajfault 410
inactive_anon 6516736
active_anon 86016
inactive_file 756953088
active_file 758640640
unevictable 0
hierarchical_memory_limit 1610612736
hierarchical_memsw_limit 5368709120
total_cache 1515663360
total_rss 6533120
total_rss_huge 0
total_mapped_file 2560000
total_writeback 0
total_swap 0
total_pgpgin 13058948
total_pgpgout 12687318
total_pgfault 3657100
total_pgmajfault 410
total_inactive_anon 6516736
total_active_anon 86016
total_inactive_file 756953088
total_active_file 758640640
total_unevictable 0
--------------------BLKIO-----------------------
11:0 Read 0
11:0 Write 0
11:0 Sync 0
11:0 Async 0
11:0 Total 0
253:0 Read 15567572992
253:0 Write 229376
253:0 Sync 0
253:0 Async 15567802368
253:0 Total 15567802368
Total 15567802368
--------------------CPUAC-----------------------
user 1744
system 11128
 
Thu May 18 14:23:23 IST 2017
--------------------MEMCG-----------------------
MEM ONLY  : 1451 MB
MEM+SWAP  : 1451 MB
cache 1515663360
rss 6533120
rss_huge 0
mapped_file 2560000
writeback 0
swap 0
pgpgin 13058948
pgpgout 12687318
pgfault 3657100
pgmajfault 410
inactive_anon 6516736
active_anon 86016
inactive_file 756953088
active_file 758640640
unevictable 0
hierarchical_memory_limit 1610612736
hierarchical_memsw_limit 5368709120
total_cache 1515663360
total_rss 6533120
total_rss_huge 0
total_mapped_file 2560000
total_writeback 0
total_swap 0
total_pgpgin 13058948
total_pgpgout 12687318
total_pgfault 3657100
total_pgmajfault 410
total_inactive_anon 6516736
total_active_anon 86016
total_inactive_file 756953088
total_active_file 758640640
total_unevictable 0
--------------------BLKIO-----------------------
11:0 Read 0
11:0 Write 0
11:0 Sync 0
11:0 Async 0
11:0 Total 0
253:0 Read 15567572992
253:0 Write 229376
253:0 Sync 0
253:0 Async 15567802368
253:0 Total 15567802368
Total 15567802368
--------------------CPUAC-----------------------
user 1744
system 11128
 
Thu May 18 14:23:53 IST 2017
--------------------MEMCG-----------------------
MEM ONLY  : 1451 MB
MEM+SWAP  : 1451 MB
cache 1515663360
rss 6533120
rss_huge 0
mapped_file 2560000
writeback 0
swap 0
pgpgin 13058948
pgpgout 12687318
pgfault 3657100
pgmajfault 410
inactive_anon 6516736
active_anon 86016
inactive_file 756953088
active_file 758640640
unevictable 0
hierarchical_memory_limit 1610612736
hierarchical_memsw_limit 5368709120
total_cache 1515663360
total_rss 6533120
total_rss_huge 0
total_mapped_file 2560000
total_writeback 0
total_swap 0
total_pgpgin 13058948
total_pgpgout 12687318
total_pgfault 3657100
total_pgmajfault 410
total_inactive_anon 6516736
total_active_anon 86016
total_inactive_file 756953088
total_active_file 758640640
total_unevictable 0
--------------------BLKIO-----------------------
11:0 Read 0
11:0 Write 0
11:0 Sync 0
11:0 Async 0
11:0 Total 0
253:0 Read 15567572992
253:0 Write 229376
253:0 Sync 0
253:0 Async 15567802368
253:0 Total 15567802368
Total 15567802368
--------------------CPUAC-----------------------
user 1744
system 11128
 
Thu May 18 14:24:23 IST 2017
--------------------MEMCG-----------------------
MEM ONLY  : 1451 MB
MEM+SWAP  : 1451 MB
cache 1515663360
rss 6533120
rss_huge 0
mapped_file 2560000
writeback 0
swap 0
pgpgin 13058948
pgpgout 12687318
pgfault 3657100
pgmajfault 410
inactive_anon 6516736
active_anon 86016
inactive_file 756953088
active_file 758640640
unevictable 0
hierarchical_memory_limit 1610612736
hierarchical_memsw_limit 5368709120
total_cache 1515663360
total_rss 6533120
total_rss_huge 0
total_mapped_file 2560000
total_writeback 0
total_swap 0
total_pgpgin 13058948
total_pgpgout 12687318
total_pgfault 3657100
total_pgmajfault 410
total_inactive_anon 6516736
total_active_anon 86016
total_inactive_file 756953088
total_active_file 758640640
total_unevictable 0
--------------------BLKIO-----------------------
11:0 Read 0
11:0 Write 0
11:0 Sync 0
11:0 Async 0
11:0 Total 0
253:0 Read 15567572992
253:0 Write 229376
253:0 Sync 0
253:0 Async 15567802368
253:0 Total 15567802368
Total 15567802368
--------------------CPUAC-----------------------
user 1744
system 11128
 
Thu May 18 14:24:53 IST 2017
--------------------MEMCG-----------------------
MEM ONLY  : 1451 MB
MEM+SWAP  : 1451 MB
cache 1515663360
rss 6533120
rss_huge 0
mapped_file 2560000
writeback 0
swap 0
pgpgin 13058948
pgpgout 12687318
pgfault 3657100
pgmajfault 410
inactive_anon 6516736
active_anon 86016
inactive_file 756953088
active_file 758640640
unevictable 0
hierarchical_memory_limit 1610612736
hierarchical_memsw_limit 5368709120
total_cache 1515663360
total_rss 6533120
total_rss_huge 0
total_mapped_file 2560000
total_writeback 0
total_swap 0
total_pgpgin 13058948
total_pgpgout 12687318
total_pgfault 3657100
total_pgmajfault 410
total_inactive_anon 6516736
total_active_anon 86016
total_inactive_file 756953088
total_active_file 758640640
total_unevictable 0
--------------------BLKIO-----------------------
11:0 Read 0
11:0 Write 0
11:0 Sync 0
11:0 Async 0
11:0 Total 0
253:0 Read 15567572992
253:0 Write 229376
253:0 Sync 0
253:0 Async 15567802368
253:0 Total 15567802368
Total 15567802368
--------------------CPUAC-----------------------
user 1744
system 11128
 
Thu May 18 14:25:23 IST 2017
--------------------MEMCG-----------------------
MEM ONLY  : 1451 MB
MEM+SWAP  : 1451 MB
cache 1515663360
rss 6533120
rss_huge 0
mapped_file 2560000
writeback 0
swap 0
pgpgin 13058948
pgpgout 12687318
pgfault 3657100
pgmajfault 410
inactive_anon 6516736
active_anon 86016
inactive_file 756953088
active_file 758640640
unevictable 0
hierarchical_memory_limit 1610612736
hierarchical_memsw_limit 5368709120
total_cache 1515663360
total_rss 6533120
total_rss_huge 0
total_mapped_file 2560000
total_writeback 0
total_swap 0
total_pgpgin 13058948
total_pgpgout 12687318
total_pgfault 3657100
total_pgmajfault 410
total_inactive_anon 6516736
total_active_anon 86016
total_inactive_file 756953088
total_active_file 758640640
total_unevictable 0
--------------------BLKIO-----------------------
11:0 Read 0
11:0 Write 0
11:0 Sync 0
11:0 Async 0
11:0 Total 0
253:0 Read 15567572992
253:0 Write 229376
253:0 Sync 0
253:0 Async 15567802368
253:0 Total 15567802368
Total 15567802368
--------------------CPUAC-----------------------
user 1744
system 11128
 
Thu May 18 14:25:53 IST 2017
--------------------MEMCG-----------------------
MEM ONLY  : 1451 MB
MEM+SWAP  : 1451 MB
cache 1515663360
rss 6533120
rss_huge 0
mapped_file 2560000
writeback 0
swap 0
pgpgin 13058948
pgpgout 12687318
pgfault 3657100
pgmajfault 410
inactive_anon 6516736
active_anon 86016
inactive_file 756953088
active_file 758640640
unevictable 0
hierarchical_memory_limit 1610612736
hierarchical_memsw_limit 5368709120
total_cache 1515663360
total_rss 6533120
total_rss_huge 0
total_mapped_file 2560000
total_writeback 0
total_swap 0
total_pgpgin 13058948
total_pgpgout 12687318
total_pgfault 3657100
total_pgmajfault 410
total_inactive_anon 6516736
total_active_anon 86016
total_inactive_file 756953088
total_active_file 758640640
total_unevictable 0
--------------------BLKIO-----------------------
11:0 Read 0
11:0 Write 0
11:0 Sync 0
11:0 Async 0
11:0 Total 0
253:0 Read 15567572992
253:0 Write 229376
253:0 Sync 0
253:0 Async 15567802368
253:0 Total 15567802368
Total 15567802368
--------------------CPUAC-----------------------
user 1744
system 11128
 
Thu May 18 14:26:23 IST 2017
--------------------MEMCG-----------------------
MEM ONLY  : 1451 MB
MEM+SWAP  : 1451 MB
cache 1515663360
rss 6533120
rss_huge 0
mapped_file 2560000
writeback 0
swap 0
pgpgin 13058948
pgpgout 12687318
pgfault 3657100
pgmajfault 410
inactive_anon 6516736
active_anon 86016
inactive_file 756953088
active_file 758640640
unevictable 0
hierarchical_memory_limit 1610612736
hierarchical_memsw_limit 5368709120
total_cache 1515663360
total_rss 6533120
total_rss_huge 0
total_mapped_file 2560000
total_writeback 0
total_swap 0
total_pgpgin 13058948
total_pgpgout 12687318
total_pgfault 3657100
total_pgmajfault 410
total_inactive_anon 6516736
total_active_anon 86016
total_inactive_file 756953088
total_active_file 758640640
total_unevictable 0
--------------------BLKIO-----------------------
11:0 Read 0
11:0 Write 0
11:0 Sync 0
11:0 Async 0
11:0 Total 0
253:0 Read 15567572992
253:0 Write 229376
253:0 Sync 0
253:0 Async 15567802368
253:0 Total 15567802368
Total 15567802368
--------------------CPUAC-----------------------
user 1744
system 11128
 
Thu May 18 14:26:53 IST 2017
--------------------MEMCG-----------------------
MEM ONLY  : 1451 MB
MEM+SWAP  : 1451 MB
cache 1515663360
rss 6533120
rss_huge 0
mapped_file 2560000
writeback 0
swap 0
pgpgin 13058948
pgpgout 12687318
pgfault 3657100
pgmajfault 410
inactive_anon 6516736
active_anon 86016
inactive_file 756953088
active_file 758640640
unevictable 0
hierarchical_memory_limit 1610612736
hierarchical_memsw_limit 5368709120
total_cache 1515663360
total_rss 6533120
total_rss_huge 0
total_mapped_file 2560000
total_writeback 0
total_swap 0
total_pgpgin 13058948
total_pgpgout 12687318
total_pgfault 3657100
total_pgmajfault 410
total_inactive_anon 6516736
total_active_anon 86016
total_inactive_file 756953088
total_active_file 758640640
total_unevictable 0
--------------------BLKIO-----------------------
11:0 Read 0
11:0 Write 0
11:0 Sync 0
11:0 Async 0
11:0 Total 0
253:0 Read 15567572992
253:0 Write 229376
253:0 Sync 0
253:0 Async 15567802368
253:0 Total 15567802368
Total 15567802368
--------------------CPUAC-----------------------
user 1744
system 11128
 
