Sat Jun 24 23:38:37 IST 2017
--------------------MEMCG-----------------------
MEM ONLY  : 1023 MB
MEM+SWAP  : 1023 MB
cache 813178880
rss 260354048
rss_huge 0
mapped_file 7417856
writeback 0
swap 0
pgpgin 1673004
pgpgout 1410911
pgfault 247970
pgmajfault 575
inactive_anon 130785280
active_anon 129638400
inactive_file 406794240
active_file 406310912
unevictable 4096
hierarchical_memory_limit 1073741824
hierarchical_memsw_limit 5368709120
total_cache 813178880
total_rss 260354048
total_rss_huge 0
total_mapped_file 7417856
total_writeback 0
total_swap 0
total_pgpgin 1673004
total_pgpgout 1410911
total_pgfault 247970
total_pgmajfault 575
total_inactive_anon 130785280
total_active_anon 129638400
total_inactive_file 406794240
total_active_file 406310912
total_unevictable 4096
--------------------BLKIO-----------------------
11:0 Read 0
11:0 Write 0
11:0 Sync 0
11:0 Async 0
11:0 Total 0
253:0 Read 3169267712
253:0 Write 3260416
253:0 Sync 196608
253:0 Async 3172331520
253:0 Total 3172528128
Total 3172528128
--------------------CPUAC-----------------------
user 2226
system 9660
 
Sat Jun 24 23:39:07 IST 2017
--------------------MEMCG-----------------------
MEM ONLY  : 1023 MB
MEM+SWAP  : 1023 MB
cache 813604864
rss 259936256
rss_huge 0
mapped_file 7356416
writeback 0
swap 0
pgpgin 1724251
pgpgout 1462156
pgfault 248088
pgmajfault 575
inactive_anon 130785280
active_anon 129220608
inactive_file 406827008
active_file 406704128
unevictable 4096
hierarchical_memory_limit 1073741824
hierarchical_memsw_limit 5368709120
total_cache 813604864
total_rss 259936256
total_rss_huge 0
total_mapped_file 7356416
total_writeback 0
total_swap 0
total_pgpgin 1724251
total_pgpgout 1462156
total_pgfault 248088
total_pgmajfault 575
total_inactive_anon 130785280
total_active_anon 129220608
total_inactive_file 406827008
total_active_file 406704128
total_unevictable 4096
--------------------BLKIO-----------------------
11:0 Read 0
11:0 Write 0
11:0 Sync 0
11:0 Async 0
11:0 Total 0
253:0 Read 3240767488
253:0 Write 3293184
253:0 Sync 196608
253:0 Async 3243864064
253:0 Total 3244060672
Total 3244060672
--------------------CPUAC-----------------------
user 2289
system 10068
 
Sat Jun 24 23:39:37 IST 2017
--------------------MEMCG-----------------------
MEM ONLY  : 1023 MB
MEM+SWAP  : 1023 MB
cache 813793280
rss 259907584
rss_huge 0
mapped_file 7356416
writeback 0
swap 0
pgpgin 1775674
pgpgout 1513540
pgfault 248179
pgmajfault 575
inactive_anon 130781184
active_anon 129196032
inactive_file 407035904
active_file 406683648
unevictable 4096
hierarchical_memory_limit 1073741824
hierarchical_memsw_limit 5368709120
total_cache 813793280
total_rss 259907584
total_rss_huge 0
total_mapped_file 7356416
total_writeback 0
total_swap 0
total_pgpgin 1775674
total_pgpgout 1513540
total_pgfault 248179
total_pgmajfault 575
total_inactive_anon 130781184
total_active_anon 129196032
total_inactive_file 407035904
total_active_file 406683648
total_unevictable 4096
--------------------BLKIO-----------------------
11:0 Read 0
11:0 Write 0
11:0 Sync 0
11:0 Async 0
11:0 Total 0
253:0 Read 3313070080
253:0 Write 3317760
253:0 Sync 196608
253:0 Async 3316191232
253:0 Total 3316387840
Total 3316387840
--------------------CPUAC-----------------------
user 2353
system 10440
 
Sat Jun 24 23:40:07 IST 2017
--------------------MEMCG-----------------------
MEM ONLY  : 1023 MB
MEM+SWAP  : 1023 MB
cache 814211072
rss 259321856
rss_huge 0
mapped_file 7356416
writeback 0
swap 0
pgpgin 1826743
pgpgout 1564650
pgfault 248364
pgmajfault 575
inactive_anon 130076672
active_anon 129314816
inactive_file 407162880
active_file 406974464
unevictable 4096
hierarchical_memory_limit 1073741824
hierarchical_memsw_limit 5368709120
total_cache 814211072
total_rss 259321856
total_rss_huge 0
total_mapped_file 7356416
total_writeback 0
total_swap 0
total_pgpgin 1826743
total_pgpgout 1564650
total_pgfault 248364
total_pgmajfault 575
total_inactive_anon 130076672
total_active_anon 129314816
total_inactive_file 407162880
total_active_file 406974464
total_unevictable 4096
--------------------BLKIO-----------------------
11:0 Read 0
11:0 Write 0
11:0 Sync 0
11:0 Async 0
11:0 Total 0
253:0 Read 3383496704
253:0 Write 3358720
253:0 Sync 196608
253:0 Async 3386658816
253:0 Total 3386855424
Total 3386855424
--------------------CPUAC-----------------------
user 2426
system 10843
 
Sat Jun 24 23:40:37 IST 2017
--------------------MEMCG-----------------------
MEM ONLY  : 1023 MB
MEM+SWAP  : 1023 MB
cache 812478464
rss 261165056
rss_huge 0
mapped_file 7356416
writeback 0
swap 0
pgpgin 1879523
pgpgout 1617403
pgfault 248956
pgmajfault 575
inactive_anon 130732032
active_anon 130502656
inactive_file 406331392
active_file 406073344
unevictable 4096
hierarchical_memory_limit 1073741824
hierarchical_memsw_limit 5368709120
total_cache 812478464
total_rss 261165056
total_rss_huge 0
total_mapped_file 7356416
total_writeback 0
total_swap 0
total_pgpgin 1879523
total_pgpgout 1617403
total_pgfault 248956
total_pgmajfault 575
total_inactive_anon 130732032
total_active_anon 130502656
total_inactive_file 406331392
total_active_file 406073344
total_unevictable 4096
--------------------BLKIO-----------------------
11:0 Read 0
11:0 Write 0
11:0 Sync 0
11:0 Async 0
11:0 Total 0
253:0 Read 3456475136
253:0 Write 3407872
253:0 Sync 196608
253:0 Async 3459686400
253:0 Total 3459883008
Total 3459883008
--------------------CPUAC-----------------------
user 2495
system 11264
 
