Sat May 20 00:35:45 IST 2017
--------------------MEMCG-----------------------
MEM ONLY  : 29 MB
MEM+SWAP  : 29 MB
cache 23552000
rss 7868416
rss_huge 0
mapped_file 8884224
writeback 0
swap 0
pgpgin 78648
pgpgout 70977
pgfault 177655
pgmajfault 195
inactive_anon 45056
active_anon 7897088
inactive_file 11149312
active_file 12328960
unevictable 0
hierarchical_memory_limit 2147483648
hierarchical_memsw_limit 5368709120
total_cache 23552000
total_rss 7868416
total_rss_huge 0
total_mapped_file 8884224
total_writeback 0
total_swap 0
total_pgpgin 78648
total_pgpgout 70977
total_pgfault 177655
total_pgmajfault 195
total_inactive_anon 45056
total_active_anon 7897088
total_inactive_file 11149312
total_active_file 12328960
total_unevictable 0
--------------------BLKIO-----------------------
11:0 Read 0
11:0 Write 0
11:0 Sync 0
11:0 Async 0
11:0 Total 0
253:0 Read 23441408
253:0 Write 229376
253:0 Sync 0
253:0 Async 23670784
253:0 Total 23670784
Total 23670784
--------------------CPUAC-----------------------
user 42
system 80
 
Sat May 20 00:36:15 IST 2017
--------------------MEMCG-----------------------
MEM ONLY  : 29 MB
MEM+SWAP  : 29 MB
cache 23552000
rss 7602176
rss_huge 0
mapped_file 8744960
writeback 0
swap 0
pgpgin 78648
pgpgout 71042
pgfault 177664
pgmajfault 195
inactive_anon 45056
active_anon 7630848
inactive_file 11128832
active_file 12349440
unevictable 0
hierarchical_memory_limit 2147483648
hierarchical_memsw_limit 5368709120
total_cache 23552000
total_rss 7602176
total_rss_huge 0
total_mapped_file 8744960
total_writeback 0
total_swap 0
total_pgpgin 78648
total_pgpgout 71042
total_pgfault 177664
total_pgmajfault 195
total_inactive_anon 45056
total_active_anon 7630848
total_inactive_file 11128832
total_active_file 12349440
total_unevictable 0
--------------------BLKIO-----------------------
11:0 Read 0
11:0 Write 0
11:0 Sync 0
11:0 Async 0
11:0 Total 0
253:0 Read 23441408
253:0 Write 229376
253:0 Sync 0
253:0 Async 23670784
253:0 Total 23670784
Total 23670784
--------------------CPUAC-----------------------
user 42
system 80
 
Sat May 20 00:36:45 IST 2017
--------------------MEMCG-----------------------
MEM ONLY  : 29 MB
MEM+SWAP  : 29 MB
cache 23552000
rss 7602176
rss_huge 0
mapped_file 8744960
writeback 0
swap 0
pgpgin 78648
pgpgout 71042
pgfault 177664
pgmajfault 195
inactive_anon 45056
active_anon 7630848
inactive_file 11128832
active_file 12349440
unevictable 0
hierarchical_memory_limit 2147483648
hierarchical_memsw_limit 5368709120
total_cache 23552000
total_rss 7602176
total_rss_huge 0
total_mapped_file 8744960
total_writeback 0
total_swap 0
total_pgpgin 78648
total_pgpgout 71042
total_pgfault 177664
total_pgmajfault 195
total_inactive_anon 45056
total_active_anon 7630848
total_inactive_file 11128832
total_active_file 12349440
total_unevictable 0
--------------------BLKIO-----------------------
11:0 Read 0
11:0 Write 0
11:0 Sync 0
11:0 Async 0
11:0 Total 0
253:0 Read 23441408
253:0 Write 229376
253:0 Sync 0
253:0 Async 23670784
253:0 Total 23670784
Total 23670784
--------------------CPUAC-----------------------
user 42
system 80
 
Sat May 20 00:37:15 IST 2017
--------------------MEMCG-----------------------
MEM ONLY  : 29 MB
MEM+SWAP  : 29 MB
cache 23552000
rss 7602176
rss_huge 0
mapped_file 8744960
writeback 0
swap 0
pgpgin 78648
pgpgout 71042
pgfault 177664
pgmajfault 195
inactive_anon 45056
active_anon 7630848
inactive_file 11128832
active_file 12349440
unevictable 0
hierarchical_memory_limit 2147483648
hierarchical_memsw_limit 5368709120
total_cache 23552000
total_rss 7602176
total_rss_huge 0
total_mapped_file 8744960
total_writeback 0
total_swap 0
total_pgpgin 78648
total_pgpgout 71042
total_pgfault 177664
total_pgmajfault 195
total_inactive_anon 45056
total_active_anon 7630848
total_inactive_file 11128832
total_active_file 12349440
total_unevictable 0
--------------------BLKIO-----------------------
11:0 Read 0
11:0 Write 0
11:0 Sync 0
11:0 Async 0
11:0 Total 0
253:0 Read 23441408
253:0 Write 229376
253:0 Sync 0
253:0 Async 23670784
253:0 Total 23670784
Total 23670784
--------------------CPUAC-----------------------
user 42
system 82
 
Sat May 20 00:37:45 IST 2017
--------------------MEMCG-----------------------
MEM ONLY  : 29 MB
MEM+SWAP  : 29 MB
cache 23552000
rss 7602176
rss_huge 0
mapped_file 8744960
writeback 0
swap 0
pgpgin 78648
pgpgout 71042
pgfault 177664
pgmajfault 195
inactive_anon 45056
active_anon 7630848
inactive_file 11128832
active_file 12349440
unevictable 0
hierarchical_memory_limit 2147483648
hierarchical_memsw_limit 5368709120
total_cache 23552000
total_rss 7602176
total_rss_huge 0
total_mapped_file 8744960
total_writeback 0
total_swap 0
total_pgpgin 78648
total_pgpgout 71042
total_pgfault 177664
total_pgmajfault 195
total_inactive_anon 45056
total_active_anon 7630848
total_inactive_file 11128832
total_active_file 12349440
total_unevictable 0
--------------------BLKIO-----------------------
11:0 Read 0
11:0 Write 0
11:0 Sync 0
11:0 Async 0
11:0 Total 0
253:0 Read 23441408
253:0 Write 229376
253:0 Sync 0
253:0 Async 23670784
253:0 Total 23670784
Total 23670784
--------------------CPUAC-----------------------
user 43
system 82
 
Sat May 20 00:38:15 IST 2017
--------------------MEMCG-----------------------
MEM ONLY  : 29 MB
MEM+SWAP  : 29 MB
cache 23552000
rss 7602176
rss_huge 0
mapped_file 8744960
writeback 0
swap 0
pgpgin 78648
pgpgout 71042
pgfault 177664
pgmajfault 195
inactive_anon 45056
active_anon 7630848
inactive_file 11128832
active_file 12349440
unevictable 0
hierarchical_memory_limit 2147483648
hierarchical_memsw_limit 5368709120
total_cache 23552000
total_rss 7602176
total_rss_huge 0
total_mapped_file 8744960
total_writeback 0
total_swap 0
total_pgpgin 78648
total_pgpgout 71042
total_pgfault 177664
total_pgmajfault 195
total_inactive_anon 45056
total_active_anon 7630848
total_inactive_file 11128832
total_active_file 12349440
total_unevictable 0
--------------------BLKIO-----------------------
11:0 Read 0
11:0 Write 0
11:0 Sync 0
11:0 Async 0
11:0 Total 0
253:0 Read 23441408
253:0 Write 229376
253:0 Sync 0
253:0 Async 23670784
253:0 Total 23670784
Total 23670784
--------------------CPUAC-----------------------
user 43
system 84
 
Sat May 20 00:38:45 IST 2017
--------------------MEMCG-----------------------
MEM ONLY  : 29 MB
MEM+SWAP  : 29 MB
cache 23552000
rss 7602176
rss_huge 0
mapped_file 8744960
writeback 0
swap 0
pgpgin 78648
pgpgout 71042
pgfault 177664
pgmajfault 195
inactive_anon 45056
active_anon 7630848
inactive_file 11128832
active_file 12349440
unevictable 0
hierarchical_memory_limit 2147483648
hierarchical_memsw_limit 5368709120
total_cache 23552000
total_rss 7602176
total_rss_huge 0
total_mapped_file 8744960
total_writeback 0
total_swap 0
total_pgpgin 78648
total_pgpgout 71042
total_pgfault 177664
total_pgmajfault 195
total_inactive_anon 45056
total_active_anon 7630848
total_inactive_file 11128832
total_active_file 12349440
total_unevictable 0
--------------------BLKIO-----------------------
11:0 Read 0
11:0 Write 0
11:0 Sync 0
11:0 Async 0
11:0 Total 0
253:0 Read 23441408
253:0 Write 229376
253:0 Sync 0
253:0 Async 23670784
253:0 Total 23670784
Total 23670784
--------------------CPUAC-----------------------
user 43
system 85
 
Sat May 20 00:39:15 IST 2017
--------------------MEMCG-----------------------
MEM ONLY  : 29 MB
MEM+SWAP  : 29 MB
cache 23552000
rss 7602176
rss_huge 0
mapped_file 8744960
writeback 0
swap 0
pgpgin 78648
pgpgout 71042
pgfault 177664
pgmajfault 195
inactive_anon 45056
active_anon 7630848
inactive_file 11128832
active_file 12349440
unevictable 0
hierarchical_memory_limit 2147483648
hierarchical_memsw_limit 5368709120
total_cache 23552000
total_rss 7602176
total_rss_huge 0
total_mapped_file 8744960
total_writeback 0
total_swap 0
total_pgpgin 78648
total_pgpgout 71042
total_pgfault 177664
total_pgmajfault 195
total_inactive_anon 45056
total_active_anon 7630848
total_inactive_file 11128832
total_active_file 12349440
total_unevictable 0
--------------------BLKIO-----------------------
11:0 Read 0
11:0 Write 0
11:0 Sync 0
11:0 Async 0
11:0 Total 0
253:0 Read 23441408
253:0 Write 229376
253:0 Sync 0
253:0 Async 23670784
253:0 Total 23670784
Total 23670784
--------------------CPUAC-----------------------
user 43
system 87
 
Sat May 20 00:39:45 IST 2017
--------------------MEMCG-----------------------
MEM ONLY  : 29 MB
MEM+SWAP  : 29 MB
cache 23552000
rss 7602176
rss_huge 0
mapped_file 8744960
writeback 0
swap 0
pgpgin 78648
pgpgout 71042
pgfault 177664
pgmajfault 195
inactive_anon 45056
active_anon 7630848
inactive_file 11128832
active_file 12349440
unevictable 0
hierarchical_memory_limit 2147483648
hierarchical_memsw_limit 5368709120
total_cache 23552000
total_rss 7602176
total_rss_huge 0
total_mapped_file 8744960
total_writeback 0
total_swap 0
total_pgpgin 78648
total_pgpgout 71042
total_pgfault 177664
total_pgmajfault 195
total_inactive_anon 45056
total_active_anon 7630848
total_inactive_file 11128832
total_active_file 12349440
total_unevictable 0
--------------------BLKIO-----------------------
11:0 Read 0
11:0 Write 0
11:0 Sync 0
11:0 Async 0
11:0 Total 0
253:0 Read 23441408
253:0 Write 229376
253:0 Sync 0
253:0 Async 23670784
253:0 Total 23670784
Total 23670784
--------------------CPUAC-----------------------
user 43
system 89
 
Sat May 20 00:40:15 IST 2017
--------------------MEMCG-----------------------
MEM ONLY  : 29 MB
MEM+SWAP  : 29 MB
cache 23552000
rss 7602176
rss_huge 0
mapped_file 8744960
writeback 0
swap 0
pgpgin 78648
pgpgout 71042
pgfault 177664
pgmajfault 195
inactive_anon 45056
active_anon 7630848
inactive_file 11128832
active_file 12349440
unevictable 0
hierarchical_memory_limit 2147483648
hierarchical_memsw_limit 5368709120
total_cache 23552000
total_rss 7602176
total_rss_huge 0
total_mapped_file 8744960
total_writeback 0
total_swap 0
total_pgpgin 78648
total_pgpgout 71042
total_pgfault 177664
total_pgmajfault 195
total_inactive_anon 45056
total_active_anon 7630848
total_inactive_file 11128832
total_active_file 12349440
total_unevictable 0
--------------------BLKIO-----------------------
11:0 Read 0
11:0 Write 0
11:0 Sync 0
11:0 Async 0
11:0 Total 0
253:0 Read 23441408
253:0 Write 229376
253:0 Sync 0
253:0 Async 23670784
253:0 Total 23670784
Total 23670784
--------------------CPUAC-----------------------
user 43
system 91
 
Sat May 20 00:40:45 IST 2017
--------------------MEMCG-----------------------
MEM ONLY  : 29 MB
MEM+SWAP  : 29 MB
cache 23552000
rss 7602176
rss_huge 0
mapped_file 8744960
writeback 0
swap 0
pgpgin 78648
pgpgout 71042
pgfault 177664
pgmajfault 195
inactive_anon 45056
active_anon 7630848
inactive_file 11128832
active_file 12349440
unevictable 0
hierarchical_memory_limit 2147483648
hierarchical_memsw_limit 5368709120
total_cache 23552000
total_rss 7602176
total_rss_huge 0
total_mapped_file 8744960
total_writeback 0
total_swap 0
total_pgpgin 78648
total_pgpgout 71042
total_pgfault 177664
total_pgmajfault 195
total_inactive_anon 45056
total_active_anon 7630848
total_inactive_file 11128832
total_active_file 12349440
total_unevictable 0
--------------------BLKIO-----------------------
11:0 Read 0
11:0 Write 0
11:0 Sync 0
11:0 Async 0
11:0 Total 0
253:0 Read 23441408
253:0 Write 229376
253:0 Sync 0
253:0 Async 23670784
253:0 Total 23670784
Total 23670784
--------------------CPUAC-----------------------
user 43
system 92
 
Sat May 20 00:41:16 IST 2017
--------------------MEMCG-----------------------
MEM ONLY  : 29 MB
MEM+SWAP  : 29 MB
cache 23552000
rss 7602176
rss_huge 0
mapped_file 8744960
writeback 0
swap 0
pgpgin 78648
pgpgout 71042
pgfault 177664
pgmajfault 195
inactive_anon 45056
active_anon 7630848
inactive_file 11128832
active_file 12349440
unevictable 0
hierarchical_memory_limit 2147483648
hierarchical_memsw_limit 5368709120
total_cache 23552000
total_rss 7602176
total_rss_huge 0
total_mapped_file 8744960
total_writeback 0
total_swap 0
total_pgpgin 78648
total_pgpgout 71042
total_pgfault 177664
total_pgmajfault 195
total_inactive_anon 45056
total_active_anon 7630848
total_inactive_file 11128832
total_active_file 12349440
total_unevictable 0
--------------------BLKIO-----------------------
11:0 Read 0
11:0 Write 0
11:0 Sync 0
11:0 Async 0
11:0 Total 0
253:0 Read 23441408
253:0 Write 229376
253:0 Sync 0
253:0 Async 23670784
253:0 Total 23670784
Total 23670784
--------------------CPUAC-----------------------
user 44
system 92
 
Sat May 20 00:41:46 IST 2017
--------------------MEMCG-----------------------
MEM ONLY  : 29 MB
MEM+SWAP  : 29 MB
cache 23552000
rss 7602176
rss_huge 0
mapped_file 8744960
writeback 0
swap 0
pgpgin 78648
pgpgout 71042
pgfault 177664
pgmajfault 195
inactive_anon 45056
active_anon 7630848
inactive_file 11128832
active_file 12349440
unevictable 0
hierarchical_memory_limit 2147483648
hierarchical_memsw_limit 5368709120
total_cache 23552000
total_rss 7602176
total_rss_huge 0
total_mapped_file 8744960
total_writeback 0
total_swap 0
total_pgpgin 78648
total_pgpgout 71042
total_pgfault 177664
total_pgmajfault 195
total_inactive_anon 45056
total_active_anon 7630848
total_inactive_file 11128832
total_active_file 12349440
total_unevictable 0
--------------------BLKIO-----------------------
11:0 Read 0
11:0 Write 0
11:0 Sync 0
11:0 Async 0
11:0 Total 0
253:0 Read 23441408
253:0 Write 229376
253:0 Sync 0
253:0 Async 23670784
253:0 Total 23670784
Total 23670784
--------------------CPUAC-----------------------
user 44
system 93
 
Sat May 20 00:42:16 IST 2017
--------------------MEMCG-----------------------
MEM ONLY  : 29 MB
MEM+SWAP  : 29 MB
cache 23552000
rss 7602176
rss_huge 0
mapped_file 8744960
writeback 0
swap 0
pgpgin 78648
pgpgout 71042
pgfault 177664
pgmajfault 195
inactive_anon 45056
active_anon 7630848
inactive_file 11128832
active_file 12349440
unevictable 0
hierarchical_memory_limit 2147483648
hierarchical_memsw_limit 5368709120
total_cache 23552000
total_rss 7602176
total_rss_huge 0
total_mapped_file 8744960
total_writeback 0
total_swap 0
total_pgpgin 78648
total_pgpgout 71042
total_pgfault 177664
total_pgmajfault 195
total_inactive_anon 45056
total_active_anon 7630848
total_inactive_file 11128832
total_active_file 12349440
total_unevictable 0
--------------------BLKIO-----------------------
11:0 Read 0
11:0 Write 0
11:0 Sync 0
11:0 Async 0
11:0 Total 0
253:0 Read 23441408
253:0 Write 229376
253:0 Sync 0
253:0 Async 23670784
253:0 Total 23670784
Total 23670784
--------------------CPUAC-----------------------
user 44
system 93
 
Sat May 20 00:42:46 IST 2017
--------------------MEMCG-----------------------
MEM ONLY  : 29 MB
MEM+SWAP  : 29 MB
cache 23552000
rss 7602176
rss_huge 0
mapped_file 8744960
writeback 0
swap 0
pgpgin 78648
pgpgout 71042
pgfault 177664
pgmajfault 195
inactive_anon 45056
active_anon 7630848
inactive_file 11128832
active_file 12349440
unevictable 0
hierarchical_memory_limit 2147483648
hierarchical_memsw_limit 5368709120
total_cache 23552000
total_rss 7602176
total_rss_huge 0
total_mapped_file 8744960
total_writeback 0
total_swap 0
total_pgpgin 78648
total_pgpgout 71042
total_pgfault 177664
total_pgmajfault 195
total_inactive_anon 45056
total_active_anon 7630848
total_inactive_file 11128832
total_active_file 12349440
total_unevictable 0
--------------------BLKIO-----------------------
11:0 Read 0
11:0 Write 0
11:0 Sync 0
11:0 Async 0
11:0 Total 0
253:0 Read 23441408
253:0 Write 229376
253:0 Sync 0
253:0 Async 23670784
253:0 Total 23670784
Total 23670784
--------------------CPUAC-----------------------
user 44
system 94
 
Sat May 20 00:43:16 IST 2017
--------------------MEMCG-----------------------
MEM ONLY  : 29 MB
MEM+SWAP  : 29 MB
cache 23552000
rss 7602176
rss_huge 0
mapped_file 8744960
writeback 0
swap 0
pgpgin 78648
pgpgout 71042
pgfault 177664
pgmajfault 195
inactive_anon 45056
active_anon 7630848
inactive_file 11128832
active_file 12349440
unevictable 0
hierarchical_memory_limit 2147483648
hierarchical_memsw_limit 5368709120
total_cache 23552000
total_rss 7602176
total_rss_huge 0
total_mapped_file 8744960
total_writeback 0
total_swap 0
total_pgpgin 78648
total_pgpgout 71042
total_pgfault 177664
total_pgmajfault 195
total_inactive_anon 45056
total_active_anon 7630848
total_inactive_file 11128832
total_active_file 12349440
total_unevictable 0
--------------------BLKIO-----------------------
11:0 Read 0
11:0 Write 0
11:0 Sync 0
11:0 Async 0
11:0 Total 0
253:0 Read 23441408
253:0 Write 229376
253:0 Sync 0
253:0 Async 23670784
253:0 Total 23670784
Total 23670784
--------------------CPUAC-----------------------
user 44
system 96
 
Sat May 20 00:43:46 IST 2017
--------------------MEMCG-----------------------
MEM ONLY  : 29 MB
MEM+SWAP  : 29 MB
cache 23552000
rss 7602176
rss_huge 0
mapped_file 8744960
writeback 0
swap 0
pgpgin 78648
pgpgout 71042
pgfault 177664
pgmajfault 195
inactive_anon 45056
active_anon 7630848
inactive_file 11128832
active_file 12349440
unevictable 0
hierarchical_memory_limit 2147483648
hierarchical_memsw_limit 5368709120
total_cache 23552000
total_rss 7602176
total_rss_huge 0
total_mapped_file 8744960
total_writeback 0
total_swap 0
total_pgpgin 78648
total_pgpgout 71042
total_pgfault 177664
total_pgmajfault 195
total_inactive_anon 45056
total_active_anon 7630848
total_inactive_file 11128832
total_active_file 12349440
total_unevictable 0
--------------------BLKIO-----------------------
11:0 Read 0
11:0 Write 0
11:0 Sync 0
11:0 Async 0
11:0 Total 0
253:0 Read 23441408
253:0 Write 229376
253:0 Sync 0
253:0 Async 23670784
253:0 Total 23670784
Total 23670784
--------------------CPUAC-----------------------
user 45
system 96
 
Sat May 20 00:44:16 IST 2017
--------------------MEMCG-----------------------
MEM ONLY  : 29 MB
MEM+SWAP  : 29 MB
cache 23552000
rss 7602176
rss_huge 0
mapped_file 8744960
writeback 0
swap 0
pgpgin 78648
pgpgout 71042
pgfault 177664
pgmajfault 195
inactive_anon 45056
active_anon 7630848
inactive_file 11128832
active_file 12349440
unevictable 0
hierarchical_memory_limit 2147483648
hierarchical_memsw_limit 5368709120
total_cache 23552000
total_rss 7602176
total_rss_huge 0
total_mapped_file 8744960
total_writeback 0
total_swap 0
total_pgpgin 78648
total_pgpgout 71042
total_pgfault 177664
total_pgmajfault 195
total_inactive_anon 45056
total_active_anon 7630848
total_inactive_file 11128832
total_active_file 12349440
total_unevictable 0
--------------------BLKIO-----------------------
11:0 Read 0
11:0 Write 0
11:0 Sync 0
11:0 Async 0
11:0 Total 0
253:0 Read 23441408
253:0 Write 229376
253:0 Sync 0
253:0 Async 23670784
253:0 Total 23670784
Total 23670784
--------------------CPUAC-----------------------
user 45
system 97
 
Sat May 20 00:44:46 IST 2017
--------------------MEMCG-----------------------
MEM ONLY  : 29 MB
MEM+SWAP  : 29 MB
cache 23552000
rss 7602176
rss_huge 0
mapped_file 8744960
writeback 0
swap 0
pgpgin 78648
pgpgout 71042
pgfault 177664
pgmajfault 195
inactive_anon 45056
active_anon 7630848
inactive_file 11128832
active_file 12349440
unevictable 0
hierarchical_memory_limit 2147483648
hierarchical_memsw_limit 5368709120
total_cache 23552000
total_rss 7602176
total_rss_huge 0
total_mapped_file 8744960
total_writeback 0
total_swap 0
total_pgpgin 78648
total_pgpgout 71042
total_pgfault 177664
total_pgmajfault 195
total_inactive_anon 45056
total_active_anon 7630848
total_inactive_file 11128832
total_active_file 12349440
total_unevictable 0
--------------------BLKIO-----------------------
11:0 Read 0
11:0 Write 0
11:0 Sync 0
11:0 Async 0
11:0 Total 0
253:0 Read 23441408
253:0 Write 229376
253:0 Sync 0
253:0 Async 23670784
253:0 Total 23670784
Total 23670784
--------------------CPUAC-----------------------
user 45
system 98
 
Sat May 20 00:45:16 IST 2017
--------------------MEMCG-----------------------
MEM ONLY  : 29 MB
MEM+SWAP  : 29 MB
cache 23552000
rss 7602176
rss_huge 0
mapped_file 8744960
writeback 0
swap 0
pgpgin 78648
pgpgout 71042
pgfault 177664
pgmajfault 195
inactive_anon 45056
active_anon 7630848
inactive_file 11128832
active_file 12349440
unevictable 0
hierarchical_memory_limit 2147483648
hierarchical_memsw_limit 5368709120
total_cache 23552000
total_rss 7602176
total_rss_huge 0
total_mapped_file 8744960
total_writeback 0
total_swap 0
total_pgpgin 78648
total_pgpgout 71042
total_pgfault 177664
total_pgmajfault 195
total_inactive_anon 45056
total_active_anon 7630848
total_inactive_file 11128832
total_active_file 12349440
total_unevictable 0
--------------------BLKIO-----------------------
11:0 Read 0
11:0 Write 0
11:0 Sync 0
11:0 Async 0
11:0 Total 0
253:0 Read 23441408
253:0 Write 229376
253:0 Sync 0
253:0 Async 23670784
253:0 Total 23670784
Total 23670784
--------------------CPUAC-----------------------
user 45
system 98
 
Sat May 20 00:45:46 IST 2017
--------------------MEMCG-----------------------
MEM ONLY  : 29 MB
MEM+SWAP  : 29 MB
cache 23678976
rss 7614464
rss_huge 0
mapped_file 8744960
writeback 0
swap 0
pgpgin 78682
pgpgout 71042
pgfault 177667
pgmajfault 195
inactive_anon 45056
active_anon 7643136
inactive_file 11132928
active_file 12472320
unevictable 0
hierarchical_memory_limit 2147483648
hierarchical_memsw_limit 5368709120
total_cache 23678976
total_rss 7614464
total_rss_huge 0
total_mapped_file 8744960
total_writeback 0
total_swap 0
total_pgpgin 78682
total_pgpgout 71042
total_pgfault 177667
total_pgmajfault 195
total_inactive_anon 45056
total_active_anon 7643136
total_inactive_file 11132928
total_active_file 12472320
total_unevictable 0
--------------------BLKIO-----------------------
11:0 Read 0
11:0 Write 0
11:0 Sync 0
11:0 Async 0
11:0 Total 0
253:0 Read 23568384
253:0 Write 229376
253:0 Sync 0
253:0 Async 23797760
253:0 Total 23797760
Total 23797760
--------------------CPUAC-----------------------
user 45
system 99
 
Sat May 20 00:46:16 IST 2017
--------------------MEMCG-----------------------
MEM ONLY  : 29 MB
MEM+SWAP  : 29 MB
cache 23678976
rss 7614464
rss_huge 0
mapped_file 8744960
writeback 0
swap 0
pgpgin 78682
pgpgout 71042
pgfault 177667
pgmajfault 195
inactive_anon 45056
active_anon 7643136
inactive_file 11132928
active_file 12472320
unevictable 0
hierarchical_memory_limit 2147483648
hierarchical_memsw_limit 5368709120
total_cache 23678976
total_rss 7614464
total_rss_huge 0
total_mapped_file 8744960
total_writeback 0
total_swap 0
total_pgpgin 78682
total_pgpgout 71042
total_pgfault 177667
total_pgmajfault 195
total_inactive_anon 45056
total_active_anon 7643136
total_inactive_file 11132928
total_active_file 12472320
total_unevictable 0
--------------------BLKIO-----------------------
11:0 Read 0
11:0 Write 0
11:0 Sync 0
11:0 Async 0
11:0 Total 0
253:0 Read 23568384
253:0 Write 229376
253:0 Sync 0
253:0 Async 23797760
253:0 Total 23797760
Total 23797760
--------------------CPUAC-----------------------
user 45
system 99
 
Sat May 20 00:46:46 IST 2017
--------------------MEMCG-----------------------
MEM ONLY  : 29 MB
MEM+SWAP  : 29 MB
cache 23678976
rss 7614464
rss_huge 0
mapped_file 8744960
writeback 0
swap 0
pgpgin 78682
pgpgout 71042
pgfault 177667
pgmajfault 195
inactive_anon 45056
active_anon 7643136
inactive_file 11132928
active_file 12472320
unevictable 0
hierarchical_memory_limit 2147483648
hierarchical_memsw_limit 5368709120
total_cache 23678976
total_rss 7614464
total_rss_huge 0
total_mapped_file 8744960
total_writeback 0
total_swap 0
total_pgpgin 78682
total_pgpgout 71042
total_pgfault 177667
total_pgmajfault 195
total_inactive_anon 45056
total_active_anon 7643136
total_inactive_file 11132928
total_active_file 12472320
total_unevictable 0
--------------------BLKIO-----------------------
11:0 Read 0
11:0 Write 0
11:0 Sync 0
11:0 Async 0
11:0 Total 0
253:0 Read 23568384
253:0 Write 229376
253:0 Sync 0
253:0 Async 23797760
253:0 Total 23797760
Total 23797760
--------------------CPUAC-----------------------
user 46
system 99
 
Sat May 20 00:47:16 IST 2017
--------------------MEMCG-----------------------
MEM ONLY  : 29 MB
MEM+SWAP  : 29 MB
cache 23678976
rss 7614464
rss_huge 0
mapped_file 8744960
writeback 0
swap 0
pgpgin 78682
pgpgout 71042
pgfault 177667
pgmajfault 195
inactive_anon 45056
active_anon 7643136
inactive_file 11132928
active_file 12472320
unevictable 0
hierarchical_memory_limit 2147483648
hierarchical_memsw_limit 5368709120
total_cache 23678976
total_rss 7614464
total_rss_huge 0
total_mapped_file 8744960
total_writeback 0
total_swap 0
total_pgpgin 78682
total_pgpgout 71042
total_pgfault 177667
total_pgmajfault 195
total_inactive_anon 45056
total_active_anon 7643136
total_inactive_file 11132928
total_active_file 12472320
total_unevictable 0
--------------------BLKIO-----------------------
11:0 Read 0
11:0 Write 0
11:0 Sync 0
11:0 Async 0
11:0 Total 0
253:0 Read 23568384
253:0 Write 229376
253:0 Sync 0
253:0 Async 23797760
253:0 Total 23797760
Total 23797760
--------------------CPUAC-----------------------
user 46
system 101
 
Sat May 20 00:47:46 IST 2017
--------------------MEMCG-----------------------
MEM ONLY  : 29 MB
MEM+SWAP  : 29 MB
cache 23678976
rss 7614464
rss_huge 0
mapped_file 8744960
writeback 0
swap 0
pgpgin 78682
pgpgout 71042
pgfault 177667
pgmajfault 195
inactive_anon 45056
active_anon 7643136
inactive_file 11132928
active_file 12472320
unevictable 0
hierarchical_memory_limit 2147483648
hierarchical_memsw_limit 5368709120
total_cache 23678976
total_rss 7614464
total_rss_huge 0
total_mapped_file 8744960
total_writeback 0
total_swap 0
total_pgpgin 78682
total_pgpgout 71042
total_pgfault 177667
total_pgmajfault 195
total_inactive_anon 45056
total_active_anon 7643136
total_inactive_file 11132928
total_active_file 12472320
total_unevictable 0
--------------------BLKIO-----------------------
11:0 Read 0
11:0 Write 0
11:0 Sync 0
11:0 Async 0
11:0 Total 0
253:0 Read 23568384
253:0 Write 229376
253:0 Sync 0
253:0 Async 23797760
253:0 Total 23797760
Total 23797760
--------------------CPUAC-----------------------
user 46
system 102
 
Sat May 20 00:48:16 IST 2017
--------------------MEMCG-----------------------
MEM ONLY  : 29 MB
MEM+SWAP  : 29 MB
cache 23678976
rss 7614464
rss_huge 0
mapped_file 8744960
writeback 0
swap 0
pgpgin 78682
pgpgout 71042
pgfault 177667
pgmajfault 195
inactive_anon 45056
active_anon 7643136
inactive_file 11132928
active_file 12472320
unevictable 0
hierarchical_memory_limit 2147483648
hierarchical_memsw_limit 5368709120
total_cache 23678976
total_rss 7614464
total_rss_huge 0
total_mapped_file 8744960
total_writeback 0
total_swap 0
total_pgpgin 78682
total_pgpgout 71042
total_pgfault 177667
total_pgmajfault 195
total_inactive_anon 45056
total_active_anon 7643136
total_inactive_file 11132928
total_active_file 12472320
total_unevictable 0
--------------------BLKIO-----------------------
11:0 Read 0
11:0 Write 0
11:0 Sync 0
11:0 Async 0
11:0 Total 0
253:0 Read 23568384
253:0 Write 229376
253:0 Sync 0
253:0 Async 23797760
253:0 Total 23797760
Total 23797760
--------------------CPUAC-----------------------
user 46
system 103
 
Sat May 20 00:48:46 IST 2017
--------------------MEMCG-----------------------
MEM ONLY  : 29 MB
MEM+SWAP  : 29 MB
cache 23678976
rss 7614464
rss_huge 0
mapped_file 8744960
writeback 0
swap 0
pgpgin 78682
pgpgout 71042
pgfault 177667
pgmajfault 195
inactive_anon 45056
active_anon 7643136
inactive_file 11132928
active_file 12472320
unevictable 0
hierarchical_memory_limit 2147483648
hierarchical_memsw_limit 5368709120
total_cache 23678976
total_rss 7614464
total_rss_huge 0
total_mapped_file 8744960
total_writeback 0
total_swap 0
total_pgpgin 78682
total_pgpgout 71042
total_pgfault 177667
total_pgmajfault 195
total_inactive_anon 45056
total_active_anon 7643136
total_inactive_file 11132928
total_active_file 12472320
total_unevictable 0
--------------------BLKIO-----------------------
11:0 Read 0
11:0 Write 0
11:0 Sync 0
11:0 Async 0
11:0 Total 0
253:0 Read 23568384
253:0 Write 229376
253:0 Sync 0
253:0 Async 23797760
253:0 Total 23797760
Total 23797760
--------------------CPUAC-----------------------
user 46
system 104
 
Sat May 20 00:49:16 IST 2017
--------------------MEMCG-----------------------
MEM ONLY  : 29 MB
MEM+SWAP  : 29 MB
cache 23678976
rss 7614464
rss_huge 0
mapped_file 8744960
writeback 0
swap 0
pgpgin 78682
pgpgout 71042
pgfault 177667
pgmajfault 195
inactive_anon 45056
active_anon 7643136
inactive_file 11132928
active_file 12472320
unevictable 0
hierarchical_memory_limit 2147483648
hierarchical_memsw_limit 5368709120
total_cache 23678976
total_rss 7614464
total_rss_huge 0
total_mapped_file 8744960
total_writeback 0
total_swap 0
total_pgpgin 78682
total_pgpgout 71042
total_pgfault 177667
total_pgmajfault 195
total_inactive_anon 45056
total_active_anon 7643136
total_inactive_file 11132928
total_active_file 12472320
total_unevictable 0
--------------------BLKIO-----------------------
11:0 Read 0
11:0 Write 0
11:0 Sync 0
11:0 Async 0
11:0 Total 0
253:0 Read 23568384
253:0 Write 229376
253:0 Sync 0
253:0 Async 23797760
253:0 Total 23797760
Total 23797760
--------------------CPUAC-----------------------
user 46
system 105
 
Sat May 20 00:49:46 IST 2017
--------------------MEMCG-----------------------
MEM ONLY  : 29 MB
MEM+SWAP  : 29 MB
cache 23678976
rss 7614464
rss_huge 0
mapped_file 8744960
writeback 0
swap 0
pgpgin 78682
pgpgout 71042
pgfault 177667
pgmajfault 195
inactive_anon 45056
active_anon 7643136
inactive_file 11132928
active_file 12472320
unevictable 0
hierarchical_memory_limit 2147483648
hierarchical_memsw_limit 5368709120
total_cache 23678976
total_rss 7614464
total_rss_huge 0
total_mapped_file 8744960
total_writeback 0
total_swap 0
total_pgpgin 78682
total_pgpgout 71042
total_pgfault 177667
total_pgmajfault 195
total_inactive_anon 45056
total_active_anon 7643136
total_inactive_file 11132928
total_active_file 12472320
total_unevictable 0
--------------------BLKIO-----------------------
11:0 Read 0
11:0 Write 0
11:0 Sync 0
11:0 Async 0
11:0 Total 0
253:0 Read 23568384
253:0 Write 229376
253:0 Sync 0
253:0 Async 23797760
253:0 Total 23797760
Total 23797760
--------------------CPUAC-----------------------
user 46
system 106
 
Sat May 20 00:50:16 IST 2017
--------------------MEMCG-----------------------
MEM ONLY  : 29 MB
MEM+SWAP  : 29 MB
cache 23678976
rss 7614464
rss_huge 0
mapped_file 8744960
writeback 0
swap 0
pgpgin 78682
pgpgout 71042
pgfault 177667
pgmajfault 195
inactive_anon 45056
active_anon 7643136
inactive_file 11132928
active_file 12472320
unevictable 0
hierarchical_memory_limit 2147483648
hierarchical_memsw_limit 5368709120
total_cache 23678976
total_rss 7614464
total_rss_huge 0
total_mapped_file 8744960
total_writeback 0
total_swap 0
total_pgpgin 78682
total_pgpgout 71042
total_pgfault 177667
total_pgmajfault 195
total_inactive_anon 45056
total_active_anon 7643136
total_inactive_file 11132928
total_active_file 12472320
total_unevictable 0
--------------------BLKIO-----------------------
11:0 Read 0
11:0 Write 0
11:0 Sync 0
11:0 Async 0
11:0 Total 0
253:0 Read 23568384
253:0 Write 229376
253:0 Sync 0
253:0 Async 23797760
253:0 Total 23797760
Total 23797760
--------------------CPUAC-----------------------
user 46
system 109
 
Sat May 20 00:50:46 IST 2017
--------------------MEMCG-----------------------
MEM ONLY  : 29 MB
MEM+SWAP  : 29 MB
cache 23678976
rss 7614464
rss_huge 0
mapped_file 8744960
writeback 0
swap 0
pgpgin 78682
pgpgout 71042
pgfault 177667
pgmajfault 195
inactive_anon 45056
active_anon 7643136
inactive_file 11132928
active_file 12472320
unevictable 0
hierarchical_memory_limit 2147483648
hierarchical_memsw_limit 5368709120
total_cache 23678976
total_rss 7614464
total_rss_huge 0
total_mapped_file 8744960
total_writeback 0
total_swap 0
total_pgpgin 78682
total_pgpgout 71042
total_pgfault 177667
total_pgmajfault 195
total_inactive_anon 45056
total_active_anon 7643136
total_inactive_file 11132928
total_active_file 12472320
total_unevictable 0
--------------------BLKIO-----------------------
11:0 Read 0
11:0 Write 0
11:0 Sync 0
11:0 Async 0
11:0 Total 0
253:0 Read 23568384
253:0 Write 229376
253:0 Sync 0
253:0 Async 23797760
253:0 Total 23797760
Total 23797760
--------------------CPUAC-----------------------
user 47
system 110
 
Sat May 20 00:51:16 IST 2017
--------------------MEMCG-----------------------
MEM ONLY  : 29 MB
MEM+SWAP  : 29 MB
cache 23678976
rss 7614464
rss_huge 0
mapped_file 8744960
writeback 0
swap 0
pgpgin 78682
pgpgout 71042
pgfault 177667
pgmajfault 195
inactive_anon 45056
active_anon 7643136
inactive_file 11132928
active_file 12472320
unevictable 0
hierarchical_memory_limit 2147483648
hierarchical_memsw_limit 5368709120
total_cache 23678976
total_rss 7614464
total_rss_huge 0
total_mapped_file 8744960
total_writeback 0
total_swap 0
total_pgpgin 78682
total_pgpgout 71042
total_pgfault 177667
total_pgmajfault 195
total_inactive_anon 45056
total_active_anon 7643136
total_inactive_file 11132928
total_active_file 12472320
total_unevictable 0
--------------------BLKIO-----------------------
11:0 Read 0
11:0 Write 0
11:0 Sync 0
11:0 Async 0
11:0 Total 0
253:0 Read 23568384
253:0 Write 229376
253:0 Sync 0
253:0 Async 23797760
253:0 Total 23797760
Total 23797760
--------------------CPUAC-----------------------
user 47
system 110
 
Sat May 20 00:51:46 IST 2017
--------------------MEMCG-----------------------
MEM ONLY  : 29 MB
MEM+SWAP  : 29 MB
cache 23678976
rss 7614464
rss_huge 0
mapped_file 8744960
writeback 0
swap 0
pgpgin 78682
pgpgout 71042
pgfault 177667
pgmajfault 195
inactive_anon 45056
active_anon 7643136
inactive_file 11132928
active_file 12472320
unevictable 0
hierarchical_memory_limit 2147483648
hierarchical_memsw_limit 5368709120
total_cache 23678976
total_rss 7614464
total_rss_huge 0
total_mapped_file 8744960
total_writeback 0
total_swap 0
total_pgpgin 78682
total_pgpgout 71042
total_pgfault 177667
total_pgmajfault 195
total_inactive_anon 45056
total_active_anon 7643136
total_inactive_file 11132928
total_active_file 12472320
total_unevictable 0
--------------------BLKIO-----------------------
11:0 Read 0
11:0 Write 0
11:0 Sync 0
11:0 Async 0
11:0 Total 0
253:0 Read 23568384
253:0 Write 229376
253:0 Sync 0
253:0 Async 23797760
253:0 Total 23797760
Total 23797760
--------------------CPUAC-----------------------
user 48
system 111
 
Sat May 20 00:52:16 IST 2017
--------------------MEMCG-----------------------
MEM ONLY  : 29 MB
MEM+SWAP  : 29 MB
cache 23678976
rss 7614464
rss_huge 0
mapped_file 8744960
writeback 0
swap 0
pgpgin 78682
pgpgout 71042
pgfault 177667
pgmajfault 195
inactive_anon 45056
active_anon 7643136
inactive_file 11132928
active_file 12472320
unevictable 0
hierarchical_memory_limit 2147483648
hierarchical_memsw_limit 5368709120
total_cache 23678976
total_rss 7614464
total_rss_huge 0
total_mapped_file 8744960
total_writeback 0
total_swap 0
total_pgpgin 78682
total_pgpgout 71042
total_pgfault 177667
total_pgmajfault 195
total_inactive_anon 45056
total_active_anon 7643136
total_inactive_file 11132928
total_active_file 12472320
total_unevictable 0
--------------------BLKIO-----------------------
11:0 Read 0
11:0 Write 0
11:0 Sync 0
11:0 Async 0
11:0 Total 0
253:0 Read 23568384
253:0 Write 229376
253:0 Sync 0
253:0 Async 23797760
253:0 Total 23797760
Total 23797760
--------------------CPUAC-----------------------
user 48
system 112
 
Sat May 20 00:52:46 IST 2017
--------------------MEMCG-----------------------
MEM ONLY  : 29 MB
MEM+SWAP  : 29 MB
cache 23678976
rss 7614464
rss_huge 0
mapped_file 8744960
writeback 0
swap 0
pgpgin 78682
pgpgout 71042
pgfault 177667
pgmajfault 195
inactive_anon 45056
active_anon 7643136
inactive_file 11132928
active_file 12472320
unevictable 0
hierarchical_memory_limit 2147483648
hierarchical_memsw_limit 5368709120
total_cache 23678976
total_rss 7614464
total_rss_huge 0
total_mapped_file 8744960
total_writeback 0
total_swap 0
total_pgpgin 78682
total_pgpgout 71042
total_pgfault 177667
total_pgmajfault 195
total_inactive_anon 45056
total_active_anon 7643136
total_inactive_file 11132928
total_active_file 12472320
total_unevictable 0
--------------------BLKIO-----------------------
11:0 Read 0
11:0 Write 0
11:0 Sync 0
11:0 Async 0
11:0 Total 0
253:0 Read 23568384
253:0 Write 229376
253:0 Sync 0
253:0 Async 23797760
253:0 Total 23797760
Total 23797760
--------------------CPUAC-----------------------
user 48
system 114
 
Sat May 20 00:53:16 IST 2017
--------------------MEMCG-----------------------
MEM ONLY  : 29 MB
MEM+SWAP  : 29 MB
cache 23678976
rss 7614464
rss_huge 0
mapped_file 8744960
writeback 0
swap 0
pgpgin 78682
pgpgout 71042
pgfault 177667
pgmajfault 195
inactive_anon 45056
active_anon 7643136
inactive_file 11132928
active_file 12472320
unevictable 0
hierarchical_memory_limit 2147483648
hierarchical_memsw_limit 5368709120
total_cache 23678976
total_rss 7614464
total_rss_huge 0
total_mapped_file 8744960
total_writeback 0
total_swap 0
total_pgpgin 78682
total_pgpgout 71042
total_pgfault 177667
total_pgmajfault 195
total_inactive_anon 45056
total_active_anon 7643136
total_inactive_file 11132928
total_active_file 12472320
total_unevictable 0
--------------------BLKIO-----------------------
11:0 Read 0
11:0 Write 0
11:0 Sync 0
11:0 Async 0
11:0 Total 0
253:0 Read 23568384
253:0 Write 229376
253:0 Sync 0
253:0 Async 23797760
253:0 Total 23797760
Total 23797760
--------------------CPUAC-----------------------
user 49
system 115
 
Sat May 20 00:53:46 IST 2017
--------------------MEMCG-----------------------
MEM ONLY  : 29 MB
MEM+SWAP  : 29 MB
cache 23678976
rss 7614464
rss_huge 0
mapped_file 8744960
writeback 0
swap 0
pgpgin 78682
pgpgout 71042
pgfault 177667
pgmajfault 195
inactive_anon 45056
active_anon 7643136
inactive_file 11132928
active_file 12472320
unevictable 0
hierarchical_memory_limit 2147483648
hierarchical_memsw_limit 5368709120
total_cache 23678976
total_rss 7614464
total_rss_huge 0
total_mapped_file 8744960
total_writeback 0
total_swap 0
total_pgpgin 78682
total_pgpgout 71042
total_pgfault 177667
total_pgmajfault 195
total_inactive_anon 45056
total_active_anon 7643136
total_inactive_file 11132928
total_active_file 12472320
total_unevictable 0
--------------------BLKIO-----------------------
11:0 Read 0
11:0 Write 0
11:0 Sync 0
11:0 Async 0
11:0 Total 0
253:0 Read 23568384
253:0 Write 229376
253:0 Sync 0
253:0 Async 23797760
253:0 Total 23797760
Total 23797760
--------------------CPUAC-----------------------
user 50
system 116
 
Sat May 20 00:54:16 IST 2017
--------------------MEMCG-----------------------
MEM ONLY  : 29 MB
MEM+SWAP  : 29 MB
cache 23678976
rss 7614464
rss_huge 0
mapped_file 8744960
writeback 0
swap 0
pgpgin 78682
pgpgout 71042
pgfault 177667
pgmajfault 195
inactive_anon 45056
active_anon 7643136
inactive_file 11132928
active_file 12472320
unevictable 0
hierarchical_memory_limit 2147483648
hierarchical_memsw_limit 5368709120
total_cache 23678976
total_rss 7614464
total_rss_huge 0
total_mapped_file 8744960
total_writeback 0
total_swap 0
total_pgpgin 78682
total_pgpgout 71042
total_pgfault 177667
total_pgmajfault 195
total_inactive_anon 45056
total_active_anon 7643136
total_inactive_file 11132928
total_active_file 12472320
total_unevictable 0
--------------------BLKIO-----------------------
11:0 Read 0
11:0 Write 0
11:0 Sync 0
11:0 Async 0
11:0 Total 0
253:0 Read 23568384
253:0 Write 229376
253:0 Sync 0
253:0 Async 23797760
253:0 Total 23797760
Total 23797760
--------------------CPUAC-----------------------
user 50
system 117
 
Sat May 20 00:54:46 IST 2017
--------------------MEMCG-----------------------
MEM ONLY  : 29 MB
MEM+SWAP  : 29 MB
cache 23678976
rss 7614464
rss_huge 0
mapped_file 8744960
writeback 0
swap 0
pgpgin 78682
pgpgout 71042
pgfault 177667
pgmajfault 195
inactive_anon 45056
active_anon 7643136
inactive_file 11132928
active_file 12472320
unevictable 0
hierarchical_memory_limit 2147483648
hierarchical_memsw_limit 5368709120
total_cache 23678976
total_rss 7614464
total_rss_huge 0
total_mapped_file 8744960
total_writeback 0
total_swap 0
total_pgpgin 78682
total_pgpgout 71042
total_pgfault 177667
total_pgmajfault 195
total_inactive_anon 45056
total_active_anon 7643136
total_inactive_file 11132928
total_active_file 12472320
total_unevictable 0
--------------------BLKIO-----------------------
11:0 Read 0
11:0 Write 0
11:0 Sync 0
11:0 Async 0
11:0 Total 0
253:0 Read 23568384
253:0 Write 229376
253:0 Sync 0
253:0 Async 23797760
253:0 Total 23797760
Total 23797760
--------------------CPUAC-----------------------
user 50
system 118
 
Sat May 20 00:55:16 IST 2017
--------------------MEMCG-----------------------
MEM ONLY  : 29 MB
MEM+SWAP  : 29 MB
cache 23678976
rss 7614464
rss_huge 0
mapped_file 8744960
writeback 0
swap 0
pgpgin 78682
pgpgout 71042
pgfault 177667
pgmajfault 195
inactive_anon 45056
active_anon 7643136
inactive_file 11132928
active_file 12472320
unevictable 0
hierarchical_memory_limit 2147483648
hierarchical_memsw_limit 5368709120
total_cache 23678976
total_rss 7614464
total_rss_huge 0
total_mapped_file 8744960
total_writeback 0
total_swap 0
total_pgpgin 78682
total_pgpgout 71042
total_pgfault 177667
total_pgmajfault 195
total_inactive_anon 45056
total_active_anon 7643136
total_inactive_file 11132928
total_active_file 12472320
total_unevictable 0
--------------------BLKIO-----------------------
11:0 Read 0
11:0 Write 0
11:0 Sync 0
11:0 Async 0
11:0 Total 0
253:0 Read 23568384
253:0 Write 229376
253:0 Sync 0
253:0 Async 23797760
253:0 Total 23797760
Total 23797760
--------------------CPUAC-----------------------
user 50
system 120
 
Sat May 20 00:55:46 IST 2017
--------------------MEMCG-----------------------
MEM ONLY  : 91 MB
MEM+SWAP  : 91 MB
cache 23678976
rss 72364032
rss_huge 0
mapped_file 8769536
writeback 0
swap 0
pgpgin 94491
pgpgout 71042
pgfault 193566
pgmajfault 195
inactive_anon 45056
active_anon 72359936
inactive_file 11132928
active_file 12472320
unevictable 0
hierarchical_memory_limit 2147483648
hierarchical_memsw_limit 5368709120
total_cache 23678976
total_rss 72368128
total_rss_huge 0
total_mapped_file 8769536
total_writeback 0
total_swap 0
total_pgpgin 94491
total_pgpgout 71042
total_pgfault 193567
total_pgmajfault 195
total_inactive_anon 45056
total_active_anon 72359936
total_inactive_file 11132928
total_active_file 12472320
total_unevictable 0
--------------------BLKIO-----------------------
11:0 Read 0
11:0 Write 0
11:0 Sync 0
11:0 Async 0
11:0 Total 0
253:0 Read 23568384
253:0 Write 229376
253:0 Sync 0
253:0 Async 23797760
253:0 Total 23797760
Total 23797760
--------------------CPUAC-----------------------
user 71
system 142
 
Sat May 20 00:56:16 IST 2017
--------------------MEMCG-----------------------
MEM ONLY  : 1869 MB
MEM+SWAP  : 1869 MB
cache 23683072
rss 1936699392
rss_huge 0
mapped_file 8773632
writeback 0
swap 0
pgpgin 549651
pgpgout 71042
pgfault 650719
pgmajfault 196
inactive_anon 45056
active_anon 1936670720
inactive_file 11137024
active_file 12472320
unevictable 0
hierarchical_memory_limit 2147483648
hierarchical_memsw_limit 5368709120
total_cache 23683072
total_rss 1936699392
total_rss_huge 0
total_mapped_file 8773632
total_writeback 0
total_swap 0
total_pgpgin 549651
total_pgpgout 71042
total_pgfault 650719
total_pgmajfault 196
total_inactive_anon 45056
total_active_anon 1936670720
total_inactive_file 11137024
total_active_file 12472320
total_unevictable 0
--------------------BLKIO-----------------------
11:0 Read 0
11:0 Write 0
11:0 Sync 0
11:0 Async 0
11:0 Total 0
253:0 Read 23572480
253:0 Write 229376
253:0 Sync 0
253:0 Async 23801856
253:0 Total 23801856
Total 23801856
--------------------CPUAC-----------------------
user 688
system 780
 
Sat May 20 00:56:46 IST 2017
--------------------MEMCG-----------------------
MEM ONLY  : 2038 MB
MEM+SWAP  : 2038 MB
cache 23683072
rss 2114105344
rss_huge 0
mapped_file 8773632
writeback 0
swap 0
pgpgin 592963
pgpgout 71042
pgfault 694031
pgmajfault 196
inactive_anon 45056
active_anon 2114134016
inactive_file 11137024
active_file 12472320
unevictable 0
hierarchical_memory_limit 2147483648
hierarchical_memsw_limit 5368709120
total_cache 23683072
total_rss 2114105344
total_rss_huge 0
total_mapped_file 8773632
total_writeback 0
total_swap 0
total_pgpgin 592963
total_pgpgout 71042
total_pgfault 694031
total_pgmajfault 196
total_inactive_anon 45056
total_active_anon 2114134016
total_inactive_file 11137024
total_active_file 12472320
total_unevictable 0
--------------------BLKIO-----------------------
11:0 Read 0
11:0 Write 0
11:0 Sync 0
11:0 Async 0
11:0 Total 0
253:0 Read 23572480
253:0 Write 229376
253:0 Sync 0
253:0 Async 23801856
253:0 Total 23801856
Total 23801856
--------------------CPUAC-----------------------
user 739
system 836
 
Sat May 20 00:57:16 IST 2017
--------------------MEMCG-----------------------
MEM ONLY  : 2038 MB
MEM+SWAP  : 2038 MB
cache 23683072
rss 2114105344
rss_huge 0
mapped_file 8773632
writeback 0
swap 0
pgpgin 592963
pgpgout 71042
pgfault 694031
pgmajfault 196
inactive_anon 45056
active_anon 2114134016
inactive_file 11137024
active_file 12472320
unevictable 0
hierarchical_memory_limit 2147483648
hierarchical_memsw_limit 5368709120
total_cache 23683072
total_rss 2114105344
total_rss_huge 0
total_mapped_file 8773632
total_writeback 0
total_swap 0
total_pgpgin 592963
total_pgpgout 71042
total_pgfault 694031
total_pgmajfault 196
total_inactive_anon 45056
total_active_anon 2114134016
total_inactive_file 11137024
total_active_file 12472320
total_unevictable 0
--------------------BLKIO-----------------------
11:0 Read 0
11:0 Write 0
11:0 Sync 0
11:0 Async 0
11:0 Total 0
253:0 Read 23572480
253:0 Write 229376
253:0 Sync 0
253:0 Async 23801856
253:0 Total 23801856
Total 23801856
--------------------CPUAC-----------------------
user 739
system 836
 
Sat May 20 00:57:47 IST 2017
--------------------MEMCG-----------------------
MEM ONLY  : 2038 MB
MEM+SWAP  : 2038 MB
cache 23683072
rss 2114105344
rss_huge 0
mapped_file 8773632
writeback 0
swap 0
pgpgin 592963
pgpgout 71042
pgfault 694031
pgmajfault 196
inactive_anon 45056
active_anon 2114134016
inactive_file 11137024
active_file 12472320
unevictable 0
hierarchical_memory_limit 2147483648
hierarchical_memsw_limit 5368709120
total_cache 23683072
total_rss 2114105344
total_rss_huge 0
total_mapped_file 8773632
total_writeback 0
total_swap 0
total_pgpgin 592963
total_pgpgout 71042
total_pgfault 694031
total_pgmajfault 196
total_inactive_anon 45056
total_active_anon 2114134016
total_inactive_file 11137024
total_active_file 12472320
total_unevictable 0
--------------------BLKIO-----------------------
11:0 Read 0
11:0 Write 0
11:0 Sync 0
11:0 Async 0
11:0 Total 0
253:0 Read 23572480
253:0 Write 229376
253:0 Sync 0
253:0 Async 23801856
253:0 Total 23801856
Total 23801856
--------------------CPUAC-----------------------
user 740
system 837
 
Sat May 20 00:58:17 IST 2017
--------------------MEMCG-----------------------
MEM ONLY  : 2038 MB
MEM+SWAP  : 2038 MB
cache 23683072
rss 2114105344
rss_huge 0
mapped_file 8773632
writeback 0
swap 0
pgpgin 592963
pgpgout 71042
pgfault 694031
pgmajfault 196
inactive_anon 45056
active_anon 2114134016
inactive_file 11137024
active_file 12472320
unevictable 0
hierarchical_memory_limit 2147483648
hierarchical_memsw_limit 5368709120
total_cache 23683072
total_rss 2114105344
total_rss_huge 0
total_mapped_file 8773632
total_writeback 0
total_swap 0
total_pgpgin 592963
total_pgpgout 71042
total_pgfault 694031
total_pgmajfault 196
total_inactive_anon 45056
total_active_anon 2114134016
total_inactive_file 11137024
total_active_file 12472320
total_unevictable 0
--------------------BLKIO-----------------------
11:0 Read 0
11:0 Write 0
11:0 Sync 0
11:0 Async 0
11:0 Total 0
253:0 Read 23572480
253:0 Write 229376
253:0 Sync 0
253:0 Async 23801856
253:0 Total 23801856
Total 23801856
--------------------CPUAC-----------------------
user 740
system 838
 
Sat May 20 00:58:47 IST 2017
--------------------MEMCG-----------------------
MEM ONLY  : 2038 MB
MEM+SWAP  : 2038 MB
cache 23683072
rss 2114105344
rss_huge 0
mapped_file 8773632
writeback 0
swap 0
pgpgin 592963
pgpgout 71042
pgfault 694031
pgmajfault 196
inactive_anon 45056
active_anon 2114134016
inactive_file 11137024
active_file 12472320
unevictable 0
hierarchical_memory_limit 2147483648
hierarchical_memsw_limit 5368709120
total_cache 23683072
total_rss 2114105344
total_rss_huge 0
total_mapped_file 8773632
total_writeback 0
total_swap 0
total_pgpgin 592963
total_pgpgout 71042
total_pgfault 694031
total_pgmajfault 196
total_inactive_anon 45056
total_active_anon 2114134016
total_inactive_file 11137024
total_active_file 12472320
total_unevictable 0
--------------------BLKIO-----------------------
11:0 Read 0
11:0 Write 0
11:0 Sync 0
11:0 Async 0
11:0 Total 0
253:0 Read 23572480
253:0 Write 229376
253:0 Sync 0
253:0 Async 23801856
253:0 Total 23801856
Total 23801856
--------------------CPUAC-----------------------
user 740
system 840
 
Sat May 20 00:59:17 IST 2017
--------------------MEMCG-----------------------
MEM ONLY  : 2038 MB
MEM+SWAP  : 2038 MB
cache 23683072
rss 2114105344
rss_huge 0
mapped_file 8773632
writeback 0
swap 0
pgpgin 592963
pgpgout 71042
pgfault 694031
pgmajfault 196
inactive_anon 45056
active_anon 2114134016
inactive_file 11137024
active_file 12472320
unevictable 0
hierarchical_memory_limit 2147483648
hierarchical_memsw_limit 5368709120
total_cache 23683072
total_rss 2114105344
total_rss_huge 0
total_mapped_file 8773632
total_writeback 0
total_swap 0
total_pgpgin 592963
total_pgpgout 71042
total_pgfault 694031
total_pgmajfault 196
total_inactive_anon 45056
total_active_anon 2114134016
total_inactive_file 11137024
total_active_file 12472320
total_unevictable 0
--------------------BLKIO-----------------------
11:0 Read 0
11:0 Write 0
11:0 Sync 0
11:0 Async 0
11:0 Total 0
253:0 Read 23572480
253:0 Write 229376
253:0 Sync 0
253:0 Async 23801856
253:0 Total 23801856
Total 23801856
--------------------CPUAC-----------------------
user 740
system 841
 
Sat May 20 00:59:47 IST 2017
--------------------MEMCG-----------------------
MEM ONLY  : 2038 MB
MEM+SWAP  : 2038 MB
cache 23683072
rss 2114105344
rss_huge 0
mapped_file 8773632
writeback 0
swap 0
pgpgin 592963
pgpgout 71042
pgfault 694031
pgmajfault 196
inactive_anon 45056
active_anon 2114134016
inactive_file 11137024
active_file 12472320
unevictable 0
hierarchical_memory_limit 2147483648
hierarchical_memsw_limit 5368709120
total_cache 23683072
total_rss 2114105344
total_rss_huge 0
total_mapped_file 8773632
total_writeback 0
total_swap 0
total_pgpgin 592963
total_pgpgout 71042
total_pgfault 694031
total_pgmajfault 196
total_inactive_anon 45056
total_active_anon 2114134016
total_inactive_file 11137024
total_active_file 12472320
total_unevictable 0
--------------------BLKIO-----------------------
11:0 Read 0
11:0 Write 0
11:0 Sync 0
11:0 Async 0
11:0 Total 0
253:0 Read 23572480
253:0 Write 229376
253:0 Sync 0
253:0 Async 23801856
253:0 Total 23801856
Total 23801856
--------------------CPUAC-----------------------
user 740
system 842
 
Sat May 20 01:00:17 IST 2017
--------------------MEMCG-----------------------
MEM ONLY  : 2038 MB
MEM+SWAP  : 2038 MB
cache 23683072
rss 2114105344
rss_huge 0
mapped_file 8773632
writeback 0
swap 0
pgpgin 592963
pgpgout 71042
pgfault 694031
pgmajfault 196
inactive_anon 45056
active_anon 2114134016
inactive_file 11137024
active_file 12472320
unevictable 0
hierarchical_memory_limit 2147483648
hierarchical_memsw_limit 5368709120
total_cache 23683072
total_rss 2114105344
total_rss_huge 0
total_mapped_file 8773632
total_writeback 0
total_swap 0
total_pgpgin 592963
total_pgpgout 71042
total_pgfault 694031
total_pgmajfault 196
total_inactive_anon 45056
total_active_anon 2114134016
total_inactive_file 11137024
total_active_file 12472320
total_unevictable 0
--------------------BLKIO-----------------------
11:0 Read 0
11:0 Write 0
11:0 Sync 0
11:0 Async 0
11:0 Total 0
253:0 Read 23572480
253:0 Write 229376
253:0 Sync 0
253:0 Async 23801856
253:0 Total 23801856
Total 23801856
--------------------CPUAC-----------------------
user 740
system 842
 
Sat May 20 01:00:47 IST 2017
--------------------MEMCG-----------------------
MEM ONLY  : 2038 MB
MEM+SWAP  : 2038 MB
cache 23683072
rss 2114105344
rss_huge 0
mapped_file 8773632
writeback 0
swap 0
pgpgin 592963
pgpgout 71042
pgfault 694031
pgmajfault 196
inactive_anon 45056
active_anon 2114134016
inactive_file 11137024
active_file 12472320
unevictable 0
hierarchical_memory_limit 2147483648
hierarchical_memsw_limit 5368709120
total_cache 23683072
total_rss 2114105344
total_rss_huge 0
total_mapped_file 8773632
total_writeback 0
total_swap 0
total_pgpgin 592963
total_pgpgout 71042
total_pgfault 694031
total_pgmajfault 196
total_inactive_anon 45056
total_active_anon 2114134016
total_inactive_file 11137024
total_active_file 12472320
total_unevictable 0
--------------------BLKIO-----------------------
11:0 Read 0
11:0 Write 0
11:0 Sync 0
11:0 Async 0
11:0 Total 0
253:0 Read 23572480
253:0 Write 229376
253:0 Sync 0
253:0 Async 23801856
253:0 Total 23801856
Total 23801856
--------------------CPUAC-----------------------
user 740
system 843
 
Sat May 20 01:01:17 IST 2017
--------------------MEMCG-----------------------
MEM ONLY  : 2038 MB
MEM+SWAP  : 2038 MB
cache 23683072
rss 2114105344
rss_huge 0
mapped_file 8773632
writeback 0
swap 0
pgpgin 592963
pgpgout 71042
pgfault 694031
pgmajfault 196
inactive_anon 45056
active_anon 2114134016
inactive_file 11137024
active_file 12472320
unevictable 0
hierarchical_memory_limit 2147483648
hierarchical_memsw_limit 5368709120
total_cache 23683072
total_rss 2114105344
total_rss_huge 0
total_mapped_file 8773632
total_writeback 0
total_swap 0
total_pgpgin 592963
total_pgpgout 71042
total_pgfault 694031
total_pgmajfault 196
total_inactive_anon 45056
total_active_anon 2114134016
total_inactive_file 11137024
total_active_file 12472320
total_unevictable 0
--------------------BLKIO-----------------------
11:0 Read 0
11:0 Write 0
11:0 Sync 0
11:0 Async 0
11:0 Total 0
253:0 Read 23572480
253:0 Write 229376
253:0 Sync 0
253:0 Async 23801856
253:0 Total 23801856
Total 23801856
--------------------CPUAC-----------------------
user 740
system 844
 
Sat May 20 01:01:47 IST 2017
--------------------MEMCG-----------------------
MEM ONLY  : 2038 MB
MEM+SWAP  : 2038 MB
cache 23683072
rss 2114105344
rss_huge 0
mapped_file 8773632
writeback 0
swap 0
pgpgin 592963
pgpgout 71042
pgfault 694031
pgmajfault 196
inactive_anon 45056
active_anon 2114134016
inactive_file 11137024
active_file 12472320
unevictable 0
hierarchical_memory_limit 2147483648
hierarchical_memsw_limit 5368709120
total_cache 23683072
total_rss 2114105344
total_rss_huge 0
total_mapped_file 8773632
total_writeback 0
total_swap 0
total_pgpgin 592963
total_pgpgout 71042
total_pgfault 694031
total_pgmajfault 196
total_inactive_anon 45056
total_active_anon 2114134016
total_inactive_file 11137024
total_active_file 12472320
total_unevictable 0
--------------------BLKIO-----------------------
11:0 Read 0
11:0 Write 0
11:0 Sync 0
11:0 Async 0
11:0 Total 0
253:0 Read 23572480
253:0 Write 229376
253:0 Sync 0
253:0 Async 23801856
253:0 Total 23801856
Total 23801856
--------------------CPUAC-----------------------
user 740
system 844
 
Sat May 20 01:02:17 IST 2017
--------------------MEMCG-----------------------
MEM ONLY  : 2038 MB
MEM+SWAP  : 2038 MB
cache 23683072
rss 2114105344
rss_huge 0
mapped_file 8773632
writeback 0
swap 0
pgpgin 592963
pgpgout 71042
pgfault 694031
pgmajfault 196
inactive_anon 45056
active_anon 2114134016
inactive_file 11137024
active_file 12472320
unevictable 0
hierarchical_memory_limit 2147483648
hierarchical_memsw_limit 5368709120
total_cache 23683072
total_rss 2114105344
total_rss_huge 0
total_mapped_file 8773632
total_writeback 0
total_swap 0
total_pgpgin 592963
total_pgpgout 71042
total_pgfault 694031
total_pgmajfault 196
total_inactive_anon 45056
total_active_anon 2114134016
total_inactive_file 11137024
total_active_file 12472320
total_unevictable 0
--------------------BLKIO-----------------------
11:0 Read 0
11:0 Write 0
11:0 Sync 0
11:0 Async 0
11:0 Total 0
253:0 Read 23572480
253:0 Write 229376
253:0 Sync 0
253:0 Async 23801856
253:0 Total 23801856
Total 23801856
--------------------CPUAC-----------------------
user 740
system 845
 
Sat May 20 01:02:47 IST 2017
--------------------MEMCG-----------------------
MEM ONLY  : 2038 MB
MEM+SWAP  : 2038 MB
cache 23683072
rss 2114105344
rss_huge 0
mapped_file 8773632
writeback 0
swap 0
pgpgin 592963
pgpgout 71042
pgfault 694031
pgmajfault 196
inactive_anon 45056
active_anon 2114134016
inactive_file 11137024
active_file 12472320
unevictable 0
hierarchical_memory_limit 2147483648
hierarchical_memsw_limit 5368709120
total_cache 23683072
total_rss 2114105344
total_rss_huge 0
total_mapped_file 8773632
total_writeback 0
total_swap 0
total_pgpgin 592963
total_pgpgout 71042
total_pgfault 694031
total_pgmajfault 196
total_inactive_anon 45056
total_active_anon 2114134016
total_inactive_file 11137024
total_active_file 12472320
total_unevictable 0
--------------------BLKIO-----------------------
11:0 Read 0
11:0 Write 0
11:0 Sync 0
11:0 Async 0
11:0 Total 0
253:0 Read 23572480
253:0 Write 229376
253:0 Sync 0
253:0 Async 23801856
253:0 Total 23801856
Total 23801856
--------------------CPUAC-----------------------
user 740
system 845
 
Sat May 20 01:03:17 IST 2017
--------------------MEMCG-----------------------
MEM ONLY  : 2038 MB
MEM+SWAP  : 2038 MB
cache 23683072
rss 2114109440
rss_huge 0
mapped_file 8896512
writeback 0
swap 0
pgpgin 593577
pgpgout 71655
pgfault 695576
pgmajfault 196
inactive_anon 45056
active_anon 2114138112
inactive_file 11137024
active_file 12472320
unevictable 0
hierarchical_memory_limit 2147483648
hierarchical_memsw_limit 5368709120
total_cache 23683072
total_rss 2114109440
total_rss_huge 0
total_mapped_file 8896512
total_writeback 0
total_swap 0
total_pgpgin 593577
total_pgpgout 71655
total_pgfault 695576
total_pgmajfault 196
total_inactive_anon 45056
total_active_anon 2114138112
total_inactive_file 11137024
total_active_file 12472320
total_unevictable 0
--------------------BLKIO-----------------------
11:0 Read 0
11:0 Write 0
11:0 Sync 0
11:0 Async 0
11:0 Total 0
253:0 Read 23572480
253:0 Write 229376
253:0 Sync 0
253:0 Async 23801856
253:0 Total 23801856
Total 23801856
--------------------CPUAC-----------------------
user 742
system 846
 
Sat May 20 01:03:47 IST 2017
--------------------MEMCG-----------------------
MEM ONLY  : 2038 MB
MEM+SWAP  : 2038 MB
cache 23683072
rss 2114109440
rss_huge 0
mapped_file 8896512
writeback 0
swap 0
pgpgin 593577
pgpgout 71655
pgfault 695576
pgmajfault 196
inactive_anon 45056
active_anon 2114138112
inactive_file 11137024
active_file 12472320
unevictable 0
hierarchical_memory_limit 2147483648
hierarchical_memsw_limit 5368709120
total_cache 23683072
total_rss 2114109440
total_rss_huge 0
total_mapped_file 8896512
total_writeback 0
total_swap 0
total_pgpgin 593577
total_pgpgout 71655
total_pgfault 695576
total_pgmajfault 196
total_inactive_anon 45056
total_active_anon 2114138112
total_inactive_file 11137024
total_active_file 12472320
total_unevictable 0
--------------------BLKIO-----------------------
11:0 Read 0
11:0 Write 0
11:0 Sync 0
11:0 Async 0
11:0 Total 0
253:0 Read 23572480
253:0 Write 229376
253:0 Sync 0
253:0 Async 23801856
253:0 Total 23801856
Total 23801856
--------------------CPUAC-----------------------
user 742
system 847
 
Sat May 20 01:04:17 IST 2017
--------------------MEMCG-----------------------
MEM ONLY  : 2038 MB
MEM+SWAP  : 2038 MB
cache 23683072
rss 2114109440
rss_huge 0
mapped_file 8896512
writeback 0
swap 0
pgpgin 593577
pgpgout 71655
pgfault 695576
pgmajfault 196
inactive_anon 45056
active_anon 2114138112
inactive_file 11137024
active_file 12472320
unevictable 0
hierarchical_memory_limit 2147483648
hierarchical_memsw_limit 5368709120
total_cache 23683072
total_rss 2114109440
total_rss_huge 0
total_mapped_file 8896512
total_writeback 0
total_swap 0
total_pgpgin 593577
total_pgpgout 71655
total_pgfault 695576
total_pgmajfault 196
total_inactive_anon 45056
total_active_anon 2114138112
total_inactive_file 11137024
total_active_file 12472320
total_unevictable 0
--------------------BLKIO-----------------------
11:0 Read 0
11:0 Write 0
11:0 Sync 0
11:0 Async 0
11:0 Total 0
253:0 Read 23572480
253:0 Write 229376
253:0 Sync 0
253:0 Async 23801856
253:0 Total 23801856
Total 23801856
--------------------CPUAC-----------------------
user 742
system 848
 
