Wed May 17 11:46:12 IST 2017
--------------------MEMCG-----------------------
MEM ONLY  : 1535 MB
MEM+SWAP  : 1535 MB
cache 1517506560
rss 92860416
rss_huge 0
mapped_file 45453312
writeback 0
swap 0
pgpgin 5447945
pgpgout 5054789
pgfault 1426843
pgmajfault 755
inactive_anon 46604288
active_anon 46329856
inactive_file 738275328
active_file 779157504
unevictable 0
hierarchical_memory_limit 1610612736
hierarchical_memsw_limit 5368709120
total_cache 1517506560
total_rss 92860416
total_rss_huge 0
total_mapped_file 45453312
total_writeback 0
total_swap 0
total_pgpgin 5447945
total_pgpgout 5054789
total_pgfault 1426843
total_pgmajfault 755
total_inactive_anon 46604288
total_active_anon 46329856
total_inactive_file 738275328
total_active_file 779157504
total_unevictable 0
--------------------BLKIO-----------------------
11:0 Read 0
11:0 Write 0
11:0 Sync 0
11:0 Async 0
11:0 Total 0
253:0 Read 9744031744
253:0 Write 299008
253:0 Sync 61440
253:0 Async 9744269312
253:0 Total 9744330752
Total 9744330752
--------------------CPUAC-----------------------
user 732
system 4257
 
Wed May 17 11:46:42 IST 2017
--------------------MEMCG-----------------------
MEM ONLY  : 1535 MB
MEM+SWAP  : 1535 MB
cache 1517707264
rss 92860416
rss_huge 0
mapped_file 45453312
writeback 0
swap 0
pgpgin 5628152
pgpgout 5234947
pgfault 1467798
pgmajfault 755
inactive_anon 46604288
active_anon 46329856
inactive_file 758763520
active_file 758837248
unevictable 0
hierarchical_memory_limit 1610612736
hierarchical_memsw_limit 5368709120
total_cache 1517707264
total_rss 92860416
total_rss_huge 0
total_mapped_file 45453312
total_writeback 0
total_swap 0
total_pgpgin 5628152
total_pgpgout 5234947
total_pgfault 1467798
total_pgmajfault 755
total_inactive_anon 46604288
total_active_anon 46329856
total_inactive_file 758763520
total_active_file 758837248
total_unevictable 0
--------------------BLKIO-----------------------
11:0 Read 0
11:0 Write 0
11:0 Sync 0
11:0 Async 0
11:0 Total 0
253:0 Read 10059112448
253:0 Write 299008
253:0 Sync 61440
253:0 Async 10059350016
253:0 Total 10059411456
Total 10059411456
--------------------CPUAC-----------------------
user 750
system 4418
 
Wed May 17 11:47:12 IST 2017
--------------------MEMCG-----------------------
MEM ONLY  : 1535 MB
MEM+SWAP  : 1535 MB
cache 1517662208
rss 92860416
rss_huge 0
mapped_file 11653120
writeback 0
swap 0
pgpgin 5857780
pgpgout 5464586
pgfault 1516896
pgmajfault 755
inactive_anon 46604288
active_anon 46329856
inactive_file 758845440
active_file 758743040
unevictable 0
hierarchical_memory_limit 1610612736
hierarchical_memsw_limit 5368709120
total_cache 1517662208
total_rss 92860416
total_rss_huge 0
total_mapped_file 11653120
total_writeback 0
total_swap 0
total_pgpgin 5857780
total_pgpgout 5464586
total_pgfault 1516896
total_pgmajfault 755
total_inactive_anon 46604288
total_active_anon 46329856
total_inactive_file 758845440
total_active_file 758743040
total_unevictable 0
--------------------BLKIO-----------------------
11:0 Read 0
11:0 Write 0
11:0 Sync 0
11:0 Async 0
11:0 Total 0
253:0 Read 10475585536
253:0 Write 299008
253:0 Sync 61440
253:0 Async 10475823104
253:0 Total 10475884544
Total 10475884544
--------------------CPUAC-----------------------
user 778
system 4610
 
Wed May 17 11:47:42 IST 2017
--------------------MEMCG-----------------------
MEM ONLY  : 1535 MB
MEM+SWAP  : 1535 MB
cache 1517592576
rss 92860416
rss_huge 0
mapped_file 11653120
writeback 0
swap 0
pgpgin 6051520
pgpgout 5658343
pgfault 1557894
pgmajfault 755
inactive_anon 46604288
active_anon 46329856
inactive_file 758956032
active_file 758530048
unevictable 0
hierarchical_memory_limit 1610612736
hierarchical_memsw_limit 5368709120
total_cache 1517592576
total_rss 92860416
total_rss_huge 0
total_mapped_file 11653120
total_writeback 0
total_swap 0
total_pgpgin 6051520
total_pgpgout 5658343
total_pgfault 1557894
total_pgmajfault 755
total_inactive_anon 46604288
total_active_anon 46329856
total_inactive_file 758956032
total_active_file 758530048
total_unevictable 0
--------------------BLKIO-----------------------
11:0 Read 0
11:0 Write 0
11:0 Sync 0
11:0 Async 0
11:0 Total 0
253:0 Read 10819792896
253:0 Write 299008
253:0 Sync 61440
253:0 Async 10820030464
253:0 Total 10820091904
Total 10820091904
--------------------CPUAC-----------------------
user 802
system 4770
 
Wed May 17 11:48:12 IST 2017
--------------------MEMCG-----------------------
MEM ONLY  : 1535 MB
MEM+SWAP  : 1535 MB
cache 1517719552
rss 92860416
rss_huge 0
mapped_file 11563008
writeback 0
swap 0
pgpgin 6227802
pgpgout 5834594
pgfault 1596046
pgmajfault 755
inactive_anon 46604288
active_anon 46329856
inactive_file 758149120
active_file 759496704
unevictable 0
hierarchical_memory_limit 1610612736
hierarchical_memsw_limit 5368709120
total_cache 1517719552
total_rss 92860416
total_rss_huge 0
total_mapped_file 11563008
total_writeback 0
total_swap 0
total_pgpgin 6227802
total_pgpgout 5834594
total_pgfault 1596046
total_pgmajfault 755
total_inactive_anon 46604288
total_active_anon 46329856
total_inactive_file 758149120
total_active_file 759496704
total_unevictable 0
--------------------BLKIO-----------------------
11:0 Read 0
11:0 Write 0
11:0 Sync 0
11:0 Async 0
11:0 Total 0
253:0 Read 11137097728
253:0 Write 299008
253:0 Sync 61440
253:0 Async 11137335296
253:0 Total 11137396736
Total 11137396736
--------------------CPUAC-----------------------
user 822
system 4914
 
Wed May 17 11:48:42 IST 2017
--------------------MEMCG-----------------------
MEM ONLY  : 1535 MB
MEM+SWAP  : 1535 MB
cache 1517748224
rss 92860416
rss_huge 0
mapped_file 8007680
writeback 0
swap 0
pgpgin 6422487
pgpgout 6029272
pgfault 1639080
pgmajfault 755
inactive_anon 46604288
active_anon 46329856
inactive_file 758743040
active_file 758931456
unevictable 0
hierarchical_memory_limit 1610612736
hierarchical_memsw_limit 5368709120
total_cache 1517748224
total_rss 92860416
total_rss_huge 0
total_mapped_file 8007680
total_writeback 0
total_swap 0
total_pgpgin 6422487
total_pgpgout 6029272
total_pgfault 1639080
total_pgmajfault 755
total_inactive_anon 46604288
total_active_anon 46329856
total_inactive_file 758743040
total_active_file 758931456
total_unevictable 0
--------------------BLKIO-----------------------
11:0 Read 0
11:0 Write 0
11:0 Sync 0
11:0 Async 0
11:0 Total 0
253:0 Read 11488260096
253:0 Write 299008
253:0 Sync 61440
253:0 Async 11488497664
253:0 Total 11488559104
Total 11488559104
--------------------CPUAC-----------------------
user 843
system 5084
 
Wed May 17 11:49:12 IST 2017
--------------------MEMCG-----------------------
MEM ONLY  : 1535 MB
MEM+SWAP  : 1535 MB
cache 1517662208
rss 92860416
rss_huge 0
mapped_file 3403776
writeback 0
swap 0
pgpgin 6616046
pgpgout 6222852
pgfault 1681252
pgmajfault 755
inactive_anon 46604288
active_anon 46329856
inactive_file 758935552
active_file 758644736
unevictable 0
hierarchical_memory_limit 1610612736
hierarchical_memsw_limit 5368709120
total_cache 1517662208
total_rss 92860416
total_rss_huge 0
total_mapped_file 3403776
total_writeback 0
total_swap 0
total_pgpgin 6616046
total_pgpgout 6222852
total_pgfault 1681252
total_pgmajfault 755
total_inactive_anon 46604288
total_active_anon 46329856
total_inactive_file 758935552
total_active_file 758644736
total_unevictable 0
--------------------BLKIO-----------------------
11:0 Read 0
11:0 Write 0
11:0 Sync 0
11:0 Async 0
11:0 Total 0
253:0 Read 11833511936
253:0 Write 299008
253:0 Sync 61440
253:0 Async 11833749504
253:0 Total 11833810944
Total 11833810944
--------------------CPUAC-----------------------
user 862
system 5236
 
Wed May 17 11:49:42 IST 2017
--------------------MEMCG-----------------------
MEM ONLY  : 1535 MB
MEM+SWAP  : 1535 MB
cache 1517703168
rss 92860416
rss_huge 0
mapped_file 3403776
writeback 0
swap 0
pgpgin 6826220
pgpgout 6433016
pgfault 1726084
pgmajfault 755
inactive_anon 46604288
active_anon 46329856
inactive_file 759164928
active_file 758464512
unevictable 0
hierarchical_memory_limit 1610612736
hierarchical_memsw_limit 5368709120
total_cache 1517703168
total_rss 92860416
total_rss_huge 0
total_mapped_file 3403776
total_writeback 0
total_swap 0
total_pgpgin 6826220
total_pgpgout 6433016
total_pgfault 1726084
total_pgmajfault 755
total_inactive_anon 46604288
total_active_anon 46329856
total_inactive_file 759164928
total_active_file 758464512
total_unevictable 0
--------------------BLKIO-----------------------
11:0 Read 0
11:0 Write 0
11:0 Sync 0
11:0 Async 0
11:0 Total 0
253:0 Read 12212281344
253:0 Write 299008
253:0 Sync 61440
253:0 Async 12212518912
253:0 Total 12212580352
Total 12212580352
--------------------CPUAC-----------------------
user 880
system 5404
 
Wed May 17 11:50:12 IST 2017
--------------------MEMCG-----------------------
MEM ONLY  : 1535 MB
MEM+SWAP  : 1535 MB
cache 1517727744
rss 92860416
rss_huge 0
mapped_file 3403776
writeback 0
swap 0
pgpgin 7015605
pgpgout 6622395
pgfault 1768189
pgmajfault 755
inactive_anon 46604288
active_anon 46329856
inactive_file 758456320
active_file 759197696
unevictable 0
hierarchical_memory_limit 1610612736
hierarchical_memsw_limit 5368709120
total_cache 1517727744
total_rss 92860416
total_rss_huge 0
total_mapped_file 3403776
total_writeback 0
total_swap 0
total_pgpgin 7015605
total_pgpgout 6622395
total_pgfault 1768189
total_pgmajfault 755
total_inactive_anon 46604288
total_active_anon 46329856
total_inactive_file 758456320
total_active_file 759197696
total_unevictable 0
--------------------BLKIO-----------------------
11:0 Read 0
11:0 Write 0
11:0 Sync 0
11:0 Async 0
11:0 Total 0
253:0 Read 12550807552
253:0 Write 299008
253:0 Sync 61440
253:0 Async 12551045120
253:0 Total 12551106560
Total 12551106560
--------------------CPUAC-----------------------
user 903
system 5578
 
Wed May 17 11:50:42 IST 2017
--------------------MEMCG-----------------------
MEM ONLY  : 1535 MB
MEM+SWAP  : 1535 MB
cache 1517490176
rss 92860416
rss_huge 0
mapped_file 5451776
writeback 0
swap 0
pgpgin 7236662
pgpgout 6843510
pgfault 1817065
pgmajfault 808
inactive_anon 47108096
active_anon 45826048
inactive_file 758411264
active_file 759005184
unevictable 0
hierarchical_memory_limit 1610612736
hierarchical_memsw_limit 5368709120
total_cache 1517490176
total_rss 92860416
total_rss_huge 0
total_mapped_file 5451776
total_writeback 0
total_swap 0
total_pgpgin 7236662
total_pgpgout 6843510
total_pgfault 1817065
total_pgmajfault 808
total_inactive_anon 47108096
total_active_anon 45826048
total_inactive_file 758411264
total_active_file 759005184
total_unevictable 0
--------------------BLKIO-----------------------
11:0 Read 0
11:0 Write 0
11:0 Sync 0
11:0 Async 0
11:0 Total 0
253:0 Read 12940443648
253:0 Write 299008
253:0 Sync 61440
253:0 Async 12940681216
253:0 Total 12940742656
Total 12940742656
--------------------CPUAC-----------------------
user 929
system 5764
 
Wed May 17 11:51:12 IST 2017
--------------------MEMCG-----------------------
MEM ONLY  : 1535 MB
MEM+SWAP  : 1535 MB
cache 1517596672
rss 92860416
rss_huge 0
mapped_file 5451776
writeback 0
swap 0
pgpgin 7384862
pgpgout 6991684
pgfault 1850429
pgmajfault 808
inactive_anon 47108096
active_anon 45826048
inactive_file 758444032
active_file 758947840
unevictable 0
hierarchical_memory_limit 1610612736
hierarchical_memsw_limit 5368709120
total_cache 1517596672
total_rss 92864512
total_rss_huge 0
total_mapped_file 5451776
total_writeback 0
total_swap 0
total_pgpgin 7384863
total_pgpgout 6991684
total_pgfault 1850430
total_pgmajfault 808
total_inactive_anon 47108096
total_active_anon 45826048
total_inactive_file 758444032
total_active_file 758947840
total_unevictable 0
--------------------BLKIO-----------------------
11:0 Read 0
11:0 Write 0
11:0 Sync 0
11:0 Async 0
11:0 Total 0
253:0 Read 13205053440
253:0 Write 299008
253:0 Sync 61440
253:0 Async 13205291008
253:0 Total 13205352448
Total 13205352448
--------------------CPUAC-----------------------
user 946
system 5878
 
Wed May 17 11:51:42 IST 2017
--------------------MEMCG-----------------------
MEM ONLY  : 1535 MB
MEM+SWAP  : 1535 MB
cache 1517617152
rss 92860416
rss_huge 0
mapped_file 5451776
writeback 0
swap 0
pgpgin 7544922
pgpgout 7151739
pgfault 1887026
pgmajfault 808
inactive_anon 47108096
active_anon 45826048
inactive_file 758771712
active_file 758771712
unevictable 0
hierarchical_memory_limit 1610612736
hierarchical_memsw_limit 5368709120
total_cache 1517617152
total_rss 92860416
total_rss_huge 0
total_mapped_file 5451776
total_writeback 0
total_swap 0
total_pgpgin 7544923
total_pgpgout 7151739
total_pgfault 1887027
total_pgmajfault 808
total_inactive_anon 47108096
total_active_anon 45826048
total_inactive_file 758771712
total_active_file 758771712
total_unevictable 0
--------------------BLKIO-----------------------
11:0 Read 0
11:0 Write 0
11:0 Sync 0
11:0 Async 0
11:0 Total 0
253:0 Read 13487603712
253:0 Write 299008
253:0 Sync 61440
253:0 Async 13487841280
253:0 Total 13487902720
Total 13487902720
--------------------CPUAC-----------------------
user 961
system 6010
 
Wed May 17 11:52:12 IST 2017
--------------------MEMCG-----------------------
MEM ONLY  : 1535 MB
MEM+SWAP  : 1535 MB
cache 1517719552
rss 92860416
rss_huge 0
mapped_file 5451776
writeback 5873664
swap 0
pgpgin 7743125
pgpgout 7349917
pgfault 1930542
pgmajfault 808
inactive_anon 47108096
active_anon 45826048
inactive_file 758779904
active_file 758865920
unevictable 0
hierarchical_memory_limit 1610612736
hierarchical_memsw_limit 5368709120
total_cache 1517719552
total_rss 92860416
total_rss_huge 0
total_mapped_file 5451776
total_writeback 5873664
total_swap 0
total_pgpgin 7743125
total_pgpgout 7349917
total_pgfault 1930542
total_pgmajfault 808
total_inactive_anon 47108096
total_active_anon 45826048
total_inactive_file 758779904
total_active_file 758865920
total_unevictable 0
--------------------BLKIO-----------------------
11:0 Read 0
11:0 Write 0
11:0 Sync 0
11:0 Async 0
11:0 Total 0
253:0 Read 13837090816
253:0 Write 299008
253:0 Sync 61440
253:0 Async 13837328384
253:0 Total 13837389824
Total 13837389824
--------------------CPUAC-----------------------
user 987
system 6164
 
Wed May 17 11:52:42 IST 2017
--------------------MEMCG-----------------------
MEM ONLY  : 1535 MB
MEM+SWAP  : 1535 MB
cache 1517682688
rss 92860416
rss_huge 0
mapped_file 5451776
writeback 724992
swap 0
pgpgin 7885933
pgpgout 7492734
pgfault 1962239
pgmajfault 808
inactive_anon 47108096
active_anon 45826048
inactive_file 758501376
active_file 759107584
unevictable 0
hierarchical_memory_limit 1610612736
hierarchical_memsw_limit 5368709120
total_cache 1517682688
total_rss 92860416
total_rss_huge 0
total_mapped_file 5451776
total_writeback 724992
total_swap 0
total_pgpgin 7885933
total_pgpgout 7492734
total_pgfault 1962239
total_pgmajfault 808
total_inactive_anon 47108096
total_active_anon 45826048
total_inactive_file 758501376
total_active_file 759107584
total_unevictable 0
--------------------BLKIO-----------------------
11:0 Read 0
11:0 Write 0
11:0 Sync 0
11:0 Async 0
11:0 Total 0
253:0 Read 14093766656
253:0 Write 299008
253:0 Sync 61440
253:0 Async 14094004224
253:0 Total 14094065664
Total 14094065664
--------------------CPUAC-----------------------
user 1001
system 6294
 
Wed May 17 11:53:12 IST 2017
--------------------MEMCG-----------------------
MEM ONLY  : 1535 MB
MEM+SWAP  : 1535 MB
cache 1517613056
rss 92860416
rss_huge 0
mapped_file 4190208
writeback 1052672
swap 0
pgpgin 8079188
pgpgout 7686006
pgfault 2005046
pgmajfault 808
inactive_anon 47108096
active_anon 45826048
inactive_file 758784000
active_file 758755328
unevictable 0
hierarchical_memory_limit 1610612736
hierarchical_memsw_limit 5368709120
total_cache 1517613056
total_rss 92860416
total_rss_huge 0
total_mapped_file 4190208
total_writeback 1052672
total_swap 0
total_pgpgin 8079188
total_pgpgout 7686006
total_pgfault 2005046
total_pgmajfault 808
total_inactive_anon 47108096
total_active_anon 45826048
total_inactive_file 758784000
total_active_file 758755328
total_unevictable 0
--------------------BLKIO-----------------------
11:0 Read 0
11:0 Write 0
11:0 Sync 0
11:0 Async 0
11:0 Total 0
253:0 Read 14432198656
253:0 Write 299008
253:0 Sync 61440
253:0 Async 14432436224
253:0 Total 14432497664
Total 14432497664
--------------------CPUAC-----------------------
user 1024
system 6452
 
Wed May 17 11:53:43 IST 2017
--------------------MEMCG-----------------------
MEM ONLY  : 1535 MB
MEM+SWAP  : 1535 MB
cache 1517649920
rss 92860416
rss_huge 0
mapped_file 3940352
writeback 0
swap 0
pgpgin 8248016
pgpgout 7854825
pgfault 2042661
pgmajfault 808
inactive_anon 47108096
active_anon 45826048
inactive_file 758820864
active_file 758755328
unevictable 0
hierarchical_memory_limit 1610612736
hierarchical_memsw_limit 5368709120
total_cache 1517649920
total_rss 92860416
total_rss_huge 0
total_mapped_file 3940352
total_writeback 0
total_swap 0
total_pgpgin 8248016
total_pgpgout 7854825
total_pgfault 2042661
total_pgmajfault 808
total_inactive_anon 47108096
total_active_anon 45826048
total_inactive_file 758820864
total_active_file 758755328
total_unevictable 0
--------------------BLKIO-----------------------
11:0 Read 0
11:0 Write 0
11:0 Sync 0
11:0 Async 0
11:0 Total 0
253:0 Read 14729490432
253:0 Write 299008
253:0 Sync 61440
253:0 Async 14729728000
253:0 Total 14729789440
Total 14729789440
--------------------CPUAC-----------------------
user 1042
system 6590
 
Wed May 17 11:54:13 IST 2017
--------------------MEMCG-----------------------
MEM ONLY  : 1535 MB
MEM+SWAP  : 1535 MB
cache 1517654016
rss 92860416
rss_huge 0
mapped_file 3403776
writeback 0
swap 0
pgpgin 8405506
pgpgout 8012314
pgfault 2079013
pgmajfault 808
inactive_anon 47108096
active_anon 45826048
inactive_file 758837248
active_file 758743040
unevictable 0
hierarchical_memory_limit 1610612736
hierarchical_memsw_limit 5368709120
total_cache 1517654016
total_rss 92860416
total_rss_huge 0
total_mapped_file 3403776
total_writeback 0
total_swap 0
total_pgpgin 8405506
total_pgpgout 8012314
total_pgfault 2079013
total_pgmajfault 808
total_inactive_anon 47108096
total_active_anon 45826048
total_inactive_file 758837248
total_active_file 758743040
total_unevictable 0
--------------------BLKIO-----------------------
11:0 Read 0
11:0 Write 0
11:0 Sync 0
11:0 Async 0
11:0 Total 0
253:0 Read 15010467840
253:0 Write 299008
253:0 Sync 61440
253:0 Async 15010705408
253:0 Total 15010766848
Total 15010766848
--------------------CPUAC-----------------------
user 1062
system 6718
 
Wed May 17 11:54:43 IST 2017
--------------------MEMCG-----------------------
MEM ONLY  : 1535 MB
MEM+SWAP  : 1535 MB
cache 1517707264
rss 92860416
rss_huge 0
mapped_file 3403776
writeback 0
swap 0
pgpgin 8581813
pgpgout 8188608
pgfault 2117086
pgmajfault 808
inactive_anon 47108096
active_anon 45826048
inactive_file 758968320
active_file 758665216
unevictable 0
hierarchical_memory_limit 1610612736
hierarchical_memsw_limit 5368709120
total_cache 1517707264
total_rss 92860416
total_rss_huge 0
total_mapped_file 3403776
total_writeback 0
total_swap 0
total_pgpgin 8581813
total_pgpgout 8188608
total_pgfault 2117086
total_pgmajfault 808
total_inactive_anon 47108096
total_active_anon 45826048
total_inactive_file 758968320
total_active_file 758665216
total_unevictable 0
--------------------BLKIO-----------------------
11:0 Read 0
11:0 Write 0
11:0 Sync 0
11:0 Async 0
11:0 Total 0
253:0 Read 15326101504
253:0 Write 299008
253:0 Sync 61440
253:0 Async 15326339072
253:0 Total 15326400512
Total 15326400512
--------------------CPUAC-----------------------
user 1082
system 6876
 
Wed May 17 11:55:13 IST 2017
--------------------MEMCG-----------------------
MEM ONLY  : 1535 MB
MEM+SWAP  : 1535 MB
cache 1517682688
rss 92860416
rss_huge 0
mapped_file 3403776
writeback 0
swap 0
pgpgin 8734147
pgpgout 8340948
pgfault 2151145
pgmajfault 808
inactive_anon 47108096
active_anon 45826048
inactive_file 758927360
active_file 758652928
unevictable 0
hierarchical_memory_limit 1610612736
hierarchical_memsw_limit 5368709120
total_cache 1517682688
total_rss 92860416
total_rss_huge 0
total_mapped_file 3403776
total_writeback 0
total_swap 0
total_pgpgin 8734147
total_pgpgout 8340948
total_pgfault 2151145
total_pgmajfault 808
total_inactive_anon 47108096
total_active_anon 45826048
total_inactive_file 758927360
total_active_file 758652928
total_unevictable 0
--------------------BLKIO-----------------------
11:0 Read 0
11:0 Write 0
11:0 Sync 0
11:0 Async 0
11:0 Total 0
253:0 Read 15598002176
253:0 Write 299008
253:0 Sync 61440
253:0 Async 15598239744
253:0 Total 15598301184
Total 15598301184
--------------------CPUAC-----------------------
user 1102
system 6994
 
Wed May 17 11:55:43 IST 2017
--------------------MEMCG-----------------------
MEM ONLY  : 1535 MB
MEM+SWAP  : 1535 MB
cache 1517633536
rss 92860416
rss_huge 0
mapped_file 3403776
writeback 0
swap 0
pgpgin 8892216
pgpgout 8499029
pgfault 2184779
pgmajfault 808
inactive_anon 47108096
active_anon 45826048
inactive_file 758837248
active_file 758722560
unevictable 0
hierarchical_memory_limit 1610612736
hierarchical_memsw_limit 5368709120
total_cache 1517633536
total_rss 92860416
total_rss_huge 0
total_mapped_file 3403776
total_writeback 0
total_swap 0
total_pgpgin 8892216
total_pgpgout 8499029
total_pgfault 2184779
total_pgmajfault 808
total_inactive_anon 47108096
total_active_anon 45826048
total_inactive_file 758837248
total_active_file 758722560
total_unevictable 0
--------------------BLKIO-----------------------
11:0 Read 0
11:0 Write 0
11:0 Sync 0
11:0 Async 0
11:0 Total 0
253:0 Read 15880400896
253:0 Write 299008
253:0 Sync 61440
253:0 Async 15880638464
253:0 Total 15880699904
Total 15880699904
--------------------CPUAC-----------------------
user 1118
system 7121
 
Wed May 17 11:56:13 IST 2017
--------------------MEMCG-----------------------
MEM ONLY  : 1454 MB
MEM+SWAP  : 1454 MB
cache 1517740032
rss 6938624
rss_huge 0
mapped_file 1945600
writeback 0
swap 0
pgpgin 9043920
pgpgout 8671684
pgfault 2217728
pgmajfault 884
inactive_anon 6930432
active_anon 77824
inactive_file 760631296
active_file 757039104
unevictable 0
hierarchical_memory_limit 1610612736
hierarchical_memsw_limit 5368709120
total_cache 1517740032
total_rss 6938624
total_rss_huge 0
total_mapped_file 1945600
total_writeback 0
total_swap 0
total_pgpgin 9043920
total_pgpgout 8671684
total_pgfault 2217728
total_pgmajfault 884
total_inactive_anon 6930432
total_active_anon 77824
total_inactive_file 760631296
total_active_file 757039104
total_unevictable 0
--------------------BLKIO-----------------------
11:0 Read 0
11:0 Write 0
11:0 Sync 0
11:0 Async 0
11:0 Total 0
253:0 Read 16157753344
253:0 Write 299008
253:0 Sync 61440
253:0 Async 16157990912
253:0 Total 16158052352
Total 16158052352
--------------------CPUAC-----------------------
user 1135
system 7260
 
