/usr/lib/jvm/java-7-openjdk-amd64/bin/java -cp /home/vm1/clients/ycsb_mongo/mongodb-binding/conf:/home/vm1/clients/ycsb_mongo/conf:/home/vm1/clients/ycsb_mongo/lib/jackson-mapper-asl-1.9.4.jar:/home/vm1/clients/ycsb_mongo/lib/jackson-core-asl-1.9.4.jar:/home/vm1/clients/ycsb_mongo/lib/htrace-core4-4.1.0-incubating.jar:/home/vm1/clients/ycsb_mongo/lib/core-0.12.0.jar:/home/vm1/clients/ycsb_mongo/lib/HdrHistogram-2.1.4.jar:/home/vm1/clients/ycsb_mongo/mongodb-binding/lib/mongo-java-driver-3.0.3.jar:/home/vm1/clients/ycsb_mongo/mongodb-binding/lib/logback-core-1.1.2.jar:/home/vm1/clients/ycsb_mongo/mongodb-binding/lib/mongodb-binding-0.12.0.jar:/home/vm1/clients/ycsb_mongo/mongodb-binding/lib/logback-classic-1.1.2.jar:/home/vm1/clients/ycsb_mongo/mongodb-binding/lib/mongodb-async-driver-2.0.1.jar:/home/vm1/clients/ycsb_mongo/mongodb-binding/lib/slf4j-api-1.6.4.jar com.yahoo.ycsb.Client -db com.yahoo.ycsb.db.MongoDbClient -s -P /home/vm1/clients/ycsb_mongo/workloads/workload1 -p mongodb.url=mongodb://10.0.3.220:27017/ycsb?w=0 -p maxexecutiontime=600 -t
YCSB Client 0.12.0
Command line: -db com.yahoo.ycsb.db.MongoDbClient -s -P /home/vm1/clients/ycsb_mongo/workloads/workload1 -p mongodb.url=mongodb://10.0.3.220:27017/ycsb?w=0 -p maxexecutiontime=600 -t
Loading workload...
Starting test.
Maximum execution time specified as: 600 secs
2017-05-20 11:18:20:756 0 sec: 0 operations; est completion in 0 seconds 
mongo client connection created with mongodb://10.0.3.220:27017/ycsb?w=0
DBWrapper: report latency for each error is false and specific error codes to track for latency are: []
2017-05-20 11:18:30:720 10 sec: 743 operations; 74.29 current ops/sec; est completion in 1 days 13 hours [READ: Count=743, Max=410623, Min=431, Avg=12774.74, 90=38143, 99=164735, 99.9=377343, 99.99=410623] 
2017-05-20 11:18:40:720 20 sec: 1150 operations; 40.7 current ops/sec; est completion in 2 days [READ: Count=407, Max=312063, Min=392, Avg=24175.16, 90=103039, 99=213887, 99.9=312063, 99.99=312063] 
2017-05-20 11:18:50:720 30 sec: 1581 operations; 43.1 current ops/sec; est completion in 2 days 4 hours [READ: Count=431, Max=351231, Min=356, Avg=23249.47, 90=106367, 99=242687, 99.9=351231, 99.99=351231] 
2017-05-20 11:19:00:720 40 sec: 1980 operations; 39.9 current ops/sec; est completion in 2 days 8 hours [READ: Count=399, Max=498687, Min=363, Avg=25222.88, 90=105855, 99=196863, 99.9=498687, 99.99=498687] 
2017-05-20 11:19:10:720 50 sec: 2468 operations; 48.8 current ops/sec; est completion in 2 days 8 hours [READ: Count=488, Max=727551, Min=329, Avg=20411.85, 90=87487, 99=175231, 99.9=727551, 99.99=727551] 
2017-05-20 11:19:20:720 60 sec: 3043 operations; 57.5 current ops/sec; est completion in 2 days 6 hours [READ: Count=575, Max=378111, Min=276, Avg=17330.31, 90=81919, 99=162815, 99.9=315135, 99.99=378111] 
2017-05-20 11:19:30:720 70 sec: 3544 operations; 50.1 current ops/sec; est completion in 2 days 6 hours [READ: Count=501, Max=292351, Min=271, Avg=19923.54, 90=84031, 99=193791, 99.9=290815, 99.99=292351] 
2017-05-20 11:19:40:720 80 sec: 3976 operations; 43.2 current ops/sec; est completion in 2 days 7 hours [READ: Count=432, Max=310015, Min=268, Avg=23138.95, 90=92607, 99=192255, 99.9=310015, 99.99=310015] 
2017-05-20 11:19:50:720 90 sec: 4354 operations; 37.8 current ops/sec; est completion in 2 days 9 hours [READ: Count=378, Max=292351, Min=263, Avg=26236.31, 90=103999, 99=253567, 99.9=292351, 99.99=292351] 
2017-05-20 11:20:00:720 100 sec: 4700 operations; 34.6 current ops/sec; est completion in 2 days 11 hours [READ: Count=346, Max=333055, Min=287, Avg=29219.05, 90=116031, 99=227839, 99.9=333055, 99.99=333055] 
2017-05-20 11:20:10:720 110 sec: 5174 operations; 47.4 current ops/sec; est completion in 2 days 11 hours [READ: Count=474, Max=309247, Min=226, Avg=20993.52, 90=90303, 99=190207, 99.9=309247, 99.99=309247] 
2017-05-20 11:20:20:720 120 sec: 5627 operations; 45.3 current ops/sec; est completion in 2 days 11 hours [READ: Count=453, Max=275455, Min=225, Avg=22106.8, 90=91263, 99=209791, 99.9=275455, 99.99=275455] 
2017-05-20 11:20:30:720 130 sec: 6009 operations; 38.2 current ops/sec; est completion in 2 days 12 hours [READ: Count=382, Max=337407, Min=219, Avg=26273.08, 90=108159, 99=239743, 99.9=337407, 99.99=337407] 
2017-05-20 11:20:40:720 140 sec: 6268 operations; 25.9 current ops/sec; est completion in 2 days 14 hours [READ: Count=259, Max=442623, Min=217, Avg=38326.56, 90=162175, 99=282623, 99.9=442623, 99.99=442623] 
2017-05-20 11:20:50:720 150 sec: 6653 operations; 38.5 current ops/sec; est completion in 2 days 14 hours [READ: Count=385, Max=341247, Min=215, Avg=26135.36, 90=98175, 99=222719, 99.9=341247, 99.99=341247] 
2017-05-20 11:21:00:720 160 sec: 6936 operations; 28.3 current ops/sec; est completion in 2 days 16 hours [READ: Count=283, Max=547327, Min=229, Avg=34547.01, 90=119935, 99=249599, 99.9=547327, 99.99=547327] 
2017-05-20 11:21:10:720 170 sec: 7216 operations; 28 current ops/sec; est completion in 2 days 17 hours [READ: Count=280, Max=318719, Min=213, Avg=36203.42, 90=162303, 99=289279, 99.9=318719, 99.99=318719] 
2017-05-20 11:21:20:720 180 sec: 7480 operations; 26.4 current ops/sec; est completion in 2 days 18 hours [READ: Count=264, Max=286975, Min=209, Avg=37810.19, 90=164863, 99=248575, 99.9=286975, 99.99=286975] 
2017-05-20 11:21:30:720 190 sec: 7757 operations; 27.7 current ops/sec; est completion in 2 days 19 hours [READ: Count=277, Max=423679, Min=209, Avg=36235.45, 90=160895, 99=272383, 99.9=423679, 99.99=423679] 
2017-05-20 11:21:40:720 200 sec: 7956 operations; 19.9 current ops/sec; est completion in 2 days 21 hours [READ: Count=199, Max=354047, Min=215, Avg=48769.83, 90=169343, 99=275455, 99.9=354047, 99.99=354047] 
2017-05-20 11:21:50:720 210 sec: 8189 operations; 23.3 current ops/sec; est completion in 2 days 23 hours [READ: Count=233, Max=448767, Min=220, Avg=43938.03, 90=166783, 99=263167, 99.9=448767, 99.99=448767] 
2017-05-20 11:22:00:720 220 sec: 8426 operations; 23.7 current ops/sec; est completion in 3 days [READ: Count=237, Max=406015, Min=216, Avg=41568.81, 90=171775, 99=278271, 99.9=406015, 99.99=406015] 
2017-05-20 11:22:10:720 230 sec: 8730 operations; 30.4 current ops/sec; est completion in 3 days 1 hours [READ: Count=304, Max=382207, Min=219, Avg=33387.91, 90=157311, 99=266495, 99.9=382207, 99.99=382207] 
2017-05-20 11:22:20:720 240 sec: 8948 operations; 21.8 current ops/sec; est completion in 3 days 2 hours [READ: Count=218, Max=453631, Min=216, Avg=45941.48, 90=173439, 99=264447, 99.9=453631, 99.99=453631] 
2017-05-20 11:22:30:720 250 sec: 9156 operations; 20.8 current ops/sec; est completion in 3 days 3 hours [READ: Count=208, Max=387839, Min=216, Avg=47395.04, 90=171007, 99=315391, 99.9=387839, 99.99=387839] 
2017-05-20 11:22:40:720 260 sec: 9360 operations; 20.4 current ops/sec; est completion in 3 days 5 hours [READ: Count=204, Max=336895, Min=213, Avg=49246.96, 90=185599, 99=319487, 99.9=336895, 99.99=336895] 
2017-05-20 11:22:50:720 270 sec: 9574 operations; 21.4 current ops/sec; est completion in 3 days 6 hours [READ: Count=214, Max=506367, Min=215, Avg=47315.31, 90=180223, 99=312831, 99.9=506367, 99.99=506367] 
2017-05-20 11:23:00:720 280 sec: 9827 operations; 25.3 current ops/sec; est completion in 3 days 7 hours [READ: Count=253, Max=387583, Min=224, Avg=39104.94, 90=121151, 99=257407, 99.9=387583, 99.99=387583] 
2017-05-20 11:23:10:720 290 sec: 10030 operations; 20.3 current ops/sec; est completion in 3 days 8 hours [READ: Count=203, Max=607743, Min=176, Avg=49640.07, 90=179199, 99=312831, 99.9=607743, 99.99=607743] 
2017-05-20 11:23:20:720 300 sec: 10264 operations; 23.4 current ops/sec; est completion in 3 days 9 hours [READ: Count=234, Max=427519, Min=151, Avg=42052.85, 90=182271, 99=353791, 99.9=427519, 99.99=427519] 
2017-05-20 11:23:30:720 310 sec: 10481 operations; 21.7 current ops/sec; est completion in 3 days 10 hours [READ: Count=217, Max=310783, Min=163, Avg=46648.45, 90=188415, 99=304895, 99.9=310783, 99.99=310783] 
2017-05-20 11:23:40:720 320 sec: 10658 operations; 17.7 current ops/sec; est completion in 3 days 11 hours [READ: Count=177, Max=437503, Min=167, Avg=55188.46, 90=200703, 99=350207, 99.9=437503, 99.99=437503] 
2017-05-20 11:23:50:720 330 sec: 10787 operations; 12.9 current ops/sec; est completion in 3 days 12 hours [READ: Count=129, Max=523263, Min=177, Avg=79071.33, 90=239231, 99=419839, 99.9=523263, 99.99=523263] 
2017-05-20 11:24:00:720 340 sec: 10949 operations; 16.2 current ops/sec; est completion in 3 days 14 hours [READ: Count=162, Max=404223, Min=150, Avg=60837.07, 90=196095, 99=291839, 99.9=404223, 99.99=404223] 
2017-05-20 11:24:10:720 350 sec: 11119 operations; 17 current ops/sec; est completion in 3 days 15 hours [READ: Count=170, Max=617471, Min=143, Avg=59813.14, 90=208383, 99=357631, 99.9=617471, 99.99=617471] 
2017-05-20 11:24:20:720 360 sec: 11276 operations; 15.7 current ops/sec; est completion in 3 days 16 hours [READ: Count=157, Max=383999, Min=152, Avg=64113.45, 90=221183, 99=371455, 99.9=383999, 99.99=383999] 
2017-05-20 11:24:30:720 370 sec: 11425 operations; 14.9 current ops/sec; est completion in 3 days 17 hours [READ: Count=149, Max=542207, Min=151, Avg=66920.77, 90=216575, 99=400127, 99.9=542207, 99.99=542207] 
2017-05-20 11:24:40:720 380 sec: 11598 operations; 17.3 current ops/sec; est completion in 3 days 18 hours [READ: Count=173, Max=550911, Min=143, Avg=57703.53, 90=210303, 99=363263, 99.9=550911, 99.99=550911] 
2017-05-20 11:24:50:720 390 sec: 11748 operations; 15 current ops/sec; est completion in 3 days 20 hours [READ: Count=150, Max=363263, Min=146, Avg=66753.18, 90=214783, 99=353535, 99.9=363263, 99.99=363263] 
2017-05-20 11:25:00:720 400 sec: 11905 operations; 15.7 current ops/sec; est completion in 3 days 21 hours [READ: Count=157, Max=492543, Min=136, Avg=61861.99, 90=197375, 99=410367, 99.9=492543, 99.99=492543] 
2017-05-20 11:25:10:720 410 sec: 12067 operations; 16.2 current ops/sec; est completion in 3 days 22 hours [READ: Count=162, Max=351999, Min=136, Avg=63607.06, 90=216319, 99=299263, 99.9=351999, 99.99=351999] 
2017-05-20 11:25:20:720 420 sec: 12217 operations; 15 current ops/sec; est completion in 3 days 23 hours [READ: Count=150, Max=491007, Min=129, Avg=65121.29, 90=222719, 99=440319, 99.9=491007, 99.99=491007] 
2017-05-20 11:25:30:720 430 sec: 12372 operations; 15.5 current ops/sec; est completion in 4 days [READ: Count=155, Max=597503, Min=146, Avg=64208.49, 90=208639, 99=357375, 99.9=597503, 99.99=597503] 
2017-05-20 11:25:40:720 440 sec: 12527 operations; 15.5 current ops/sec; est completion in 4 days 1 hours [READ: Count=155, Max=476671, Min=164, Avg=65699.75, 90=216959, 99=377087, 99.9=476671, 99.99=476671] 
2017-05-20 11:25:50:720 450 sec: 12631 operations; 10.4 current ops/sec; est completion in 4 days 2 hours [READ: Count=104, Max=658943, Min=145, Avg=95469.54, 90=273919, 99=598015, 99.9=658943, 99.99=658943] 
2017-05-20 11:26:00:720 460 sec: 12774 operations; 14.3 current ops/sec; est completion in 4 days 3 hours [READ: Count=143, Max=755199, Min=129, Avg=69917.49, 90=211327, 99=522239, 99.9=755199, 99.99=755199] 
2017-05-20 11:26:10:720 470 sec: 12940 operations; 16.6 current ops/sec; est completion in 4 days 4 hours [READ: Count=166, Max=750079, Min=135, Avg=60871.89, 90=206591, 99=459007, 99.9=750079, 99.99=750079] 
2017-05-20 11:26:20:720 480 sec: 13067 operations; 12.7 current ops/sec; est completion in 4 days 5 hours [READ: Count=127, Max=535551, Min=152, Avg=73904.91, 90=223999, 99=360703, 99.9=535551, 99.99=535551] 
2017-05-20 11:26:30:720 490 sec: 13185 operations; 11.8 current ops/sec; est completion in 4 days 7 hours [READ: Count=118, Max=796159, Min=132, Avg=89098.71, 90=253055, 99=583679, 99.9=796159, 99.99=796159] 
2017-05-20 11:26:40:720 500 sec: 13311 operations; 12.6 current ops/sec; est completion in 4 days 8 hours [READ: Count=126, Max=607743, Min=151, Avg=79506.18, 90=215039, 99=442111, 99.9=607743, 99.99=607743] 
2017-05-20 11:26:50:720 510 sec: 13408 operations; 9.7 current ops/sec; est completion in 4 days 9 hours [READ: Count=97, Max=736767, Min=151, Avg=99820.79, 90=283903, 99=596479, 99.9=736767, 99.99=736767] 
2017-05-20 11:27:00:720 520 sec: 13515 operations; 10.7 current ops/sec; est completion in 4 days 10 hours [READ: Count=107, Max=587263, Min=145, Avg=96335.56, 90=265215, 99=569855, 99.9=587263, 99.99=587263] 
2017-05-20 11:27:10:720 530 sec: 13636 operations; 12.1 current ops/sec; est completion in 4 days 11 hours [READ: Count=121, Max=546815, Min=158, Avg=83033.41, 90=248319, 99=411135, 99.9=546815, 99.99=546815] 
2017-05-20 11:27:20:720 540 sec: 13745 operations; 10.9 current ops/sec; est completion in 4 days 12 hours [READ: Count=109, Max=597503, Min=133, Avg=90434.7, 90=256767, 99=492799, 99.9=597503, 99.99=597503] 
2017-05-20 11:27:30:720 550 sec: 13853 operations; 10.8 current ops/sec; est completion in 4 days 14 hours [READ: Count=108, Max=611327, Min=139, Avg=92647.31, 90=274431, 99=540159, 99.9=611327, 99.99=611327] 
2017-05-20 11:27:40:720 560 sec: 13959 operations; 10.6 current ops/sec; est completion in 4 days 15 hours [READ: Count=106, Max=493311, Min=157, Avg=96426.46, 90=310527, 99=470271, 99.9=493311, 99.99=493311] 
2017-05-20 11:27:50:720 570 sec: 14059 operations; 10 current ops/sec; est completion in 4 days 16 hours [READ: Count=100, Max=772095, Min=126, Avg=98619.29, 90=301823, 99=504063, 99.9=772095, 99.99=772095] 
2017-05-20 11:28:00:720 580 sec: 14147 operations; 8.8 current ops/sec; est completion in 4 days 17 hours [READ: Count=88, Max=776703, Min=159, Avg=115378.62, 90=329727, 99=621567, 99.9=776703, 99.99=776703] 
2017-05-20 11:28:10:720 590 sec: 14235 operations; 8.8 current ops/sec; est completion in 4 days 18 hours [READ: Count=88, Max=588287, Min=162, Avg=113179.95, 90=333567, 99=522751, 99.9=588287, 99.99=588287] 
2017-05-20 11:28:20:720 600 sec: 14331 operations; 9.6 current ops/sec; est completion in 4 days 20 hours [READ: Count=96, Max=685567, Min=136, Avg=100993.78, 90=297983, 99=414975, 99.9=685567, 99.99=685567] 
Maximum time elapsed. Requesting stop for the workload.
Stop requested for workload. Now Joining!
2017-05-20 11:28:20:832 600 sec: 14332 operations; 8.93 current ops/sec; est completion in 4 days 20 hours [CLEANUP: Count=1, Max=2115, Min=2114, Avg=2115, 90=2115, 99=2115, 99.9=2115, 99.99=2115] [READ: Count=1, Max=459007, Min=458752, Avg=458880, 90=459007, 99=459007, 99.9=459007, 99.99=459007] 
[OVERALL], RunTime(ms), 600114.0
[OVERALL], Throughput(ops/sec), 23.88212906214486
[TOTAL_GCS_PS_Scavenge], Count, 9.0
[TOTAL_GC_TIME_PS_Scavenge], Time(ms), 46.0
[TOTAL_GC_TIME_%_PS_Scavenge], Time(%), 0.0076652102767140904
[TOTAL_GCS_PS_MarkSweep], Count, 0.0
[TOTAL_GC_TIME_PS_MarkSweep], Time(ms), 0.0
[TOTAL_GC_TIME_%_PS_MarkSweep], Time(%), 0.0
[TOTAL_GCs], Count, 9.0
[TOTAL_GC_TIME], Time(ms), 46.0
[TOTAL_GC_TIME_%], Time(%), 0.0076652102767140904
[CLEANUP], Operations, 1.0
[CLEANUP], AverageLatency(us), 2115.0
[CLEANUP], MinLatency(us), 2114.0
[CLEANUP], MaxLatency(us), 2115.0
[CLEANUP], 95thPercentileLatency(us), 2115.0
[CLEANUP], 99thPercentileLatency(us), 2115.0
[READ], Operations, 14332.0
[READ], AverageLatency(us), 41818.23290538655
[READ], MinLatency(us), 126.0
[READ], MaxLatency(us), 796159.0
[READ], 95thPercentileLatency(us), 219263.0
[READ], 99thPercentileLatency(us), 355583.0
[READ], Return=OK, 14332
