Fri May 19 22:08:57 IST 2017
--------------------MEMCG-----------------------
MEM ONLY  : 252 MB
MEM+SWAP  : 255 MB
cache 35127296
rss 229711872
rss_huge 0
mapped_file 16322560
writeback 0
swap 3186688
pgpgin 156767
pgpgout 92109
pgfault 258280
pgmajfault 864
inactive_anon 1519616
active_anon 228237312
inactive_file 20074496
active_file 15007744
unevictable 0
hierarchical_memory_limit 9223372036854771712
hierarchical_memsw_limit 9223372036854771712
total_cache 35127296
total_rss 229711872
total_rss_huge 0
total_mapped_file 16322560
total_writeback 0
total_swap 3186688
total_pgpgin 156767
total_pgpgout 92109
total_pgfault 258280
total_pgmajfault 864
total_inactive_anon 1519616
total_active_anon 228237312
total_inactive_file 20074496
total_active_file 15007744
total_unevictable 0
--------------------BLKIO-----------------------
11:0 Read 0
11:0 Write 0
11:0 Sync 0
11:0 Async 0
11:0 Total 0
253:0 Read 67518464
253:0 Write 241664
253:0 Sync 12288
253:0 Async 67747840
253:0 Total 67760128
Total 67760128
--------------------CPUAC-----------------------
user 60
system 102
 
Fri May 19 22:09:27 IST 2017
--------------------MEMCG-----------------------
MEM ONLY  : 252 MB
MEM+SWAP  : 255 MB
cache 35127296
rss 229445632
rss_huge 0
mapped_file 16183296
writeback 0
swap 3186688
pgpgin 156767
pgpgout 92174
pgfault 258289
pgmajfault 864
inactive_anon 1519616
active_anon 227971072
inactive_file 20074496
active_file 15007744
unevictable 0
hierarchical_memory_limit 9223372036854771712
hierarchical_memsw_limit 9223372036854771712
total_cache 35127296
total_rss 229445632
total_rss_huge 0
total_mapped_file 16183296
total_writeback 0
total_swap 3186688
total_pgpgin 156767
total_pgpgout 92174
total_pgfault 258289
total_pgmajfault 864
total_inactive_anon 1519616
total_active_anon 227971072
total_inactive_file 20074496
total_active_file 15007744
total_unevictable 0
--------------------BLKIO-----------------------
11:0 Read 0
11:0 Write 0
11:0 Sync 0
11:0 Async 0
11:0 Total 0
253:0 Read 67518464
253:0 Write 241664
253:0 Sync 12288
253:0 Async 67747840
253:0 Total 67760128
Total 67760128
--------------------CPUAC-----------------------
user 61
system 102
 
Fri May 19 22:09:57 IST 2017
--------------------MEMCG-----------------------
MEM ONLY  : 252 MB
MEM+SWAP  : 255 MB
cache 35127296
rss 229445632
rss_huge 0
mapped_file 16183296
writeback 0
swap 3186688
pgpgin 156767
pgpgout 92174
pgfault 258289
pgmajfault 864
inactive_anon 1519616
active_anon 227971072
inactive_file 20074496
active_file 15007744
unevictable 0
hierarchical_memory_limit 9223372036854771712
hierarchical_memsw_limit 9223372036854771712
total_cache 35127296
total_rss 229445632
total_rss_huge 0
total_mapped_file 16183296
total_writeback 0
total_swap 3186688
total_pgpgin 156767
total_pgpgout 92174
total_pgfault 258289
total_pgmajfault 864
total_inactive_anon 1519616
total_active_anon 227971072
total_inactive_file 20074496
total_active_file 15007744
total_unevictable 0
--------------------BLKIO-----------------------
11:0 Read 0
11:0 Write 0
11:0 Sync 0
11:0 Async 0
11:0 Total 0
253:0 Read 67518464
253:0 Write 241664
253:0 Sync 12288
253:0 Async 67747840
253:0 Total 67760128
Total 67760128
--------------------CPUAC-----------------------
user 63
system 103
 
Fri May 19 22:10:27 IST 2017
--------------------MEMCG-----------------------
MEM ONLY  : 252 MB
MEM+SWAP  : 255 MB
cache 35127296
rss 229445632
rss_huge 0
mapped_file 16183296
writeback 0
swap 3186688
pgpgin 156767
pgpgout 92174
pgfault 258289
pgmajfault 864
inactive_anon 1519616
active_anon 227971072
inactive_file 20074496
active_file 15007744
unevictable 0
hierarchical_memory_limit 1610612736
hierarchical_memsw_limit 9223372036854771712
total_cache 35127296
total_rss 229445632
total_rss_huge 0
total_mapped_file 16183296
total_writeback 0
total_swap 3186688
total_pgpgin 156767
total_pgpgout 92174
total_pgfault 258289
total_pgmajfault 864
total_inactive_anon 1519616
total_active_anon 227971072
total_inactive_file 20074496
total_active_file 15007744
total_unevictable 0
--------------------BLKIO-----------------------
11:0 Read 0
11:0 Write 0
11:0 Sync 0
11:0 Async 0
11:0 Total 0
253:0 Read 67518464
253:0 Write 241664
253:0 Sync 12288
253:0 Async 67747840
253:0 Total 67760128
Total 67760128
--------------------CPUAC-----------------------
user 64
system 103
 
Fri May 19 22:10:57 IST 2017
--------------------MEMCG-----------------------
MEM ONLY  : 252 MB
MEM+SWAP  : 255 MB
cache 35127296
rss 229445632
rss_huge 0
mapped_file 16183296
writeback 0
swap 3186688
pgpgin 156767
pgpgout 92174
pgfault 258289
pgmajfault 864
inactive_anon 1519616
active_anon 227971072
inactive_file 20074496
active_file 15007744
unevictable 0
hierarchical_memory_limit 1610612736
hierarchical_memsw_limit 9223372036854771712
total_cache 35127296
total_rss 229445632
total_rss_huge 0
total_mapped_file 16183296
total_writeback 0
total_swap 3186688
total_pgpgin 156767
total_pgpgout 92174
total_pgfault 258289
total_pgmajfault 864
total_inactive_anon 1519616
total_active_anon 227971072
total_inactive_file 20074496
total_active_file 15007744
total_unevictable 0
--------------------BLKIO-----------------------
11:0 Read 0
11:0 Write 0
11:0 Sync 0
11:0 Async 0
11:0 Total 0
253:0 Read 67518464
253:0 Write 241664
253:0 Sync 12288
253:0 Async 67747840
253:0 Total 67760128
Total 67760128
--------------------CPUAC-----------------------
user 66
system 104
 
Fri May 19 22:11:27 IST 2017
--------------------MEMCG-----------------------
MEM ONLY  : 252 MB
MEM+SWAP  : 255 MB
cache 35127296
rss 229445632
rss_huge 0
mapped_file 16183296
writeback 0
swap 3186688
pgpgin 156767
pgpgout 92174
pgfault 258289
pgmajfault 864
inactive_anon 1519616
active_anon 227971072
inactive_file 20074496
active_file 15007744
unevictable 0
hierarchical_memory_limit 1610612736
hierarchical_memsw_limit 9223372036854771712
total_cache 35127296
total_rss 229445632
total_rss_huge 0
total_mapped_file 16183296
total_writeback 0
total_swap 3186688
total_pgpgin 156767
total_pgpgout 92174
total_pgfault 258289
total_pgmajfault 864
total_inactive_anon 1519616
total_active_anon 227971072
total_inactive_file 20074496
total_active_file 15007744
total_unevictable 0
--------------------BLKIO-----------------------
11:0 Read 0
11:0 Write 0
11:0 Sync 0
11:0 Async 0
11:0 Total 0
253:0 Read 67518464
253:0 Write 241664
253:0 Sync 12288
253:0 Async 67747840
253:0 Total 67760128
Total 67760128
--------------------CPUAC-----------------------
user 68
system 104
 
Fri May 19 22:11:57 IST 2017
--------------------MEMCG-----------------------
MEM ONLY  : 252 MB
MEM+SWAP  : 255 MB
cache 35127296
rss 229445632
rss_huge 0
mapped_file 16183296
writeback 0
swap 3186688
pgpgin 156767
pgpgout 92174
pgfault 258289
pgmajfault 864
inactive_anon 1519616
active_anon 227971072
inactive_file 20074496
active_file 15007744
unevictable 0
hierarchical_memory_limit 1610612736
hierarchical_memsw_limit 9223372036854771712
total_cache 35127296
total_rss 229445632
total_rss_huge 0
total_mapped_file 16183296
total_writeback 0
total_swap 3186688
total_pgpgin 156767
total_pgpgout 92174
total_pgfault 258289
total_pgmajfault 864
total_inactive_anon 1519616
total_active_anon 227971072
total_inactive_file 20074496
total_active_file 15007744
total_unevictable 0
--------------------BLKIO-----------------------
11:0 Read 0
11:0 Write 0
11:0 Sync 0
11:0 Async 0
11:0 Total 0
253:0 Read 67518464
253:0 Write 241664
253:0 Sync 12288
253:0 Async 67747840
253:0 Total 67760128
Total 67760128
--------------------CPUAC-----------------------
user 69
system 104
 
Fri May 19 22:12:27 IST 2017
--------------------MEMCG-----------------------
MEM ONLY  : 252 MB
MEM+SWAP  : 255 MB
cache 35127296
rss 229445632
rss_huge 0
mapped_file 16183296
writeback 0
swap 3186688
pgpgin 156767
pgpgout 92174
pgfault 258289
pgmajfault 864
inactive_anon 1519616
active_anon 227971072
inactive_file 20074496
active_file 15007744
unevictable 0
hierarchical_memory_limit 1610612736
hierarchical_memsw_limit 9223372036854771712
total_cache 35127296
total_rss 229445632
total_rss_huge 0
total_mapped_file 16183296
total_writeback 0
total_swap 3186688
total_pgpgin 156767
total_pgpgout 92174
total_pgfault 258289
total_pgmajfault 864
total_inactive_anon 1519616
total_active_anon 227971072
total_inactive_file 20074496
total_active_file 15007744
total_unevictable 0
--------------------BLKIO-----------------------
11:0 Read 0
11:0 Write 0
11:0 Sync 0
11:0 Async 0
11:0 Total 0
253:0 Read 67518464
253:0 Write 241664
253:0 Sync 12288
253:0 Async 67747840
253:0 Total 67760128
Total 67760128
--------------------CPUAC-----------------------
user 70
system 104
 
Fri May 19 22:12:57 IST 2017
--------------------MEMCG-----------------------
MEM ONLY  : 252 MB
MEM+SWAP  : 255 MB
cache 35127296
rss 229445632
rss_huge 0
mapped_file 16183296
writeback 0
swap 3186688
pgpgin 156767
pgpgout 92174
pgfault 258289
pgmajfault 864
inactive_anon 1519616
active_anon 227971072
inactive_file 20074496
active_file 15007744
unevictable 0
hierarchical_memory_limit 1610612736
hierarchical_memsw_limit 9223372036854771712
total_cache 35127296
total_rss 229445632
total_rss_huge 0
total_mapped_file 16183296
total_writeback 0
total_swap 3186688
total_pgpgin 156767
total_pgpgout 92174
total_pgfault 258289
total_pgmajfault 864
total_inactive_anon 1519616
total_active_anon 227971072
total_inactive_file 20074496
total_active_file 15007744
total_unevictable 0
--------------------BLKIO-----------------------
11:0 Read 0
11:0 Write 0
11:0 Sync 0
11:0 Async 0
11:0 Total 0
253:0 Read 67518464
253:0 Write 241664
253:0 Sync 12288
253:0 Async 67747840
253:0 Total 67760128
Total 67760128
--------------------CPUAC-----------------------
user 73
system 104
 
Fri May 19 22:13:27 IST 2017
--------------------MEMCG-----------------------
MEM ONLY  : 252 MB
MEM+SWAP  : 255 MB
cache 35127296
rss 229445632
rss_huge 0
mapped_file 16183296
writeback 0
swap 3186688
pgpgin 156767
pgpgout 92174
pgfault 258289
pgmajfault 864
inactive_anon 1519616
active_anon 227971072
inactive_file 20074496
active_file 15007744
unevictable 0
hierarchical_memory_limit 1610612736
hierarchical_memsw_limit 9223372036854771712
total_cache 35127296
total_rss 229445632
total_rss_huge 0
total_mapped_file 16183296
total_writeback 0
total_swap 3186688
total_pgpgin 156767
total_pgpgout 92174
total_pgfault 258289
total_pgmajfault 864
total_inactive_anon 1519616
total_active_anon 227971072
total_inactive_file 20074496
total_active_file 15007744
total_unevictable 0
--------------------BLKIO-----------------------
11:0 Read 0
11:0 Write 0
11:0 Sync 0
11:0 Async 0
11:0 Total 0
253:0 Read 67518464
253:0 Write 241664
253:0 Sync 12288
253:0 Async 67747840
253:0 Total 67760128
Total 67760128
--------------------CPUAC-----------------------
user 75
system 105
 
Fri May 19 22:13:57 IST 2017
--------------------MEMCG-----------------------
MEM ONLY  : 252 MB
MEM+SWAP  : 255 MB
cache 35127296
rss 229445632
rss_huge 0
mapped_file 16183296
writeback 0
swap 3186688
pgpgin 156767
pgpgout 92174
pgfault 258289
pgmajfault 864
inactive_anon 1519616
active_anon 227971072
inactive_file 20074496
active_file 15007744
unevictable 0
hierarchical_memory_limit 1610612736
hierarchical_memsw_limit 9223372036854771712
total_cache 35127296
total_rss 229445632
total_rss_huge 0
total_mapped_file 16183296
total_writeback 0
total_swap 3186688
total_pgpgin 156767
total_pgpgout 92174
total_pgfault 258289
total_pgmajfault 864
total_inactive_anon 1519616
total_active_anon 227971072
total_inactive_file 20074496
total_active_file 15007744
total_unevictable 0
--------------------BLKIO-----------------------
11:0 Read 0
11:0 Write 0
11:0 Sync 0
11:0 Async 0
11:0 Total 0
253:0 Read 67518464
253:0 Write 241664
253:0 Sync 12288
253:0 Async 67747840
253:0 Total 67760128
Total 67760128
--------------------CPUAC-----------------------
user 76
system 106
 
Fri May 19 22:14:27 IST 2017
--------------------MEMCG-----------------------
MEM ONLY  : 252 MB
MEM+SWAP  : 255 MB
cache 35127296
rss 229445632
rss_huge 0
mapped_file 16183296
writeback 0
swap 3186688
pgpgin 156767
pgpgout 92174
pgfault 258289
pgmajfault 864
inactive_anon 1519616
active_anon 227971072
inactive_file 20074496
active_file 15007744
unevictable 0
hierarchical_memory_limit 1610612736
hierarchical_memsw_limit 9223372036854771712
total_cache 35127296
total_rss 229445632
total_rss_huge 0
total_mapped_file 16183296
total_writeback 0
total_swap 3186688
total_pgpgin 156767
total_pgpgout 92174
total_pgfault 258289
total_pgmajfault 864
total_inactive_anon 1519616
total_active_anon 227971072
total_inactive_file 20074496
total_active_file 15007744
total_unevictable 0
--------------------BLKIO-----------------------
11:0 Read 0
11:0 Write 0
11:0 Sync 0
11:0 Async 0
11:0 Total 0
253:0 Read 67518464
253:0 Write 241664
253:0 Sync 12288
253:0 Async 67747840
253:0 Total 67760128
Total 67760128
--------------------CPUAC-----------------------
user 78
system 106
 
Fri May 19 22:14:57 IST 2017
--------------------MEMCG-----------------------
MEM ONLY  : 252 MB
MEM+SWAP  : 255 MB
cache 35127296
rss 229445632
rss_huge 0
mapped_file 16183296
writeback 0
swap 3186688
pgpgin 156767
pgpgout 92174
pgfault 258289
pgmajfault 864
inactive_anon 1519616
active_anon 227971072
inactive_file 20074496
active_file 15007744
unevictable 0
hierarchical_memory_limit 1610612736
hierarchical_memsw_limit 9223372036854771712
total_cache 35127296
total_rss 229445632
total_rss_huge 0
total_mapped_file 16183296
total_writeback 0
total_swap 3186688
total_pgpgin 156767
total_pgpgout 92174
total_pgfault 258289
total_pgmajfault 864
total_inactive_anon 1519616
total_active_anon 227971072
total_inactive_file 20074496
total_active_file 15007744
total_unevictable 0
--------------------BLKIO-----------------------
11:0 Read 0
11:0 Write 0
11:0 Sync 0
11:0 Async 0
11:0 Total 0
253:0 Read 67518464
253:0 Write 241664
253:0 Sync 12288
253:0 Async 67747840
253:0 Total 67760128
Total 67760128
--------------------CPUAC-----------------------
user 80
system 106
 
Fri May 19 22:15:27 IST 2017
--------------------MEMCG-----------------------
MEM ONLY  : 252 MB
MEM+SWAP  : 255 MB
cache 35127296
rss 229445632
rss_huge 0
mapped_file 16183296
writeback 0
swap 3186688
pgpgin 156767
pgpgout 92174
pgfault 258289
pgmajfault 864
inactive_anon 1519616
active_anon 227971072
inactive_file 20074496
active_file 15007744
unevictable 0
hierarchical_memory_limit 1610612736
hierarchical_memsw_limit 9223372036854771712
total_cache 35127296
total_rss 229445632
total_rss_huge 0
total_mapped_file 16183296
total_writeback 0
total_swap 3186688
total_pgpgin 156767
total_pgpgout 92174
total_pgfault 258289
total_pgmajfault 864
total_inactive_anon 1519616
total_active_anon 227971072
total_inactive_file 20074496
total_active_file 15007744
total_unevictable 0
--------------------BLKIO-----------------------
11:0 Read 0
11:0 Write 0
11:0 Sync 0
11:0 Async 0
11:0 Total 0
253:0 Read 67518464
253:0 Write 241664
253:0 Sync 12288
253:0 Async 67747840
253:0 Total 67760128
Total 67760128
--------------------CPUAC-----------------------
user 82
system 106
 
Fri May 19 22:15:57 IST 2017
--------------------MEMCG-----------------------
MEM ONLY  : 252 MB
MEM+SWAP  : 255 MB
cache 35127296
rss 229445632
rss_huge 0
mapped_file 16183296
writeback 0
swap 3186688
pgpgin 156767
pgpgout 92174
pgfault 258289
pgmajfault 864
inactive_anon 1519616
active_anon 227971072
inactive_file 20074496
active_file 15007744
unevictable 0
hierarchical_memory_limit 1610612736
hierarchical_memsw_limit 9223372036854771712
total_cache 35127296
total_rss 229445632
total_rss_huge 0
total_mapped_file 16183296
total_writeback 0
total_swap 3186688
total_pgpgin 156767
total_pgpgout 92174
total_pgfault 258289
total_pgmajfault 864
total_inactive_anon 1519616
total_active_anon 227971072
total_inactive_file 20074496
total_active_file 15007744
total_unevictable 0
--------------------BLKIO-----------------------
11:0 Read 0
11:0 Write 0
11:0 Sync 0
11:0 Async 0
11:0 Total 0
253:0 Read 67518464
253:0 Write 241664
253:0 Sync 12288
253:0 Async 67747840
253:0 Total 67760128
Total 67760128
--------------------CPUAC-----------------------
user 84
system 106
 
Fri May 19 22:16:27 IST 2017
--------------------MEMCG-----------------------
MEM ONLY  : 252 MB
MEM+SWAP  : 255 MB
cache 35127296
rss 229445632
rss_huge 0
mapped_file 16183296
writeback 0
swap 3186688
pgpgin 156767
pgpgout 92174
pgfault 258289
pgmajfault 864
inactive_anon 1519616
active_anon 227971072
inactive_file 20074496
active_file 15007744
unevictable 0
hierarchical_memory_limit 1610612736
hierarchical_memsw_limit 9223372036854771712
total_cache 35127296
total_rss 229445632
total_rss_huge 0
total_mapped_file 16183296
total_writeback 0
total_swap 3186688
total_pgpgin 156767
total_pgpgout 92174
total_pgfault 258289
total_pgmajfault 864
total_inactive_anon 1519616
total_active_anon 227971072
total_inactive_file 20074496
total_active_file 15007744
total_unevictable 0
--------------------BLKIO-----------------------
11:0 Read 0
11:0 Write 0
11:0 Sync 0
11:0 Async 0
11:0 Total 0
253:0 Read 67518464
253:0 Write 241664
253:0 Sync 12288
253:0 Async 67747840
253:0 Total 67760128
Total 67760128
--------------------CPUAC-----------------------
user 86
system 106
 
Fri May 19 22:16:57 IST 2017
--------------------MEMCG-----------------------
MEM ONLY  : 252 MB
MEM+SWAP  : 255 MB
cache 35127296
rss 229445632
rss_huge 0
mapped_file 16183296
writeback 0
swap 3186688
pgpgin 156767
pgpgout 92174
pgfault 258289
pgmajfault 864
inactive_anon 1519616
active_anon 227971072
inactive_file 20074496
active_file 15007744
unevictable 0
hierarchical_memory_limit 1610612736
hierarchical_memsw_limit 9223372036854771712
total_cache 35127296
total_rss 229445632
total_rss_huge 0
total_mapped_file 16183296
total_writeback 0
total_swap 3186688
total_pgpgin 156767
total_pgpgout 92174
total_pgfault 258289
total_pgmajfault 864
total_inactive_anon 1519616
total_active_anon 227971072
total_inactive_file 20074496
total_active_file 15007744
total_unevictable 0
--------------------BLKIO-----------------------
11:0 Read 0
11:0 Write 0
11:0 Sync 0
11:0 Async 0
11:0 Total 0
253:0 Read 67518464
253:0 Write 241664
253:0 Sync 12288
253:0 Async 67747840
253:0 Total 67760128
Total 67760128
--------------------CPUAC-----------------------
user 88
system 106
 
Fri May 19 22:17:27 IST 2017
--------------------MEMCG-----------------------
MEM ONLY  : 252 MB
MEM+SWAP  : 255 MB
cache 35377152
rss 229449728
rss_huge 0
mapped_file 16183296
writeback 0
swap 3186688
pgpgin 156988
pgpgout 92333
pgfault 258677
pgmajfault 868
inactive_anon 1519616
active_anon 227975168
inactive_file 20082688
active_file 15249408
unevictable 0
hierarchical_memory_limit 1610612736
hierarchical_memsw_limit 9223372036854771712
total_cache 35377152
total_rss 229449728
total_rss_huge 0
total_mapped_file 16183296
total_writeback 0
total_swap 3186688
total_pgpgin 156988
total_pgpgout 92333
total_pgfault 258677
total_pgmajfault 868
total_inactive_anon 1519616
total_active_anon 227975168
total_inactive_file 20082688
total_active_file 15249408
total_unevictable 0
--------------------BLKIO-----------------------
11:0 Read 0
11:0 Write 0
11:0 Sync 0
11:0 Async 0
11:0 Total 0
253:0 Read 67768320
253:0 Write 241664
253:0 Sync 12288
253:0 Async 67997696
253:0 Total 68009984
Total 68009984
--------------------CPUAC-----------------------
user 90
system 107
 
Fri May 19 22:17:57 IST 2017
--------------------MEMCG-----------------------
MEM ONLY  : 252 MB
MEM+SWAP  : 255 MB
cache 35377152
rss 229449728
rss_huge 0
mapped_file 16183296
writeback 0
swap 3186688
pgpgin 156988
pgpgout 92333
pgfault 258677
pgmajfault 868
inactive_anon 1519616
active_anon 227975168
inactive_file 20082688
active_file 15249408
unevictable 0
hierarchical_memory_limit 1610612736
hierarchical_memsw_limit 9223372036854771712
total_cache 35377152
total_rss 229449728
total_rss_huge 0
total_mapped_file 16183296
total_writeback 0
total_swap 3186688
total_pgpgin 156988
total_pgpgout 92333
total_pgfault 258677
total_pgmajfault 868
total_inactive_anon 1519616
total_active_anon 227975168
total_inactive_file 20082688
total_active_file 15249408
total_unevictable 0
--------------------BLKIO-----------------------
11:0 Read 0
11:0 Write 0
11:0 Sync 0
11:0 Async 0
11:0 Total 0
253:0 Read 67768320
253:0 Write 241664
253:0 Sync 12288
253:0 Async 67997696
253:0 Total 68009984
Total 68009984
--------------------CPUAC-----------------------
user 92
system 108
 
Fri May 19 22:18:27 IST 2017
--------------------MEMCG-----------------------
MEM ONLY  : 252 MB
MEM+SWAP  : 255 MB
cache 35377152
rss 229449728
rss_huge 0
mapped_file 16183296
writeback 0
swap 3186688
pgpgin 156988
pgpgout 92333
pgfault 258678
pgmajfault 868
inactive_anon 1519616
active_anon 227975168
inactive_file 20082688
active_file 15249408
unevictable 0
hierarchical_memory_limit 1610612736
hierarchical_memsw_limit 9223372036854771712
total_cache 35377152
total_rss 229449728
total_rss_huge 0
total_mapped_file 16183296
total_writeback 0
total_swap 3186688
total_pgpgin 156988
total_pgpgout 92333
total_pgfault 258678
total_pgmajfault 868
total_inactive_anon 1519616
total_active_anon 227975168
total_inactive_file 20082688
total_active_file 15249408
total_unevictable 0
--------------------BLKIO-----------------------
11:0 Read 0
11:0 Write 0
11:0 Sync 0
11:0 Async 0
11:0 Total 0
253:0 Read 67768320
253:0 Write 241664
253:0 Sync 12288
253:0 Async 67997696
253:0 Total 68009984
Total 68009984
--------------------CPUAC-----------------------
user 93
system 108
 
Fri May 19 22:18:57 IST 2017
--------------------MEMCG-----------------------
MEM ONLY  : 252 MB
MEM+SWAP  : 255 MB
cache 35377152
rss 229449728
rss_huge 0
mapped_file 16183296
writeback 0
swap 3186688
pgpgin 156988
pgpgout 92333
pgfault 258678
pgmajfault 868
inactive_anon 1519616
active_anon 227975168
inactive_file 20082688
active_file 15249408
unevictable 0
hierarchical_memory_limit 1610612736
hierarchical_memsw_limit 9223372036854771712
total_cache 35377152
total_rss 229449728
total_rss_huge 0
total_mapped_file 16183296
total_writeback 0
total_swap 3186688
total_pgpgin 156988
total_pgpgout 92333
total_pgfault 258678
total_pgmajfault 868
total_inactive_anon 1519616
total_active_anon 227975168
total_inactive_file 20082688
total_active_file 15249408
total_unevictable 0
--------------------BLKIO-----------------------
11:0 Read 0
11:0 Write 0
11:0 Sync 0
11:0 Async 0
11:0 Total 0
253:0 Read 67768320
253:0 Write 241664
253:0 Sync 12288
253:0 Async 67997696
253:0 Total 68009984
Total 68009984
--------------------CPUAC-----------------------
user 95
system 108
 
Fri May 19 22:19:28 IST 2017
--------------------MEMCG-----------------------
MEM ONLY  : 252 MB
MEM+SWAP  : 255 MB
cache 35377152
rss 229449728
rss_huge 0
mapped_file 16183296
writeback 0
swap 3186688
pgpgin 156988
pgpgout 92333
pgfault 258678
pgmajfault 868
inactive_anon 1519616
active_anon 227975168
inactive_file 20082688
active_file 15249408
unevictable 0
hierarchical_memory_limit 1610612736
hierarchical_memsw_limit 9223372036854771712
total_cache 35377152
total_rss 229449728
total_rss_huge 0
total_mapped_file 16183296
total_writeback 0
total_swap 3186688
total_pgpgin 156988
total_pgpgout 92333
total_pgfault 258678
total_pgmajfault 868
total_inactive_anon 1519616
total_active_anon 227975168
total_inactive_file 20082688
total_active_file 15249408
total_unevictable 0
--------------------BLKIO-----------------------
11:0 Read 0
11:0 Write 0
11:0 Sync 0
11:0 Async 0
11:0 Total 0
253:0 Read 67768320
253:0 Write 241664
253:0 Sync 12288
253:0 Async 67997696
253:0 Total 68009984
Total 68009984
--------------------CPUAC-----------------------
user 97
system 109
 
Fri May 19 22:19:58 IST 2017
--------------------MEMCG-----------------------
MEM ONLY  : 252 MB
MEM+SWAP  : 255 MB
cache 35377152
rss 229449728
rss_huge 0
mapped_file 16183296
writeback 0
swap 3186688
pgpgin 156988
pgpgout 92333
pgfault 258678
pgmajfault 868
inactive_anon 1519616
active_anon 227975168
inactive_file 20082688
active_file 15249408
unevictable 0
hierarchical_memory_limit 1610612736
hierarchical_memsw_limit 9223372036854771712
total_cache 35377152
total_rss 229449728
total_rss_huge 0
total_mapped_file 16183296
total_writeback 0
total_swap 3186688
total_pgpgin 156988
total_pgpgout 92333
total_pgfault 258678
total_pgmajfault 868
total_inactive_anon 1519616
total_active_anon 227975168
total_inactive_file 20082688
total_active_file 15249408
total_unevictable 0
--------------------BLKIO-----------------------
11:0 Read 0
11:0 Write 0
11:0 Sync 0
11:0 Async 0
11:0 Total 0
253:0 Read 67768320
253:0 Write 241664
253:0 Sync 12288
253:0 Async 67997696
253:0 Total 68009984
Total 68009984
--------------------CPUAC-----------------------
user 100
system 109
 
Fri May 19 22:20:28 IST 2017
--------------------MEMCG-----------------------
MEM ONLY  : 252 MB
MEM+SWAP  : 255 MB
cache 35377152
rss 229449728
rss_huge 0
mapped_file 16183296
writeback 0
swap 3186688
pgpgin 156988
pgpgout 92333
pgfault 258678
pgmajfault 868
inactive_anon 1519616
active_anon 227975168
inactive_file 20082688
active_file 15249408
unevictable 0
hierarchical_memory_limit 1610612736
hierarchical_memsw_limit 9223372036854771712
total_cache 35377152
total_rss 229449728
total_rss_huge 0
total_mapped_file 16183296
total_writeback 0
total_swap 3186688
total_pgpgin 156988
total_pgpgout 92333
total_pgfault 258678
total_pgmajfault 868
total_inactive_anon 1519616
total_active_anon 227975168
total_inactive_file 20082688
total_active_file 15249408
total_unevictable 0
--------------------BLKIO-----------------------
11:0 Read 0
11:0 Write 0
11:0 Sync 0
11:0 Async 0
11:0 Total 0
253:0 Read 67768320
253:0 Write 241664
253:0 Sync 12288
253:0 Async 67997696
253:0 Total 68009984
Total 68009984
--------------------CPUAC-----------------------
user 101
system 110
 
Fri May 19 22:20:58 IST 2017
--------------------MEMCG-----------------------
MEM ONLY  : 252 MB
MEM+SWAP  : 255 MB
cache 35377152
rss 229449728
rss_huge 0
mapped_file 16183296
writeback 0
swap 3186688
pgpgin 156988
pgpgout 92333
pgfault 258678
pgmajfault 868
inactive_anon 1519616
active_anon 227975168
inactive_file 20082688
active_file 15249408
unevictable 0
hierarchical_memory_limit 1610612736
hierarchical_memsw_limit 9223372036854771712
total_cache 35377152
total_rss 229449728
total_rss_huge 0
total_mapped_file 16183296
total_writeback 0
total_swap 3186688
total_pgpgin 156988
total_pgpgout 92333
total_pgfault 258678
total_pgmajfault 868
total_inactive_anon 1519616
total_active_anon 227975168
total_inactive_file 20082688
total_active_file 15249408
total_unevictable 0
--------------------BLKIO-----------------------
11:0 Read 0
11:0 Write 0
11:0 Sync 0
11:0 Async 0
11:0 Total 0
253:0 Read 67768320
253:0 Write 241664
253:0 Sync 12288
253:0 Async 67997696
253:0 Total 68009984
Total 68009984
--------------------CPUAC-----------------------
user 103
system 110
 
Fri May 19 22:21:28 IST 2017
--------------------MEMCG-----------------------
MEM ONLY  : 252 MB
MEM+SWAP  : 255 MB
cache 35377152
rss 229449728
rss_huge 0
mapped_file 16183296
writeback 0
swap 3186688
pgpgin 156988
pgpgout 92333
pgfault 258678
pgmajfault 868
inactive_anon 1519616
active_anon 227975168
inactive_file 20082688
active_file 15249408
unevictable 0
hierarchical_memory_limit 1610612736
hierarchical_memsw_limit 9223372036854771712
total_cache 35377152
total_rss 229449728
total_rss_huge 0
total_mapped_file 16183296
total_writeback 0
total_swap 3186688
total_pgpgin 156988
total_pgpgout 92333
total_pgfault 258678
total_pgmajfault 868
total_inactive_anon 1519616
total_active_anon 227975168
total_inactive_file 20082688
total_active_file 15249408
total_unevictable 0
--------------------BLKIO-----------------------
11:0 Read 0
11:0 Write 0
11:0 Sync 0
11:0 Async 0
11:0 Total 0
253:0 Read 67768320
253:0 Write 241664
253:0 Sync 12288
253:0 Async 67997696
253:0 Total 68009984
Total 68009984
--------------------CPUAC-----------------------
user 104
system 111
 
Fri May 19 22:21:58 IST 2017
--------------------MEMCG-----------------------
MEM ONLY  : 252 MB
MEM+SWAP  : 255 MB
cache 35377152
rss 229449728
rss_huge 0
mapped_file 16183296
writeback 0
swap 3186688
pgpgin 156988
pgpgout 92333
pgfault 258678
pgmajfault 868
inactive_anon 1519616
active_anon 227975168
inactive_file 20082688
active_file 15249408
unevictable 0
hierarchical_memory_limit 1610612736
hierarchical_memsw_limit 9223372036854771712
total_cache 35377152
total_rss 229449728
total_rss_huge 0
total_mapped_file 16183296
total_writeback 0
total_swap 3186688
total_pgpgin 156988
total_pgpgout 92333
total_pgfault 258678
total_pgmajfault 868
total_inactive_anon 1519616
total_active_anon 227975168
total_inactive_file 20082688
total_active_file 15249408
total_unevictable 0
--------------------BLKIO-----------------------
11:0 Read 0
11:0 Write 0
11:0 Sync 0
11:0 Async 0
11:0 Total 0
253:0 Read 67768320
253:0 Write 241664
253:0 Sync 12288
253:0 Async 67997696
253:0 Total 68009984
Total 68009984
--------------------CPUAC-----------------------
user 107
system 111
 
Fri May 19 22:22:28 IST 2017
--------------------MEMCG-----------------------
MEM ONLY  : 252 MB
MEM+SWAP  : 255 MB
cache 35377152
rss 229449728
rss_huge 0
mapped_file 16183296
writeback 0
swap 3186688
pgpgin 156988
pgpgout 92333
pgfault 258678
pgmajfault 868
inactive_anon 1519616
active_anon 227975168
inactive_file 20082688
active_file 15249408
unevictable 0
hierarchical_memory_limit 1610612736
hierarchical_memsw_limit 9223372036854771712
total_cache 35377152
total_rss 229449728
total_rss_huge 0
total_mapped_file 16183296
total_writeback 0
total_swap 3186688
total_pgpgin 156988
total_pgpgout 92333
total_pgfault 258678
total_pgmajfault 868
total_inactive_anon 1519616
total_active_anon 227975168
total_inactive_file 20082688
total_active_file 15249408
total_unevictable 0
--------------------BLKIO-----------------------
11:0 Read 0
11:0 Write 0
11:0 Sync 0
11:0 Async 0
11:0 Total 0
253:0 Read 67768320
253:0 Write 241664
253:0 Sync 12288
253:0 Async 67997696
253:0 Total 68009984
Total 68009984
--------------------CPUAC-----------------------
user 109
system 112
 
Fri May 19 22:22:58 IST 2017
--------------------MEMCG-----------------------
MEM ONLY  : 252 MB
MEM+SWAP  : 255 MB
cache 35377152
rss 229449728
rss_huge 0
mapped_file 16183296
writeback 0
swap 3186688
pgpgin 156988
pgpgout 92333
pgfault 258678
pgmajfault 868
inactive_anon 1519616
active_anon 227975168
inactive_file 20082688
active_file 15249408
unevictable 0
hierarchical_memory_limit 1610612736
hierarchical_memsw_limit 9223372036854771712
total_cache 35377152
total_rss 229449728
total_rss_huge 0
total_mapped_file 16183296
total_writeback 0
total_swap 3186688
total_pgpgin 156988
total_pgpgout 92333
total_pgfault 258678
total_pgmajfault 868
total_inactive_anon 1519616
total_active_anon 227975168
total_inactive_file 20082688
total_active_file 15249408
total_unevictable 0
--------------------BLKIO-----------------------
11:0 Read 0
11:0 Write 0
11:0 Sync 0
11:0 Async 0
11:0 Total 0
253:0 Read 67768320
253:0 Write 241664
253:0 Sync 12288
253:0 Async 67997696
253:0 Total 68009984
Total 68009984
--------------------CPUAC-----------------------
user 112
system 112
 
Fri May 19 22:23:28 IST 2017
--------------------MEMCG-----------------------
MEM ONLY  : 252 MB
MEM+SWAP  : 255 MB
cache 35377152
rss 229449728
rss_huge 0
mapped_file 16183296
writeback 0
swap 3186688
pgpgin 156988
pgpgout 92333
pgfault 258678
pgmajfault 868
inactive_anon 1519616
active_anon 227975168
inactive_file 20082688
active_file 15249408
unevictable 0
hierarchical_memory_limit 1610612736
hierarchical_memsw_limit 9223372036854771712
total_cache 35377152
total_rss 229449728
total_rss_huge 0
total_mapped_file 16183296
total_writeback 0
total_swap 3186688
total_pgpgin 156988
total_pgpgout 92333
total_pgfault 258678
total_pgmajfault 868
total_inactive_anon 1519616
total_active_anon 227975168
total_inactive_file 20082688
total_active_file 15249408
total_unevictable 0
--------------------BLKIO-----------------------
11:0 Read 0
11:0 Write 0
11:0 Sync 0
11:0 Async 0
11:0 Total 0
253:0 Read 67768320
253:0 Write 241664
253:0 Sync 12288
253:0 Async 67997696
253:0 Total 68009984
Total 68009984
--------------------CPUAC-----------------------
user 113
system 113
 
Fri May 19 22:23:58 IST 2017
--------------------MEMCG-----------------------
MEM ONLY  : 252 MB
MEM+SWAP  : 255 MB
cache 35377152
rss 229449728
rss_huge 0
mapped_file 16183296
writeback 0
swap 3186688
pgpgin 156988
pgpgout 92333
pgfault 258678
pgmajfault 868
inactive_anon 1519616
active_anon 227975168
inactive_file 20082688
active_file 15249408
unevictable 0
hierarchical_memory_limit 1610612736
hierarchical_memsw_limit 9223372036854771712
total_cache 35377152
total_rss 229449728
total_rss_huge 0
total_mapped_file 16183296
total_writeback 0
total_swap 3186688
total_pgpgin 156988
total_pgpgout 92333
total_pgfault 258678
total_pgmajfault 868
total_inactive_anon 1519616
total_active_anon 227975168
total_inactive_file 20082688
total_active_file 15249408
total_unevictable 0
--------------------BLKIO-----------------------
11:0 Read 0
11:0 Write 0
11:0 Sync 0
11:0 Async 0
11:0 Total 0
253:0 Read 67768320
253:0 Write 241664
253:0 Sync 12288
253:0 Async 67997696
253:0 Total 68009984
Total 68009984
--------------------CPUAC-----------------------
user 114
system 113
 
Fri May 19 22:24:28 IST 2017
--------------------MEMCG-----------------------
MEM ONLY  : 252 MB
MEM+SWAP  : 255 MB
cache 35377152
rss 229449728
rss_huge 0
mapped_file 16183296
writeback 0
swap 3186688
pgpgin 156988
pgpgout 92333
pgfault 258678
pgmajfault 868
inactive_anon 1519616
active_anon 227975168
inactive_file 20082688
active_file 15249408
unevictable 0
hierarchical_memory_limit 1610612736
hierarchical_memsw_limit 9223372036854771712
total_cache 35377152
total_rss 229449728
total_rss_huge 0
total_mapped_file 16183296
total_writeback 0
total_swap 3186688
total_pgpgin 156988
total_pgpgout 92333
total_pgfault 258678
total_pgmajfault 868
total_inactive_anon 1519616
total_active_anon 227975168
total_inactive_file 20082688
total_active_file 15249408
total_unevictable 0
--------------------BLKIO-----------------------
11:0 Read 0
11:0 Write 0
11:0 Sync 0
11:0 Async 0
11:0 Total 0
253:0 Read 67768320
253:0 Write 241664
253:0 Sync 12288
253:0 Async 67997696
253:0 Total 68009984
Total 68009984
--------------------CPUAC-----------------------
user 116
system 114
 
Fri May 19 22:24:58 IST 2017
--------------------MEMCG-----------------------
MEM ONLY  : 252 MB
MEM+SWAP  : 255 MB
cache 35377152
rss 229449728
rss_huge 0
mapped_file 16183296
writeback 0
swap 3186688
pgpgin 156988
pgpgout 92333
pgfault 258678
pgmajfault 868
inactive_anon 1519616
active_anon 227975168
inactive_file 20082688
active_file 15249408
unevictable 0
hierarchical_memory_limit 1610612736
hierarchical_memsw_limit 9223372036854771712
total_cache 35377152
total_rss 229449728
total_rss_huge 0
total_mapped_file 16183296
total_writeback 0
total_swap 3186688
total_pgpgin 156988
total_pgpgout 92333
total_pgfault 258678
total_pgmajfault 868
total_inactive_anon 1519616
total_active_anon 227975168
total_inactive_file 20082688
total_active_file 15249408
total_unevictable 0
--------------------BLKIO-----------------------
11:0 Read 0
11:0 Write 0
11:0 Sync 0
11:0 Async 0
11:0 Total 0
253:0 Read 67768320
253:0 Write 241664
253:0 Sync 12288
253:0 Async 67997696
253:0 Total 68009984
Total 68009984
--------------------CPUAC-----------------------
user 118
system 114
 
Fri May 19 22:25:28 IST 2017
--------------------MEMCG-----------------------
MEM ONLY  : 252 MB
MEM+SWAP  : 255 MB
cache 35377152
rss 229449728
rss_huge 0
mapped_file 16183296
writeback 0
swap 3186688
pgpgin 156988
pgpgout 92333
pgfault 258678
pgmajfault 868
inactive_anon 1519616
active_anon 227975168
inactive_file 20082688
active_file 15249408
unevictable 0
hierarchical_memory_limit 1610612736
hierarchical_memsw_limit 9223372036854771712
total_cache 35377152
total_rss 229449728
total_rss_huge 0
total_mapped_file 16183296
total_writeback 0
total_swap 3186688
total_pgpgin 156988
total_pgpgout 92333
total_pgfault 258678
total_pgmajfault 868
total_inactive_anon 1519616
total_active_anon 227975168
total_inactive_file 20082688
total_active_file 15249408
total_unevictable 0
--------------------BLKIO-----------------------
11:0 Read 0
11:0 Write 0
11:0 Sync 0
11:0 Async 0
11:0 Total 0
253:0 Read 67768320
253:0 Write 241664
253:0 Sync 12288
253:0 Async 67997696
253:0 Total 68009984
Total 68009984
--------------------CPUAC-----------------------
user 120
system 114
 
Fri May 19 22:25:58 IST 2017
--------------------MEMCG-----------------------
MEM ONLY  : 252 MB
MEM+SWAP  : 255 MB
cache 35377152
rss 229449728
rss_huge 0
mapped_file 16183296
writeback 0
swap 3186688
pgpgin 156988
pgpgout 92333
pgfault 258678
pgmajfault 868
inactive_anon 1519616
active_anon 227975168
inactive_file 20082688
active_file 15249408
unevictable 0
hierarchical_memory_limit 1610612736
hierarchical_memsw_limit 9223372036854771712
total_cache 35377152
total_rss 229449728
total_rss_huge 0
total_mapped_file 16183296
total_writeback 0
total_swap 3186688
total_pgpgin 156988
total_pgpgout 92333
total_pgfault 258678
total_pgmajfault 868
total_inactive_anon 1519616
total_active_anon 227975168
total_inactive_file 20082688
total_active_file 15249408
total_unevictable 0
--------------------BLKIO-----------------------
11:0 Read 0
11:0 Write 0
11:0 Sync 0
11:0 Async 0
11:0 Total 0
253:0 Read 67768320
253:0 Write 241664
253:0 Sync 12288
253:0 Async 67997696
253:0 Total 68009984
Total 68009984
--------------------CPUAC-----------------------
user 122
system 114
 
Fri May 19 22:26:28 IST 2017
--------------------MEMCG-----------------------
MEM ONLY  : 252 MB
MEM+SWAP  : 255 MB
cache 35377152
rss 229449728
rss_huge 0
mapped_file 16183296
writeback 0
swap 3186688
pgpgin 156988
pgpgout 92333
pgfault 258678
pgmajfault 868
inactive_anon 1519616
active_anon 227975168
inactive_file 20082688
active_file 15249408
unevictable 0
hierarchical_memory_limit 1610612736
hierarchical_memsw_limit 9223372036854771712
total_cache 35377152
total_rss 229449728
total_rss_huge 0
total_mapped_file 16183296
total_writeback 0
total_swap 3186688
total_pgpgin 156988
total_pgpgout 92333
total_pgfault 258678
total_pgmajfault 868
total_inactive_anon 1519616
total_active_anon 227975168
total_inactive_file 20082688
total_active_file 15249408
total_unevictable 0
--------------------BLKIO-----------------------
11:0 Read 0
11:0 Write 0
11:0 Sync 0
11:0 Async 0
11:0 Total 0
253:0 Read 67768320
253:0 Write 241664
253:0 Sync 12288
253:0 Async 67997696
253:0 Total 68009984
Total 68009984
--------------------CPUAC-----------------------
user 124
system 114
 
Fri May 19 22:26:58 IST 2017
--------------------MEMCG-----------------------
MEM ONLY  : 252 MB
MEM+SWAP  : 255 MB
cache 35377152
rss 229449728
rss_huge 0
mapped_file 16183296
writeback 0
swap 3186688
pgpgin 156988
pgpgout 92333
pgfault 258678
pgmajfault 868
inactive_anon 1519616
active_anon 227975168
inactive_file 20082688
active_file 15249408
unevictable 0
hierarchical_memory_limit 1610612736
hierarchical_memsw_limit 9223372036854771712
total_cache 35377152
total_rss 229449728
total_rss_huge 0
total_mapped_file 16183296
total_writeback 0
total_swap 3186688
total_pgpgin 156988
total_pgpgout 92333
total_pgfault 258678
total_pgmajfault 868
total_inactive_anon 1519616
total_active_anon 227975168
total_inactive_file 20082688
total_active_file 15249408
total_unevictable 0
--------------------BLKIO-----------------------
11:0 Read 0
11:0 Write 0
11:0 Sync 0
11:0 Async 0
11:0 Total 0
253:0 Read 67768320
253:0 Write 241664
253:0 Sync 12288
253:0 Async 67997696
253:0 Total 68009984
Total 68009984
--------------------CPUAC-----------------------
user 125
system 115
 
Fri May 19 22:27:28 IST 2017
--------------------MEMCG-----------------------
MEM ONLY  : 252 MB
MEM+SWAP  : 255 MB
cache 35377152
rss 229449728
rss_huge 0
mapped_file 16183296
writeback 0
swap 3186688
pgpgin 156988
pgpgout 92333
pgfault 258678
pgmajfault 868
inactive_anon 1519616
active_anon 227975168
inactive_file 20082688
active_file 15249408
unevictable 0
hierarchical_memory_limit 1610612736
hierarchical_memsw_limit 9223372036854771712
total_cache 35377152
total_rss 229449728
total_rss_huge 0
total_mapped_file 16183296
total_writeback 0
total_swap 3186688
total_pgpgin 156988
total_pgpgout 92333
total_pgfault 258678
total_pgmajfault 868
total_inactive_anon 1519616
total_active_anon 227975168
total_inactive_file 20082688
total_active_file 15249408
total_unevictable 0
--------------------BLKIO-----------------------
11:0 Read 0
11:0 Write 0
11:0 Sync 0
11:0 Async 0
11:0 Total 0
253:0 Read 67768320
253:0 Write 241664
253:0 Sync 12288
253:0 Async 67997696
253:0 Total 68009984
Total 68009984
--------------------CPUAC-----------------------
user 127
system 115
 
Fri May 19 22:27:58 IST 2017
--------------------MEMCG-----------------------
MEM ONLY  : 252 MB
MEM+SWAP  : 255 MB
cache 35377152
rss 229449728
rss_huge 0
mapped_file 16183296
writeback 0
swap 3186688
pgpgin 156988
pgpgout 92333
pgfault 258678
pgmajfault 868
inactive_anon 1519616
active_anon 227975168
inactive_file 20082688
active_file 15249408
unevictable 0
hierarchical_memory_limit 1610612736
hierarchical_memsw_limit 9223372036854771712
total_cache 35377152
total_rss 229449728
total_rss_huge 0
total_mapped_file 16183296
total_writeback 0
total_swap 3186688
total_pgpgin 156988
total_pgpgout 92333
total_pgfault 258678
total_pgmajfault 868
total_inactive_anon 1519616
total_active_anon 227975168
total_inactive_file 20082688
total_active_file 15249408
total_unevictable 0
--------------------BLKIO-----------------------
11:0 Read 0
11:0 Write 0
11:0 Sync 0
11:0 Async 0
11:0 Total 0
253:0 Read 67768320
253:0 Write 241664
253:0 Sync 12288
253:0 Async 67997696
253:0 Total 68009984
Total 68009984
--------------------CPUAC-----------------------
user 129
system 115
 
Fri May 19 22:28:28 IST 2017
--------------------MEMCG-----------------------
MEM ONLY  : 252 MB
MEM+SWAP  : 255 MB
cache 35377152
rss 229449728
rss_huge 0
mapped_file 16183296
writeback 0
swap 3186688
pgpgin 156988
pgpgout 92333
pgfault 258678
pgmajfault 868
inactive_anon 1519616
active_anon 227975168
inactive_file 20082688
active_file 15249408
unevictable 0
hierarchical_memory_limit 1610612736
hierarchical_memsw_limit 9223372036854771712
total_cache 35377152
total_rss 229449728
total_rss_huge 0
total_mapped_file 16183296
total_writeback 0
total_swap 3186688
total_pgpgin 156988
total_pgpgout 92333
total_pgfault 258678
total_pgmajfault 868
total_inactive_anon 1519616
total_active_anon 227975168
total_inactive_file 20082688
total_active_file 15249408
total_unevictable 0
--------------------BLKIO-----------------------
11:0 Read 0
11:0 Write 0
11:0 Sync 0
11:0 Async 0
11:0 Total 0
253:0 Read 67768320
253:0 Write 241664
253:0 Sync 12288
253:0 Async 67997696
253:0 Total 68009984
Total 68009984
--------------------CPUAC-----------------------
user 131
system 116
 
Fri May 19 22:28:58 IST 2017
--------------------MEMCG-----------------------
MEM ONLY  : 252 MB
MEM+SWAP  : 255 MB
cache 35377152
rss 229449728
rss_huge 0
mapped_file 16183296
writeback 0
swap 3186688
pgpgin 156988
pgpgout 92333
pgfault 258678
pgmajfault 868
inactive_anon 1519616
active_anon 227975168
inactive_file 20082688
active_file 15249408
unevictable 0
hierarchical_memory_limit 1610612736
hierarchical_memsw_limit 9223372036854771712
total_cache 35377152
total_rss 229449728
total_rss_huge 0
total_mapped_file 16183296
total_writeback 0
total_swap 3186688
total_pgpgin 156988
total_pgpgout 92333
total_pgfault 258678
total_pgmajfault 868
total_inactive_anon 1519616
total_active_anon 227975168
total_inactive_file 20082688
total_active_file 15249408
total_unevictable 0
--------------------BLKIO-----------------------
11:0 Read 0
11:0 Write 0
11:0 Sync 0
11:0 Async 0
11:0 Total 0
253:0 Read 67768320
253:0 Write 241664
253:0 Sync 12288
253:0 Async 67997696
253:0 Total 68009984
Total 68009984
--------------------CPUAC-----------------------
user 133
system 116
 
Fri May 19 22:29:28 IST 2017
--------------------MEMCG-----------------------
MEM ONLY  : 252 MB
MEM+SWAP  : 255 MB
cache 35377152
rss 229449728
rss_huge 0
mapped_file 16183296
writeback 0
swap 3186688
pgpgin 156988
pgpgout 92333
pgfault 258678
pgmajfault 868
inactive_anon 1519616
active_anon 227975168
inactive_file 20082688
active_file 15249408
unevictable 0
hierarchical_memory_limit 1610612736
hierarchical_memsw_limit 9223372036854771712
total_cache 35377152
total_rss 229449728
total_rss_huge 0
total_mapped_file 16183296
total_writeback 0
total_swap 3186688
total_pgpgin 156988
total_pgpgout 92333
total_pgfault 258678
total_pgmajfault 868
total_inactive_anon 1519616
total_active_anon 227975168
total_inactive_file 20082688
total_active_file 15249408
total_unevictable 0
--------------------BLKIO-----------------------
11:0 Read 0
11:0 Write 0
11:0 Sync 0
11:0 Async 0
11:0 Total 0
253:0 Read 67768320
253:0 Write 241664
253:0 Sync 12288
253:0 Async 67997696
253:0 Total 68009984
Total 68009984
--------------------CPUAC-----------------------
user 136
system 117
 
Fri May 19 22:29:58 IST 2017
--------------------MEMCG-----------------------
MEM ONLY  : 252 MB
MEM+SWAP  : 255 MB
cache 35377152
rss 229449728
rss_huge 0
mapped_file 16183296
writeback 0
swap 3186688
pgpgin 156988
pgpgout 92333
pgfault 258678
pgmajfault 868
inactive_anon 1519616
active_anon 227975168
inactive_file 20082688
active_file 15249408
unevictable 0
hierarchical_memory_limit 1610612736
hierarchical_memsw_limit 9223372036854771712
total_cache 35377152
total_rss 229449728
total_rss_huge 0
total_mapped_file 16183296
total_writeback 0
total_swap 3186688
total_pgpgin 156988
total_pgpgout 92333
total_pgfault 258678
total_pgmajfault 868
total_inactive_anon 1519616
total_active_anon 227975168
total_inactive_file 20082688
total_active_file 15249408
total_unevictable 0
--------------------BLKIO-----------------------
11:0 Read 0
11:0 Write 0
11:0 Sync 0
11:0 Async 0
11:0 Total 0
253:0 Read 67768320
253:0 Write 241664
253:0 Sync 12288
253:0 Async 67997696
253:0 Total 68009984
Total 68009984
--------------------CPUAC-----------------------
user 137
system 117
 
Fri May 19 22:30:28 IST 2017
--------------------MEMCG-----------------------
MEM ONLY  : 343 MB
MEM+SWAP  : 346 MB
cache 45920256
rss 313896960
rss_huge 0
mapped_file 16314368
writeback 0
swap 3186688
pgpgin 180302
pgpgout 92456
pgfault 279431
pgmajfault 869
inactive_anon 1519616
active_anon 312422400
inactive_file 20135936
active_file 25739264
unevictable 0
hierarchical_memory_limit 1610612736
hierarchical_memsw_limit 9223372036854771712
total_cache 45920256
total_rss 313896960
total_rss_huge 0
total_mapped_file 16314368
total_writeback 0
total_swap 3186688
total_pgpgin 180302
total_pgpgout 92456
total_pgfault 279431
total_pgmajfault 869
total_inactive_anon 1519616
total_active_anon 312422400
total_inactive_file 20135936
total_active_file 25739264
total_unevictable 0
--------------------BLKIO-----------------------
11:0 Read 0
11:0 Write 0
11:0 Sync 0
11:0 Async 0
11:0 Total 0
253:0 Read 68136960
253:0 Write 271233024
253:0 Sync 271003648
253:0 Async 68366336
253:0 Total 339369984
Total 339369984
--------------------CPUAC-----------------------
user 490
system 311
 
Fri May 19 22:30:58 IST 2017
--------------------MEMCG-----------------------
MEM ONLY  : 446 MB
MEM+SWAP  : 449 MB
cache 45920256
rss 422686720
rss_huge 0
mapped_file 16314368
writeback 0
swap 3186688
pgpgin 206862
pgpgout 92456
pgfault 305991
pgmajfault 869
inactive_anon 1519616
active_anon 421212160
inactive_file 20135936
active_file 25739264
unevictable 0
hierarchical_memory_limit 1610612736
hierarchical_memsw_limit 9223372036854771712
total_cache 45920256
total_rss 422686720
total_rss_huge 0
total_mapped_file 16314368
total_writeback 0
total_swap 3186688
total_pgpgin 206862
total_pgpgout 92456
total_pgfault 305991
total_pgmajfault 869
total_inactive_anon 1519616
total_active_anon 421212160
total_inactive_file 20135936
total_active_file 25739264
total_unevictable 0
--------------------BLKIO-----------------------
11:0 Read 0
11:0 Write 0
11:0 Sync 0
11:0 Async 0
11:0 Total 0
253:0 Read 68136960
253:0 Write 655486976
253:0 Sync 655257600
253:0 Async 68366336
253:0 Total 723623936
Total 723623936
--------------------CPUAC-----------------------
user 965
system 587
 
Fri May 19 22:31:28 IST 2017
--------------------MEMCG-----------------------
MEM ONLY  : 554 MB
MEM+SWAP  : 557 MB
cache 45920256
rss 535285760
rss_huge 0
mapped_file 16314368
writeback 266240
swap 3186688
pgpgin 234352
pgpgout 92456
pgfault 333481
pgmajfault 869
inactive_anon 1519616
active_anon 533737472
inactive_file 20135936
active_file 25739264
unevictable 0
hierarchical_memory_limit 1610612736
hierarchical_memsw_limit 9223372036854771712
total_cache 45920256
total_rss 535285760
total_rss_huge 0
total_mapped_file 16314368
total_writeback 266240
total_swap 3186688
total_pgpgin 234352
total_pgpgout 92456
total_pgfault 333481
total_pgmajfault 869
total_inactive_anon 1519616
total_active_anon 533737472
total_inactive_file 20135936
total_active_file 25739264
total_unevictable 0
--------------------BLKIO-----------------------
11:0 Read 0
11:0 Write 0
11:0 Sync 0
11:0 Async 0
11:0 Total 0
253:0 Read 68136960
253:0 Write 1065205760
253:0 Sync 1064976384
253:0 Async 68366336
253:0 Total 1133342720
Total 1133342720
--------------------CPUAC-----------------------
user 1462
system 846
 
Fri May 19 22:31:58 IST 2017
--------------------MEMCG-----------------------
MEM ONLY  : 654 MB
MEM+SWAP  : 657 MB
cache 45920256
rss 640397312
rss_huge 0
mapped_file 16314368
writeback 0
swap 3186688
pgpgin 260014
pgpgout 92456
pgfault 359143
pgmajfault 869
inactive_anon 1519616
active_anon 638922752
inactive_file 20135936
active_file 25739264
unevictable 0
hierarchical_memory_limit 1610612736
hierarchical_memsw_limit 9223372036854771712
total_cache 45920256
total_rss 640397312
total_rss_huge 0
total_mapped_file 16314368
total_writeback 0
total_swap 3186688
total_pgpgin 260014
total_pgpgout 92456
total_pgfault 359143
total_pgmajfault 869
total_inactive_anon 1519616
total_active_anon 638922752
total_inactive_file 20135936
total_active_file 25739264
total_unevictable 0
--------------------BLKIO-----------------------
11:0 Read 0
11:0 Write 0
11:0 Sync 0
11:0 Async 0
11:0 Total 0
253:0 Read 68136960
253:0 Write 1443110912
253:0 Sync 1442881536
253:0 Async 68366336
253:0 Total 1511247872
Total 1511247872
--------------------CPUAC-----------------------
user 1949
system 1071
 
Fri May 19 22:32:28 IST 2017
--------------------MEMCG-----------------------
MEM ONLY  : 755 MB
MEM+SWAP  : 758 MB
cache 45920256
rss 746196992
rss_huge 0
mapped_file 16314368
writeback 0
swap 3186688
pgpgin 285844
pgpgout 92456
pgfault 384973
pgmajfault 869
inactive_anon 1519616
active_anon 744685568
inactive_file 20135936
active_file 25739264
unevictable 0
hierarchical_memory_limit 1610612736
hierarchical_memsw_limit 9223372036854771712
total_cache 45920256
total_rss 746196992
total_rss_huge 0
total_mapped_file 16314368
total_writeback 0
total_swap 3186688
total_pgpgin 285844
total_pgpgout 92456
total_pgfault 384973
total_pgmajfault 869
total_inactive_anon 1519616
total_active_anon 744685568
total_inactive_file 20135936
total_active_file 25739264
total_unevictable 0
--------------------BLKIO-----------------------
11:0 Read 0
11:0 Write 0
11:0 Sync 0
11:0 Async 0
11:0 Total 0
253:0 Read 68136960
253:0 Write 1817481216
253:0 Sync 1817251840
253:0 Async 68366336
253:0 Total 1885618176
Total 1885618176
--------------------CPUAC-----------------------
user 2414
system 1321
 
Fri May 19 22:32:58 IST 2017
--------------------MEMCG-----------------------
MEM ONLY  : 848 MB
MEM+SWAP  : 851 MB
cache 45920256
rss 843247616
rss_huge 0
mapped_file 16314368
writeback 0
swap 3186688
pgpgin 309538
pgpgout 92456
pgfault 408667
pgmajfault 869
inactive_anon 1519616
active_anon 841707520
inactive_file 20135936
active_file 25739264
unevictable 0
hierarchical_memory_limit 1610612736
hierarchical_memsw_limit 9223372036854771712
total_cache 45920256
total_rss 843247616
total_rss_huge 0
total_mapped_file 16314368
total_writeback 0
total_swap 3186688
total_pgpgin 309538
total_pgpgout 92456
total_pgfault 408667
total_pgmajfault 869
total_inactive_anon 1519616
total_active_anon 841707520
total_inactive_file 20135936
total_active_file 25739264
total_unevictable 0
--------------------BLKIO-----------------------
11:0 Read 0
11:0 Write 0
11:0 Sync 0
11:0 Async 0
11:0 Total 0
253:0 Read 68136960
253:0 Write 2175418368
253:0 Sync 2175188992
253:0 Async 68366336
253:0 Total 2243555328
Total 2243555328
--------------------CPUAC-----------------------
user 2852
system 1571
 
Fri May 19 22:33:28 IST 2017
--------------------MEMCG-----------------------
MEM ONLY  : 952 MB
MEM+SWAP  : 955 MB
cache 45920256
rss 952569856
rss_huge 0
mapped_file 16314368
writeback 0
swap 3186688
pgpgin 336228
pgpgout 92456
pgfault 435357
pgmajfault 869
inactive_anon 1519616
active_anon 951095296
inactive_file 20135936
active_file 25739264
unevictable 0
hierarchical_memory_limit 1610612736
hierarchical_memsw_limit 9223372036854771712
total_cache 45920256
total_rss 952569856
total_rss_huge 0
total_mapped_file 16314368
total_writeback 0
total_swap 3186688
total_pgpgin 336228
total_pgpgout 92456
total_pgfault 435357
total_pgmajfault 869
total_inactive_anon 1519616
total_active_anon 951095296
total_inactive_file 20135936
total_active_file 25739264
total_unevictable 0
--------------------BLKIO-----------------------
11:0 Read 0
11:0 Write 0
11:0 Sync 0
11:0 Async 0
11:0 Total 0
253:0 Read 68136960
253:0 Write 2568712192
253:0 Sync 2568482816
253:0 Async 68366336
253:0 Total 2636849152
Total 2636849152
--------------------CPUAC-----------------------
user 3362
system 1822
 
Fri May 19 22:33:58 IST 2017
--------------------MEMCG-----------------------
MEM ONLY  : 1052 MB
MEM+SWAP  : 1055 MB
cache 45920256
rss 1057091584
rss_huge 0
mapped_file 16314368
writeback 0
swap 3186688
pgpgin 361746
pgpgout 92456
pgfault 460875
pgmajfault 869
inactive_anon 1519616
active_anon 1055559680
inactive_file 20135936
active_file 25739264
unevictable 0
hierarchical_memory_limit 1610612736
hierarchical_memsw_limit 9223372036854771712
total_cache 45920256
total_rss 1057091584
total_rss_huge 0
total_mapped_file 16314368
total_writeback 0
total_swap 3186688
total_pgpgin 361746
total_pgpgout 92456
total_pgfault 460875
total_pgmajfault 869
total_inactive_anon 1519616
total_active_anon 1055559680
total_inactive_file 20135936
total_active_file 25739264
total_unevictable 0
--------------------BLKIO-----------------------
11:0 Read 0
11:0 Write 0
11:0 Sync 0
11:0 Async 0
11:0 Total 0
253:0 Read 68136960
253:0 Write 2946277376
253:0 Sync 2946048000
253:0 Async 68366336
253:0 Total 3014414336
Total 3014414336
--------------------CPUAC-----------------------
user 3835
system 2059
 
Fri May 19 22:34:29 IST 2017
--------------------MEMCG-----------------------
MEM ONLY  : 1150 MB
MEM+SWAP  : 1153 MB
cache 45920256
rss 1160232960
rss_huge 0
mapped_file 16314368
writeback 0
swap 3186688
pgpgin 386927
pgpgout 92456
pgfault 486056
pgmajfault 869
inactive_anon 1519616
active_anon 1158742016
inactive_file 20135936
active_file 25739264
unevictable 0
hierarchical_memory_limit 1610612736
hierarchical_memsw_limit 9223372036854771712
total_cache 45920256
total_rss 1160232960
total_rss_huge 0
total_mapped_file 16314368
total_writeback 0
total_swap 3186688
total_pgpgin 386927
total_pgpgout 92456
total_pgfault 486056
total_pgmajfault 869
total_inactive_anon 1519616
total_active_anon 1158742016
total_inactive_file 20135936
total_active_file 25739264
total_unevictable 0
--------------------BLKIO-----------------------
11:0 Read 0
11:0 Write 0
11:0 Sync 0
11:0 Async 0
11:0 Total 0
253:0 Read 68136960
253:0 Write 3311169536
253:0 Sync 3310940160
253:0 Async 68366336
253:0 Total 3379306496
Total 3379306496
--------------------CPUAC-----------------------
user 4320
system 2326
 
Fri May 19 22:34:59 IST 2017
--------------------MEMCG-----------------------
MEM ONLY  : 1250 MB
MEM+SWAP  : 1253 MB
cache 45920256
rss 1265098752
rss_huge 0
mapped_file 16314368
writeback 0
swap 3186688
pgpgin 412529
pgpgout 92456
pgfault 511658
pgmajfault 869
inactive_anon 1519616
active_anon 1263624192
inactive_file 20135936
active_file 25739264
unevictable 0
hierarchical_memory_limit 1610612736
hierarchical_memsw_limit 9223372036854771712
total_cache 45920256
total_rss 1265098752
total_rss_huge 0
total_mapped_file 16314368
total_writeback 0
total_swap 3186688
total_pgpgin 412529
total_pgpgout 92456
total_pgfault 511658
total_pgmajfault 869
total_inactive_anon 1519616
total_active_anon 1263624192
total_inactive_file 20135936
total_active_file 25739264
total_unevictable 0
--------------------BLKIO-----------------------
11:0 Read 0
11:0 Write 0
11:0 Sync 0
11:0 Async 0
11:0 Total 0
253:0 Read 68136960
253:0 Write 3692347392
253:0 Sync 3692118016
253:0 Async 68366336
253:0 Total 3760484352
Total 3760484352
--------------------CPUAC-----------------------
user 4817
system 2580
 
Fri May 19 22:35:29 IST 2017
--------------------MEMCG-----------------------
MEM ONLY  : 1353 MB
MEM+SWAP  : 1356 MB
cache 45920256
rss 1373515776
rss_huge 0
mapped_file 16314368
writeback 741376
swap 3186688
pgpgin 438998
pgpgout 92456
pgfault 538127
pgmajfault 869
inactive_anon 1519616
active_anon 1372012544
inactive_file 20135936
active_file 25739264
unevictable 0
hierarchical_memory_limit 1610612736
hierarchical_memsw_limit 9223372036854771712
total_cache 45920256
total_rss 1373515776
total_rss_huge 0
total_mapped_file 16314368
total_writeback 741376
total_swap 3186688
total_pgpgin 438998
total_pgpgout 92456
total_pgfault 538127
total_pgmajfault 869
total_inactive_anon 1519616
total_active_anon 1372012544
total_inactive_file 20135936
total_active_file 25739264
total_unevictable 0
--------------------BLKIO-----------------------
11:0 Read 0
11:0 Write 0
11:0 Sync 0
11:0 Async 0
11:0 Total 0
253:0 Read 68136960
253:0 Write 4072275968
253:0 Sync 4072046592
253:0 Async 68366336
253:0 Total 4140412928
Total 4140412928
--------------------CPUAC-----------------------
user 5320
system 2868
 
Fri May 19 22:35:59 IST 2017
--------------------MEMCG-----------------------
MEM ONLY  : 1449 MB
MEM+SWAP  : 1453 MB
cache 45920256
rss 1474482176
rss_huge 0
mapped_file 16437248
writeback 0
swap 3186688
pgpgin 464269
pgpgout 93077
pgfault 564335
pgmajfault 869
inactive_anon 1519616
active_anon 1472974848
inactive_file 20135936
active_file 25739264
unevictable 0
hierarchical_memory_limit 1610612736
hierarchical_memsw_limit 9223372036854771712
total_cache 45920256
total_rss 1474482176
total_rss_huge 0
total_mapped_file 16437248
total_writeback 0
total_swap 3186688
total_pgpgin 464269
total_pgpgout 93077
total_pgfault 564335
total_pgmajfault 869
total_inactive_anon 1519616
total_active_anon 1472974848
total_inactive_file 20135936
total_active_file 25739264
total_unevictable 0
--------------------BLKIO-----------------------
11:0 Read 0
11:0 Write 0
11:0 Sync 0
11:0 Async 0
11:0 Total 0
253:0 Read 68136960
253:0 Write 4438360064
253:0 Sync 4438130688
253:0 Async 68366336
253:0 Total 4506497024
Total 4506497024
--------------------CPUAC-----------------------
user 5769
system 3128
 
Fri May 19 22:36:29 IST 2017
--------------------MEMCG-----------------------
MEM ONLY  : 1535 MB
MEM+SWAP  : 1543 MB
cache 40153088
rss 1570422784
rss_huge 0
mapped_file 16437248
writeback 0
swap 7843840
pgpgin 488826
pgpgout 95619
pgfault 588894
pgmajfault 877
inactive_anon 133713920
active_anon 1436708864
inactive_file 15306752
active_file 24846336
unevictable 0
hierarchical_memory_limit 1610612736
hierarchical_memsw_limit 9223372036854771712
total_cache 40153088
total_rss 1570422784
total_rss_huge 0
total_mapped_file 16437248
total_writeback 0
total_swap 7843840
total_pgpgin 488826
total_pgpgout 95619
total_pgfault 588894
total_pgmajfault 877
total_inactive_anon 133713920
total_active_anon 1436708864
total_inactive_file 15306752
total_active_file 24846336
total_unevictable 0
--------------------BLKIO-----------------------
11:0 Read 0
11:0 Write 0
11:0 Sync 0
11:0 Async 0
11:0 Total 0
253:0 Read 68136960
253:0 Write 4797493248
253:0 Sync 4792324096
253:0 Async 73306112
253:0 Total 4865630208
Total 4865630208
--------------------CPUAC-----------------------
user 6234
system 3386
 
Fri May 19 22:36:59 IST 2017
--------------------MEMCG-----------------------
MEM ONLY  : 1535 MB
MEM+SWAP  : 1603 MB
cache 13717504
rss 1596817408
rss_huge 0
mapped_file 2875392
writeback 0
swap 70635520
pgpgin 511115
pgpgout 117918
pgfault 610989
pgmajfault 922
inactive_anon 463425536
active_anon 1133391872
inactive_file 1527808
active_file 12189696
unevictable 0
hierarchical_memory_limit 1610612736
hierarchical_memsw_limit 9223372036854771712
total_cache 13717504
total_rss 1596817408
total_rss_huge 0
total_mapped_file 2875392
total_writeback 0
total_swap 70635520
total_pgpgin 511115
total_pgpgout 117918
total_pgfault 610989
total_pgmajfault 922
total_inactive_anon 463425536
total_active_anon 1133391872
total_inactive_file 1527808
total_active_file 12189696
total_unevictable 0
--------------------BLKIO-----------------------
11:0 Read 0
11:0 Write 0
11:0 Sync 0
11:0 Async 0
11:0 Total 0
253:0 Read 69046272
253:0 Write 5177167872
253:0 Sync 5108633600
253:0 Async 137580544
253:0 Total 5246214144
Total 5246214144
--------------------CPUAC-----------------------
user 6654
system 3609
 
Fri May 19 22:37:29 IST 2017
--------------------MEMCG-----------------------
MEM ONLY  : 1535 MB
MEM+SWAP  : 1667 MB
cache 13438976
rss 1597140992
rss_huge 0
mapped_file 2416640
writeback 0
swap 138358784
pgpgin 528559
pgpgout 135351
pgfault 629241
pgmajfault 1530
inactive_anon 466038784
active_anon 1131102208
inactive_file 573440
active_file 12865536
unevictable 0
hierarchical_memory_limit 1610612736
hierarchical_memsw_limit 9223372036854771712
total_cache 13438976
total_rss 1597140992
total_rss_huge 0
total_mapped_file 2416640
total_writeback 0
total_swap 138358784
total_pgpgin 528559
total_pgpgout 135351
total_pgfault 629241
total_pgmajfault 1530
total_inactive_anon 466038784
total_active_anon 1131102208
total_inactive_file 573440
total_active_file 12865536
total_unevictable 0
--------------------BLKIO-----------------------
11:0 Read 0
11:0 Write 0
11:0 Sync 0
11:0 Async 0
11:0 Total 0
253:0 Read 72523776
253:0 Write 5501579264
253:0 Sync 5354315776
253:0 Async 219787264
253:0 Total 5574103040
Total 5574103040
--------------------CPUAC-----------------------
user 6991
system 3777
 
Fri May 19 22:37:59 IST 2017
--------------------MEMCG-----------------------
MEM ONLY  : 1535 MB
MEM+SWAP  : 1729 MB
cache 13000704
rss 1597566976
rss_huge 0
mapped_file 2150400
writeback 0
swap 202854400
pgpgin 545065
pgpgout 151860
pgfault 646855
pgmajfault 2184
inactive_anon 468770816
active_anon 1128718336
inactive_file 1703936
active_file 11296768
unevictable 0
hierarchical_memory_limit 1610612736
hierarchical_memsw_limit 9223372036854771712
total_cache 13000704
total_rss 1597566976
total_rss_huge 0
total_mapped_file 2150400
total_writeback 0
total_swap 202854400
total_pgpgin 545065
total_pgpgout 151860
total_pgfault 646855
total_pgmajfault 2184
total_inactive_anon 468770816
total_active_anon 1128718336
total_inactive_file 1703936
total_active_file 11296768
total_unevictable 0
--------------------BLKIO-----------------------
11:0 Read 0
11:0 Write 0
11:0 Sync 0
11:0 Async 0
11:0 Total 0
253:0 Read 75231232
253:0 Write 5801181184
253:0 Sync 5582909440
253:0 Async 293502976
253:0 Total 5876412416
Total 5876412416
--------------------CPUAC-----------------------
user 7300
system 3947
 
Fri May 19 22:38:29 IST 2017
--------------------MEMCG-----------------------
MEM ONLY  : 1535 MB
MEM+SWAP  : 1785 MB
cache 12742656
rss 1597624320
rss_huge 0
mapped_file 2072576
writeback 0
swap 262307840
pgpgin 560291
pgpgout 167135
pgfault 663076
pgmajfault 2835
inactive_anon 471101440
active_anon 1126522880
inactive_file 1298432
active_file 11444224
unevictable 0
hierarchical_memory_limit 1610612736
hierarchical_memsw_limit 9223372036854771712
total_cache 12742656
total_rss 1597624320
total_rss_huge 0
total_mapped_file 2072576
total_writeback 0
total_swap 262307840
total_pgpgin 560291
total_pgpgout 167135
total_pgfault 663076
total_pgmajfault 2835
total_inactive_anon 471101440
total_active_anon 1126522880
total_inactive_file 1298432
total_active_file 11444224
total_unevictable 0
--------------------BLKIO-----------------------
11:0 Read 0
11:0 Write 0
11:0 Sync 0
11:0 Async 0
11:0 Total 0
253:0 Read 77938688
253:0 Write 6066274304
253:0 Sync 5789151232
253:0 Async 355061760
253:0 Total 6144212992
Total 6144212992
--------------------CPUAC-----------------------
user 7587
system 4115
 
Fri May 19 22:38:59 IST 2017
--------------------MEMCG-----------------------
MEM ONLY  : 1535 MB
MEM+SWAP  : 1848 MB
cache 12365824
rss 1598173184
rss_huge 0
mapped_file 1695744
writeback 131072
swap 327528448
pgpgin 576901
pgpgout 183703
pgfault 680560
pgmajfault 3380
inactive_anon 473997312
active_anon 1124175872
inactive_file 450560
active_file 11915264
unevictable 0
hierarchical_memory_limit 1610612736
hierarchical_memsw_limit 9223372036854771712
total_cache 12365824
total_rss 1598173184
total_rss_huge 0
total_mapped_file 1695744
total_writeback 131072
total_swap 327528448
total_pgpgin 576901
total_pgpgout 183703
total_pgfault 680560
total_pgmajfault 3380
total_inactive_anon 473997312
total_active_anon 1124175872
total_inactive_file 450560
total_active_file 11915264
total_unevictable 0
--------------------BLKIO-----------------------
11:0 Read 0
11:0 Write 0
11:0 Sync 0
11:0 Async 0
11:0 Total 0
253:0 Read 80236544
253:0 Write 6370414592
253:0 Sync 6026166272
253:0 Async 424484864
253:0 Total 6450651136
Total 6450651136
--------------------CPUAC-----------------------
user 7906
system 4302
 
