java -cp /home/ubuntu/ycsb/mongodb-binding/conf:/home/ubuntu/ycsb/conf:/home/ubuntu/ycsb/lib/jackson-mapper-asl-1.9.4.jar:/home/ubuntu/ycsb/lib/jackson-core-asl-1.9.4.jar:/home/ubuntu/ycsb/lib/htrace-core4-4.1.0-incubating.jar:/home/ubuntu/ycsb/lib/core-0.12.0.jar:/home/ubuntu/ycsb/lib/HdrHistogram-2.1.4.jar:/home/ubuntu/ycsb/mongodb-binding/lib/mongo-java-driver-3.0.3.jar:/home/ubuntu/ycsb/mongodb-binding/lib/logback-core-1.1.2.jar:/home/ubuntu/ycsb/mongodb-binding/lib/mongodb-binding-0.12.0.jar:/home/ubuntu/ycsb/mongodb-binding/lib/logback-classic-1.1.2.jar:/home/ubuntu/ycsb/mongodb-binding/lib/mongodb-async-driver-2.0.1.jar:/home/ubuntu/ycsb/mongodb-binding/lib/slf4j-api-1.6.4.jar com.yahoo.ycsb.Client -db com.yahoo.ycsb.db.MongoDbClient -s -P /home/ubuntu/ycsb/workloads/workload1 -p mongodb.url=mongodb://10.0.3.220:27017/ycsb?w=0 -p maxexecutiontime=120 -t
YCSB Client 0.12.0
Command line: -db com.yahoo.ycsb.db.MongoDbClient -s -P /home/ubuntu/ycsb/workloads/workload1 -p mongodb.url=mongodb://10.0.3.220:27017/ycsb?w=0 -p maxexecutiontime=120 -t
Loading workload...
Starting test.
Maximum execution time specified as: 120 secs
2017-06-25 01:11:31:028 0 sec: 0 operations; est completion in 0 seconds 
mongo client connection created with mongodb://10.0.3.220:27017/ycsb?w=0
DBWrapper: report latency for each error is false and specific error codes to track for latency are: []
2017-06-25 01:11:41:017 10 sec: 2870 operations; 287 current ops/sec; est completion in 9 hours 40 minutes [READ: Count=2870, Max=58367, Min=132, Avg=3362.1, 90=12327, 99=23055, 99.9=38815, 99.99=58367] 
2017-06-25 01:11:51:017 20 sec: 5903 operations; 303.3 current ops/sec; est completion in 9 hours 24 minutes [READ: Count=3033, Max=49407, Min=126, Avg=3290.14, 90=12647, 99=22623, 99.9=45599, 99.99=49407] 
2017-06-25 01:12:01:017 30 sec: 9019 operations; 311.6 current ops/sec; est completion in 9 hours 13 minutes [READ: Count=3116, Max=46399, Min=110, Avg=3204.3, 90=12791, 99=22159, 99.9=34815, 99.99=46399] 
2017-06-25 01:12:11:017 40 sec: 12253 operations; 323.4 current ops/sec; est completion in 9 hours 3 minutes [READ: Count=3234, Max=51231, Min=104, Avg=3085.88, 90=12759, 99=21215, 99.9=39327, 99.99=51231] 
2017-06-25 01:12:21:017 50 sec: 15450 operations; 319.7 current ops/sec; est completion in 8 hours 58 minutes [READ: Count=3197, Max=48287, Min=103, Avg=3126.41, 90=12439, 99=21839, 99.9=33567, 99.99=48287] 
2017-06-25 01:12:31:017 60 sec: 18637 operations; 318.7 current ops/sec; est completion in 8 hours 55 minutes [READ: Count=3187, Max=64031, Min=102, Avg=3126.06, 90=12727, 99=22447, 99.9=35135, 99.99=64031] 
2017-06-25 01:12:41:017 70 sec: 22042 operations; 340.5 current ops/sec; est completion in 8 hours 48 minutes [READ: Count=3405, Max=48319, Min=101, Avg=2934.04, 90=11983, 99=24463, 99.9=42495, 99.99=48319] 
2017-06-25 01:12:51:017 80 sec: 25339 operations; 329.7 current ops/sec; est completion in 8 hours 44 minutes [READ: Count=3297, Max=57055, Min=103, Avg=3029.48, 90=12551, 99=21167, 99.9=40671, 99.99=57055] 
2017-06-25 01:13:01:017 90 sec: 28599 operations; 326 current ops/sec; est completion in 8 hours 43 minutes [READ: Count=3260, Max=50207, Min=105, Avg=3060.04, 90=12455, 99=23231, 99.9=46079, 99.99=50207] 
2017-06-25 01:13:11:017 100 sec: 31932 operations; 333.3 current ops/sec; est completion in 8 hours 40 minutes [READ: Count=3333, Max=44383, Min=103, Avg=2997.24, 90=12231, 99=21023, 99.9=43103, 99.99=44383] 
2017-06-25 01:13:21:017 110 sec: 34974 operations; 304.2 current ops/sec; est completion in 8 hours 42 minutes [READ: Count=3042, Max=61055, Min=102, Avg=3287.11, 90=12983, 99=21807, 99.9=42591, 99.99=61055] 
2017-06-25 01:13:31:017 120 sec: 38048 operations; 307.4 current ops/sec; est completion in 8 hours 43 minutes [READ: Count=3074, Max=76479, Min=103, Avg=3249.34, 90=12975, 99=23647, 99.9=44415, 99.99=76479] 
Maximum time elapsed. Requesting stop for the workload.
Stop requested for workload. Now Joining!
2017-06-25 01:13:31:033 120 sec: 38049 operations; 62.5 current ops/sec; est completion in 8 hours 43 minutes [READ: Count=1, Max=15847, Min=15840, Avg=15844, 90=15847, 99=15847, 99.9=15847, 99.99=15847] [CLEANUP: Count=1, Max=1140, Min=1140, Avg=1140, 90=1140, 99=1140, 99.9=1140, 99.99=1140] 
[OVERALL], RunTime(ms), 120016.0
[OVERALL], Throughput(ops/sec), 317.0327289694707
[TOTAL_GCS_PS_Scavenge], Count, 63.0
[TOTAL_GC_TIME_PS_Scavenge], Time(ms), 89.0
[TOTAL_GC_TIME_%_PS_Scavenge], Time(%), 0.07415677909612052
[TOTAL_GCS_PS_MarkSweep], Count, 0.0
[TOTAL_GC_TIME_PS_MarkSweep], Time(ms), 0.0
[TOTAL_GC_TIME_%_PS_MarkSweep], Time(%), 0.0
[TOTAL_GCs], Count, 63.0
[TOTAL_GC_TIME], Time(ms), 89.0
[TOTAL_GC_TIME_%], Time(%), 0.07415677909612052
[READ], Operations, 38049.0
[READ], AverageLatency(us), 3140.642355909485
[READ], MinLatency(us), 101.0
[READ], MaxLatency(us), 76479.0
[READ], 95thPercentileLatency(us), 15911.0
[READ], 99thPercentileLatency(us), 22623.0
[READ], Return=OK, 38049
[CLEANUP], Operations, 1.0
[CLEANUP], AverageLatency(us), 1140.0
[CLEANUP], MinLatency(us), 1140.0
[CLEANUP], MaxLatency(us), 1140.0
[CLEANUP], 95thPercentileLatency(us), 1140.0
[CLEANUP], 99thPercentileLatency(us), 1140.0
