Sat May 20 02:31:27 IST 2017
--------------------MEMCG-----------------------
MEM ONLY  : 130 MB
MEM+SWAP  : 130 MB
cache 78225408
rss 58449920
rss_huge 0
mapped_file 36749312
writeback 0
swap 0
pgpgin 130232
pgpgout 96864
pgfault 190062
pgmajfault 489
inactive_anon 45056
active_anon 58474496
inactive_file 63623168
active_file 14520320
unevictable 4096
hierarchical_memory_limit 6442450944
hierarchical_memsw_limit 32212254720
total_cache 78225408
total_rss 58449920
total_rss_huge 0
total_mapped_file 36749312
total_writeback 0
total_swap 0
total_pgpgin 130232
total_pgpgout 96864
total_pgfault 190062
total_pgmajfault 489
total_inactive_anon 45056
total_active_anon 58474496
total_inactive_file 63623168
total_active_file 14520320
total_unevictable 4096
--------------------BLKIO-----------------------
11:0 Read 0
11:0 Write 0
11:0 Sync 0
11:0 Async 0
11:0 Total 0
253:0 Read 78016512
253:0 Write 307200
253:0 Sync 61440
253:0 Async 78262272
253:0 Total 78323712
Total 78323712
--------------------CPUAC-----------------------
user 61
system 107
 
Sat May 20 02:31:57 IST 2017
--------------------MEMCG-----------------------
MEM ONLY  : 288 MB
MEM+SWAP  : 288 MB
cache 159473664
rss 142802944
rss_huge 0
mapped_file 36610048
writeback 0
swap 0
pgpgin 170830
pgpgout 97032
pgfault 210855
pgmajfault 489
inactive_anon 45056
active_anon 142827520
inactive_file 144855040
active_file 14544896
unevictable 4096
hierarchical_memory_limit 6442450944
hierarchical_memsw_limit 32212254720
total_cache 159473664
total_rss 142802944
total_rss_huge 0
total_mapped_file 36610048
total_writeback 0
total_swap 0
total_pgpgin 170830
total_pgpgout 97032
total_pgfault 210855
total_pgmajfault 489
total_inactive_anon 45056
total_active_anon 142827520
total_inactive_file 144855040
total_active_file 14544896
total_unevictable 4096
--------------------BLKIO-----------------------
11:0 Read 0
11:0 Write 0
11:0 Sync 0
11:0 Async 0
11:0 Total 0
253:0 Read 159256576
253:0 Write 442368
253:0 Sync 159744
253:0 Async 159539200
253:0 Total 159698944
Total 159698944
--------------------CPUAC-----------------------
user 98
system 130
 
Sat May 20 02:32:27 IST 2017
--------------------MEMCG-----------------------
MEM ONLY  : 448 MB
MEM+SWAP  : 448 MB
cache 242663424
rss 228024320
rss_huge 0
mapped_file 36610048
writeback 0
swap 0
pgpgin 212045
pgpgout 97131
pgfault 231780
pgmajfault 489
inactive_anon 45056
active_anon 228048896
inactive_file 228036608
active_file 14544896
unevictable 4096
hierarchical_memory_limit 6442450944
hierarchical_memsw_limit 32212254720
total_cache 242663424
total_rss 228024320
total_rss_huge 0
total_mapped_file 36610048
total_writeback 0
total_swap 0
total_pgpgin 212045
total_pgpgout 97131
total_pgfault 231780
total_pgmajfault 489
total_inactive_anon 45056
total_active_anon 228048896
total_inactive_file 228036608
total_active_file 14544896
total_unevictable 4096
--------------------BLKIO-----------------------
11:0 Read 0
11:0 Write 0
11:0 Sync 0
11:0 Async 0
11:0 Total 0
253:0 Read 242442240
253:0 Write 483328
253:0 Sync 159744
253:0 Async 242765824
253:0 Total 242925568
Total 242925568
--------------------CPUAC-----------------------
user 129
system 154
 
Sat May 20 02:32:57 IST 2017
--------------------MEMCG-----------------------
MEM ONLY  : 556 MB
MEM+SWAP  : 556 MB
cache 327397376
rss 256507904
rss_huge 0
mapped_file 36610048
writeback 0
swap 0
pgpgin 239789
pgpgout 97234
pgfault 238831
pgmajfault 489
inactive_anon 45056
active_anon 256532480
inactive_file 305913856
active_file 21381120
unevictable 4096
hierarchical_memory_limit 6442450944
hierarchical_memsw_limit 32212254720
total_cache 327397376
total_rss 256507904
total_rss_huge 0
total_mapped_file 36610048
total_writeback 0
total_swap 0
total_pgpgin 239789
total_pgpgout 97234
total_pgfault 238831
total_pgmajfault 489
total_inactive_anon 45056
total_active_anon 256532480
total_inactive_file 305913856
total_active_file 21381120
total_unevictable 4096
--------------------BLKIO-----------------------
11:0 Read 0
11:0 Write 0
11:0 Sync 0
11:0 Async 0
11:0 Total 0
253:0 Read 327176192
253:0 Write 569344
253:0 Sync 196608
253:0 Async 327548928
253:0 Total 327745536
Total 327745536
--------------------CPUAC-----------------------
user 169
system 177
 
Sat May 20 02:33:27 IST 2017
--------------------MEMCG-----------------------
MEM ONLY  : 639 MB
MEM+SWAP  : 639 MB
cache 412925952
rss 257654784
rss_huge 0
mapped_file 36610048
writeback 0
swap 0
pgpgin 261108
pgpgout 97392
pgfault 239257
pgmajfault 489
inactive_anon 45056
active_anon 257679360
inactive_file 385216512
active_file 27635712
unevictable 4096
hierarchical_memory_limit 6442450944
hierarchical_memsw_limit 32212254720
total_cache 412925952
total_rss 257654784
total_rss_huge 0
total_mapped_file 36610048
total_writeback 0
total_swap 0
total_pgpgin 261108
total_pgpgout 97392
total_pgfault 239257
total_pgmajfault 489
total_inactive_anon 45056
total_active_anon 257679360
total_inactive_file 385216512
total_active_file 27635712
total_unevictable 4096
--------------------BLKIO-----------------------
11:0 Read 0
11:0 Write 0
11:0 Sync 0
11:0 Async 0
11:0 Total 0
253:0 Read 412692480
253:0 Write 626688
253:0 Sync 196608
253:0 Async 413122560
253:0 Total 413319168
Total 413319168
--------------------CPUAC-----------------------
user 215
system 203
 
Sat May 20 02:33:57 IST 2017
--------------------MEMCG-----------------------
MEM ONLY  : 724 MB
MEM+SWAP  : 724 MB
cache 501673984
rss 257785856
rss_huge 0
mapped_file 36610048
writeback 0
swap 0
pgpgin 283003
pgpgout 97588
pgfault 239470
pgmajfault 489
inactive_anon 45056
active_anon 257810432
inactive_file 465383424
active_file 36216832
unevictable 4096
hierarchical_memory_limit 6442450944
hierarchical_memsw_limit 32212254720
total_cache 501673984
total_rss 257785856
total_rss_huge 0
total_mapped_file 36610048
total_writeback 0
total_swap 0
total_pgpgin 283003
total_pgpgout 97588
total_pgfault 239470
total_pgmajfault 489
total_inactive_anon 45056
total_active_anon 257810432
total_inactive_file 465383424
total_active_file 36216832
total_unevictable 4096
--------------------BLKIO-----------------------
11:0 Read 0
11:0 Write 0
11:0 Sync 0
11:0 Async 0
11:0 Total 0
253:0 Read 501436416
253:0 Write 692224
253:0 Sync 196608
253:0 Async 501932032
253:0 Total 502128640
Total 502128640
--------------------CPUAC-----------------------
user 272
system 231
 
Sat May 20 02:34:27 IST 2017
--------------------MEMCG-----------------------
MEM ONLY  : 809 MB
MEM+SWAP  : 809 MB
cache 591138816
rss 257679360
rss_huge 0
mapped_file 36610048
writeback 0
swap 0
pgpgin 304971
pgpgout 97740
pgfault 239578
pgmajfault 489
inactive_anon 45056
active_anon 257703936
inactive_file 544997376
active_file 46026752
unevictable 4096
hierarchical_memory_limit 6442450944
hierarchical_memsw_limit 32212254720
total_cache 591138816
total_rss 257679360
total_rss_huge 0
total_mapped_file 36610048
total_writeback 0
total_swap 0
total_pgpgin 304971
total_pgpgout 97740
total_pgfault 239578
total_pgmajfault 489
total_inactive_anon 45056
total_active_anon 257703936
total_inactive_file 544997376
total_active_file 46026752
total_unevictable 4096
--------------------BLKIO-----------------------
11:0 Read 0
11:0 Write 0
11:0 Sync 0
11:0 Async 0
11:0 Total 0
253:0 Read 590901248
253:0 Write 765952
253:0 Sync 196608
253:0 Async 591470592
253:0 Total 591667200
Total 591667200
--------------------CPUAC-----------------------
user 328
system 263
 
Sat May 20 02:34:57 IST 2017
--------------------MEMCG-----------------------
MEM ONLY  : 896 MB
MEM+SWAP  : 896 MB
cache 682631168
rss 257863680
rss_huge 0
mapped_file 36610048
writeback 0
swap 0
pgpgin 327462
pgpgout 97849
pgfault 239714
pgmajfault 489
inactive_anon 45056
active_anon 257888256
inactive_file 622202880
active_file 60297216
unevictable 4096
hierarchical_memory_limit 6442450944
hierarchical_memsw_limit 32212254720
total_cache 682631168
total_rss 257863680
total_rss_huge 0
total_mapped_file 36610048
total_writeback 0
total_swap 0
total_pgpgin 327462
total_pgpgout 97849
total_pgfault 239714
total_pgmajfault 489
total_inactive_anon 45056
total_active_anon 257888256
total_inactive_file 622202880
total_active_file 60297216
total_unevictable 4096
--------------------BLKIO-----------------------
11:0 Read 0
11:0 Write 0
11:0 Sync 0
11:0 Async 0
11:0 Total 0
253:0 Read 682389504
253:0 Write 847872
253:0 Sync 196608
253:0 Async 683040768
253:0 Total 683237376
Total 683237376
--------------------CPUAC-----------------------
user 385
system 291
 
Sat May 20 02:35:27 IST 2017
--------------------MEMCG-----------------------
MEM ONLY  : 986 MB
MEM+SWAP  : 986 MB
cache 776998912
rss 257888256
rss_huge 0
mapped_file 36610048
writeback 0
swap 0
pgpgin 350618
pgpgout 97960
pgfault 239810
pgmajfault 489
inactive_anon 45056
active_anon 257912832
inactive_file 697638912
active_file 79286272
unevictable 4096
hierarchical_memory_limit 6442450944
hierarchical_memsw_limit 32212254720
total_cache 776998912
total_rss 257888256
total_rss_huge 0
total_mapped_file 36610048
total_writeback 0
total_swap 0
total_pgpgin 350618
total_pgpgout 97960
total_pgfault 239810
total_pgmajfault 489
total_inactive_anon 45056
total_active_anon 257912832
total_inactive_file 697638912
total_active_file 79286272
total_unevictable 4096
--------------------BLKIO-----------------------
11:0 Read 0
11:0 Write 0
11:0 Sync 0
11:0 Async 0
11:0 Total 0
253:0 Read 776757248
253:0 Write 933888
253:0 Sync 196608
253:0 Async 777494528
253:0 Total 777691136
Total 777691136
--------------------CPUAC-----------------------
user 438
system 320
 
Sat May 20 02:35:57 IST 2017
--------------------MEMCG-----------------------
MEM ONLY  : 1082 MB
MEM+SWAP  : 1082 MB
cache 876916736
rss 258031616
rss_huge 0
mapped_file 36610048
writeback 0
swap 0
pgpgin 375174
pgpgout 98087
pgfault 239949
pgmajfault 489
inactive_anon 45056
active_anon 258056192
inactive_file 774488064
active_file 102354944
unevictable 4096
hierarchical_memory_limit 6442450944
hierarchical_memsw_limit 32212254720
total_cache 876916736
total_rss 258031616
total_rss_huge 0
total_mapped_file 36610048
total_writeback 0
total_swap 0
total_pgpgin 375174
total_pgpgout 98087
total_pgfault 239949
total_pgmajfault 489
total_inactive_anon 45056
total_active_anon 258056192
total_inactive_file 774488064
total_active_file 102354944
total_unevictable 4096
--------------------BLKIO-----------------------
11:0 Read 0
11:0 Write 0
11:0 Sync 0
11:0 Async 0
11:0 Total 0
253:0 Read 876670976
253:0 Write 999424
253:0 Sync 196608
253:0 Async 877473792
253:0 Total 877670400
Total 877670400
--------------------CPUAC-----------------------
user 501
system 352
 
Sat May 20 02:36:27 IST 2017
--------------------MEMCG-----------------------
MEM ONLY  : 1182 MB
MEM+SWAP  : 1182 MB
cache 981880832
rss 258113536
rss_huge 0
mapped_file 36610048
writeback 0
swap 0
pgpgin 400915
pgpgout 98182
pgfault 240059
pgmajfault 489
inactive_anon 45056
active_anon 258138112
inactive_file 852193280
active_file 129613824
unevictable 4096
hierarchical_memory_limit 6442450944
hierarchical_memsw_limit 32212254720
total_cache 981880832
total_rss 258113536
total_rss_huge 0
total_mapped_file 36610048
total_writeback 0
total_swap 0
total_pgpgin 400915
total_pgpgout 98182
total_pgfault 240059
total_pgmajfault 489
total_inactive_anon 45056
total_active_anon 258138112
total_inactive_file 852193280
total_active_file 129613824
total_unevictable 4096
--------------------BLKIO-----------------------
11:0 Read 0
11:0 Write 0
11:0 Sync 0
11:0 Async 0
11:0 Total 0
253:0 Read 981622784
253:0 Write 1024000
253:0 Sync 196608
253:0 Async 982450176
253:0 Total 982646784
Total 982646784
--------------------CPUAC-----------------------
user 562
system 386
 
Sat May 20 02:36:57 IST 2017
--------------------MEMCG-----------------------
MEM ONLY  : 1285 MB
MEM+SWAP  : 1285 MB
cache 1089679360
rss 258166784
rss_huge 0
mapped_file 36610048
writeback 0
swap 0
pgpgin 427345
pgpgout 98281
pgfault 240162
pgmajfault 489
inactive_anon 45056
active_anon 258191360
inactive_file 925265920
active_file 164331520
unevictable 4096
hierarchical_memory_limit 6442450944
hierarchical_memsw_limit 32212254720
total_cache 1089679360
total_rss 258166784
total_rss_huge 0
total_mapped_file 36610048
total_writeback 0
total_swap 0
total_pgpgin 427345
total_pgpgout 98281
total_pgfault 240162
total_pgmajfault 489
total_inactive_anon 45056
total_active_anon 258191360
total_inactive_file 925265920
total_active_file 164331520
total_unevictable 4096
--------------------BLKIO-----------------------
11:0 Read 0
11:0 Write 0
11:0 Sync 0
11:0 Async 0
11:0 Total 0
253:0 Read 1089421312
253:0 Write 1060864
253:0 Sync 196608
253:0 Async 1090285568
253:0 Total 1090482176
Total 1090482176
--------------------CPUAC-----------------------
user 625
system 420
 
Sat May 20 02:37:27 IST 2017
--------------------MEMCG-----------------------
MEM ONLY  : 1391 MB
MEM+SWAP  : 1391 MB
cache 1201250304
rss 258113536
rss_huge 0
mapped_file 36610048
writeback 0
swap 0
pgpgin 454780
pgpgout 98490
pgfault 240347
pgmajfault 489
inactive_anon 45056
active_anon 258138112
inactive_file 992477184
active_file 208687104
unevictable 4096
hierarchical_memory_limit 6442450944
hierarchical_memsw_limit 32212254720
total_cache 1201250304
total_rss 258113536
total_rss_huge 0
total_mapped_file 36610048
total_writeback 0
total_swap 0
total_pgpgin 454780
total_pgpgout 98490
total_pgfault 240347
total_pgmajfault 489
total_inactive_anon 45056
total_active_anon 258138112
total_inactive_file 992477184
total_active_file 208687104
total_unevictable 4096
--------------------BLKIO-----------------------
11:0 Read 0
11:0 Write 0
11:0 Sync 0
11:0 Async 0
11:0 Total 0
253:0 Read 1200988160
253:0 Write 1110016
253:0 Sync 196608
253:0 Async 1201901568
253:0 Total 1202098176
Total 1202098176
--------------------CPUAC-----------------------
user 692
system 451
 
Sat May 20 02:37:57 IST 2017
--------------------MEMCG-----------------------
MEM ONLY  : 1502 MB
MEM+SWAP  : 1502 MB
cache 1317355520
rss 257732608
rss_huge 0
mapped_file 36610048
writeback 0
swap 0
pgpgin 483285
pgpgout 98742
pgfault 240493
pgmajfault 489
inactive_anon 45056
active_anon 257757184
inactive_file 1054060544
active_file 263163904
unevictable 4096
hierarchical_memory_limit 6442450944
hierarchical_memsw_limit 32212254720
total_cache 1317355520
total_rss 257732608
total_rss_huge 0
total_mapped_file 36610048
total_writeback 0
total_swap 0
total_pgpgin 483285
total_pgpgout 98742
total_pgfault 240493
total_pgmajfault 489
total_inactive_anon 45056
total_active_anon 257757184
total_inactive_file 1054060544
total_active_file 263163904
total_unevictable 4096
--------------------BLKIO-----------------------
11:0 Read 0
11:0 Write 0
11:0 Sync 0
11:0 Async 0
11:0 Total 0
253:0 Read 1317089280
253:0 Write 1167360
253:0 Sync 196608
253:0 Async 1318060032
253:0 Total 1318256640
Total 1318256640
--------------------CPUAC-----------------------
user 765
system 489
 
Sat May 20 02:38:27 IST 2017
--------------------MEMCG-----------------------
MEM ONLY  : 1617 MB
MEM+SWAP  : 1617 MB
cache 1438343168
rss 257495040
rss_huge 0
mapped_file 36610048
writeback 0
swap 0
pgpgin 512969
pgpgout 98946
pgfault 240624
pgmajfault 489
inactive_anon 45056
active_anon 257519616
inactive_file 1122410496
active_file 315850752
unevictable 4096
hierarchical_memory_limit 6442450944
hierarchical_memsw_limit 32212254720
total_cache 1438343168
total_rss 257495040
total_rss_huge 0
total_mapped_file 36610048
total_writeback 0
total_swap 0
total_pgpgin 512969
total_pgpgout 98946
total_pgfault 240624
total_pgmajfault 489
total_inactive_anon 45056
total_active_anon 257519616
total_inactive_file 1122410496
total_active_file 315850752
total_unevictable 4096
--------------------BLKIO-----------------------
11:0 Read 0
11:0 Write 0
11:0 Sync 0
11:0 Async 0
11:0 Total 0
253:0 Read 1438072832
253:0 Write 1232896
253:0 Sync 196608
253:0 Async 1439109120
253:0 Total 1439305728
Total 1439305728
--------------------CPUAC-----------------------
user 834
system 527
 
Sat May 20 02:38:57 IST 2017
--------------------MEMCG-----------------------
MEM ONLY  : 1733 MB
MEM+SWAP  : 1733 MB
cache 1560875008
rss 256868352
rss_huge 0
mapped_file 36610048
writeback 0
swap 0
pgpgin 543025
pgpgout 99240
pgfault 240747
pgmajfault 489
inactive_anon 45056
active_anon 256892928
inactive_file 1176580096
active_file 384221184
unevictable 4096
hierarchical_memory_limit 6442450944
hierarchical_memsw_limit 32212254720
total_cache 1560875008
total_rss 256868352
total_rss_huge 0
total_mapped_file 36610048
total_writeback 0
total_swap 0
total_pgpgin 543025
total_pgpgout 99240
total_pgfault 240747
total_pgmajfault 489
total_inactive_anon 45056
total_active_anon 256892928
total_inactive_file 1176580096
total_active_file 384221184
total_unevictable 4096
--------------------BLKIO-----------------------
11:0 Read 0
11:0 Write 0
11:0 Sync 0
11:0 Async 0
11:0 Total 0
253:0 Read 1560604672
253:0 Write 1306624
253:0 Sync 196608
253:0 Async 1561714688
253:0 Total 1561911296
Total 1561911296
--------------------CPUAC-----------------------
user 900
system 568
 
Sat May 20 02:39:27 IST 2017
--------------------MEMCG-----------------------
MEM ONLY  : 1856 MB
MEM+SWAP  : 1856 MB
cache 1689460736
rss 256720896
rss_huge 0
mapped_file 36610048
writeback 0
swap 0
pgpgin 574653
pgpgout 99511
pgfault 240963
pgmajfault 489
inactive_anon 45056
active_anon 256745472
inactive_file 1229557760
active_file 459829248
unevictable 4096
hierarchical_memory_limit 6442450944
hierarchical_memsw_limit 32212254720
total_cache 1689460736
total_rss 256720896
total_rss_huge 0
total_mapped_file 36610048
total_writeback 0
total_swap 0
total_pgpgin 574653
total_pgpgout 99511
total_pgfault 240963
total_pgmajfault 489
total_inactive_anon 45056
total_active_anon 256745472
total_inactive_file 1229557760
total_active_file 459829248
total_unevictable 4096
--------------------BLKIO-----------------------
11:0 Read 0
11:0 Write 0
11:0 Sync 0
11:0 Async 0
11:0 Total 0
253:0 Read 1689186304
253:0 Write 1388544
253:0 Sync 196608
253:0 Async 1690378240
253:0 Total 1690574848
Total 1690574848
--------------------CPUAC-----------------------
user 972
system 603
 
Sat May 20 02:39:57 IST 2017
--------------------MEMCG-----------------------
MEM ONLY  : 1980 MB
MEM+SWAP  : 1980 MB
cache 1819840512
rss 256364544
rss_huge 0
mapped_file 36610048
writeback 0
swap 0
pgpgin 606713
pgpgout 99827
pgfault 241171
pgmajfault 489
inactive_anon 45056
active_anon 256389120
inactive_file 1270845440
active_file 548921344
unevictable 4096
hierarchical_memory_limit 6442450944
hierarchical_memsw_limit 32212254720
total_cache 1819840512
total_rss 256364544
total_rss_huge 0
total_mapped_file 36610048
total_writeback 0
total_swap 0
total_pgpgin 606713
total_pgpgout 99827
total_pgfault 241171
total_pgmajfault 489
total_inactive_anon 45056
total_active_anon 256389120
total_inactive_file 1270845440
total_active_file 548921344
total_unevictable 4096
--------------------BLKIO-----------------------
11:0 Read 0
11:0 Write 0
11:0 Sync 0
11:0 Async 0
11:0 Total 0
253:0 Read 1819561984
253:0 Write 1478656
253:0 Sync 196608
253:0 Async 1820844032
253:0 Total 1821040640
Total 1821040640
--------------------CPUAC-----------------------
user 1057
system 650
 
Sat May 20 02:40:27 IST 2017
--------------------MEMCG-----------------------
MEM ONLY  : 2109 MB
MEM+SWAP  : 2109 MB
cache 1954455552
rss 257622016
rss_huge 0
mapped_file 36610048
writeback 0
swap 0
pgpgin 640012
pgpgout 99954
pgfault 241581
pgmajfault 489
inactive_anon 45056
active_anon 257646592
inactive_file 1289981952
active_file 664399872
unevictable 4096
hierarchical_memory_limit 6442450944
hierarchical_memsw_limit 32212254720
total_cache 1954455552
total_rss 257622016
total_rss_huge 0
total_mapped_file 36610048
total_writeback 0
total_swap 0
total_pgpgin 640012
total_pgpgout 99954
total_pgfault 241581
total_pgmajfault 489
total_inactive_anon 45056
total_active_anon 257646592
total_inactive_file 1289981952
total_active_file 664399872
total_unevictable 4096
--------------------BLKIO-----------------------
11:0 Read 0
11:0 Write 0
11:0 Sync 0
11:0 Async 0
11:0 Total 0
253:0 Read 1954177024
253:0 Write 1576960
253:0 Sync 196608
253:0 Async 1955557376
253:0 Total 1955753984
Total 1955753984
--------------------CPUAC-----------------------
user 1154
system 693
 
Sat May 20 02:40:57 IST 2017
--------------------MEMCG-----------------------
MEM ONLY  : 2238 MB
MEM+SWAP  : 2238 MB
cache 2087981056
rss 258854912
rss_huge 0
mapped_file 36610048
writeback 0
swap 0
pgpgin 673042
pgpgout 100084
pgfault 241988
pgmajfault 489
inactive_anon 45056
active_anon 258879488
inactive_file 1286361088
active_file 801546240
unevictable 4096
hierarchical_memory_limit 6442450944
hierarchical_memsw_limit 32212254720
total_cache 2087981056
total_rss 258854912
total_rss_huge 0
total_mapped_file 36610048
total_writeback 0
total_swap 0
total_pgpgin 673042
total_pgpgout 100084
total_pgfault 241988
total_pgmajfault 489
total_inactive_anon 45056
total_active_anon 258879488
total_inactive_file 1286361088
total_active_file 801546240
total_unevictable 4096
--------------------BLKIO-----------------------
11:0 Read 0
11:0 Write 0
11:0 Sync 0
11:0 Async 0
11:0 Total 0
253:0 Read 2087723008
253:0 Write 1646592
253:0 Sync 196608
253:0 Async 2089172992
253:0 Total 2089369600
Total 2089369600
--------------------CPUAC-----------------------
user 1273
system 757
 
Sat May 20 02:41:27 IST 2017
--------------------MEMCG-----------------------
MEM ONLY  : 2330 MB
MEM+SWAP  : 2330 MB
cache 2182926336
rss 261165056
rss_huge 0
mapped_file 37384192
writeback 0
swap 0
pgpgin 696973
pgpgout 100271
pgfault 242759
pgmajfault 499
inactive_anon 45056
active_anon 261189632
inactive_file 1253646336
active_file 929206272
unevictable 4096
hierarchical_memory_limit 6442450944
hierarchical_memsw_limit 32212254720
total_cache 2182926336
total_rss 261165056
total_rss_huge 0
total_mapped_file 37384192
total_writeback 0
total_swap 0
total_pgpgin 696973
total_pgpgout 100271
total_pgfault 242759
total_pgmajfault 499
total_inactive_anon 45056
total_active_anon 261189632
total_inactive_file 1253646336
total_active_file 929206272
total_unevictable 4096
--------------------BLKIO-----------------------
11:0 Read 0
11:0 Write 0
11:0 Sync 0
11:0 Async 0
11:0 Total 0
253:0 Read 2182627328
253:0 Write 1671168
253:0 Sync 196608
253:0 Async 2184101888
253:0 Total 2184298496
Total 2184298496
--------------------CPUAC-----------------------
user 1379
system 804
 
Sat May 20 02:41:57 IST 2017
--------------------MEMCG-----------------------
MEM ONLY  : 2330 MB
MEM+SWAP  : 2330 MB
cache 2182926336
rss 261165056
rss_huge 0
mapped_file 37384192
writeback 0
swap 0
pgpgin 697072
pgpgout 100370
pgfault 242849
pgmajfault 499
inactive_anon 45056
active_anon 261189632
inactive_file 1253646336
active_file 929206272
unevictable 4096
hierarchical_memory_limit 6442450944
hierarchical_memsw_limit 32212254720
total_cache 2182926336
total_rss 261165056
total_rss_huge 0
total_mapped_file 37384192
total_writeback 0
total_swap 0
total_pgpgin 697072
total_pgpgout 100370
total_pgfault 242849
total_pgmajfault 499
total_inactive_anon 45056
total_active_anon 261189632
total_inactive_file 1253646336
total_active_file 929206272
total_unevictable 4096
--------------------BLKIO-----------------------
11:0 Read 0
11:0 Write 0
11:0 Sync 0
11:0 Async 0
11:0 Total 0
253:0 Read 2182627328
253:0 Write 1708032
253:0 Sync 196608
253:0 Async 2184138752
253:0 Total 2184335360
Total 2184335360
--------------------CPUAC-----------------------
user 1392
system 808
 
Sat May 20 02:42:27 IST 2017
--------------------MEMCG-----------------------
MEM ONLY  : 2330 MB
MEM+SWAP  : 2330 MB
cache 2182926336
rss 261165056
rss_huge 0
mapped_file 37384192
writeback 0
swap 0
pgpgin 697171
pgpgout 100469
pgfault 242939
pgmajfault 499
inactive_anon 45056
active_anon 261189632
inactive_file 1253646336
active_file 929206272
unevictable 4096
hierarchical_memory_limit 6442450944
hierarchical_memsw_limit 32212254720
total_cache 2182926336
total_rss 261165056
total_rss_huge 0
total_mapped_file 37384192
total_writeback 0
total_swap 0
total_pgpgin 697171
total_pgpgout 100469
total_pgfault 242939
total_pgmajfault 499
total_inactive_anon 45056
total_active_anon 261189632
total_inactive_file 1253646336
total_active_file 929206272
total_unevictable 4096
--------------------BLKIO-----------------------
11:0 Read 0
11:0 Write 0
11:0 Sync 0
11:0 Async 0
11:0 Total 0
253:0 Read 2182627328
253:0 Write 1744896
253:0 Sync 196608
253:0 Async 2184175616
253:0 Total 2184372224
Total 2184372224
--------------------CPUAC-----------------------
user 1405
system 810
 
Sat May 20 02:42:57 IST 2017
--------------------MEMCG-----------------------
MEM ONLY  : 2330 MB
MEM+SWAP  : 2330 MB
cache 2182926336
rss 261165056
rss_huge 0
mapped_file 37384192
writeback 0
swap 0
pgpgin 697270
pgpgout 100568
pgfault 243029
pgmajfault 499
inactive_anon 45056
active_anon 261189632
inactive_file 1253646336
active_file 929206272
unevictable 4096
hierarchical_memory_limit 6442450944
hierarchical_memsw_limit 32212254720
total_cache 2182926336
total_rss 261165056
total_rss_huge 0
total_mapped_file 37384192
total_writeback 0
total_swap 0
total_pgpgin 697270
total_pgpgout 100568
total_pgfault 243029
total_pgmajfault 499
total_inactive_anon 45056
total_active_anon 261189632
total_inactive_file 1253646336
total_active_file 929206272
total_unevictable 4096
--------------------BLKIO-----------------------
11:0 Read 0
11:0 Write 0
11:0 Sync 0
11:0 Async 0
11:0 Total 0
253:0 Read 2182627328
253:0 Write 1781760
253:0 Sync 196608
253:0 Async 2184212480
253:0 Total 2184409088
Total 2184409088
--------------------CPUAC-----------------------
user 1418
system 812
 
Sat May 20 02:43:27 IST 2017
--------------------MEMCG-----------------------
MEM ONLY  : 2330 MB
MEM+SWAP  : 2330 MB
cache 2182926336
rss 261165056
rss_huge 0
mapped_file 37384192
writeback 0
swap 0
pgpgin 697369
pgpgout 100667
pgfault 243119
pgmajfault 499
inactive_anon 45056
active_anon 261189632
inactive_file 1253646336
active_file 929206272
unevictable 4096
hierarchical_memory_limit 6442450944
hierarchical_memsw_limit 32212254720
total_cache 2182926336
total_rss 261165056
total_rss_huge 0
total_mapped_file 37384192
total_writeback 0
total_swap 0
total_pgpgin 697369
total_pgpgout 100667
total_pgfault 243119
total_pgmajfault 499
total_inactive_anon 45056
total_active_anon 261189632
total_inactive_file 1253646336
total_active_file 929206272
total_unevictable 4096
--------------------BLKIO-----------------------
11:0 Read 0
11:0 Write 0
11:0 Sync 0
11:0 Async 0
11:0 Total 0
253:0 Read 2182627328
253:0 Write 1818624
253:0 Sync 196608
253:0 Async 2184249344
253:0 Total 2184445952
Total 2184445952
--------------------CPUAC-----------------------
user 1432
system 816
 
Sat May 20 02:43:57 IST 2017
--------------------MEMCG-----------------------
MEM ONLY  : 2330 MB
MEM+SWAP  : 2330 MB
cache 2182926336
rss 261165056
rss_huge 0
mapped_file 37384192
writeback 0
swap 0
pgpgin 697468
pgpgout 100766
pgfault 243209
pgmajfault 499
inactive_anon 45056
active_anon 261189632
inactive_file 1253646336
active_file 929206272
unevictable 4096
hierarchical_memory_limit 6442450944
hierarchical_memsw_limit 32212254720
total_cache 2182926336
total_rss 261165056
total_rss_huge 0
total_mapped_file 37384192
total_writeback 0
total_swap 0
total_pgpgin 697468
total_pgpgout 100766
total_pgfault 243209
total_pgmajfault 499
total_inactive_anon 45056
total_active_anon 261189632
total_inactive_file 1253646336
total_active_file 929206272
total_unevictable 4096
--------------------BLKIO-----------------------
11:0 Read 0
11:0 Write 0
11:0 Sync 0
11:0 Async 0
11:0 Total 0
253:0 Read 2182627328
253:0 Write 1855488
253:0 Sync 196608
253:0 Async 2184286208
253:0 Total 2184482816
Total 2184482816
--------------------CPUAC-----------------------
user 1446
system 818
 
Sat May 20 02:44:27 IST 2017
--------------------MEMCG-----------------------
MEM ONLY  : 2330 MB
MEM+SWAP  : 2330 MB
cache 2182926336
rss 261165056
rss_huge 0
mapped_file 37384192
writeback 0
swap 0
pgpgin 697567
pgpgout 100865
pgfault 243299
pgmajfault 499
inactive_anon 45056
active_anon 261189632
inactive_file 1253646336
active_file 929206272
unevictable 4096
hierarchical_memory_limit 6442450944
hierarchical_memsw_limit 32212254720
total_cache 2182926336
total_rss 261165056
total_rss_huge 0
total_mapped_file 37384192
total_writeback 0
total_swap 0
total_pgpgin 697567
total_pgpgout 100865
total_pgfault 243299
total_pgmajfault 499
total_inactive_anon 45056
total_active_anon 261189632
total_inactive_file 1253646336
total_active_file 929206272
total_unevictable 4096
--------------------BLKIO-----------------------
11:0 Read 0
11:0 Write 0
11:0 Sync 0
11:0 Async 0
11:0 Total 0
253:0 Read 2182627328
253:0 Write 1892352
253:0 Sync 196608
253:0 Async 2184323072
253:0 Total 2184519680
Total 2184519680
--------------------CPUAC-----------------------
user 1460
system 818
 
Sat May 20 02:44:57 IST 2017
--------------------MEMCG-----------------------
MEM ONLY  : 2330 MB
MEM+SWAP  : 2330 MB
cache 2182930432
rss 261165056
rss_huge 0
mapped_file 37384192
writeback 0
swap 0
pgpgin 697669
pgpgout 100966
pgfault 243389
pgmajfault 499
inactive_anon 45056
active_anon 261189632
inactive_file 1253650432
active_file 929206272
unevictable 4096
hierarchical_memory_limit 6442450944
hierarchical_memsw_limit 32212254720
total_cache 2182930432
total_rss 261165056
total_rss_huge 0
total_mapped_file 37384192
total_writeback 0
total_swap 0
total_pgpgin 697669
total_pgpgout 100966
total_pgfault 243389
total_pgmajfault 499
total_inactive_anon 45056
total_active_anon 261189632
total_inactive_file 1253650432
total_active_file 929206272
total_unevictable 4096
--------------------BLKIO-----------------------
11:0 Read 0
11:0 Write 0
11:0 Sync 0
11:0 Async 0
11:0 Total 0
253:0 Read 2182627328
253:0 Write 1941504
253:0 Sync 196608
253:0 Async 2184372224
253:0 Total 2184568832
Total 2184568832
--------------------CPUAC-----------------------
user 1474
system 820
 
Sat May 20 02:45:27 IST 2017
--------------------MEMCG-----------------------
MEM ONLY  : 2330 MB
MEM+SWAP  : 2330 MB
cache 2182930432
rss 261165056
rss_huge 0
mapped_file 37384192
writeback 0
swap 0
pgpgin 697771
pgpgout 101068
pgfault 243479
pgmajfault 499
inactive_anon 45056
active_anon 261189632
inactive_file 1253650432
active_file 929206272
unevictable 4096
hierarchical_memory_limit 6442450944
hierarchical_memsw_limit 32212254720
total_cache 2182930432
total_rss 261165056
total_rss_huge 0
total_mapped_file 37384192
total_writeback 0
total_swap 0
total_pgpgin 697771
total_pgpgout 101068
total_pgfault 243479
total_pgmajfault 499
total_inactive_anon 45056
total_active_anon 261189632
total_inactive_file 1253650432
total_active_file 929206272
total_unevictable 4096
--------------------BLKIO-----------------------
11:0 Read 0
11:0 Write 0
11:0 Sync 0
11:0 Async 0
11:0 Total 0
253:0 Read 2182627328
253:0 Write 1990656
253:0 Sync 196608
253:0 Async 2184421376
253:0 Total 2184617984
Total 2184617984
--------------------CPUAC-----------------------
user 1488
system 823
 
Sat May 20 02:45:57 IST 2017
--------------------MEMCG-----------------------
MEM ONLY  : 2330 MB
MEM+SWAP  : 2330 MB
cache 2182926336
rss 261165056
rss_huge 0
mapped_file 37384192
writeback 0
swap 0
pgpgin 697872
pgpgout 101170
pgfault 243569
pgmajfault 499
inactive_anon 45056
active_anon 261189632
inactive_file 1253642240
active_file 929210368
unevictable 4096
hierarchical_memory_limit 6442450944
hierarchical_memsw_limit 32212254720
total_cache 2182926336
total_rss 261165056
total_rss_huge 0
total_mapped_file 37384192
total_writeback 0
total_swap 0
total_pgpgin 697872
total_pgpgout 101170
total_pgfault 243569
total_pgmajfault 499
total_inactive_anon 45056
total_active_anon 261189632
total_inactive_file 1253642240
total_active_file 929210368
total_unevictable 4096
--------------------BLKIO-----------------------
11:0 Read 0
11:0 Write 0
11:0 Sync 0
11:0 Async 0
11:0 Total 0
253:0 Read 2182627328
253:0 Write 2023424
253:0 Sync 196608
253:0 Async 2184454144
253:0 Total 2184650752
Total 2184650752
--------------------CPUAC-----------------------
user 1502
system 825
 
Sat May 20 02:46:27 IST 2017
--------------------MEMCG-----------------------
MEM ONLY  : 2330 MB
MEM+SWAP  : 2330 MB
cache 2182934528
rss 261165056
rss_huge 0
mapped_file 37384192
writeback 0
swap 0
pgpgin 697968
pgpgout 101264
pgfault 243659
pgmajfault 499
inactive_anon 45056
active_anon 261189632
inactive_file 1253650432
active_file 929210368
unevictable 4096
hierarchical_memory_limit 6442450944
hierarchical_memsw_limit 32212254720
total_cache 2182934528
total_rss 261165056
total_rss_huge 0
total_mapped_file 37384192
total_writeback 0
total_swap 0
total_pgpgin 697968
total_pgpgout 101264
total_pgfault 243659
total_pgmajfault 499
total_inactive_anon 45056
total_active_anon 261189632
total_inactive_file 1253650432
total_active_file 929210368
total_unevictable 4096
--------------------BLKIO-----------------------
11:0 Read 0
11:0 Write 0
11:0 Sync 0
11:0 Async 0
11:0 Total 0
253:0 Read 2182627328
253:0 Write 2039808
253:0 Sync 196608
253:0 Async 2184470528
253:0 Total 2184667136
Total 2184667136
--------------------CPUAC-----------------------
user 1516
system 826
 
Sat May 20 02:46:57 IST 2017
--------------------MEMCG-----------------------
MEM ONLY  : 2330 MB
MEM+SWAP  : 2330 MB
cache 2182934528
rss 261165056
rss_huge 0
mapped_file 37384192
writeback 0
swap 0
pgpgin 698064
pgpgout 101360
pgfault 243749
pgmajfault 499
inactive_anon 45056
active_anon 261189632
inactive_file 1253650432
active_file 929210368
unevictable 4096
hierarchical_memory_limit 6442450944
hierarchical_memsw_limit 32212254720
total_cache 2182934528
total_rss 261165056
total_rss_huge 0
total_mapped_file 37384192
total_writeback 0
total_swap 0
total_pgpgin 698064
total_pgpgout 101360
total_pgfault 243749
total_pgmajfault 499
total_inactive_anon 45056
total_active_anon 261189632
total_inactive_file 1253650432
total_active_file 929210368
total_unevictable 4096
--------------------BLKIO-----------------------
11:0 Read 0
11:0 Write 0
11:0 Sync 0
11:0 Async 0
11:0 Total 0
253:0 Read 2182627328
253:0 Write 2064384
253:0 Sync 196608
253:0 Async 2184495104
253:0 Total 2184691712
Total 2184691712
--------------------CPUAC-----------------------
user 1530
system 828
 
Sat May 20 02:47:28 IST 2017
--------------------MEMCG-----------------------
MEM ONLY  : 2330 MB
MEM+SWAP  : 2330 MB
cache 2182934528
rss 261165056
rss_huge 0
mapped_file 37384192
writeback 0
swap 0
pgpgin 698163
pgpgout 101459
pgfault 243842
pgmajfault 499
inactive_anon 45056
active_anon 261189632
inactive_file 1253650432
active_file 929210368
unevictable 4096
hierarchical_memory_limit 6442450944
hierarchical_memsw_limit 32212254720
total_cache 2182934528
total_rss 261165056
total_rss_huge 0
total_mapped_file 37384192
total_writeback 0
total_swap 0
total_pgpgin 698163
total_pgpgout 101459
total_pgfault 243842
total_pgmajfault 499
total_inactive_anon 45056
total_active_anon 261189632
total_inactive_file 1253650432
total_active_file 929210368
total_unevictable 4096
--------------------BLKIO-----------------------
11:0 Read 0
11:0 Write 0
11:0 Sync 0
11:0 Async 0
11:0 Total 0
253:0 Read 2182627328
253:0 Write 2088960
253:0 Sync 196608
253:0 Async 2184519680
253:0 Total 2184716288
Total 2184716288
--------------------CPUAC-----------------------
user 1544
system 829
 
Sat May 20 02:47:58 IST 2017
--------------------MEMCG-----------------------
MEM ONLY  : 2330 MB
MEM+SWAP  : 2330 MB
cache 2182934528
rss 261165056
rss_huge 0
mapped_file 37384192
writeback 0
swap 0
pgpgin 698259
pgpgout 101555
pgfault 243932
pgmajfault 499
inactive_anon 45056
active_anon 261189632
inactive_file 1253650432
active_file 929210368
unevictable 4096
hierarchical_memory_limit 6442450944
hierarchical_memsw_limit 32212254720
total_cache 2182934528
total_rss 261165056
total_rss_huge 0
total_mapped_file 37384192
total_writeback 0
total_swap 0
total_pgpgin 698259
total_pgpgout 101555
total_pgfault 243932
total_pgmajfault 499
total_inactive_anon 45056
total_active_anon 261189632
total_inactive_file 1253650432
total_active_file 929210368
total_unevictable 4096
--------------------BLKIO-----------------------
11:0 Read 0
11:0 Write 0
11:0 Sync 0
11:0 Async 0
11:0 Total 0
253:0 Read 2182627328
253:0 Write 2113536
253:0 Sync 196608
253:0 Async 2184544256
253:0 Total 2184740864
Total 2184740864
--------------------CPUAC-----------------------
user 1556
system 831
 
Sat May 20 02:48:28 IST 2017
--------------------MEMCG-----------------------
MEM ONLY  : 2330 MB
MEM+SWAP  : 2330 MB
cache 2182934528
rss 261165056
rss_huge 0
mapped_file 37384192
writeback 0
swap 0
pgpgin 698355
pgpgout 101651
pgfault 244022
pgmajfault 499
inactive_anon 45056
active_anon 261189632
inactive_file 1253650432
active_file 929210368
unevictable 4096
hierarchical_memory_limit 6442450944
hierarchical_memsw_limit 32212254720
total_cache 2182934528
total_rss 261165056
total_rss_huge 0
total_mapped_file 37384192
total_writeback 0
total_swap 0
total_pgpgin 698355
total_pgpgout 101651
total_pgfault 244022
total_pgmajfault 499
total_inactive_anon 45056
total_active_anon 261189632
total_inactive_file 1253650432
total_active_file 929210368
total_unevictable 4096
--------------------BLKIO-----------------------
11:0 Read 0
11:0 Write 0
11:0 Sync 0
11:0 Async 0
11:0 Total 0
253:0 Read 2182627328
253:0 Write 2138112
253:0 Sync 196608
253:0 Async 2184568832
253:0 Total 2184765440
Total 2184765440
--------------------CPUAC-----------------------
user 1569
system 832
 
Sat May 20 02:48:58 IST 2017
--------------------MEMCG-----------------------
MEM ONLY  : 2330 MB
MEM+SWAP  : 2330 MB
cache 2182934528
rss 261165056
rss_huge 0
mapped_file 37384192
writeback 0
swap 0
pgpgin 698451
pgpgout 101747
pgfault 244112
pgmajfault 499
inactive_anon 45056
active_anon 261189632
inactive_file 1253650432
active_file 929210368
unevictable 4096
hierarchical_memory_limit 6442450944
hierarchical_memsw_limit 32212254720
total_cache 2182934528
total_rss 261165056
total_rss_huge 0
total_mapped_file 37384192
total_writeback 0
total_swap 0
total_pgpgin 698451
total_pgpgout 101747
total_pgfault 244112
total_pgmajfault 499
total_inactive_anon 45056
total_active_anon 261189632
total_inactive_file 1253650432
total_active_file 929210368
total_unevictable 4096
--------------------BLKIO-----------------------
11:0 Read 0
11:0 Write 0
11:0 Sync 0
11:0 Async 0
11:0 Total 0
253:0 Read 2182627328
253:0 Write 2162688
253:0 Sync 196608
253:0 Async 2184593408
253:0 Total 2184790016
Total 2184790016
--------------------CPUAC-----------------------
user 1583
system 834
 
Sat May 20 02:49:28 IST 2017
--------------------MEMCG-----------------------
MEM ONLY  : 2330 MB
MEM+SWAP  : 2330 MB
cache 2182938624
rss 261165056
rss_huge 0
mapped_file 37384192
writeback 0
swap 0
pgpgin 698550
pgpgout 101845
pgfault 244202
pgmajfault 499
inactive_anon 45056
active_anon 261189632
inactive_file 1253654528
active_file 929210368
unevictable 4096
hierarchical_memory_limit 6442450944
hierarchical_memsw_limit 32212254720
total_cache 2182938624
total_rss 261165056
total_rss_huge 0
total_mapped_file 37384192
total_writeback 0
total_swap 0
total_pgpgin 698550
total_pgpgout 101845
total_pgfault 244202
total_pgmajfault 499
total_inactive_anon 45056
total_active_anon 261189632
total_inactive_file 1253654528
total_active_file 929210368
total_unevictable 4096
--------------------BLKIO-----------------------
11:0 Read 0
11:0 Write 0
11:0 Sync 0
11:0 Async 0
11:0 Total 0
253:0 Read 2182627328
253:0 Write 2199552
253:0 Sync 196608
253:0 Async 2184630272
253:0 Total 2184826880
Total 2184826880
--------------------CPUAC-----------------------
user 1598
system 836
 
Sat May 20 02:49:58 IST 2017
--------------------MEMCG-----------------------
MEM ONLY  : 2330 MB
MEM+SWAP  : 2330 MB
cache 2182938624
rss 261165056
rss_huge 0
mapped_file 37384192
writeback 0
swap 0
pgpgin 698649
pgpgout 101944
pgfault 244292
pgmajfault 499
inactive_anon 45056
active_anon 261189632
inactive_file 1253654528
active_file 929210368
unevictable 4096
hierarchical_memory_limit 6442450944
hierarchical_memsw_limit 32212254720
total_cache 2182938624
total_rss 261165056
total_rss_huge 0
total_mapped_file 37384192
total_writeback 0
total_swap 0
total_pgpgin 698649
total_pgpgout 101944
total_pgfault 244292
total_pgmajfault 499
total_inactive_anon 45056
total_active_anon 261189632
total_inactive_file 1253654528
total_active_file 929210368
total_unevictable 4096
--------------------BLKIO-----------------------
11:0 Read 0
11:0 Write 0
11:0 Sync 0
11:0 Async 0
11:0 Total 0
253:0 Read 2182627328
253:0 Write 2236416
253:0 Sync 196608
253:0 Async 2184667136
253:0 Total 2184863744
Total 2184863744
--------------------CPUAC-----------------------
user 1612
system 839
 
Sat May 20 02:50:28 IST 2017
--------------------MEMCG-----------------------
MEM ONLY  : 2330 MB
MEM+SWAP  : 2330 MB
cache 2182938624
rss 261005312
rss_huge 0
mapped_file 37384192
writeback 0
swap 0
pgpgin 698752
pgpgout 102086
pgfault 244386
pgmajfault 499
inactive_anon 45056
active_anon 261029888
inactive_file 1253654528
active_file 929210368
unevictable 4096
hierarchical_memory_limit 6442450944
hierarchical_memsw_limit 32212254720
total_cache 2182938624
total_rss 261005312
total_rss_huge 0
total_mapped_file 37384192
total_writeback 0
total_swap 0
total_pgpgin 698752
total_pgpgout 102086
total_pgfault 244386
total_pgmajfault 499
total_inactive_anon 45056
total_active_anon 261029888
total_inactive_file 1253654528
total_active_file 929210368
total_unevictable 4096
--------------------BLKIO-----------------------
11:0 Read 0
11:0 Write 0
11:0 Sync 0
11:0 Async 0
11:0 Total 0
253:0 Read 2182627328
253:0 Write 2273280
253:0 Sync 196608
253:0 Async 2184704000
253:0 Total 2184900608
Total 2184900608
--------------------CPUAC-----------------------
user 1624
system 840
 
Sat May 20 02:50:58 IST 2017
--------------------MEMCG-----------------------
MEM ONLY  : 2330 MB
MEM+SWAP  : 2330 MB
cache 2182938624
rss 261025792
rss_huge 0
mapped_file 37384192
writeback 0
swap 0
pgpgin 698856
pgpgout 102185
pgfault 244481
pgmajfault 499
inactive_anon 45056
active_anon 261050368
inactive_file 1253650432
active_file 929214464
unevictable 4096
hierarchical_memory_limit 6442450944
hierarchical_memsw_limit 32212254720
total_cache 2182938624
total_rss 261025792
total_rss_huge 0
total_mapped_file 37384192
total_writeback 0
total_swap 0
total_pgpgin 698856
total_pgpgout 102185
total_pgfault 244481
total_pgmajfault 499
total_inactive_anon 45056
total_active_anon 261050368
total_inactive_file 1253650432
total_active_file 929214464
total_unevictable 4096
--------------------BLKIO-----------------------
11:0 Read 0
11:0 Write 0
11:0 Sync 0
11:0 Async 0
11:0 Total 0
253:0 Read 2182627328
253:0 Write 2297856
253:0 Sync 196608
253:0 Async 2184728576
253:0 Total 2184925184
Total 2184925184
--------------------CPUAC-----------------------
user 1638
system 842
 
Sat May 20 02:51:28 IST 2017
--------------------MEMCG-----------------------
MEM ONLY  : 2330 MB
MEM+SWAP  : 2330 MB
cache 2182946816
rss 261025792
rss_huge 0
mapped_file 37384192
writeback 0
swap 0
pgpgin 698952
pgpgout 102279
pgfault 244571
pgmajfault 499
inactive_anon 45056
active_anon 261050368
inactive_file 1253658624
active_file 929214464
unevictable 4096
hierarchical_memory_limit 6442450944
hierarchical_memsw_limit 32212254720
total_cache 2182946816
total_rss 261025792
total_rss_huge 0
total_mapped_file 37384192
total_writeback 0
total_swap 0
total_pgpgin 698952
total_pgpgout 102279
total_pgfault 244571
total_pgmajfault 499
total_inactive_anon 45056
total_active_anon 261050368
total_inactive_file 1253658624
total_active_file 929214464
total_unevictable 4096
--------------------BLKIO-----------------------
11:0 Read 0
11:0 Write 0
11:0 Sync 0
11:0 Async 0
11:0 Total 0
253:0 Read 2182627328
253:0 Write 2314240
253:0 Sync 196608
253:0 Async 2184744960
253:0 Total 2184941568
Total 2184941568
--------------------CPUAC-----------------------
user 1652
system 843
 
Sat May 20 02:51:58 IST 2017
--------------------MEMCG-----------------------
MEM ONLY  : 1679 MB
MEM+SWAP  : 1679 MB
cache 1499959296
rss 261029888
rss_huge 0
mapped_file 37355520
writeback 0
swap 20480
pgpgin 699049
pgpgout 269120
pgfault 244662
pgmajfault 499
inactive_anon 130772992
active_anon 130306048
inactive_file 749998080
active_file 749907968
unevictable 4096
hierarchical_memory_limit 6442450944
hierarchical_memsw_limit 32212254720
total_cache 1499959296
total_rss 261029888
total_rss_huge 0
total_mapped_file 37355520
total_writeback 0
total_swap 20480
total_pgpgin 699049
total_pgpgout 269120
total_pgfault 244662
total_pgmajfault 499
total_inactive_anon 130772992
total_active_anon 130306048
total_inactive_file 749998080
total_active_file 749907968
total_unevictable 4096
--------------------BLKIO-----------------------
11:0 Read 0
11:0 Write 0
11:0 Sync 0
11:0 Async 0
11:0 Total 0
253:0 Read 2182627328
253:0 Write 2338816
253:0 Sync 196608
253:0 Async 2184769536
253:0 Total 2184966144
Total 2184966144
--------------------CPUAC-----------------------
user 1666
system 845
 
Sat May 20 02:52:28 IST 2017
--------------------MEMCG-----------------------
MEM ONLY  : 1513 MB
MEM+SWAP  : 1513 MB
cache 1325641728
rss 261029888
rss_huge 0
mapped_file 37355520
writeback 0
swap 20480
pgpgin 699148
pgpgout 311777
pgfault 244752
pgmajfault 499
inactive_anon 130772992
active_anon 130306048
inactive_file 662814720
active_file 662773760
unevictable 4096
hierarchical_memory_limit 6442450944
hierarchical_memsw_limit 32212254720
total_cache 1325641728
total_rss 261029888
total_rss_huge 0
total_mapped_file 37355520
total_writeback 0
total_swap 20480
total_pgpgin 699148
total_pgpgout 311777
total_pgfault 244752
total_pgmajfault 499
total_inactive_anon 130772992
total_active_anon 130306048
total_inactive_file 662814720
total_active_file 662773760
total_unevictable 4096
--------------------BLKIO-----------------------
11:0 Read 0
11:0 Write 0
11:0 Sync 0
11:0 Async 0
11:0 Total 0
253:0 Read 2182627328
253:0 Write 2375680
253:0 Sync 196608
253:0 Async 2184806400
253:0 Total 2185003008
Total 2185003008
--------------------CPUAC-----------------------
user 1680
system 848
 
Sat May 20 02:52:58 IST 2017
--------------------MEMCG-----------------------
MEM ONLY  : 1469 MB
MEM+SWAP  : 1469 MB
cache 1279393792
rss 261029888
rss_huge 0
mapped_file 37355520
writeback 0
swap 20480
pgpgin 699247
pgpgout 323167
pgfault 244842
pgmajfault 499
inactive_anon 130772992
active_anon 130306048
inactive_file 639705088
active_file 639635456
unevictable 4096
hierarchical_memory_limit 6442450944
hierarchical_memsw_limit 32212254720
total_cache 1279393792
total_rss 261029888
total_rss_huge 0
total_mapped_file 37355520
total_writeback 0
total_swap 20480
total_pgpgin 699247
total_pgpgout 323167
total_pgfault 244842
total_pgmajfault 499
total_inactive_anon 130772992
total_active_anon 130306048
total_inactive_file 639705088
total_active_file 639635456
total_unevictable 4096
--------------------BLKIO-----------------------
11:0 Read 0
11:0 Write 0
11:0 Sync 0
11:0 Async 0
11:0 Total 0
253:0 Read 2182627328
253:0 Write 2412544
253:0 Sync 196608
253:0 Async 2184843264
253:0 Total 2185039872
Total 2185039872
--------------------CPUAC-----------------------
user 1694
system 850
 
Sat May 20 02:53:28 IST 2017
--------------------MEMCG-----------------------
MEM ONLY  : 1428 MB
MEM+SWAP  : 1428 MB
cache 1236611072
rss 261029888
rss_huge 0
mapped_file 37355520
writeback 0
swap 20480
pgpgin 699346
pgpgout 333711
pgfault 244932
pgmajfault 499
inactive_anon 130772992
active_anon 130306048
inactive_file 618385408
active_file 618172416
unevictable 4096
hierarchical_memory_limit 6442450944
hierarchical_memsw_limit 32212254720
total_cache 1236611072
total_rss 261029888
total_rss_huge 0
total_mapped_file 37355520
total_writeback 0
total_swap 20480
total_pgpgin 699346
total_pgpgout 333711
total_pgfault 244932
total_pgmajfault 499
total_inactive_anon 130772992
total_active_anon 130306048
total_inactive_file 618385408
total_active_file 618172416
total_unevictable 4096
--------------------BLKIO-----------------------
11:0 Read 0
11:0 Write 0
11:0 Sync 0
11:0 Async 0
11:0 Total 0
253:0 Read 2182627328
253:0 Write 2449408
253:0 Sync 196608
253:0 Async 2184880128
253:0 Total 2185076736
Total 2185076736
--------------------CPUAC-----------------------
user 1708
system 852
 
Sat May 20 02:53:58 IST 2017
--------------------MEMCG-----------------------
MEM ONLY  : 1390 MB
MEM+SWAP  : 1390 MB
cache 1196650496
rss 261033984
rss_huge 0
mapped_file 37355520
writeback 0
swap 20480
pgpgin 699446
pgpgout 343566
pgfault 245023
pgmajfault 499
inactive_anon 130772992
active_anon 130310144
inactive_file 598331392
active_file 598265856
unevictable 4096
hierarchical_memory_limit 6442450944
hierarchical_memsw_limit 32212254720
total_cache 1196650496
total_rss 261033984
total_rss_huge 0
total_mapped_file 37355520
total_writeback 0
total_swap 20480
total_pgpgin 699446
total_pgpgout 343566
total_pgfault 245023
total_pgmajfault 499
total_inactive_anon 130772992
total_active_anon 130310144
total_inactive_file 598331392
total_active_file 598265856
total_unevictable 4096
--------------------BLKIO-----------------------
11:0 Read 0
11:0 Write 0
11:0 Sync 0
11:0 Async 0
11:0 Total 0
253:0 Read 2182627328
253:0 Write 2531328
253:0 Sync 196608
253:0 Async 2184962048
253:0 Total 2185158656
Total 2185158656
--------------------CPUAC-----------------------
user 1722
system 856
 
Sat May 20 02:54:28 IST 2017
--------------------MEMCG-----------------------
MEM ONLY  : 1351 MB
MEM+SWAP  : 1351 MB
cache 1156079616
rss 261038080
rss_huge 0
mapped_file 37355520
writeback 0
swap 20480
pgpgin 699547
pgpgout 353571
pgfault 245114
pgmajfault 499
inactive_anon 130772992
active_anon 130314240
inactive_file 578088960
active_file 577937408
unevictable 4096
hierarchical_memory_limit 6442450944
hierarchical_memsw_limit 32212254720
total_cache 1156079616
total_rss 261038080
total_rss_huge 0
total_mapped_file 37355520
total_writeback 0
total_swap 20480
total_pgpgin 699547
total_pgpgout 353571
total_pgfault 245114
total_pgmajfault 499
total_inactive_anon 130772992
total_active_anon 130314240
total_inactive_file 578088960
total_active_file 577937408
total_unevictable 4096
--------------------BLKIO-----------------------
11:0 Read 0
11:0 Write 0
11:0 Sync 0
11:0 Async 0
11:0 Total 0
253:0 Read 2182627328
253:0 Write 2572288
253:0 Sync 196608
253:0 Async 2185003008
253:0 Total 2185199616
Total 2185199616
--------------------CPUAC-----------------------
user 1734
system 859
 
Sat May 20 02:54:58 IST 2017
--------------------MEMCG-----------------------
MEM ONLY  : 1311 MB
MEM+SWAP  : 1311 MB
cache 1114415104
rss 261038080
rss_huge 0
mapped_file 37355520
writeback 0
swap 20480
pgpgin 699649
pgpgout 363845
pgfault 245204
pgmajfault 499
inactive_anon 130772992
active_anon 130314240
inactive_file 557268992
active_file 557092864
unevictable 4096
hierarchical_memory_limit 6442450944
hierarchical_memsw_limit 32212254720
total_cache 1114415104
total_rss 261038080
total_rss_huge 0
total_mapped_file 37355520
total_writeback 0
total_swap 20480
total_pgpgin 699649
total_pgpgout 363845
total_pgfault 245204
total_pgmajfault 499
total_inactive_anon 130772992
total_active_anon 130314240
total_inactive_file 557268992
total_active_file 557092864
total_unevictable 4096
--------------------BLKIO-----------------------
11:0 Read 0
11:0 Write 0
11:0 Sync 0
11:0 Async 0
11:0 Total 0
253:0 Read 2182627328
253:0 Write 2621440
253:0 Sync 196608
253:0 Async 2185052160
253:0 Total 2185248768
Total 2185248768
--------------------CPUAC-----------------------
user 1747
system 861
 
Sat May 20 02:55:28 IST 2017
--------------------MEMCG-----------------------
MEM ONLY  : 1273 MB
MEM+SWAP  : 1273 MB
cache 1074774016
rss 261042176
rss_huge 0
mapped_file 37355520
writeback 0
swap 20480
pgpgin 699752
pgpgout 373625
pgfault 245295
pgmajfault 499
inactive_anon 130772992
active_anon 130318336
inactive_file 537448448
active_file 537272320
unevictable 4096
hierarchical_memory_limit 6442450944
hierarchical_memsw_limit 32212254720
total_cache 1074774016
total_rss 261042176
total_rss_huge 0
total_mapped_file 37355520
total_writeback 0
total_swap 20480
total_pgpgin 699752
total_pgpgout 373625
total_pgfault 245295
total_pgmajfault 499
total_inactive_anon 130772992
total_active_anon 130318336
total_inactive_file 537448448
total_active_file 537272320
total_unevictable 4096
--------------------BLKIO-----------------------
11:0 Read 0
11:0 Write 0
11:0 Sync 0
11:0 Async 0
11:0 Total 0
253:0 Read 2182627328
253:0 Write 2670592
253:0 Sync 196608
253:0 Async 2185101312
253:0 Total 2185297920
Total 2185297920
--------------------CPUAC-----------------------
user 1760
system 861
 
Sat May 20 02:55:58 IST 2017
--------------------MEMCG-----------------------
MEM ONLY  : 1239 MB
MEM+SWAP  : 1239 MB
cache 1038262272
rss 261046272
rss_huge 0
mapped_file 37355520
writeback 0
swap 20480
pgpgin 699854
pgpgout 382640
pgfault 245386
pgmajfault 499
inactive_anon 130772992
active_anon 130322432
inactive_file 519176192
active_file 519032832
unevictable 4096
hierarchical_memory_limit 6442450944
hierarchical_memsw_limit 32212254720
total_cache 1038262272
total_rss 261046272
total_rss_huge 0
total_mapped_file 37355520
total_writeback 0
total_swap 20480
total_pgpgin 699854
total_pgpgout 382640
total_pgfault 245386
total_pgmajfault 499
total_inactive_anon 130772992
total_active_anon 130322432
total_inactive_file 519176192
total_active_file 519032832
total_unevictable 4096
--------------------BLKIO-----------------------
11:0 Read 0
11:0 Write 0
11:0 Sync 0
11:0 Async 0
11:0 Total 0
253:0 Read 2182627328
253:0 Write 2777088
253:0 Sync 196608
253:0 Async 2185207808
253:0 Total 2185404416
Total 2185404416
--------------------CPUAC-----------------------
user 1772
system 865
 
Sat May 20 02:56:28 IST 2017
--------------------MEMCG-----------------------
MEM ONLY  : 1203 MB
MEM+SWAP  : 1203 MB
cache 1000820736
rss 261050368
rss_huge 0
mapped_file 37355520
writeback 0
swap 20480
pgpgin 699951
pgpgout 391877
pgfault 245477
pgmajfault 499
inactive_anon 130772992
active_anon 130326528
inactive_file 500506624
active_file 500260864
unevictable 4096
hierarchical_memory_limit 6442450944
hierarchical_memsw_limit 32212254720
total_cache 1000820736
total_rss 261050368
total_rss_huge 0
total_mapped_file 37355520
total_writeback 0
total_swap 20480
total_pgpgin 699951
total_pgpgout 391877
total_pgfault 245477
total_pgmajfault 499
total_inactive_anon 130772992
total_active_anon 130326528
total_inactive_file 500506624
total_active_file 500260864
total_unevictable 4096
--------------------BLKIO-----------------------
11:0 Read 0
11:0 Write 0
11:0 Sync 0
11:0 Async 0
11:0 Total 0
253:0 Read 2182627328
253:0 Write 2793472
253:0 Sync 196608
253:0 Async 2185224192
253:0 Total 2185420800
Total 2185420800
--------------------CPUAC-----------------------
user 1785
system 866
 
Sat May 20 02:56:58 IST 2017
--------------------MEMCG-----------------------
MEM ONLY  : 1168 MB
MEM+SWAP  : 1169 MB
cache 964718592
rss 261050368
rss_huge 0
mapped_file 37355520
writeback 0
swap 20480
pgpgin 700048
pgpgout 400788
pgfault 245567
pgmajfault 499
inactive_anon 130772992
active_anon 130326528
inactive_file 482426880
active_file 482238464
unevictable 4096
hierarchical_memory_limit 6442450944
hierarchical_memsw_limit 32212254720
total_cache 964718592
total_rss 261050368
total_rss_huge 0
total_mapped_file 37355520
total_writeback 0
total_swap 20480
total_pgpgin 700048
total_pgpgout 400788
total_pgfault 245567
total_pgmajfault 499
total_inactive_anon 130772992
total_active_anon 130326528
total_inactive_file 482426880
total_active_file 482238464
total_unevictable 4096
--------------------BLKIO-----------------------
11:0 Read 0
11:0 Write 0
11:0 Sync 0
11:0 Async 0
11:0 Total 0
253:0 Read 2182627328
253:0 Write 2822144
253:0 Sync 196608
253:0 Async 2185252864
253:0 Total 2185449472
Total 2185449472
--------------------CPUAC-----------------------
user 1797
system 868
 
Sat May 20 02:57:28 IST 2017
--------------------MEMCG-----------------------
MEM ONLY  : 1134 MB
MEM+SWAP  : 1134 MB
cache 928911360
rss 261050368
rss_huge 0
mapped_file 37269504
writeback 0
swap 20480
pgpgin 700147
pgpgout 409629
pgfault 245657
pgmajfault 499
inactive_anon 130772992
active_anon 130326528
inactive_file 464510976
active_file 464347136
unevictable 4096
hierarchical_memory_limit 6442450944
hierarchical_memsw_limit 32212254720
total_cache 928911360
total_rss 261050368
total_rss_huge 0
total_mapped_file 37269504
total_writeback 0
total_swap 20480
total_pgpgin 700147
total_pgpgout 409629
total_pgfault 245657
total_pgmajfault 499
total_inactive_anon 130772992
total_active_anon 130326528
total_inactive_file 464510976
total_active_file 464347136
total_unevictable 4096
--------------------BLKIO-----------------------
11:0 Read 0
11:0 Write 0
11:0 Sync 0
11:0 Async 0
11:0 Total 0
253:0 Read 2182627328
253:0 Write 2859008
253:0 Sync 196608
253:0 Async 2185289728
253:0 Total 2185486336
Total 2185486336
--------------------CPUAC-----------------------
user 1809
system 871
 
Sat May 20 02:57:58 IST 2017
--------------------MEMCG-----------------------
MEM ONLY  : 1101 MB
MEM+SWAP  : 1101 MB
cache 893984768
rss 261050368
rss_huge 0
mapped_file 37269504
writeback 0
swap 20480
pgpgin 700246
pgpgout 418255
pgfault 245747
pgmajfault 499
inactive_anon 130772992
active_anon 130326528
inactive_file 446976000
active_file 446955520
unevictable 4096
hierarchical_memory_limit 6442450944
hierarchical_memsw_limit 32212254720
total_cache 893984768
total_rss 261050368
total_rss_huge 0
total_mapped_file 37269504
total_writeback 0
total_swap 20480
total_pgpgin 700246
total_pgpgout 418255
total_pgfault 245747
total_pgmajfault 499
total_inactive_anon 130772992
total_active_anon 130326528
total_inactive_file 446976000
total_active_file 446955520
total_unevictable 4096
--------------------BLKIO-----------------------
11:0 Read 0
11:0 Write 0
11:0 Sync 0
11:0 Async 0
11:0 Total 0
253:0 Read 2182627328
253:0 Write 2916352
253:0 Sync 196608
253:0 Async 2185347072
253:0 Total 2185543680
Total 2185543680
--------------------CPUAC-----------------------
user 1824
system 873
 
Sat May 20 02:58:28 IST 2017
--------------------MEMCG-----------------------
MEM ONLY  : 1068 MB
MEM+SWAP  : 1068 MB
cache 859369472
rss 261050368
rss_huge 0
mapped_file 37269504
writeback 0
swap 20480
pgpgin 700345
pgpgout 426805
pgfault 245837
pgmajfault 499
inactive_anon 130772992
active_anon 130326528
inactive_file 429740032
active_file 429576192
unevictable 4096
hierarchical_memory_limit 6442450944
hierarchical_memsw_limit 32212254720
total_cache 859369472
total_rss 261050368
total_rss_huge 0
total_mapped_file 37269504
total_writeback 0
total_swap 20480
total_pgpgin 700345
total_pgpgout 426805
total_pgfault 245837
total_pgmajfault 499
total_inactive_anon 130772992
total_active_anon 130326528
total_inactive_file 429740032
total_active_file 429576192
total_unevictable 4096
--------------------BLKIO-----------------------
11:0 Read 0
11:0 Write 0
11:0 Sync 0
11:0 Async 0
11:0 Total 0
253:0 Read 2182627328
253:0 Write 2953216
253:0 Sync 196608
253:0 Async 2185383936
253:0 Total 2185580544
Total 2185580544
--------------------CPUAC-----------------------
user 1836
system 876
 
Sat May 20 02:58:58 IST 2017
--------------------MEMCG-----------------------
MEM ONLY  : 1033 MB
MEM+SWAP  : 1033 MB
cache 822607872
rss 261050368
rss_huge 0
mapped_file 37269504
writeback 0
swap 20480
pgpgin 700444
pgpgout 435879
pgfault 245927
pgmajfault 499
inactive_anon 130772992
active_anon 130326528
inactive_file 411291648
active_file 411262976
unevictable 4096
hierarchical_memory_limit 6442450944
hierarchical_memsw_limit 32212254720
total_cache 822607872
total_rss 261050368
total_rss_huge 0
total_mapped_file 37269504
total_writeback 0
total_swap 20480
total_pgpgin 700444
total_pgpgout 435879
total_pgfault 245927
total_pgmajfault 499
total_inactive_anon 130772992
total_active_anon 130326528
total_inactive_file 411291648
total_active_file 411262976
total_unevictable 4096
--------------------BLKIO-----------------------
11:0 Read 0
11:0 Write 0
11:0 Sync 0
11:0 Async 0
11:0 Total 0
253:0 Read 2182627328
253:0 Write 3018752
253:0 Sync 196608
253:0 Async 2185449472
253:0 Total 2185646080
Total 2185646080
--------------------CPUAC-----------------------
user 1849
system 881
 
Sat May 20 02:59:28 IST 2017
--------------------MEMCG-----------------------
MEM ONLY  : 1002 MB
MEM+SWAP  : 1002 MB
cache 790573056
rss 261054464
rss_huge 0
mapped_file 37396480
writeback 0
swap 20480
pgpgin 701714
pgpgout 444969
pgfault 247604
pgmajfault 527
inactive_anon 131276800
active_anon 129826816
inactive_file 395325440
active_file 395194368
unevictable 4096
hierarchical_memory_limit 6442450944
hierarchical_memsw_limit 32212254720
total_cache 790573056
total_rss 261054464
total_rss_huge 0
total_mapped_file 37396480
total_writeback 0
total_swap 20480
total_pgpgin 701714
total_pgpgout 444969
total_pgfault 247604
total_pgmajfault 527
total_inactive_anon 131276800
total_active_anon 129826816
total_inactive_file 395325440
total_active_file 395194368
total_unevictable 4096
--------------------BLKIO-----------------------
11:0 Read 0
11:0 Write 0
11:0 Sync 0
11:0 Async 0
11:0 Total 0
253:0 Read 2183389184
253:0 Write 3112960
253:0 Sync 196608
253:0 Async 2186305536
253:0 Total 2186502144
Total 2186502144
--------------------CPUAC-----------------------
user 1862
system 884
 
Sat May 20 02:59:58 IST 2017
--------------------MEMCG-----------------------
MEM ONLY  : 971 MB
MEM+SWAP  : 971 MB
cache 757600256
rss 261054464
rss_huge 0
mapped_file 37396480
writeback 0
swap 20480
pgpgin 701816
pgpgout 453121
pgfault 247694
pgmajfault 527
inactive_anon 131276800
active_anon 129826816
inactive_file 378826752
active_file 378720256
unevictable 4096
hierarchical_memory_limit 6442450944
hierarchical_memsw_limit 32212254720
total_cache 757600256
total_rss 261054464
total_rss_huge 0
total_mapped_file 37396480
total_writeback 0
total_swap 20480
total_pgpgin 701816
total_pgpgout 453121
total_pgfault 247694
total_pgmajfault 527
total_inactive_anon 131276800
total_active_anon 129826816
total_inactive_file 378826752
total_active_file 378720256
total_unevictable 4096
--------------------BLKIO-----------------------
11:0 Read 0
11:0 Write 0
11:0 Sync 0
11:0 Async 0
11:0 Total 0
253:0 Read 2183389184
253:0 Write 3198976
253:0 Sync 196608
253:0 Async 2186391552
253:0 Total 2186588160
Total 2186588160
--------------------CPUAC-----------------------
user 1874
system 888
 
Sat May 20 03:00:28 IST 2017
--------------------MEMCG-----------------------
MEM ONLY  : 939 MB
MEM+SWAP  : 939 MB
cache 724119552
rss 261054464
rss_huge 0
mapped_file 37396480
writeback 0
swap 20480
pgpgin 701918
pgpgout 461397
pgfault 247784
pgmajfault 527
inactive_anon 131276800
active_anon 129826816
inactive_file 362156032
active_file 361910272
unevictable 4096
hierarchical_memory_limit 6442450944
hierarchical_memsw_limit 32212254720
total_cache 724119552
total_rss 261054464
total_rss_huge 0
total_mapped_file 37396480
total_writeback 0
total_swap 20480
total_pgpgin 701918
total_pgpgout 461397
total_pgfault 247784
total_pgmajfault 527
total_inactive_anon 131276800
total_active_anon 129826816
total_inactive_file 362156032
total_active_file 361910272
total_unevictable 4096
--------------------BLKIO-----------------------
11:0 Read 0
11:0 Write 0
11:0 Sync 0
11:0 Async 0
11:0 Total 0
253:0 Read 2183389184
253:0 Write 3248128
253:0 Sync 196608
253:0 Async 2186440704
253:0 Total 2186637312
Total 2186637312
--------------------CPUAC-----------------------
user 1887
system 889
 
Sat May 20 03:00:58 IST 2017
--------------------MEMCG-----------------------
MEM ONLY  : 910 MB
MEM+SWAP  : 910 MB
cache 693702656
rss 261058560
rss_huge 0
mapped_file 37396480
writeback 0
swap 20480
pgpgin 702021
pgpgout 468925
pgfault 247875
pgmajfault 527
inactive_anon 131276800
active_anon 129830912
inactive_file 346857472
active_file 346791936
unevictable 4096
hierarchical_memory_limit 6442450944
hierarchical_memsw_limit 32212254720
total_cache 693702656
total_rss 261058560
total_rss_huge 0
total_mapped_file 37396480
total_writeback 0
total_swap 20480
total_pgpgin 702021
total_pgpgout 468925
total_pgfault 247875
total_pgmajfault 527
total_inactive_anon 131276800
total_active_anon 129830912
total_inactive_file 346857472
total_active_file 346791936
total_unevictable 4096
--------------------BLKIO-----------------------
11:0 Read 0
11:0 Write 0
11:0 Sync 0
11:0 Async 0
11:0 Total 0
253:0 Read 2183389184
253:0 Write 3280896
253:0 Sync 196608
253:0 Async 2186473472
253:0 Total 2186670080
Total 2186670080
--------------------CPUAC-----------------------
user 1900
system 892
 
Sat May 20 03:01:28 IST 2017
--------------------MEMCG-----------------------
MEM ONLY  : 883 MB
MEM+SWAP  : 883 MB
cache 665288704
rss 261058560
rss_huge 0
mapped_file 37396480
writeback 0
swap 20480
pgpgin 702117
pgpgout 475958
pgfault 247965
pgmajfault 527
inactive_anon 131276800
active_anon 129830912
inactive_file 332701696
active_file 332533760
unevictable 4096
hierarchical_memory_limit 6442450944
hierarchical_memsw_limit 32212254720
total_cache 665288704
total_rss 261058560
total_rss_huge 0
total_mapped_file 37396480
total_writeback 0
total_swap 20480
total_pgpgin 702117
total_pgpgout 475958
total_pgfault 247965
total_pgmajfault 527
total_inactive_anon 131276800
total_active_anon 129830912
total_inactive_file 332701696
total_active_file 332533760
total_unevictable 4096
--------------------BLKIO-----------------------
11:0 Read 0
11:0 Write 0
11:0 Sync 0
11:0 Async 0
11:0 Total 0
253:0 Read 2183389184
253:0 Write 3297280
253:0 Sync 196608
253:0 Async 2186489856
253:0 Total 2186686464
Total 2186686464
--------------------CPUAC-----------------------
user 1913
system 897
 
