Sat May 20 13:01:29 IST 2017
--------------------MEMCG-----------------------
MEM ONLY  : 27 MB
MEM+SWAP  : 27 MB
cache 21975040
rss 6766592
rss_huge 0
mapped_file 7802880
writeback 0
swap 0
pgpgin 77308
pgpgout 70291
pgfault 173460
pgmajfault 183
inactive_anon 40960
active_anon 6795264
inactive_file 9945088
active_file 11960320
unevictable 0
hierarchical_memory_limit 6442450944
hierarchical_memsw_limit 32212254720
total_cache 21975040
total_rss 6766592
total_rss_huge 0
total_mapped_file 7802880
total_writeback 0
total_swap 0
total_pgpgin 77308
total_pgpgout 70291
total_pgfault 173460
total_pgmajfault 183
total_inactive_anon 40960
total_active_anon 6795264
total_inactive_file 9945088
total_active_file 11960320
total_unevictable 0
--------------------BLKIO-----------------------
11:0 Read 0
11:0 Write 0
11:0 Sync 0
11:0 Async 0
11:0 Total 0
253:0 Read 21716992
253:0 Write 229376
253:0 Sync 0
253:0 Async 21946368
253:0 Total 21946368
Total 21946368
--------------------CPUAC-----------------------
user 44
system 80
 
Sat May 20 13:01:59 IST 2017
--------------------MEMCG-----------------------
MEM ONLY  : 27 MB
MEM+SWAP  : 27 MB
cache 21975040
rss 6500352
rss_huge 0
mapped_file 7663616
writeback 0
swap 0
pgpgin 77308
pgpgout 70356
pgfault 173467
pgmajfault 183
inactive_anon 40960
active_anon 6529024
inactive_file 9924608
active_file 11980800
unevictable 0
hierarchical_memory_limit 6442450944
hierarchical_memsw_limit 32212254720
total_cache 21975040
total_rss 6500352
total_rss_huge 0
total_mapped_file 7663616
total_writeback 0
total_swap 0
total_pgpgin 77308
total_pgpgout 70356
total_pgfault 173467
total_pgmajfault 183
total_inactive_anon 40960
total_active_anon 6529024
total_inactive_file 9924608
total_active_file 11980800
total_unevictable 0
--------------------BLKIO-----------------------
11:0 Read 0
11:0 Write 0
11:0 Sync 0
11:0 Async 0
11:0 Total 0
253:0 Read 21716992
253:0 Write 229376
253:0 Sync 0
253:0 Async 21946368
253:0 Total 21946368
Total 21946368
--------------------CPUAC-----------------------
user 44
system 80
 
Sat May 20 13:02:29 IST 2017
--------------------MEMCG-----------------------
MEM ONLY  : 27 MB
MEM+SWAP  : 27 MB
cache 21975040
rss 6500352
rss_huge 0
mapped_file 7663616
writeback 0
swap 0
pgpgin 77308
pgpgout 70356
pgfault 173467
pgmajfault 183
inactive_anon 40960
active_anon 6529024
inactive_file 9924608
active_file 11980800
unevictable 0
hierarchical_memory_limit 6442450944
hierarchical_memsw_limit 32212254720
total_cache 21975040
total_rss 6500352
total_rss_huge 0
total_mapped_file 7663616
total_writeback 0
total_swap 0
total_pgpgin 77308
total_pgpgout 70356
total_pgfault 173467
total_pgmajfault 183
total_inactive_anon 40960
total_active_anon 6529024
total_inactive_file 9924608
total_active_file 11980800
total_unevictable 0
--------------------BLKIO-----------------------
11:0 Read 0
11:0 Write 0
11:0 Sync 0
11:0 Async 0
11:0 Total 0
253:0 Read 21716992
253:0 Write 229376
253:0 Sync 0
253:0 Async 21946368
253:0 Total 21946368
Total 21946368
--------------------CPUAC-----------------------
user 44
system 80
 
Sat May 20 13:02:59 IST 2017
--------------------MEMCG-----------------------
MEM ONLY  : 27 MB
MEM+SWAP  : 27 MB
cache 21975040
rss 6500352
rss_huge 0
mapped_file 7663616
writeback 0
swap 0
pgpgin 77308
pgpgout 70356
pgfault 173467
pgmajfault 183
inactive_anon 40960
active_anon 6529024
inactive_file 9924608
active_file 11980800
unevictable 0
hierarchical_memory_limit 6442450944
hierarchical_memsw_limit 32212254720
total_cache 21975040
total_rss 6500352
total_rss_huge 0
total_mapped_file 7663616
total_writeback 0
total_swap 0
total_pgpgin 77308
total_pgpgout 70356
total_pgfault 173467
total_pgmajfault 183
total_inactive_anon 40960
total_active_anon 6529024
total_inactive_file 9924608
total_active_file 11980800
total_unevictable 0
--------------------BLKIO-----------------------
11:0 Read 0
11:0 Write 0
11:0 Sync 0
11:0 Async 0
11:0 Total 0
253:0 Read 21716992
253:0 Write 229376
253:0 Sync 0
253:0 Async 21946368
253:0 Total 21946368
Total 21946368
--------------------CPUAC-----------------------
user 44
system 80
 
Sat May 20 13:03:30 IST 2017
--------------------MEMCG-----------------------
MEM ONLY  : 27 MB
MEM+SWAP  : 27 MB
cache 21975040
rss 6500352
rss_huge 0
mapped_file 7663616
writeback 0
swap 0
pgpgin 77308
pgpgout 70356
pgfault 173467
pgmajfault 183
inactive_anon 40960
active_anon 6529024
inactive_file 9924608
active_file 11980800
unevictable 0
hierarchical_memory_limit 6442450944
hierarchical_memsw_limit 32212254720
total_cache 21975040
total_rss 6500352
total_rss_huge 0
total_mapped_file 7663616
total_writeback 0
total_swap 0
total_pgpgin 77308
total_pgpgout 70356
total_pgfault 173467
total_pgmajfault 183
total_inactive_anon 40960
total_active_anon 6529024
total_inactive_file 9924608
total_active_file 11980800
total_unevictable 0
--------------------BLKIO-----------------------
11:0 Read 0
11:0 Write 0
11:0 Sync 0
11:0 Async 0
11:0 Total 0
253:0 Read 21716992
253:0 Write 229376
253:0 Sync 0
253:0 Async 21946368
253:0 Total 21946368
Total 21946368
--------------------CPUAC-----------------------
user 44
system 80
 
Sat May 20 13:04:00 IST 2017
--------------------MEMCG-----------------------
MEM ONLY  : 27 MB
MEM+SWAP  : 27 MB
cache 21975040
rss 6500352
rss_huge 0
mapped_file 7663616
writeback 0
swap 0
pgpgin 77308
pgpgout 70356
pgfault 173467
pgmajfault 183
inactive_anon 40960
active_anon 6529024
inactive_file 9924608
active_file 11980800
unevictable 0
hierarchical_memory_limit 6442450944
hierarchical_memsw_limit 32212254720
total_cache 21975040
total_rss 6500352
total_rss_huge 0
total_mapped_file 7663616
total_writeback 0
total_swap 0
total_pgpgin 77308
total_pgpgout 70356
total_pgfault 173467
total_pgmajfault 183
total_inactive_anon 40960
total_active_anon 6529024
total_inactive_file 9924608
total_active_file 11980800
total_unevictable 0
--------------------BLKIO-----------------------
11:0 Read 0
11:0 Write 0
11:0 Sync 0
11:0 Async 0
11:0 Total 0
253:0 Read 21716992
253:0 Write 229376
253:0 Sync 0
253:0 Async 21946368
253:0 Total 21946368
Total 21946368
--------------------CPUAC-----------------------
user 44
system 80
 
Sat May 20 13:04:30 IST 2017
--------------------MEMCG-----------------------
MEM ONLY  : 27 MB
MEM+SWAP  : 27 MB
cache 21975040
rss 6500352
rss_huge 0
mapped_file 7663616
writeback 0
swap 0
pgpgin 77308
pgpgout 70356
pgfault 173467
pgmajfault 183
inactive_anon 40960
active_anon 6529024
inactive_file 9924608
active_file 11980800
unevictable 0
hierarchical_memory_limit 6442450944
hierarchical_memsw_limit 32212254720
total_cache 21975040
total_rss 6500352
total_rss_huge 0
total_mapped_file 7663616
total_writeback 0
total_swap 0
total_pgpgin 77308
total_pgpgout 70356
total_pgfault 173467
total_pgmajfault 183
total_inactive_anon 40960
total_active_anon 6529024
total_inactive_file 9924608
total_active_file 11980800
total_unevictable 0
--------------------BLKIO-----------------------
11:0 Read 0
11:0 Write 0
11:0 Sync 0
11:0 Async 0
11:0 Total 0
253:0 Read 21716992
253:0 Write 229376
253:0 Sync 0
253:0 Async 21946368
253:0 Total 21946368
Total 21946368
--------------------CPUAC-----------------------
user 44
system 80
 
Sat May 20 13:05:00 IST 2017
--------------------MEMCG-----------------------
MEM ONLY  : 27 MB
MEM+SWAP  : 27 MB
cache 21975040
rss 6500352
rss_huge 0
mapped_file 7663616
writeback 0
swap 0
pgpgin 77308
pgpgout 70356
pgfault 173467
pgmajfault 183
inactive_anon 40960
active_anon 6529024
inactive_file 9924608
active_file 11980800
unevictable 0
hierarchical_memory_limit 6442450944
hierarchical_memsw_limit 32212254720
total_cache 21975040
total_rss 6500352
total_rss_huge 0
total_mapped_file 7663616
total_writeback 0
total_swap 0
total_pgpgin 77308
total_pgpgout 70356
total_pgfault 173467
total_pgmajfault 183
total_inactive_anon 40960
total_active_anon 6529024
total_inactive_file 9924608
total_active_file 11980800
total_unevictable 0
--------------------BLKIO-----------------------
11:0 Read 0
11:0 Write 0
11:0 Sync 0
11:0 Async 0
11:0 Total 0
253:0 Read 21716992
253:0 Write 229376
253:0 Sync 0
253:0 Async 21946368
253:0 Total 21946368
Total 21946368
--------------------CPUAC-----------------------
user 44
system 80
 
Sat May 20 13:05:30 IST 2017
--------------------MEMCG-----------------------
MEM ONLY  : 27 MB
MEM+SWAP  : 27 MB
cache 21975040
rss 6500352
rss_huge 0
mapped_file 7663616
writeback 0
swap 0
pgpgin 77308
pgpgout 70356
pgfault 173467
pgmajfault 183
inactive_anon 40960
active_anon 6529024
inactive_file 9924608
active_file 11980800
unevictable 0
hierarchical_memory_limit 6442450944
hierarchical_memsw_limit 32212254720
total_cache 21975040
total_rss 6500352
total_rss_huge 0
total_mapped_file 7663616
total_writeback 0
total_swap 0
total_pgpgin 77308
total_pgpgout 70356
total_pgfault 173467
total_pgmajfault 183
total_inactive_anon 40960
total_active_anon 6529024
total_inactive_file 9924608
total_active_file 11980800
total_unevictable 0
--------------------BLKIO-----------------------
11:0 Read 0
11:0 Write 0
11:0 Sync 0
11:0 Async 0
11:0 Total 0
253:0 Read 21716992
253:0 Write 229376
253:0 Sync 0
253:0 Async 21946368
253:0 Total 21946368
Total 21946368
--------------------CPUAC-----------------------
user 44
system 80
 
Sat May 20 13:06:00 IST 2017
--------------------MEMCG-----------------------
MEM ONLY  : 27 MB
MEM+SWAP  : 27 MB
cache 21975040
rss 6500352
rss_huge 0
mapped_file 7663616
writeback 0
swap 0
pgpgin 77308
pgpgout 70356
pgfault 173467
pgmajfault 183
inactive_anon 40960
active_anon 6529024
inactive_file 9924608
active_file 11980800
unevictable 0
hierarchical_memory_limit 6442450944
hierarchical_memsw_limit 32212254720
total_cache 21975040
total_rss 6500352
total_rss_huge 0
total_mapped_file 7663616
total_writeback 0
total_swap 0
total_pgpgin 77308
total_pgpgout 70356
total_pgfault 173467
total_pgmajfault 183
total_inactive_anon 40960
total_active_anon 6529024
total_inactive_file 9924608
total_active_file 11980800
total_unevictable 0
--------------------BLKIO-----------------------
11:0 Read 0
11:0 Write 0
11:0 Sync 0
11:0 Async 0
11:0 Total 0
253:0 Read 21716992
253:0 Write 229376
253:0 Sync 0
253:0 Async 21946368
253:0 Total 21946368
Total 21946368
--------------------CPUAC-----------------------
user 44
system 80
 
Sat May 20 13:06:30 IST 2017
--------------------MEMCG-----------------------
MEM ONLY  : 27 MB
MEM+SWAP  : 27 MB
cache 21975040
rss 6500352
rss_huge 0
mapped_file 7663616
writeback 0
swap 0
pgpgin 77308
pgpgout 70356
pgfault 173467
pgmajfault 183
inactive_anon 40960
active_anon 6529024
inactive_file 9924608
active_file 11980800
unevictable 0
hierarchical_memory_limit 6442450944
hierarchical_memsw_limit 32212254720
total_cache 21975040
total_rss 6500352
total_rss_huge 0
total_mapped_file 7663616
total_writeback 0
total_swap 0
total_pgpgin 77308
total_pgpgout 70356
total_pgfault 173467
total_pgmajfault 183
total_inactive_anon 40960
total_active_anon 6529024
total_inactive_file 9924608
total_active_file 11980800
total_unevictable 0
--------------------BLKIO-----------------------
11:0 Read 0
11:0 Write 0
11:0 Sync 0
11:0 Async 0
11:0 Total 0
253:0 Read 21716992
253:0 Write 229376
253:0 Sync 0
253:0 Async 21946368
253:0 Total 21946368
Total 21946368
--------------------CPUAC-----------------------
user 44
system 80
 
Sat May 20 13:07:00 IST 2017
--------------------MEMCG-----------------------
MEM ONLY  : 27 MB
MEM+SWAP  : 27 MB
cache 21975040
rss 6500352
rss_huge 0
mapped_file 7663616
writeback 0
swap 0
pgpgin 77308
pgpgout 70356
pgfault 173467
pgmajfault 183
inactive_anon 40960
active_anon 6529024
inactive_file 9924608
active_file 11980800
unevictable 0
hierarchical_memory_limit 6442450944
hierarchical_memsw_limit 32212254720
total_cache 21975040
total_rss 6500352
total_rss_huge 0
total_mapped_file 7663616
total_writeback 0
total_swap 0
total_pgpgin 77308
total_pgpgout 70356
total_pgfault 173467
total_pgmajfault 183
total_inactive_anon 40960
total_active_anon 6529024
total_inactive_file 9924608
total_active_file 11980800
total_unevictable 0
--------------------BLKIO-----------------------
11:0 Read 0
11:0 Write 0
11:0 Sync 0
11:0 Async 0
11:0 Total 0
253:0 Read 21716992
253:0 Write 229376
253:0 Sync 0
253:0 Async 21946368
253:0 Total 21946368
Total 21946368
--------------------CPUAC-----------------------
user 44
system 80
 
Sat May 20 13:07:30 IST 2017
--------------------MEMCG-----------------------
MEM ONLY  : 27 MB
MEM+SWAP  : 27 MB
cache 21975040
rss 6500352
rss_huge 0
mapped_file 7663616
writeback 0
swap 0
pgpgin 77308
pgpgout 70356
pgfault 173467
pgmajfault 183
inactive_anon 40960
active_anon 6529024
inactive_file 9924608
active_file 11980800
unevictable 0
hierarchical_memory_limit 6442450944
hierarchical_memsw_limit 32212254720
total_cache 21975040
total_rss 6500352
total_rss_huge 0
total_mapped_file 7663616
total_writeback 0
total_swap 0
total_pgpgin 77308
total_pgpgout 70356
total_pgfault 173467
total_pgmajfault 183
total_inactive_anon 40960
total_active_anon 6529024
total_inactive_file 9924608
total_active_file 11980800
total_unevictable 0
--------------------BLKIO-----------------------
11:0 Read 0
11:0 Write 0
11:0 Sync 0
11:0 Async 0
11:0 Total 0
253:0 Read 21716992
253:0 Write 229376
253:0 Sync 0
253:0 Async 21946368
253:0 Total 21946368
Total 21946368
--------------------CPUAC-----------------------
user 44
system 80
 
Sat May 20 13:08:00 IST 2017
--------------------MEMCG-----------------------
MEM ONLY  : 27 MB
MEM+SWAP  : 27 MB
cache 21975040
rss 6500352
rss_huge 0
mapped_file 7663616
writeback 0
swap 0
pgpgin 77308
pgpgout 70356
pgfault 173467
pgmajfault 183
inactive_anon 40960
active_anon 6529024
inactive_file 9924608
active_file 11980800
unevictable 0
hierarchical_memory_limit 6442450944
hierarchical_memsw_limit 32212254720
total_cache 21975040
total_rss 6500352
total_rss_huge 0
total_mapped_file 7663616
total_writeback 0
total_swap 0
total_pgpgin 77308
total_pgpgout 70356
total_pgfault 173467
total_pgmajfault 183
total_inactive_anon 40960
total_active_anon 6529024
total_inactive_file 9924608
total_active_file 11980800
total_unevictable 0
--------------------BLKIO-----------------------
11:0 Read 0
11:0 Write 0
11:0 Sync 0
11:0 Async 0
11:0 Total 0
253:0 Read 21716992
253:0 Write 229376
253:0 Sync 0
253:0 Async 21946368
253:0 Total 21946368
Total 21946368
--------------------CPUAC-----------------------
user 44
system 80
 
Sat May 20 13:08:30 IST 2017
--------------------MEMCG-----------------------
MEM ONLY  : 27 MB
MEM+SWAP  : 27 MB
cache 21975040
rss 6500352
rss_huge 0
mapped_file 7663616
writeback 0
swap 0
pgpgin 77308
pgpgout 70356
pgfault 173467
pgmajfault 183
inactive_anon 40960
active_anon 6529024
inactive_file 9924608
active_file 11980800
unevictable 0
hierarchical_memory_limit 6442450944
hierarchical_memsw_limit 32212254720
total_cache 21975040
total_rss 6500352
total_rss_huge 0
total_mapped_file 7663616
total_writeback 0
total_swap 0
total_pgpgin 77308
total_pgpgout 70356
total_pgfault 173467
total_pgmajfault 183
total_inactive_anon 40960
total_active_anon 6529024
total_inactive_file 9924608
total_active_file 11980800
total_unevictable 0
--------------------BLKIO-----------------------
11:0 Read 0
11:0 Write 0
11:0 Sync 0
11:0 Async 0
11:0 Total 0
253:0 Read 21716992
253:0 Write 229376
253:0 Sync 0
253:0 Async 21946368
253:0 Total 21946368
Total 21946368
--------------------CPUAC-----------------------
user 44
system 80
 
Sat May 20 13:09:00 IST 2017
--------------------MEMCG-----------------------
MEM ONLY  : 27 MB
MEM+SWAP  : 27 MB
cache 21975040
rss 6500352
rss_huge 0
mapped_file 7663616
writeback 0
swap 0
pgpgin 77308
pgpgout 70356
pgfault 173467
pgmajfault 183
inactive_anon 40960
active_anon 6529024
inactive_file 9924608
active_file 11980800
unevictable 0
hierarchical_memory_limit 6442450944
hierarchical_memsw_limit 32212254720
total_cache 21975040
total_rss 6500352
total_rss_huge 0
total_mapped_file 7663616
total_writeback 0
total_swap 0
total_pgpgin 77308
total_pgpgout 70356
total_pgfault 173467
total_pgmajfault 183
total_inactive_anon 40960
total_active_anon 6529024
total_inactive_file 9924608
total_active_file 11980800
total_unevictable 0
--------------------BLKIO-----------------------
11:0 Read 0
11:0 Write 0
11:0 Sync 0
11:0 Async 0
11:0 Total 0
253:0 Read 21716992
253:0 Write 229376
253:0 Sync 0
253:0 Async 21946368
253:0 Total 21946368
Total 21946368
--------------------CPUAC-----------------------
user 44
system 80
 
Sat May 20 13:09:30 IST 2017
--------------------MEMCG-----------------------
MEM ONLY  : 27 MB
MEM+SWAP  : 27 MB
cache 21975040
rss 6500352
rss_huge 0
mapped_file 7663616
writeback 0
swap 0
pgpgin 77308
pgpgout 70356
pgfault 173467
pgmajfault 183
inactive_anon 40960
active_anon 6529024
inactive_file 9924608
active_file 11980800
unevictable 0
hierarchical_memory_limit 6442450944
hierarchical_memsw_limit 32212254720
total_cache 21975040
total_rss 6500352
total_rss_huge 0
total_mapped_file 7663616
total_writeback 0
total_swap 0
total_pgpgin 77308
total_pgpgout 70356
total_pgfault 173467
total_pgmajfault 183
total_inactive_anon 40960
total_active_anon 6529024
total_inactive_file 9924608
total_active_file 11980800
total_unevictable 0
--------------------BLKIO-----------------------
11:0 Read 0
11:0 Write 0
11:0 Sync 0
11:0 Async 0
11:0 Total 0
253:0 Read 21716992
253:0 Write 229376
253:0 Sync 0
253:0 Async 21946368
253:0 Total 21946368
Total 21946368
--------------------CPUAC-----------------------
user 44
system 80
 
Sat May 20 13:10:00 IST 2017
--------------------MEMCG-----------------------
MEM ONLY  : 27 MB
MEM+SWAP  : 27 MB
cache 21975040
rss 6500352
rss_huge 0
mapped_file 7663616
writeback 0
swap 0
pgpgin 77308
pgpgout 70356
pgfault 173467
pgmajfault 183
inactive_anon 40960
active_anon 6529024
inactive_file 9924608
active_file 11980800
unevictable 0
hierarchical_memory_limit 6442450944
hierarchical_memsw_limit 32212254720
total_cache 21975040
total_rss 6500352
total_rss_huge 0
total_mapped_file 7663616
total_writeback 0
total_swap 0
total_pgpgin 77308
total_pgpgout 70356
total_pgfault 173467
total_pgmajfault 183
total_inactive_anon 40960
total_active_anon 6529024
total_inactive_file 9924608
total_active_file 11980800
total_unevictable 0
--------------------BLKIO-----------------------
11:0 Read 0
11:0 Write 0
11:0 Sync 0
11:0 Async 0
11:0 Total 0
253:0 Read 21716992
253:0 Write 229376
253:0 Sync 0
253:0 Async 21946368
253:0 Total 21946368
Total 21946368
--------------------CPUAC-----------------------
user 44
system 80
 
Sat May 20 13:10:30 IST 2017
--------------------MEMCG-----------------------
MEM ONLY  : 27 MB
MEM+SWAP  : 27 MB
cache 21975040
rss 6500352
rss_huge 0
mapped_file 7663616
writeback 0
swap 0
pgpgin 77308
pgpgout 70356
pgfault 173467
pgmajfault 183
inactive_anon 40960
active_anon 6529024
inactive_file 9924608
active_file 11980800
unevictable 0
hierarchical_memory_limit 6442450944
hierarchical_memsw_limit 32212254720
total_cache 21975040
total_rss 6500352
total_rss_huge 0
total_mapped_file 7663616
total_writeback 0
total_swap 0
total_pgpgin 77308
total_pgpgout 70356
total_pgfault 173467
total_pgmajfault 183
total_inactive_anon 40960
total_active_anon 6529024
total_inactive_file 9924608
total_active_file 11980800
total_unevictable 0
--------------------BLKIO-----------------------
11:0 Read 0
11:0 Write 0
11:0 Sync 0
11:0 Async 0
11:0 Total 0
253:0 Read 21716992
253:0 Write 229376
253:0 Sync 0
253:0 Async 21946368
253:0 Total 21946368
Total 21946368
--------------------CPUAC-----------------------
user 44
system 80
 
Sat May 20 13:11:00 IST 2017
--------------------MEMCG-----------------------
MEM ONLY  : 27 MB
MEM+SWAP  : 27 MB
cache 21975040
rss 6500352
rss_huge 0
mapped_file 7663616
writeback 0
swap 0
pgpgin 77308
pgpgout 70356
pgfault 173467
pgmajfault 183
inactive_anon 40960
active_anon 6529024
inactive_file 9924608
active_file 11980800
unevictable 0
hierarchical_memory_limit 6442450944
hierarchical_memsw_limit 32212254720
total_cache 21975040
total_rss 6500352
total_rss_huge 0
total_mapped_file 7663616
total_writeback 0
total_swap 0
total_pgpgin 77308
total_pgpgout 70356
total_pgfault 173467
total_pgmajfault 183
total_inactive_anon 40960
total_active_anon 6529024
total_inactive_file 9924608
total_active_file 11980800
total_unevictable 0
--------------------BLKIO-----------------------
11:0 Read 0
11:0 Write 0
11:0 Sync 0
11:0 Async 0
11:0 Total 0
253:0 Read 21716992
253:0 Write 229376
253:0 Sync 0
253:0 Async 21946368
253:0 Total 21946368
Total 21946368
--------------------CPUAC-----------------------
user 44
system 80
 
Sat May 20 13:11:30 IST 2017
--------------------MEMCG-----------------------
MEM ONLY  : 223 MB
MEM+SWAP  : 223 MB
cache 141737984
rss 92962816
rss_huge 0
mapped_file 46358528
writeback 0
swap 0
pgpgin 166098
pgpgout 108798
pgfault 244266
pgmajfault 205
inactive_anon 45056
active_anon 92991488
inactive_file 115273728
active_file 26390528
unevictable 0
hierarchical_memory_limit 6442450944
hierarchical_memsw_limit 32212254720
total_cache 141737984
total_rss 92962816
total_rss_huge 0
total_mapped_file 46358528
total_writeback 0
total_swap 0
total_pgpgin 166098
total_pgpgout 108798
total_pgfault 244266
total_pgmajfault 205
total_inactive_anon 45056
total_active_anon 92991488
total_inactive_file 115273728
total_active_file 26390528
total_unevictable 0
--------------------BLKIO-----------------------
11:0 Read 0
11:0 Write 0
11:0 Sync 0
11:0 Async 0
11:0 Total 0
253:0 Read 102014976
253:0 Write 229376
253:0 Sync 0
253:0 Async 102244352
253:0 Total 102244352
Total 102244352
--------------------CPUAC-----------------------
user 83
system 227
 
Sat May 20 13:12:00 IST 2017
--------------------MEMCG-----------------------
MEM ONLY  : 733 MB
MEM+SWAP  : 733 MB
cache 676528128
rss 92962816
rss_huge 0
mapped_file 46358528
writeback 0
swap 0
pgpgin 323884
pgpgout 136020
pgfault 272400
pgmajfault 205
inactive_anon 45056
active_anon 92991488
inactive_file 592830464
active_file 83558400
unevictable 0
hierarchical_memory_limit 6442450944
hierarchical_memsw_limit 32212254720
total_cache 676528128
total_rss 92962816
total_rss_huge 0
total_mapped_file 46358528
total_writeback 0
total_swap 0
total_pgpgin 323884
total_pgpgout 136020
total_pgfault 272400
total_pgmajfault 205
total_inactive_anon 45056
total_active_anon 92991488
total_inactive_file 592830464
total_active_file 83558400
total_unevictable 0
--------------------BLKIO-----------------------
11:0 Read 0
11:0 Write 0
11:0 Sync 0
11:0 Async 0
11:0 Total 0
253:0 Read 636796928
253:0 Write 229376
253:0 Sync 0
253:0 Async 637026304
253:0 Total 637026304
Total 637026304
--------------------CPUAC-----------------------
user 101
system 345
 
Sat May 20 13:12:30 IST 2017
--------------------MEMCG-----------------------
MEM ONLY  : 1253 MB
MEM+SWAP  : 1253 MB
cache 1221713920
rss 92962816
rss_huge 0
mapped_file 46358528
writeback 0
swap 0
pgpgin 491102
pgpgout 170136
pgfault 307894
pgmajfault 205
inactive_anon 45056
active_anon 92991488
inactive_file 969457664
active_file 252182528
unevictable 0
hierarchical_memory_limit 6442450944
hierarchical_memsw_limit 32212254720
total_cache 1221713920
total_rss 92962816
total_rss_huge 0
total_mapped_file 46358528
total_writeback 0
total_swap 0
total_pgpgin 491102
total_pgpgout 170136
total_pgfault 307894
total_pgmajfault 205
total_inactive_anon 45056
total_active_anon 92991488
total_inactive_file 969457664
total_active_file 252182528
total_unevictable 0
--------------------BLKIO-----------------------
11:0 Read 0
11:0 Write 0
11:0 Sync 0
11:0 Async 0
11:0 Total 0
253:0 Read 1181978624
253:0 Write 229376
253:0 Sync 0
253:0 Async 1182208000
253:0 Total 1182208000
Total 1182208000
--------------------CPUAC-----------------------
user 122
system 464
 
Sat May 20 13:13:00 IST 2017
--------------------MEMCG-----------------------
MEM ONLY  : 1770 MB
MEM+SWAP  : 1771 MB
cache 1763983360
rss 92962816
rss_huge 0
mapped_file 46358528
writeback 0
swap 0
pgpgin 669020
pgpgout 215664
pgfault 354788
pgmajfault 205
inactive_anon 45056
active_anon 92991488
inactive_file 1182457856
active_file 581439488
unevictable 0
hierarchical_memory_limit 6442450944
hierarchical_memsw_limit 32212254720
total_cache 1763983360
total_rss 92962816
total_rss_huge 0
total_mapped_file 46358528
total_writeback 0
total_swap 0
total_pgpgin 669020
total_pgpgout 215664
total_pgfault 354788
total_pgmajfault 205
total_inactive_anon 45056
total_active_anon 92991488
total_inactive_file 1182457856
total_active_file 581439488
total_unevictable 0
--------------------BLKIO-----------------------
11:0 Read 0
11:0 Write 0
11:0 Sync 0
11:0 Async 0
11:0 Total 0
253:0 Read 1724243968
253:0 Write 229376
253:0 Sync 0
253:0 Async 1724473344
253:0 Total 1724473344
Total 1724473344
--------------------CPUAC-----------------------
user 144
system 601
 
Sat May 20 13:13:30 IST 2017
--------------------MEMCG-----------------------
MEM ONLY  : 2287 MB
MEM+SWAP  : 2287 MB
cache 2305949696
rss 92962816
rss_huge 0
mapped_file 46358528
writeback 0
swap 0
pgpgin 865524
pgpgout 279852
pgfault 421016
pgmajfault 205
inactive_anon 45056
active_anon 92991488
inactive_file 1200603136
active_file 1105240064
unevictable 0
hierarchical_memory_limit 6442450944
hierarchical_memsw_limit 32212254720
total_cache 2305949696
total_rss 92962816
total_rss_huge 0
total_mapped_file 46358528
total_writeback 0
total_swap 0
total_pgpgin 865524
total_pgpgout 279852
total_pgfault 421016
total_pgmajfault 205
total_inactive_anon 45056
total_active_anon 92991488
total_inactive_file 1200603136
total_active_file 1105240064
total_unevictable 0
--------------------BLKIO-----------------------
11:0 Read 0
11:0 Write 0
11:0 Sync 0
11:0 Async 0
11:0 Total 0
253:0 Read 2266402816
253:0 Write 229376
253:0 Sync 0
253:0 Async 2266632192
253:0 Total 2266632192
Total 2266632192
--------------------CPUAC-----------------------
user 174
system 770
 
Sat May 20 13:14:00 IST 2017
--------------------MEMCG-----------------------
MEM ONLY  : 2804 MB
MEM+SWAP  : 2804 MB
cache 2847879168
rss 92962816
rss_huge 0
mapped_file 46358528
writeback 0
swap 0
pgpgin 1117927
pgpgout 399948
pgfault 542477
pgmajfault 205
inactive_anon 45056
active_anon 92991488
inactive_file 900984832
active_file 1946767360
unevictable 0
hierarchical_memory_limit 6442450944
hierarchical_memsw_limit 32212254720
total_cache 2847879168
total_rss 92962816
total_rss_huge 0
total_mapped_file 46358528
total_writeback 0
total_swap 0
total_pgpgin 1117927
total_pgpgout 399948
total_pgfault 542477
total_pgmajfault 205
total_inactive_anon 45056
total_active_anon 92991488
total_inactive_file 900984832
total_active_file 1946767360
total_unevictable 0
--------------------BLKIO-----------------------
11:0 Read 0
11:0 Write 0
11:0 Sync 0
11:0 Async 0
11:0 Total 0
253:0 Read 2808135680
253:0 Write 229376
253:0 Sync 0
253:0 Async 2808365056
253:0 Total 2808365056
Total 2808365056
--------------------CPUAC-----------------------
user 228
system 1004
 
Sat May 20 13:14:30 IST 2017
--------------------MEMCG-----------------------
MEM ONLY  : 3196 MB
MEM+SWAP  : 3196 MB
cache 3258867712
rss 92971008
rss_huge 0
mapped_file 46358528
writeback 0
swap 0
pgpgin 1945726
pgpgout 1127406
pgfault 1271989
pgmajfault 205
inactive_anon 45056
active_anon 92995584
inactive_file 67035136
active_file 3191758848
unevictable 0
hierarchical_memory_limit 6442450944
hierarchical_memsw_limit 32212254720
total_cache 3258867712
total_rss 92966912
total_rss_huge 0
total_mapped_file 46358528
total_writeback 0
total_swap 0
total_pgpgin 1945726
total_pgpgout 1127407
total_pgfault 1271989
total_pgmajfault 205
total_inactive_anon 45056
total_active_anon 92995584
total_inactive_file 67035136
total_active_file 3191758848
total_unevictable 0
--------------------BLKIO-----------------------
11:0 Read 0
11:0 Write 0
11:0 Sync 0
11:0 Async 0
11:0 Total 0
253:0 Read 3219120128
253:0 Write 229376
253:0 Sync 0
253:0 Async 3219349504
253:0 Total 3219349504
Total 3219349504
--------------------CPUAC-----------------------
user 545
system 2268
 
Sat May 20 13:15:00 IST 2017
--------------------MEMCG-----------------------
MEM ONLY  : 3199 MB
MEM+SWAP  : 3199 MB
cache 3262287872
rss 92971008
rss_huge 0
mapped_file 46358528
writeback 0
swap 0
pgpgin 3317090
pgpgout 2497934
pgfault 2644581
pgmajfault 205
inactive_anon 45056
active_anon 92995584
inactive_file 49291264
active_file 3212922880
unevictable 0
hierarchical_memory_limit 6442450944
hierarchical_memsw_limit 32212254720
total_cache 3262287872
total_rss 92979200
total_rss_huge 0
total_mapped_file 46358528
total_writeback 0
total_swap 0
total_pgpgin 3317091
total_pgpgout 2497934
total_pgfault 2644582
total_pgmajfault 205
total_inactive_anon 45056
total_active_anon 93003776
total_inactive_file 49291264
total_active_file 3212922880
total_unevictable 0
--------------------BLKIO-----------------------
11:0 Read 0
11:0 Write 0
11:0 Sync 0
11:0 Async 0
11:0 Total 0
253:0 Read 3222540288
253:0 Write 229376
253:0 Sync 0
253:0 Async 3222769664
253:0 Total 3222769664
Total 3222769664
--------------------CPUAC-----------------------
user 1206
system 4609
 
Sat May 20 13:15:30 IST 2017
--------------------MEMCG-----------------------
MEM ONLY  : 3199 MB
MEM+SWAP  : 3199 MB
cache 3262287872
rss 92983296
rss_huge 0
mapped_file 46358528
writeback 0
swap 0
pgpgin 3924510
pgpgout 3105352
pgfault 3254060
pgmajfault 205
inactive_anon 45056
active_anon 92991488
inactive_file 49291264
active_file 3212922880
unevictable 0
hierarchical_memory_limit 6442450944
hierarchical_memsw_limit 32212254720
total_cache 3262287872
total_rss 92983296
total_rss_huge 0
total_mapped_file 46358528
total_writeback 0
total_swap 0
total_pgpgin 3924510
total_pgpgout 3105352
total_pgfault 3254060
total_pgmajfault 205
total_inactive_anon 45056
total_active_anon 92991488
total_inactive_file 49291264
total_active_file 3212922880
total_unevictable 0
--------------------BLKIO-----------------------
11:0 Read 0
11:0 Write 0
11:0 Sync 0
11:0 Async 0
11:0 Total 0
253:0 Read 3222540288
253:0 Write 229376
253:0 Sync 0
253:0 Async 3222769664
253:0 Total 3222769664
Total 3222769664
--------------------CPUAC-----------------------
user 1504
system 7585
 
Sat May 20 13:16:00 IST 2017
--------------------MEMCG-----------------------
MEM ONLY  : 3199 MB
MEM+SWAP  : 3199 MB
cache 3262287872
rss 92975104
rss_huge 0
mapped_file 46358528
writeback 0
swap 0
pgpgin 4482725
pgpgout 3663569
pgfault 3814331
pgmajfault 205
inactive_anon 45056
active_anon 93003776
inactive_file 49291264
active_file 3212922880
unevictable 0
hierarchical_memory_limit 6442450944
hierarchical_memsw_limit 32212254720
total_cache 3262287872
total_rss 92975104
total_rss_huge 0
total_mapped_file 46358528
total_writeback 0
total_swap 0
total_pgpgin 4482725
total_pgpgout 3663569
total_pgfault 3814331
total_pgmajfault 205
total_inactive_anon 45056
total_active_anon 93003776
total_inactive_file 49291264
total_active_file 3212922880
total_unevictable 0
--------------------BLKIO-----------------------
11:0 Read 0
11:0 Write 0
11:0 Sync 0
11:0 Async 0
11:0 Total 0
253:0 Read 3222540288
253:0 Write 229376
253:0 Sync 0
253:0 Async 3222769664
253:0 Total 3222769664
Total 3222769664
--------------------CPUAC-----------------------
user 1776
system 10604
 
Sat May 20 13:16:30 IST 2017
--------------------MEMCG-----------------------
MEM ONLY  : 3199 MB
MEM+SWAP  : 3199 MB
cache 3262287872
rss 92979200
rss_huge 0
mapped_file 46358528
writeback 0
swap 0
pgpgin 5006677
pgpgout 4187520
pgfault 4340339
pgmajfault 205
inactive_anon 45056
active_anon 92991488
inactive_file 49291264
active_file 3212922880
unevictable 0
hierarchical_memory_limit 6442450944
hierarchical_memsw_limit 32212254720
total_cache 3262287872
total_rss 92979200
total_rss_huge 0
total_mapped_file 46358528
total_writeback 0
total_swap 0
total_pgpgin 5006677
total_pgpgout 4187520
total_pgfault 4340339
total_pgmajfault 205
total_inactive_anon 45056
total_active_anon 92991488
total_inactive_file 49291264
total_active_file 3212922880
total_unevictable 0
--------------------BLKIO-----------------------
11:0 Read 0
11:0 Write 0
11:0 Sync 0
11:0 Async 0
11:0 Total 0
253:0 Read 3222540288
253:0 Write 229376
253:0 Sync 0
253:0 Async 3222769664
253:0 Total 3222769664
Total 3222769664
--------------------CPUAC-----------------------
user 2007
system 13639
 
Sat May 20 13:17:00 IST 2017
--------------------MEMCG-----------------------
MEM ONLY  : 3200 MB
MEM+SWAP  : 3199 MB
cache 3262287872
rss 92971008
rss_huge 0
mapped_file 46358528
writeback 0
swap 0
pgpgin 5544479
pgpgout 4725324
pgfault 4880202
pgmajfault 205
inactive_anon 45056
active_anon 92991488
inactive_file 49291264
active_file 3212922880
unevictable 0
hierarchical_memory_limit 6442450944
hierarchical_memsw_limit 32212254720
total_cache 3262287872
total_rss 92975104
total_rss_huge 0
total_mapped_file 46358528
total_writeback 0
total_swap 0
total_pgpgin 5544481
total_pgpgout 4725324
total_pgfault 4880204
total_pgmajfault 205
total_inactive_anon 45056
total_active_anon 92991488
total_inactive_file 49291264
total_active_file 3212922880
total_unevictable 0
--------------------BLKIO-----------------------
11:0 Read 0
11:0 Write 0
11:0 Sync 0
11:0 Async 0
11:0 Total 0
253:0 Read 3222540288
253:0 Write 229376
253:0 Sync 0
253:0 Async 3222769664
253:0 Total 3222769664
Total 3222769664
--------------------CPUAC-----------------------
user 2256
system 16658
 
Sat May 20 13:17:30 IST 2017
--------------------MEMCG-----------------------
MEM ONLY  : 3199 MB
MEM+SWAP  : 3199 MB
cache 3262304256
rss 92971008
rss_huge 0
mapped_file 46358528
writeback 0
swap 0
pgpgin 6300388
pgpgout 5481229
pgfault 5638387
pgmajfault 205
inactive_anon 45056
active_anon 92999680
inactive_file 49172480
active_file 3213058048
unevictable 0
hierarchical_memory_limit 6442450944
hierarchical_memsw_limit 32212254720
total_cache 3262304256
total_rss 92971008
total_rss_huge 0
total_mapped_file 46358528
total_writeback 0
total_swap 0
total_pgpgin 6300388
total_pgpgout 5481230
total_pgfault 5638387
total_pgmajfault 205
total_inactive_anon 45056
total_active_anon 92995584
total_inactive_file 49172480
total_active_file 3213058048
total_unevictable 0
--------------------BLKIO-----------------------
11:0 Read 0
11:0 Write 0
11:0 Sync 0
11:0 Async 0
11:0 Total 0
253:0 Read 3222552576
253:0 Write 229376
253:0 Sync 0
253:0 Async 3222781952
253:0 Total 3222781952
Total 3222781952
--------------------CPUAC-----------------------
user 2620
system 19564
 
Sat May 20 13:18:00 IST 2017
--------------------MEMCG-----------------------
MEM ONLY  : 3199 MB
MEM+SWAP  : 3200 MB
cache 3262304256
rss 92987392
rss_huge 0
mapped_file 46358528
writeback 0
swap 0
pgpgin 7535693
pgpgout 6716530
pgfault 6875752
pgmajfault 205
inactive_anon 45056
active_anon 92991488
inactive_file 49172480
active_file 3213058048
unevictable 0
hierarchical_memory_limit 6442450944
hierarchical_memsw_limit 32212254720
total_cache 3262304256
total_rss 92991488
total_rss_huge 0
total_mapped_file 46358528
total_writeback 0
total_swap 0
total_pgpgin 7535694
total_pgpgout 6716530
total_pgfault 6875752
total_pgmajfault 205
total_inactive_anon 45056
total_active_anon 93007872
total_inactive_file 49172480
total_active_file 3213058048
total_unevictable 0
--------------------BLKIO-----------------------
11:0 Read 0
11:0 Write 0
11:0 Sync 0
11:0 Async 0
11:0 Total 0
253:0 Read 3222552576
253:0 Write 229376
253:0 Sync 0
253:0 Async 3222781952
253:0 Total 3222781952
Total 3222781952
--------------------CPUAC-----------------------
user 3170
system 22091
 
Sat May 20 13:18:30 IST 2017
--------------------MEMCG-----------------------
MEM ONLY  : 3200 MB
MEM+SWAP  : 3200 MB
cache 3262304256
rss 92987392
rss_huge 0
mapped_file 46358528
writeback 0
swap 0
pgpgin 8071983
pgpgout 7252820
pgfault 7414094
pgmajfault 205
inactive_anon 45056
active_anon 93016064
inactive_file 49172480
active_file 3213058048
unevictable 0
hierarchical_memory_limit 6442450944
hierarchical_memsw_limit 32212254720
total_cache 3262304256
total_rss 92983296
total_rss_huge 0
total_mapped_file 46358528
total_writeback 0
total_swap 0
total_pgpgin 8071983
total_pgpgout 7252821
total_pgfault 7414094
total_pgmajfault 205
total_inactive_anon 45056
total_active_anon 93011968
total_inactive_file 49172480
total_active_file 3213058048
total_unevictable 0
--------------------BLKIO-----------------------
11:0 Read 0
11:0 Write 0
11:0 Sync 0
11:0 Async 0
11:0 Total 0
253:0 Read 3222552576
253:0 Write 229376
253:0 Sync 0
253:0 Async 3222781952
253:0 Total 3222781952
Total 3222781952
--------------------CPUAC-----------------------
user 3425
system 25109
 
Sat May 20 13:19:00 IST 2017
--------------------MEMCG-----------------------
MEM ONLY  : 3200 MB
MEM+SWAP  : 3200 MB
cache 3262304256
rss 92975104
rss_huge 0
mapped_file 46358528
writeback 0
swap 0
pgpgin 8599919
pgpgout 7780759
pgfault 7944091
pgmajfault 205
inactive_anon 45056
active_anon 92991488
inactive_file 49172480
active_file 3213058048
unevictable 0
hierarchical_memory_limit 6442450944
hierarchical_memsw_limit 32212254720
total_cache 3262304256
total_rss 92975104
total_rss_huge 0
total_mapped_file 46358528
total_writeback 0
total_swap 0
total_pgpgin 8599919
total_pgpgout 7780759
total_pgfault 7944091
total_pgmajfault 205
total_inactive_anon 45056
total_active_anon 92991488
total_inactive_file 49172480
total_active_file 3213058048
total_unevictable 0
--------------------BLKIO-----------------------
11:0 Read 0
11:0 Write 0
11:0 Sync 0
11:0 Async 0
11:0 Total 0
253:0 Read 3222552576
253:0 Write 229376
253:0 Sync 0
253:0 Async 3222781952
253:0 Total 3222781952
Total 3222781952
--------------------CPUAC-----------------------
user 3677
system 28121
 
Sat May 20 13:19:30 IST 2017
--------------------MEMCG-----------------------
MEM ONLY  : 3200 MB
MEM+SWAP  : 3200 MB
cache 3262304256
rss 92971008
rss_huge 0
mapped_file 46358528
writeback 0
swap 0
pgpgin 9146479
pgpgout 8327320
pgfault 8492708
pgmajfault 205
inactive_anon 45056
active_anon 92991488
inactive_file 49172480
active_file 3213058048
unevictable 0
hierarchical_memory_limit 6442450944
hierarchical_memsw_limit 32212254720
total_cache 3262304256
total_rss 92971008
total_rss_huge 0
total_mapped_file 46358528
total_writeback 0
total_swap 0
total_pgpgin 9146479
total_pgpgout 8327320
total_pgfault 8492708
total_pgmajfault 205
total_inactive_anon 45056
total_active_anon 92991488
total_inactive_file 49172480
total_active_file 3213058048
total_unevictable 0
--------------------BLKIO-----------------------
11:0 Read 0
11:0 Write 0
11:0 Sync 0
11:0 Async 0
11:0 Total 0
253:0 Read 3222552576
253:0 Write 229376
253:0 Sync 0
253:0 Async 3222781952
253:0 Total 3222781952
Total 3222781952
--------------------CPUAC-----------------------
user 3941
system 31158
 
Sat May 20 13:20:01 IST 2017
--------------------MEMCG-----------------------
MEM ONLY  : 3199 MB
MEM+SWAP  : 3199 MB
cache 3262304256
rss 92987392
rss_huge 0
mapped_file 46358528
writeback 0
swap 0
pgpgin 10256106
pgpgout 9436944
pgfault 9604393
pgmajfault 205
inactive_anon 45056
active_anon 93011968
inactive_file 49172480
active_file 3213058048
unevictable 0
hierarchical_memory_limit 6442450944
hierarchical_memsw_limit 32212254720
total_cache 3262304256
total_rss 92983296
total_rss_huge 0
total_mapped_file 46358528
total_writeback 0
total_swap 0
total_pgpgin 10256106
total_pgpgout 9436944
total_pgfault 9604393
total_pgmajfault 205
total_inactive_anon 45056
total_active_anon 93011968
total_inactive_file 49172480
total_active_file 3213058048
total_unevictable 0
--------------------BLKIO-----------------------
11:0 Read 0
11:0 Write 0
11:0 Sync 0
11:0 Async 0
11:0 Total 0
253:0 Read 3222552576
253:0 Write 229376
253:0 Sync 0
253:0 Async 3222781952
253:0 Total 3222781952
Total 3222781952
--------------------CPUAC-----------------------
user 4427
system 33824
 
Sat May 20 13:20:31 IST 2017
--------------------MEMCG-----------------------
MEM ONLY  : 3199 MB
MEM+SWAP  : 3200 MB
cache 3262304256
rss 92975104
rss_huge 0
mapped_file 46358528
writeback 0
swap 0
pgpgin 11396302
pgpgout 10577142
pgfault 10746655
pgmajfault 205
inactive_anon 45056
active_anon 93003776
inactive_file 49172480
active_file 3213058048
unevictable 0
hierarchical_memory_limit 6442450944
hierarchical_memsw_limit 32212254720
total_cache 3262304256
total_rss 92975104
total_rss_huge 0
total_mapped_file 46358528
total_writeback 0
total_swap 0
total_pgpgin 11396302
total_pgpgout 10577142
total_pgfault 10746655
total_pgmajfault 205
total_inactive_anon 45056
total_active_anon 93003776
total_inactive_file 49172480
total_active_file 3213058048
total_unevictable 0
--------------------BLKIO-----------------------
11:0 Read 0
11:0 Write 0
11:0 Sync 0
11:0 Async 0
11:0 Total 0
253:0 Read 3222552576
253:0 Write 229376
253:0 Sync 0
253:0 Async 3222781952
253:0 Total 3222781952
Total 3222781952
--------------------CPUAC-----------------------
user 4913
system 36440
 
Sat May 20 13:21:01 IST 2017
--------------------MEMCG-----------------------
MEM ONLY  : 3199 MB
MEM+SWAP  : 3200 MB
cache 3262304256
rss 92987392
rss_huge 0
mapped_file 46358528
writeback 0
swap 0
pgpgin 12277635
pgpgout 11458472
pgfault 11630051
pgmajfault 205
inactive_anon 45056
active_anon 93011968
inactive_file 49172480
active_file 3213058048
unevictable 0
hierarchical_memory_limit 6442450944
hierarchical_memsw_limit 32212254720
total_cache 3262304256
total_rss 92987392
total_rss_huge 0
total_mapped_file 46358528
total_writeback 0
total_swap 0
total_pgpgin 12277635
total_pgpgout 11458472
total_pgfault 11630051
total_pgmajfault 205
total_inactive_anon 45056
total_active_anon 93016064
total_inactive_file 49172480
total_active_file 3213058048
total_unevictable 0
--------------------BLKIO-----------------------
11:0 Read 0
11:0 Write 0
11:0 Sync 0
11:0 Async 0
11:0 Total 0
253:0 Read 3222552576
253:0 Write 229376
253:0 Sync 0
253:0 Async 3222781952
253:0 Total 3222781952
Total 3222781952
--------------------CPUAC-----------------------
user 5323
system 39271
 
Sat May 20 13:21:31 IST 2017
--------------------MEMCG-----------------------
MEM ONLY  : 3079 MB
MEM+SWAP  : 3079 MB
cache 3222876160
rss 6504448
rss_huge 0
mapped_file 7663616
writeback 0
swap 0
pgpgin 13217328
pgpgout 12428905
pgfault 12571890
pgmajfault 205
inactive_anon 40960
active_anon 6533120
inactive_file 8585216
active_file 3214221312
unevictable 0
hierarchical_memory_limit 6442450944
hierarchical_memsw_limit 32212254720
total_cache 3222876160
total_rss 6504448
total_rss_huge 0
total_mapped_file 7663616
total_writeback 0
total_swap 0
total_pgpgin 13217328
total_pgpgout 12428905
total_pgfault 12571890
total_pgmajfault 205
total_inactive_anon 40960
total_active_anon 6533120
total_inactive_file 8585216
total_active_file 3214221312
total_unevictable 0
--------------------BLKIO-----------------------
11:0 Read 0
11:0 Write 0
11:0 Sync 0
11:0 Async 0
11:0 Total 0
253:0 Read 3222552576
253:0 Write 229376
253:0 Sync 0
253:0 Async 3222781952
253:0 Total 3222781952
Total 3222781952
--------------------CPUAC-----------------------
user 5731
system 41528
 
Sat May 20 13:22:01 IST 2017
--------------------MEMCG-----------------------
MEM ONLY  : 2511 MB
MEM+SWAP  : 2511 MB
cache 2626621440
rss 6504448
rss_huge 0
mapped_file 7569408
writeback 0
swap 0
pgpgin 13217328
pgpgout 12574475
pgfault 12571890
pgmajfault 205
inactive_anon 3428352
active_anon 3145728
inactive_file 785264640
active_file 1841287168
unevictable 0
hierarchical_memory_limit 6442450944
hierarchical_memsw_limit 32212254720
total_cache 2626621440
total_rss 6504448
total_rss_huge 0
total_mapped_file 7569408
total_writeback 0
total_swap 0
total_pgpgin 13217328
total_pgpgout 12574475
total_pgfault 12571890
total_pgmajfault 205
total_inactive_anon 3428352
total_active_anon 3145728
total_inactive_file 785264640
total_active_file 1841287168
total_unevictable 0
--------------------BLKIO-----------------------
11:0 Read 0
11:0 Write 0
11:0 Sync 0
11:0 Async 0
11:0 Total 0
253:0 Read 3222552576
253:0 Write 229376
253:0 Sync 0
253:0 Async 3222781952
253:0 Total 3222781952
Total 3222781952
--------------------CPUAC-----------------------
user 5731
system 41528
 
Sat May 20 13:22:31 IST 2017
--------------------MEMCG-----------------------
MEM ONLY  : 2309 MB
MEM+SWAP  : 2309 MB
cache 2415656960
rss 6504448
rss_huge 0
mapped_file 7569408
writeback 0
swap 0
pgpgin 13217328
pgpgout 12625980
pgfault 12571890
pgmajfault 205
inactive_anon 3428352
active_anon 3145728
inactive_file 757215232
active_file 1658372096
unevictable 0
hierarchical_memory_limit 6442450944
hierarchical_memsw_limit 32212254720
total_cache 2415656960
total_rss 6504448
total_rss_huge 0
total_mapped_file 7569408
total_writeback 0
total_swap 0
total_pgpgin 13217328
total_pgpgout 12625980
total_pgfault 12571890
total_pgmajfault 205
total_inactive_anon 3428352
total_active_anon 3145728
total_inactive_file 757215232
total_active_file 1658372096
total_unevictable 0
--------------------BLKIO-----------------------
11:0 Read 0
11:0 Write 0
11:0 Sync 0
11:0 Async 0
11:0 Total 0
253:0 Read 3222552576
253:0 Write 229376
253:0 Sync 0
253:0 Async 3222781952
253:0 Total 3222781952
Total 3222781952
--------------------CPUAC-----------------------
user 5731
system 41528
 
Sat May 20 13:23:01 IST 2017
--------------------MEMCG-----------------------
MEM ONLY  : 2260 MB
MEM+SWAP  : 2260 MB
cache 2363867136
rss 6504448
rss_huge 0
mapped_file 7569408
writeback 0
swap 0
pgpgin 13217328
pgpgout 12638624
pgfault 12571890
pgmajfault 205
inactive_anon 3428352
active_anon 3145728
inactive_file 750538752
active_file 1613258752
unevictable 0
hierarchical_memory_limit 6442450944
hierarchical_memsw_limit 32212254720
total_cache 2363867136
total_rss 6504448
total_rss_huge 0
total_mapped_file 7569408
total_writeback 0
total_swap 0
total_pgpgin 13217328
total_pgpgout 12638624
total_pgfault 12571890
total_pgmajfault 205
total_inactive_anon 3428352
total_active_anon 3145728
total_inactive_file 750538752
total_active_file 1613258752
total_unevictable 0
--------------------BLKIO-----------------------
11:0 Read 0
11:0 Write 0
11:0 Sync 0
11:0 Async 0
11:0 Total 0
253:0 Read 3222552576
253:0 Write 229376
253:0 Sync 0
253:0 Async 3222781952
253:0 Total 3222781952
Total 3222781952
--------------------CPUAC-----------------------
user 5731
system 41528
 
Sat May 20 13:23:31 IST 2017
--------------------MEMCG-----------------------
MEM ONLY  : 2211 MB
MEM+SWAP  : 2211 MB
cache 2312822784
rss 6504448
rss_huge 0
mapped_file 7569408
writeback 0
swap 0
pgpgin 13217328
pgpgout 12651086
pgfault 12571890
pgmajfault 205
inactive_anon 3428352
active_anon 3145728
inactive_file 744206336
active_file 1568546816
unevictable 0
hierarchical_memory_limit 6442450944
hierarchical_memsw_limit 32212254720
total_cache 2312822784
total_rss 6504448
total_rss_huge 0
total_mapped_file 7569408
total_writeback 0
total_swap 0
total_pgpgin 13217328
total_pgpgout 12651086
total_pgfault 12571890
total_pgmajfault 205
total_inactive_anon 3428352
total_active_anon 3145728
total_inactive_file 744206336
total_active_file 1568546816
total_unevictable 0
--------------------BLKIO-----------------------
11:0 Read 0
11:0 Write 0
11:0 Sync 0
11:0 Async 0
11:0 Total 0
253:0 Read 3222552576
253:0 Write 229376
253:0 Sync 0
253:0 Async 3222781952
253:0 Total 3222781952
Total 3222781952
--------------------CPUAC-----------------------
user 5731
system 41528
 
Sat May 20 13:24:01 IST 2017
--------------------MEMCG-----------------------
MEM ONLY  : 2166 MB
MEM+SWAP  : 2166 MB
cache 2264940544
rss 6504448
rss_huge 0
mapped_file 7569408
writeback 0
swap 0
pgpgin 13217328
pgpgout 12662776
pgfault 12571890
pgmajfault 205
inactive_anon 3428352
active_anon 3145728
inactive_file 738500608
active_file 1526370304
unevictable 0
hierarchical_memory_limit 6442450944
hierarchical_memsw_limit 32212254720
total_cache 2264940544
total_rss 6504448
total_rss_huge 0
total_mapped_file 7569408
total_writeback 0
total_swap 0
total_pgpgin 13217328
total_pgpgout 12662776
total_pgfault 12571890
total_pgmajfault 205
total_inactive_anon 3428352
total_active_anon 3145728
total_inactive_file 738500608
total_active_file 1526370304
total_unevictable 0
--------------------BLKIO-----------------------
11:0 Read 0
11:0 Write 0
11:0 Sync 0
11:0 Async 0
11:0 Total 0
253:0 Read 3222552576
253:0 Write 229376
253:0 Sync 0
253:0 Async 3222781952
253:0 Total 3222781952
Total 3222781952
--------------------CPUAC-----------------------
user 5731
system 41528
 
Sat May 20 13:24:31 IST 2017
--------------------MEMCG-----------------------
MEM ONLY  : 2119 MB
MEM+SWAP  : 2119 MB
cache 2215821312
rss 6504448
rss_huge 0
mapped_file 7569408
writeback 0
swap 0
pgpgin 13217328
pgpgout 12674768
pgfault 12571890
pgmajfault 205
inactive_anon 3428352
active_anon 3145728
inactive_file 732766208
active_file 1482985472
unevictable 0
hierarchical_memory_limit 6442450944
hierarchical_memsw_limit 32212254720
total_cache 2215821312
total_rss 6504448
total_rss_huge 0
total_mapped_file 7569408
total_writeback 0
total_swap 0
total_pgpgin 13217328
total_pgpgout 12674768
total_pgfault 12571890
total_pgmajfault 205
total_inactive_anon 3428352
total_active_anon 3145728
total_inactive_file 732766208
total_active_file 1482985472
total_unevictable 0
--------------------BLKIO-----------------------
11:0 Read 0
11:0 Write 0
11:0 Sync 0
11:0 Async 0
11:0 Total 0
253:0 Read 3222552576
253:0 Write 229376
253:0 Sync 0
253:0 Async 3222781952
253:0 Total 3222781952
Total 3222781952
--------------------CPUAC-----------------------
user 5731
system 41528
 
Sat May 20 13:25:01 IST 2017
--------------------MEMCG-----------------------
MEM ONLY  : 2070 MB
MEM+SWAP  : 2070 MB
cache 2164457472
rss 6504448
rss_huge 0
mapped_file 7569408
writeback 0
swap 0
pgpgin 13217328
pgpgout 12687308
pgfault 12571890
pgmajfault 205
inactive_anon 3428352
active_anon 3145728
inactive_file 727150592
active_file 1437237248
unevictable 0
hierarchical_memory_limit 6442450944
hierarchical_memsw_limit 32212254720
total_cache 2164457472
total_rss 6504448
total_rss_huge 0
total_mapped_file 7569408
total_writeback 0
total_swap 0
total_pgpgin 13217328
total_pgpgout 12687308
total_pgfault 12571890
total_pgmajfault 205
total_inactive_anon 3428352
total_active_anon 3145728
total_inactive_file 727150592
total_active_file 1437237248
total_unevictable 0
--------------------BLKIO-----------------------
11:0 Read 0
11:0 Write 0
11:0 Sync 0
11:0 Async 0
11:0 Total 0
253:0 Read 3222552576
253:0 Write 229376
253:0 Sync 0
253:0 Async 3222781952
253:0 Total 3222781952
Total 3222781952
--------------------CPUAC-----------------------
user 5731
system 41528
 
Sat May 20 13:25:31 IST 2017
--------------------MEMCG-----------------------
MEM ONLY  : 2023 MB
MEM+SWAP  : 2023 MB
cache 2115411968
rss 6504448
rss_huge 0
mapped_file 7569408
writeback 0
swap 0
pgpgin 13217328
pgpgout 12699282
pgfault 12571890
pgmajfault 205
inactive_anon 3428352
active_anon 3145728
inactive_file 721870848
active_file 1393471488
unevictable 0
hierarchical_memory_limit 6442450944
hierarchical_memsw_limit 32212254720
total_cache 2115411968
total_rss 6504448
total_rss_huge 0
total_mapped_file 7569408
total_writeback 0
total_swap 0
total_pgpgin 13217328
total_pgpgout 12699282
total_pgfault 12571890
total_pgmajfault 205
total_inactive_anon 3428352
total_active_anon 3145728
total_inactive_file 721870848
total_active_file 1393471488
total_unevictable 0
--------------------BLKIO-----------------------
11:0 Read 0
11:0 Write 0
11:0 Sync 0
11:0 Async 0
11:0 Total 0
253:0 Read 3222552576
253:0 Write 229376
253:0 Sync 0
253:0 Async 3222781952
253:0 Total 3222781952
Total 3222781952
--------------------CPUAC-----------------------
user 5731
system 41528
 
Sat May 20 13:26:01 IST 2017
--------------------MEMCG-----------------------
MEM ONLY  : 1978 MB
MEM+SWAP  : 1978 MB
cache 2067640320
rss 6504448
rss_huge 0
mapped_file 7569408
writeback 0
swap 0
pgpgin 13217328
pgpgout 12710945
pgfault 12571890
pgmajfault 205
inactive_anon 3428352
active_anon 3145728
inactive_file 716824576
active_file 1350746112
unevictable 0
hierarchical_memory_limit 6442450944
hierarchical_memsw_limit 32212254720
total_cache 2067640320
total_rss 6504448
total_rss_huge 0
total_mapped_file 7569408
total_writeback 0
total_swap 0
total_pgpgin 13217328
total_pgpgout 12710945
total_pgfault 12571890
total_pgmajfault 205
total_inactive_anon 3428352
total_active_anon 3145728
total_inactive_file 716824576
total_active_file 1350746112
total_unevictable 0
--------------------BLKIO-----------------------
11:0 Read 0
11:0 Write 0
11:0 Sync 0
11:0 Async 0
11:0 Total 0
253:0 Read 3222552576
253:0 Write 229376
253:0 Sync 0
253:0 Async 3222781952
253:0 Total 3222781952
Total 3222781952
--------------------CPUAC-----------------------
user 5731
system 41528
 
Sat May 20 13:26:31 IST 2017
--------------------MEMCG-----------------------
MEM ONLY  : 1930 MB
MEM+SWAP  : 1930 MB
cache 2018033664
rss 6504448
rss_huge 0
mapped_file 7569408
writeback 0
swap 0
pgpgin 13217328
pgpgout 12723056
pgfault 12571890
pgmajfault 205
inactive_anon 3428352
active_anon 3145728
inactive_file 711974912
active_file 1305989120
unevictable 0
hierarchical_memory_limit 6442450944
hierarchical_memsw_limit 32212254720
total_cache 2018033664
total_rss 6504448
total_rss_huge 0
total_mapped_file 7569408
total_writeback 0
total_swap 0
total_pgpgin 13217328
total_pgpgout 12723056
total_pgfault 12571890
total_pgmajfault 205
total_inactive_anon 3428352
total_active_anon 3145728
total_inactive_file 711974912
total_active_file 1305989120
total_unevictable 0
--------------------BLKIO-----------------------
11:0 Read 0
11:0 Write 0
11:0 Sync 0
11:0 Async 0
11:0 Total 0
253:0 Read 3222552576
253:0 Write 229376
253:0 Sync 0
253:0 Async 3222781952
253:0 Total 3222781952
Total 3222781952
--------------------CPUAC-----------------------
user 5731
system 41528
 
Sat May 20 13:27:01 IST 2017
--------------------MEMCG-----------------------
MEM ONLY  : 1884 MB
MEM+SWAP  : 1884 MB
cache 1969254400
rss 6504448
rss_huge 0
mapped_file 7569408
writeback 0
swap 0
pgpgin 13217328
pgpgout 12734965
pgfault 12571890
pgmajfault 205
inactive_anon 3428352
active_anon 3145728
inactive_file 707194880
active_file 1261989888
unevictable 0
hierarchical_memory_limit 6442450944
hierarchical_memsw_limit 32212254720
total_cache 1969254400
total_rss 6504448
total_rss_huge 0
total_mapped_file 7569408
total_writeback 0
total_swap 0
total_pgpgin 13217328
total_pgpgout 12734965
total_pgfault 12571890
total_pgmajfault 205
total_inactive_anon 3428352
total_active_anon 3145728
total_inactive_file 707194880
total_active_file 1261989888
total_unevictable 0
--------------------BLKIO-----------------------
11:0 Read 0
11:0 Write 0
11:0 Sync 0
11:0 Async 0
11:0 Total 0
253:0 Read 3222552576
253:0 Write 229376
253:0 Sync 0
253:0 Async 3222781952
253:0 Total 3222781952
Total 3222781952
--------------------CPUAC-----------------------
user 5731
system 41528
 
Sat May 20 13:27:31 IST 2017
--------------------MEMCG-----------------------
MEM ONLY  : 1838 MB
MEM+SWAP  : 1838 MB
cache 1921060864
rss 6504448
rss_huge 0
mapped_file 7569408
writeback 0
swap 0
pgpgin 13217328
pgpgout 12746731
pgfault 12571890
pgmajfault 205
inactive_anon 3428352
active_anon 3145728
inactive_file 702496768
active_file 1218494464
unevictable 0
hierarchical_memory_limit 6442450944
hierarchical_memsw_limit 32212254720
total_cache 1921060864
total_rss 6504448
total_rss_huge 0
total_mapped_file 7569408
total_writeback 0
total_swap 0
total_pgpgin 13217328
total_pgpgout 12746731
total_pgfault 12571890
total_pgmajfault 205
total_inactive_anon 3428352
total_active_anon 3145728
total_inactive_file 702496768
total_active_file 1218494464
total_unevictable 0
--------------------BLKIO-----------------------
11:0 Read 0
11:0 Write 0
11:0 Sync 0
11:0 Async 0
11:0 Total 0
253:0 Read 3222552576
253:0 Write 229376
253:0 Sync 0
253:0 Async 3222781952
253:0 Total 3222781952
Total 3222781952
--------------------CPUAC-----------------------
user 5731
system 41528
 
Sat May 20 13:28:01 IST 2017
--------------------MEMCG-----------------------
MEM ONLY  : 1791 MB
MEM+SWAP  : 1791 MB
cache 1871646720
rss 6504448
rss_huge 0
mapped_file 7569408
writeback 0
swap 0
pgpgin 13217328
pgpgout 12758795
pgfault 12571890
pgmajfault 205
inactive_anon 3428352
active_anon 3145728
inactive_file 697769984
active_file 1173807104
unevictable 0
hierarchical_memory_limit 6442450944
hierarchical_memsw_limit 32212254720
total_cache 1871646720
total_rss 6504448
total_rss_huge 0
total_mapped_file 7569408
total_writeback 0
total_swap 0
total_pgpgin 13217328
total_pgpgout 12758795
total_pgfault 12571890
total_pgmajfault 205
total_inactive_anon 3428352
total_active_anon 3145728
total_inactive_file 697769984
total_active_file 1173807104
total_unevictable 0
--------------------BLKIO-----------------------
11:0 Read 0
11:0 Write 0
11:0 Sync 0
11:0 Async 0
11:0 Total 0
253:0 Read 3222552576
253:0 Write 229376
253:0 Sync 0
253:0 Async 3222781952
253:0 Total 3222781952
Total 3222781952
--------------------CPUAC-----------------------
user 5731
system 41528
 
Sat May 20 13:28:31 IST 2017
--------------------MEMCG-----------------------
MEM ONLY  : 1743 MB
MEM+SWAP  : 1743 MB
cache 1822167040
rss 6504448
rss_huge 0
mapped_file 7569408
writeback 0
swap 0
pgpgin 13217328
pgpgout 12770875
pgfault 12571890
pgmajfault 205
inactive_anon 3428352
active_anon 3145728
inactive_file 693411840
active_file 1128685568
unevictable 0
hierarchical_memory_limit 6442450944
hierarchical_memsw_limit 32212254720
total_cache 1822167040
total_rss 6504448
total_rss_huge 0
total_mapped_file 7569408
total_writeback 0
total_swap 0
total_pgpgin 13217328
total_pgpgout 12770875
total_pgfault 12571890
total_pgmajfault 205
total_inactive_anon 3428352
total_active_anon 3145728
total_inactive_file 693411840
total_active_file 1128685568
total_unevictable 0
--------------------BLKIO-----------------------
11:0 Read 0
11:0 Write 0
11:0 Sync 0
11:0 Async 0
11:0 Total 0
253:0 Read 3222552576
253:0 Write 229376
253:0 Sync 0
253:0 Async 3222781952
253:0 Total 3222781952
Total 3222781952
--------------------CPUAC-----------------------
user 5731
system 41528
 
Sat May 20 13:29:01 IST 2017
--------------------MEMCG-----------------------
MEM ONLY  : 1698 MB
MEM+SWAP  : 1698 MB
cache 1774149632
rss 6504448
rss_huge 0
mapped_file 7569408
writeback 0
swap 0
pgpgin 13217328
pgpgout 12782598
pgfault 12571890
pgmajfault 205
inactive_anon 3428352
active_anon 3145728
inactive_file 689197056
active_file 1084882944
unevictable 0
hierarchical_memory_limit 6442450944
hierarchical_memsw_limit 32212254720
total_cache 1774149632
total_rss 6504448
total_rss_huge 0
total_mapped_file 7569408
total_writeback 0
total_swap 0
total_pgpgin 13217328
total_pgpgout 12782598
total_pgfault 12571890
total_pgmajfault 205
total_inactive_anon 3428352
total_active_anon 3145728
total_inactive_file 689197056
total_active_file 1084882944
total_unevictable 0
--------------------BLKIO-----------------------
11:0 Read 0
11:0 Write 0
11:0 Sync 0
11:0 Async 0
11:0 Total 0
253:0 Read 3222552576
253:0 Write 229376
253:0 Sync 0
253:0 Async 3222781952
253:0 Total 3222781952
Total 3222781952
--------------------CPUAC-----------------------
user 5731
system 41528
 
Sat May 20 13:29:31 IST 2017
--------------------MEMCG-----------------------
MEM ONLY  : 1652 MB
MEM+SWAP  : 1652 MB
cache 1726418944
rss 6504448
rss_huge 0
mapped_file 7569408
writeback 0
swap 0
pgpgin 13217328
pgpgout 12794251
pgfault 12571890
pgmajfault 205
inactive_anon 3428352
active_anon 3145728
inactive_file 685060096
active_file 1041289216
unevictable 0
hierarchical_memory_limit 6442450944
hierarchical_memsw_limit 32212254720
total_cache 1726418944
total_rss 6504448
total_rss_huge 0
total_mapped_file 7569408
total_writeback 0
total_swap 0
total_pgpgin 13217328
total_pgpgout 12794251
total_pgfault 12571890
total_pgmajfault 205
total_inactive_anon 3428352
total_active_anon 3145728
total_inactive_file 685060096
total_active_file 1041289216
total_unevictable 0
--------------------BLKIO-----------------------
11:0 Read 0
11:0 Write 0
11:0 Sync 0
11:0 Async 0
11:0 Total 0
253:0 Read 3222552576
253:0 Write 229376
253:0 Sync 0
253:0 Async 3222781952
253:0 Total 3222781952
Total 3222781952
--------------------CPUAC-----------------------
user 5731
system 41528
 
Sat May 20 13:30:01 IST 2017
--------------------MEMCG-----------------------
MEM ONLY  : 1607 MB
MEM+SWAP  : 1607 MB
cache 1679220736
rss 6508544
rss_huge 0
mapped_file 7696384
writeback 0
swap 0
pgpgin 13218461
pgpgout 12806906
pgfault 12573481
pgmajfault 233
inactive_anon 3952640
active_anon 2621440
inactive_file 681684992
active_file 997462016
unevictable 0
hierarchical_memory_limit 6442450944
hierarchical_memsw_limit 32212254720
total_cache 1679220736
total_rss 6508544
total_rss_huge 0
total_mapped_file 7696384
total_writeback 0
total_swap 0
total_pgpgin 13218461
total_pgpgout 12806906
total_pgfault 12573481
total_pgmajfault 233
total_inactive_anon 3952640
total_active_anon 2621440
total_inactive_file 681684992
total_active_file 997462016
total_unevictable 0
--------------------BLKIO-----------------------
11:0 Read 0
11:0 Write 0
11:0 Sync 0
11:0 Async 0
11:0 Total 0
253:0 Read 3224678400
253:0 Write 630784
253:0 Sync 0
253:0 Async 3225309184
253:0 Total 3225309184
Total 3225309184
--------------------CPUAC-----------------------
user 5732
system 41530
 
Sat May 20 13:30:31 IST 2017
--------------------MEMCG-----------------------
MEM ONLY  : 1561 MB
MEM+SWAP  : 1561 MB
cache 1631186944
rss 6508544
rss_huge 0
mapped_file 7696384
writeback 0
swap 0
pgpgin 13218461
pgpgout 12818633
pgfault 12573481
pgmajfault 233
inactive_anon 3952640
active_anon 2621440
inactive_file 678010880
active_file 953106432
unevictable 0
hierarchical_memory_limit 6442450944
hierarchical_memsw_limit 32212254720
total_cache 1631186944
total_rss 6508544
total_rss_huge 0
total_mapped_file 7696384
total_writeback 0
total_swap 0
total_pgpgin 13218461
total_pgpgout 12818633
total_pgfault 12573481
total_pgmajfault 233
total_inactive_anon 3952640
total_active_anon 2621440
total_inactive_file 678010880
total_active_file 953106432
total_unevictable 0
--------------------BLKIO-----------------------
11:0 Read 0
11:0 Write 0
11:0 Sync 0
11:0 Async 0
11:0 Total 0
253:0 Read 3224678400
253:0 Write 630784
253:0 Sync 0
253:0 Async 3225309184
253:0 Total 3225309184
Total 3225309184
--------------------CPUAC-----------------------
user 5732
system 41530
 
Sat May 20 13:31:01 IST 2017
--------------------MEMCG-----------------------
MEM ONLY  : 1520 MB
MEM+SWAP  : 1520 MB
cache 1587421184
rss 6504448
rss_huge 0
mapped_file 7696384
writeback 0
swap 0
pgpgin 13218461
pgpgout 12829319
pgfault 12573481
pgmajfault 233
inactive_anon 3952640
active_anon 2621440
inactive_file 674656256
active_file 912695296
unevictable 0
hierarchical_memory_limit 6442450944
hierarchical_memsw_limit 32212254720
total_cache 1587421184
total_rss 6504448
total_rss_huge 0
total_mapped_file 7696384
total_writeback 0
total_swap 0
total_pgpgin 13218461
total_pgpgout 12829319
total_pgfault 12573481
total_pgmajfault 233
total_inactive_anon 3952640
total_active_anon 2621440
total_inactive_file 674656256
total_active_file 912695296
total_unevictable 0
--------------------BLKIO-----------------------
11:0 Read 0
11:0 Write 0
11:0 Sync 0
11:0 Async 0
11:0 Total 0
253:0 Read 3224678400
253:0 Write 630784
253:0 Sync 0
253:0 Async 3225309184
253:0 Total 3225309184
Total 3225309184
--------------------CPUAC-----------------------
user 5732
system 41530
 
