Tue May 16 02:11:45 IST 2017
--------------------MEMCG-----------------------
MEM ONLY  : 130 MB
MEM+SWAP  : 130 MB
cache 78307328
rss 58302464
rss_huge 0
mapped_file 36749312
writeback 0
swap 0
pgpgin 130328
pgpgout 96976
pgfault 189658
pgmajfault 487
inactive_anon 45056
active_anon 58298368
inactive_file 63352832
active_file 14868480
unevictable 4096
hierarchical_memory_limit 1342177280
hierarchical_memsw_limit 5368709120
total_cache 78307328
total_rss 58302464
total_rss_huge 0
total_mapped_file 36749312
total_writeback 0
total_swap 0
total_pgpgin 130328
total_pgpgout 96976
total_pgfault 189658
total_pgmajfault 487
total_inactive_anon 45056
total_active_anon 58298368
total_inactive_file 63352832
total_active_file 14868480
total_unevictable 4096
--------------------BLKIO-----------------------
11:0 Read 0
11:0 Write 0
11:0 Sync 0
11:0 Async 0
11:0 Total 0
253:0 Read 78102528
253:0 Write 319488
253:0 Sync 61440
253:0 Async 78360576
253:0 Total 78422016
Total 78422016
--------------------CPUAC-----------------------
user 58
system 112
 
Tue May 16 02:12:15 IST 2017
--------------------MEMCG-----------------------
MEM ONLY  : 291 MB
MEM+SWAP  : 291 MB
cache 161378304
rss 143757312
rss_huge 0
mapped_file 36610048
writeback 0
swap 0
pgpgin 171638
pgpgout 97142
pgfault 210720
pgmajfault 487
inactive_anon 45056
active_anon 143753216
inactive_file 146386944
active_file 14897152
unevictable 4096
hierarchical_memory_limit 1342177280
hierarchical_memsw_limit 5368709120
total_cache 161378304
total_rss 143757312
total_rss_huge 0
total_mapped_file 36610048
total_writeback 0
total_swap 0
total_pgpgin 171638
total_pgpgout 97142
total_pgfault 210720
total_pgmajfault 487
total_inactive_anon 45056
total_active_anon 143753216
total_inactive_file 146386944
total_active_file 14897152
total_unevictable 4096
--------------------BLKIO-----------------------
11:0 Read 0
11:0 Write 0
11:0 Sync 0
11:0 Async 0
11:0 Total 0
253:0 Read 161153024
253:0 Write 454656
253:0 Sync 159744
253:0 Async 161447936
253:0 Total 161607680
Total 161607680
--------------------CPUAC-----------------------
user 90
system 143
 
Tue May 16 02:12:45 IST 2017
--------------------MEMCG-----------------------
MEM ONLY  : 454 MB
MEM+SWAP  : 454 MB
cache 245817344
rss 230236160
rss_huge 0
mapped_file 36610048
writeback 0
swap 0
pgpgin 213465
pgpgout 97241
pgfault 231951
pgmajfault 487
inactive_anon 45056
active_anon 230260736
inactive_file 230846464
active_file 14897152
unevictable 4096
hierarchical_memory_limit 1342177280
hierarchical_memsw_limit 5368709120
total_cache 245817344
total_rss 230236160
total_rss_huge 0
total_mapped_file 36610048
total_writeback 0
total_swap 0
total_pgpgin 213465
total_pgpgout 97241
total_pgfault 231951
total_pgmajfault 487
total_inactive_anon 45056
total_active_anon 230260736
total_inactive_file 230846464
total_active_file 14897152
total_unevictable 4096
--------------------BLKIO-----------------------
11:0 Read 0
11:0 Write 0
11:0 Sync 0
11:0 Async 0
11:0 Total 0
253:0 Read 245583872
253:0 Write 495616
253:0 Sync 159744
253:0 Async 245919744
253:0 Total 246079488
Total 246079488
--------------------CPUAC-----------------------
user 121
system 169
 
Tue May 16 02:13:15 IST 2017
--------------------MEMCG-----------------------
MEM ONLY  : 560 MB
MEM+SWAP  : 560 MB
cache 331673600
rss 256331776
rss_huge 0
mapped_file 36610048
writeback 0
swap 0
pgpgin 240900
pgpgout 97344
pgfault 238418
pgmajfault 487
inactive_anon 45056
active_anon 256356352
inactive_file 310091776
active_file 21479424
unevictable 4096
hierarchical_memory_limit 1342177280
hierarchical_memsw_limit 5368709120
total_cache 331673600
total_rss 256331776
total_rss_huge 0
total_mapped_file 36610048
total_writeback 0
total_swap 0
total_pgpgin 240900
total_pgpgout 97344
total_pgfault 238418
total_pgmajfault 487
total_inactive_anon 45056
total_active_anon 256356352
total_inactive_file 310091776
total_active_file 21479424
total_unevictable 4096
--------------------BLKIO-----------------------
11:0 Read 0
11:0 Write 0
11:0 Sync 0
11:0 Async 0
11:0 Total 0
253:0 Read 331440128
253:0 Write 581632
253:0 Sync 196608
253:0 Async 331825152
253:0 Total 332021760
Total 332021760
--------------------CPUAC-----------------------
user 160
system 198
 
Tue May 16 02:13:45 IST 2017
--------------------MEMCG-----------------------
MEM ONLY  : 645 MB
MEM+SWAP  : 645 MB
cache 419381248
rss 257851392
rss_huge 0
mapped_file 36610048
writeback 0
swap 0
pgpgin 262845
pgpgout 97505
pgfault 238937
pgmajfault 487
inactive_anon 45056
active_anon 257875968
inactive_file 390754304
active_file 28553216
unevictable 4096
hierarchical_memory_limit 1342177280
hierarchical_memsw_limit 5368709120
total_cache 419381248
total_rss 257851392
total_rss_huge 0
total_mapped_file 36610048
total_writeback 0
total_swap 0
total_pgpgin 262845
total_pgpgout 97505
total_pgfault 238937
total_pgmajfault 487
total_inactive_anon 45056
total_active_anon 257875968
total_inactive_file 390754304
total_active_file 28553216
total_unevictable 4096
--------------------BLKIO-----------------------
11:0 Read 0
11:0 Write 0
11:0 Sync 0
11:0 Async 0
11:0 Total 0
253:0 Read 419143680
253:0 Write 643072
253:0 Sync 196608
253:0 Async 419590144
253:0 Total 419786752
Total 419786752
--------------------CPUAC-----------------------
user 196
system 229
 
Tue May 16 02:14:15 IST 2017
--------------------MEMCG-----------------------
MEM ONLY  : 730 MB
MEM+SWAP  : 730 MB
cache 508329984
rss 257630208
rss_huge 0
mapped_file 36610048
writeback 0
swap 0
pgpgin 284718
pgpgout 97716
pgfault 239079
pgmajfault 487
inactive_anon 45056
active_anon 257654784
inactive_file 471838720
active_file 36417536
unevictable 4096
hierarchical_memory_limit 1342177280
hierarchical_memsw_limit 5368709120
total_cache 508329984
total_rss 257630208
total_rss_huge 0
total_mapped_file 36610048
total_writeback 0
total_swap 0
total_pgpgin 284718
total_pgpgout 97716
total_pgfault 239079
total_pgmajfault 487
total_inactive_anon 45056
total_active_anon 257654784
total_inactive_file 471838720
total_active_file 36417536
total_unevictable 4096
--------------------BLKIO-----------------------
11:0 Read 0
11:0 Write 0
11:0 Sync 0
11:0 Async 0
11:0 Total 0
253:0 Read 508080128
253:0 Write 708608
253:0 Sync 196608
253:0 Async 508592128
253:0 Total 508788736
Total 508788736
--------------------CPUAC-----------------------
user 242
system 262
 
Tue May 16 02:14:45 IST 2017
--------------------MEMCG-----------------------
MEM ONLY  : 816 MB
MEM+SWAP  : 816 MB
cache 598073344
rss 257732608
rss_huge 0
mapped_file 36610048
writeback 0
swap 0
pgpgin 306792
pgpgout 97855
pgfault 239225
pgmajfault 487
inactive_anon 45056
active_anon 257757184
inactive_file 551276544
active_file 46723072
unevictable 4096
hierarchical_memory_limit 1342177280
hierarchical_memsw_limit 5368709120
total_cache 598073344
total_rss 257732608
total_rss_huge 0
total_mapped_file 36610048
total_writeback 0
total_swap 0
total_pgpgin 306792
total_pgpgout 97855
total_pgfault 239225
total_pgmajfault 487
total_inactive_anon 45056
total_active_anon 257757184
total_inactive_file 551276544
total_active_file 46723072
total_unevictable 4096
--------------------BLKIO-----------------------
11:0 Read 0
11:0 Write 0
11:0 Sync 0
11:0 Async 0
11:0 Total 0
253:0 Read 597909504
253:0 Write 782336
253:0 Sync 196608
253:0 Async 598495232
253:0 Total 598691840
Total 598691840
--------------------CPUAC-----------------------
user 283
system 288
 
Tue May 16 02:15:15 IST 2017
--------------------MEMCG-----------------------
MEM ONLY  : 905 MB
MEM+SWAP  : 905 MB
cache 690425856
rss 258646016
rss_huge 0
mapped_file 36610048
writeback 0
swap 0
pgpgin 329671
pgpgout 97964
pgfault 239539
pgmajfault 487
inactive_anon 45056
active_anon 258670592
inactive_file 627609600
active_file 62713856
unevictable 4096
hierarchical_memory_limit 1342177280
hierarchical_memsw_limit 5368709120
total_cache 690425856
total_rss 258646016
total_rss_huge 0
total_mapped_file 36610048
total_writeback 0
total_swap 0
total_pgpgin 329671
total_pgpgout 97964
total_pgfault 239539
total_pgmajfault 487
total_inactive_anon 45056
total_active_anon 258670592
total_inactive_file 627609600
total_active_file 62713856
total_unevictable 4096
--------------------BLKIO-----------------------
11:0 Read 0
11:0 Write 0
11:0 Sync 0
11:0 Async 0
11:0 Total 0
253:0 Read 690171904
253:0 Write 864256
253:0 Sync 196608
253:0 Async 690839552
253:0 Total 691036160
Total 691036160
--------------------CPUAC-----------------------
user 332
system 322
 
Tue May 16 02:15:45 IST 2017
--------------------MEMCG-----------------------
MEM ONLY  : 995 MB
MEM+SWAP  : 995 MB
cache 784637952
rss 258674688
rss_huge 0
mapped_file 36610048
writeback 0
swap 0
pgpgin 352790
pgpgout 98075
pgfault 239636
pgmajfault 487
inactive_anon 45056
active_anon 258699264
inactive_file 702480384
active_file 82079744
unevictable 4096
hierarchical_memory_limit 1342177280
hierarchical_memsw_limit 5368709120
total_cache 784637952
total_rss 258674688
total_rss_huge 0
total_mapped_file 36610048
total_writeback 0
total_swap 0
total_pgpgin 352790
total_pgpgout 98075
total_pgfault 239636
total_pgmajfault 487
total_inactive_anon 45056
total_active_anon 258699264
total_inactive_file 702480384
total_active_file 82079744
total_unevictable 4096
--------------------BLKIO-----------------------
11:0 Read 0
11:0 Write 0
11:0 Sync 0
11:0 Async 0
11:0 Total 0
253:0 Read 784384000
253:0 Write 950272
253:0 Sync 196608
253:0 Async 785137664
253:0 Total 785334272
Total 785334272
--------------------CPUAC-----------------------
user 375
system 354
 
Tue May 16 02:16:15 IST 2017
--------------------MEMCG-----------------------
MEM ONLY  : 1087 MB
MEM+SWAP  : 1087 MB
cache 881704960
rss 258551808
rss_huge 0
mapped_file 36610048
writeback 0
swap 0
pgpgin 376608
pgpgout 98225
pgfault 239742
pgmajfault 487
inactive_anon 45056
active_anon 258576384
inactive_file 777445376
active_file 104185856
unevictable 4096
hierarchical_memory_limit 1342177280
hierarchical_memsw_limit 5368709120
total_cache 881704960
total_rss 258551808
total_rss_huge 0
total_mapped_file 36610048
total_writeback 0
total_swap 0
total_pgpgin 376608
total_pgpgout 98225
total_pgfault 239742
total_pgmajfault 487
total_inactive_anon 45056
total_active_anon 258576384
total_inactive_file 777445376
total_active_file 104185856
total_unevictable 4096
--------------------BLKIO-----------------------
11:0 Read 0
11:0 Write 0
11:0 Sync 0
11:0 Async 0
11:0 Total 0
253:0 Read 881442816
253:0 Write 983040
253:0 Sync 196608
253:0 Async 882229248
253:0 Total 882425856
Total 882425856
--------------------CPUAC-----------------------
user 421
system 389
 
Tue May 16 02:16:45 IST 2017
--------------------MEMCG-----------------------
MEM ONLY  : 1181 MB
MEM+SWAP  : 1181 MB
cache 980205568
rss 258449408
rss_huge 0
mapped_file 36610048
writeback 0
swap 0
pgpgin 400827
pgpgout 98421
pgfault 239905
pgmajfault 487
inactive_anon 45056
active_anon 258473984
inactive_file 850186240
active_file 129945600
unevictable 4096
hierarchical_memory_limit 1342177280
hierarchical_memsw_limit 5368709120
total_cache 980205568
total_rss 258449408
total_rss_huge 0
total_mapped_file 36610048
total_writeback 0
total_swap 0
total_pgpgin 400827
total_pgpgout 98421
total_pgfault 239905
total_pgmajfault 487
total_inactive_anon 45056
total_active_anon 258473984
total_inactive_file 850186240
total_active_file 129945600
total_unevictable 4096
--------------------BLKIO-----------------------
11:0 Read 0
11:0 Write 0
11:0 Sync 0
11:0 Async 0
11:0 Total 0
253:0 Read 979939328
253:0 Write 1019904
253:0 Sync 196608
253:0 Async 980762624
253:0 Total 980959232
Total 980959232
--------------------CPUAC-----------------------
user 468
system 419
 
Tue May 16 02:17:15 IST 2017
--------------------MEMCG-----------------------
MEM ONLY  : 1279 MB
MEM+SWAP  : 1279 MB
cache 1083916288
rss 258039808
rss_huge 0
mapped_file 36610048
writeback 0
swap 0
pgpgin 426520
pgpgout 98894
pgfault 240402
pgmajfault 491
inactive_anon 565248
active_anon 257544192
inactive_file 920752128
active_file 163090432
unevictable 4096
hierarchical_memory_limit 1342177280
hierarchical_memsw_limit 5368709120
total_cache 1083916288
total_rss 258039808
total_rss_huge 0
total_mapped_file 36610048
total_writeback 0
total_swap 0
total_pgpgin 426520
total_pgpgout 98894
total_pgfault 240402
total_pgmajfault 491
total_inactive_anon 565248
total_active_anon 257544192
total_inactive_file 920752128
total_active_file 163090432
total_unevictable 4096
--------------------BLKIO-----------------------
11:0 Read 0
11:0 Write 0
11:0 Sync 0
11:0 Async 0
11:0 Total 0
253:0 Read 1084051456
253:0 Write 1064960
253:0 Sync 196608
253:0 Async 1084919808
253:0 Total 1085116416
Total 1085116416
--------------------CPUAC-----------------------
user 528
system 457
 
Tue May 16 02:17:45 IST 2017
--------------------MEMCG-----------------------
MEM ONLY  : 1279 MB
MEM+SWAP  : 1279 MB
cache 1084211200
rss 257916928
rss_huge 0
mapped_file 36581376
writeback 0
swap 0
pgpgin 452762
pgpgout 125094
pgfault 240506
pgmajfault 491
inactive_anon 111136768
active_anon 146849792
inactive_file 850448384
active_file 233689088
unevictable 4096
hierarchical_memory_limit 1342177280
hierarchical_memsw_limit 5368709120
total_cache 1084211200
total_rss 257916928
total_rss_huge 0
total_mapped_file 36581376
total_writeback 0
total_swap 0
total_pgpgin 452762
total_pgpgout 125094
total_pgfault 240506
total_pgmajfault 491
total_inactive_anon 111136768
total_active_anon 146849792
total_inactive_file 850448384
total_active_file 233689088
total_unevictable 4096
--------------------BLKIO-----------------------
11:0 Read 0
11:0 Write 0
11:0 Sync 0
11:0 Async 0
11:0 Total 0
253:0 Read 1188859904
253:0 Write 1114112
253:0 Sync 196608
253:0 Async 1189777408
253:0 Total 1189974016
Total 1189974016
--------------------CPUAC-----------------------
user 586
system 501
 
Tue May 16 02:18:15 IST 2017
--------------------MEMCG-----------------------
MEM ONLY  : 1279 MB
MEM+SWAP  : 1279 MB
cache 1084059648
rss 258031616
rss_huge 0
mapped_file 36581376
writeback 0
swap 0
pgpgin 481095
pgpgout 153436
pgfault 240638
pgmajfault 491
inactive_anon 129224704
active_anon 128876544
inactive_file 805691392
active_file 278278144
unevictable 4096
hierarchical_memory_limit 1342177280
hierarchical_memsw_limit 5368709120
total_cache 1084059648
total_rss 258031616
total_rss_huge 0
total_mapped_file 36581376
total_writeback 0
total_swap 0
total_pgpgin 481095
total_pgpgout 153436
total_pgfault 240638
total_pgmajfault 491
total_inactive_anon 129224704
total_active_anon 128876544
total_inactive_file 805691392
total_active_file 278278144
total_unevictable 4096
--------------------BLKIO-----------------------
11:0 Read 0
11:0 Write 0
11:0 Sync 0
11:0 Async 0
11:0 Total 0
253:0 Read 1294798848
253:0 Write 1175552
253:0 Sync 196608
253:0 Async 1295777792
253:0 Total 1295974400
Total 1295974400
--------------------CPUAC-----------------------
user 647
system 549
 
Tue May 16 02:18:45 IST 2017
--------------------MEMCG-----------------------
MEM ONLY  : 1279 MB
MEM+SWAP  : 1279 MB
cache 1083768832
rss 258183168
rss_huge 0
mapped_file 36581376
writeback 0
swap 0
pgpgin 512486
pgpgout 184861
pgfault 240776
pgmajfault 491
inactive_anon 129355776
active_anon 128897024
inactive_file 748261376
active_file 335433728
unevictable 4096
hierarchical_memory_limit 1342177280
hierarchical_memsw_limit 5368709120
total_cache 1083768832
total_rss 258183168
total_rss_huge 0
total_mapped_file 36581376
total_writeback 0
total_swap 0
total_pgpgin 512486
total_pgpgout 184861
total_pgfault 240776
total_pgmajfault 491
total_inactive_anon 129355776
total_active_anon 128897024
total_inactive_file 748261376
total_active_file 335433728
total_unevictable 4096
--------------------BLKIO-----------------------
11:0 Read 0
11:0 Write 0
11:0 Sync 0
11:0 Async 0
11:0 Total 0
253:0 Read 1402138624
253:0 Write 1245184
253:0 Sync 196608
253:0 Async 1403187200
253:0 Total 1403383808
Total 1403383808
--------------------CPUAC-----------------------
user 715
system 591
 
Tue May 16 02:19:15 IST 2017
--------------------MEMCG-----------------------
MEM ONLY  : 1279 MB
MEM+SWAP  : 1279 MB
cache 1083658240
rss 258379776
rss_huge 0
mapped_file 36581376
writeback 0
swap 0
pgpgin 547385
pgpgout 219739
pgfault 240914
pgmajfault 491
inactive_anon 129355776
active_anon 129093632
inactive_file 684867584
active_file 398716928
unevictable 4096
hierarchical_memory_limit 1342177280
hierarchical_memsw_limit 5368709120
total_cache 1083658240
total_rss 258379776
total_rss_huge 0
total_mapped_file 36581376
total_writeback 0
total_swap 0
total_pgpgin 547385
total_pgpgout 219739
total_pgfault 240914
total_pgmajfault 491
total_inactive_anon 129355776
total_active_anon 129093632
total_inactive_file 684867584
total_active_file 398716928
total_unevictable 4096
--------------------BLKIO-----------------------
11:0 Read 0
11:0 Write 0
11:0 Sync 0
11:0 Async 0
11:0 Total 0
253:0 Read 1508675584
253:0 Write 1318912
253:0 Sync 196608
253:0 Async 1509797888
253:0 Total 1509994496
Total 1509994496
--------------------CPUAC-----------------------
user 778
system 637
 
Tue May 16 02:19:45 IST 2017
--------------------MEMCG-----------------------
MEM ONLY  : 1279 MB
MEM+SWAP  : 1279 MB
cache 1083637760
rss 258498560
rss_huge 0
mapped_file 36581376
writeback 0
swap 0
pgpgin 585470
pgpgout 257800
pgfault 241062
pgmajfault 491
inactive_anon 129355776
active_anon 129212416
inactive_file 617172992
active_file 466370560
unevictable 4096
hierarchical_memory_limit 1342177280
hierarchical_memsw_limit 5368709120
total_cache 1083637760
total_rss 258498560
total_rss_huge 0
total_mapped_file 36581376
total_writeback 0
total_swap 0
total_pgpgin 585470
total_pgpgout 257800
total_pgfault 241062
total_pgmajfault 491
total_inactive_anon 129355776
total_active_anon 129212416
total_inactive_file 617172992
total_active_file 466370560
total_unevictable 4096
--------------------BLKIO-----------------------
11:0 Read 0
11:0 Write 0
11:0 Sync 0
11:0 Async 0
11:0 Total 0
253:0 Read 1612369920
253:0 Write 1404928
253:0 Sync 196608
253:0 Async 1613578240
253:0 Total 1613774848
Total 1613774848
--------------------CPUAC-----------------------
user 845
system 684
 
Tue May 16 02:20:15 IST 2017
--------------------MEMCG-----------------------
MEM ONLY  : 1279 MB
MEM+SWAP  : 1279 MB
cache 1083613184
rss 258510848
rss_huge 0
mapped_file 36495360
writeback 0
swap 0
pgpgin 629272
pgpgout 301605
pgfault 241155
pgmajfault 491
inactive_anon 129355776
active_anon 129224704
inactive_file 542257152
active_file 541282304
unevictable 4096
hierarchical_memory_limit 1342177280
hierarchical_memsw_limit 5368709120
total_cache 1083613184
total_rss 258510848
total_rss_huge 0
total_mapped_file 36495360
total_writeback 0
total_swap 0
total_pgpgin 629272
total_pgpgout 301605
total_pgfault 241155
total_pgmajfault 491
total_inactive_anon 129355776
total_active_anon 129224704
total_inactive_file 542257152
total_active_file 541282304
total_unevictable 4096
--------------------BLKIO-----------------------
11:0 Read 0
11:0 Write 0
11:0 Sync 0
11:0 Async 0
11:0 Total 0
253:0 Read 1715785728
253:0 Write 1499136
253:0 Sync 196608
253:0 Async 1717088256
253:0 Total 1717284864
Total 1717284864
--------------------CPUAC-----------------------
user 918
system 743
 
Tue May 16 02:20:45 IST 2017
--------------------MEMCG-----------------------
MEM ONLY  : 1279 MB
MEM+SWAP  : 1279 MB
cache 1083314176
rss 258801664
rss_huge 0
mapped_file 36495360
writeback 0
swap 0
pgpgin 677295
pgpgout 349630
pgfault 241316
pgmajfault 491
inactive_anon 129486848
active_anon 129384448
inactive_file 541724672
active_file 541515776
unevictable 4096
hierarchical_memory_limit 1342177280
hierarchical_memsw_limit 5368709120
total_cache 1083314176
total_rss 258801664
total_rss_huge 0
total_mapped_file 36495360
total_writeback 0
total_swap 0
total_pgpgin 677295
total_pgpgout 349630
total_pgfault 241316
total_pgmajfault 491
total_inactive_anon 129486848
total_active_anon 129384448
total_inactive_file 541724672
total_active_file 541515776
total_unevictable 4096
--------------------BLKIO-----------------------
11:0 Read 0
11:0 Write 0
11:0 Sync 0
11:0 Async 0
11:0 Total 0
253:0 Read 1816854528
253:0 Write 1597440
253:0 Sync 196608
253:0 Async 1818255360
253:0 Total 1818451968
Total 1818451968
--------------------CPUAC-----------------------
user 1000
system 810
 
Tue May 16 02:21:15 IST 2017
--------------------MEMCG-----------------------
MEM ONLY  : 1279 MB
MEM+SWAP  : 1279 MB
cache 1083269120
rss 258670592
rss_huge 0
mapped_file 36495360
writeback 0
swap 0
pgpgin 730670
pgpgout 403048
pgfault 241637
pgmajfault 491
inactive_anon 129523712
active_anon 129216512
inactive_file 541675520
active_file 541511680
unevictable 4096
hierarchical_memory_limit 1342177280
hierarchical_memsw_limit 5368709120
total_cache 1083269120
total_rss 258670592
total_rss_huge 0
total_mapped_file 36495360
total_writeback 0
total_swap 0
total_pgpgin 730670
total_pgpgout 403048
total_pgfault 241637
total_pgmajfault 491
total_inactive_anon 129523712
total_active_anon 129216512
total_inactive_file 541675520
total_active_file 541511680
total_unevictable 4096
--------------------BLKIO-----------------------
11:0 Read 0
11:0 Write 0
11:0 Sync 0
11:0 Async 0
11:0 Total 0
253:0 Read 1913995264
253:0 Write 1634304
253:0 Sync 196608
253:0 Async 1915432960
253:0 Total 1915629568
Total 1915629568
--------------------CPUAC-----------------------
user 1083
system 878
 
Tue May 16 02:21:45 IST 2017
--------------------MEMCG-----------------------
MEM ONLY  : 1279 MB
MEM+SWAP  : 1279 MB
cache 1083871232
rss 258252800
rss_huge 0
mapped_file 36491264
writeback 0
swap 0
pgpgin 787351
pgpgout 459684
pgfault 241822
pgmajfault 491
inactive_anon 129785856
active_anon 128536576
inactive_file 541941760
active_file 541827072
unevictable 4096
hierarchical_memory_limit 1342177280
hierarchical_memsw_limit 5368709120
total_cache 1083871232
total_rss 258252800
total_rss_huge 0
total_mapped_file 36491264
total_writeback 0
total_swap 0
total_pgpgin 787351
total_pgpgout 459684
total_pgfault 241822
total_pgmajfault 491
total_inactive_anon 129785856
total_active_anon 128536576
total_inactive_file 541941760
total_active_file 541827072
total_unevictable 4096
--------------------BLKIO-----------------------
11:0 Read 0
11:0 Write 0
11:0 Sync 0
11:0 Async 0
11:0 Total 0
253:0 Read 2012467200
253:0 Write 1671168
253:0 Sync 196608
253:0 Async 2013941760
253:0 Total 2014138368
Total 2014138368
--------------------CPUAC-----------------------
user 1171
system 944
 
Tue May 16 02:22:15 IST 2017
--------------------MEMCG-----------------------
MEM ONLY  : 1279 MB
MEM+SWAP  : 1279 MB
cache 1084194816
rss 257716224
rss_huge 0
mapped_file 33296384
writeback 0
swap 0
pgpgin 843621
pgpgout 516006
pgfault 241945
pgmajfault 491
inactive_anon 129785856
active_anon 128000000
inactive_file 542359552
active_file 541761536
unevictable 4096
hierarchical_memory_limit 1342177280
hierarchical_memsw_limit 5368709120
total_cache 1084194816
total_rss 257716224
total_rss_huge 0
total_mapped_file 33296384
total_writeback 0
total_swap 0
total_pgpgin 843621
total_pgpgout 516006
total_pgfault 241945
total_pgmajfault 491
total_inactive_anon 129785856
total_active_anon 128000000
total_inactive_file 542359552
total_active_file 541761536
total_unevictable 4096
--------------------BLKIO-----------------------
11:0 Read 0
11:0 Write 0
11:0 Sync 0
11:0 Async 0
11:0 Total 0
253:0 Read 2108723200
253:0 Write 1716224
253:0 Sync 196608
253:0 Async 2110242816
253:0 Total 2110439424
Total 2110439424
--------------------CPUAC-----------------------
user 1258
system 1025
 
Tue May 16 02:22:46 IST 2017
--------------------MEMCG-----------------------
MEM ONLY  : 1279 MB
MEM+SWAP  : 1279 MB
cache 1084215296
rss 257675264
rss_huge 0
mapped_file 7225344
writeback 0
swap 0
pgpgin 899169
pgpgout 571559
pgfault 242074
pgmajfault 491
inactive_anon 129785856
active_anon 127959040
inactive_file 542134272
active_file 541999104
unevictable 4096
hierarchical_memory_limit 1342177280
hierarchical_memsw_limit 5368709120
total_cache 1084215296
total_rss 257675264
total_rss_huge 0
total_mapped_file 7225344
total_writeback 0
total_swap 0
total_pgpgin 899169
total_pgpgout 571559
total_pgfault 242074
total_pgmajfault 491
total_inactive_anon 129785856
total_active_anon 127959040
total_inactive_file 542134272
total_active_file 541999104
total_unevictable 4096
--------------------BLKIO-----------------------
11:0 Read 0
11:0 Write 0
11:0 Sync 0
11:0 Async 0
11:0 Total 0
253:0 Read 2205270016
253:0 Write 1765376
253:0 Sync 196608
253:0 Async 2206838784
253:0 Total 2207035392
Total 2207035392
--------------------CPUAC-----------------------
user 1341
system 1106
 
Tue May 16 02:23:16 IST 2017
--------------------MEMCG-----------------------
MEM ONLY  : 1279 MB
MEM+SWAP  : 1279 MB
cache 1081696256
rss 260075520
rss_huge 0
mapped_file 7225344
writeback 0
swap 0
pgpgin 955015
pgpgout 627434
pgfault 242969
pgmajfault 491
inactive_anon 130441216
active_anon 129703936
inactive_file 541044736
active_file 540577792
unevictable 4096
hierarchical_memory_limit 1342177280
hierarchical_memsw_limit 5368709120
total_cache 1081696256
total_rss 260075520
total_rss_huge 0
total_mapped_file 7225344
total_writeback 0
total_swap 0
total_pgpgin 955015
total_pgpgout 627434
total_pgfault 242969
total_pgmajfault 491
total_inactive_anon 130441216
total_active_anon 129703936
total_inactive_file 541044736
total_active_file 540577792
total_unevictable 4096
--------------------BLKIO-----------------------
11:0 Read 0
11:0 Write 0
11:0 Sync 0
11:0 Async 0
11:0 Total 0
253:0 Read 2301050880
253:0 Write 1826816
253:0 Sync 196608
253:0 Async 2302681088
253:0 Total 2302877696
Total 2302877696
--------------------CPUAC-----------------------
user 1427
system 1179
 
Tue May 16 02:23:46 IST 2017
--------------------MEMCG-----------------------
MEM ONLY  : 1279 MB
MEM+SWAP  : 1279 MB
cache 1081880576
rss 260005888
rss_huge 0
mapped_file 7225344
writeback 0
swap 0
pgpgin 1011115
pgpgout 683506
pgfault 243094
pgmajfault 491
inactive_anon 130441216
active_anon 129634304
inactive_file 540954624
active_file 540848128
unevictable 4096
hierarchical_memory_limit 1342177280
hierarchical_memsw_limit 5368709120
total_cache 1081880576
total_rss 260005888
total_rss_huge 0
total_mapped_file 7225344
total_writeback 0
total_swap 0
total_pgpgin 1011115
total_pgpgout 683506
total_pgfault 243094
total_pgmajfault 491
total_inactive_anon 130441216
total_active_anon 129634304
total_inactive_file 540954624
total_active_file 540848128
total_unevictable 4096
--------------------BLKIO-----------------------
11:0 Read 0
11:0 Write 0
11:0 Sync 0
11:0 Async 0
11:0 Total 0
253:0 Read 2398502912
253:0 Write 1896448
253:0 Sync 196608
253:0 Async 2400202752
253:0 Total 2400399360
Total 2400399360
--------------------CPUAC-----------------------
user 1515
system 1254
 
Tue May 16 02:24:16 IST 2017
--------------------MEMCG-----------------------
MEM ONLY  : 1279 MB
MEM+SWAP  : 1279 MB
cache 1081380864
rss 260513792
rss_huge 0
mapped_file 6901760
writeback 0
swap 0
pgpgin 1069188
pgpgout 741577
pgfault 243368
pgmajfault 491
inactive_anon 130400256
active_anon 130183168
inactive_file 540672000
active_file 540585984
unevictable 4096
hierarchical_memory_limit 1342177280
hierarchical_memsw_limit 5368709120
total_cache 1081380864
total_rss 260513792
total_rss_huge 0
total_mapped_file 6901760
total_writeback 0
total_swap 0
total_pgpgin 1069188
total_pgpgout 741577
total_pgfault 243368
total_pgmajfault 491
total_inactive_anon 130400256
total_active_anon 130183168
total_inactive_file 540672000
total_active_file 540585984
total_unevictable 4096
--------------------BLKIO-----------------------
11:0 Read 0
11:0 Write 0
11:0 Sync 0
11:0 Async 0
11:0 Total 0
253:0 Read 2496651264
253:0 Write 1974272
253:0 Sync 196608
253:0 Async 2498428928
253:0 Total 2498625536
Total 2498625536
--------------------CPUAC-----------------------
user 1600
system 1333
 
Tue May 16 02:24:46 IST 2017
--------------------MEMCG-----------------------
MEM ONLY  : 1279 MB
MEM+SWAP  : 1279 MB
cache 1080229888
rss 261742592
rss_huge 0
mapped_file 3002368
writeback 0
swap 0
pgpgin 1126562
pgpgout 798932
pgfault 243990
pgmajfault 492
inactive_anon 131002368
active_anon 130809856
inactive_file 540270592
active_file 539885568
unevictable 4096
hierarchical_memory_limit 1342177280
hierarchical_memsw_limit 5368709120
total_cache 1080229888
total_rss 261742592
total_rss_huge 0
total_mapped_file 3002368
total_writeback 0
total_swap 0
total_pgpgin 1126562
total_pgpgout 798932
total_pgfault 243990
total_pgmajfault 492
total_inactive_anon 131002368
total_active_anon 130809856
total_inactive_file 540270592
total_active_file 539885568
total_unevictable 4096
--------------------BLKIO-----------------------
11:0 Read 0
11:0 Write 0
11:0 Sync 0
11:0 Async 0
11:0 Total 0
253:0 Read 2594172928
253:0 Write 2060288
253:0 Sync 196608
253:0 Async 2596036608
253:0 Total 2596233216
Total 2596233216
--------------------CPUAC-----------------------
user 1685
system 1417
 
Tue May 16 02:25:16 IST 2017
--------------------MEMCG-----------------------
MEM ONLY  : 1279 MB
MEM+SWAP  : 1279 MB
cache 1080172544
rss 261808128
rss_huge 0
mapped_file 2879488
writeback 0
swap 0
pgpgin 1183908
pgpgout 856276
pgfault 244125
pgmajfault 492
inactive_anon 131133440
active_anon 130744320
inactive_file 540127232
active_file 539971584
unevictable 4096
hierarchical_memory_limit 1342177280
hierarchical_memsw_limit 5368709120
total_cache 1080172544
total_rss 261808128
total_rss_huge 0
total_mapped_file 2879488
total_writeback 0
total_swap 0
total_pgpgin 1183908
total_pgpgout 856276
total_pgfault 244125
total_pgmajfault 492
total_inactive_anon 131133440
total_active_anon 130744320
total_inactive_file 540127232
total_active_file 539971584
total_unevictable 4096
--------------------BLKIO-----------------------
11:0 Read 0
11:0 Write 0
11:0 Sync 0
11:0 Async 0
11:0 Total 0
253:0 Read 2690265088
253:0 Write 2158592
253:0 Sync 196608
253:0 Async 2692227072
253:0 Total 2692423680
Total 2692423680
--------------------CPUAC-----------------------
user 1774
system 1500
 
Tue May 16 02:25:46 IST 2017
--------------------MEMCG-----------------------
MEM ONLY  : 1280 MB
MEM+SWAP  : 1280 MB
cache 1080373248
rss 261804032
rss_huge 0
mapped_file 2879488
writeback 0
swap 0
pgpgin 1243637
pgpgout 915957
pgfault 244342
pgmajfault 492
inactive_anon 131133440
active_anon 130740224
inactive_file 540221440
active_file 540049408
unevictable 4096
hierarchical_memory_limit 1342177280
hierarchical_memsw_limit 5368709120
total_cache 1080373248
total_rss 261804032
total_rss_huge 0
total_mapped_file 2879488
total_writeback 0
total_swap 0
total_pgpgin 1243637
total_pgpgout 915957
total_pgfault 244342
total_pgmajfault 492
total_inactive_anon 131133440
total_active_anon 130740224
total_inactive_file 540221440
total_active_file 540049408
total_unevictable 4096
--------------------BLKIO-----------------------
11:0 Read 0
11:0 Write 0
11:0 Sync 0
11:0 Async 0
11:0 Total 0
253:0 Read 2786906112
253:0 Write 2265088
253:0 Sync 196608
253:0 Async 2788974592
253:0 Total 2789171200
Total 2789171200
--------------------CPUAC-----------------------
user 1868
system 1580
 
Tue May 16 02:26:16 IST 2017
--------------------MEMCG-----------------------
MEM ONLY  : 1279 MB
MEM+SWAP  : 1279 MB
cache 1079521280
rss 262369280
rss_huge 0
mapped_file 2883584
writeback 0
swap 0
pgpgin 1302985
pgpgout 975375
pgfault 244668
pgmajfault 493
inactive_anon 131395584
active_anon 131043328
inactive_file 539791360
active_file 539648000
unevictable 4096
hierarchical_memory_limit 1342177280
hierarchical_memsw_limit 5368709120
total_cache 1079521280
total_rss 262369280
total_rss_huge 0
total_mapped_file 2883584
total_writeback 0
total_swap 0
total_pgpgin 1302985
total_pgpgout 975375
total_pgfault 244668
total_pgmajfault 493
total_inactive_anon 131395584
total_active_anon 131043328
total_inactive_file 539791360
total_active_file 539648000
total_unevictable 4096
--------------------BLKIO-----------------------
11:0 Read 0
11:0 Write 0
11:0 Sync 0
11:0 Async 0
11:0 Total 0
253:0 Read 2883694592
253:0 Write 2301952
253:0 Sync 196608
253:0 Async 2885799936
253:0 Total 2885996544
Total 2885996544
--------------------CPUAC-----------------------
user 1971
system 1654
 
Tue May 16 02:26:46 IST 2017
--------------------MEMCG-----------------------
MEM ONLY  : 1279 MB
MEM+SWAP  : 1279 MB
cache 1079480320
rss 262381568
rss_huge 0
mapped_file 2883584
writeback 0
swap 0
pgpgin 1360208
pgpgout 1032605
pgfault 244761
pgmajfault 493
inactive_anon 131395584
active_anon 131055616
inactive_file 539983872
active_file 539422720
unevictable 4096
hierarchical_memory_limit 1342177280
hierarchical_memsw_limit 5368709120
total_cache 1079480320
total_rss 262381568
total_rss_huge 0
total_mapped_file 2883584
total_writeback 0
total_swap 0
total_pgpgin 1360208
total_pgpgout 1032605
total_pgfault 244761
total_pgmajfault 493
total_inactive_anon 131395584
total_active_anon 131055616
total_inactive_file 539983872
total_active_file 539422720
total_unevictable 4096
--------------------BLKIO-----------------------
11:0 Read 0
11:0 Write 0
11:0 Sync 0
11:0 Async 0
11:0 Total 0
253:0 Read 2979115008
253:0 Write 2338816
253:0 Sync 196608
253:0 Async 2981257216
253:0 Total 2981453824
Total 2981453824
--------------------CPUAC-----------------------
user 2064
system 1732
 
Tue May 16 02:27:16 IST 2017
--------------------MEMCG-----------------------
MEM ONLY  : 1279 MB
MEM+SWAP  : 1279 MB
cache 1079644160
rss 262430720
rss_huge 0
mapped_file 2883584
writeback 0
swap 0
pgpgin 1419318
pgpgout 1091663
pgfault 244863
pgmajfault 493
inactive_anon 131395584
active_anon 131104768
inactive_file 540033024
active_file 539537408
unevictable 4096
hierarchical_memory_limit 1342177280
hierarchical_memsw_limit 5368709120
total_cache 1079644160
total_rss 262430720
total_rss_huge 0
total_mapped_file 2883584
total_writeback 0
total_swap 0
total_pgpgin 1419318
total_pgpgout 1091663
total_pgfault 244863
total_pgmajfault 493
total_inactive_anon 131395584
total_active_anon 131104768
total_inactive_file 540033024
total_active_file 539537408
total_unevictable 4096
--------------------BLKIO-----------------------
11:0 Read 0
11:0 Write 0
11:0 Sync 0
11:0 Async 0
11:0 Total 0
253:0 Read 3075026944
253:0 Write 2383872
253:0 Sync 196608
253:0 Async 3077214208
253:0 Total 3077410816
Total 3077410816
--------------------CPUAC-----------------------
user 2154
system 1812
 
Tue May 16 02:27:46 IST 2017
--------------------MEMCG-----------------------
MEM ONLY  : 1279 MB
MEM+SWAP  : 1279 MB
cache 1079881728
rss 262078464
rss_huge 0
mapped_file 2883584
writeback 0
swap 0
pgpgin 1479017
pgpgout 1151390
pgfault 245093
pgmajfault 493
inactive_anon 131293184
active_anon 130854912
inactive_file 540000256
active_file 539779072
unevictable 4096
hierarchical_memory_limit 1342177280
hierarchical_memsw_limit 5368709120
total_cache 1079881728
total_rss 262078464
total_rss_huge 0
total_mapped_file 2883584
total_writeback 0
total_swap 0
total_pgpgin 1479017
total_pgpgout 1151390
total_pgfault 245093
total_pgmajfault 493
total_inactive_anon 131293184
total_active_anon 130854912
total_inactive_file 540000256
total_active_file 539779072
total_unevictable 4096
--------------------BLKIO-----------------------
11:0 Read 0
11:0 Write 0
11:0 Sync 0
11:0 Async 0
11:0 Total 0
253:0 Read 3169460224
253:0 Write 2437120
253:0 Sync 196608
253:0 Async 3171700736
253:0 Total 3171897344
Total 3171897344
--------------------CPUAC-----------------------
user 2260
system 1902
 
Tue May 16 02:28:16 IST 2017
--------------------MEMCG-----------------------
MEM ONLY  : 1279 MB
MEM+SWAP  : 1279 MB
cache 1079341056
rss 262643712
rss_huge 0
mapped_file 2883584
writeback 0
swap 0
pgpgin 1539199
pgpgout 1211566
pgfault 245557
pgmajfault 493
inactive_anon 131518464
active_anon 131194880
inactive_file 539951104
active_file 539316224
unevictable 4096
hierarchical_memory_limit 1342177280
hierarchical_memsw_limit 5368709120
total_cache 1079341056
total_rss 262643712
total_rss_huge 0
total_mapped_file 2883584
total_writeback 0
total_swap 0
total_pgpgin 1539199
total_pgpgout 1211566
total_pgfault 245557
total_pgmajfault 493
total_inactive_anon 131518464
total_active_anon 131194880
total_inactive_file 539951104
total_active_file 539316224
total_unevictable 4096
--------------------BLKIO-----------------------
11:0 Read 0
11:0 Write 0
11:0 Sync 0
11:0 Async 0
11:0 Total 0
253:0 Read 3265232896
253:0 Write 2498560
253:0 Sync 196608
253:0 Async 3267534848
253:0 Total 3267731456
Total 3267731456
--------------------CPUAC-----------------------
user 2357
system 1975
 
Tue May 16 02:28:46 IST 2017
--------------------MEMCG-----------------------
MEM ONLY  : 1279 MB
MEM+SWAP  : 1279 MB
cache 1080696832
rss 261455872
rss_huge 0
mapped_file 2887680
writeback 0
swap 0
pgpgin 1599094
pgpgout 1271420
pgfault 245661
pgmajfault 494
inactive_anon 131416064
active_anon 130109440
inactive_file 540524544
active_file 540094464
unevictable 4096
hierarchical_memory_limit 1342177280
hierarchical_memsw_limit 5368709120
total_cache 1080696832
total_rss 261455872
total_rss_huge 0
total_mapped_file 2887680
total_writeback 0
total_swap 0
total_pgpgin 1599094
total_pgpgout 1271420
total_pgfault 245661
total_pgmajfault 494
total_inactive_anon 131416064
total_active_anon 130109440
total_inactive_file 540524544
total_active_file 540094464
total_unevictable 4096
--------------------BLKIO-----------------------
11:0 Read 0
11:0 Write 0
11:0 Sync 0
11:0 Async 0
11:0 Total 0
253:0 Read 3363549184
253:0 Write 2572288
253:0 Sync 196608
253:0 Async 3365924864
253:0 Total 3366121472
Total 3366121472
--------------------CPUAC-----------------------
user 2448
system 2061
 
Tue May 16 02:29:16 IST 2017
--------------------MEMCG-----------------------
MEM ONLY  : 1279 MB
MEM+SWAP  : 1279 MB
cache 1080430592
rss 261734400
rss_huge 0
mapped_file 2887680
writeback 0
swap 0
pgpgin 1660564
pgpgout 1332887
pgfault 246051
pgmajfault 494
inactive_anon 131416064
active_anon 130387968
inactive_file 540102656
active_file 540254208
unevictable 4096
hierarchical_memory_limit 1342177280
hierarchical_memsw_limit 5368709120
total_cache 1080430592
total_rss 261734400
total_rss_huge 0
total_mapped_file 2887680
total_writeback 0
total_swap 0
total_pgpgin 1660564
total_pgpgout 1332887
total_pgfault 246051
total_pgmajfault 494
total_inactive_anon 131416064
total_active_anon 130387968
total_inactive_file 540102656
total_active_file 540254208
total_unevictable 4096
--------------------BLKIO-----------------------
11:0 Read 0
11:0 Write 0
11:0 Sync 0
11:0 Async 0
11:0 Total 0
253:0 Read 3460423680
253:0 Write 2650112
253:0 Sync 196608
253:0 Async 3462877184
253:0 Total 3463073792
Total 3463073792
--------------------CPUAC-----------------------
user 2545
system 2149
 
Tue May 16 02:29:46 IST 2017
--------------------MEMCG-----------------------
MEM ONLY  : 1279 MB
MEM+SWAP  : 1279 MB
cache 1081163776
rss 260874240
rss_huge 0
mapped_file 2887680
writeback 0
swap 0
pgpgin 1720431
pgpgout 1392785
pgfault 246141
pgmajfault 494
inactive_anon 131416064
active_anon 129527808
inactive_file 540590080
active_file 540499968
unevictable 4096
hierarchical_memory_limit 1342177280
hierarchical_memsw_limit 5368709120
total_cache 1081163776
total_rss 260874240
total_rss_huge 0
total_mapped_file 2887680
total_writeback 0
total_swap 0
total_pgpgin 1720431
total_pgpgout 1392785
total_pgfault 246141
total_pgmajfault 494
total_inactive_anon 131416064
total_active_anon 129527808
total_inactive_file 540590080
total_active_file 540499968
total_unevictable 4096
--------------------BLKIO-----------------------
11:0 Read 0
11:0 Write 0
11:0 Sync 0
11:0 Async 0
11:0 Total 0
253:0 Read 3556118528
253:0 Write 2736128
253:0 Sync 196608
253:0 Async 3558658048
253:0 Total 3558854656
Total 3558854656
--------------------CPUAC-----------------------
user 2651
system 2221
 
Tue May 16 02:30:16 IST 2017
--------------------MEMCG-----------------------
MEM ONLY  : 1279 MB
MEM+SWAP  : 1279 MB
cache 1081110528
rss 260841472
rss_huge 0
mapped_file 2887680
writeback 0
swap 0
pgpgin 1781550
pgpgout 1453925
pgfault 246262
pgmajfault 494
inactive_anon 131416064
active_anon 129495040
inactive_file 540688384
active_file 540348416
unevictable 4096
hierarchical_memory_limit 1342177280
hierarchical_memsw_limit 5368709120
total_cache 1081110528
total_rss 260841472
total_rss_huge 0
total_mapped_file 2887680
total_writeback 0
total_swap 0
total_pgpgin 1781550
total_pgpgout 1453925
total_pgfault 246262
total_pgmajfault 494
total_inactive_anon 131416064
total_active_anon 129495040
total_inactive_file 540688384
total_active_file 540348416
total_unevictable 4096
--------------------BLKIO-----------------------
11:0 Read 0
11:0 Write 0
11:0 Sync 0
11:0 Async 0
11:0 Total 0
253:0 Read 3654172672
253:0 Write 2834432
253:0 Sync 196608
253:0 Async 3656810496
253:0 Total 3657007104
Total 3657007104
--------------------CPUAC-----------------------
user 2742
system 2302
 
Tue May 16 02:30:46 IST 2017
--------------------MEMCG-----------------------
MEM ONLY  : 1279 MB
MEM+SWAP  : 1279 MB
cache 1081159680
rss 260968448
rss_huge 0
mapped_file 2875392
writeback 0
swap 0
pgpgin 1843885
pgpgout 1516217
pgfault 246415
pgmajfault 494
inactive_anon 131416064
active_anon 129622016
inactive_file 540741632
active_file 540332032
unevictable 4096
hierarchical_memory_limit 1342177280
hierarchical_memsw_limit 5368709120
total_cache 1081159680
total_rss 260968448
total_rss_huge 0
total_mapped_file 2875392
total_writeback 0
total_swap 0
total_pgpgin 1843885
total_pgpgout 1516217
total_pgfault 246415
total_pgmajfault 494
total_inactive_anon 131416064
total_active_anon 129622016
total_inactive_file 540741632
total_active_file 540332032
total_unevictable 4096
--------------------BLKIO-----------------------
11:0 Read 0
11:0 Write 0
11:0 Sync 0
11:0 Async 0
11:0 Total 0
253:0 Read 3753377792
253:0 Write 2940928
253:0 Sync 196608
253:0 Async 3756122112
253:0 Total 3756318720
Total 3756318720
--------------------CPUAC-----------------------
user 2842
system 2394
 
Tue May 16 02:31:16 IST 2017
--------------------MEMCG-----------------------
MEM ONLY  : 1279 MB
MEM+SWAP  : 1279 MB
cache 1081012224
rss 260976640
rss_huge 0
mapped_file 2883584
writeback 0
swap 0
pgpgin 1904470
pgpgout 1576836
pgfault 246510
pgmajfault 496
inactive_anon 131416064
active_anon 129630208
inactive_file 540549120
active_file 540344320
unevictable 4096
hierarchical_memory_limit 1342177280
hierarchical_memsw_limit 5368709120
total_cache 1081012224
total_rss 260976640
total_rss_huge 0
total_mapped_file 2883584
total_writeback 0
total_swap 0
total_pgpgin 1904470
total_pgpgout 1576836
total_pgfault 246510
total_pgmajfault 496
total_inactive_anon 131416064
total_active_anon 129630208
total_inactive_file 540549120
total_active_file 540344320
total_unevictable 4096
--------------------BLKIO-----------------------
11:0 Read 0
11:0 Write 0
11:0 Sync 0
11:0 Async 0
11:0 Total 0
253:0 Read 3850690560
253:0 Write 2977792
253:0 Sync 196608
253:0 Async 3853471744
253:0 Total 3853668352
Total 3853668352
--------------------CPUAC-----------------------
user 2933
system 2478
 
Tue May 16 02:31:46 IST 2017
--------------------MEMCG-----------------------
MEM ONLY  : 1279 MB
MEM+SWAP  : 1279 MB
cache 1081294848
rss 260714496
rss_huge 0
mapped_file 2883584
writeback 0
swap 0
pgpgin 1965507
pgpgout 1637868
pgfault 246747
pgmajfault 496
inactive_anon 131227648
active_anon 129556480
inactive_file 540774400
active_file 540446720
unevictable 4096
hierarchical_memory_limit 1342177280
hierarchical_memsw_limit 5368709120
total_cache 1081294848
total_rss 260714496
total_rss_huge 0
total_mapped_file 2883584
total_writeback 0
total_swap 0
total_pgpgin 1965507
total_pgpgout 1637868
total_pgfault 246747
total_pgmajfault 496
total_inactive_anon 131227648
total_active_anon 129556480
total_inactive_file 540774400
total_active_file 540446720
total_unevictable 4096
--------------------BLKIO-----------------------
11:0 Read 0
11:0 Write 0
11:0 Sync 0
11:0 Async 0
11:0 Total 0
253:0 Read 3948167168
253:0 Write 3014656
253:0 Sync 196608
253:0 Async 3950985216
253:0 Total 3951181824
Total 3951181824
--------------------CPUAC-----------------------
user 3032
system 2559
 
Tue May 16 02:32:16 IST 2017
--------------------MEMCG-----------------------
MEM ONLY  : 1279 MB
MEM+SWAP  : 1279 MB
cache 1081794560
rss 260067328
rss_huge 0
mapped_file 2883584
writeback 0
swap 0
pgpgin 2026027
pgpgout 1698424
pgfault 246904
pgmajfault 496
inactive_anon 131227648
active_anon 128909312
inactive_file 541007872
active_file 540712960
unevictable 4096
hierarchical_memory_limit 1342177280
hierarchical_memsw_limit 5368709120
total_cache 1081794560
total_rss 260067328
total_rss_huge 0
total_mapped_file 2883584
total_writeback 0
total_swap 0
total_pgpgin 2026027
total_pgpgout 1698424
total_pgfault 246904
total_pgmajfault 496
total_inactive_anon 131227648
total_active_anon 128909312
total_inactive_file 541007872
total_active_file 540712960
total_unevictable 4096
--------------------BLKIO-----------------------
11:0 Read 0
11:0 Write 0
11:0 Sync 0
11:0 Async 0
11:0 Total 0
253:0 Read 4044050432
253:0 Write 3059712
253:0 Sync 196608
253:0 Async 4046913536
253:0 Total 4047110144
Total 4047110144
--------------------CPUAC-----------------------
user 3122
system 2650
 
Tue May 16 02:32:46 IST 2017
--------------------MEMCG-----------------------
MEM ONLY  : 1279 MB
MEM+SWAP  : 1279 MB
cache 1081765888
rss 260202496
rss_huge 0
mapped_file 2883584
writeback 0
swap 0
pgpgin 2084895
pgpgout 1757266
pgfault 247027
pgmajfault 496
inactive_anon 131227648
active_anon 129044480
inactive_file 540930048
active_file 540729344
unevictable 4096
hierarchical_memory_limit 1342177280
hierarchical_memsw_limit 5368709120
total_cache 1081765888
total_rss 260202496
total_rss_huge 0
total_mapped_file 2883584
total_writeback 0
total_swap 0
total_pgpgin 2084895
total_pgpgout 1757266
total_pgfault 247027
total_pgmajfault 496
total_inactive_anon 131227648
total_active_anon 129044480
total_inactive_file 540930048
total_active_file 540729344
total_unevictable 4096
--------------------BLKIO-----------------------
11:0 Read 0
11:0 Write 0
11:0 Sync 0
11:0 Async 0
11:0 Total 0
253:0 Read 4142370816
253:0 Write 3112960
253:0 Sync 196608
253:0 Async 4145287168
253:0 Total 4145483776
Total 4145483776
--------------------CPUAC-----------------------
user 3216
system 2726
 
Tue May 16 02:33:16 IST 2017
--------------------MEMCG-----------------------
MEM ONLY  : 1279 MB
MEM+SWAP  : 1279 MB
cache 1080463360
rss 261386240
rss_huge 0
mapped_file 2879488
writeback 0
swap 0
pgpgin 2146367
pgpgout 1818767
pgfault 247448
pgmajfault 496
inactive_anon 131141632
active_anon 130314240
inactive_file 540360704
active_file 540004352
unevictable 4096
hierarchical_memory_limit 1342177280
hierarchical_memsw_limit 5368709120
total_cache 1080463360
total_rss 261386240
total_rss_huge 0
total_mapped_file 2879488
total_writeback 0
total_swap 0
total_pgpgin 2146367
total_pgpgout 1818767
total_pgfault 247448
total_pgmajfault 496
total_inactive_anon 131141632
total_active_anon 130314240
total_inactive_file 540360704
total_active_file 540004352
total_unevictable 4096
--------------------BLKIO-----------------------
11:0 Read 0
11:0 Write 0
11:0 Sync 0
11:0 Async 0
11:0 Total 0
253:0 Read 4241399808
253:0 Write 3174400
253:0 Sync 196608
253:0 Async 4244377600
253:0 Total 4244574208
Total 4244574208
--------------------CPUAC-----------------------
user 3319
system 2804
 
Tue May 16 02:33:46 IST 2017
--------------------MEMCG-----------------------
MEM ONLY  : 1279 MB
MEM+SWAP  : 1279 MB
cache 1080483840
rss 261562368
rss_huge 0
mapped_file 2883584
writeback 0
swap 0
pgpgin 2208350
pgpgout 1880702
pgfault 247748
pgmajfault 497
inactive_anon 131080192
active_anon 130551808
inactive_file 540291072
active_file 540119040
unevictable 4096
hierarchical_memory_limit 1342177280
hierarchical_memsw_limit 5368709120
total_cache 1080483840
total_rss 261562368
total_rss_huge 0
total_mapped_file 2883584
total_writeback 0
total_swap 0
total_pgpgin 2208350
total_pgpgout 1880702
total_pgfault 247748
total_pgmajfault 497
total_inactive_anon 131080192
total_active_anon 130551808
total_inactive_file 540291072
total_active_file 540119040
total_unevictable 4096
--------------------BLKIO-----------------------
11:0 Read 0
11:0 Write 0
11:0 Sync 0
11:0 Async 0
11:0 Total 0
253:0 Read 4338946048
253:0 Write 3244032
253:0 Sync 196608
253:0 Async 4341993472
253:0 Total 4342190080
Total 4342190080
--------------------CPUAC-----------------------
user 3414
system 2887
 
Tue May 16 02:34:16 IST 2017
--------------------MEMCG-----------------------
MEM ONLY  : 1279 MB
MEM+SWAP  : 1279 MB
cache 1079508992
rss 262533120
rss_huge 0
mapped_file 2883584
writeback 0
swap 0
pgpgin 2268221
pgpgout 1940574
pgfault 248121
pgmajfault 497
inactive_anon 131473408
active_anon 131129344
inactive_file 539922432
active_file 539484160
unevictable 4096
hierarchical_memory_limit 1342177280
hierarchical_memsw_limit 5368709120
total_cache 1079508992
total_rss 262533120
total_rss_huge 0
total_mapped_file 2883584
total_writeback 0
total_swap 0
total_pgpgin 2268221
total_pgpgout 1940574
total_pgfault 248121
total_pgmajfault 497
total_inactive_anon 131473408
total_active_anon 131129344
total_inactive_file 539922432
total_active_file 539484160
total_unevictable 4096
--------------------BLKIO-----------------------
11:0 Read 0
11:0 Write 0
11:0 Sync 0
11:0 Async 0
11:0 Total 0
253:0 Read 4435591168
253:0 Write 3321856
253:0 Sync 196608
253:0 Async 4438716416
253:0 Total 4438913024
Total 4438913024
--------------------CPUAC-----------------------
user 3506
system 2968
 
Tue May 16 02:34:46 IST 2017
--------------------MEMCG-----------------------
MEM ONLY  : 1279 MB
MEM+SWAP  : 1279 MB
cache 1079492608
rss 262590464
rss_huge 0
mapped_file 2883584
writeback 0
swap 0
pgpgin 2327656
pgpgout 1999999
pgfault 248225
pgmajfault 497
inactive_anon 131473408
active_anon 131186688
inactive_file 539783168
active_file 539594752
unevictable 4096
hierarchical_memory_limit 1342177280
hierarchical_memsw_limit 5368709120
total_cache 1079492608
total_rss 262590464
total_rss_huge 0
total_mapped_file 2883584
total_writeback 0
total_swap 0
total_pgpgin 2327656
total_pgpgout 1999999
total_pgfault 248225
total_pgmajfault 497
total_inactive_anon 131473408
total_active_anon 131186688
total_inactive_file 539783168
total_active_file 539594752
total_unevictable 4096
--------------------BLKIO-----------------------
11:0 Read 0
11:0 Write 0
11:0 Sync 0
11:0 Async 0
11:0 Total 0
253:0 Read 4532326400
253:0 Write 3407872
253:0 Sync 196608
253:0 Async 4535537664
253:0 Total 4535734272
Total 4535734272
--------------------CPUAC-----------------------
user 3604
system 3053
 
Tue May 16 02:35:16 IST 2017
--------------------MEMCG-----------------------
MEM ONLY  : 1279 MB
MEM+SWAP  : 1279 MB
cache 1079762944
rss 262320128
rss_huge 0
mapped_file 2883584
writeback 0
swap 0
pgpgin 2387727
pgpgout 2060070
pgfault 248440
pgmajfault 497
inactive_anon 131334144
active_anon 131055616
inactive_file 539934720
active_file 539725824
unevictable 4096
hierarchical_memory_limit 1342177280
hierarchical_memsw_limit 5368709120
total_cache 1079762944
total_rss 262320128
total_rss_huge 0
total_mapped_file 2883584
total_writeback 0
total_swap 0
total_pgpgin 2387727
total_pgpgout 2060070
total_pgfault 248440
total_pgmajfault 497
total_inactive_anon 131334144
total_active_anon 131055616
total_inactive_file 539934720
total_active_file 539725824
total_unevictable 4096
--------------------BLKIO-----------------------
11:0 Read 0
11:0 Write 0
11:0 Sync 0
11:0 Async 0
11:0 Total 0
253:0 Read 4627566592
253:0 Write 3502080
253:0 Sync 196608
253:0 Async 4630872064
253:0 Total 4631068672
Total 4631068672
--------------------CPUAC-----------------------
user 3707
system 3132
 
Tue May 16 02:35:46 IST 2017
--------------------MEMCG-----------------------
MEM ONLY  : 1279 MB
MEM+SWAP  : 1279 MB
cache 1078067200
rss 263864320
rss_huge 0
mapped_file 2883584
writeback 0
swap 0
pgpgin 2448711
pgpgout 2121091
pgfault 249071
pgmajfault 497
inactive_anon 132120576
active_anon 131813376
inactive_file 539017216
active_file 538976256
unevictable 4096
hierarchical_memory_limit 1342177280
hierarchical_memsw_limit 5368709120
total_cache 1078067200
total_rss 263864320
total_rss_huge 0
total_mapped_file 2883584
total_writeback 0
total_swap 0
total_pgpgin 2448711
total_pgpgout 2121091
total_pgfault 249071
total_pgmajfault 497
total_inactive_anon 132120576
total_active_anon 131813376
total_inactive_file 539017216
total_active_file 538976256
total_unevictable 4096
--------------------BLKIO-----------------------
11:0 Read 0
11:0 Write 0
11:0 Sync 0
11:0 Async 0
11:0 Total 0
253:0 Read 4724252672
253:0 Write 3604480
253:0 Sync 196608
253:0 Async 4727660544
253:0 Total 4727857152
Total 4727857152
--------------------CPUAC-----------------------
user 3811
system 3217
 
Tue May 16 02:36:16 IST 2017
--------------------MEMCG-----------------------
MEM ONLY  : 1279 MB
MEM+SWAP  : 1279 MB
cache 1078226944
rss 263884800
rss_huge 0
mapped_file 2883584
writeback 0
swap 0
pgpgin 2507879
pgpgout 2180215
pgfault 249166
pgmajfault 497
inactive_anon 132120576
active_anon 131833856
inactive_file 539230208
active_file 538923008
unevictable 4096
hierarchical_memory_limit 1342177280
hierarchical_memsw_limit 5368709120
total_cache 1078226944
total_rss 263884800
total_rss_huge 0
total_mapped_file 2883584
total_writeback 0
total_swap 0
total_pgpgin 2507879
total_pgpgout 2180215
total_pgfault 249166
total_pgmajfault 497
total_inactive_anon 132120576
total_active_anon 131833856
total_inactive_file 539230208
total_active_file 538923008
total_unevictable 4096
--------------------BLKIO-----------------------
11:0 Read 0
11:0 Write 0
11:0 Sync 0
11:0 Async 0
11:0 Total 0
253:0 Read 4821012480
253:0 Write 3641344
253:0 Sync 196608
253:0 Async 4824457216
253:0 Total 4824653824
Total 4824653824
--------------------CPUAC-----------------------
user 3905
system 3297
 
