/usr/lib/jvm/java-7-openjdk-amd64/bin/java -cp /home/vm1/clients/ycsb_redis/redis-binding/conf:/home/vm1/clients/ycsb_redis/conf:/home/vm1/clients/ycsb_redis/lib/commons-pool-1.5.5.jar:/home/vm1/clients/ycsb_redis/lib/jackson-mapper-asl-1.9.4.jar:/home/vm1/clients/ycsb_redis/lib/redis-binding-0.13.0-SNAPSHOT.jar:/home/vm1/clients/ycsb_redis/lib/jackson-core-asl-1.9.4.jar:/home/vm1/clients/ycsb_redis/lib/htrace-core4-4.1.0-incubating.jar:/home/vm1/clients/ycsb_redis/lib/jedis-2.0.0.jar:/home/vm1/clients/ycsb_redis/lib/HdrHistogram-2.1.4.jar:/home/vm1/clients/ycsb_redis/lib/core-0.13.0-SNAPSHOT.jar com.yahoo.ycsb.Client -db com.yahoo.ycsb.db.RedisClient -s -P /home/vm1/clients/ycsb_redis/workloads/workload1 -p redis.host=10.0.3.168 -p redis.port=6379 -p operationcount=100000000 -p maxexecutiontime=600 -t
Command line: -db com.yahoo.ycsb.db.RedisClient -s -P /home/vm1/clients/ycsb_redis/workloads/workload1 -p redis.host=10.0.3.168 -p redis.port=6379 -p operationcount=100000000 -p maxexecutiontime=600 -tYCSB Client 0.13.0-SNAPSHOT

Loading workload...
Starting test.
Maximum execution time specified as: 600 secs
DBWrapper: report latency for each error is false and specific error codes to track for latency are: []
2017-05-19 21:38:42:732 0 sec: 0 operations; est completion in 0 seconds 
2017-05-19 21:38:52:710 10 sec: 110646 operations; 11064.6 current ops/sec; est completion in 2 hours 30 minutes [READ: Count=110660, Max=13279, Min=63, Avg=85.29, 90=99, 99=208, 99.9=1266, 99.99=4723] 
2017-05-19 21:39:02:710 20 sec: 222239 operations; 11159.3 current ops/sec; est completion in 2 hours 29 minutes [READ: Count=111584, Max=11823, Min=63, Avg=86.56, 90=103, 99=134, 99.9=161, 99.99=1739] 
2017-05-19 21:39:12:710 30 sec: 333491 operations; 11125.2 current ops/sec; est completion in 2 hours 29 minutes [READ: Count=111251, Max=10407, Min=65, Avg=87.56, 90=103, 99=125, 99.9=267, 99.99=1622] 
2017-05-19 21:39:22:710 40 sec: 444668 operations; 11117.7 current ops/sec; est completion in 2 hours 29 minutes [READ: Count=111178, Max=4843, Min=63, Avg=87.6, 90=102, 99=119, 99.9=154, 99.99=1674] 
2017-05-19 21:39:32:710 50 sec: 555285 operations; 11061.7 current ops/sec; est completion in 2 hours 29 minutes [READ: Count=110615, Max=4587, Min=64, Avg=88.02, 90=105, 99=127, 99.9=185, 99.99=2055] 
2017-05-19 21:39:42:710 60 sec: 671880 operations; 11659.5 current ops/sec; est completion in 2 hours 27 minutes [READ: Count=116597, Max=5959, Min=64, Avg=83.38, 90=99, 99=121, 99.9=202, 99.99=2071] 
2017-05-19 21:39:52:710 70 sec: 792697 operations; 12081.7 current ops/sec; est completion in 2 hours 26 minutes [READ: Count=120815, Max=98239, Min=63, Avg=80.37, 90=94, 99=118, 99.9=155, 99.99=2451] 
2017-05-19 21:40:02:710 80 sec: 911768 operations; 11907.1 current ops/sec; est completion in 2 hours 24 minutes [READ: Count=119068, Max=8167, Min=63, Avg=81.64, 90=97, 99=120, 99.9=169, 99.99=1898] 
2017-05-19 21:40:12:710 90 sec: 1024993 operations; 11322.5 current ops/sec; est completion in 2 hours 24 minutes [READ: Count=113227, Max=28591, Min=63, Avg=85.98, 90=104, 99=122, 99.9=149, 99.99=2105] 
2017-05-19 21:40:22:710 100 sec: 1140054 operations; 11506.1 current ops/sec; est completion in 2 hours 24 minutes [READ: Count=115062, Max=5455, Min=64, Avg=84.55, 90=102, 99=120, 99.9=159, 99.99=1675] 
2017-05-19 21:40:32:710 110 sec: 1254686 operations; 11463.2 current ops/sec; est completion in 2 hours 24 minutes [READ: Count=114631, Max=5291, Min=64, Avg=84.88, 90=102, 99=122, 99.9=157, 99.99=1795] 
2017-05-19 21:40:42:710 120 sec: 1360614 operations; 10592.8 current ops/sec; est completion in 2 hours 25 minutes [READ: Count=105926, Max=3709, Min=63, Avg=92.07, 90=109, 99=125, 99.9=197, 99.99=1946] 
2017-05-19 21:40:52:710 130 sec: 1478942 operations; 11832.8 current ops/sec; est completion in 2 hours 24 minutes [READ: Count=118330, Max=4631, Min=65, Avg=82.13, 90=98, 99=118, 99.9=151, 99.99=1941] 
2017-05-19 21:41:02:711 140 sec: 1593901 operations; 11494.75 current ops/sec; est completion in 2 hours 24 minutes [READ: Count=114957, Max=7771, Min=63, Avg=84.61, 90=101, 99=118, 99.9=137, 99.99=2229] 
2017-05-19 21:41:12:710 150 sec: 1709455 operations; 11556.56 current ops/sec; est completion in 2 hours 23 minutes [READ: Count=115556, Max=8003, Min=63, Avg=84.15, 90=99, 99=121, 99.9=346, 99.99=2821] 
2017-05-19 21:41:22:710 160 sec: 1818305 operations; 10885 current ops/sec; est completion in 2 hours 24 minutes [READ: Count=108851, Max=6647, Min=64, Avg=89.51, 90=107, 99=125, 99.9=177, 99.99=1743] 
2017-05-19 21:41:32:710 170 sec: 1933806 operations; 11550.1 current ops/sec; est completion in 2 hours 23 minutes [READ: Count=115501, Max=34463, Min=63, Avg=84.21, 90=100, 99=123, 99.9=167, 99.99=1754] 
2017-05-19 21:41:42:710 180 sec: 2043650 operations; 10984.4 current ops/sec; est completion in 2 hours 23 minutes [READ: Count=109843, Max=4667, Min=63, Avg=88.69, 90=107, 99=124, 99.9=412, 99.99=2215] 
2017-05-19 21:41:52:710 190 sec: 2158720 operations; 11507 current ops/sec; est completion in 2 hours 23 minutes [READ: Count=115071, Max=4407, Min=63, Avg=84.5, 90=100, 99=120, 99.9=478, 99.99=1839] 
2017-05-19 21:42:02:710 200 sec: 2276741 operations; 11802.1 current ops/sec; est completion in 2 hours 23 minutes [READ: Count=118020, Max=5807, Min=63, Avg=82.35, 90=99, 99=119, 99.9=194, 99.99=1947] 
2017-05-19 21:42:12:710 210 sec: 2391004 operations; 11426.3 current ops/sec; est completion in 2 hours 22 minutes [READ: Count=114263, Max=58879, Min=63, Avg=85.13, 90=101, 99=120, 99.9=406, 99.99=2187] 
2017-05-19 21:42:22:710 220 sec: 2506798 operations; 11579.4 current ops/sec; est completion in 2 hours 22 minutes [READ: Count=115794, Max=14351, Min=63, Avg=83.95, 90=100, 99=119, 99.9=161, 99.99=3609] 
2017-05-19 21:42:32:710 230 sec: 2608865 operations; 10206.7 current ops/sec; est completion in 2 hours 23 minutes [READ: Count=102067, Max=13551, Min=65, Avg=95.66, 90=109, 99=125, 99.9=157, 99.99=1611] 
2017-05-19 21:42:42:710 240 sec: 2732220 operations; 12335.5 current ops/sec; est completion in 2 hours 22 minutes [READ: Count=123355, Max=5531, Min=63, Avg=78.68, 90=92, 99=113, 99.9=137, 99.99=1704] 
2017-05-19 21:42:52:710 250 sec: 2843851 operations; 11163.1 current ops/sec; est completion in 2 hours 22 minutes [READ: Count=111631, Max=2777, Min=64, Avg=87.19, 90=102, 99=122, 99.9=764, 99.99=1877] 
2017-05-19 21:43:02:710 260 sec: 2960378 operations; 11652.7 current ops/sec; est completion in 2 hours 22 minutes [READ: Count=116527, Max=4955, Min=63, Avg=83.45, 90=98, 99=119, 99.9=617, 99.99=1781] 
2017-05-19 21:43:12:710 270 sec: 3077021 operations; 11664.3 current ops/sec; est completion in 2 hours 21 minutes [READ: Count=116643, Max=24559, Min=65, Avg=83.44, 90=98, 99=117, 99.9=164, 99.99=1712] 
2017-05-19 21:43:22:710 280 sec: 3187434 operations; 11041.3 current ops/sec; est completion in 2 hours 21 minutes [READ: Count=110413, Max=4511, Min=65, Avg=88.26, 90=100, 99=118, 99.9=159, 99.99=2161] 
2017-05-19 21:43:32:710 290 sec: 3306193 operations; 11875.9 current ops/sec; est completion in 2 hours 21 minutes [READ: Count=118759, Max=10927, Min=64, Avg=81.86, 90=98, 99=114, 99.9=154, 99.99=2635] 
2017-05-19 21:43:42:710 300 sec: 3424033 operations; 11784 current ops/sec; est completion in 2 hours 21 minutes [READ: Count=117840, Max=15015, Min=63, Avg=82.52, 90=98, 99=116, 99.9=152, 99.99=1653] 
2017-05-19 21:43:52:710 310 sec: 3545095 operations; 12106.2 current ops/sec; est completion in 2 hours 20 minutes [READ: Count=121062, Max=8567, Min=63, Avg=80.26, 90=97, 99=115, 99.9=173, 99.99=1732] 
2017-05-19 21:44:02:710 320 sec: 3661073 operations; 11597.8 current ops/sec; est completion in 2 hours 20 minutes [READ: Count=115978, Max=4935, Min=64, Avg=83.9, 90=99, 99=117, 99.9=412, 99.99=2435] 
2017-05-19 21:44:12:710 330 sec: 3783054 operations; 12198.1 current ops/sec; est completion in 2 hours 19 minutes [READ: Count=121981, Max=3075, Min=63, Avg=79.62, 90=95, 99=112, 99.9=157, 99.99=1761] 
2017-05-19 21:44:22:710 340 sec: 3894557 operations; 11150.3 current ops/sec; est completion in 2 hours 19 minutes [READ: Count=111503, Max=3921, Min=63, Avg=87.32, 90=103, 99=122, 99.9=803, 99.99=2301] 
2017-05-19 21:44:32:710 350 sec: 4006434 operations; 11187.7 current ops/sec; est completion in 2 hours 19 minutes [READ: Count=111877, Max=39199, Min=63, Avg=86.99, 90=102, 99=122, 99.9=731, 99.99=2823] 
2017-05-19 21:44:42:710 360 sec: 4127207 operations; 12077.3 current ops/sec; est completion in 2 hours 19 minutes [READ: Count=120773, Max=32495, Min=63, Avg=80.38, 90=93, 99=115, 99.9=175, 99.99=344] 
2017-05-19 21:44:52:710 370 sec: 4248808 operations; 12160.1 current ops/sec; est completion in 2 hours 18 minutes [READ: Count=121601, Max=45247, Min=64, Avg=79.82, 90=91, 99=118, 99.9=258, 99.99=310] 
2017-05-19 21:45:02:710 380 sec: 4361064 operations; 11225.6 current ops/sec; est completion in 2 hours 18 minutes [READ: Count=112256, Max=1998, Min=64, Avg=86.76, 90=102, 99=121, 99.9=148, 99.99=449] 
2017-05-19 21:45:12:710 390 sec: 4481603 operations; 12053.9 current ops/sec; est completion in 2 hours 18 minutes [READ: Count=120539, Max=1788, Min=63, Avg=80.61, 90=97, 99=113, 99.9=131, 99.99=707] 
2017-05-19 21:45:22:710 400 sec: 4600879 operations; 11927.6 current ops/sec; est completion in 2 hours 18 minutes [READ: Count=119276, Max=1795, Min=63, Avg=81.48, 90=97, 99=117, 99.9=134, 99.99=174] 
2017-05-19 21:45:32:710 410 sec: 4712222 operations; 11134.3 current ops/sec; est completion in 2 hours 18 minutes [READ: Count=111343, Max=2021, Min=63, Avg=87.49, 90=106, 99=124, 99.9=146, 99.99=1157] 
2017-05-19 21:45:42:710 420 sec: 4824635 operations; 11241.3 current ops/sec; est completion in 2 hours 18 minutes [READ: Count=112413, Max=5207, Min=63, Avg=86.64, 90=105, 99=123, 99.9=137, 99.99=1503] 
2017-05-19 21:45:52:710 430 sec: 4933299 operations; 10866.4 current ops/sec; est completion in 2 hours 18 minutes [READ: Count=108664, Max=3121, Min=64, Avg=89.67, 90=108, 99=125, 99.9=151, 99.99=1737] 
2017-05-19 21:46:02:710 440 sec: 5048167 operations; 11486.8 current ops/sec; est completion in 2 hours 17 minutes [READ: Count=114868, Max=22527, Min=63, Avg=84.68, 90=102, 99=121, 99.9=142, 99.99=3573] 
2017-05-19 21:46:12:710 450 sec: 5165655 operations; 11748.8 current ops/sec; est completion in 2 hours 17 minutes [READ: Count=117487, Max=2971, Min=63, Avg=82.74, 90=100, 99=121, 99.9=142, 99.99=868] 
2017-05-19 21:46:22:710 460 sec: 5280090 operations; 11443.5 current ops/sec; est completion in 2 hours 17 minutes [READ: Count=114436, Max=3163, Min=63, Avg=84.98, 90=102, 99=123, 99.9=152, 99.99=1709] 
2017-05-19 21:46:32:710 470 sec: 5389741 operations; 10965.1 current ops/sec; est completion in 2 hours 17 minutes [READ: Count=109651, Max=3955, Min=63, Avg=88.82, 90=107, 99=123, 99.9=404, 99.99=1976] 
2017-05-19 21:46:42:710 480 sec: 5501981 operations; 11224 current ops/sec; est completion in 2 hours 17 minutes [READ: Count=112240, Max=13599, Min=63, Avg=86.7, 90=102, 99=120, 99.9=172, 99.99=1871] 
2017-05-19 21:46:52:710 490 sec: 5618687 operations; 11670.6 current ops/sec; est completion in 2 hours 17 minutes [READ: Count=116707, Max=317439, Min=64, Avg=83.28, 90=95, 99=114, 99.9=140, 99.99=1769] 
2017-05-19 21:47:02:710 500 sec: 5730547 operations; 11186 current ops/sec; est completion in 2 hours 17 minutes [READ: Count=111859, Max=4571, Min=64, Avg=86.99, 90=101, 99=122, 99.9=381, 99.99=2959] 
2017-05-19 21:47:12:710 510 sec: 5837819 operations; 10727.2 current ops/sec; est completion in 2 hours 17 minutes [READ: Count=107272, Max=5643, Min=64, Avg=90.84, 90=104, 99=121, 99.9=169, 99.99=1898] 
2017-05-19 21:47:22:710 520 sec: 5955517 operations; 11769.8 current ops/sec; est completion in 2 hours 16 minutes [READ: Count=117698, Max=12519, Min=64, Avg=82.57, 90=97, 99=117, 99.9=141, 99.99=1791] 
2017-05-19 21:47:32:710 530 sec: 6073602 operations; 11808.5 current ops/sec; est completion in 2 hours 16 minutes [READ: Count=118085, Max=7763, Min=63, Avg=82.34, 90=96, 99=116, 99.9=144, 99.99=1830] 
2017-05-19 21:47:42:710 540 sec: 6175496 operations; 10189.4 current ops/sec; est completion in 2 hours 16 minutes [READ: Count=101894, Max=1797, Min=66, Avg=95.86, 90=106, 99=123, 99.9=144, 99.99=1611] 
2017-05-19 21:47:52:710 550 sec: 6287866 operations; 11237 current ops/sec; est completion in 2 hours 16 minutes [READ: Count=112370, Max=5887, Min=64, Avg=86.6, 90=102, 99=121, 99.9=527, 99.99=2587] 
2017-05-19 21:48:02:710 560 sec: 6405387 operations; 11752.1 current ops/sec; est completion in 2 hours 16 minutes [READ: Count=117522, Max=9871, Min=64, Avg=82.7, 90=96, 99=117, 99.9=262, 99.99=2799] 
2017-05-19 21:48:12:710 570 sec: 6523230 operations; 11784.3 current ops/sec; est completion in 2 hours 16 minutes [READ: Count=117842, Max=4655, Min=64, Avg=82.47, 90=97, 99=118, 99.9=159, 99.99=2141] 
2017-05-19 21:48:22:710 580 sec: 6632673 operations; 10944.3 current ops/sec; est completion in 2 hours 16 minutes [READ: Count=109443, Max=7675, Min=64, Avg=89.01, 90=106, 99=122, 99.9=315, 99.99=2849] 
2017-05-19 21:48:32:710 590 sec: 6749990 operations; 11731.7 current ops/sec; est completion in 2 hours 15 minutes [READ: Count=117317, Max=6719, Min=64, Avg=82.83, 90=96, 99=118, 99.9=489, 99.99=2123] 
2017-05-19 21:48:42:710 600 sec: 6868098 operations; 11810.8 current ops/sec; est completion in 2 hours 15 minutes [READ: Count=118108, Max=5495, Min=64, Avg=82.29, 90=97, 99=117, 99.9=144, 99.99=1880] 
Maximum time elapsed. Requesting stop for the workload.
Stop requested for workload. Now Joining!
2017-05-19 21:48:42:712 600 sec: 6868110 operations; 6000 current ops/sec; est completion in 2 hours 15 minutes [CLEANUP: Count=1, Max=206, Min=206, Avg=206, 90=206, 99=206, 99.9=206, 99.99=206] [READ: Count=10, Max=115, Min=73, Avg=81.1, 90=89, 99=115, 99.9=115, 99.99=115] 
[OVERALL], RunTime(ms), 600002.0
[OVERALL], Throughput(ops/sec), 11446.81184396052
[TOTAL_GCS_PS_Scavenge], Count, 2055.0
[TOTAL_GC_TIME_PS_Scavenge], Time(ms), 3809.0
[TOTAL_GC_TIME_%_PS_Scavenge], Time(%), 0.6348312172292759
[TOTAL_GCS_PS_MarkSweep], Count, 0.0
[TOTAL_GC_TIME_PS_MarkSweep], Time(ms), 0.0
[TOTAL_GC_TIME_%_PS_MarkSweep], Time(%), 0.0
[TOTAL_GCs], Count, 2055.0
[TOTAL_GC_TIME], Time(ms), 3809.0
[TOTAL_GC_TIME_%], Time(%), 0.6348312172292759
[CLEANUP], Operations, 1.0
[CLEANUP], AverageLatency(us), 206.0
[CLEANUP], MinLatency(us), 206.0
[CLEANUP], MaxLatency(us), 206.0
[CLEANUP], 95thPercentileLatency(us), 206.0
[CLEANUP], 99thPercentileLatency(us), 206.0
[READ], Operations, 6868110.0
[READ], AverageLatency(us), 84.93869579840742
[READ], MinLatency(us), 63.0
[READ], MaxLatency(us), 317439.0
[READ], 95thPercentileLatency(us), 108.0
[READ], 99thPercentileLatency(us), 121.0
[READ], Return=OK, 6868110
