========== START: Container 1 Memory STATS ==============
cache 793698304
rss 279089152
rss_huge 0
mapped_file 5931008
writeback 0
swap 9490432
pgpgin 1287866
pgpgout 1025955
pgfault 261067
pgmajfault 657
inactive_anon 140230656
active_anon 138895360
inactive_file 395124736
active_file 398520320
unevictable 4096
hierarchical_memory_limit 1073741824
hierarchical_memsw_limit 5368709120
total_cache 793698304
total_rss 279089152
total_rss_huge 0
total_mapped_file 5931008
total_writeback 0
total_swap 9490432
total_pgpgin 1287866
total_pgpgout 1025955
total_pgfault 261067
total_pgmajfault 657
total_inactive_anon 140230656
total_active_anon 138895360
total_inactive_file 395124736
total_active_file 398520320
total_unevictable 4096
======== END Container STATS ======
========== STOP: Container 1 Memory STATS ==============
cache 805048320
rss 268599296
rss_huge 0
mapped_file 4190208
writeback 0
swap 21106688
pgpgin 3169532
pgpgout 2907411
pgfault 277023
pgmajfault 772
inactive_anon 134430720
active_anon 134193152
inactive_file 402829312
active_file 402190336
unevictable 4096
hierarchical_memory_limit 1073741824
hierarchical_memsw_limit 5368709120
total_cache 805048320
total_rss 268599296
total_rss_huge 0
total_mapped_file 4190208
total_writeback 0
total_swap 21106688
total_pgpgin 3169532
total_pgpgout 2907411
total_pgfault 277023
total_pgmajfault 772
total_inactive_anon 134430720
total_active_anon 134193152
total_inactive_file 402829312
total_active_file 402190336
total_unevictable 4096
======== END Container STATS ======
