Fri May 19 20:37:10 IST 2017
--------------------MEMCG-----------------------
MEM ONLY  : 1929 MB
MEM+SWAP  : 2035 MB
cache 19578880
rss 2003611648
rss_huge 0
mapped_file 7585792
writeback 81920
swap 110874624
pgpgin 594262
pgpgout 100319
pgfault 696475
pgmajfault 735
inactive_anon 571490304
active_anon 1432125440
inactive_file 8802304
active_file 10772480
unevictable 0
hierarchical_memory_limit 6442450944
hierarchical_memsw_limit 32212254720
total_cache 19578880
total_rss 2003611648
total_rss_huge 0
total_mapped_file 7585792
total_writeback 81920
total_swap 110874624
total_pgpgin 594262
total_pgpgout 100319
total_pgfault 696475
total_pgmajfault 735
total_inactive_anon 571490304
total_active_anon 1432125440
total_inactive_file 8802304
total_active_file 10772480
total_unevictable 0
--------------------BLKIO-----------------------
11:0 Read 0
11:0 Write 0
11:0 Sync 0
11:0 Async 0
11:0 Total 0
253:0 Read 27271168
253:0 Write 39272448
253:0 Sync 0
253:0 Async 66543616
253:0 Total 66543616
Total 66543616
--------------------CPUAC-----------------------
user 745
system 1068
 
Fri May 19 20:37:40 IST 2017
--------------------MEMCG-----------------------
MEM ONLY  : 1919 MB
MEM+SWAP  : 2035 MB
cache 19464192
rss 1993125888
rss_huge 0
mapped_file 7585792
writeback 86016
swap 121368576
pgpgin 594552
pgpgout 103197
pgfault 697101
pgmajfault 1021
inactive_anon 567590912
active_anon 1425539072
inactive_file 8687616
active_file 10772480
unevictable 0
hierarchical_memory_limit 6442450944
hierarchical_memsw_limit 32212254720
total_cache 19464192
total_rss 1993125888
total_rss_huge 0
total_mapped_file 7585792
total_writeback 86016
total_swap 121368576
total_pgpgin 594552
total_pgpgout 103197
total_pgfault 697101
total_pgmajfault 1021
total_inactive_anon 567590912
total_active_anon 1425539072
total_inactive_file 8687616
total_active_file 10772480
total_unevictable 0
--------------------BLKIO-----------------------
11:0 Read 0
11:0 Write 0
11:0 Sync 0
11:0 Async 0
11:0 Total 0
253:0 Read 28520448
253:0 Write 39313408
253:0 Sync 0
253:0 Async 67833856
253:0 Total 67833856
Total 67833856
--------------------CPUAC-----------------------
user 748
system 1071
 
Fri May 19 20:38:10 IST 2017
--------------------MEMCG-----------------------
MEM ONLY  : 1908 MB
MEM+SWAP  : 2034 MB
cache 19329024
rss 1981849600
rss_huge 0
mapped_file 7585792
writeback 32768
swap 132648960
pgpgin 594845
pgpgout 106276
pgfault 697725
pgmajfault 1305
inactive_anon 563347456
active_anon 1418506240
inactive_file 8552448
active_file 10772480
unevictable 0
hierarchical_memory_limit 6442450944
hierarchical_memsw_limit 32212254720
total_cache 19329024
total_rss 1981849600
total_rss_huge 0
total_mapped_file 7585792
total_writeback 32768
total_swap 132648960
total_pgpgin 594845
total_pgpgout 106276
total_pgfault 697725
total_pgmajfault 1305
total_inactive_anon 563347456
total_active_anon 1418506240
total_inactive_file 8552448
total_active_file 10772480
total_unevictable 0
--------------------BLKIO-----------------------
11:0 Read 0
11:0 Write 0
11:0 Sync 0
11:0 Async 0
11:0 Total 0
253:0 Read 29814784
253:0 Write 39337984
253:0 Sync 0
253:0 Async 69152768
253:0 Total 69152768
Total 69152768
--------------------CPUAC-----------------------
user 749
system 1073
 
Fri May 19 20:38:40 IST 2017
--------------------MEMCG-----------------------
MEM ONLY  : 1897 MB
MEM+SWAP  : 2034 MB
cache 19165184
rss 1970774016
rss_huge 0
mapped_file 7585792
writeback 45056
swap 143724544
pgpgin 595133
pgpgout 109308
pgfault 698348
pgmajfault 1592
inactive_anon 559280128
active_anon 1411497984
inactive_file 8388608
active_file 10772480
unevictable 0
hierarchical_memory_limit 6442450944
hierarchical_memsw_limit 32212254720
total_cache 19165184
total_rss 1970774016
total_rss_huge 0
total_mapped_file 7585792
total_writeback 45056
total_swap 143724544
total_pgpgin 595133
total_pgpgout 109308
total_pgfault 698348
total_pgmajfault 1592
total_inactive_anon 559280128
total_active_anon 1411497984
total_inactive_file 8388608
total_active_file 10772480
total_unevictable 0
--------------------BLKIO-----------------------
11:0 Read 0
11:0 Write 0
11:0 Sync 0
11:0 Async 0
11:0 Total 0
253:0 Read 31055872
253:0 Write 39452672
253:0 Sync 0
253:0 Async 70508544
253:0 Total 70508544
Total 70508544
--------------------CPUAC-----------------------
user 750
system 1075
 
Fri May 19 20:39:10 IST 2017
--------------------MEMCG-----------------------
MEM ONLY  : 1885 MB
MEM+SWAP  : 2034 MB
cache 19083264
rss 1958195200
rss_huge 0
mapped_file 7585792
writeback 118784
swap 156303360
pgpgin 595433
pgpgout 112699
pgfault 698997
pgmajfault 1888
inactive_anon 554917888
active_anon 1403281408
inactive_file 8306688
active_file 10772480
unevictable 0
hierarchical_memory_limit 6442450944
hierarchical_memsw_limit 32212254720
total_cache 19083264
total_rss 1958195200
total_rss_huge 0
total_mapped_file 7585792
total_writeback 118784
total_swap 156303360
total_pgpgin 595433
total_pgpgout 112699
total_pgfault 698997
total_pgmajfault 1888
total_inactive_anon 554917888
total_active_anon 1403281408
total_inactive_file 8306688
total_active_file 10772480
total_unevictable 0
--------------------BLKIO-----------------------
11:0 Read 0
11:0 Write 0
11:0 Sync 0
11:0 Async 0
11:0 Total 0
253:0 Read 32370688
253:0 Write 39452672
253:0 Sync 0
253:0 Async 71823360
253:0 Total 71823360
Total 71823360
--------------------CPUAC-----------------------
user 752
system 1079
 
Fri May 19 20:39:40 IST 2017
--------------------MEMCG-----------------------
MEM ONLY  : 1872 MB
MEM+SWAP  : 2034 MB
cache 19013632
rss 1944838144
rss_huge 0
mapped_file 7585792
writeback 81920
swap 169660416
pgpgin 595728
pgpgout 116272
pgfault 699637
pgmajfault 2182
inactive_anon 550346752
active_anon 1394495488
inactive_file 8396800
active_file 10612736
unevictable 0
hierarchical_memory_limit 6442450944
hierarchical_memsw_limit 32212254720
total_cache 19013632
total_rss 1944838144
total_rss_huge 0
total_mapped_file 7585792
total_writeback 81920
total_swap 169660416
total_pgpgin 595728
total_pgpgout 116272
total_pgfault 699637
total_pgmajfault 2182
total_inactive_anon 550346752
total_active_anon 1394495488
total_inactive_file 8396800
total_active_file 10612736
total_unevictable 0
--------------------BLKIO-----------------------
11:0 Read 0
11:0 Write 0
11:0 Sync 0
11:0 Async 0
11:0 Total 0
253:0 Read 33615872
253:0 Write 39452672
253:0 Sync 0
253:0 Async 73068544
253:0 Total 73068544
Total 73068544
--------------------CPUAC-----------------------
user 754
system 1081
 
Fri May 19 20:40:10 IST 2017
--------------------MEMCG-----------------------
MEM ONLY  : 1859 MB
MEM+SWAP  : 2034 MB
cache 18989056
rss 1930493952
rss_huge 0
mapped_file 7585792
writeback 49152
swap 184004608
pgpgin 596030
pgpgout 120082
pgfault 700291
pgmajfault 2482
inactive_anon 545320960
active_anon 1385177088
inactive_file 8392704
active_file 10592256
unevictable 0
hierarchical_memory_limit 6442450944
hierarchical_memsw_limit 32212254720
total_cache 18989056
total_rss 1930493952
total_rss_huge 0
total_mapped_file 7585792
total_writeback 49152
total_swap 184004608
total_pgpgin 596030
total_pgpgout 120082
total_pgfault 700291
total_pgmajfault 2482
total_inactive_anon 545320960
total_active_anon 1385177088
total_inactive_file 8392704
total_active_file 10592256
total_unevictable 0
--------------------BLKIO-----------------------
11:0 Read 0
11:0 Write 0
11:0 Sync 0
11:0 Async 0
11:0 Total 0
253:0 Read 34922496
253:0 Write 39452672
253:0 Sync 0
253:0 Async 74375168
253:0 Total 74375168
Total 74375168
--------------------CPUAC-----------------------
user 755
system 1084
 
Fri May 19 20:40:40 IST 2017
--------------------MEMCG-----------------------
MEM ONLY  : 1844 MB
MEM+SWAP  : 2034 MB
cache 18956288
rss 1915445248
rss_huge 0
mapped_file 7585792
writeback 0
swap 199053312
pgpgin 596332
pgpgout 124066
pgfault 700948
pgmajfault 2783
inactive_anon 540061696
active_anon 1375387648
inactive_file 8392704
active_file 10559488
unevictable 0
hierarchical_memory_limit 6442450944
hierarchical_memsw_limit 32212254720
total_cache 18956288
total_rss 1915445248
total_rss_huge 0
total_mapped_file 7585792
total_writeback 0
total_swap 199053312
total_pgpgin 596332
total_pgpgout 124066
total_pgfault 700948
total_pgmajfault 2783
total_inactive_anon 540061696
total_active_anon 1375387648
total_inactive_file 8392704
total_active_file 10559488
total_unevictable 0
--------------------BLKIO-----------------------
11:0 Read 0
11:0 Write 0
11:0 Sync 0
11:0 Async 0
11:0 Total 0
253:0 Read 36212736
253:0 Write 39604224
253:0 Sync 0
253:0 Async 75816960
253:0 Total 75816960
Total 75816960
--------------------CPUAC-----------------------
user 756
system 1087
 
Fri May 19 20:41:10 IST 2017
--------------------MEMCG-----------------------
MEM ONLY  : 1830 MB
MEM+SWAP  : 2034 MB
cache 18808832
rss 1900949504
rss_huge 0
mapped_file 7585792
writeback 0
swap 213549056
pgpgin 596625
pgpgout 127934
pgfault 701564
pgmajfault 3053
inactive_anon 535085056
active_anon 1365868544
inactive_file 8392704
active_file 10412032
unevictable 0
hierarchical_memory_limit 6442450944
hierarchical_memsw_limit 32212254720
total_cache 18808832
total_rss 1900949504
total_rss_huge 0
total_mapped_file 7585792
total_writeback 0
total_swap 213549056
total_pgpgin 596625
total_pgpgout 127934
total_pgfault 701564
total_pgmajfault 3053
total_inactive_anon 535085056
total_active_anon 1365868544
total_inactive_file 8392704
total_active_file 10412032
total_unevictable 0
--------------------BLKIO-----------------------
11:0 Read 0
11:0 Write 0
11:0 Sync 0
11:0 Async 0
11:0 Total 0
253:0 Read 37670912
253:0 Write 39632896
253:0 Sync 0
253:0 Async 77303808
253:0 Total 77303808
Total 77303808
--------------------CPUAC-----------------------
user 758
system 1087
 
Fri May 19 20:41:40 IST 2017
--------------------MEMCG-----------------------
MEM ONLY  : 1809 MB
MEM+SWAP  : 2034 MB
cache 18640896
rss 1878843392
rss_huge 0
mapped_file 7561216
writeback 147456
swap 235655168
pgpgin 596933
pgpgout 133680
pgfault 702235
pgmajfault 3356
inactive_anon 527687680
active_anon 1351159808
inactive_file 8404992
active_file 10231808
unevictable 0
hierarchical_memory_limit 6442450944
hierarchical_memsw_limit 32212254720
total_cache 18640896
total_rss 1878843392
total_rss_huge 0
total_mapped_file 7561216
total_writeback 147456
total_swap 235655168
total_pgpgin 596933
total_pgpgout 133680
total_pgfault 702235
total_pgmajfault 3356
total_inactive_anon 527687680
total_active_anon 1351159808
total_inactive_file 8404992
total_active_file 10231808
total_unevictable 0
--------------------BLKIO-----------------------
11:0 Read 0
11:0 Write 0
11:0 Sync 0
11:0 Async 0
11:0 Total 0
253:0 Read 39079936
253:0 Write 39632896
253:0 Sync 0
253:0 Async 78712832
253:0 Total 78712832
Total 78712832
--------------------CPUAC-----------------------
user 758
system 1089
 
Fri May 19 20:42:10 IST 2017
--------------------MEMCG-----------------------
MEM ONLY  : 1786 MB
MEM+SWAP  : 2034 MB
cache 18628608
rss 1854590976
rss_huge 0
mapped_file 7561216
writeback 28672
swap 259907584
pgpgin 597192
pgpgout 139863
pgfault 702798
pgmajfault 3611
inactive_anon 519376896
active_anon 1335218176
inactive_file 8396800
active_file 10227712
unevictable 0
hierarchical_memory_limit 6442450944
hierarchical_memsw_limit 32212254720
total_cache 18628608
total_rss 1854590976
total_rss_huge 0
total_mapped_file 7561216
total_writeback 28672
total_swap 259907584
total_pgpgin 597192
total_pgpgout 139863
total_pgfault 702798
total_pgmajfault 3611
total_inactive_anon 519376896
total_active_anon 1335218176
total_inactive_file 8396800
total_active_file 10227712
total_unevictable 0
--------------------BLKIO-----------------------
11:0 Read 0
11:0 Write 0
11:0 Sync 0
11:0 Async 0
11:0 Total 0
253:0 Read 40239104
253:0 Write 39657472
253:0 Sync 0
253:0 Async 79896576
253:0 Total 79896576
Total 79896576
--------------------CPUAC-----------------------
user 760
system 1090
 
Fri May 19 20:42:40 IST 2017
--------------------MEMCG-----------------------
MEM ONLY  : 1763 MB
MEM+SWAP  : 2034 MB
cache 18493440
rss 1831038976
rss_huge 0
mapped_file 7561216
writeback 217088
swap 283459584
pgpgin 597443
pgpgout 145897
pgfault 703338
pgmajfault 3857
inactive_anon 511373312
active_anon 1319669760
inactive_file 8462336
active_file 10027008
unevictable 0
hierarchical_memory_limit 6442450944
hierarchical_memsw_limit 32212254720
total_cache 18493440
total_rss 1831038976
total_rss_huge 0
total_mapped_file 7561216
total_writeback 217088
total_swap 283459584
total_pgpgin 597443
total_pgpgout 145897
total_pgfault 703338
total_pgmajfault 3857
total_inactive_anon 511373312
total_active_anon 1319669760
total_inactive_file 8462336
total_active_file 10027008
total_unevictable 0
--------------------BLKIO-----------------------
11:0 Read 0
11:0 Write 0
11:0 Sync 0
11:0 Async 0
11:0 Total 0
253:0 Read 41340928
253:0 Write 39665664
253:0 Sync 0
253:0 Async 81006592
253:0 Total 81006592
Total 81006592
--------------------CPUAC-----------------------
user 761
system 1091
 
Fri May 19 20:43:10 IST 2017
--------------------MEMCG-----------------------
MEM ONLY  : 1741 MB
MEM+SWAP  : 2033 MB
cache 18268160
rss 1807310848
rss_huge 0
mapped_file 7557120
writeback 270336
swap 307187712
pgpgin 597705
pgpgout 152007
pgfault 703886
pgmajfault 4100
inactive_anon 503353344
active_anon 1303953408
inactive_file 8437760
active_file 9826304
unevictable 0
hierarchical_memory_limit 6442450944
hierarchical_memsw_limit 32212254720
total_cache 18268160
total_rss 1807310848
total_rss_huge 0
total_mapped_file 7557120
total_writeback 270336
total_swap 307187712
total_pgpgin 597705
total_pgpgout 152007
total_pgfault 703886
total_pgmajfault 4100
total_inactive_anon 503353344
total_active_anon 1303953408
total_inactive_file 8437760
total_active_file 9826304
total_unevictable 0
--------------------BLKIO-----------------------
11:0 Read 0
11:0 Write 0
11:0 Sync 0
11:0 Async 0
11:0 Total 0
253:0 Read 42594304
253:0 Write 39919616
253:0 Sync 0
253:0 Async 82513920
253:0 Total 82513920
Total 82513920
--------------------CPUAC-----------------------
user 762
system 1093
 
Fri May 19 20:43:40 IST 2017
--------------------MEMCG-----------------------
MEM ONLY  : 1705 MB
MEM+SWAP  : 2033 MB
cache 18235392
rss 1770262528
rss_huge 0
mapped_file 7557120
writeback 151552
swap 344236032
pgpgin 597929
pgpgout 161284
pgfault 704372
pgmajfault 4324
inactive_anon 490700800
active_anon 1279565824
inactive_file 8396800
active_file 9834496
unevictable 0
hierarchical_memory_limit 6442450944
hierarchical_memsw_limit 32212254720
total_cache 18235392
total_rss 1770262528
total_rss_huge 0
total_mapped_file 7557120
total_writeback 151552
total_swap 344236032
total_pgpgin 597929
total_pgpgout 161284
total_pgfault 704372
total_pgmajfault 4324
total_inactive_anon 490700800
total_active_anon 1279565824
total_inactive_file 8396800
total_active_file 9834496
total_unevictable 0
--------------------BLKIO-----------------------
11:0 Read 0
11:0 Write 0
11:0 Sync 0
11:0 Async 0
11:0 Total 0
253:0 Read 43552768
253:0 Write 39952384
253:0 Sync 0
253:0 Async 83505152
253:0 Total 83505152
Total 83505152
--------------------CPUAC-----------------------
user 762
system 1094
 
Fri May 19 20:44:10 IST 2017
--------------------MEMCG-----------------------
MEM ONLY  : 1644 MB
MEM+SWAP  : 2033 MB
cache 17608704
rss 1707065344
rss_huge 0
mapped_file 7557120
writeback 32768
swap 407433216
pgpgin 598114
pgpgout 177051
pgfault 704773
pgmajfault 4508
inactive_anon 468922368
active_anon 1238114304
inactive_file 8396800
active_file 9207808
unevictable 0
hierarchical_memory_limit 6442450944
hierarchical_memsw_limit 32212254720
total_cache 17608704
total_rss 1707065344
total_rss_huge 0
total_mapped_file 7557120
total_writeback 32768
total_swap 407433216
total_pgpgin 598114
total_pgpgout 177051
total_pgfault 704773
total_pgmajfault 4508
total_inactive_anon 468922368
total_active_anon 1238114304
total_inactive_file 8396800
total_active_file 9207808
total_unevictable 0
--------------------BLKIO-----------------------
11:0 Read 0
11:0 Write 0
11:0 Sync 0
11:0 Async 0
11:0 Total 0
253:0 Read 44363776
253:0 Write 40026112
253:0 Sync 0
253:0 Async 84389888
253:0 Total 84389888
Total 84389888
--------------------CPUAC-----------------------
user 762
system 1096
 
Fri May 19 20:44:40 IST 2017
--------------------MEMCG-----------------------
MEM ONLY  : 1595 MB
MEM+SWAP  : 2031 MB
cache 16084992
rss 1657126912
rss_huge 0
mapped_file 7557120
writeback 57344
swap 457371648
pgpgin 598319
pgpgout 189820
pgfault 705216
pgmajfault 4711
inactive_anon 452169728
active_anon 1204961280
inactive_file 7987200
active_file 8093696
unevictable 0
hierarchical_memory_limit 6442450944
hierarchical_memsw_limit 32212254720
total_cache 16084992
total_rss 1657126912
total_rss_huge 0
total_mapped_file 7557120
total_writeback 57344
total_swap 457371648
total_pgpgin 598319
total_pgpgout 189820
total_pgfault 705216
total_pgmajfault 4711
total_inactive_anon 452169728
total_active_anon 1204961280
total_inactive_file 7987200
total_active_file 8093696
total_unevictable 0
--------------------BLKIO-----------------------
11:0 Read 0
11:0 Write 0
11:0 Sync 0
11:0 Async 0
11:0 Total 0
253:0 Read 45252608
253:0 Write 40132608
253:0 Sync 0
253:0 Async 85385216
253:0 Total 85385216
Total 85385216
--------------------CPUAC-----------------------
user 763
system 1096
 
Fri May 19 20:45:10 IST 2017
--------------------MEMCG-----------------------
MEM ONLY  : 1544 MB
MEM+SWAP  : 2031 MB
cache 16056320
rss 1603239936
rss_huge 0
mapped_file 7557120
writeback 442368
swap 511258624
pgpgin 598512
pgpgout 203176
pgfault 705626
pgmajfault 4900
inactive_anon 434765824
active_anon 1168478208
inactive_file 7901184
active_file 8151040
unevictable 0
hierarchical_memory_limit 6442450944
hierarchical_memsw_limit 32212254720
total_cache 16056320
total_rss 1603239936
total_rss_huge 0
total_mapped_file 7557120
total_writeback 442368
total_swap 511258624
total_pgpgin 598512
total_pgpgout 203176
total_pgfault 705626
total_pgmajfault 4900
total_inactive_anon 434765824
total_active_anon 1168478208
total_inactive_file 7901184
total_active_file 8151040
total_unevictable 0
--------------------BLKIO-----------------------
11:0 Read 0
11:0 Write 0
11:0 Sync 0
11:0 Async 0
11:0 Total 0
253:0 Read 46133248
253:0 Write 40140800
253:0 Sync 0
253:0 Async 86274048
253:0 Total 86274048
Total 86274048
--------------------CPUAC-----------------------
user 764
system 1097
 
Fri May 19 20:45:40 IST 2017
--------------------MEMCG-----------------------
MEM ONLY  : 1493 MB
MEM+SWAP  : 2031 MB
cache 16003072
rss 1550278656
rss_huge 0
mapped_file 7557120
writeback 0
swap 564224000
pgpgin 598734
pgpgout 216341
pgfault 706100
pgmajfault 5112
inactive_anon 418631680
active_anon 1131646976
inactive_file 7892992
active_file 8110080
unevictable 0
hierarchical_memory_limit 6442450944
hierarchical_memsw_limit 32212254720
total_cache 16003072
total_rss 1550278656
total_rss_huge 0
total_mapped_file 7557120
total_writeback 0
total_swap 564224000
total_pgpgin 598734
total_pgpgout 216341
total_pgfault 706100
total_pgmajfault 5112
total_inactive_anon 418631680
total_active_anon 1131646976
total_inactive_file 7892992
total_active_file 8110080
total_unevictable 0
--------------------BLKIO-----------------------
11:0 Read 0
11:0 Write 0
11:0 Sync 0
11:0 Async 0
11:0 Total 0
253:0 Read 47128576
253:0 Write 40140800
253:0 Sync 0
253:0 Async 87269376
253:0 Total 87269376
Total 87269376
--------------------CPUAC-----------------------
user 764
system 1098
 
Fri May 19 20:46:11 IST 2017
--------------------MEMCG-----------------------
MEM ONLY  : 1453 MB
MEM+SWAP  : 2031 MB
cache 15994880
rss 1507958784
rss_huge 0
mapped_file 7557120
writeback 1204224
swap 606543872
pgpgin 598943
pgpgout 226884
pgfault 706546
pgmajfault 5321
inactive_anon 406134784
active_anon 1101824000
inactive_file 7888896
active_file 8105984
unevictable 0
hierarchical_memory_limit 6442450944
hierarchical_memsw_limit 32212254720
total_cache 15994880
total_rss 1507958784
total_rss_huge 0
total_mapped_file 7557120
total_writeback 1204224
total_swap 606543872
total_pgpgin 598943
total_pgpgout 226884
total_pgfault 706546
total_pgmajfault 5321
total_inactive_anon 406134784
total_active_anon 1101824000
total_inactive_file 7888896
total_active_file 8105984
total_unevictable 0
--------------------BLKIO-----------------------
11:0 Read 0
11:0 Write 0
11:0 Sync 0
11:0 Async 0
11:0 Total 0
253:0 Read 47996928
253:0 Write 40140800
253:0 Sync 0
253:0 Async 88137728
253:0 Total 88137728
Total 88137728
--------------------CPUAC-----------------------
user 765
system 1098
 
Fri May 19 20:46:41 IST 2017
--------------------MEMCG-----------------------
MEM ONLY  : 1415 MB
MEM+SWAP  : 2031 MB
cache 15970304
rss 1467793408
rss_huge 0
mapped_file 7557120
writeback 0
swap 646709248
pgpgin 599140
pgpgout 236893
pgfault 706969
pgmajfault 5516
inactive_anon 394543104
active_anon 1073250304
inactive_file 7856128
active_file 8114176
unevictable 0
hierarchical_memory_limit 6442450944
hierarchical_memsw_limit 32212254720
total_cache 15970304
total_rss 1467793408
total_rss_huge 0
total_mapped_file 7557120
total_writeback 0
total_swap 646709248
total_pgpgin 599140
total_pgpgout 236893
total_pgfault 706969
total_pgmajfault 5516
total_inactive_anon 394543104
total_active_anon 1073250304
total_inactive_file 7856128
total_active_file 8114176
total_unevictable 0
--------------------BLKIO-----------------------
11:0 Read 0
11:0 Write 0
11:0 Sync 0
11:0 Async 0
11:0 Total 0
253:0 Read 48840704
253:0 Write 40308736
253:0 Sync 0
253:0 Async 89149440
253:0 Total 89149440
Total 89149440
--------------------CPUAC-----------------------
user 765
system 1099
 
