Fri May 19 20:37:10 IST 2017
--------------------MEMCG-----------------------
MEM ONLY  : 1868 MB
MEM+SWAP  : 1923 MB
cache 41078784
rss 1917771776
rss_huge 0
mapped_file 16375808
writeback 69632
swap 58363904
pgpgin 584650
pgpgout 106415
pgfault 685830
pgmajfault 652
inactive_anon 634974208
active_anon 1282813952
inactive_file 17281024
active_file 23781376
unevictable 0
hierarchical_memory_limit 6442450944
hierarchical_memsw_limit 32212254720
total_cache 41078784
total_rss 1917771776
total_rss_huge 0
total_mapped_file 16375808
total_writeback 69632
total_swap 58363904
total_pgpgin 584650
total_pgpgout 106415
total_pgfault 685830
total_pgmajfault 652
total_inactive_anon 634974208
total_active_anon 1282813952
total_inactive_file 17281024
total_active_file 23781376
total_unevictable 0
--------------------BLKIO-----------------------
11:0 Read 0
11:0 Write 0
11:0 Sync 0
11:0 Async 0
11:0 Total 0
253:0 Read 69840896
253:0 Write 6311321600
253:0 Sync 6194737152
253:0 Async 186425344
253:0 Total 6381162496
Total 6381162496
--------------------CPUAC-----------------------
user 8056
system 4602
 
Fri May 19 20:37:40 IST 2017
--------------------MEMCG-----------------------
MEM ONLY  : 1860 MB
MEM+SWAP  : 1924 MB
cache 40718336
rss 1910546432
rss_huge 0
mapped_file 16375808
writeback 28672
swap 66240512
pgpgin 584821
pgpgout 108438
pgfault 686208
pgmajfault 664
inactive_anon 625455104
active_anon 1285107712
inactive_file 17162240
active_file 23539712
unevictable 0
hierarchical_memory_limit 6442450944
hierarchical_memsw_limit 32212254720
total_cache 40718336
total_rss 1910546432
total_rss_huge 0
total_mapped_file 16375808
total_writeback 28672
total_swap 66240512
total_pgpgin 584821
total_pgpgout 108438
total_pgfault 686208
total_pgmajfault 664
total_inactive_anon 625455104
total_active_anon 1285107712
total_inactive_file 17162240
total_active_file 23539712
total_unevictable 0
--------------------BLKIO-----------------------
11:0 Read 0
11:0 Write 0
11:0 Sync 0
11:0 Async 0
11:0 Total 0
253:0 Read 69906432
253:0 Write 6327975936
253:0 Sync 6211321856
253:0 Async 186560512
253:0 Total 6397882368
Total 6397882368
--------------------CPUAC-----------------------
user 8078
system 4615
 
Fri May 19 20:38:10 IST 2017
--------------------MEMCG-----------------------
MEM ONLY  : 1855 MB
MEM+SWAP  : 1923 MB
cache 39686144
rss 1905987584
rss_huge 0
mapped_file 16375808
writeback 20480
swap 71319552
pgpgin 584953
pgpgout 109935
pgfault 686526
pgmajfault 669
inactive_anon 614944768
active_anon 1291059200
inactive_file 17027072
active_file 22642688
unevictable 0
hierarchical_memory_limit 6442450944
hierarchical_memsw_limit 32212254720
total_cache 39686144
total_rss 1905987584
total_rss_huge 0
total_mapped_file 16375808
total_writeback 20480
total_swap 71319552
total_pgpgin 584953
total_pgpgout 109935
total_pgfault 686526
total_pgmajfault 669
total_inactive_anon 614944768
total_active_anon 1291059200
total_inactive_file 17027072
total_active_file 22642688
total_unevictable 0
--------------------BLKIO-----------------------
11:0 Read 0
11:0 Write 0
11:0 Sync 0
11:0 Async 0
11:0 Total 0
253:0 Read 69926912
253:0 Write 6344159232
253:0 Sync 6227492864
253:0 Async 186593280
253:0 Total 6414086144
Total 6414086144
--------------------CPUAC-----------------------
user 8099
system 4624
 
Fri May 19 20:38:40 IST 2017
--------------------MEMCG-----------------------
MEM ONLY  : 1850 MB
MEM+SWAP  : 1922 MB
cache 38567936
rss 1902043136
rss_huge 0
mapped_file 16412672
writeback 28672
swap 75755520
pgpgin 585083
pgpgout 111301
pgfault 686858
pgmajfault 679
inactive_anon 605790208
active_anon 1296269312
inactive_file 16834560
active_file 21716992
unevictable 0
hierarchical_memory_limit 6442450944
hierarchical_memsw_limit 32212254720
total_cache 38567936
total_rss 1902043136
total_rss_huge 0
total_mapped_file 16412672
total_writeback 28672
total_swap 75755520
total_pgpgin 585083
total_pgpgout 111301
total_pgfault 686858
total_pgmajfault 679
total_inactive_anon 605790208
total_active_anon 1296269312
total_inactive_file 16834560
total_active_file 21716992
total_unevictable 0
--------------------BLKIO-----------------------
11:0 Read 0
11:0 Write 0
11:0 Sync 0
11:0 Async 0
11:0 Total 0
253:0 Read 69967872
253:0 Write 6357258240
253:0 Sync 6240534528
253:0 Async 186691584
253:0 Total 6427226112
Total 6427226112
--------------------CPUAC-----------------------
user 8129
system 4640
 
Fri May 19 20:39:10 IST 2017
--------------------MEMCG-----------------------
MEM ONLY  : 1846 MB
MEM+SWAP  : 1922 MB
cache 37302272
rss 1899155456
rss_huge 0
mapped_file 16412672
writeback 81920
swap 78958592
pgpgin 585164
pgpgout 112396
pgfault 687127
pgmajfault 683
inactive_anon 596672512
active_anon 1302499328
inactive_file 16908288
active_file 20377600
unevictable 0
hierarchical_memory_limit 6442450944
hierarchical_memsw_limit 32212254720
total_cache 37302272
total_rss 1899155456
total_rss_huge 0
total_mapped_file 16412672
total_writeback 81920
total_swap 78958592
total_pgpgin 585164
total_pgpgout 112396
total_pgfault 687127
total_pgmajfault 683
total_inactive_anon 596672512
total_active_anon 1302499328
total_inactive_file 16908288
total_active_file 20377600
total_unevictable 0
--------------------BLKIO-----------------------
11:0 Read 0
11:0 Write 0
11:0 Sync 0
11:0 Async 0
11:0 Total 0
253:0 Read 69984256
253:0 Write 6372622336
253:0 Sync 6255841280
253:0 Async 186765312
253:0 Total 6442606592
Total 6442606592
--------------------CPUAC-----------------------
user 8148
system 4654
 
Fri May 19 20:39:40 IST 2017
--------------------MEMCG-----------------------
MEM ONLY  : 1842 MB
MEM+SWAP  : 1921 MB
cache 36155392
rss 1896030208
rss_huge 0
mapped_file 16306176
writeback 0
swap 82350080
pgpgin 585245
pgpgout 113520
pgfault 687372
pgmajfault 699
inactive_anon 589987840
active_anon 1306058752
inactive_file 16904192
active_file 19234816
unevictable 0
hierarchical_memory_limit 6442450944
hierarchical_memsw_limit 32212254720
total_cache 36155392
total_rss 1896030208
total_rss_huge 0
total_mapped_file 16306176
total_writeback 0
total_swap 82350080
total_pgpgin 585245
total_pgpgout 113520
total_pgfault 687372
total_pgmajfault 699
total_inactive_anon 589987840
total_active_anon 1306058752
total_inactive_file 16904192
total_active_file 19234816
total_unevictable 0
--------------------BLKIO-----------------------
11:0 Read 0
11:0 Write 0
11:0 Sync 0
11:0 Async 0
11:0 Total 0
253:0 Read 70049792
253:0 Write 6389653504
253:0 Sync 6272872448
253:0 Async 186830848
253:0 Total 6459703296
Total 6459703296
--------------------CPUAC-----------------------
user 8176
system 4667
 
Fri May 19 20:40:10 IST 2017
--------------------MEMCG-----------------------
MEM ONLY  : 1838 MB
MEM+SWAP  : 1920 MB
cache 35291136
rss 1892859904
rss_huge 0
mapped_file 16269312
writeback 12288
swap 86093824
pgpgin 585393
pgpgout 114653
pgfault 687655
pgmajfault 707
inactive_anon 584159232
active_anon 1308717056
inactive_file 16855040
active_file 18419712
unevictable 0
hierarchical_memory_limit 6442450944
hierarchical_memsw_limit 32212254720
total_cache 35291136
total_rss 1892859904
total_rss_huge 0
total_mapped_file 16269312
total_writeback 12288
total_swap 86093824
total_pgpgin 585393
total_pgpgout 114653
total_pgfault 687655
total_pgmajfault 707
total_inactive_anon 584159232
total_active_anon 1308717056
total_inactive_file 16855040
total_active_file 18419712
total_unevictable 0
--------------------BLKIO-----------------------
11:0 Read 0
11:0 Write 0
11:0 Sync 0
11:0 Async 0
11:0 Total 0
253:0 Read 70082560
253:0 Write 6405984256
253:0 Sync 6289104896
253:0 Async 186961920
253:0 Total 6476066816
Total 6476066816
--------------------CPUAC-----------------------
user 8204
system 4683
 
Fri May 19 20:40:40 IST 2017
--------------------MEMCG-----------------------
MEM ONLY  : 1835 MB
MEM+SWAP  : 1920 MB
cache 34476032
rss 1890676736
rss_huge 0
mapped_file 16175104
writeback 12288
swap 88866816
pgpgin 585544
pgpgout 115536
pgfault 687941
pgmajfault 714
inactive_anon 576708608
active_anon 1313984512
inactive_file 16830464
active_file 17629184
unevictable 0
hierarchical_memory_limit 6442450944
hierarchical_memsw_limit 32212254720
total_cache 34476032
total_rss 1890676736
total_rss_huge 0
total_mapped_file 16175104
total_writeback 12288
total_swap 88866816
total_pgpgin 585544
total_pgpgout 115536
total_pgfault 687941
total_pgmajfault 714
total_inactive_anon 576708608
total_active_anon 1313984512
total_inactive_file 16830464
total_active_file 17629184
total_unevictable 0
--------------------BLKIO-----------------------
11:0 Read 0
11:0 Write 0
11:0 Sync 0
11:0 Async 0
11:0 Total 0
253:0 Read 70111232
253:0 Write 6418759680
253:0 Sync 6301880320
253:0 Async 186990592
253:0 Total 6488870912
Total 6488870912
--------------------CPUAC-----------------------
user 8234
system 4703
 
Fri May 19 20:41:10 IST 2017
--------------------MEMCG-----------------------
MEM ONLY  : 1820 MB
MEM+SWAP  : 1907 MB
cache 20492288
rss 1888182272
rss_huge 0
mapped_file 10203136
writeback 0
swap 91869184
pgpgin 585684
pgpgout 119699
pgfault 688220
pgmajfault 726
inactive_anon 570167296
active_anon 1318031360
inactive_file 10301440
active_file 10174464
unevictable 0
hierarchical_memory_limit 6442450944
hierarchical_memsw_limit 32212254720
total_cache 20492288
total_rss 1888182272
total_rss_huge 0
total_mapped_file 10203136
total_writeback 0
total_swap 91869184
total_pgpgin 585684
total_pgpgout 119699
total_pgfault 688220
total_pgmajfault 726
total_inactive_anon 570167296
total_active_anon 1318031360
total_inactive_file 10301440
total_active_file 10174464
total_unevictable 0
--------------------BLKIO-----------------------
11:0 Read 0
11:0 Write 0
11:0 Sync 0
11:0 Async 0
11:0 Total 0
253:0 Read 70172672
253:0 Write 6435966976
253:0 Sync 6319087616
253:0 Async 187052032
253:0 Total 6506139648
Total 6506139648
--------------------CPUAC-----------------------
user 8265
system 4717
 
Fri May 19 20:41:40 IST 2017
--------------------MEMCG-----------------------
MEM ONLY  : 1814 MB
MEM+SWAP  : 1907 MB
cache 19890176
rss 1882443776
rss_huge 0
mapped_file 10219520
writeback 28672
swap 97968128
pgpgin 585922
pgpgout 121485
pgfault 688466
pgmajfault 735
inactive_anon 564068352
active_anon 1318391808
inactive_file 9637888
active_file 10235904
unevictable 0
hierarchical_memory_limit 6442450944
hierarchical_memsw_limit 32212254720
total_cache 19890176
total_rss 1882443776
total_rss_huge 0
total_mapped_file 10219520
total_writeback 28672
total_swap 97968128
total_pgpgin 585922
total_pgpgout 121485
total_pgfault 688466
total_pgmajfault 735
total_inactive_anon 564068352
total_active_anon 1318391808
total_inactive_file 9637888
total_active_file 10235904
total_unevictable 0
--------------------BLKIO-----------------------
11:0 Read 0
11:0 Write 0
11:0 Sync 0
11:0 Async 0
11:0 Total 0
253:0 Read 70463488
253:0 Write 6450327552
253:0 Sync 6333345792
253:0 Async 187445248
253:0 Total 6520791040
Total 6520791040
--------------------CPUAC-----------------------
user 8292
system 4732
 
Fri May 19 20:42:10 IST 2017
--------------------MEMCG-----------------------
MEM ONLY  : 1803 MB
MEM+SWAP  : 1908 MB
cache 20021248
rss 1871216640
rss_huge 0
mapped_file 10199040
writeback 65536
swap 109735936
pgpgin 586182
pgpgout 124454
pgfault 688807
pgmajfault 746
inactive_anon 552431616
active_anon 1318801408
inactive_file 9408512
active_file 10596352
unevictable 0
hierarchical_memory_limit 6442450944
hierarchical_memsw_limit 32212254720
total_cache 20021248
total_rss 1871216640
total_rss_huge 0
total_mapped_file 10199040
total_writeback 65536
total_swap 109735936
total_pgpgin 586182
total_pgpgout 124454
total_pgfault 688807
total_pgmajfault 746
total_inactive_anon 552431616
total_active_anon 1318801408
total_inactive_file 9408512
total_active_file 10596352
total_unevictable 0
--------------------BLKIO-----------------------
11:0 Read 0
11:0 Write 0
11:0 Sync 0
11:0 Async 0
11:0 Total 0
253:0 Read 70696960
253:0 Write 6462939136
253:0 Sync 6345912320
253:0 Async 187723776
253:0 Total 6533636096
Total 6533636096
--------------------CPUAC-----------------------
user 8312
system 4745
 
Fri May 19 20:42:40 IST 2017
--------------------MEMCG-----------------------
MEM ONLY  : 1797 MB
MEM+SWAP  : 1908 MB
cache 20205568
rss 1865093120
rss_huge 0
mapped_file 10199040
writeback 73728
swap 116191232
pgpgin 586409
pgpgout 126131
pgfault 689086
pgmajfault 753
inactive_anon 544722944
active_anon 1320382464
inactive_file 9220096
active_file 10973184
unevictable 0
hierarchical_memory_limit 6442450944
hierarchical_memsw_limit 32212254720
total_cache 20205568
total_rss 1865093120
total_rss_huge 0
total_mapped_file 10199040
total_writeback 73728
total_swap 116191232
total_pgpgin 586409
total_pgpgout 126131
total_pgfault 689086
total_pgmajfault 753
total_inactive_anon 544722944
total_active_anon 1320382464
total_inactive_file 9220096
total_active_file 10973184
total_unevictable 0
--------------------BLKIO-----------------------
11:0 Read 0
11:0 Write 0
11:0 Sync 0
11:0 Async 0
11:0 Total 0
253:0 Read 70955008
253:0 Write 6473195520
253:0 Sync 6356037632
253:0 Async 188112896
253:0 Total 6544150528
Total 6544150528
--------------------CPUAC-----------------------
user 8330
system 4757
 
Fri May 19 20:43:10 IST 2017
--------------------MEMCG-----------------------
MEM ONLY  : 1785 MB
MEM+SWAP  : 1909 MB
cache 20328448
rss 1851437056
rss_huge 0
mapped_file 10199040
writeback 61440
swap 130207744
pgpgin 586655
pgpgout 129681
pgfault 689394
pgmajfault 767
inactive_anon 541298688
active_anon 1310150656
inactive_file 9240576
active_file 11075584
unevictable 0
hierarchical_memory_limit 6442450944
hierarchical_memsw_limit 32212254720
total_cache 20328448
total_rss 1851437056
total_rss_huge 0
total_mapped_file 10199040
total_writeback 61440
total_swap 130207744
total_pgpgin 586655
total_pgpgout 129681
total_pgfault 689394
total_pgmajfault 767
total_inactive_anon 541298688
total_active_anon 1310150656
total_inactive_file 9240576
total_active_file 11075584
total_unevictable 0
--------------------BLKIO-----------------------
11:0 Read 0
11:0 Write 0
11:0 Sync 0
11:0 Async 0
11:0 Total 0
253:0 Read 71290880
253:0 Write 6489636864
253:0 Sync 6372257792
253:0 Async 188669952
253:0 Total 6560927744
Total 6560927744
--------------------CPUAC-----------------------
user 8351
system 4770
 
Fri May 19 20:43:40 IST 2017
--------------------MEMCG-----------------------
MEM ONLY  : 1765 MB
MEM+SWAP  : 1909 MB
cache 20332544
rss 1830952960
rss_huge 0
mapped_file 10199040
writeback 147456
swap 150937600
pgpgin 586865
pgpgout 134891
pgfault 689672
pgmajfault 782
inactive_anon 536285184
active_anon 1294680064
inactive_file 9449472
active_file 10870784
unevictable 0
hierarchical_memory_limit 6442450944
hierarchical_memsw_limit 32212254720
total_cache 20332544
total_rss 1830952960
total_rss_huge 0
total_mapped_file 10199040
total_writeback 147456
total_swap 150937600
total_pgpgin 586865
total_pgpgout 134891
total_pgfault 689672
total_pgmajfault 782
total_inactive_anon 536285184
total_active_anon 1294680064
total_inactive_file 9449472
total_active_file 10870784
total_unevictable 0
--------------------BLKIO-----------------------
11:0 Read 0
11:0 Write 0
11:0 Sync 0
11:0 Async 0
11:0 Total 0
253:0 Read 71585792
253:0 Write 6499266560
253:0 Sync 6381731840
253:0 Async 189120512
253:0 Total 6570852352
Total 6570852352
--------------------CPUAC-----------------------
user 8373
system 4782
 
Fri May 19 20:44:10 IST 2017
--------------------MEMCG-----------------------
MEM ONLY  : 1738 MB
MEM+SWAP  : 1908 MB
cache 19460096
rss 1803784192
rss_huge 0
mapped_file 10199040
writeback 0
swap 178372608
pgpgin 587058
pgpgout 141930
pgfault 689994
pgmajfault 815
inactive_anon 529330176
active_anon 1274462208
inactive_file 9228288
active_file 10223616
unevictable 0
hierarchical_memory_limit 6442450944
hierarchical_memsw_limit 32212254720
total_cache 19460096
total_rss 1803784192
total_rss_huge 0
total_mapped_file 10199040
total_writeback 0
total_swap 178372608
total_pgpgin 587058
total_pgpgout 141930
total_pgfault 689994
total_pgmajfault 815
total_inactive_anon 529330176
total_active_anon 1274462208
total_inactive_file 9228288
total_active_file 10223616
total_unevictable 0
--------------------BLKIO-----------------------
11:0 Read 0
11:0 Write 0
11:0 Sync 0
11:0 Async 0
11:0 Total 0
253:0 Read 71884800
253:0 Write 6507696128
253:0 Sync 6389919744
253:0 Async 189661184
253:0 Total 6579580928
Total 6579580928
--------------------CPUAC-----------------------
user 8388
system 4790
 
Fri May 19 20:44:40 IST 2017
--------------------MEMCG-----------------------
MEM ONLY  : 1714 MB
MEM+SWAP  : 1908 MB
cache 18337792
rss 1779204096
rss_huge 0
mapped_file 10199040
writeback 0
swap 203247616
pgpgin 587403
pgpgout 148550
pgfault 690634
pgmajfault 999
inactive_anon 523157504
active_anon 1256054784
inactive_file 8966144
active_file 9363456
unevictable 0
hierarchical_memory_limit 6442450944
hierarchical_memsw_limit 32212254720
total_cache 18337792
total_rss 1779204096
total_rss_huge 0
total_mapped_file 10199040
total_writeback 0
total_swap 203247616
total_pgpgin 587403
total_pgpgout 148550
total_pgfault 690634
total_pgmajfault 999
total_inactive_anon 523157504
total_active_anon 1256054784
total_inactive_file 8966144
total_active_file 9363456
total_unevictable 0
--------------------BLKIO-----------------------
11:0 Read 0
11:0 Write 0
11:0 Sync 0
11:0 Async 0
11:0 Total 0
253:0 Read 72835072
253:0 Write 6515875840
253:0 Sync 6398062592
253:0 Async 190648320
253:0 Total 6588710912
Total 6588710912
--------------------CPUAC-----------------------
user 8406
system 4796
 
Fri May 19 20:45:10 IST 2017
--------------------MEMCG-----------------------
MEM ONLY  : 1690 MB
MEM+SWAP  : 1907 MB
cache 17207296
rss 1755451392
rss_huge 0
mapped_file 10199040
writeback 0
swap 227311616
pgpgin 587653
pgpgout 154875
pgfault 691108
pgmajfault 1091
inactive_anon 517279744
active_anon 1238179840
inactive_file 8527872
active_file 8671232
unevictable 0
hierarchical_memory_limit 6442450944
hierarchical_memsw_limit 32212254720
total_cache 17207296
total_rss 1755451392
total_rss_huge 0
total_mapped_file 10199040
total_writeback 0
total_swap 227311616
total_pgpgin 587653
total_pgpgout 154875
total_pgfault 691108
total_pgmajfault 1091
total_inactive_anon 517279744
total_active_anon 1238179840
total_inactive_file 8527872
total_active_file 8671232
total_unevictable 0
--------------------BLKIO-----------------------
11:0 Read 0
11:0 Write 0
11:0 Sync 0
11:0 Async 0
11:0 Total 0
253:0 Read 73441280
253:0 Write 6524084224
253:0 Sync 6406221824
253:0 Async 191303680
253:0 Total 6597525504
Total 6597525504
--------------------CPUAC-----------------------
user 8420
system 4805
 
Fri May 19 20:45:40 IST 2017
--------------------MEMCG-----------------------
MEM ONLY  : 1660 MB
MEM+SWAP  : 1896 MB
cache 6012928
rss 1735233536
rss_huge 0
mapped_file 2842624
writeback 12288
swap 247848960
pgpgin 588131
pgpgout 163022
pgfault 692009
pgmajfault 1400
inactive_anon 512364544
active_anon 1222873088
inactive_file 2887680
active_file 3121152
unevictable 0
hierarchical_memory_limit 6442450944
hierarchical_memsw_limit 32212254720
total_cache 6012928
total_rss 1735233536
total_rss_huge 0
total_mapped_file 2842624
total_writeback 12288
total_swap 247848960
total_pgpgin 588131
total_pgpgout 163022
total_pgfault 692009
total_pgmajfault 1400
total_inactive_anon 512364544
total_active_anon 1222873088
total_inactive_file 2887680
total_active_file 3121152
total_unevictable 0
--------------------BLKIO-----------------------
11:0 Read 0
11:0 Write 0
11:0 Sync 0
11:0 Async 0
11:0 Total 0
253:0 Read 75055104
253:0 Write 6538219520
253:0 Sync 6419787776
253:0 Async 193486848
253:0 Total 6613274624
Total 6613274624
--------------------CPUAC-----------------------
user 8439
system 4814
 
Fri May 19 20:46:11 IST 2017
--------------------MEMCG-----------------------
MEM ONLY  : 1639 MB
MEM+SWAP  : 1897 MB
cache 6287360
rss 1712775168
rss_huge 0
mapped_file 2805760
writeback 720896
swap 270573568
pgpgin 588539
pgpgout 168846
pgfault 692780
pgmajfault 1654
inactive_anon 506830848
active_anon 1205944320
inactive_file 3010560
active_file 3276800
unevictable 0
hierarchical_memory_limit 6442450944
hierarchical_memsw_limit 32212254720
total_cache 6287360
total_rss 1712775168
total_rss_huge 0
total_mapped_file 2805760
total_writeback 720896
total_swap 270573568
total_pgpgin 588539
total_pgpgout 168846
total_pgfault 692780
total_pgmajfault 1654
total_inactive_anon 506830848
total_active_anon 1205944320
total_inactive_file 3010560
total_active_file 3276800
total_unevictable 0
--------------------BLKIO-----------------------
11:0 Read 0
11:0 Write 0
11:0 Sync 0
11:0 Async 0
11:0 Total 0
253:0 Read 76296192
253:0 Write 6546538496
253:0 Sync 6428012544
253:0 Async 194822144
253:0 Total 6622834688
Total 6622834688
--------------------CPUAC-----------------------
user 8454
system 4820
 
Fri May 19 20:46:41 IST 2017
--------------------MEMCG-----------------------
MEM ONLY  : 1617 MB
MEM+SWAP  : 1897 MB
cache 6574080
rss 1689804800
rss_huge 0
mapped_file 2859008
writeback 0
swap 293724160
pgpgin 588861
pgpgout 174706
pgfault 693412
pgmajfault 1844
inactive_anon 501149696
active_anon 1188655104
inactive_file 3149824
active_file 3424256
unevictable 0
hierarchical_memory_limit 6442450944
hierarchical_memsw_limit 32212254720
total_cache 6574080
total_rss 1689804800
total_rss_huge 0
total_mapped_file 2859008
total_writeback 0
total_swap 293724160
total_pgpgin 588861
total_pgpgout 174706
total_pgfault 693412
total_pgmajfault 1844
total_inactive_anon 501149696
total_active_anon 1188655104
total_inactive_file 3149824
total_active_file 3424256
total_unevictable 0
--------------------BLKIO-----------------------
11:0 Read 0
11:0 Write 0
11:0 Sync 0
11:0 Async 0
11:0 Total 0
253:0 Read 77283328
253:0 Write 6553460736
253:0 Sync 6434861056
253:0 Async 195883008
253:0 Total 6630744064
Total 6630744064
--------------------CPUAC-----------------------
user 8472
system 4828
 
