java -cp /home/ubuntu/ycsb/mongodb-binding/conf:/home/ubuntu/ycsb/conf:/home/ubuntu/ycsb/lib/jackson-mapper-asl-1.9.4.jar:/home/ubuntu/ycsb/lib/jackson-core-asl-1.9.4.jar:/home/ubuntu/ycsb/lib/htrace-core4-4.1.0-incubating.jar:/home/ubuntu/ycsb/lib/core-0.12.0.jar:/home/ubuntu/ycsb/lib/HdrHistogram-2.1.4.jar:/home/ubuntu/ycsb/mongodb-binding/lib/mongo-java-driver-3.0.3.jar:/home/ubuntu/ycsb/mongodb-binding/lib/logback-core-1.1.2.jar:/home/ubuntu/ycsb/mongodb-binding/lib/mongodb-binding-0.12.0.jar:/home/ubuntu/ycsb/mongodb-binding/lib/logback-classic-1.1.2.jar:/home/ubuntu/ycsb/mongodb-binding/lib/mongodb-async-driver-2.0.1.jar:/home/ubuntu/ycsb/mongodb-binding/lib/slf4j-api-1.6.4.jar com.yahoo.ycsb.Client -db com.yahoo.ycsb.db.MongoDbClient -s -P /home/ubuntu/ycsb/workloads/workload1 -p mongodb.url=mongodb://10.0.3.220:27017/ycsb?w=0 -p maxexecutiontime=1500 -t
YCSB Client 0.12.0
Command line: -db com.yahoo.ycsb.db.MongoDbClient -s -P /home/ubuntu/ycsb/workloads/workload1 -p mongodb.url=mongodb://10.0.3.220:27017/ycsb?w=0 -p maxexecutiontime=1500 -t
Loading workload...
Starting test.
Maximum execution time specified as: 1500 secs
2017-05-16 03:07:21:311 0 sec: 0 operations; est completion in 0 seconds 
mongo client connection created with mongodb://10.0.3.220:27017/ycsb?w=0
DBWrapper: report latency for each error is false and specific error codes to track for latency are: []
2017-05-16 03:07:31:212 10 sec: 474 operations; 47.4 current ops/sec; est completion in 2 days 10 hours [READ: Count=474, Max=350463, Min=1006, Avg=19107.09, 90=27647, 99=47679, 99.9=350463, 99.99=350463] 
2017-05-16 03:07:41:212 20 sec: 1190 operations; 71.59 current ops/sec; est completion in 1 days 22 hours [READ: Count=716, Max=86015, Min=286, Avg=13935.28, 90=24143, 99=33343, 99.9=55839, 99.99=86015] 
2017-05-16 03:07:51:212 30 sec: 2024 operations; 83.4 current ops/sec; est completion in 1 days 17 hours [READ: Count=834, Max=86719, Min=221, Avg=11950.36, 90=19791, 99=31647, 99.9=60575, 99.99=86719] 
2017-05-16 03:08:01:212 40 sec: 2958 operations; 93.41 current ops/sec; est completion in 1 days 13 hours [READ: Count=934, Max=131455, Min=195, Avg=10710.19, 90=16039, 99=28319, 99.9=94143, 99.99=131455] 
2017-05-16 03:08:11:212 50 sec: 3948 operations; 99 current ops/sec; est completion in 1 days 11 hours [READ: Count=990, Max=157567, Min=203, Avg=10067.71, 90=15287, 99=20943, 99.9=47487, 99.99=157567] 
2017-05-16 03:08:21:212 60 sec: 4965 operations; 101.69 current ops/sec; est completion in 1 days 9 hours [READ: Count=1017, Max=39743, Min=178, Avg=9816.62, 90=15431, 99=20063, 99.9=30799, 99.99=39743] 
2017-05-16 03:08:31:212 70 sec: 6003 operations; 103.81 current ops/sec; est completion in 1 days 8 hours [READ: Count=1039, Max=67967, Min=170, Avg=9591.75, 90=14975, 99=18079, 99.9=64223, 99.99=67967] 
2017-05-16 03:08:41:212 80 sec: 7035 operations; 103.2 current ops/sec; est completion in 1 days 7 hours [READ: Count=1031, Max=67071, Min=169, Avg=9679.93, 90=15487, 99=17887, 99.9=58879, 99.99=67071] 
2017-05-16 03:08:51:212 90 sec: 8088 operations; 105.3 current ops/sec; est completion in 1 days 6 hours [READ: Count=1053, Max=82367, Min=153, Avg=9490.92, 90=15311, 99=20271, 99.9=34559, 99.99=82367] 
2017-05-16 03:09:01:212 100 sec: 9170 operations; 108.2 current ops/sec; est completion in 1 days 6 hours [READ: Count=1082, Max=70463, Min=152, Avg=9232.09, 90=15071, 99=16959, 99.9=54143, 99.99=70463] 
2017-05-16 03:09:11:212 110 sec: 10275 operations; 110.5 current ops/sec; est completion in 1 days 5 hours [READ: Count=1105, Max=51743, Min=145, Avg=9051.59, 90=15287, 99=18495, 99.9=40575, 99.99=51743] 
2017-05-16 03:09:21:212 120 sec: 11401 operations; 112.6 current ops/sec; est completion in 1 days 5 hours [READ: Count=1126, Max=48959, Min=139, Avg=8875.94, 90=15207, 99=16895, 99.9=40575, 99.99=48959] 
2017-05-16 03:09:31:212 130 sec: 12505 operations; 110.4 current ops/sec; est completion in 1 days 4 hours [READ: Count=1104, Max=110783, Min=146, Avg=9058.1, 90=14855, 99=18767, 99.9=42495, 99.99=110783] 
2017-05-16 03:09:41:212 140 sec: 13618 operations; 111.3 current ops/sec; est completion in 1 days 4 hours [READ: Count=1113, Max=58015, Min=140, Avg=8979.54, 90=15247, 99=17007, 99.9=39199, 99.99=58015] 
2017-05-16 03:09:51:214 150 sec: 14760 operations; 114.2 current ops/sec; est completion in 1 days 4 hours [READ: Count=1142, Max=62239, Min=144, Avg=8748.98, 90=15255, 99=17183, 99.9=57919, 99.99=62239] 
2017-05-16 03:10:01:212 160 sec: 15935 operations; 117.5 current ops/sec; est completion in 1 days 3 hours [READ: Count=1175, Max=77247, Min=140, Avg=8502.39, 90=14951, 99=16895, 99.9=70975, 99.99=77247] 
2017-05-16 03:10:11:212 170 sec: 17100 operations; 116.49 current ops/sec; est completion in 1 days 3 hours [READ: Count=1165, Max=36511, Min=141, Avg=8573.19, 90=14935, 99=18015, 99.9=35391, 99.99=36511] 
2017-05-16 03:10:21:212 180 sec: 18317 operations; 121.7 current ops/sec; est completion in 1 days 3 hours [READ: Count=1217, Max=39423, Min=143, Avg=8220.22, 90=14911, 99=16943, 99.9=30319, 99.99=39423] 
2017-05-16 03:10:31:212 190 sec: 19514 operations; 119.71 current ops/sec; est completion in 1 days 2 hours [READ: Count=1197, Max=74367, Min=144, Avg=8343.16, 90=15167, 99=21503, 99.9=54143, 99.99=74367] 
2017-05-16 03:10:41:212 200 sec: 20793 operations; 127.9 current ops/sec; est completion in 1 days 2 hours [READ: Count=1279, Max=59647, Min=158, Avg=7816.24, 90=15111, 99=16991, 99.9=36127, 99.99=59647] 
2017-05-16 03:10:51:212 210 sec: 22070 operations; 127.7 current ops/sec; est completion in 1 days 2 hours [READ: Count=1277, Max=55423, Min=143, Avg=7824.47, 90=14783, 99=16879, 99.9=53343, 99.99=55423] 
2017-05-16 03:11:01:212 220 sec: 23383 operations; 131.29 current ops/sec; est completion in 1 days 2 hours [READ: Count=1313, Max=48959, Min=138, Avg=7611.41, 90=14727, 99=17087, 99.9=41599, 99.99=48959] 
2017-05-16 03:11:11:212 230 sec: 24675 operations; 129.21 current ops/sec; est completion in 1 days 1 hours [READ: Count=1292, Max=118847, Min=142, Avg=7739.33, 90=14895, 99=16863, 99.9=63135, 99.99=118847] 
2017-05-16 03:11:21:212 240 sec: 25999 operations; 132.39 current ops/sec; est completion in 1 days 1 hours [READ: Count=1324, Max=82431, Min=140, Avg=7542.2, 90=14711, 99=16831, 99.9=43327, 99.99=82431] 
2017-05-16 03:11:31:212 250 sec: 27377 operations; 137.8 current ops/sec; est completion in 1 days 1 hours [READ: Count=1378, Max=35551, Min=140, Avg=7259.67, 90=14487, 99=16815, 99.9=32447, 99.99=35551] 
2017-05-16 03:11:41:212 260 sec: 28781 operations; 140.4 current ops/sec; est completion in 1 days 1 hours [READ: Count=1404, Max=64511, Min=139, Avg=7111.46, 90=14607, 99=18671, 99.9=43391, 99.99=64511] 
2017-05-16 03:11:51:212 270 sec: 30149 operations; 136.81 current ops/sec; est completion in 1 days [READ: Count=1368, Max=102399, Min=141, Avg=7309.38, 90=14727, 99=17183, 99.9=83071, 99.99=102399] 
2017-05-16 03:12:01:212 280 sec: 31597 operations; 144.8 current ops/sec; est completion in 1 days [READ: Count=1448, Max=46943, Min=137, Avg=6900.56, 90=14831, 99=17919, 99.9=39519, 99.99=46943] 
2017-05-16 03:12:11:212 290 sec: 33030 operations; 143.3 current ops/sec; est completion in 1 days [READ: Count=1433, Max=50943, Min=137, Avg=6978.51, 90=14727, 99=17583, 99.9=46271, 99.99=50943] 
2017-05-16 03:12:21:212 300 sec: 34552 operations; 152.2 current ops/sec; est completion in 1 days [READ: Count=1522, Max=36543, Min=137, Avg=6560.82, 90=14695, 99=19471, 99.9=30607, 99.99=36543] 
2017-05-16 03:12:31:212 310 sec: 35997 operations; 144.5 current ops/sec; est completion in 23 hours 50 minutes [READ: Count=1445, Max=86911, Min=138, Avg=6920.93, 90=14599, 99=18303, 99.9=79295, 99.99=86911] 
2017-05-16 03:12:41:212 320 sec: 37564 operations; 156.7 current ops/sec; est completion in 23 hours 34 minutes [READ: Count=1567, Max=52063, Min=159, Avg=6376.45, 90=14455, 99=19007, 99.9=33567, 99.99=52063] 
2017-05-16 03:12:51:212 330 sec: 39167 operations; 160.28 current ops/sec; est completion in 23 hours 18 minutes [READ: Count=1603, Max=35039, Min=159, Avg=6234.41, 90=14471, 99=17119, 99.9=31631, 99.99=35039] 
2017-05-16 03:13:01:212 340 sec: 40711 operations; 154.42 current ops/sec; est completion in 23 hours 6 minutes [READ: Count=1544, Max=113471, Min=160, Avg=6473.16, 90=14439, 99=20111, 99.9=38751, 99.99=113471] 
2017-05-16 03:13:11:213 350 sec: 42383 operations; 167.2 current ops/sec; est completion in 22 hours 50 minutes [READ: Count=1672, Max=78399, Min=159, Avg=5976.23, 90=14191, 99=16863, 99.9=31999, 99.99=78399] 
2017-05-16 03:13:21:212 360 sec: 44052 operations; 166.9 current ops/sec; est completion in 22 hours 36 minutes [READ: Count=1669, Max=58015, Min=158, Avg=5984.26, 90=14223, 99=17215, 99.9=39039, 99.99=58015] 
2017-05-16 03:13:31:212 370 sec: 45795 operations; 174.3 current ops/sec; est completion in 22 hours 20 minutes [READ: Count=1743, Max=46815, Min=159, Avg=5726.96, 90=14335, 99=21103, 99.9=39327, 99.99=46815] 
2017-05-16 03:13:41:212 380 sec: 47557 operations; 176.2 current ops/sec; est completion in 22 hours 5 minutes [READ: Count=1762, Max=73151, Min=158, Avg=5674.84, 90=14087, 99=19519, 99.9=31663, 99.99=73151] 
2017-05-16 03:13:51:212 390 sec: 49402 operations; 184.48 current ops/sec; est completion in 21 hours 49 minutes [READ: Count=1845, Max=96383, Min=154, Avg=5418.84, 90=13815, 99=20159, 99.9=45247, 99.99=96383] 
2017-05-16 03:14:01:212 400 sec: 51284 operations; 188.22 current ops/sec; est completion in 21 hours 33 minutes [READ: Count=1882, Max=62879, Min=158, Avg=5309.02, 90=13903, 99=18703, 99.9=39999, 99.99=62879] 
2017-05-16 03:14:11:212 410 sec: 53283 operations; 199.9 current ops/sec; est completion in 21 hours 15 minutes [READ: Count=1999, Max=33119, Min=155, Avg=4996.23, 90=13855, 99=18927, 99.9=26895, 99.99=33119] 
2017-05-16 03:14:21:212 420 sec: 55329 operations; 204.6 current ops/sec; est completion in 20 hours 58 minutes [READ: Count=2046, Max=83903, Min=157, Avg=4885.04, 90=13655, 99=19231, 99.9=47039, 99.99=83903] 
2017-05-16 03:14:31:212 430 sec: 57411 operations; 208.2 current ops/sec; est completion in 20 hours 41 minutes [READ: Count=2082, Max=31727, Min=157, Avg=4795.63, 90=13639, 99=20479, 99.9=30479, 99.99=31727] 
2017-05-16 03:14:41:212 440 sec: 59588 operations; 217.7 current ops/sec; est completion in 20 hours 23 minutes [READ: Count=2177, Max=68991, Min=137, Avg=4590.5, 90=13271, 99=17743, 99.9=47551, 99.99=68991] 
2017-05-16 03:14:51:212 450 sec: 61794 operations; 220.6 current ops/sec; est completion in 20 hours 6 minutes [READ: Count=2206, Max=44063, Min=158, Avg=4530.02, 90=13535, 99=20815, 99.9=38239, 99.99=44063] 
2017-05-16 03:15:01:212 460 sec: 64118 operations; 232.38 current ops/sec; est completion in 19 hours 48 minutes [READ: Count=2324, Max=105471, Min=155, Avg=4298.67, 90=13103, 99=20447, 99.9=47775, 99.99=105471] 
2017-05-16 03:15:11:212 470 sec: 66475 operations; 235.72 current ops/sec; est completion in 19 hours 30 minutes [READ: Count=2357, Max=113151, Min=156, Avg=4241.61, 90=12807, 99=19119, 99.9=40287, 99.99=113151] 
2017-05-16 03:15:21:212 480 sec: 68982 operations; 250.67 current ops/sec; est completion in 19 hours 11 minutes [READ: Count=2507, Max=47935, Min=134, Avg=3980.24, 90=13079, 99=21199, 99.9=28767, 99.99=47935] 
2017-05-16 03:15:31:212 490 sec: 71583 operations; 260.1 current ops/sec; est completion in 18 hours 52 minutes [READ: Count=2601, Max=51935, Min=135, Avg=3842.28, 90=12743, 99=18927, 99.9=37247, 99.99=51935] 
2017-05-16 03:15:41:212 500 sec: 74320 operations; 273.73 current ops/sec; est completion in 18 hours 32 minutes [READ: Count=2737, Max=117951, Min=134, Avg=3655.09, 90=12759, 99=19231, 99.9=28511, 99.99=117951] 
2017-05-16 03:15:51:212 510 sec: 77152 operations; 283.2 current ops/sec; est completion in 18 hours 13 minutes [READ: Count=2832, Max=70271, Min=133, Avg=3525.96, 90=12407, 99=19919, 99.9=29807, 99.99=70271] 
2017-05-16 03:16:01:212 520 sec: 80277 operations; 312.5 current ops/sec; est completion in 17 hours 50 minutes [READ: Count=3125, Max=63999, Min=134, Avg=3200.27, 90=11735, 99=20431, 99.9=35871, 99.99=63999] 
2017-05-16 03:16:11:212 530 sec: 83388 operations; 311.1 current ops/sec; est completion in 17 hours 30 minutes [READ: Count=3111, Max=121215, Min=134, Avg=3208.63, 90=11695, 99=19247, 99.9=31327, 99.99=121215] 
2017-05-16 03:16:21:212 540 sec: 86975 operations; 358.7 current ops/sec; est completion in 17 hours 5 minutes [READ: Count=3587, Max=47007, Min=133, Avg=2788.17, 90=11239, 99=17535, 99.9=29423, 99.99=47007] 
2017-05-16 03:16:31:212 550 sec: 90589 operations; 361.4 current ops/sec; est completion in 16 hours 42 minutes [READ: Count=3614, Max=108223, Min=133, Avg=2762.14, 90=11415, 99=19903, 99.9=30799, 99.99=108223] 
2017-05-16 03:16:41:212 560 sec: 94329 operations; 374 current ops/sec; est completion in 16 hours 20 minutes [READ: Count=3740, Max=54623, Min=133, Avg=2671.45, 90=10975, 99=20175, 99.9=32623, 99.99=54623] 
2017-05-16 03:16:51:212 570 sec: 97823 operations; 349.4 current ops/sec; est completion in 16 hours 1 minutes [READ: Count=3494, Max=39327, Min=132, Avg=2859.43, 90=11543, 99=22303, 99.9=33503, 99.99=39327] 
2017-05-16 03:17:01:212 580 sec: 101334 operations; 351.1 current ops/sec; est completion in 15 hours 44 minutes [READ: Count=3511, Max=64479, Min=132, Avg=2844.75, 90=11335, 99=20175, 99.9=30943, 99.99=64479] 
2017-05-16 03:17:11:212 590 sec: 104787 operations; 345.3 current ops/sec; est completion in 15 hours 28 minutes [READ: Count=3454, Max=66943, Min=133, Avg=2895.89, 90=11671, 99=21775, 99.9=56351, 99.99=66943] 
2017-05-16 03:17:21:212 600 sec: 108339 operations; 355.2 current ops/sec; est completion in 15 hours 13 minutes [READ: Count=3551, Max=67647, Min=134, Avg=2812.26, 90=11431, 99=19759, 99.9=26079, 99.99=67647] 
2017-05-16 03:17:31:212 610 sec: 111874 operations; 353.46 current ops/sec; est completion in 14 hours 58 minutes [READ: Count=3535, Max=99327, Min=132, Avg=2824.51, 90=11439, 99=19823, 99.9=35263, 99.99=99327] 
2017-05-16 03:17:41:212 620 sec: 115269 operations; 339.53 current ops/sec; est completion in 14 hours 46 minutes [READ: Count=3395, Max=159743, Min=133, Avg=2945.09, 90=11679, 99=21983, 99.9=60255, 99.99=159743] 
2017-05-16 03:17:51:212 630 sec: 118967 operations; 369.8 current ops/sec; est completion in 14 hours 32 minutes [READ: Count=3698, Max=48671, Min=134, Avg=2700.47, 90=11263, 99=19391, 99.9=30847, 99.99=48671] 
2017-05-16 03:18:01:212 640 sec: 122638 operations; 367.1 current ops/sec; est completion in 14 hours 19 minutes [READ: Count=3671, Max=65919, Min=133, Avg=2722.97, 90=10935, 99=22735, 99.9=32495, 99.99=65919] 
2017-05-16 03:18:11:212 650 sec: 126212 operations; 357.4 current ops/sec; est completion in 14 hours 7 minutes [READ: Count=3574, Max=89023, Min=131, Avg=2795.47, 90=11671, 99=19615, 99.9=27759, 99.99=89023] 
2017-05-16 03:18:21:212 660 sec: 130010 operations; 379.8 current ops/sec; est completion in 13 hours 55 minutes [READ: Count=3798, Max=53919, Min=132, Avg=2630.09, 90=10863, 99=20463, 99.9=31839, 99.99=53919] 
2017-05-16 03:18:31:212 670 sec: 133736 operations; 372.6 current ops/sec; est completion in 13 hours 43 minutes [READ: Count=3726, Max=46239, Min=133, Avg=2680.9, 90=11231, 99=20239, 99.9=29535, 99.99=46239] 
2017-05-16 03:18:41:212 680 sec: 137446 operations; 370.96 current ops/sec; est completion in 13 hours 33 minutes [READ: Count=3710, Max=70527, Min=133, Avg=2693.8, 90=11167, 99=21503, 99.9=39295, 99.99=70527] 
2017-05-16 03:18:51:212 690 sec: 140973 operations; 352.74 current ops/sec; est completion in 13 hours 24 minutes [READ: Count=3527, Max=56031, Min=133, Avg=2832.86, 90=11423, 99=20895, 99.9=31887, 99.99=56031] 
2017-05-16 03:19:01:212 700 sec: 144417 operations; 344.4 current ops/sec; est completion in 13 hours 16 minutes [READ: Count=3445, Max=73663, Min=133, Avg=2900.98, 90=11783, 99=22127, 99.9=38431, 99.99=73663] 
2017-05-16 03:19:11:212 710 sec: 147770 operations; 335.3 current ops/sec; est completion in 13 hours 8 minutes [READ: Count=3352, Max=57215, Min=126, Avg=2979.09, 90=11703, 99=20959, 99.9=35807, 99.99=57215] 
2017-05-16 03:19:21:212 720 sec: 151319 operations; 354.9 current ops/sec; est completion in 13 hours 1 minutes [READ: Count=3549, Max=42175, Min=132, Avg=2813.07, 90=11487, 99=20751, 99.9=30063, 99.99=42175] 
2017-05-16 03:19:31:212 730 sec: 155193 operations; 387.4 current ops/sec; est completion in 12 hours 51 minutes [READ: Count=3874, Max=86975, Min=133, Avg=2581.73, 90=10927, 99=18463, 99.9=31359, 99.99=86975] 
2017-05-16 03:19:41:212 740 sec: 158656 operations; 346.27 current ops/sec; est completion in 12 hours 45 minutes [READ: Count=3463, Max=59423, Min=133, Avg=2883.98, 90=11535, 99=19679, 99.9=30175, 99.99=59423] 
2017-05-16 03:19:51:212 750 sec: 162413 operations; 375.74 current ops/sec; est completion in 12 hours 37 minutes [READ: Count=3757, Max=46175, Min=133, Avg=2659.92, 90=10975, 99=18815, 99.9=34975, 99.99=46175] 
2017-05-16 03:20:01:212 760 sec: 166089 operations; 367.56 current ops/sec; est completion in 12 hours 29 minutes [READ: Count=3676, Max=56831, Min=133, Avg=2716.66, 90=11487, 99=19583, 99.9=32143, 99.99=56831] 
2017-05-16 03:20:11:212 770 sec: 169741 operations; 365.24 current ops/sec; est completion in 12 hours 23 minutes [READ: Count=3652, Max=90047, Min=132, Avg=2736.66, 90=10975, 99=20111, 99.9=63839, 99.99=90047] 
2017-05-16 03:20:21:212 780 sec: 173451 operations; 370.96 current ops/sec; est completion in 12 hours 16 minutes [READ: Count=3710, Max=43359, Min=131, Avg=2691.8, 90=11063, 99=19727, 99.9=29647, 99.99=43359] 
2017-05-16 03:20:31:212 790 sec: 177276 operations; 382.5 current ops/sec; est completion in 12 hours 9 minutes [READ: Count=3825, Max=34207, Min=132, Avg=2614.45, 90=10815, 99=19455, 99.9=29807, 99.99=34207] 
2017-05-16 03:20:41:212 800 sec: 180996 operations; 372 current ops/sec; est completion in 12 hours 3 minutes [READ: Count=3720, Max=68927, Min=126, Avg=2684.43, 90=11023, 99=18815, 99.9=33503, 99.99=68927] 
2017-05-16 03:20:51:212 810 sec: 184530 operations; 353.4 current ops/sec; est completion in 11 hours 58 minutes [READ: Count=3534, Max=53727, Min=133, Avg=2827.2, 90=11583, 99=19887, 99.9=33503, 99.99=53727] 
2017-05-16 03:21:01:212 820 sec: 188070 operations; 354 current ops/sec; est completion in 11 hours 53 minutes [READ: Count=3540, Max=65919, Min=133, Avg=2822.72, 90=11487, 99=19999, 99.9=29439, 99.99=65919] 
2017-05-16 03:21:11:212 830 sec: 191687 operations; 361.7 current ops/sec; est completion in 11 hours 47 minutes [READ: Count=3617, Max=67903, Min=132, Avg=2763.04, 90=11311, 99=20319, 99.9=30431, 99.99=67903] 
2017-05-16 03:21:21:212 840 sec: 195185 operations; 349.83 current ops/sec; est completion in 11 hours 43 minutes [READ: Count=3498, Max=76927, Min=130, Avg=2857.41, 90=11599, 99=20271, 99.9=31247, 99.99=76927] 
2017-05-16 03:21:31:212 850 sec: 198988 operations; 380.26 current ops/sec; est completion in 11 hours 37 minutes [READ: Count=3803, Max=59071, Min=132, Avg=2625.79, 90=10927, 99=18831, 99.9=31007, 99.99=59071] 
2017-05-16 03:21:41:212 860 sec: 202684 operations; 369.6 current ops/sec; est completion in 11 hours 32 minutes [READ: Count=3696, Max=56095, Min=132, Avg=2703.08, 90=11247, 99=19791, 99.9=37567, 99.99=56095] 
2017-05-16 03:21:51:212 870 sec: 206354 operations; 367 current ops/sec; est completion in 11 hours 28 minutes [READ: Count=3670, Max=42911, Min=132, Avg=2721.79, 90=11071, 99=18319, 99.9=30623, 99.99=42911] 
2017-05-16 03:22:01:212 880 sec: 210026 operations; 367.24 current ops/sec; est completion in 11 hours 23 minutes [READ: Count=3672, Max=100415, Min=133, Avg=2721.28, 90=11471, 99=18959, 99.9=30607, 99.99=100415] 
2017-05-16 03:22:11:212 890 sec: 213784 operations; 375.76 current ops/sec; est completion in 11 hours 19 minutes [READ: Count=3758, Max=47263, Min=133, Avg=2659.62, 90=11207, 99=19599, 99.9=34815, 99.99=47263] 
2017-05-16 03:22:21:212 900 sec: 217486 operations; 370.24 current ops/sec; est completion in 11 hours 14 minutes [READ: Count=3702, Max=52671, Min=132, Avg=2697.99, 90=10999, 99=20223, 99.9=28719, 99.99=52671] 
2017-05-16 03:22:31:212 910 sec: 221419 operations; 393.3 current ops/sec; est completion in 11 hours 9 minutes [READ: Count=3933, Max=45983, Min=132, Avg=2538.65, 90=10807, 99=19599, 99.9=30991, 99.99=45983] 
2017-05-16 03:22:41:212 920 sec: 225093 operations; 367.36 current ops/sec; est completion in 11 hours 5 minutes [READ: Count=3674, Max=76223, Min=133, Avg=2718.13, 90=11111, 99=20815, 99.9=43839, 99.99=76223] 
2017-05-16 03:22:51:212 930 sec: 228964 operations; 387.14 current ops/sec; est completion in 11 hours 1 minutes [READ: Count=3871, Max=58847, Min=132, Avg=2584.18, 90=11191, 99=21135, 99.9=34751, 99.99=58847] 
2017-05-16 03:23:01:212 940 sec: 232798 operations; 383.36 current ops/sec; est completion in 10 hours 57 minutes [READ: Count=3834, Max=63679, Min=132, Avg=2602.59, 90=11007, 99=20511, 99.9=33247, 99.99=63679] 
2017-05-16 03:23:11:212 950 sec: 236618 operations; 382 current ops/sec; est completion in 10 hours 53 minutes [READ: Count=3820, Max=82495, Min=133, Avg=2618.13, 90=10975, 99=20495, 99.9=30959, 99.99=82495] 
2017-05-16 03:23:21:212 960 sec: 240639 operations; 402.14 current ops/sec; est completion in 10 hours 48 minutes [READ: Count=4021, Max=57983, Min=131, Avg=2484.01, 90=10879, 99=19983, 99.9=37407, 99.99=57983] 
2017-05-16 03:23:31:212 970 sec: 244604 operations; 396.5 current ops/sec; est completion in 10 hours 44 minutes [READ: Count=3965, Max=59871, Min=132, Avg=2521.13, 90=10687, 99=19631, 99.9=32127, 99.99=59871] 
2017-05-16 03:23:41:212 980 sec: 248388 operations; 378.4 current ops/sec; est completion in 10 hours 41 minutes [READ: Count=3784, Max=71807, Min=132, Avg=2637.92, 90=10927, 99=20431, 99.9=34335, 99.99=71807] 
2017-05-16 03:23:51:212 990 sec: 252044 operations; 365.6 current ops/sec; est completion in 10 hours 38 minutes [READ: Count=3656, Max=59871, Min=133, Avg=2732.77, 90=11407, 99=21439, 99.9=35295, 99.99=59871] 
2017-05-16 03:24:01:212 1000 sec: 255866 operations; 382.2 current ops/sec; est completion in 10 hours 34 minutes [READ: Count=3822, Max=98111, Min=133, Avg=2615.01, 90=11231, 99=20415, 99.9=36383, 99.99=98111] 
2017-05-16 03:24:11:212 1010 sec: 259627 operations; 376.1 current ops/sec; est completion in 10 hours 31 minutes [READ: Count=3761, Max=47871, Min=131, Avg=2657.38, 90=10935, 99=20431, 99.9=31311, 99.99=47871] 
2017-05-16 03:24:21:212 1020 sec: 263693 operations; 406.6 current ops/sec; est completion in 10 hours 27 minutes [READ: Count=4066, Max=36095, Min=131, Avg=2456.92, 90=10783, 99=19567, 99.9=28223, 99.99=36095] 
2017-05-16 03:24:31:212 1030 sec: 267289 operations; 359.6 current ops/sec; est completion in 10 hours 25 minutes [READ: Count=3596, Max=111679, Min=130, Avg=2777.88, 90=11151, 99=21119, 99.9=37727, 99.99=111679] 
2017-05-16 03:24:41:212 1040 sec: 271161 operations; 387.16 current ops/sec; est completion in 10 hours 21 minutes [READ: Count=3872, Max=62687, Min=133, Avg=2580.37, 90=10999, 99=20751, 99.9=34431, 99.99=62687] 
2017-05-16 03:24:51:212 1050 sec: 274994 operations; 383.3 current ops/sec; est completion in 10 hours 18 minutes [READ: Count=3833, Max=49951, Min=152, Avg=2607.2, 90=11215, 99=20111, 99.9=28079, 99.99=49951] 
2017-05-16 03:25:01:212 1060 sec: 278736 operations; 374.24 current ops/sec; est completion in 10 hours 16 minutes [READ: Count=3742, Max=57087, Min=152, Avg=2670.2, 90=11191, 99=21183, 99.9=28975, 99.99=57087] 
2017-05-16 03:25:11:212 1070 sec: 282580 operations; 384.36 current ops/sec; est completion in 10 hours 13 minutes [READ: Count=3844, Max=105663, Min=150, Avg=2598.56, 90=10927, 99=20767, 99.9=38015, 99.99=105663] 
2017-05-16 03:25:21:212 1080 sec: 286545 operations; 396.54 current ops/sec; est completion in 10 hours 10 minutes [READ: Count=3966, Max=102975, Min=132, Avg=2519.58, 90=10895, 99=19183, 99.9=27183, 99.99=102975] 
2017-05-16 03:25:31:212 1090 sec: 290363 operations; 381.76 current ops/sec; est completion in 10 hours 7 minutes [READ: Count=3817, Max=57023, Min=133, Avg=2615.45, 90=11199, 99=20367, 99.9=32031, 99.99=57023] 
2017-05-16 03:25:41:212 1100 sec: 293752 operations; 338.9 current ops/sec; est completion in 10 hours 5 minutes [READ: Count=3389, Max=87487, Min=133, Avg=2943.23, 90=11391, 99=22607, 99.9=41823, 99.99=87487] 
2017-05-16 03:25:51:212 1110 sec: 297390 operations; 363.84 current ops/sec; est completion in 10 hours 3 minutes [READ: Count=3638, Max=53247, Min=134, Avg=2751.73, 90=11487, 99=20335, 99.9=32223, 99.99=53247] 
2017-05-16 03:26:01:212 1120 sec: 301248 operations; 385.8 current ops/sec; est completion in 10 hours [READ: Count=3858, Max=67199, Min=133, Avg=2587.83, 90=10927, 99=19951, 99.9=29279, 99.99=67199] 
2017-05-16 03:26:11:212 1130 sec: 304783 operations; 353.46 current ops/sec; est completion in 9 hours 59 minutes [READ: Count=3535, Max=46687, Min=130, Avg=2826.13, 90=11575, 99=21759, 99.9=32191, 99.99=46687] 
2017-05-16 03:26:21:212 1140 sec: 308538 operations; 375.54 current ops/sec; est completion in 9 hours 56 minutes [READ: Count=3755, Max=103551, Min=132, Avg=2659.66, 90=11151, 99=19743, 99.9=27679, 99.99=103551] 
2017-05-16 03:26:31:212 1150 sec: 312274 operations; 373.56 current ops/sec; est completion in 9 hours 54 minutes [READ: Count=3736, Max=55743, Min=133, Avg=2674.99, 90=11031, 99=19615, 99.9=31807, 99.99=55743] 
2017-05-16 03:26:41:212 1160 sec: 316118 operations; 384.44 current ops/sec; est completion in 9 hours 52 minutes [READ: Count=3844, Max=56895, Min=132, Avg=2601.15, 90=10991, 99=20607, 99.9=36767, 99.99=56895] 
2017-05-16 03:26:51:212 1170 sec: 319936 operations; 381.76 current ops/sec; est completion in 9 hours 50 minutes [READ: Count=3818, Max=48159, Min=131, Avg=2616.23, 90=11175, 99=21807, 99.9=31007, 99.99=48159] 
2017-05-16 03:27:01:212 1180 sec: 323667 operations; 373.1 current ops/sec; est completion in 9 hours 47 minutes [READ: Count=3731, Max=75967, Min=133, Avg=2677.8, 90=11295, 99=18639, 99.9=34911, 99.99=75967] 
2017-05-16 03:27:11:212 1190 sec: 327457 operations; 379 current ops/sec; est completion in 9 hours 45 minutes [READ: Count=3790, Max=55231, Min=131, Avg=2637.13, 90=11015, 99=19743, 99.9=29919, 99.99=55231] 
2017-05-16 03:27:21:212 1200 sec: 331331 operations; 387.44 current ops/sec; est completion in 9 hours 43 minutes [READ: Count=3874, Max=86591, Min=131, Avg=2577.46, 90=10735, 99=19743, 99.9=30223, 99.99=86591] 
2017-05-16 03:27:31:212 1210 sec: 335021 operations; 368.96 current ops/sec; est completion in 9 hours 41 minutes [READ: Count=3690, Max=147071, Min=133, Avg=2706.83, 90=10983, 99=20863, 99.9=32399, 99.99=147071] 
2017-05-16 03:27:41:212 1220 sec: 338810 operations; 378.9 current ops/sec; est completion in 9 hours 39 minutes [READ: Count=3789, Max=59711, Min=134, Avg=2638.75, 90=11159, 99=19567, 99.9=36543, 99.99=59711] 
2017-05-16 03:27:51:212 1230 sec: 342717 operations; 390.7 current ops/sec; est completion in 9 hours 37 minutes [READ: Count=3907, Max=80319, Min=134, Avg=2551.92, 90=10839, 99=20447, 99.9=28703, 99.99=80319] 
2017-05-16 03:28:01:212 1240 sec: 346615 operations; 389.8 current ops/sec; est completion in 9 hours 35 minutes [READ: Count=3898, Max=49375, Min=134, Avg=2565.99, 90=10719, 99=19951, 99.9=30799, 99.99=49375] 
2017-05-16 03:28:11:212 1250 sec: 350256 operations; 364.14 current ops/sec; est completion in 9 hours 33 minutes [READ: Count=3641, Max=111487, Min=133, Avg=2744.71, 90=11159, 99=20031, 99.9=29343, 99.99=111487] 
2017-05-16 03:28:21:212 1260 sec: 354212 operations; 395.6 current ops/sec; est completion in 9 hours 31 minutes [READ: Count=3957, Max=38719, Min=134, Avg=2527.08, 90=10855, 99=19599, 99.9=29407, 99.99=38719] 
2017-05-16 03:28:31:212 1270 sec: 357782 operations; 356.96 current ops/sec; est completion in 9 hours 30 minutes [READ: Count=3569, Max=70335, Min=134, Avg=2798.02, 90=11335, 99=20719, 99.9=34271, 99.99=70335] 
2017-05-16 03:28:41:212 1280 sec: 361630 operations; 384.84 current ops/sec; est completion in 9 hours 28 minutes [READ: Count=3848, Max=58143, Min=133, Avg=2593.47, 90=10871, 99=20639, 99.9=37183, 99.99=58143] 
2017-05-16 03:28:51:212 1290 sec: 365640 operations; 401 current ops/sec; est completion in 9 hours 26 minutes [READ: Count=4010, Max=100863, Min=132, Avg=2495.15, 90=10791, 99=18879, 99.9=32767, 99.99=100863] 
2017-05-16 03:29:01:212 1300 sec: 369519 operations; 387.86 current ops/sec; est completion in 9 hours 24 minutes [READ: Count=3879, Max=55679, Min=131, Avg=2574.61, 90=10847, 99=19455, 99.9=28751, 99.99=55679] 
2017-05-16 03:29:11:212 1310 sec: 373381 operations; 386.24 current ops/sec; est completion in 9 hours 22 minutes [READ: Count=3862, Max=69759, Min=132, Avg=2588.07, 90=10967, 99=20015, 99.9=27823, 99.99=69759] 
2017-05-16 03:29:21:212 1320 sec: 377069 operations; 368.8 current ops/sec; est completion in 9 hours 21 minutes [READ: Count=3688, Max=32751, Min=133, Avg=2707.04, 90=11575, 99=19855, 99.9=28543, 99.99=32751] 
2017-05-16 03:29:31:212 1330 sec: 380748 operations; 367.9 current ops/sec; est completion in 9 hours 20 minutes [READ: Count=3679, Max=127423, Min=131, Avg=2715.37, 90=11167, 99=21903, 99.9=33407, 99.99=127423] 
2017-05-16 03:29:41:212 1340 sec: 384580 operations; 383.2 current ops/sec; est completion in 9 hours 18 minutes [READ: Count=3832, Max=57631, Min=133, Avg=2608.78, 90=10959, 99=19039, 99.9=33919, 99.99=57631] 
2017-05-16 03:29:51:212 1350 sec: 388375 operations; 379.5 current ops/sec; est completion in 9 hours 16 minutes [READ: Count=3795, Max=82559, Min=134, Avg=2632.48, 90=10991, 99=20975, 99.9=34015, 99.99=82559] 
2017-05-16 03:30:01:212 1360 sec: 392095 operations; 371.96 current ops/sec; est completion in 9 hours 15 minutes [READ: Count=3720, Max=63647, Min=133, Avg=2685.72, 90=11295, 99=19967, 99.9=32079, 99.99=63647] 
2017-05-16 03:30:11:212 1370 sec: 395935 operations; 384.04 current ops/sec; est completion in 9 hours 13 minutes [READ: Count=3840, Max=107903, Min=132, Avg=2600.52, 90=10895, 99=21439, 99.9=31551, 99.99=107903] 
2017-05-16 03:30:21:212 1380 sec: 399513 operations; 357.8 current ops/sec; est completion in 9 hours 12 minutes [READ: Count=3578, Max=45279, Min=133, Avg=2791.8, 90=11591, 99=20159, 99.9=27279, 99.99=45279] 
2017-05-16 03:30:31:212 1390 sec: 403160 operations; 364.66 current ops/sec; est completion in 9 hours 11 minutes [READ: Count=3647, Max=70463, Min=133, Avg=2739.42, 90=11271, 99=22879, 99.9=37407, 99.99=70463] 
2017-05-16 03:30:41:212 1400 sec: 406798 operations; 363.84 current ops/sec; est completion in 9 hours 10 minutes [READ: Count=3638, Max=80447, Min=135, Avg=2745.98, 90=11023, 99=20367, 99.9=29903, 99.99=80447] 
2017-05-16 03:30:51:212 1410 sec: 410660 operations; 386.2 current ops/sec; est completion in 9 hours 8 minutes [READ: Count=3862, Max=99135, Min=134, Avg=2587.74, 90=10967, 99=19647, 99.9=26271, 99.99=99135] 
2017-05-16 03:31:01:212 1420 sec: 414637 operations; 397.66 current ops/sec; est completion in 9 hours 7 minutes [READ: Count=3977, Max=53343, Min=133, Avg=2512.46, 90=10727, 99=19023, 99.9=40159, 99.99=53343] 
2017-05-16 03:31:11:212 1430 sec: 418480 operations; 384.34 current ops/sec; est completion in 9 hours 5 minutes [READ: Count=3843, Max=80575, Min=134, Avg=2601.68, 90=11079, 99=21087, 99.9=34271, 99.99=80575] 
2017-05-16 03:31:21:212 1440 sec: 422313 operations; 383.26 current ops/sec; est completion in 9 hours 4 minutes [READ: Count=3833, Max=66303, Min=155, Avg=2605.65, 90=10967, 99=20991, 99.9=45183, 99.99=66303] 
2017-05-16 03:31:31:212 1450 sec: 425847 operations; 353.4 current ops/sec; est completion in 9 hours 3 minutes [READ: Count=3534, Max=102143, Min=154, Avg=2825.77, 90=11031, 99=22975, 99.9=41791, 99.99=102143] 
2017-05-16 03:31:41:212 1460 sec: 429514 operations; 366.74 current ops/sec; est completion in 9 hours 2 minutes [READ: Count=3667, Max=67391, Min=152, Avg=2726.3, 90=11135, 99=20655, 99.9=37023, 99.99=67391] 
2017-05-16 03:31:51:212 1470 sec: 433316 operations; 380.2 current ops/sec; est completion in 9 hours [READ: Count=3802, Max=120831, Min=153, Avg=2627.16, 90=11231, 99=19631, 99.9=28303, 99.99=120831] 
2017-05-16 03:32:01:212 1480 sec: 437036 operations; 371.96 current ops/sec; est completion in 8 hours 59 minutes [READ: Count=3720, Max=137215, Min=152, Avg=2687.27, 90=10775, 99=20671, 99.9=36095, 99.99=137215] 
2017-05-16 03:32:11:212 1490 sec: 440815 operations; 377.94 current ops/sec; est completion in 8 hours 58 minutes [READ: Count=3779, Max=58367, Min=153, Avg=2644, 90=11071, 99=21695, 99.9=37087, 99.99=58367] 
2017-05-16 03:32:21:212 1500 sec: 444633 operations; 381.8 current ops/sec; est completion in 8 hours 57 minutes [READ: Count=3818, Max=53759, Min=152, Avg=2613.79, 90=11159, 99=19391, 99.9=33023, 99.99=53759] 
Maximum time elapsed. Requesting stop for the workload.
Stop requested for workload. Now Joining!
2017-05-16 03:32:21:231 1500 sec: 444635 operations; 100 current ops/sec; est completion in 8 hours 57 minutes [READ: Count=2, Max=16431, Min=13048, Avg=14738, 90=16431, 99=16431, 99.9=16431, 99.99=16431] [CLEANUP: Count=1, Max=1694, Min=1694, Avg=1694, 90=1694, 99=1694, 99.9=1694, 99.99=1694] 
[OVERALL], RunTime(ms), 1500022.0
[OVERALL], Throughput(ops/sec), 296.4189858548741
[TOTAL_GCS_PS_Scavenge], Count, 480.0
[TOTAL_GC_TIME_PS_Scavenge], Time(ms), 881.0
[TOTAL_GC_TIME_%_PS_Scavenge], Time(%), 0.058732471923745116
[TOTAL_GCS_PS_MarkSweep], Count, 0.0
[TOTAL_GC_TIME_PS_MarkSweep], Time(ms), 0.0
[TOTAL_GC_TIME_%_PS_MarkSweep], Time(%), 0.0
[TOTAL_GCs], Count, 480.0
[TOTAL_GC_TIME], Time(ms), 881.0
[TOTAL_GC_TIME_%], Time(%), 0.058732471923745116
[READ], Operations, 444635.0
[READ], AverageLatency(us), 3368.4543524463884
[READ], MinLatency(us), 126.0
[READ], MaxLatency(us), 350463.0
[READ], 95thPercentileLatency(us), 15047.0
[READ], 99thPercentileLatency(us), 20623.0
[READ], Return=OK, 444635
[CLEANUP], Operations, 1.0
[CLEANUP], AverageLatency(us), 1694.0
[CLEANUP], MinLatency(us), 1694.0
[CLEANUP], MaxLatency(us), 1694.0
[CLEANUP], 95thPercentileLatency(us), 1694.0
[CLEANUP], 99thPercentileLatency(us), 1694.0
