Sat May 20 01:06:05 IST 2017
--------------------MEMCG-----------------------
MEM ONLY  : 1023 MB
MEM+SWAP  : 1024 MB
cache 981147648
rss 92418048
rss_huge 0
mapped_file 45015040
writeback 0
swap 0
pgpgin 9074530
pgpgout 8812429
pgfault 2215232
pgmajfault 411
inactive_anon 46354432
active_anon 46137344
inactive_file 490643456
active_file 490430464
unevictable 0
hierarchical_memory_limit 1073741824
hierarchical_memsw_limit 5368709120
total_cache 981147648
total_rss 92418048
total_rss_huge 0
total_mapped_file 45015040
total_writeback 0
total_swap 0
total_pgpgin 9074530
total_pgpgout 8812429
total_pgfault 2215232
total_pgmajfault 411
total_inactive_anon 46354432
total_active_anon 46137344
total_inactive_file 490643456
total_active_file 490430464
total_unevictable 0
--------------------BLKIO-----------------------
11:0 Read 0
11:0 Write 0
11:0 Sync 0
11:0 Async 0
11:0 Total 0
253:0 Read 10572664832
253:0 Write 229376
253:0 Sync 0
253:0 Async 10572894208
253:0 Total 10572894208
Total 10572894208
--------------------CPUAC-----------------------
user 1079
system 7176
 
Sat May 20 01:06:35 IST 2017
--------------------MEMCG-----------------------
MEM ONLY  : 1023 MB
MEM+SWAP  : 1023 MB
cache 981118976
rss 92418048
rss_huge 0
mapped_file 39915520
writeback 0
swap 0
pgpgin 9278713
pgpgout 9016619
pgfault 2259225
pgmajfault 411
inactive_anon 46485504
active_anon 46006272
inactive_file 490426368
active_file 490586112
unevictable 0
hierarchical_memory_limit 1073741824
hierarchical_memsw_limit 5368709120
total_cache 981118976
total_rss 92418048
total_rss_huge 0
total_mapped_file 39915520
total_writeback 0
total_swap 0
total_pgpgin 9278713
total_pgpgout 9016619
total_pgfault 2259225
total_pgmajfault 411
total_inactive_anon 46485504
total_active_anon 46006272
total_inactive_file 490426368
total_active_file 490586112
total_unevictable 0
--------------------BLKIO-----------------------
11:0 Read 0
11:0 Write 0
11:0 Sync 0
11:0 Async 0
11:0 Total 0
253:0 Read 10802401280
253:0 Write 229376
253:0 Sync 0
253:0 Async 10802630656
253:0 Total 10802630656
Total 10802630656
--------------------CPUAC-----------------------
user 1102
system 7348
 
Sat May 20 01:07:05 IST 2017
--------------------MEMCG-----------------------
MEM ONLY  : 1023 MB
MEM+SWAP  : 1023 MB
cache 981282816
rss 92418048
rss_huge 0
mapped_file 11202560
writeback 0
swap 0
pgpgin 9464893
pgpgout 9202759
pgfault 2301838
pgmajfault 411
inactive_anon 46485504
active_anon 46006272
inactive_file 490831872
active_file 490377216
unevictable 0
hierarchical_memory_limit 1073741824
hierarchical_memsw_limit 5368709120
total_cache 981282816
total_rss 92418048
total_rss_huge 0
total_mapped_file 11202560
total_writeback 0
total_swap 0
total_pgpgin 9464893
total_pgpgout 9202759
total_pgfault 2301838
total_pgmajfault 411
total_inactive_anon 46485504
total_active_anon 46006272
total_inactive_file 490831872
total_active_file 490377216
total_unevictable 0
--------------------BLKIO-----------------------
11:0 Read 0
11:0 Write 0
11:0 Sync 0
11:0 Async 0
11:0 Total 0
253:0 Read 11004514304
253:0 Write 229376
253:0 Sync 0
253:0 Async 11004743680
253:0 Total 11004743680
Total 11004743680
--------------------CPUAC-----------------------
user 1126
system 7504
 
Sat May 20 01:07:35 IST 2017
--------------------MEMCG-----------------------
MEM ONLY  : 1023 MB
MEM+SWAP  : 1023 MB
cache 981143552
rss 92418048
rss_huge 0
mapped_file 7098368
writeback 0
swap 0
pgpgin 9678314
pgpgout 9416214
pgfault 2347891
pgmajfault 411
inactive_anon 46485504
active_anon 46006272
inactive_file 490479616
active_file 490557440
unevictable 0
hierarchical_memory_limit 1073741824
hierarchical_memsw_limit 5368709120
total_cache 981143552
total_rss 92418048
total_rss_huge 0
total_mapped_file 7098368
total_writeback 0
total_swap 0
total_pgpgin 9678314
total_pgpgout 9416214
total_pgfault 2347891
total_pgmajfault 411
total_inactive_anon 46485504
total_active_anon 46006272
total_inactive_file 490479616
total_active_file 490557440
total_unevictable 0
--------------------BLKIO-----------------------
11:0 Read 0
11:0 Write 0
11:0 Sync 0
11:0 Async 0
11:0 Total 0
253:0 Read 11223834624
253:0 Write 229376
253:0 Sync 0
253:0 Async 11224064000
253:0 Total 11224064000
Total 11224064000
--------------------CPUAC-----------------------
user 1147
system 7688
 
Sat May 20 01:08:05 IST 2017
--------------------MEMCG-----------------------
MEM ONLY  : 1023 MB
MEM+SWAP  : 1023 MB
cache 981262336
rss 92418048
rss_huge 0
mapped_file 3387392
writeback 0
swap 0
pgpgin 9878660
pgpgout 9616531
pgfault 2392329
pgmajfault 411
inactive_anon 46485504
active_anon 46006272
inactive_file 490803200
active_file 490344448
unevictable 0
hierarchical_memory_limit 1073741824
hierarchical_memsw_limit 5368709120
total_cache 981262336
total_rss 92418048
total_rss_huge 0
total_mapped_file 3387392
total_writeback 0
total_swap 0
total_pgpgin 9878660
total_pgpgout 9616531
total_pgfault 2392329
total_pgmajfault 411
total_inactive_anon 46485504
total_active_anon 46006272
total_inactive_file 490803200
total_active_file 490344448
total_unevictable 0
--------------------BLKIO-----------------------
11:0 Read 0
11:0 Write 0
11:0 Sync 0
11:0 Async 0
11:0 Total 0
253:0 Read 11440246784
253:0 Write 229376
253:0 Sync 0
253:0 Async 11440476160
253:0 Total 11440476160
Total 11440476160
--------------------CPUAC-----------------------
user 1170
system 7857
 
Sat May 20 01:08:35 IST 2017
--------------------MEMCG-----------------------
MEM ONLY  : 1023 MB
MEM+SWAP  : 1023 MB
cache 981315584
rss 92418048
rss_huge 0
mapped_file 3387392
writeback 0
swap 0
pgpgin 10085653
pgpgout 9823511
pgfault 2437719
pgmajfault 411
inactive_anon 46485504
active_anon 46006272
inactive_file 490655744
active_file 490586112
unevictable 0
hierarchical_memory_limit 1073741824
hierarchical_memsw_limit 5368709120
total_cache 981315584
total_rss 92418048
total_rss_huge 0
total_mapped_file 3387392
total_writeback 0
total_swap 0
total_pgpgin 10085653
total_pgpgout 9823511
total_pgfault 2437719
total_pgmajfault 411
total_inactive_anon 46485504
total_active_anon 46006272
total_inactive_file 490655744
total_active_file 490586112
total_unevictable 0
--------------------BLKIO-----------------------
11:0 Read 0
11:0 Write 0
11:0 Sync 0
11:0 Async 0
11:0 Total 0
253:0 Read 11662077952
253:0 Write 229376
253:0 Sync 0
253:0 Async 11662307328
253:0 Total 11662307328
Total 11662307328
--------------------CPUAC-----------------------
user 1196
system 8030
 
Sat May 20 01:09:05 IST 2017
--------------------MEMCG-----------------------
MEM ONLY  : 1023 MB
MEM+SWAP  : 1023 MB
cache 981196800
rss 92418048
rss_huge 0
mapped_file 3387392
writeback 0
swap 0
pgpgin 10285687
pgpgout 10023574
pgfault 2482680
pgmajfault 411
inactive_anon 46485504
active_anon 46006272
inactive_file 490766336
active_file 490356736
unevictable 0
hierarchical_memory_limit 1073741824
hierarchical_memsw_limit 5368709120
total_cache 981196800
total_rss 92418048
total_rss_huge 0
total_mapped_file 3387392
total_writeback 0
total_swap 0
total_pgpgin 10285687
total_pgpgout 10023574
total_pgfault 2482680
total_pgmajfault 411
total_inactive_anon 46485504
total_active_anon 46006272
total_inactive_file 490766336
total_active_file 490356736
total_unevictable 0
--------------------BLKIO-----------------------
11:0 Read 0
11:0 Write 0
11:0 Sync 0
11:0 Async 0
11:0 Total 0
253:0 Read 11875524608
253:0 Write 229376
253:0 Sync 0
253:0 Async 11875753984
253:0 Total 11875753984
Total 11875753984
--------------------CPUAC-----------------------
user 1221
system 8184
 
Sat May 20 01:09:35 IST 2017
--------------------MEMCG-----------------------
MEM ONLY  : 1023 MB
MEM+SWAP  : 1023 MB
cache 981266432
rss 92418048
rss_huge 0
mapped_file 3387392
writeback 0
swap 0
pgpgin 10491445
pgpgout 10229315
pgfault 2527622
pgmajfault 411
inactive_anon 46485504
active_anon 46006272
inactive_file 490549248
active_file 490610688
unevictable 0
hierarchical_memory_limit 1073741824
hierarchical_memsw_limit 5368709120
total_cache 981266432
total_rss 92418048
total_rss_huge 0
total_mapped_file 3387392
total_writeback 0
total_swap 0
total_pgpgin 10491445
total_pgpgout 10229315
total_pgfault 2527622
total_pgmajfault 411
total_inactive_anon 46485504
total_active_anon 46006272
total_inactive_file 490549248
total_active_file 490610688
total_unevictable 0
--------------------BLKIO-----------------------
11:0 Read 0
11:0 Write 0
11:0 Sync 0
11:0 Async 0
11:0 Total 0
253:0 Read 12093968384
253:0 Write 229376
253:0 Sync 0
253:0 Async 12094197760
253:0 Total 12094197760
Total 12094197760
--------------------CPUAC-----------------------
user 1244
system 8360
 
Sat May 20 01:10:05 IST 2017
--------------------MEMCG-----------------------
MEM ONLY  : 1023 MB
MEM+SWAP  : 1023 MB
cache 981213184
rss 92418048
rss_huge 0
mapped_file 3387392
writeback 0
swap 0
pgpgin 10701659
pgpgout 10439542
pgfault 2573692
pgmajfault 411
inactive_anon 46485504
active_anon 46006272
inactive_file 490827776
active_file 490311680
unevictable 0
hierarchical_memory_limit 1073741824
hierarchical_memsw_limit 5368709120
total_cache 981213184
total_rss 92418048
total_rss_huge 0
total_mapped_file 3387392
total_writeback 0
total_swap 0
total_pgpgin 10701659
total_pgpgout 10439542
total_pgfault 2573692
total_pgmajfault 411
total_inactive_anon 46485504
total_active_anon 46006272
total_inactive_file 490827776
total_active_file 490311680
total_unevictable 0
--------------------BLKIO-----------------------
11:0 Read 0
11:0 Write 0
11:0 Sync 0
11:0 Async 0
11:0 Total 0
253:0 Read 12308832256
253:0 Write 229376
253:0 Sync 0
253:0 Async 12309061632
253:0 Total 12309061632
Total 12309061632
--------------------CPUAC-----------------------
user 1272
system 8536
 
Sat May 20 01:10:35 IST 2017
--------------------MEMCG-----------------------
MEM ONLY  : 1023 MB
MEM+SWAP  : 1023 MB
cache 981274624
rss 92418048
rss_huge 0
mapped_file 3387392
writeback 0
swap 0
pgpgin 10907126
pgpgout 10644994
pgfault 2618406
pgmajfault 411
inactive_anon 46485504
active_anon 46006272
inactive_file 490835968
active_file 490360832
unevictable 0
hierarchical_memory_limit 1073741824
hierarchical_memsw_limit 5368709120
total_cache 981274624
total_rss 92418048
total_rss_huge 0
total_mapped_file 3387392
total_writeback 0
total_swap 0
total_pgpgin 10907126
total_pgpgout 10644994
total_pgfault 2618406
total_pgmajfault 411
total_inactive_anon 46485504
total_active_anon 46006272
total_inactive_file 490835968
total_active_file 490360832
total_unevictable 0
--------------------BLKIO-----------------------
11:0 Read 0
11:0 Write 0
11:0 Sync 0
11:0 Async 0
11:0 Total 0
253:0 Read 12525891584
253:0 Write 229376
253:0 Sync 0
253:0 Async 12526120960
253:0 Total 12526120960
Total 12526120960
--------------------CPUAC-----------------------
user 1297
system 8711
 
Sat May 20 01:11:05 IST 2017
--------------------MEMCG-----------------------
MEM ONLY  : 1023 MB
MEM+SWAP  : 1023 MB
cache 981155840
rss 92418048
rss_huge 0
mapped_file 3387392
writeback 0
swap 0
pgpgin 11115361
pgpgout 10853258
pgfault 2664924
pgmajfault 412
inactive_anon 46485504
active_anon 46006272
inactive_file 490536960
active_file 490496000
unevictable 0
hierarchical_memory_limit 1073741824
hierarchical_memsw_limit 5368709120
total_cache 981155840
total_rss 92418048
total_rss_huge 0
total_mapped_file 3387392
total_writeback 0
total_swap 0
total_pgpgin 11115361
total_pgpgout 10853258
total_pgfault 2664924
total_pgmajfault 412
total_inactive_anon 46485504
total_active_anon 46006272
total_inactive_file 490536960
total_active_file 490496000
total_unevictable 0
--------------------BLKIO-----------------------
11:0 Read 0
11:0 Write 0
11:0 Sync 0
11:0 Async 0
11:0 Total 0
253:0 Read 12740222976
253:0 Write 229376
253:0 Sync 0
253:0 Async 12740452352
253:0 Total 12740452352
Total 12740452352
--------------------CPUAC-----------------------
user 1324
system 8890
 
Sat May 20 01:11:35 IST 2017
--------------------MEMCG-----------------------
MEM ONLY  : 1023 MB
MEM+SWAP  : 1023 MB
cache 981250048
rss 92418048
rss_huge 0
mapped_file 3387392
writeback 0
swap 0
pgpgin 11329658
pgpgout 11067532
pgfault 2710969
pgmajfault 412
inactive_anon 46485504
active_anon 46006272
inactive_file 490037248
active_file 491102208
unevictable 0
hierarchical_memory_limit 1073741824
hierarchical_memsw_limit 5368709120
total_cache 981250048
total_rss 92418048
total_rss_huge 0
total_mapped_file 3387392
total_writeback 0
total_swap 0
total_pgpgin 11329658
total_pgpgout 11067532
total_pgfault 2710969
total_pgmajfault 412
total_inactive_anon 46485504
total_active_anon 46006272
total_inactive_file 490037248
total_active_file 491102208
total_unevictable 0
--------------------BLKIO-----------------------
11:0 Read 0
11:0 Write 0
11:0 Sync 0
11:0 Async 0
11:0 Total 0
253:0 Read 12959555584
253:0 Write 229376
253:0 Sync 0
253:0 Async 12959784960
253:0 Total 12959784960
Total 12959784960
--------------------CPUAC-----------------------
user 1345
system 9059
 
Sat May 20 01:12:05 IST 2017
--------------------MEMCG-----------------------
MEM ONLY  : 1023 MB
MEM+SWAP  : 1023 MB
cache 981192704
rss 92418048
rss_huge 0
mapped_file 3387392
writeback 0
swap 0
pgpgin 11539044
pgpgout 11276932
pgfault 2757513
pgmajfault 412
inactive_anon 46485504
active_anon 46006272
inactive_file 490557440
active_file 490512384
unevictable 0
hierarchical_memory_limit 1073741824
hierarchical_memsw_limit 5368709120
total_cache 981192704
total_rss 92418048
total_rss_huge 0
total_mapped_file 3387392
total_writeback 0
total_swap 0
total_pgpgin 11539044
total_pgpgout 11276932
total_pgfault 2757513
total_pgmajfault 412
total_inactive_anon 46485504
total_active_anon 46006272
total_inactive_file 490557440
total_active_file 490512384
total_unevictable 0
--------------------BLKIO-----------------------
11:0 Read 0
11:0 Write 0
11:0 Sync 0
11:0 Async 0
11:0 Total 0
253:0 Read 13177470976
253:0 Write 229376
253:0 Sync 0
253:0 Async 13177700352
253:0 Total 13177700352
Total 13177700352
--------------------CPUAC-----------------------
user 1365
system 9231
 
Sat May 20 01:12:35 IST 2017
--------------------MEMCG-----------------------
MEM ONLY  : 1023 MB
MEM+SWAP  : 1023 MB
cache 981282816
rss 92418048
rss_huge 0
mapped_file 3575808
writeback 0
swap 0
pgpgin 11742284
pgpgout 11480150
pgfault 2802017
pgmajfault 415
inactive_anon 46485504
active_anon 46006272
inactive_file 490799104
active_file 490409984
unevictable 0
hierarchical_memory_limit 1073741824
hierarchical_memsw_limit 5368709120
total_cache 981282816
total_rss 92418048
total_rss_huge 0
total_mapped_file 3575808
total_writeback 0
total_swap 0
total_pgpgin 11742284
total_pgpgout 11480150
total_pgfault 2802017
total_pgmajfault 415
total_inactive_anon 46485504
total_active_anon 46006272
total_inactive_file 490799104
total_active_file 490409984
total_unevictable 0
--------------------BLKIO-----------------------
11:0 Read 0
11:0 Write 0
11:0 Sync 0
11:0 Async 0
11:0 Total 0
253:0 Read 13389680640
253:0 Write 229376
253:0 Sync 0
253:0 Async 13389910016
253:0 Total 13389910016
Total 13389910016
--------------------CPUAC-----------------------
user 1390
system 9402
 
Sat May 20 01:13:05 IST 2017
--------------------MEMCG-----------------------
MEM ONLY  : 1023 MB
MEM+SWAP  : 1023 MB
cache 981159936
rss 92418048
rss_huge 0
mapped_file 3575808
writeback 0
swap 0
pgpgin 11949653
pgpgout 11687549
pgfault 2846879
pgmajfault 415
inactive_anon 46485504
active_anon 46006272
inactive_file 490762240
active_file 490323968
unevictable 0
hierarchical_memory_limit 1073741824
hierarchical_memsw_limit 5368709120
total_cache 981159936
total_rss 92418048
total_rss_huge 0
total_mapped_file 3575808
total_writeback 0
total_swap 0
total_pgpgin 11949653
total_pgpgout 11687549
total_pgfault 2846879
total_pgmajfault 415
total_inactive_anon 46485504
total_active_anon 46006272
total_inactive_file 490762240
total_active_file 490323968
total_unevictable 0
--------------------BLKIO-----------------------
11:0 Read 0
11:0 Write 0
11:0 Sync 0
11:0 Async 0
11:0 Total 0
253:0 Read 13611151360
253:0 Write 229376
253:0 Sync 0
253:0 Async 13611380736
253:0 Total 13611380736
Total 13611380736
--------------------CPUAC-----------------------
user 1413
system 9567
 
Sat May 20 01:13:35 IST 2017
--------------------MEMCG-----------------------
MEM ONLY  : 1023 MB
MEM+SWAP  : 1023 MB
cache 981303296
rss 92418048
rss_huge 0
mapped_file 3387392
writeback 0
swap 0
pgpgin 12165855
pgpgout 11903716
pgfault 2894186
pgmajfault 415
inactive_anon 46485504
active_anon 46006272
inactive_file 490266624
active_file 490962944
unevictable 0
hierarchical_memory_limit 1073741824
hierarchical_memsw_limit 5368709120
total_cache 981303296
total_rss 92418048
total_rss_huge 0
total_mapped_file 3387392
total_writeback 0
total_swap 0
total_pgpgin 12165855
total_pgpgout 11903716
total_pgfault 2894186
total_pgmajfault 415
total_inactive_anon 46485504
total_active_anon 46006272
total_inactive_file 490266624
total_active_file 490962944
total_unevictable 0
--------------------BLKIO-----------------------
11:0 Read 0
11:0 Write 0
11:0 Sync 0
11:0 Async 0
11:0 Total 0
253:0 Read 13832826880
253:0 Write 229376
253:0 Sync 0
253:0 Async 13833056256
253:0 Total 13833056256
Total 13833056256
--------------------CPUAC-----------------------
user 1440
system 9758
 
Sat May 20 01:14:05 IST 2017
--------------------MEMCG-----------------------
MEM ONLY  : 1023 MB
MEM+SWAP  : 1023 MB
cache 981188608
rss 92418048
rss_huge 0
mapped_file 3387392
writeback 0
swap 0
pgpgin 12363471
pgpgout 12101360
pgfault 2937324
pgmajfault 416
inactive_anon 46485504
active_anon 46006272
inactive_file 490725376
active_file 490389504
unevictable 0
hierarchical_memory_limit 1073741824
hierarchical_memsw_limit 5368709120
total_cache 981188608
total_rss 92418048
total_rss_huge 0
total_mapped_file 3387392
total_writeback 0
total_swap 0
total_pgpgin 12363471
total_pgpgout 12101360
total_pgfault 2937324
total_pgmajfault 416
total_inactive_anon 46485504
total_active_anon 46006272
total_inactive_file 490725376
total_active_file 490389504
total_unevictable 0
--------------------BLKIO-----------------------
11:0 Read 0
11:0 Write 0
11:0 Sync 0
11:0 Async 0
11:0 Total 0
253:0 Read 14046908416
253:0 Write 229376
253:0 Sync 0
253:0 Async 14047137792
253:0 Total 14047137792
Total 14047137792
--------------------CPUAC-----------------------
user 1463
system 9925
 
Sat May 20 01:14:35 IST 2017
--------------------MEMCG-----------------------
MEM ONLY  : 1023 MB
MEM+SWAP  : 1023 MB
cache 981274624
rss 92418048
rss_huge 0
mapped_file 3387392
writeback 0
swap 0
pgpgin 12576619
pgpgout 12314487
pgfault 2984523
pgmajfault 416
inactive_anon 46485504
active_anon 46006272
inactive_file 490647552
active_file 490553344
unevictable 0
hierarchical_memory_limit 1073741824
hierarchical_memsw_limit 5368709120
total_cache 981274624
total_rss 92418048
total_rss_huge 0
total_mapped_file 3387392
total_writeback 0
total_swap 0
total_pgpgin 12576619
total_pgpgout 12314487
total_pgfault 2984523
total_pgmajfault 416
total_inactive_anon 46485504
total_active_anon 46006272
total_inactive_file 490647552
total_active_file 490553344
total_unevictable 0
--------------------BLKIO-----------------------
11:0 Read 0
11:0 Write 0
11:0 Sync 0
11:0 Async 0
11:0 Total 0
253:0 Read 14259245056
253:0 Write 229376
253:0 Sync 0
253:0 Async 14259474432
253:0 Total 14259474432
Total 14259474432
--------------------CPUAC-----------------------
user 1487
system 10108
 
Sat May 20 01:15:05 IST 2017
--------------------MEMCG-----------------------
MEM ONLY  : 1023 MB
MEM+SWAP  : 1023 MB
cache 981200896
rss 92418048
rss_huge 0
mapped_file 3387392
writeback 0
swap 0
pgpgin 12781474
pgpgout 12519359
pgfault 3029272
pgmajfault 416
inactive_anon 46485504
active_anon 46006272
inactive_file 490545152
active_file 490549248
unevictable 0
hierarchical_memory_limit 1073741824
hierarchical_memsw_limit 5368709120
total_cache 981204992
total_rss 92418048
total_rss_huge 0
total_mapped_file 3387392
total_writeback 0
total_swap 0
total_pgpgin 12781475
total_pgpgout 12519359
total_pgfault 3029272
total_pgmajfault 416
total_inactive_anon 46485504
total_active_anon 46006272
total_inactive_file 490545152
total_active_file 490549248
total_unevictable 0
--------------------BLKIO-----------------------
11:0 Read 0
11:0 Write 0
11:0 Sync 0
11:0 Async 0
11:0 Total 0
253:0 Read 14468960256
253:0 Write 229376
253:0 Sync 0
253:0 Async 14469189632
253:0 Total 14469189632
Total 14469189632
--------------------CPUAC-----------------------
user 1506
system 10277
 
Sat May 20 01:15:35 IST 2017
--------------------MEMCG-----------------------
MEM ONLY  : 1023 MB
MEM+SWAP  : 1023 MB
cache 981114880
rss 92418048
rss_huge 0
mapped_file 3387392
writeback 0
swap 0
pgpgin 12989953
pgpgout 12727860
pgfault 3074642
pgmajfault 416
inactive_anon 46485504
active_anon 46006272
inactive_file 490672128
active_file 490369024
unevictable 0
hierarchical_memory_limit 1073741824
hierarchical_memsw_limit 5368709120
total_cache 981114880
total_rss 92418048
total_rss_huge 0
total_mapped_file 3387392
total_writeback 0
total_swap 0
total_pgpgin 12989953
total_pgpgout 12727860
total_pgfault 3074642
total_pgmajfault 416
total_inactive_anon 46485504
total_active_anon 46006272
total_inactive_file 490672128
total_active_file 490369024
total_unevictable 0
--------------------BLKIO-----------------------
11:0 Read 0
11:0 Write 0
11:0 Sync 0
11:0 Async 0
11:0 Total 0
253:0 Read 14680780800
253:0 Write 229376
253:0 Sync 0
253:0 Async 14681010176
253:0 Total 14681010176
Total 14681010176
--------------------CPUAC-----------------------
user 1529
system 10462
 
