Sat May 20 01:32:15 IST 2017
--------------------MEMCG-----------------------
MEM ONLY  : 268 MB
MEM+SWAP  : 268 MB
cache 40419328
rss 241377280
rss_huge 0
mapped_file 17154048
writeback 0
swap 0
pgpgin 155506
pgpgout 86708
pgfault 257964
pgmajfault 304
inactive_anon 49152
active_anon 241410048
inactive_file 25489408
active_file 14848000
unevictable 0
hierarchical_memory_limit 2147483648
hierarchical_memsw_limit 5368709120
total_cache 40419328
total_rss 241377280
total_rss_huge 0
total_mapped_file 17154048
total_writeback 0
total_swap 0
total_pgpgin 155506
total_pgpgout 86708
total_pgfault 257964
total_pgmajfault 304
total_inactive_anon 49152
total_active_anon 241410048
total_inactive_file 25489408
total_active_file 14848000
total_unevictable 0
--------------------BLKIO-----------------------
11:0 Read 0
11:0 Write 0
11:0 Sync 0
11:0 Async 0
11:0 Total 0
253:0 Read 62574592
253:0 Write 241664
253:0 Sync 12288
253:0 Async 62803968
253:0 Total 62816256
Total 62816256
--------------------CPUAC-----------------------
user 144
system 148
 
Sat May 20 01:32:45 IST 2017
--------------------MEMCG-----------------------
MEM ONLY  : 268 MB
MEM+SWAP  : 268 MB
cache 40419328
rss 241111040
rss_huge 0
mapped_file 17014784
writeback 0
swap 0
pgpgin 155506
pgpgout 86773
pgfault 257973
pgmajfault 304
inactive_anon 49152
active_anon 241143808
inactive_file 25489408
active_file 14848000
unevictable 0
hierarchical_memory_limit 2147483648
hierarchical_memsw_limit 5368709120
total_cache 40419328
total_rss 241111040
total_rss_huge 0
total_mapped_file 17014784
total_writeback 0
total_swap 0
total_pgpgin 155506
total_pgpgout 86773
total_pgfault 257973
total_pgmajfault 304
total_inactive_anon 49152
total_active_anon 241143808
total_inactive_file 25489408
total_active_file 14848000
total_unevictable 0
--------------------BLKIO-----------------------
11:0 Read 0
11:0 Write 0
11:0 Sync 0
11:0 Async 0
11:0 Total 0
253:0 Read 62574592
253:0 Write 241664
253:0 Sync 12288
253:0 Async 62803968
253:0 Total 62816256
Total 62816256
--------------------CPUAC-----------------------
user 146
system 148
 
Sat May 20 01:33:16 IST 2017
--------------------MEMCG-----------------------
MEM ONLY  : 268 MB
MEM+SWAP  : 268 MB
cache 40419328
rss 241111040
rss_huge 0
mapped_file 17014784
writeback 0
swap 0
pgpgin 155506
pgpgout 86773
pgfault 257973
pgmajfault 304
inactive_anon 49152
active_anon 241143808
inactive_file 25489408
active_file 14848000
unevictable 0
hierarchical_memory_limit 2147483648
hierarchical_memsw_limit 5368709120
total_cache 40419328
total_rss 241111040
total_rss_huge 0
total_mapped_file 17014784
total_writeback 0
total_swap 0
total_pgpgin 155506
total_pgpgout 86773
total_pgfault 257973
total_pgmajfault 304
total_inactive_anon 49152
total_active_anon 241143808
total_inactive_file 25489408
total_active_file 14848000
total_unevictable 0
--------------------BLKIO-----------------------
11:0 Read 0
11:0 Write 0
11:0 Sync 0
11:0 Async 0
11:0 Total 0
253:0 Read 62574592
253:0 Write 241664
253:0 Sync 12288
253:0 Async 62803968
253:0 Total 62816256
Total 62816256
--------------------CPUAC-----------------------
user 148
system 148
 
Sat May 20 01:33:46 IST 2017
--------------------MEMCG-----------------------
MEM ONLY  : 268 MB
MEM+SWAP  : 268 MB
cache 40419328
rss 241111040
rss_huge 0
mapped_file 17014784
writeback 0
swap 0
pgpgin 155506
pgpgout 86773
pgfault 257973
pgmajfault 304
inactive_anon 49152
active_anon 241143808
inactive_file 25489408
active_file 14848000
unevictable 0
hierarchical_memory_limit 2147483648
hierarchical_memsw_limit 5368709120
total_cache 40419328
total_rss 241111040
total_rss_huge 0
total_mapped_file 17014784
total_writeback 0
total_swap 0
total_pgpgin 155506
total_pgpgout 86773
total_pgfault 257973
total_pgmajfault 304
total_inactive_anon 49152
total_active_anon 241143808
total_inactive_file 25489408
total_active_file 14848000
total_unevictable 0
--------------------BLKIO-----------------------
11:0 Read 0
11:0 Write 0
11:0 Sync 0
11:0 Async 0
11:0 Total 0
253:0 Read 62574592
253:0 Write 241664
253:0 Sync 12288
253:0 Async 62803968
253:0 Total 62816256
Total 62816256
--------------------CPUAC-----------------------
user 150
system 148
 
Sat May 20 01:34:16 IST 2017
--------------------MEMCG-----------------------
MEM ONLY  : 268 MB
MEM+SWAP  : 268 MB
cache 40419328
rss 241111040
rss_huge 0
mapped_file 17014784
writeback 0
swap 0
pgpgin 155506
pgpgout 86773
pgfault 257973
pgmajfault 304
inactive_anon 49152
active_anon 241143808
inactive_file 25489408
active_file 14848000
unevictable 0
hierarchical_memory_limit 2147483648
hierarchical_memsw_limit 5368709120
total_cache 40419328
total_rss 241111040
total_rss_huge 0
total_mapped_file 17014784
total_writeback 0
total_swap 0
total_pgpgin 155506
total_pgpgout 86773
total_pgfault 257973
total_pgmajfault 304
total_inactive_anon 49152
total_active_anon 241143808
total_inactive_file 25489408
total_active_file 14848000
total_unevictable 0
--------------------BLKIO-----------------------
11:0 Read 0
11:0 Write 0
11:0 Sync 0
11:0 Async 0
11:0 Total 0
253:0 Read 62574592
253:0 Write 241664
253:0 Sync 12288
253:0 Async 62803968
253:0 Total 62816256
Total 62816256
--------------------CPUAC-----------------------
user 151
system 149
 
Sat May 20 01:34:46 IST 2017
--------------------MEMCG-----------------------
MEM ONLY  : 268 MB
MEM+SWAP  : 268 MB
cache 40419328
rss 241111040
rss_huge 0
mapped_file 17014784
writeback 0
swap 0
pgpgin 155506
pgpgout 86773
pgfault 257973
pgmajfault 304
inactive_anon 49152
active_anon 241143808
inactive_file 25489408
active_file 14848000
unevictable 0
hierarchical_memory_limit 2147483648
hierarchical_memsw_limit 5368709120
total_cache 40419328
total_rss 241111040
total_rss_huge 0
total_mapped_file 17014784
total_writeback 0
total_swap 0
total_pgpgin 155506
total_pgpgout 86773
total_pgfault 257973
total_pgmajfault 304
total_inactive_anon 49152
total_active_anon 241143808
total_inactive_file 25489408
total_active_file 14848000
total_unevictable 0
--------------------BLKIO-----------------------
11:0 Read 0
11:0 Write 0
11:0 Sync 0
11:0 Async 0
11:0 Total 0
253:0 Read 62574592
253:0 Write 241664
253:0 Sync 12288
253:0 Async 62803968
253:0 Total 62816256
Total 62816256
--------------------CPUAC-----------------------
user 153
system 150
 
Sat May 20 01:35:16 IST 2017
--------------------MEMCG-----------------------
MEM ONLY  : 268 MB
MEM+SWAP  : 268 MB
cache 40419328
rss 241111040
rss_huge 0
mapped_file 17014784
writeback 0
swap 0
pgpgin 155506
pgpgout 86773
pgfault 257973
pgmajfault 304
inactive_anon 49152
active_anon 241143808
inactive_file 25489408
active_file 14848000
unevictable 0
hierarchical_memory_limit 2147483648
hierarchical_memsw_limit 5368709120
total_cache 40419328
total_rss 241111040
total_rss_huge 0
total_mapped_file 17014784
total_writeback 0
total_swap 0
total_pgpgin 155506
total_pgpgout 86773
total_pgfault 257973
total_pgmajfault 304
total_inactive_anon 49152
total_active_anon 241143808
total_inactive_file 25489408
total_active_file 14848000
total_unevictable 0
--------------------BLKIO-----------------------
11:0 Read 0
11:0 Write 0
11:0 Sync 0
11:0 Async 0
11:0 Total 0
253:0 Read 62574592
253:0 Write 241664
253:0 Sync 12288
253:0 Async 62803968
253:0 Total 62816256
Total 62816256
--------------------CPUAC-----------------------
user 156
system 150
 
Sat May 20 01:35:46 IST 2017
--------------------MEMCG-----------------------
MEM ONLY  : 268 MB
MEM+SWAP  : 268 MB
cache 40419328
rss 241111040
rss_huge 0
mapped_file 17014784
writeback 0
swap 0
pgpgin 155506
pgpgout 86773
pgfault 257973
pgmajfault 304
inactive_anon 49152
active_anon 241143808
inactive_file 25489408
active_file 14848000
unevictable 0
hierarchical_memory_limit 2147483648
hierarchical_memsw_limit 5368709120
total_cache 40419328
total_rss 241111040
total_rss_huge 0
total_mapped_file 17014784
total_writeback 0
total_swap 0
total_pgpgin 155506
total_pgpgout 86773
total_pgfault 257973
total_pgmajfault 304
total_inactive_anon 49152
total_active_anon 241143808
total_inactive_file 25489408
total_active_file 14848000
total_unevictable 0
--------------------BLKIO-----------------------
11:0 Read 0
11:0 Write 0
11:0 Sync 0
11:0 Async 0
11:0 Total 0
253:0 Read 62574592
253:0 Write 241664
253:0 Sync 12288
253:0 Async 62803968
253:0 Total 62816256
Total 62816256
--------------------CPUAC-----------------------
user 157
system 150
 
Sat May 20 01:36:16 IST 2017
--------------------MEMCG-----------------------
MEM ONLY  : 268 MB
MEM+SWAP  : 268 MB
cache 40419328
rss 241111040
rss_huge 0
mapped_file 17014784
writeback 0
swap 0
pgpgin 155506
pgpgout 86773
pgfault 257973
pgmajfault 304
inactive_anon 49152
active_anon 241143808
inactive_file 25489408
active_file 14848000
unevictable 0
hierarchical_memory_limit 2147483648
hierarchical_memsw_limit 5368709120
total_cache 40419328
total_rss 241111040
total_rss_huge 0
total_mapped_file 17014784
total_writeback 0
total_swap 0
total_pgpgin 155506
total_pgpgout 86773
total_pgfault 257973
total_pgmajfault 304
total_inactive_anon 49152
total_active_anon 241143808
total_inactive_file 25489408
total_active_file 14848000
total_unevictable 0
--------------------BLKIO-----------------------
11:0 Read 0
11:0 Write 0
11:0 Sync 0
11:0 Async 0
11:0 Total 0
253:0 Read 62574592
253:0 Write 241664
253:0 Sync 12288
253:0 Async 62803968
253:0 Total 62816256
Total 62816256
--------------------CPUAC-----------------------
user 158
system 150
 
Sat May 20 01:36:46 IST 2017
--------------------MEMCG-----------------------
MEM ONLY  : 268 MB
MEM+SWAP  : 268 MB
cache 40419328
rss 241111040
rss_huge 0
mapped_file 17014784
writeback 0
swap 0
pgpgin 155506
pgpgout 86773
pgfault 257973
pgmajfault 304
inactive_anon 49152
active_anon 241143808
inactive_file 25489408
active_file 14848000
unevictable 0
hierarchical_memory_limit 2147483648
hierarchical_memsw_limit 5368709120
total_cache 40419328
total_rss 241111040
total_rss_huge 0
total_mapped_file 17014784
total_writeback 0
total_swap 0
total_pgpgin 155506
total_pgpgout 86773
total_pgfault 257973
total_pgmajfault 304
total_inactive_anon 49152
total_active_anon 241143808
total_inactive_file 25489408
total_active_file 14848000
total_unevictable 0
--------------------BLKIO-----------------------
11:0 Read 0
11:0 Write 0
11:0 Sync 0
11:0 Async 0
11:0 Total 0
253:0 Read 62574592
253:0 Write 241664
253:0 Sync 12288
253:0 Async 62803968
253:0 Total 62816256
Total 62816256
--------------------CPUAC-----------------------
user 159
system 150
 
Sat May 20 01:37:16 IST 2017
--------------------MEMCG-----------------------
MEM ONLY  : 268 MB
MEM+SWAP  : 268 MB
cache 40419328
rss 241111040
rss_huge 0
mapped_file 17014784
writeback 0
swap 0
pgpgin 155506
pgpgout 86773
pgfault 257973
pgmajfault 304
inactive_anon 49152
active_anon 241143808
inactive_file 25489408
active_file 14848000
unevictable 0
hierarchical_memory_limit 2147483648
hierarchical_memsw_limit 5368709120
total_cache 40419328
total_rss 241111040
total_rss_huge 0
total_mapped_file 17014784
total_writeback 0
total_swap 0
total_pgpgin 155506
total_pgpgout 86773
total_pgfault 257973
total_pgmajfault 304
total_inactive_anon 49152
total_active_anon 241143808
total_inactive_file 25489408
total_active_file 14848000
total_unevictable 0
--------------------BLKIO-----------------------
11:0 Read 0
11:0 Write 0
11:0 Sync 0
11:0 Async 0
11:0 Total 0
253:0 Read 62574592
253:0 Write 241664
253:0 Sync 12288
253:0 Async 62803968
253:0 Total 62816256
Total 62816256
--------------------CPUAC-----------------------
user 161
system 151
 
Sat May 20 01:37:46 IST 2017
--------------------MEMCG-----------------------
MEM ONLY  : 268 MB
MEM+SWAP  : 268 MB
cache 40419328
rss 241111040
rss_huge 0
mapped_file 17014784
writeback 0
swap 0
pgpgin 155506
pgpgout 86773
pgfault 257973
pgmajfault 304
inactive_anon 49152
active_anon 241143808
inactive_file 25489408
active_file 14848000
unevictable 0
hierarchical_memory_limit 2147483648
hierarchical_memsw_limit 5368709120
total_cache 40419328
total_rss 241111040
total_rss_huge 0
total_mapped_file 17014784
total_writeback 0
total_swap 0
total_pgpgin 155506
total_pgpgout 86773
total_pgfault 257973
total_pgmajfault 304
total_inactive_anon 49152
total_active_anon 241143808
total_inactive_file 25489408
total_active_file 14848000
total_unevictable 0
--------------------BLKIO-----------------------
11:0 Read 0
11:0 Write 0
11:0 Sync 0
11:0 Async 0
11:0 Total 0
253:0 Read 62574592
253:0 Write 241664
253:0 Sync 12288
253:0 Async 62803968
253:0 Total 62816256
Total 62816256
--------------------CPUAC-----------------------
user 163
system 152
 
Sat May 20 01:38:16 IST 2017
--------------------MEMCG-----------------------
MEM ONLY  : 268 MB
MEM+SWAP  : 268 MB
cache 40419328
rss 241111040
rss_huge 0
mapped_file 17014784
writeback 0
swap 0
pgpgin 155506
pgpgout 86773
pgfault 257973
pgmajfault 304
inactive_anon 49152
active_anon 241143808
inactive_file 25489408
active_file 14848000
unevictable 0
hierarchical_memory_limit 2147483648
hierarchical_memsw_limit 5368709120
total_cache 40419328
total_rss 241111040
total_rss_huge 0
total_mapped_file 17014784
total_writeback 0
total_swap 0
total_pgpgin 155506
total_pgpgout 86773
total_pgfault 257973
total_pgmajfault 304
total_inactive_anon 49152
total_active_anon 241143808
total_inactive_file 25489408
total_active_file 14848000
total_unevictable 0
--------------------BLKIO-----------------------
11:0 Read 0
11:0 Write 0
11:0 Sync 0
11:0 Async 0
11:0 Total 0
253:0 Read 62574592
253:0 Write 241664
253:0 Sync 12288
253:0 Async 62803968
253:0 Total 62816256
Total 62816256
--------------------CPUAC-----------------------
user 165
system 152
 
Sat May 20 01:38:46 IST 2017
--------------------MEMCG-----------------------
MEM ONLY  : 268 MB
MEM+SWAP  : 268 MB
cache 40419328
rss 241111040
rss_huge 0
mapped_file 17014784
writeback 0
swap 0
pgpgin 155506
pgpgout 86773
pgfault 257973
pgmajfault 304
inactive_anon 49152
active_anon 241143808
inactive_file 25489408
active_file 14848000
unevictable 0
hierarchical_memory_limit 2147483648
hierarchical_memsw_limit 5368709120
total_cache 40419328
total_rss 241111040
total_rss_huge 0
total_mapped_file 17014784
total_writeback 0
total_swap 0
total_pgpgin 155506
total_pgpgout 86773
total_pgfault 257973
total_pgmajfault 304
total_inactive_anon 49152
total_active_anon 241143808
total_inactive_file 25489408
total_active_file 14848000
total_unevictable 0
--------------------BLKIO-----------------------
11:0 Read 0
11:0 Write 0
11:0 Sync 0
11:0 Async 0
11:0 Total 0
253:0 Read 62574592
253:0 Write 241664
253:0 Sync 12288
253:0 Async 62803968
253:0 Total 62816256
Total 62816256
--------------------CPUAC-----------------------
user 167
system 153
 
Sat May 20 01:39:16 IST 2017
--------------------MEMCG-----------------------
MEM ONLY  : 268 MB
MEM+SWAP  : 268 MB
cache 40419328
rss 241111040
rss_huge 0
mapped_file 17014784
writeback 0
swap 0
pgpgin 155506
pgpgout 86773
pgfault 257973
pgmajfault 304
inactive_anon 49152
active_anon 241143808
inactive_file 25489408
active_file 14848000
unevictable 0
hierarchical_memory_limit 2147483648
hierarchical_memsw_limit 5368709120
total_cache 40419328
total_rss 241111040
total_rss_huge 0
total_mapped_file 17014784
total_writeback 0
total_swap 0
total_pgpgin 155506
total_pgpgout 86773
total_pgfault 257973
total_pgmajfault 304
total_inactive_anon 49152
total_active_anon 241143808
total_inactive_file 25489408
total_active_file 14848000
total_unevictable 0
--------------------BLKIO-----------------------
11:0 Read 0
11:0 Write 0
11:0 Sync 0
11:0 Async 0
11:0 Total 0
253:0 Read 62574592
253:0 Write 241664
253:0 Sync 12288
253:0 Async 62803968
253:0 Total 62816256
Total 62816256
--------------------CPUAC-----------------------
user 169
system 154
 
Sat May 20 01:39:46 IST 2017
--------------------MEMCG-----------------------
MEM ONLY  : 268 MB
MEM+SWAP  : 268 MB
cache 40419328
rss 241111040
rss_huge 0
mapped_file 17014784
writeback 0
swap 0
pgpgin 155506
pgpgout 86773
pgfault 257973
pgmajfault 304
inactive_anon 49152
active_anon 241143808
inactive_file 25489408
active_file 14848000
unevictable 0
hierarchical_memory_limit 2147483648
hierarchical_memsw_limit 5368709120
total_cache 40419328
total_rss 241111040
total_rss_huge 0
total_mapped_file 17014784
total_writeback 0
total_swap 0
total_pgpgin 155506
total_pgpgout 86773
total_pgfault 257973
total_pgmajfault 304
total_inactive_anon 49152
total_active_anon 241143808
total_inactive_file 25489408
total_active_file 14848000
total_unevictable 0
--------------------BLKIO-----------------------
11:0 Read 0
11:0 Write 0
11:0 Sync 0
11:0 Async 0
11:0 Total 0
253:0 Read 62574592
253:0 Write 241664
253:0 Sync 12288
253:0 Async 62803968
253:0 Total 62816256
Total 62816256
--------------------CPUAC-----------------------
user 171
system 154
 
Sat May 20 01:40:16 IST 2017
--------------------MEMCG-----------------------
MEM ONLY  : 268 MB
MEM+SWAP  : 268 MB
cache 40419328
rss 241111040
rss_huge 0
mapped_file 17014784
writeback 0
swap 0
pgpgin 155506
pgpgout 86773
pgfault 257973
pgmajfault 304
inactive_anon 49152
active_anon 241143808
inactive_file 25489408
active_file 14848000
unevictable 0
hierarchical_memory_limit 2147483648
hierarchical_memsw_limit 5368709120
total_cache 40419328
total_rss 241111040
total_rss_huge 0
total_mapped_file 17014784
total_writeback 0
total_swap 0
total_pgpgin 155506
total_pgpgout 86773
total_pgfault 257973
total_pgmajfault 304
total_inactive_anon 49152
total_active_anon 241143808
total_inactive_file 25489408
total_active_file 14848000
total_unevictable 0
--------------------BLKIO-----------------------
11:0 Read 0
11:0 Write 0
11:0 Sync 0
11:0 Async 0
11:0 Total 0
253:0 Read 62574592
253:0 Write 241664
253:0 Sync 12288
253:0 Async 62803968
253:0 Total 62816256
Total 62816256
--------------------CPUAC-----------------------
user 171
system 154
 
Sat May 20 01:40:46 IST 2017
--------------------MEMCG-----------------------
MEM ONLY  : 268 MB
MEM+SWAP  : 268 MB
cache 40419328
rss 241111040
rss_huge 0
mapped_file 17014784
writeback 0
swap 0
pgpgin 155506
pgpgout 86773
pgfault 257973
pgmajfault 304
inactive_anon 49152
active_anon 241143808
inactive_file 25489408
active_file 14848000
unevictable 0
hierarchical_memory_limit 2147483648
hierarchical_memsw_limit 5368709120
total_cache 40419328
total_rss 241111040
total_rss_huge 0
total_mapped_file 17014784
total_writeback 0
total_swap 0
total_pgpgin 155506
total_pgpgout 86773
total_pgfault 257973
total_pgmajfault 304
total_inactive_anon 49152
total_active_anon 241143808
total_inactive_file 25489408
total_active_file 14848000
total_unevictable 0
--------------------BLKIO-----------------------
11:0 Read 0
11:0 Write 0
11:0 Sync 0
11:0 Async 0
11:0 Total 0
253:0 Read 62574592
253:0 Write 241664
253:0 Sync 12288
253:0 Async 62803968
253:0 Total 62816256
Total 62816256
--------------------CPUAC-----------------------
user 172
system 155
 
Sat May 20 01:41:16 IST 2017
--------------------MEMCG-----------------------
MEM ONLY  : 268 MB
MEM+SWAP  : 268 MB
cache 40419328
rss 241111040
rss_huge 0
mapped_file 17014784
writeback 0
swap 0
pgpgin 155506
pgpgout 86773
pgfault 257973
pgmajfault 304
inactive_anon 49152
active_anon 241143808
inactive_file 25489408
active_file 14848000
unevictable 0
hierarchical_memory_limit 2147483648
hierarchical_memsw_limit 5368709120
total_cache 40419328
total_rss 241111040
total_rss_huge 0
total_mapped_file 17014784
total_writeback 0
total_swap 0
total_pgpgin 155506
total_pgpgout 86773
total_pgfault 257973
total_pgmajfault 304
total_inactive_anon 49152
total_active_anon 241143808
total_inactive_file 25489408
total_active_file 14848000
total_unevictable 0
--------------------BLKIO-----------------------
11:0 Read 0
11:0 Write 0
11:0 Sync 0
11:0 Async 0
11:0 Total 0
253:0 Read 62574592
253:0 Write 241664
253:0 Sync 12288
253:0 Async 62803968
253:0 Total 62816256
Total 62816256
--------------------CPUAC-----------------------
user 174
system 155
 
Sat May 20 01:41:46 IST 2017
--------------------MEMCG-----------------------
MEM ONLY  : 268 MB
MEM+SWAP  : 268 MB
cache 40419328
rss 241111040
rss_huge 0
mapped_file 17014784
writeback 0
swap 0
pgpgin 155506
pgpgout 86773
pgfault 257973
pgmajfault 304
inactive_anon 49152
active_anon 241143808
inactive_file 25489408
active_file 14848000
unevictable 0
hierarchical_memory_limit 2147483648
hierarchical_memsw_limit 5368709120
total_cache 40419328
total_rss 241111040
total_rss_huge 0
total_mapped_file 17014784
total_writeback 0
total_swap 0
total_pgpgin 155506
total_pgpgout 86773
total_pgfault 257973
total_pgmajfault 304
total_inactive_anon 49152
total_active_anon 241143808
total_inactive_file 25489408
total_active_file 14848000
total_unevictable 0
--------------------BLKIO-----------------------
11:0 Read 0
11:0 Write 0
11:0 Sync 0
11:0 Async 0
11:0 Total 0
253:0 Read 62574592
253:0 Write 241664
253:0 Sync 12288
253:0 Async 62803968
253:0 Total 62816256
Total 62816256
--------------------CPUAC-----------------------
user 176
system 156
 
Sat May 20 01:42:16 IST 2017
--------------------MEMCG-----------------------
MEM ONLY  : 268 MB
MEM+SWAP  : 268 MB
cache 40419328
rss 241111040
rss_huge 0
mapped_file 17014784
writeback 0
swap 0
pgpgin 155506
pgpgout 86773
pgfault 257973
pgmajfault 304
inactive_anon 49152
active_anon 241143808
inactive_file 25489408
active_file 14848000
unevictable 0
hierarchical_memory_limit 2147483648
hierarchical_memsw_limit 5368709120
total_cache 40419328
total_rss 241111040
total_rss_huge 0
total_mapped_file 17014784
total_writeback 0
total_swap 0
total_pgpgin 155506
total_pgpgout 86773
total_pgfault 257973
total_pgmajfault 304
total_inactive_anon 49152
total_active_anon 241143808
total_inactive_file 25489408
total_active_file 14848000
total_unevictable 0
--------------------BLKIO-----------------------
11:0 Read 0
11:0 Write 0
11:0 Sync 0
11:0 Async 0
11:0 Total 0
253:0 Read 62574592
253:0 Write 241664
253:0 Sync 12288
253:0 Async 62803968
253:0 Total 62816256
Total 62816256
--------------------CPUAC-----------------------
user 177
system 156
 
Sat May 20 01:42:46 IST 2017
--------------------MEMCG-----------------------
MEM ONLY  : 268 MB
MEM+SWAP  : 268 MB
cache 40419328
rss 241111040
rss_huge 0
mapped_file 17014784
writeback 0
swap 0
pgpgin 155506
pgpgout 86773
pgfault 257973
pgmajfault 304
inactive_anon 49152
active_anon 241143808
inactive_file 25489408
active_file 14848000
unevictable 0
hierarchical_memory_limit 2147483648
hierarchical_memsw_limit 5368709120
total_cache 40419328
total_rss 241111040
total_rss_huge 0
total_mapped_file 17014784
total_writeback 0
total_swap 0
total_pgpgin 155506
total_pgpgout 86773
total_pgfault 257973
total_pgmajfault 304
total_inactive_anon 49152
total_active_anon 241143808
total_inactive_file 25489408
total_active_file 14848000
total_unevictable 0
--------------------BLKIO-----------------------
11:0 Read 0
11:0 Write 0
11:0 Sync 0
11:0 Async 0
11:0 Total 0
253:0 Read 62574592
253:0 Write 241664
253:0 Sync 12288
253:0 Async 62803968
253:0 Total 62816256
Total 62816256
--------------------CPUAC-----------------------
user 180
system 157
 
Sat May 20 01:43:16 IST 2017
--------------------MEMCG-----------------------
MEM ONLY  : 268 MB
MEM+SWAP  : 268 MB
cache 40419328
rss 241111040
rss_huge 0
mapped_file 17014784
writeback 0
swap 0
pgpgin 155506
pgpgout 86773
pgfault 257973
pgmajfault 304
inactive_anon 49152
active_anon 241143808
inactive_file 25489408
active_file 14848000
unevictable 0
hierarchical_memory_limit 2147483648
hierarchical_memsw_limit 5368709120
total_cache 40419328
total_rss 241111040
total_rss_huge 0
total_mapped_file 17014784
total_writeback 0
total_swap 0
total_pgpgin 155506
total_pgpgout 86773
total_pgfault 257973
total_pgmajfault 304
total_inactive_anon 49152
total_active_anon 241143808
total_inactive_file 25489408
total_active_file 14848000
total_unevictable 0
--------------------BLKIO-----------------------
11:0 Read 0
11:0 Write 0
11:0 Sync 0
11:0 Async 0
11:0 Total 0
253:0 Read 62574592
253:0 Write 241664
253:0 Sync 12288
253:0 Async 62803968
253:0 Total 62816256
Total 62816256
--------------------CPUAC-----------------------
user 182
system 158
 
Sat May 20 01:43:46 IST 2017
--------------------MEMCG-----------------------
MEM ONLY  : 268 MB
MEM+SWAP  : 268 MB
cache 40419328
rss 241111040
rss_huge 0
mapped_file 17014784
writeback 0
swap 0
pgpgin 155506
pgpgout 86773
pgfault 257973
pgmajfault 304
inactive_anon 49152
active_anon 241143808
inactive_file 25489408
active_file 14848000
unevictable 0
hierarchical_memory_limit 2147483648
hierarchical_memsw_limit 5368709120
total_cache 40419328
total_rss 241111040
total_rss_huge 0
total_mapped_file 17014784
total_writeback 0
total_swap 0
total_pgpgin 155506
total_pgpgout 86773
total_pgfault 257973
total_pgmajfault 304
total_inactive_anon 49152
total_active_anon 241143808
total_inactive_file 25489408
total_active_file 14848000
total_unevictable 0
--------------------BLKIO-----------------------
11:0 Read 0
11:0 Write 0
11:0 Sync 0
11:0 Async 0
11:0 Total 0
253:0 Read 62574592
253:0 Write 241664
253:0 Sync 12288
253:0 Async 62803968
253:0 Total 62816256
Total 62816256
--------------------CPUAC-----------------------
user 184
system 158
 
Sat May 20 01:44:16 IST 2017
--------------------MEMCG-----------------------
MEM ONLY  : 268 MB
MEM+SWAP  : 268 MB
cache 40419328
rss 241111040
rss_huge 0
mapped_file 17014784
writeback 0
swap 0
pgpgin 155506
pgpgout 86773
pgfault 257973
pgmajfault 304
inactive_anon 49152
active_anon 241143808
inactive_file 25489408
active_file 14848000
unevictable 0
hierarchical_memory_limit 2147483648
hierarchical_memsw_limit 5368709120
total_cache 40419328
total_rss 241111040
total_rss_huge 0
total_mapped_file 17014784
total_writeback 0
total_swap 0
total_pgpgin 155506
total_pgpgout 86773
total_pgfault 257973
total_pgmajfault 304
total_inactive_anon 49152
total_active_anon 241143808
total_inactive_file 25489408
total_active_file 14848000
total_unevictable 0
--------------------BLKIO-----------------------
11:0 Read 0
11:0 Write 0
11:0 Sync 0
11:0 Async 0
11:0 Total 0
253:0 Read 62574592
253:0 Write 241664
253:0 Sync 12288
253:0 Async 62803968
253:0 Total 62816256
Total 62816256
--------------------CPUAC-----------------------
user 186
system 158
 
Sat May 20 01:44:46 IST 2017
--------------------MEMCG-----------------------
MEM ONLY  : 268 MB
MEM+SWAP  : 268 MB
cache 40419328
rss 241111040
rss_huge 0
mapped_file 17014784
writeback 0
swap 0
pgpgin 155506
pgpgout 86773
pgfault 257973
pgmajfault 304
inactive_anon 49152
active_anon 241143808
inactive_file 25489408
active_file 14848000
unevictable 0
hierarchical_memory_limit 2147483648
hierarchical_memsw_limit 5368709120
total_cache 40419328
total_rss 241111040
total_rss_huge 0
total_mapped_file 17014784
total_writeback 0
total_swap 0
total_pgpgin 155506
total_pgpgout 86773
total_pgfault 257973
total_pgmajfault 304
total_inactive_anon 49152
total_active_anon 241143808
total_inactive_file 25489408
total_active_file 14848000
total_unevictable 0
--------------------BLKIO-----------------------
11:0 Read 0
11:0 Write 0
11:0 Sync 0
11:0 Async 0
11:0 Total 0
253:0 Read 62574592
253:0 Write 241664
253:0 Sync 12288
253:0 Async 62803968
253:0 Total 62816256
Total 62816256
--------------------CPUAC-----------------------
user 187
system 158
 
Sat May 20 01:45:16 IST 2017
--------------------MEMCG-----------------------
MEM ONLY  : 268 MB
MEM+SWAP  : 268 MB
cache 40419328
rss 241111040
rss_huge 0
mapped_file 17014784
writeback 0
swap 0
pgpgin 155506
pgpgout 86773
pgfault 257973
pgmajfault 304
inactive_anon 49152
active_anon 241143808
inactive_file 25489408
active_file 14848000
unevictable 0
hierarchical_memory_limit 2147483648
hierarchical_memsw_limit 5368709120
total_cache 40419328
total_rss 241111040
total_rss_huge 0
total_mapped_file 17014784
total_writeback 0
total_swap 0
total_pgpgin 155506
total_pgpgout 86773
total_pgfault 257973
total_pgmajfault 304
total_inactive_anon 49152
total_active_anon 241143808
total_inactive_file 25489408
total_active_file 14848000
total_unevictable 0
--------------------BLKIO-----------------------
11:0 Read 0
11:0 Write 0
11:0 Sync 0
11:0 Async 0
11:0 Total 0
253:0 Read 62574592
253:0 Write 241664
253:0 Sync 12288
253:0 Async 62803968
253:0 Total 62816256
Total 62816256
--------------------CPUAC-----------------------
user 190
system 158
 
Sat May 20 01:45:46 IST 2017
--------------------MEMCG-----------------------
MEM ONLY  : 268 MB
MEM+SWAP  : 268 MB
cache 40419328
rss 241111040
rss_huge 0
mapped_file 17014784
writeback 0
swap 0
pgpgin 155506
pgpgout 86773
pgfault 257973
pgmajfault 304
inactive_anon 49152
active_anon 241143808
inactive_file 25489408
active_file 14848000
unevictable 0
hierarchical_memory_limit 2147483648
hierarchical_memsw_limit 5368709120
total_cache 40419328
total_rss 241111040
total_rss_huge 0
total_mapped_file 17014784
total_writeback 0
total_swap 0
total_pgpgin 155506
total_pgpgout 86773
total_pgfault 257973
total_pgmajfault 304
total_inactive_anon 49152
total_active_anon 241143808
total_inactive_file 25489408
total_active_file 14848000
total_unevictable 0
--------------------BLKIO-----------------------
11:0 Read 0
11:0 Write 0
11:0 Sync 0
11:0 Async 0
11:0 Total 0
253:0 Read 62574592
253:0 Write 241664
253:0 Sync 12288
253:0 Async 62803968
253:0 Total 62816256
Total 62816256
--------------------CPUAC-----------------------
user 192
system 158
 
Sat May 20 01:46:16 IST 2017
--------------------MEMCG-----------------------
MEM ONLY  : 268 MB
MEM+SWAP  : 268 MB
cache 40419328
rss 241111040
rss_huge 0
mapped_file 17014784
writeback 0
swap 0
pgpgin 155506
pgpgout 86773
pgfault 257973
pgmajfault 304
inactive_anon 49152
active_anon 241143808
inactive_file 25489408
active_file 14848000
unevictable 0
hierarchical_memory_limit 2147483648
hierarchical_memsw_limit 5368709120
total_cache 40419328
total_rss 241111040
total_rss_huge 0
total_mapped_file 17014784
total_writeback 0
total_swap 0
total_pgpgin 155506
total_pgpgout 86773
total_pgfault 257973
total_pgmajfault 304
total_inactive_anon 49152
total_active_anon 241143808
total_inactive_file 25489408
total_active_file 14848000
total_unevictable 0
--------------------BLKIO-----------------------
11:0 Read 0
11:0 Write 0
11:0 Sync 0
11:0 Async 0
11:0 Total 0
253:0 Read 62574592
253:0 Write 241664
253:0 Sync 12288
253:0 Async 62803968
253:0 Total 62816256
Total 62816256
--------------------CPUAC-----------------------
user 194
system 159
 
Sat May 20 01:46:46 IST 2017
--------------------MEMCG-----------------------
MEM ONLY  : 268 MB
MEM+SWAP  : 268 MB
cache 40419328
rss 241111040
rss_huge 0
mapped_file 17014784
writeback 0
swap 0
pgpgin 155506
pgpgout 86773
pgfault 257973
pgmajfault 304
inactive_anon 49152
active_anon 241143808
inactive_file 25489408
active_file 14848000
unevictable 0
hierarchical_memory_limit 2147483648
hierarchical_memsw_limit 5368709120
total_cache 40419328
total_rss 241111040
total_rss_huge 0
total_mapped_file 17014784
total_writeback 0
total_swap 0
total_pgpgin 155506
total_pgpgout 86773
total_pgfault 257973
total_pgmajfault 304
total_inactive_anon 49152
total_active_anon 241143808
total_inactive_file 25489408
total_active_file 14848000
total_unevictable 0
--------------------BLKIO-----------------------
11:0 Read 0
11:0 Write 0
11:0 Sync 0
11:0 Async 0
11:0 Total 0
253:0 Read 62574592
253:0 Write 241664
253:0 Sync 12288
253:0 Async 62803968
253:0 Total 62816256
Total 62816256
--------------------CPUAC-----------------------
user 196
system 160
 
Sat May 20 01:47:16 IST 2017
--------------------MEMCG-----------------------
MEM ONLY  : 268 MB
MEM+SWAP  : 268 MB
cache 40419328
rss 241111040
rss_huge 0
mapped_file 17014784
writeback 0
swap 0
pgpgin 155506
pgpgout 86773
pgfault 257973
pgmajfault 304
inactive_anon 49152
active_anon 241143808
inactive_file 25489408
active_file 14848000
unevictable 0
hierarchical_memory_limit 2147483648
hierarchical_memsw_limit 5368709120
total_cache 40419328
total_rss 241111040
total_rss_huge 0
total_mapped_file 17014784
total_writeback 0
total_swap 0
total_pgpgin 155506
total_pgpgout 86773
total_pgfault 257973
total_pgmajfault 304
total_inactive_anon 49152
total_active_anon 241143808
total_inactive_file 25489408
total_active_file 14848000
total_unevictable 0
--------------------BLKIO-----------------------
11:0 Read 0
11:0 Write 0
11:0 Sync 0
11:0 Async 0
11:0 Total 0
253:0 Read 62574592
253:0 Write 241664
253:0 Sync 12288
253:0 Async 62803968
253:0 Total 62816256
Total 62816256
--------------------CPUAC-----------------------
user 198
system 160
 
Sat May 20 01:47:46 IST 2017
--------------------MEMCG-----------------------
MEM ONLY  : 268 MB
MEM+SWAP  : 268 MB
cache 40419328
rss 241111040
rss_huge 0
mapped_file 17014784
writeback 0
swap 0
pgpgin 155506
pgpgout 86773
pgfault 257973
pgmajfault 304
inactive_anon 49152
active_anon 241143808
inactive_file 25489408
active_file 14848000
unevictable 0
hierarchical_memory_limit 2147483648
hierarchical_memsw_limit 5368709120
total_cache 40419328
total_rss 241111040
total_rss_huge 0
total_mapped_file 17014784
total_writeback 0
total_swap 0
total_pgpgin 155506
total_pgpgout 86773
total_pgfault 257973
total_pgmajfault 304
total_inactive_anon 49152
total_active_anon 241143808
total_inactive_file 25489408
total_active_file 14848000
total_unevictable 0
--------------------BLKIO-----------------------
11:0 Read 0
11:0 Write 0
11:0 Sync 0
11:0 Async 0
11:0 Total 0
253:0 Read 62574592
253:0 Write 241664
253:0 Sync 12288
253:0 Async 62803968
253:0 Total 62816256
Total 62816256
--------------------CPUAC-----------------------
user 199
system 161
 
Sat May 20 01:48:16 IST 2017
--------------------MEMCG-----------------------
MEM ONLY  : 268 MB
MEM+SWAP  : 268 MB
cache 40419328
rss 241111040
rss_huge 0
mapped_file 17014784
writeback 0
swap 0
pgpgin 155506
pgpgout 86773
pgfault 257973
pgmajfault 304
inactive_anon 49152
active_anon 241143808
inactive_file 25489408
active_file 14848000
unevictable 0
hierarchical_memory_limit 2147483648
hierarchical_memsw_limit 5368709120
total_cache 40419328
total_rss 241111040
total_rss_huge 0
total_mapped_file 17014784
total_writeback 0
total_swap 0
total_pgpgin 155506
total_pgpgout 86773
total_pgfault 257973
total_pgmajfault 304
total_inactive_anon 49152
total_active_anon 241143808
total_inactive_file 25489408
total_active_file 14848000
total_unevictable 0
--------------------BLKIO-----------------------
11:0 Read 0
11:0 Write 0
11:0 Sync 0
11:0 Async 0
11:0 Total 0
253:0 Read 62574592
253:0 Write 241664
253:0 Sync 12288
253:0 Async 62803968
253:0 Total 62816256
Total 62816256
--------------------CPUAC-----------------------
user 201
system 161
 
Sat May 20 01:48:46 IST 2017
--------------------MEMCG-----------------------
MEM ONLY  : 268 MB
MEM+SWAP  : 268 MB
cache 40419328
rss 241111040
rss_huge 0
mapped_file 17014784
writeback 0
swap 0
pgpgin 155506
pgpgout 86773
pgfault 257973
pgmajfault 304
inactive_anon 49152
active_anon 241143808
inactive_file 25489408
active_file 14848000
unevictable 0
hierarchical_memory_limit 2147483648
hierarchical_memsw_limit 5368709120
total_cache 40419328
total_rss 241111040
total_rss_huge 0
total_mapped_file 17014784
total_writeback 0
total_swap 0
total_pgpgin 155506
total_pgpgout 86773
total_pgfault 257973
total_pgmajfault 304
total_inactive_anon 49152
total_active_anon 241143808
total_inactive_file 25489408
total_active_file 14848000
total_unevictable 0
--------------------BLKIO-----------------------
11:0 Read 0
11:0 Write 0
11:0 Sync 0
11:0 Async 0
11:0 Total 0
253:0 Read 62574592
253:0 Write 241664
253:0 Sync 12288
253:0 Async 62803968
253:0 Total 62816256
Total 62816256
--------------------CPUAC-----------------------
user 202
system 162
 
Sat May 20 01:49:16 IST 2017
--------------------MEMCG-----------------------
MEM ONLY  : 268 MB
MEM+SWAP  : 268 MB
cache 40419328
rss 241111040
rss_huge 0
mapped_file 17014784
writeback 0
swap 0
pgpgin 155506
pgpgout 86773
pgfault 257973
pgmajfault 304
inactive_anon 49152
active_anon 241143808
inactive_file 25489408
active_file 14848000
unevictable 0
hierarchical_memory_limit 2147483648
hierarchical_memsw_limit 5368709120
total_cache 40419328
total_rss 241111040
total_rss_huge 0
total_mapped_file 17014784
total_writeback 0
total_swap 0
total_pgpgin 155506
total_pgpgout 86773
total_pgfault 257973
total_pgmajfault 304
total_inactive_anon 49152
total_active_anon 241143808
total_inactive_file 25489408
total_active_file 14848000
total_unevictable 0
--------------------BLKIO-----------------------
11:0 Read 0
11:0 Write 0
11:0 Sync 0
11:0 Async 0
11:0 Total 0
253:0 Read 62574592
253:0 Write 241664
253:0 Sync 12288
253:0 Async 62803968
253:0 Total 62816256
Total 62816256
--------------------CPUAC-----------------------
user 204
system 162
 
Sat May 20 01:49:46 IST 2017
--------------------MEMCG-----------------------
MEM ONLY  : 268 MB
MEM+SWAP  : 268 MB
cache 40419328
rss 241111040
rss_huge 0
mapped_file 17014784
writeback 0
swap 0
pgpgin 155506
pgpgout 86773
pgfault 257973
pgmajfault 304
inactive_anon 49152
active_anon 241143808
inactive_file 25489408
active_file 14848000
unevictable 0
hierarchical_memory_limit 2147483648
hierarchical_memsw_limit 5368709120
total_cache 40419328
total_rss 241111040
total_rss_huge 0
total_mapped_file 17014784
total_writeback 0
total_swap 0
total_pgpgin 155506
total_pgpgout 86773
total_pgfault 257973
total_pgmajfault 304
total_inactive_anon 49152
total_active_anon 241143808
total_inactive_file 25489408
total_active_file 14848000
total_unevictable 0
--------------------BLKIO-----------------------
11:0 Read 0
11:0 Write 0
11:0 Sync 0
11:0 Async 0
11:0 Total 0
253:0 Read 62574592
253:0 Write 241664
253:0 Sync 12288
253:0 Async 62803968
253:0 Total 62816256
Total 62816256
--------------------CPUAC-----------------------
user 206
system 162
 
Sat May 20 01:50:17 IST 2017
--------------------MEMCG-----------------------
MEM ONLY  : 268 MB
MEM+SWAP  : 268 MB
cache 40419328
rss 241111040
rss_huge 0
mapped_file 17014784
writeback 0
swap 0
pgpgin 155506
pgpgout 86773
pgfault 257973
pgmajfault 304
inactive_anon 49152
active_anon 241143808
inactive_file 25489408
active_file 14848000
unevictable 0
hierarchical_memory_limit 2147483648
hierarchical_memsw_limit 5368709120
total_cache 40419328
total_rss 241111040
total_rss_huge 0
total_mapped_file 17014784
total_writeback 0
total_swap 0
total_pgpgin 155506
total_pgpgout 86773
total_pgfault 257973
total_pgmajfault 304
total_inactive_anon 49152
total_active_anon 241143808
total_inactive_file 25489408
total_active_file 14848000
total_unevictable 0
--------------------BLKIO-----------------------
11:0 Read 0
11:0 Write 0
11:0 Sync 0
11:0 Async 0
11:0 Total 0
253:0 Read 62574592
253:0 Write 241664
253:0 Sync 12288
253:0 Async 62803968
253:0 Total 62816256
Total 62816256
--------------------CPUAC-----------------------
user 207
system 163
 
Sat May 20 01:50:47 IST 2017
--------------------MEMCG-----------------------
MEM ONLY  : 268 MB
MEM+SWAP  : 268 MB
cache 40419328
rss 241111040
rss_huge 0
mapped_file 17014784
writeback 0
swap 0
pgpgin 155506
pgpgout 86773
pgfault 257973
pgmajfault 304
inactive_anon 49152
active_anon 241143808
inactive_file 25489408
active_file 14848000
unevictable 0
hierarchical_memory_limit 2147483648
hierarchical_memsw_limit 5368709120
total_cache 40419328
total_rss 241111040
total_rss_huge 0
total_mapped_file 17014784
total_writeback 0
total_swap 0
total_pgpgin 155506
total_pgpgout 86773
total_pgfault 257973
total_pgmajfault 304
total_inactive_anon 49152
total_active_anon 241143808
total_inactive_file 25489408
total_active_file 14848000
total_unevictable 0
--------------------BLKIO-----------------------
11:0 Read 0
11:0 Write 0
11:0 Sync 0
11:0 Async 0
11:0 Total 0
253:0 Read 62574592
253:0 Write 241664
253:0 Sync 12288
253:0 Async 62803968
253:0 Total 62816256
Total 62816256
--------------------CPUAC-----------------------
user 209
system 163
 
Sat May 20 01:51:17 IST 2017
--------------------MEMCG-----------------------
MEM ONLY  : 268 MB
MEM+SWAP  : 268 MB
cache 40419328
rss 241111040
rss_huge 0
mapped_file 17014784
writeback 0
swap 0
pgpgin 155506
pgpgout 86773
pgfault 257973
pgmajfault 304
inactive_anon 49152
active_anon 241143808
inactive_file 25489408
active_file 14848000
unevictable 0
hierarchical_memory_limit 2147483648
hierarchical_memsw_limit 5368709120
total_cache 40419328
total_rss 241111040
total_rss_huge 0
total_mapped_file 17014784
total_writeback 0
total_swap 0
total_pgpgin 155506
total_pgpgout 86773
total_pgfault 257973
total_pgmajfault 304
total_inactive_anon 49152
total_active_anon 241143808
total_inactive_file 25489408
total_active_file 14848000
total_unevictable 0
--------------------BLKIO-----------------------
11:0 Read 0
11:0 Write 0
11:0 Sync 0
11:0 Async 0
11:0 Total 0
253:0 Read 62574592
253:0 Write 241664
253:0 Sync 12288
253:0 Async 62803968
253:0 Total 62816256
Total 62816256
--------------------CPUAC-----------------------
user 211
system 164
 
Sat May 20 01:51:47 IST 2017
--------------------MEMCG-----------------------
MEM ONLY  : 268 MB
MEM+SWAP  : 268 MB
cache 40419328
rss 241111040
rss_huge 0
mapped_file 17014784
writeback 0
swap 0
pgpgin 155506
pgpgout 86773
pgfault 257973
pgmajfault 304
inactive_anon 49152
active_anon 241143808
inactive_file 25489408
active_file 14848000
unevictable 0
hierarchical_memory_limit 2147483648
hierarchical_memsw_limit 5368709120
total_cache 40419328
total_rss 241111040
total_rss_huge 0
total_mapped_file 17014784
total_writeback 0
total_swap 0
total_pgpgin 155506
total_pgpgout 86773
total_pgfault 257973
total_pgmajfault 304
total_inactive_anon 49152
total_active_anon 241143808
total_inactive_file 25489408
total_active_file 14848000
total_unevictable 0
--------------------BLKIO-----------------------
11:0 Read 0
11:0 Write 0
11:0 Sync 0
11:0 Async 0
11:0 Total 0
253:0 Read 62574592
253:0 Write 241664
253:0 Sync 12288
253:0 Async 62803968
253:0 Total 62816256
Total 62816256
--------------------CPUAC-----------------------
user 213
system 164
 
Sat May 20 01:52:17 IST 2017
--------------------MEMCG-----------------------
MEM ONLY  : 268 MB
MEM+SWAP  : 268 MB
cache 40419328
rss 241111040
rss_huge 0
mapped_file 17014784
writeback 0
swap 0
pgpgin 155506
pgpgout 86773
pgfault 257973
pgmajfault 304
inactive_anon 49152
active_anon 241143808
inactive_file 25489408
active_file 14848000
unevictable 0
hierarchical_memory_limit 2147483648
hierarchical_memsw_limit 5368709120
total_cache 40419328
total_rss 241111040
total_rss_huge 0
total_mapped_file 17014784
total_writeback 0
total_swap 0
total_pgpgin 155506
total_pgpgout 86773
total_pgfault 257973
total_pgmajfault 304
total_inactive_anon 49152
total_active_anon 241143808
total_inactive_file 25489408
total_active_file 14848000
total_unevictable 0
--------------------BLKIO-----------------------
11:0 Read 0
11:0 Write 0
11:0 Sync 0
11:0 Async 0
11:0 Total 0
253:0 Read 62574592
253:0 Write 241664
253:0 Sync 12288
253:0 Async 62803968
253:0 Total 62816256
Total 62816256
--------------------CPUAC-----------------------
user 215
system 164
 
Sat May 20 01:52:47 IST 2017
--------------------MEMCG-----------------------
MEM ONLY  : 269 MB
MEM+SWAP  : 269 MB
cache 40816640
rss 241303552
rss_huge 0
mapped_file 17137664
writeback 0
swap 0
pgpgin 155659
pgpgout 86782
pgfault 258040
pgmajfault 305
inactive_anon 49152
active_anon 241336320
inactive_file 25817088
active_file 14917632
unevictable 0
hierarchical_memory_limit 2147483648
hierarchical_memsw_limit 5368709120
total_cache 40816640
total_rss 241303552
total_rss_huge 0
total_mapped_file 17137664
total_writeback 0
total_swap 0
total_pgpgin 155659
total_pgpgout 86782
total_pgfault 258040
total_pgmajfault 305
total_inactive_anon 49152
total_active_anon 241336320
total_inactive_file 25817088
total_active_file 14917632
total_unevictable 0
--------------------BLKIO-----------------------
11:0 Read 0
11:0 Write 0
11:0 Sync 0
11:0 Async 0
11:0 Total 0
253:0 Read 62885888
253:0 Write 577536
253:0 Sync 348160
253:0 Async 63115264
253:0 Total 63463424
Total 63463424
--------------------CPUAC-----------------------
user 217
system 165
 
Sat May 20 01:53:17 IST 2017
--------------------MEMCG-----------------------
MEM ONLY  : 389 MB
MEM+SWAP  : 389 MB
cache 50962432
rss 357666816
rss_huge 0
mapped_file 17145856
writeback 0
swap 0
pgpgin 186659
pgpgout 86896
pgfault 286565
pgmajfault 305
inactive_anon 49152
active_anon 357683200
inactive_file 25542656
active_file 25337856
unevictable 0
hierarchical_memory_limit 2147483648
hierarchical_memsw_limit 5368709120
total_cache 50962432
total_rss 357666816
total_rss_huge 0
total_mapped_file 17145856
total_writeback 0
total_swap 0
total_pgpgin 186659
total_pgpgout 86896
total_pgfault 286565
total_pgmajfault 305
total_inactive_anon 49152
total_active_anon 357683200
total_inactive_file 25542656
total_active_file 25337856
total_unevictable 0
--------------------BLKIO-----------------------
11:0 Read 0
11:0 Write 0
11:0 Sync 0
11:0 Async 0
11:0 Total 0
253:0 Read 62984192
253:0 Write 380366848
253:0 Sync 380137472
253:0 Async 63213568
253:0 Total 443351040
Total 443351040
--------------------CPUAC-----------------------
user 710
system 440
 
Sat May 20 01:53:47 IST 2017
--------------------MEMCG-----------------------
MEM ONLY  : 488 MB
MEM+SWAP  : 488 MB
cache 50962432
rss 461246464
rss_huge 0
mapped_file 17145856
writeback 0
swap 0
pgpgin 211947
pgpgout 86896
pgfault 311853
pgmajfault 305
inactive_anon 49152
active_anon 461271040
inactive_file 25542656
active_file 25337856
unevictable 0
hierarchical_memory_limit 2147483648
hierarchical_memsw_limit 5368709120
total_cache 50962432
total_rss 461246464
total_rss_huge 0
total_mapped_file 17145856
total_writeback 0
total_swap 0
total_pgpgin 211947
total_pgpgout 86896
total_pgfault 311853
total_pgmajfault 305
total_inactive_anon 49152
total_active_anon 461271040
total_inactive_file 25542656
total_active_file 25337856
total_unevictable 0
--------------------BLKIO-----------------------
11:0 Read 0
11:0 Write 0
11:0 Sync 0
11:0 Async 0
11:0 Total 0
253:0 Read 62984192
253:0 Write 751964160
253:0 Sync 751734784
253:0 Async 63213568
253:0 Total 814948352
Total 814948352
--------------------CPUAC-----------------------
user 1185
system 694
 
Sat May 20 01:54:17 IST 2017
--------------------MEMCG-----------------------
MEM ONLY  : 585 MB
MEM+SWAP  : 585 MB
cache 50962432
rss 563257344
rss_huge 0
mapped_file 17145856
writeback 0
swap 0
pgpgin 236852
pgpgout 86896
pgfault 336758
pgmajfault 305
inactive_anon 49152
active_anon 563249152
inactive_file 25542656
active_file 25337856
unevictable 0
hierarchical_memory_limit 2147483648
hierarchical_memsw_limit 5368709120
total_cache 50962432
total_rss 563257344
total_rss_huge 0
total_mapped_file 17145856
total_writeback 0
total_swap 0
total_pgpgin 236852
total_pgpgout 86896
total_pgfault 336758
total_pgmajfault 305
total_inactive_anon 49152
total_active_anon 563249152
total_inactive_file 25542656
total_active_file 25337856
total_unevictable 0
--------------------BLKIO-----------------------
11:0 Read 0
11:0 Write 0
11:0 Sync 0
11:0 Async 0
11:0 Total 0
253:0 Read 62984192
253:0 Write 1117462528
253:0 Sync 1117233152
253:0 Async 63213568
253:0 Total 1180446720
Total 1180446720
--------------------CPUAC-----------------------
user 1656
system 958
 
Sat May 20 01:54:47 IST 2017
--------------------MEMCG-----------------------
MEM ONLY  : 684 MB
MEM+SWAP  : 684 MB
cache 50962432
rss 667107328
rss_huge 0
mapped_file 17145856
writeback 0
swap 0
pgpgin 262206
pgpgout 86896
pgfault 362112
pgmajfault 305
inactive_anon 49152
active_anon 667140096
inactive_file 25542656
active_file 25337856
unevictable 0
hierarchical_memory_limit 2147483648
hierarchical_memsw_limit 5368709120
total_cache 50962432
total_rss 667107328
total_rss_huge 0
total_mapped_file 17145856
total_writeback 0
total_swap 0
total_pgpgin 262206
total_pgpgout 86896
total_pgfault 362112
total_pgmajfault 305
total_inactive_anon 49152
total_active_anon 667140096
total_inactive_file 25542656
total_active_file 25337856
total_unevictable 0
--------------------BLKIO-----------------------
11:0 Read 0
11:0 Write 0
11:0 Sync 0
11:0 Async 0
11:0 Total 0
253:0 Read 62984192
253:0 Write 1498525696
253:0 Sync 1498296320
253:0 Async 63213568
253:0 Total 1561509888
Total 1561509888
--------------------CPUAC-----------------------
user 2140
system 1229
 
Sat May 20 01:55:17 IST 2017
--------------------MEMCG-----------------------
MEM ONLY  : 787 MB
MEM+SWAP  : 787 MB
cache 50962432
rss 775118848
rss_huge 0
mapped_file 17145856
writeback 0
swap 0
pgpgin 288576
pgpgout 86896
pgfault 388482
pgmajfault 305
inactive_anon 49152
active_anon 775135232
inactive_file 25542656
active_file 25337856
unevictable 0
hierarchical_memory_limit 2147483648
hierarchical_memsw_limit 5368709120
total_cache 50962432
total_rss 775118848
total_rss_huge 0
total_mapped_file 17145856
total_writeback 0
total_swap 0
total_pgpgin 288576
total_pgpgout 86896
total_pgfault 388482
total_pgmajfault 305
total_inactive_anon 49152
total_active_anon 775135232
total_inactive_file 25542656
total_active_file 25337856
total_unevictable 0
--------------------BLKIO-----------------------
11:0 Read 0
11:0 Write 0
11:0 Sync 0
11:0 Async 0
11:0 Total 0
253:0 Read 62984192
253:0 Write 1886310400
253:0 Sync 1886081024
253:0 Async 63213568
253:0 Total 1949294592
Total 1949294592
--------------------CPUAC-----------------------
user 2624
system 1515
 
Sat May 20 01:55:47 IST 2017
--------------------MEMCG-----------------------
MEM ONLY  : 886 MB
MEM+SWAP  : 886 MB
cache 50962432
rss 878542848
rss_huge 0
mapped_file 17145856
writeback 0
swap 0
pgpgin 313826
pgpgout 86896
pgfault 413732
pgmajfault 305
inactive_anon 49152
active_anon 878575616
inactive_file 25542656
active_file 25337856
unevictable 0
hierarchical_memory_limit 2147483648
hierarchical_memsw_limit 5368709120
total_cache 50962432
total_rss 878542848
total_rss_huge 0
total_mapped_file 17145856
total_writeback 0
total_swap 0
total_pgpgin 313826
total_pgpgout 86896
total_pgfault 413732
total_pgmajfault 305
total_inactive_anon 49152
total_active_anon 878575616
total_inactive_file 25542656
total_active_file 25337856
total_unevictable 0
--------------------BLKIO-----------------------
11:0 Read 0
11:0 Write 0
11:0 Sync 0
11:0 Async 0
11:0 Total 0
253:0 Read 62984192
253:0 Write 2265628672
253:0 Sync 2265399296
253:0 Async 63213568
253:0 Total 2328612864
Total 2328612864
--------------------CPUAC-----------------------
user 3117
system 1787
 
Sat May 20 01:56:17 IST 2017
--------------------MEMCG-----------------------
MEM ONLY  : 984 MB
MEM+SWAP  : 984 MB
cache 50962432
rss 981377024
rss_huge 0
mapped_file 17145856
writeback 0
swap 0
pgpgin 338932
pgpgout 86896
pgfault 438838
pgmajfault 305
inactive_anon 49152
active_anon 981368832
inactive_file 25542656
active_file 25337856
unevictable 0
hierarchical_memory_limit 2147483648
hierarchical_memsw_limit 5368709120
total_cache 50962432
total_rss 981377024
total_rss_huge 0
total_mapped_file 17145856
total_writeback 0
total_swap 0
total_pgpgin 338932
total_pgpgout 86896
total_pgfault 438838
total_pgmajfault 305
total_inactive_anon 49152
total_active_anon 981368832
total_inactive_file 25542656
total_active_file 25337856
total_unevictable 0
--------------------BLKIO-----------------------
11:0 Read 0
11:0 Write 0
11:0 Sync 0
11:0 Async 0
11:0 Total 0
253:0 Read 62984192
253:0 Write 2641080320
253:0 Sync 2640850944
253:0 Async 63213568
253:0 Total 2704064512
Total 2704064512
--------------------CPUAC-----------------------
user 3606
system 2069
 
Sat May 20 01:56:47 IST 2017
--------------------MEMCG-----------------------
MEM ONLY  : 1084 MB
MEM+SWAP  : 1084 MB
cache 50962432
rss 1086214144
rss_huge 0
mapped_file 17145856
writeback 94208
swap 0
pgpgin 364527
pgpgout 86896
pgfault 464433
pgmajfault 305
inactive_anon 49152
active_anon 1086205952
inactive_file 25542656
active_file 25337856
unevictable 0
hierarchical_memory_limit 2147483648
hierarchical_memsw_limit 5368709120
total_cache 50962432
total_rss 1086214144
total_rss_huge 0
total_mapped_file 17145856
total_writeback 94208
total_swap 0
total_pgpgin 364527
total_pgpgout 86896
total_pgfault 464433
total_pgmajfault 305
total_inactive_anon 49152
total_active_anon 1086205952
total_inactive_file 25542656
total_active_file 25337856
total_unevictable 0
--------------------BLKIO-----------------------
11:0 Read 0
11:0 Write 0
11:0 Sync 0
11:0 Async 0
11:0 Total 0
253:0 Read 62984192
253:0 Write 3018821632
253:0 Sync 3018592256
253:0 Async 63213568
253:0 Total 3081805824
Total 3081805824
--------------------CPUAC-----------------------
user 4082
system 2349
 
Sat May 20 01:57:17 IST 2017
--------------------MEMCG-----------------------
MEM ONLY  : 1180 MB
MEM+SWAP  : 1180 MB
cache 50962432
rss 1187053568
rss_huge 0
mapped_file 17145856
writeback 0
swap 0
pgpgin 389146
pgpgout 86896
pgfault 489052
pgmajfault 305
inactive_anon 49152
active_anon 1187086336
inactive_file 25542656
active_file 25337856
unevictable 0
hierarchical_memory_limit 2147483648
hierarchical_memsw_limit 5368709120
total_cache 50962432
total_rss 1187053568
total_rss_huge 0
total_mapped_file 17145856
total_writeback 0
total_swap 0
total_pgpgin 389146
total_pgpgout 86896
total_pgfault 489052
total_pgmajfault 305
total_inactive_anon 49152
total_active_anon 1187086336
total_inactive_file 25542656
total_active_file 25337856
total_unevictable 0
--------------------BLKIO-----------------------
11:0 Read 0
11:0 Write 0
11:0 Sync 0
11:0 Async 0
11:0 Total 0
253:0 Read 62984192
253:0 Write 3377106944
253:0 Sync 3376877568
253:0 Async 63213568
253:0 Total 3440091136
Total 3440091136
--------------------CPUAC-----------------------
user 4529
system 2602
 
Sat May 20 01:57:47 IST 2017
--------------------MEMCG-----------------------
MEM ONLY  : 1281 MB
MEM+SWAP  : 1281 MB
cache 50962432
rss 1292886016
rss_huge 0
mapped_file 17145856
writeback 0
swap 0
pgpgin 414984
pgpgout 86896
pgfault 514890
pgmajfault 305
inactive_anon 49152
active_anon 1292918784
inactive_file 25542656
active_file 25337856
unevictable 0
hierarchical_memory_limit 2147483648
hierarchical_memsw_limit 5368709120
total_cache 50962432
total_rss 1292886016
total_rss_huge 0
total_mapped_file 17145856
total_writeback 0
total_swap 0
total_pgpgin 414984
total_pgpgout 86896
total_pgfault 514890
total_pgmajfault 305
total_inactive_anon 49152
total_active_anon 1292918784
total_inactive_file 25542656
total_active_file 25337856
total_unevictable 0
--------------------BLKIO-----------------------
11:0 Read 0
11:0 Write 0
11:0 Sync 0
11:0 Async 0
11:0 Total 0
253:0 Read 62984192
253:0 Write 3752734720
253:0 Sync 3752505344
253:0 Async 63213568
253:0 Total 3815718912
Total 3815718912
--------------------CPUAC-----------------------
user 5034
system 2850
 
Sat May 20 01:58:17 IST 2017
--------------------MEMCG-----------------------
MEM ONLY  : 1379 MB
MEM+SWAP  : 1379 MB
cache 50962432
rss 1395326976
rss_huge 0
mapped_file 17145856
writeback 0
swap 0
pgpgin 439994
pgpgout 86896
pgfault 539900
pgmajfault 305
inactive_anon 49152
active_anon 1395359744
inactive_file 25542656
active_file 25337856
unevictable 0
hierarchical_memory_limit 2147483648
hierarchical_memsw_limit 5368709120
total_cache 50962432
total_rss 1395326976
total_rss_huge 0
total_mapped_file 17145856
total_writeback 0
total_swap 0
total_pgpgin 439994
total_pgpgout 86896
total_pgfault 539900
total_pgmajfault 305
total_inactive_anon 49152
total_active_anon 1395359744
total_inactive_file 25542656
total_active_file 25337856
total_unevictable 0
--------------------BLKIO-----------------------
11:0 Read 0
11:0 Write 0
11:0 Sync 0
11:0 Async 0
11:0 Total 0
253:0 Read 62984192
253:0 Write 4123287552
253:0 Sync 4123058176
253:0 Async 63213568
253:0 Total 4186271744
Total 4186271744
--------------------CPUAC-----------------------
user 5490
system 3098
 
Sat May 20 01:58:47 IST 2017
--------------------MEMCG-----------------------
MEM ONLY  : 1475 MB
MEM+SWAP  : 1475 MB
cache 50962432
rss 1496227840
rss_huge 0
mapped_file 17145856
writeback 0
swap 0
pgpgin 464628
pgpgout 86896
pgfault 564534
pgmajfault 305
inactive_anon 49152
active_anon 1496260608
inactive_file 25542656
active_file 25337856
unevictable 0
hierarchical_memory_limit 2147483648
hierarchical_memsw_limit 5368709120
total_cache 50962432
total_rss 1496227840
total_rss_huge 0
total_mapped_file 17145856
total_writeback 0
total_swap 0
total_pgpgin 464628
total_pgpgout 86896
total_pgfault 564534
total_pgmajfault 305
total_inactive_anon 49152
total_active_anon 1496260608
total_inactive_file 25542656
total_active_file 25337856
total_unevictable 0
--------------------BLKIO-----------------------
11:0 Read 0
11:0 Write 0
11:0 Sync 0
11:0 Async 0
11:0 Total 0
253:0 Read 63016960
253:0 Write 4495863808
253:0 Sync 4495634432
253:0 Async 63246336
253:0 Total 4558880768
Total 4558880768
--------------------CPUAC-----------------------
user 5968
system 3369
 
Sat May 20 01:59:17 IST 2017
--------------------MEMCG-----------------------
MEM ONLY  : 1575 MB
MEM+SWAP  : 1575 MB
cache 50962432
rss 1600946176
rss_huge 0
mapped_file 17145856
writeback 40960
swap 0
pgpgin 490194
pgpgout 86896
pgfault 590100
pgmajfault 305
inactive_anon 49152
active_anon 1600978944
inactive_file 25542656
active_file 25337856
unevictable 0
hierarchical_memory_limit 2147483648
hierarchical_memsw_limit 5368709120
total_cache 50962432
total_rss 1600946176
total_rss_huge 0
total_mapped_file 17145856
total_writeback 40960
total_swap 0
total_pgpgin 490194
total_pgpgout 86896
total_pgfault 590100
total_pgmajfault 305
total_inactive_anon 49152
total_active_anon 1600978944
total_inactive_file 25542656
total_active_file 25337856
total_unevictable 0
--------------------BLKIO-----------------------
11:0 Read 0
11:0 Write 0
11:0 Sync 0
11:0 Async 0
11:0 Total 0
253:0 Read 63016960
253:0 Write 4869730304
253:0 Sync 4869500928
253:0 Async 63246336
253:0 Total 4932747264
Total 4932747264
--------------------CPUAC-----------------------
user 6401
system 3653
 
Sat May 20 01:59:47 IST 2017
--------------------MEMCG-----------------------
MEM ONLY  : 1671 MB
MEM+SWAP  : 1671 MB
cache 50962432
rss 1701666816
rss_huge 0
mapped_file 17272832
writeback 0
swap 0
pgpgin 515405
pgpgout 87517
pgfault 616250
pgmajfault 305
inactive_anon 49152
active_anon 1701699584
inactive_file 25542656
active_file 25337856
unevictable 0
hierarchical_memory_limit 2147483648
hierarchical_memsw_limit 5368709120
total_cache 50962432
total_rss 1701666816
total_rss_huge 0
total_mapped_file 17272832
total_writeback 0
total_swap 0
total_pgpgin 515405
total_pgpgout 87517
total_pgfault 616250
total_pgmajfault 305
total_inactive_anon 49152
total_active_anon 1701699584
total_inactive_file 25542656
total_active_file 25337856
total_unevictable 0
--------------------BLKIO-----------------------
11:0 Read 0
11:0 Write 0
11:0 Sync 0
11:0 Async 0
11:0 Total 0
253:0 Read 63016960
253:0 Write 5227806720
253:0 Sync 5227577344
253:0 Async 63246336
253:0 Total 5290823680
Total 5290823680
--------------------CPUAC-----------------------
user 6852
system 3916
 
Sat May 20 02:00:17 IST 2017
--------------------MEMCG-----------------------
MEM ONLY  : 1767 MB
MEM+SWAP  : 1767 MB
cache 50962432
rss 1802858496
rss_huge 0
mapped_file 17272832
writeback 0
swap 0
pgpgin 540110
pgpgout 87517
pgfault 640955
pgmajfault 305
inactive_anon 49152
active_anon 1802891264
inactive_file 25542656
active_file 25337856
unevictable 0
hierarchical_memory_limit 2147483648
hierarchical_memsw_limit 5368709120
total_cache 50962432
total_rss 1802858496
total_rss_huge 0
total_mapped_file 17272832
total_writeback 0
total_swap 0
total_pgpgin 540110
total_pgpgout 87517
total_pgfault 640955
total_pgmajfault 305
total_inactive_anon 49152
total_active_anon 1802891264
total_inactive_file 25542656
total_active_file 25337856
total_unevictable 0
--------------------BLKIO-----------------------
11:0 Read 0
11:0 Write 0
11:0 Sync 0
11:0 Async 0
11:0 Total 0
253:0 Read 63016960
253:0 Write 5589020672
253:0 Sync 5588791296
253:0 Async 63246336
253:0 Total 5652037632
Total 5652037632
--------------------CPUAC-----------------------
user 7314
system 4165
 
Sat May 20 02:00:47 IST 2017
--------------------MEMCG-----------------------
MEM ONLY  : 1862 MB
MEM+SWAP  : 1862 MB
cache 50962432
rss 1902317568
rss_huge 0
mapped_file 17272832
writeback 139264
swap 0
pgpgin 564392
pgpgout 87517
pgfault 665237
pgmajfault 305
inactive_anon 49152
active_anon 1902284800
inactive_file 25542656
active_file 25337856
unevictable 0
hierarchical_memory_limit 2147483648
hierarchical_memsw_limit 5368709120
total_cache 50962432
total_rss 1902317568
total_rss_huge 0
total_mapped_file 17272832
total_writeback 139264
total_swap 0
total_pgpgin 564392
total_pgpgout 87517
total_pgfault 665237
total_pgmajfault 305
total_inactive_anon 49152
total_active_anon 1902284800
total_inactive_file 25542656
total_active_file 25337856
total_unevictable 0
--------------------BLKIO-----------------------
11:0 Read 0
11:0 Write 0
11:0 Sync 0
11:0 Async 0
11:0 Total 0
253:0 Read 63016960
253:0 Write 5947772928
253:0 Sync 5947543552
253:0 Async 63246336
253:0 Total 6010789888
Total 6010789888
--------------------CPUAC-----------------------
user 7777
system 4428
 
