Sat May 20 12:33:19 IST 2017
--------------------MEMCG-----------------------
MEM ONLY  : 1717 MB
MEM+SWAP  : 2034 MB
cache 18784256
rss 1782398976
rss_huge 0
mapped_file 7729152
writeback 258048
swap 331620352
pgpgin 600594
pgpgout 160852
pgfault 710080
pgmajfault 7125
inactive_anon 501215232
active_anon 1281191936
inactive_file 8511488
active_file 10264576
unevictable 0
hierarchical_memory_limit 6442450944
hierarchical_memsw_limit 32212254720
total_cache 18784256
total_rss 1782398976
total_rss_huge 0
total_mapped_file 7729152
total_writeback 258048
total_swap 331620352
total_pgpgin 600594
total_pgpgout 160852
total_pgfault 710080
total_pgmajfault 7125
total_inactive_anon 501215232
total_active_anon 1281191936
total_inactive_file 8511488
total_active_file 10264576
total_unevictable 0
--------------------BLKIO-----------------------
11:0 Read 0
11:0 Write 0
11:0 Sync 0
11:0 Async 0
11:0 Total 0
253:0 Read 57044992
253:0 Write 36716544
253:0 Sync 0
253:0 Async 93761536
253:0 Total 93761536
Total 93761536
--------------------CPUAC-----------------------
user 758
system 1121
 
Sat May 20 12:33:49 IST 2017
--------------------MEMCG-----------------------
MEM ONLY  : 1692 MB
MEM+SWAP  : 2033 MB
cache 18477056
rss 1756368896
rss_huge 0
mapped_file 7729152
writeback 98304
swap 357650432
pgpgin 600819
pgpgout 167507
pgfault 710573
pgmajfault 7348
inactive_anon 492756992
active_anon 1263620096
inactive_file 8507392
active_file 9961472
unevictable 0
hierarchical_memory_limit 6442450944
hierarchical_memsw_limit 32212254720
total_cache 18477056
total_rss 1756368896
total_rss_huge 0
total_mapped_file 7729152
total_writeback 98304
total_swap 357650432
total_pgpgin 600819
total_pgpgout 167507
total_pgfault 710573
total_pgmajfault 7348
total_inactive_anon 492756992
total_active_anon 1263620096
total_inactive_file 8507392
total_active_file 9961472
total_unevictable 0
--------------------BLKIO-----------------------
11:0 Read 0
11:0 Write 0
11:0 Sync 0
11:0 Async 0
11:0 Total 0
253:0 Read 58073088
253:0 Write 37249024
253:0 Sync 0
253:0 Async 95322112
253:0 Total 95322112
Total 95322112
--------------------CPUAC-----------------------
user 758
system 1122
 
Sat May 20 12:34:19 IST 2017
--------------------MEMCG-----------------------
MEM ONLY  : 1670 MB
MEM+SWAP  : 2033 MB
cache 18305024
rss 1732804608
rss_huge 0
mapped_file 7729152
writeback 28672
swap 381214720
pgpgin 601035
pgpgout 173518
pgfault 711036
pgmajfault 7560
inactive_anon 485203968
active_anon 1247608832
inactive_file 8511488
active_file 9785344
unevictable 0
hierarchical_memory_limit 6442450944
hierarchical_memsw_limit 32212254720
total_cache 18305024
total_rss 1732804608
total_rss_huge 0
total_mapped_file 7729152
total_writeback 28672
total_swap 381214720
total_pgpgin 601035
total_pgpgout 173518
total_pgfault 711036
total_pgmajfault 7560
total_inactive_anon 485203968
total_active_anon 1247608832
total_inactive_file 8511488
total_active_file 9785344
total_unevictable 0
--------------------BLKIO-----------------------
11:0 Read 0
11:0 Write 0
11:0 Sync 0
11:0 Async 0
11:0 Total 0
253:0 Read 59088896
253:0 Write 37888000
253:0 Sync 0
253:0 Async 96976896
253:0 Total 96976896
Total 96976896
--------------------CPUAC-----------------------
user 758
system 1123
 
Sat May 20 12:34:50 IST 2017
--------------------MEMCG-----------------------
MEM ONLY  : 1643 MB
MEM+SWAP  : 2033 MB
cache 18006016
rss 1705058304
rss_huge 0
mapped_file 7729152
writeback 102400
swap 408961024
pgpgin 601269
pgpgout 180599
pgfault 711534
pgmajfault 7786
inactive_anon 476536832
active_anon 1228529664
inactive_file 8511488
active_file 9486336
unevictable 0
hierarchical_memory_limit 6442450944
hierarchical_memsw_limit 32212254720
total_cache 18006016
total_rss 1705058304
total_rss_huge 0
total_mapped_file 7729152
total_writeback 102400
total_swap 408961024
total_pgpgin 601269
total_pgpgout 180599
total_pgfault 711534
total_pgmajfault 7786
total_inactive_anon 476536832
total_active_anon 1228529664
total_inactive_file 8511488
total_active_file 9486336
total_unevictable 0
--------------------BLKIO-----------------------
11:0 Read 0
11:0 Write 0
11:0 Sync 0
11:0 Async 0
11:0 Total 0
253:0 Read 60223488
253:0 Write 38047744
253:0 Sync 0
253:0 Async 98271232
253:0 Total 98271232
Total 98271232
--------------------CPUAC-----------------------
user 758
system 1124
 
Sat May 20 12:35:20 IST 2017
--------------------MEMCG-----------------------
MEM ONLY  : 1629 MB
MEM+SWAP  : 2033 MB
cache 17747968
rss 1691348992
rss_huge 0
mapped_file 7729152
writeback 0
swap 422674432
pgpgin 601559
pgpgout 184299
pgfault 712155
pgmajfault 8071
inactive_anon 472227840
active_anon 1219125248
inactive_file 8511488
active_file 9232384
unevictable 0
hierarchical_memory_limit 6442450944
hierarchical_memsw_limit 32212254720
total_cache 17747968
total_rss 1691348992
total_rss_huge 0
total_mapped_file 7729152
total_writeback 0
total_swap 422674432
total_pgpgin 601559
total_pgpgout 184299
total_pgfault 712155
total_pgmajfault 8071
total_inactive_anon 472227840
total_active_anon 1219125248
total_inactive_file 8511488
total_active_file 9232384
total_unevictable 0
--------------------BLKIO-----------------------
11:0 Read 0
11:0 Write 0
11:0 Sync 0
11:0 Async 0
11:0 Total 0
253:0 Read 61485056
253:0 Write 39137280
253:0 Sync 0
253:0 Async 100622336
253:0 Total 100622336
Total 100622336
--------------------CPUAC-----------------------
user 759
system 1126
 
Sat May 20 12:35:50 IST 2017
--------------------MEMCG-----------------------
MEM ONLY  : 1614 MB
MEM+SWAP  : 2032 MB
cache 17596416
rss 1675612160
rss_huge 0
mapped_file 7729152
writeback 61440
swap 438411264
pgpgin 601826
pgpgout 188445
pgfault 712732
pgmajfault 8335
inactive_anon 467054592
active_anon 1208561664
inactive_file 8511488
active_file 9080832
unevictable 0
hierarchical_memory_limit 6442450944
hierarchical_memsw_limit 32212254720
total_cache 17596416
total_rss 1675612160
total_rss_huge 0
total_mapped_file 7729152
total_writeback 61440
total_swap 438411264
total_pgpgin 601826
total_pgpgout 188445
total_pgfault 712732
total_pgmajfault 8335
total_inactive_anon 467054592
total_active_anon 1208561664
total_inactive_file 8511488
total_active_file 9080832
total_unevictable 0
--------------------BLKIO-----------------------
11:0 Read 0
11:0 Write 0
11:0 Sync 0
11:0 Async 0
11:0 Total 0
253:0 Read 62636032
253:0 Write 40235008
253:0 Sync 0
253:0 Async 102871040
253:0 Total 102871040
Total 102871040
--------------------CPUAC-----------------------
user 759
system 1127
 
Sat May 20 12:36:20 IST 2017
--------------------MEMCG-----------------------
MEM ONLY  : 1599 MB
MEM+SWAP  : 2032 MB
cache 17309696
rss 1659404288
rss_huge 0
mapped_file 7729152
writeback 16384
swap 454623232
pgpgin 602043
pgpgout 192689
pgfault 713194
pgmajfault 8546
inactive_anon 461959168
active_anon 1197445120
inactive_file 8511488
active_file 8798208
unevictable 0
hierarchical_memory_limit 6442450944
hierarchical_memsw_limit 32212254720
total_cache 17309696
total_rss 1659404288
total_rss_huge 0
total_mapped_file 7729152
total_writeback 16384
total_swap 454623232
total_pgpgin 602043
total_pgpgout 192689
total_pgfault 713194
total_pgmajfault 8546
total_inactive_anon 461959168
total_active_anon 1197445120
total_inactive_file 8511488
total_active_file 8798208
total_unevictable 0
--------------------BLKIO-----------------------
11:0 Read 0
11:0 Write 0
11:0 Sync 0
11:0 Async 0
11:0 Total 0
253:0 Read 63586304
253:0 Write 40280064
253:0 Sync 0
253:0 Async 103866368
253:0 Total 103866368
Total 103866368
--------------------CPUAC-----------------------
user 759
system 1128
 
Sat May 20 12:36:50 IST 2017
--------------------MEMCG-----------------------
MEM ONLY  : 1580 MB
MEM+SWAP  : 2032 MB
cache 17096704
rss 1639813120
rss_huge 0
mapped_file 7729152
writeback 0
swap 474214400
pgpgin 602226
pgpgout 197707
pgfault 713583
pgmajfault 8727
inactive_anon 455700480
active_anon 1184112640
inactive_file 8499200
active_file 8597504
unevictable 0
hierarchical_memory_limit 6442450944
hierarchical_memsw_limit 32212254720
total_cache 17096704
total_rss 1639813120
total_rss_huge 0
total_mapped_file 7729152
total_writeback 0
total_swap 474214400
total_pgpgin 602226
total_pgpgout 197707
total_pgfault 713583
total_pgmajfault 8727
total_inactive_anon 455700480
total_active_anon 1184112640
total_inactive_file 8499200
total_active_file 8597504
total_unevictable 0
--------------------BLKIO-----------------------
11:0 Read 0
11:0 Write 0
11:0 Sync 0
11:0 Async 0
11:0 Total 0
253:0 Read 64380928
253:0 Write 40415232
253:0 Sync 0
253:0 Async 104796160
253:0 Total 104796160
Total 104796160
--------------------CPUAC-----------------------
user 760
system 1129
 
Sat May 20 12:37:20 IST 2017
--------------------MEMCG-----------------------
MEM ONLY  : 1549 MB
MEM+SWAP  : 2031 MB
cache 16330752
rss 1608404992
rss_huge 0
mapped_file 7729152
writeback 65536
swap 505622528
pgpgin 602395
pgpgout 205731
pgfault 713944
pgmajfault 8893
inactive_anon 446099456
active_anon 1162268672
inactive_file 8040448
active_file 8290304
unevictable 0
hierarchical_memory_limit 6442450944
hierarchical_memsw_limit 32212254720
total_cache 16330752
total_rss 1608404992
total_rss_huge 0
total_mapped_file 7729152
total_writeback 65536
total_swap 505622528
total_pgpgin 602395
total_pgpgout 205731
total_pgfault 713944
total_pgmajfault 8893
total_inactive_anon 446099456
total_active_anon 1162268672
total_inactive_file 8040448
total_active_file 8290304
total_unevictable 0
--------------------BLKIO-----------------------
11:0 Read 0
11:0 Write 0
11:0 Sync 0
11:0 Async 0
11:0 Total 0
253:0 Read 65150976
253:0 Write 40415232
253:0 Sync 0
253:0 Async 105566208
253:0 Total 105566208
Total 105566208
--------------------CPUAC-----------------------
user 761
system 1130
 
Sat May 20 12:37:50 IST 2017
--------------------MEMCG-----------------------
MEM ONLY  : 1519 MB
MEM+SWAP  : 2031 MB
cache 16240640
rss 1576869888
rss_huge 0
mapped_file 7729152
writeback 176128
swap 537157632
pgpgin 602601
pgpgout 213658
pgfault 714376
pgmajfault 9087
inactive_anon 437211136
active_anon 1139658752
inactive_file 7950336
active_file 8290304
unevictable 0
hierarchical_memory_limit 6442450944
hierarchical_memsw_limit 32212254720
total_cache 16240640
total_rss 1576869888
total_rss_huge 0
total_mapped_file 7729152
total_writeback 176128
total_swap 537157632
total_pgpgin 602601
total_pgpgout 213658
total_pgfault 714376
total_pgmajfault 9087
total_inactive_anon 437211136
total_active_anon 1139658752
total_inactive_file 7950336
total_active_file 8290304
total_unevictable 0
--------------------BLKIO-----------------------
11:0 Read 0
11:0 Write 0
11:0 Sync 0
11:0 Async 0
11:0 Total 0
253:0 Read 66162688
253:0 Write 40460288
253:0 Sync 0
253:0 Async 106622976
253:0 Total 106622976
Total 106622976
--------------------CPUAC-----------------------
user 761
system 1130
 
Sat May 20 12:38:20 IST 2017
--------------------MEMCG-----------------------
MEM ONLY  : 1491 MB
MEM+SWAP  : 2031 MB
cache 16175104
rss 1547694080
rss_huge 0
mapped_file 7729152
writeback 8192
swap 566333440
pgpgin 602795
pgpgout 220991
pgfault 714792
pgmajfault 9280
inactive_anon 428744704
active_anon 1118949376
inactive_file 7884800
active_file 8290304
unevictable 0
hierarchical_memory_limit 6442450944
hierarchical_memsw_limit 32212254720
total_cache 16175104
total_rss 1547694080
total_rss_huge 0
total_mapped_file 7729152
total_writeback 8192
total_swap 566333440
total_pgpgin 602795
total_pgpgout 220991
total_pgfault 714792
total_pgmajfault 9280
total_inactive_anon 428744704
total_active_anon 1118949376
total_inactive_file 7884800
total_active_file 8290304
total_unevictable 0
--------------------BLKIO-----------------------
11:0 Read 0
11:0 Write 0
11:0 Sync 0
11:0 Async 0
11:0 Total 0
253:0 Read 66973696
253:0 Write 40587264
253:0 Sync 0
253:0 Async 107560960
253:0 Total 107560960
Total 107560960
--------------------CPUAC-----------------------
user 762
system 1132
 
Sat May 20 12:38:50 IST 2017
--------------------MEMCG-----------------------
MEM ONLY  : 1468 MB
MEM+SWAP  : 2031 MB
cache 16125952
rss 1523638272
rss_huge 0
mapped_file 7729152
writeback 176128
swap 590389248
pgpgin 602985
pgpgout 227066
pgfault 715197
pgmajfault 9467
inactive_anon 421920768
active_anon 1101717504
inactive_file 7872512
active_file 8253440
unevictable 0
hierarchical_memory_limit 6442450944
hierarchical_memsw_limit 32212254720
total_cache 16125952
total_rss 1523638272
total_rss_huge 0
total_mapped_file 7729152
total_writeback 176128
total_swap 590389248
total_pgpgin 602985
total_pgpgout 227066
total_pgfault 715197
total_pgmajfault 9467
total_inactive_anon 421920768
total_active_anon 1101717504
total_inactive_file 7872512
total_active_file 8253440
total_unevictable 0
--------------------BLKIO-----------------------
11:0 Read 0
11:0 Write 0
11:0 Sync 0
11:0 Async 0
11:0 Total 0
253:0 Read 67805184
253:0 Write 40587264
253:0 Sync 0
253:0 Async 108392448
253:0 Total 108392448
Total 108392448
--------------------CPUAC-----------------------
user 762
system 1133
 
Sat May 20 12:39:20 IST 2017
--------------------MEMCG-----------------------
MEM ONLY  : 1445 MB
MEM+SWAP  : 2031 MB
cache 16068608
rss 1499123712
rss_huge 0
mapped_file 7729152
writeback 339968
swap 614903808
pgpgin 603190
pgpgout 233270
pgfault 715634
pgmajfault 9671
inactive_anon 414986240
active_anon 1084137472
inactive_file 7843840
active_file 8224768
unevictable 0
hierarchical_memory_limit 6442450944
hierarchical_memsw_limit 32212254720
total_cache 16068608
total_rss 1499123712
total_rss_huge 0
total_mapped_file 7729152
total_writeback 339968
total_swap 614903808
total_pgpgin 603190
total_pgpgout 233270
total_pgfault 715634
total_pgmajfault 9671
total_inactive_anon 414986240
total_active_anon 1084137472
total_inactive_file 7843840
total_active_file 8224768
total_unevictable 0
--------------------BLKIO-----------------------
11:0 Read 0
11:0 Write 0
11:0 Sync 0
11:0 Async 0
11:0 Total 0
253:0 Read 68689920
253:0 Write 40587264
253:0 Sync 0
253:0 Async 109277184
253:0 Total 109277184
Total 109277184
--------------------CPUAC-----------------------
user 762
system 1134
 
Sat May 20 12:39:50 IST 2017
--------------------MEMCG-----------------------
MEM ONLY  : 1419 MB
MEM+SWAP  : 2031 MB
cache 15978496
rss 1472872448
rss_huge 0
mapped_file 7729152
writeback 32768
swap 641155072
pgpgin 603399
pgpgout 239910
pgfault 716070
pgmajfault 9864
inactive_anon 407269376
active_anon 1065603072
inactive_file 7778304
active_file 8200192
unevictable 0
hierarchical_memory_limit 6442450944
hierarchical_memsw_limit 32212254720
total_cache 15978496
total_rss 1472872448
total_rss_huge 0
total_mapped_file 7729152
total_writeback 32768
total_swap 641155072
total_pgpgin 603399
total_pgpgout 239910
total_pgfault 716070
total_pgmajfault 9864
total_inactive_anon 407269376
total_active_anon 1065603072
total_inactive_file 7778304
total_active_file 8200192
total_unevictable 0
--------------------BLKIO-----------------------
11:0 Read 0
11:0 Write 0
11:0 Sync 0
11:0 Async 0
11:0 Total 0
253:0 Read 69660672
253:0 Write 40587264
253:0 Sync 0
253:0 Async 110247936
253:0 Total 110247936
Total 110247936
--------------------CPUAC-----------------------
user 762
system 1134
 
Sat May 20 12:40:20 IST 2017
--------------------MEMCG-----------------------
MEM ONLY  : 1401 MB
MEM+SWAP  : 2031 MB
cache 15937536
rss 1453776896
rss_huge 0
mapped_file 7729152
writeback 94208
swap 660250624
pgpgin 603658
pgpgout 244841
pgfault 716618
pgmajfault 10119
inactive_anon 401723392
active_anon 1052053504
inactive_file 7716864
active_file 8220672
unevictable 0
hierarchical_memory_limit 6442450944
hierarchical_memsw_limit 32212254720
total_cache 15937536
total_rss 1453776896
total_rss_huge 0
total_mapped_file 7729152
total_writeback 94208
total_swap 660250624
total_pgpgin 603658
total_pgpgout 244841
total_pgfault 716618
total_pgmajfault 10119
total_inactive_anon 401723392
total_active_anon 1052053504
total_inactive_file 7716864
total_active_file 8220672
total_unevictable 0
--------------------BLKIO-----------------------
11:0 Read 0
11:0 Write 0
11:0 Sync 0
11:0 Async 0
11:0 Total 0
253:0 Read 70811648
253:0 Write 40652800
253:0 Sync 0
253:0 Async 111464448
253:0 Total 111464448
Total 111464448
--------------------CPUAC-----------------------
user 763
system 1136
 
Sat May 20 12:40:50 IST 2017
--------------------MEMCG-----------------------
MEM ONLY  : 1385 MB
MEM+SWAP  : 2031 MB
cache 15937536
rss 1436278784
rss_huge 0
mapped_file 7729152
writeback 110592
swap 677748736
pgpgin 603959
pgpgout 249414
pgfault 717245
pgmajfault 10406
inactive_anon 396578816
active_anon 1039679488
inactive_file 7643136
active_file 8294400
unevictable 0
hierarchical_memory_limit 6442450944
hierarchical_memsw_limit 32212254720
total_cache 15937536
total_rss 1436278784
total_rss_huge 0
total_mapped_file 7729152
total_writeback 110592
total_swap 677748736
total_pgpgin 603959
total_pgpgout 249414
total_pgfault 717245
total_pgmajfault 10406
total_inactive_anon 396578816
total_active_anon 1039679488
total_inactive_file 7643136
total_active_file 8294400
total_unevictable 0
--------------------BLKIO-----------------------
11:0 Read 0
11:0 Write 0
11:0 Sync 0
11:0 Async 0
11:0 Total 0
253:0 Read 72208384
253:0 Write 40652800
253:0 Sync 0
253:0 Async 112861184
253:0 Total 112861184
Total 112861184
--------------------CPUAC-----------------------
user 764
system 1137
 
Sat May 20 12:41:20 IST 2017
--------------------MEMCG-----------------------
MEM ONLY  : 1369 MB
MEM+SWAP  : 2031 MB
cache 15937536
rss 1419956224
rss_huge 0
mapped_file 7729152
writeback 0
swap 694071296
pgpgin 604308
pgpgout 253748
pgfault 717985
pgmajfault 10752
inactive_anon 391880704
active_anon 1028075520
inactive_file 7610368
active_file 8327168
unevictable 0
hierarchical_memory_limit 6442450944
hierarchical_memsw_limit 32212254720
total_cache 15937536
total_rss 1419956224
total_rss_huge 0
total_mapped_file 7729152
total_writeback 0
total_swap 694071296
total_pgpgin 604308
total_pgpgout 253748
total_pgfault 717985
total_pgmajfault 10752
total_inactive_anon 391880704
total_active_anon 1028075520
total_inactive_file 7610368
total_active_file 8327168
total_unevictable 0
--------------------BLKIO-----------------------
11:0 Read 0
11:0 Write 0
11:0 Sync 0
11:0 Async 0
11:0 Total 0
253:0 Read 73662464
253:0 Write 40652800
253:0 Sync 0
253:0 Async 114315264
253:0 Total 114315264
Total 114315264
--------------------CPUAC-----------------------
user 766
system 1137
 
Sat May 20 12:41:50 IST 2017
--------------------MEMCG-----------------------
MEM ONLY  : 1357 MB
MEM+SWAP  : 2031 MB
cache 15884288
rss 1407258624
rss_huge 0
mapped_file 7729152
writeback 65536
swap 706768896
pgpgin 604740
pgpgout 257293
pgfault 718896
pgmajfault 11172
inactive_anon 388202496
active_anon 1019056128
inactive_file 7561216
active_file 8323072
unevictable 0
hierarchical_memory_limit 6442450944
hierarchical_memsw_limit 32212254720
total_cache 15884288
total_rss 1407258624
total_rss_huge 0
total_mapped_file 7729152
total_writeback 65536
total_swap 706768896
total_pgpgin 604740
total_pgpgout 257293
total_pgfault 718896
total_pgmajfault 11172
total_inactive_anon 388202496
total_active_anon 1019056128
total_inactive_file 7561216
total_active_file 8323072
total_unevictable 0
--------------------BLKIO-----------------------
11:0 Read 0
11:0 Write 0
11:0 Sync 0
11:0 Async 0
11:0 Total 0
253:0 Read 75763712
253:0 Write 40665088
253:0 Sync 0
253:0 Async 116428800
253:0 Total 116428800
Total 116428800
--------------------CPUAC-----------------------
user 766
system 1140
 
Sat May 20 12:42:20 IST 2017
--------------------MEMCG-----------------------
MEM ONLY  : 1346 MB
MEM+SWAP  : 2031 MB
cache 15851520
rss 1396355072
rss_huge 0
mapped_file 7729152
writeback 0
swap 717672448
pgpgin 605243
pgpgout 260466
pgfault 719950
pgmajfault 11658
inactive_anon 385032192
active_anon 1011322880
inactive_file 7548928
active_file 8302592
unevictable 0
hierarchical_memory_limit 6442450944
hierarchical_memsw_limit 32212254720
total_cache 15851520
total_rss 1396355072
total_rss_huge 0
total_mapped_file 7729152
total_writeback 0
total_swap 717672448
total_pgpgin 605243
total_pgpgout 260466
total_pgfault 719950
total_pgmajfault 11658
total_inactive_anon 385032192
total_active_anon 1011322880
total_inactive_file 7548928
total_active_file 8302592
total_unevictable 0
--------------------BLKIO-----------------------
11:0 Read 0
11:0 Write 0
11:0 Sync 0
11:0 Async 0
11:0 Total 0
253:0 Read 78053376
253:0 Write 40665088
253:0 Sync 0
253:0 Async 118718464
253:0 Total 118718464
Total 118718464
--------------------CPUAC-----------------------
user 768
system 1142
 
Sat May 20 12:42:50 IST 2017
--------------------MEMCG-----------------------
MEM ONLY  : 1337 MB
MEM+SWAP  : 2031 MB
cache 15851520
rss 1386815488
rss_huge 0
mapped_file 7729152
writeback 0
swap 727212032
pgpgin 605686
pgpgout 263238
pgfault 720872
pgmajfault 12079
inactive_anon 382349312
active_anon 1004466176
inactive_file 7532544
active_file 8318976
unevictable 0
hierarchical_memory_limit 6442450944
hierarchical_memsw_limit 32212254720
total_cache 15851520
total_rss 1386815488
total_rss_huge 0
total_mapped_file 7729152
total_writeback 0
total_swap 727212032
total_pgpgin 605686
total_pgpgout 263238
total_pgfault 720872
total_pgmajfault 12079
total_inactive_anon 382349312
total_active_anon 1004466176
total_inactive_file 7532544
total_active_file 8318976
total_unevictable 0
--------------------BLKIO-----------------------
11:0 Read 0
11:0 Write 0
11:0 Sync 0
11:0 Async 0
11:0 Total 0
253:0 Read 80179200
253:0 Write 41607168
253:0 Sync 0
253:0 Async 121786368
253:0 Total 121786368
Total 121786368
--------------------CPUAC-----------------------
user 769
system 1145
 
