java -cp /home/ubuntu/ycsb/redis-binding/conf:/home/ubuntu/ycsb/conf:/home/ubuntu/ycsb/lib/commons-pool-1.5.5.jar:/home/ubuntu/ycsb/lib/jackson-mapper-asl-1.9.4.jar:/home/ubuntu/ycsb/lib/redis-binding-0.13.0-SNAPSHOT.jar:/home/ubuntu/ycsb/lib/jackson-core-asl-1.9.4.jar:/home/ubuntu/ycsb/lib/htrace-core4-4.1.0-incubating.jar:/home/ubuntu/ycsb/lib/jedis-2.0.0.jar:/home/ubuntu/ycsb/lib/HdrHistogram-2.1.4.jar:/home/ubuntu/ycsb/lib/core-0.13.0-SNAPSHOT.jar com.yahoo.ycsb.Client -db com.yahoo.ycsb.db.RedisClient -s -P /home/ubuntu/ycsb/workloads/workload1 -p redis.host=10.0.3.168 -p redis.port=6379 -load
Command line: -db com.yahoo.ycsb.db.RedisClient -s -P /home/ubuntu/ycsb/workloads/workload1 -p redis.host=10.0.3.168 -p redis.port=6379 -loadYCSB Client 0.13.0-SNAPSHOT

Loading workload...
Starting test.
DBWrapper: report latency for each error is false and specific error codes to track for latency are: []
2017-05-16 10:43:31:201 0 sec: 0 operations; est completion in 0 seconds 
2017-05-16 10:43:41:122 10 sec: 45483 operations; 4547.85 current ops/sec; est completion in 34 seconds [INSERT: Count=45507, Max=33375, Min=163, Avg=207.44, 90=201, 99=254, 99.9=4827, 99.99=24015] 
2017-05-16 10:43:51:122 20 sec: 95504 operations; 5002.1 current ops/sec; est completion in 22 seconds [INSERT: Count=49997, Max=22671, Min=161, Avg=194.19, 90=196, 99=224, 99.9=1570, 99.99=7991] 
2017-05-16 10:44:01:122 30 sec: 145984 operations; 5048 current ops/sec; est completion in 12 seconds [INSERT: Count=50480, Max=18671, Min=170, Avg=193.3, 90=196, 99=220, 99.9=1571, 99.99=2235] 
2017-05-16 10:44:11:122 40 sec: 187934 operations; 4195 current ops/sec; est completion in 3 seconds [INSERT: Count=41950, Max=268543, Min=172, Avg=233.65, 90=204, 99=311, 99.9=9127, 99.99=47967] 
2017-05-16 10:44:19:089 47 sec: 200000 operations; 1514.5 current ops/sec; [CLEANUP: Count=1, Max=192, Min=192, Avg=192, 90=192, 99=192, 99.9=192, 99.99=192] [INSERT: Count=12066, Max=200319, Min=173, Avg=654.97, 90=237, 99=10159, 99.9=38367, 99.99=94079] 
[OVERALL], RunTime(ms), 47995.0
[OVERALL], Throughput(ops/sec), 4167.100739660381
[TOTAL_GCS_PS_Scavenge], Count, 287.0
[TOTAL_GC_TIME_PS_Scavenge], Time(ms), 364.0
[TOTAL_GC_TIME_%_PS_Scavenge], Time(%), 0.7584123346181894
[TOTAL_GCS_PS_MarkSweep], Count, 0.0
[TOTAL_GC_TIME_PS_MarkSweep], Time(ms), 0.0
[TOTAL_GC_TIME_%_PS_MarkSweep], Time(%), 0.0
[TOTAL_GCs], Count, 287.0
[TOTAL_GC_TIME], Time(ms), 364.0
[TOTAL_GC_TIME_%], Time(%), 0.7584123346181894
[CLEANUP], Operations, 1.0
[CLEANUP], AverageLatency(us), 192.0
[CLEANUP], MinLatency(us), 192.0
[CLEANUP], MaxLatency(us), 192.0
[CLEANUP], 95thPercentileLatency(us), 192.0
[CLEANUP], 99thPercentileLatency(us), 192.0
[INSERT], Operations, 200000.0
[INSERT], AverageLatency(us), 233.05664
[INSERT], MinLatency(us), 161.0
[INSERT], MaxLatency(us), 268543.0
[INSERT], 95thPercentileLatency(us), 210.0
[INSERT], 99thPercentileLatency(us), 272.0
[INSERT], Return=OK, 200000
java -cp /home/ubuntu/ycsb/redis-binding/conf:/home/ubuntu/ycsb/conf:/home/ubuntu/ycsb/lib/commons-pool-1.5.5.jar:/home/ubuntu/ycsb/lib/jackson-mapper-asl-1.9.4.jar:/home/ubuntu/ycsb/lib/redis-binding-0.13.0-SNAPSHOT.jar:/home/ubuntu/ycsb/lib/jackson-core-asl-1.9.4.jar:/home/ubuntu/ycsb/lib/htrace-core4-4.1.0-incubating.jar:/home/ubuntu/ycsb/lib/jedis-2.0.0.jar:/home/ubuntu/ycsb/lib/HdrHistogram-2.1.4.jar:/home/ubuntu/ycsb/lib/core-0.13.0-SNAPSHOT.jar com.yahoo.ycsb.Client -db com.yahoo.ycsb.db.RedisClient -s -P /home/ubuntu/ycsb/workloads/workload1 -p redis.host=10.0.3.168 -p redis.port=6379 -p operationcount=100000000 -p maxexecutiontime=60 -t
Command line: -db com.yahoo.ycsb.db.RedisClient -s -P /home/ubuntu/ycsb/workloads/workload1 -p redis.host=10.0.3.168 -p redis.port=6379 -p operationcount=100000000 -p maxexecutiontime=60 -tYCSB Client 0.13.0-SNAPSHOT

Loading workload...
Starting test.
Maximum execution time specified as: 60 secs
2017-05-16 10:44:49:790 0 sec: 0 operations; est completion in 0 seconds 
DBWrapper: report latency for each error is false and specific error codes to track for latency are: []
2017-05-16 10:44:59:777 10 sec: 5693 operations; 569.3 current ops/sec; est completion in 2 days [READ: Count=5693, Max=118463, Min=89, Avg=1713.7, 90=7651, 99=19327, 99.9=29135, 99.99=68799] 
2017-05-16 10:45:09:777 20 sec: 12230 operations; 653.7 current ops/sec; est completion in 1 days 21 hours [READ: Count=6537, Max=130687, Min=84, Avg=1528.71, 90=6899, 99=17183, 99.9=26591, 99.99=118655] 
2017-05-16 10:45:19:777 30 sec: 18976 operations; 674.6 current ops/sec; est completion in 1 days 19 hours [READ: Count=6746, Max=119295, Min=85, Avg=1477.67, 90=6679, 99=16703, 99.9=29983, 99.99=81215] 
2017-05-16 10:45:29:777 40 sec: 25537 operations; 656.1 current ops/sec; est completion in 1 days 19 hours [READ: Count=6561, Max=122175, Min=88, Avg=1517.64, 90=6923, 99=15399, 99.9=29807, 99.99=63263] 
2017-05-16 10:45:39:777 50 sec: 32148 operations; 661.1 current ops/sec; est completion in 1 days 19 hours [READ: Count=6611, Max=151167, Min=85, Avg=1496.79, 90=6723, 99=14935, 99.9=31215, 99.99=106431] 
2017-05-16 10:45:49:777 60 sec: 39074 operations; 692.6 current ops/sec; est completion in 1 days 18 hours [READ: Count=6926, Max=147839, Min=88, Avg=1440.06, 90=6471, 99=14431, 99.9=28559, 99.99=70527] 
Maximum time elapsed. Requesting stop for the workload.
Stop requested for workload. Now Joining!
2017-05-16 10:45:49:808 60 sec: 39101 operations; 870.97 current ops/sec; est completion in 1 days 18 hours [READ: Count=27, Max=11327, Min=90, Avg=1298.11, 90=4931, 99=11327, 99.9=11327, 99.99=11327] [CLEANUP: Count=1, Max=151, Min=151, Avg=151, 90=151, 99=151, 99.9=151, 99.99=151] 
[OVERALL], RunTime(ms), 60037.0
[OVERALL], Throughput(ops/sec), 651.2817096124057
[TOTAL_GCS_PS_Scavenge], Count, 25.0
[TOTAL_GC_TIME_PS_Scavenge], Time(ms), 48.0
[TOTAL_GC_TIME_%_PS_Scavenge], Time(%), 0.07995069707014009
[TOTAL_GCS_PS_MarkSweep], Count, 0.0
[TOTAL_GC_TIME_PS_MarkSweep], Time(ms), 0.0
[TOTAL_GC_TIME_%_PS_MarkSweep], Time(%), 0.0
[TOTAL_GCs], Count, 25.0
[TOTAL_GC_TIME], Time(ms), 48.0
[TOTAL_GC_TIME_%], Time(%), 0.07995069707014009
[READ], Operations, 39101.0
[READ], AverageLatency(us), 1523.7216695225186
[READ], MinLatency(us), 84.0
[READ], MaxLatency(us), 151167.0
[READ], 95thPercentileLatency(us), 9863.0
[READ], 99thPercentileLatency(us), 16767.0
[READ], Return=OK, 39101
[CLEANUP], Operations, 1.0
[CLEANUP], AverageLatency(us), 151.0
[CLEANUP], MinLatency(us), 151.0
[CLEANUP], MaxLatency(us), 151.0
[CLEANUP], 95thPercentileLatency(us), 151.0
[CLEANUP], 99thPercentileLatency(us), 151.0
