java -cp /home/ubuntu/ycsb/mongodb-binding/conf:/home/ubuntu/ycsb/conf:/home/ubuntu/ycsb/lib/jackson-mapper-asl-1.9.4.jar:/home/ubuntu/ycsb/lib/jackson-core-asl-1.9.4.jar:/home/ubuntu/ycsb/lib/htrace-core4-4.1.0-incubating.jar:/home/ubuntu/ycsb/lib/core-0.12.0.jar:/home/ubuntu/ycsb/lib/HdrHistogram-2.1.4.jar:/home/ubuntu/ycsb/mongodb-binding/lib/mongo-java-driver-3.0.3.jar:/home/ubuntu/ycsb/mongodb-binding/lib/logback-core-1.1.2.jar:/home/ubuntu/ycsb/mongodb-binding/lib/mongodb-binding-0.12.0.jar:/home/ubuntu/ycsb/mongodb-binding/lib/logback-classic-1.1.2.jar:/home/ubuntu/ycsb/mongodb-binding/lib/mongodb-async-driver-2.0.1.jar:/home/ubuntu/ycsb/mongodb-binding/lib/slf4j-api-1.6.4.jar com.yahoo.ycsb.Client -db com.yahoo.ycsb.db.MongoDbClient -s -P /home/ubuntu/ycsb/workloads/workload1 -p mongodb.url=mongodb://10.0.3.220:27017/ycsb?w=0 -p maxexecutiontime=1000 -t
YCSB Client 0.12.0
Command line: -db com.yahoo.ycsb.db.MongoDbClient -s -P /home/ubuntu/ycsb/workloads/workload1 -p mongodb.url=mongodb://10.0.3.220:27017/ycsb?w=0 -p maxexecutiontime=1000 -t
Loading workload...
Starting test.
Maximum execution time specified as: 1000 secs
2017-05-13 19:43:03:302 0 sec: 0 operations; est completion in 0 seconds 
mongo client connection created with mongodb://10.0.3.220:27017/ycsb?w=0
DBWrapper: report latency for each error is false and specific error codes to track for latency are: []
2017-05-13 19:43:13:206 10 sec: 2160 operations; 216 current ops/sec; est completion in 12 hours 51 minutes [READ: Count=806, Max=245119, Min=199, Avg=9547.11, 90=15103, 99=30127, 99.9=40223, 99.99=245119] [READ-FAILED: Count=1354, Max=93119, Min=142, Avg=855.12, 90=1363, 99=11191, 99.9=28319, 99.99=93119] 
2017-05-13 19:43:23:206 20 sec: 5622 operations; 346.2 current ops/sec; est completion in 9 hours 52 minutes [READ: Count=1253, Max=73535, Min=168, Avg=7450.47, 90=11031, 99=19743, 99.9=64703, 99.99=73535] [READ-FAILED: Count=2209, Max=59007, Min=118, Avg=278.15, 90=188, 99=1620, 99.9=21119, 99.99=59007] 
2017-05-13 19:43:33:206 30 sec: 9163 operations; 354.1 current ops/sec; est completion in 9 hours 5 minutes [READ: Count=1259, Max=60799, Min=141, Avg=7523.19, 90=11215, 99=25135, 99.9=52351, 99.99=60799] [READ-FAILED: Count=2282, Max=132479, Min=104, Avg=221.5, 90=165, 99=206, 99.9=10327, 99.99=132479] 
2017-05-13 19:43:43:206 40 sec: 12947 operations; 378.4 current ops/sec; est completion in 8 hours 34 minutes [READ: Count=1362, Max=91199, Min=140, Avg=7091.15, 90=11199, 99=18975, 99.9=40479, 99.99=91199] [READ-FAILED: Count=2422, Max=195, Min=104, Avg=124.31, 90=150, 99=165, 99.9=189, 99.99=195] 
2017-05-13 19:43:53:206 50 sec: 16731 operations; 378.4 current ops/sec; est completion in 8 hours 17 minutes [READ: Count=1353, Max=130623, Min=138, Avg=7158.07, 90=11175, 99=19567, 99.9=61919, 99.99=130623] [READ-FAILED: Count=2431, Max=203, Min=100, Avg=124.64, 90=149, 99=170, 99.9=200, 99.99=203] 
2017-05-13 19:44:03:206 60 sec: 20893 operations; 416.2 current ops/sec; est completion in 7 hours 57 minutes [READ: Count=1484, Max=41439, Min=138, Avg=6503.65, 90=11063, 99=18639, 99.9=29567, 99.99=41439] [READ-FAILED: Count=2678, Max=266, Min=103, Avg=121.36, 90=148, 99=163, 99.9=191, 99.99=266] 
2017-05-13 19:44:13:206 70 sec: 25133 operations; 424 current ops/sec; est completion in 7 hours 43 minutes [READ: Count=1517, Max=58111, Min=137, Avg=6358.37, 90=11223, 99=18415, 99.9=20351, 99.99=58111] [READ-FAILED: Count=2723, Max=7507, Min=103, Avg=124.35, 90=148, 99=163, 99.9=188, 99.99=7507] 
2017-05-13 19:44:23:206 80 sec: 29554 operations; 442.1 current ops/sec; est completion in 7 hours 29 minutes [READ: Count=1583, Max=48543, Min=137, Avg=6080.79, 90=10839, 99=18895, 99.9=32239, 99.99=48543] [READ-FAILED: Count=2838, Max=10183, Min=103, Avg=125.05, 90=147, 99=159, 99.9=176, 99.99=10183] 
2017-05-13 19:44:33:206 90 sec: 34053 operations; 449.9 current ops/sec; est completion in 7 hours 19 minutes [READ: Count=1639, Max=123583, Min=138, Avg=5866.59, 90=10735, 99=17647, 99.9=21903, 99.99=123583] [READ-FAILED: Count=2860, Max=186, Min=102, Avg=120.82, 90=147, 99=163, 99.9=183, 99.99=186] 
2017-05-13 19:44:43:206 100 sec: 38669 operations; 461.6 current ops/sec; est completion in 7 hours 9 minutes [READ: Count=1636, Max=46207, Min=138, Avg=5888.72, 90=11007, 99=18303, 99.9=35967, 99.99=46207] [READ-FAILED: Count=2980, Max=10183, Min=103, Avg=124.4, 90=147, 99=162, 99.9=183, 99.99=10183] 
2017-05-13 19:44:53:206 110 sec: 43721 operations; 505.2 current ops/sec; est completion in 6 hours 57 minutes [READ: Count=1789, Max=44799, Min=137, Avg=5360.73, 90=10799, 99=18735, 99.9=29807, 99.99=44799] [READ-FAILED: Count=3263, Max=228, Min=103, Avg=119.78, 90=143, 99=159, 99.9=175, 99.99=228] 
2017-05-13 19:45:03:206 120 sec: 49122 operations; 540.1 current ops/sec; est completion in 6 hours 45 minutes [READ: Count=1899, Max=58079, Min=137, Avg=5036.51, 90=10687, 99=17407, 99.9=20239, 99.99=58079] [READ-FAILED: Count=3502, Max=1951, Min=99, Avg=119.19, 90=142, 99=158, 99.9=172, 99.99=1951] 
2017-05-13 19:45:13:206 130 sec: 54539 operations; 541.7 current ops/sec; est completion in 6 hours 35 minutes [READ: Count=1963, Max=127039, Min=135, Avg=4875.92, 90=10743, 99=18367, 99.9=33151, 99.99=127039] [READ-FAILED: Count=3454, Max=189, Min=102, Avg=119.24, 90=143, 99=162, 99.9=179, 99.99=189] 
2017-05-13 19:45:23:206 140 sec: 60056 operations; 551.7 current ops/sec; est completion in 6 hours 26 minutes [READ: Count=1994, Max=35871, Min=134, Avg=4788.42, 90=10831, 99=19375, 99.9=30591, 99.99=35871] [READ-FAILED: Count=3523, Max=10215, Min=102, Avg=121.32, 90=142, 99=161, 99.9=179, 99.99=10215] 
2017-05-13 19:45:33:206 150 sec: 66249 operations; 619.3 current ops/sec; est completion in 6 hours 14 minutes [READ: Count=2193, Max=107455, Min=137, Avg=4324.26, 90=10319, 99=16383, 99.9=64863, 99.99=107455] [READ-FAILED: Count=4000, Max=183, Min=101, Avg=117.48, 90=141, 99=160, 99.9=177, 99.99=183] 
2017-05-13 19:45:43:206 160 sec: 72979 operations; 673 current ops/sec; est completion in 6 hours 2 minutes [READ: Count=2460, Max=48031, Min=136, Avg=3866.59, 90=10159, 99=18191, 99.9=34399, 99.99=48031] [READ-FAILED: Count=4270, Max=193, Min=102, Avg=117.18, 90=141, 99=159, 99.9=181, 99.99=193] 
2017-05-13 19:45:53:206 170 sec: 80045 operations; 706.6 current ops/sec; est completion in 5 hours 51 minutes [READ: Count=2464, Max=35455, Min=136, Avg=3835.97, 90=10447, 99=19023, 99.9=31311, 99.99=35455] [READ-FAILED: Count=4602, Max=2095, Min=102, Avg=115.79, 90=134, 99=156, 99.9=185, 99.99=2095] 
2017-05-13 19:46:03:206 180 sec: 87844 operations; 779.9 current ops/sec; est completion in 5 hours 38 minutes [READ: Count=2731, Max=34975, Min=136, Avg=3422.13, 90=10103, 99=17999, 99.9=26223, 99.99=34975] [READ-FAILED: Count=5068, Max=10071, Min=103, Avg=117.68, 90=139, 99=157, 99.9=178, 99.99=200] 
2017-05-13 19:46:13:206 190 sec: 96410 operations; 856.6 current ops/sec; est completion in 5 hours 25 minutes [READ: Count=3062, Max=63519, Min=134, Avg=3063.84, 90=9839, 99=17695, 99.9=32159, 99.99=63519] [READ-FAILED: Count=5504, Max=2143, Min=102, Avg=115.2, 90=139, 99=157, 99.9=178, 99.99=199] 
2017-05-13 19:46:23:206 200 sec: 106196 operations; 978.6 current ops/sec; est completion in 5 hours 10 minutes [READ: Count=3497, Max=99199, Min=132, Avg=2642.83, 90=9207, 99=17327, 99.9=28479, 99.99=99199] [READ-FAILED: Count=6289, Max=2010, Min=100, Avg=115.3, 90=136, 99=154, 99.9=175, 99.99=1997] 
2017-05-13 19:46:33:206 210 sec: 116681 operations; 1048.5 current ops/sec; est completion in 4 hours 56 minutes [READ: Count=3860, Max=70975, Min=129, Avg=2388.38, 90=8999, 99=16975, 99.9=27919, 99.99=70975] [READ-FAILED: Count=6625, Max=2155, Min=100, Avg=113.69, 90=132, 99=154, 99.9=175, 99.99=2107] 
2017-05-13 19:46:43:206 220 sec: 128831 operations; 1215 current ops/sec; est completion in 4 hours 40 minutes [READ: Count=4359, Max=37407, Min=128, Avg=2084.62, 90=8487, 99=15303, 99.9=25583, 99.99=37407] [READ-FAILED: Count=7791, Max=10167, Min=98, Avg=113.75, 90=129, 99=154, 99.9=178, 99.99=2016] 
2017-05-13 19:46:53:206 230 sec: 142783 operations; 1395.2 current ops/sec; est completion in 4 hours 24 minutes [READ: Count=4953, Max=39871, Min=129, Avg=1812.61, 90=7931, 99=15887, 99.9=24047, 99.99=39871] [READ-FAILED: Count=8999, Max=1978, Min=97, Avg=110.98, 90=125, 99=151, 99.9=175, 99.99=210] 
2017-05-13 19:47:03:206 240 sec: 158745 operations; 1596.2 current ops/sec; est completion in 4 hours 7 minutes [READ: Count=5673, Max=104191, Min=127, Avg=1553.91, 90=7119, 99=14615, 99.9=24991, 99.99=39135] [READ-FAILED: Count=10289, Max=3341, Min=94, Avg=111.08, 90=123, 99=147, 99.9=169, 99.99=2061] 
2017-05-13 19:47:13:206 250 sec: 177119 operations; 1837.4 current ops/sec; est completion in 3 hours 51 minutes [READ: Count=6603, Max=49727, Min=131, Avg=1313.5, 90=5995, 99=13951, 99.9=21727, 99.99=36191] [READ-FAILED: Count=11771, Max=10079, Min=95, Avg=110.14, 90=119, 99=146, 99.9=165, 99.99=2157] 
2017-05-13 19:47:23:206 260 sec: 199473 operations; 2235.4 current ops/sec; est completion in 3 hours 32 minutes [READ: Count=7998, Max=38399, Min=129, Avg=1041.34, 90=4267, 99=11751, 99.9=19695, 99.99=27407] [READ-FAILED: Count=14356, Max=15383, Min=95, Avg=112.12, 90=119, 99=141, 99.9=176, 99.99=10031] 
2017-05-13 19:47:33:206 270 sec: 227149 operations; 2767.6 current ops/sec; est completion in 3 hours 13 minutes [READ: Count=9933, Max=50847, Min=125, Avg=805.13, 90=335, 99=11287, 99.9=18095, 99.99=30575] [READ-FAILED: Count=17743, Max=10231, Min=97, Avg=109.74, 90=118, 99=140, 99.9=191, 99.99=2051] 
2017-05-13 19:47:43:206 280 sec: 260527 operations; 3337.8 current ops/sec; est completion in 2 hours 54 minutes [READ: Count=11819, Max=63967, Min=132, Avg=641.02, 90=197, 99=10567, 99.9=19247, 99.99=50239] [READ-FAILED: Count=21559, Max=10151, Min=98, Avg=109.3, 90=117, 99=140, 99.9=163, 99.99=2022] 
2017-05-13 19:47:53:206 290 sec: 302954 operations; 4242.7 current ops/sec; est completion in 2 hours 34 minutes [READ: Count=15243, Max=18175, Min=127, Avg=457.3, 90=175, 99=9567, 99.9=12367, 99.99=17759] [READ-FAILED: Count=27184, Max=10159, Min=94, Avg=108.55, 90=115, 99=139, 99.9=160, 99.99=1944] 
2017-05-13 19:48:03:206 300 sec: 352965 operations; 5001.1 current ops/sec; est completion in 2 hours 16 minutes [READ: Count=17752, Max=32191, Min=127, Avg=360.88, 90=156, 99=8751, 99.9=11855, 99.99=23823] [READ-FAILED: Count=32259, Max=9511, Min=96, Avg=108.09, 90=110, 99=138, 99.9=158, 99.99=1978] 
2017-05-13 19:48:13:206 310 sec: 410556 operations; 5759.1 current ops/sec; est completion in 2 hours [READ: Count=20693, Max=21007, Min=128, Avg=284.22, 90=153, 99=7055, 99.9=11655, 99.99=20111] [READ-FAILED: Count=36898, Max=10263, Min=96, Avg=108.24, 90=112, 99=136, 99.9=159, 99.99=2022] 
2017-05-13 19:48:23:206 320 sec: 474099 operations; 6354.3 current ops/sec; est completion in 1 hours 47 minutes [READ: Count=22642, Max=34111, Min=130, Avg=240.28, 90=152, 99=4643, 99.9=12191, 99.99=21855] [READ-FAILED: Count=40901, Max=10183, Min=95, Avg=108.27, 90=114, 99=133, 99.9=157, 99.99=2073] 
2017-05-13 19:48:33:206 330 sec: 545689 operations; 7159 current ops/sec; est completion in 1 hours 35 minutes [READ: Count=25713, Max=41823, Min=125, Avg=189.74, 90=152, 99=220, 99.9=10183, 99.99=13303] [READ-FAILED: Count=45877, Max=10247, Min=94, Avg=108.42, 90=115, 99=133, 99.9=165, 99.99=2075] 
2017-05-13 19:48:43:206 340 sec: 620317 operations; 7462.8 current ops/sec; est completion in 1 hours 25 minutes [READ: Count=26924, Max=47519, Min=132, Avg=174.95, 90=150, 99=185, 99.9=10047, 99.99=13759] [READ-FAILED: Count=47704, Max=10087, Min=95, Avg=107.66, 90=112, 99=130, 99.9=156, 99.99=2039] 
2017-05-13 19:48:53:206 350 sec: 698570 operations; 7825.3 current ops/sec; est completion in 1 hours 17 minutes [READ: Count=27815, Max=64159, Min=131, Avg=158.33, 90=148, 99=176, 99.9=6359, 99.99=14695] [READ-FAILED: Count=50438, Max=10575, Min=95, Avg=107.8, 90=111, 99=130, 99.9=157, 99.99=2101] 
2017-05-13 19:49:03:206 360 sec: 777888 operations; 7931.8 current ops/sec; est completion in 1 hours 11 minutes [READ: Count=28387, Max=44415, Min=130, Avg=152.28, 90=151, 99=174, 99.9=3065, 99.99=10255] [READ-FAILED: Count=50931, Max=10335, Min=95, Avg=108.19, 90=114, 99=130, 99.9=156, 99.99=2045] 
2017-05-13 19:49:13:206 370 sec: 858404 operations; 8051.6 current ops/sec; est completion in 1 hours 5 minutes [READ: Count=28598, Max=27103, Min=115, Avg=146.96, 90=150, 99=171, 99.9=2075, 99.99=10831] [READ-FAILED: Count=51918, Max=12871, Min=94, Avg=108.46, 90=112, 99=132, 99.9=159, 99.99=2089] 
2017-05-13 19:49:23:206 380 sec: 940255 operations; 8185.1 current ops/sec; est completion in 1 hours 1 minutes [READ: Count=29071, Max=16247, Min=123, Avg=143, 90=147, 99=170, 99.9=2016, 99.99=7259] [READ-FAILED: Count=52780, Max=10215, Min=97, Avg=107.49, 90=109, 99=130, 99.9=161, 99.99=2129] 
2017-05-13 19:49:33:206 390 sec: 1021261 operations; 8100.6 current ops/sec; est completion in 57 minutes [READ: Count=28907, Max=19455, Min=125, Avg=144.72, 90=151, 99=171, 99.9=2055, 99.99=8007] [READ-FAILED: Count=52099, Max=10279, Min=96, Avg=108.43, 90=114, 99=131, 99.9=157, 99.99=2167] 
2017-05-13 19:49:43:206 400 sec: 1102696 operations; 8143.5 current ops/sec; est completion in 53 minutes [READ: Count=29124, Max=10327, Min=128, Avg=143.12, 90=148, 99=170, 99.9=2033, 99.99=2251] [READ-FAILED: Count=52311, Max=10295, Min=95, Avg=108.16, 90=112, 99=130, 99.9=157, 99.99=2153] 
2017-05-13 19:49:53:206 410 sec: 1183958 operations; 8126.2 current ops/sec; est completion in 50 minutes [READ: Count=29104, Max=2213, Min=129, Avg=142.84, 90=149, 99=170, 99.9=2022, 99.99=2193] [READ-FAILED: Count=52158, Max=10063, Min=92, Avg=108.76, 90=112, 99=132, 99.9=163, 99.99=2163] 
2017-05-13 19:50:03:206 420 sec: 1264498 operations; 8054 current ops/sec; est completion in 48 minutes [READ: Count=28636, Max=10167, Min=129, Avg=144.43, 90=149, 99=171, 99.9=2055, 99.99=2239] [READ-FAILED: Count=51904, Max=10303, Min=94, Avg=109.75, 90=113, 99=131, 99.9=163, 99.99=2401] 
2017-05-13 19:50:13:206 430 sec: 1345365 operations; 8086.7 current ops/sec; est completion in 46 minutes [READ: Count=29155, Max=19119, Min=130, Avg=144.58, 90=150, 99=170, 99.9=2063, 99.99=2255] [READ-FAILED: Count=51712, Max=10167, Min=92, Avg=108.58, 90=112, 99=131, 99.9=157, 99.99=2121] 
2017-05-13 19:50:23:206 440 sec: 1427147 operations; 8178.2 current ops/sec; est completion in 44 minutes [READ: Count=29233, Max=10359, Min=125, Avg=143.17, 90=149, 99=169, 99.9=2057, 99.99=2247] [READ-FAILED: Count=52549, Max=3185, Min=97, Avg=107.46, 90=112, 99=130, 99.9=159, 99.99=2119] 
2017-05-13 19:50:33:206 450 sec: 1508947 operations; 8180 current ops/sec; est completion in 42 minutes [READ: Count=29287, Max=10271, Min=128, Avg=142.87, 90=147, 99=170, 99.9=2077, 99.99=2229] [READ-FAILED: Count=52513, Max=10231, Min=93, Avg=107.58, 90=112, 99=130, 99.9=156, 99.99=2107] 
2017-05-13 19:50:43:206 460 sec: 1591161 operations; 8221.4 current ops/sec; est completion in 40 minutes [READ: Count=29660, Max=10279, Min=127, Avg=141.65, 90=147, 99=168, 99.9=2055, 99.99=2261] [READ-FAILED: Count=52554, Max=10247, Min=94, Avg=107.05, 90=111, 99=128, 99.9=152, 99.99=2133] 
2017-05-13 19:50:53:206 470 sec: 1673776 operations; 8261.5 current ops/sec; est completion in 38 minutes [READ: Count=29347, Max=10095, Min=126, Avg=141.34, 90=149, 99=167, 99.9=2067, 99.99=2233] [READ-FAILED: Count=53268, Max=10191, Min=93, Avg=106.6, 90=114, 99=127, 99.9=142, 99.99=2067] 
2017-05-13 19:51:03:206 480 sec: 1756505 operations; 8272.9 current ops/sec; est completion in 37 minutes [READ: Count=29616, Max=10335, Min=125, Avg=141.57, 90=148, 99=167, 99.9=2075, 99.99=2299] [READ-FAILED: Count=53113, Max=10255, Min=89, Avg=106.15, 90=112, 99=127, 99.9=147, 99.99=2067] 
2017-05-13 19:51:13:206 490 sec: 1839165 operations; 8266 current ops/sec; est completion in 36 minutes [READ: Count=29617, Max=2225, Min=124, Avg=140.9, 90=148, 99=167, 99.9=2075, 99.99=2197] [READ-FAILED: Count=53043, Max=10223, Min=91, Avg=106.62, 90=112, 99=126, 99.9=149, 99.99=2209] 
2017-05-13 19:51:23:206 500 sec: 1922031 operations; 8286.6 current ops/sec; est completion in 35 minutes [READ: Count=29587, Max=10231, Min=125, Avg=141.12, 90=148, 99=166, 99.9=2077, 99.99=2243] [READ-FAILED: Count=53279, Max=10223, Min=91, Avg=106.14, 90=112, 99=126, 99.9=147, 99.99=2107] 
2017-05-13 19:51:33:206 510 sec: 2003619 operations; 8158.8 current ops/sec; est completion in 33 minutes [READ: Count=28941, Max=10303, Min=127, Avg=143.38, 90=151, 99=167, 99.9=2095, 99.99=2309] [READ-FAILED: Count=52647, Max=10391, Min=94, Avg=107.9, 90=115, 99=128, 99.9=153, 99.99=2173] 
2017-05-13 19:51:43:206 520 sec: 2085395 operations; 8177.6 current ops/sec; est completion in 32 minutes [READ: Count=29309, Max=10119, Min=124, Avg=142.82, 90=147, 99=166, 99.9=2095, 99.99=2263] [READ-FAILED: Count=52467, Max=10031, Min=96, Avg=107.59, 90=112, 99=128, 99.9=153, 99.99=2125] 
2017-05-13 19:51:53:206 530 sec: 2167485 operations; 8209 current ops/sec; est completion in 31 minutes [READ: Count=29314, Max=25887, Min=127, Avg=142.44, 90=148, 99=167, 99.9=2065, 99.99=2241] [READ-FAILED: Count=52776, Max=10367, Min=93, Avg=107.14, 90=112, 99=128, 99.9=151, 99.99=2147] 
2017-05-13 19:52:03:206 540 sec: 2250102 operations; 8261.7 current ops/sec; est completion in 31 minutes [READ: Count=29404, Max=10263, Min=127, Avg=140.93, 90=148, 99=166, 99.9=2055, 99.99=2233] [READ-FAILED: Count=53213, Max=10287, Min=93, Avg=106.82, 90=112, 99=127, 99.9=149, 99.99=2235] 
2017-05-13 19:52:13:206 550 sec: 2332987 operations; 8288.5 current ops/sec; est completion in 30 minutes [READ: Count=29652, Max=10231, Min=126, Avg=141.05, 90=148, 99=167, 99.9=2083, 99.99=2273] [READ-FAILED: Count=53233, Max=10215, Min=91, Avg=106.17, 90=112, 99=127, 99.9=150, 99.99=2141] 
2017-05-13 19:52:23:206 560 sec: 2415105 operations; 8211.8 current ops/sec; est completion in 29 minutes [READ: Count=29536, Max=10311, Min=125, Avg=142.87, 90=150, 99=167, 99.9=2107, 99.99=2277] [READ-FAILED: Count=52582, Max=5503, Min=92, Avg=106.8, 90=114, 99=127, 99.9=150, 99.99=2121] 
2017-05-13 19:52:33:206 570 sec: 2496761 operations; 8165.6 current ops/sec; est completion in 28 minutes [READ: Count=29087, Max=12351, Min=126, Avg=142.5, 90=150, 99=169, 99.9=209, 99.99=2311] [READ-FAILED: Count=52569, Max=10191, Min=95, Avg=108.14, 90=115, 99=129, 99.9=151, 99.99=2191] 
2017-05-13 19:52:43:206 580 sec: 2578314 operations; 8155.3 current ops/sec; est completion in 27 minutes [READ: Count=29148, Max=10183, Min=131, Avg=142.56, 90=151, 99=168, 99.9=2111, 99.99=2255] [READ-FAILED: Count=52405, Max=10471, Min=95, Avg=108.29, 90=115, 99=129, 99.9=150, 99.99=2241] 
2017-05-13 19:52:53:206 590 sec: 2660761 operations; 8244.7 current ops/sec; est completion in 27 minutes [READ: Count=29469, Max=10055, Min=120, Avg=141.32, 90=146, 99=168, 99.9=2117, 99.99=2271] [READ-FAILED: Count=52978, Max=10311, Min=94, Avg=106.86, 90=110, 99=129, 99.9=155, 99.99=2191] 
2017-05-13 19:53:03:206 600 sec: 2743387 operations; 8262.6 current ops/sec; est completion in 26 minutes [READ: Count=29395, Max=10175, Min=123, Avg=141.16, 90=146, 99=166, 99.9=2043, 99.99=2315] [READ-FAILED: Count=53231, Max=10151, Min=90, Avg=106.73, 90=111, 99=126, 99.9=156, 99.99=2173] 
2017-05-13 19:53:13:206 610 sec: 2825807 operations; 8242 current ops/sec; est completion in 25 minutes [READ: Count=29339, Max=10167, Min=126, Avg=142.1, 90=145, 99=165, 99.9=2129, 99.99=2269] [READ-FAILED: Count=53081, Max=10127, Min=94, Avg=106.65, 90=111, 99=127, 99.9=154, 99.99=2143] 
2017-05-13 19:53:23:206 620 sec: 2908074 operations; 8226.7 current ops/sec; est completion in 25 minutes [READ: Count=29310, Max=10199, Min=126, Avg=141.66, 90=146, 99=166, 99.9=2121, 99.99=2247] [READ-FAILED: Count=52957, Max=10231, Min=93, Avg=107.26, 90=111, 99=127, 99.9=156, 99.99=2161] 
2017-05-13 19:53:33:206 630 sec: 2990393 operations; 8231.9 current ops/sec; est completion in 24 minutes [READ: Count=29313, Max=9567, Min=130, Avg=142.19, 90=149, 99=167, 99.9=2121, 99.99=2383] [READ-FAILED: Count=53006, Max=10167, Min=89, Avg=106.75, 90=110, 99=126, 99.9=152, 99.99=2099] 
2017-05-13 19:53:43:206 640 sec: 3071919 operations; 8152.6 current ops/sec; est completion in 24 minutes [READ: Count=29027, Max=12151, Min=127, Avg=143.46, 90=150, 99=169, 99.9=2133, 99.99=2371] [READ-FAILED: Count=52499, Max=9887, Min=97, Avg=107.97, 90=114, 99=129, 99.9=156, 99.99=2125] 
2017-05-13 19:53:53:206 650 sec: 3154408 operations; 8248.9 current ops/sec; est completion in 23 minutes [READ: Count=29713, Max=10255, Min=125, Avg=141.37, 90=148, 99=167, 99.9=381, 99.99=2345] [READ-FAILED: Count=52776, Max=10087, Min=94, Avg=106.7, 90=112, 99=127, 99.9=150, 99.99=2195] 
2017-05-13 19:54:03:206 660 sec: 3237150 operations; 8274.2 current ops/sec; est completion in 22 minutes [READ: Count=29494, Max=10191, Min=123, Avg=141.35, 90=149, 99=165, 99.9=2149, 99.99=2341] [READ-FAILED: Count=53248, Max=10111, Min=93, Avg=106.27, 90=113, 99=127, 99.9=145, 99.99=2155] 
2017-05-13 19:54:13:206 670 sec: 3319530 operations; 8238 current ops/sec; est completion in 22 minutes [READ: Count=29300, Max=2389, Min=125, Avg=141.38, 90=149, 99=166, 99.9=2163, 99.99=2299] [READ-FAILED: Count=53080, Max=10183, Min=93, Avg=107.11, 90=113, 99=127, 99.9=146, 99.99=2237] 
2017-05-13 19:54:23:206 680 sec: 3401517 operations; 8198.7 current ops/sec; est completion in 22 minutes [READ: Count=29321, Max=12375, Min=128, Avg=142.22, 90=147, 99=167, 99.9=1417, 99.99=2289] [READ-FAILED: Count=52666, Max=10119, Min=94, Avg=107.4, 90=112, 99=127, 99.9=154, 99.99=2157] 
2017-05-13 19:54:33:206 690 sec: 3483398 operations; 8188.1 current ops/sec; est completion in 21 minutes [READ: Count=29090, Max=10143, Min=127, Avg=142.42, 90=147, 99=166, 99.9=1045, 99.99=2317] [READ-FAILED: Count=52791, Max=10167, Min=95, Avg=107.66, 90=112, 99=128, 99.9=154, 99.99=2181] 
2017-05-13 19:54:43:206 700 sec: 3564801 operations; 8140.3 current ops/sec; est completion in 21 minutes [READ: Count=29192, Max=10175, Min=130, Avg=143.09, 90=150, 99=167, 99.9=2169, 99.99=2285] [READ-FAILED: Count=52211, Max=12399, Min=97, Avg=108.3, 90=114, 99=128, 99.9=155, 99.99=2255] 
2017-05-13 19:54:53:206 710 sec: 3646286 operations; 8148.5 current ops/sec; est completion in 20 minutes [READ: Count=29149, Max=2547, Min=128, Avg=142.6, 90=150, 99=168, 99.9=2165, 99.99=2343] [READ-FAILED: Count=52336, Max=10175, Min=95, Avg=108.37, 90=113, 99=129, 99.9=163, 99.99=2287] 
2017-05-13 19:55:03:206 720 sec: 3727952 operations; 8166.6 current ops/sec; est completion in 20 minutes [READ: Count=29088, Max=10159, Min=128, Avg=142.96, 90=150, 99=168, 99.9=2171, 99.99=2411] [READ-FAILED: Count=52578, Max=10167, Min=96, Avg=107.88, 90=114, 99=129, 99.9=159, 99.99=2205] 
2017-05-13 19:55:13:206 730 sec: 3809216 operations; 8126.4 current ops/sec; est completion in 19 minutes [READ: Count=29081, Max=10439, Min=128, Avg=144.18, 90=151, 99=168, 99.9=2187, 99.99=2437] [READ-FAILED: Count=52183, Max=10039, Min=96, Avg=108, 90=115, 99=129, 99.9=153, 99.99=2147] 
2017-05-13 19:55:23:206 740 sec: 3890570 operations; 8135.4 current ops/sec; est completion in 19 minutes [READ: Count=29037, Max=10255, Min=126, Avg=144.16, 90=151, 99=169, 99.9=2191, 99.99=2423] [READ-FAILED: Count=52317, Max=10239, Min=94, Avg=107.88, 90=115, 99=129, 99.9=151, 99.99=2137] 
2017-05-13 19:55:33:208 750 sec: 3972206 operations; 8163.6 current ops/sec; est completion in 18 minutes [READ: Count=29224, Max=10407, Min=132, Avg=143.31, 90=151, 99=169, 99.9=2199, 99.99=2451] [READ-FAILED: Count=52412, Max=10271, Min=96, Avg=107.65, 90=115, 99=128, 99.9=147, 99.99=2265] 
2017-05-13 19:55:43:206 760 sec: 4053861 operations; 8165.5 current ops/sec; est completion in 18 minutes [READ: Count=28866, Max=10471, Min=129, Avg=142.78, 90=151, 99=167, 99.9=2187, 99.99=2377] [READ-FAILED: Count=52789, Max=10239, Min=95, Avg=108.18, 90=115, 99=128, 99.9=149, 99.99=2287] 
2017-05-13 19:55:53:206 770 sec: 4135487 operations; 8162.6 current ops/sec; est completion in 18 minutes [READ: Count=29291, Max=2433, Min=131, Avg=142.7, 90=150, 99=168, 99.9=2207, 99.99=2351] [READ-FAILED: Count=52335, Max=10159, Min=90, Avg=107.92, 90=115, 99=129, 99.9=151, 99.99=2221] 
2017-05-13 19:56:03:206 780 sec: 4217241 operations; 8175.4 current ops/sec; est completion in 17 minutes [READ: Count=29223, Max=10295, Min=129, Avg=142.71, 90=150, 99=168, 99.9=2211, 99.99=2397] [READ-FAILED: Count=52531, Max=10135, Min=95, Avg=107.73, 90=115, 99=128, 99.9=149, 99.99=2223] 
2017-05-13 19:56:13:206 790 sec: 4298876 operations; 8163.5 current ops/sec; est completion in 17 minutes [READ: Count=28985, Max=14223, Min=130, Avg=143.28, 90=151, 99=168, 99.9=2205, 99.99=2407] [READ-FAILED: Count=52650, Max=10351, Min=95, Avg=107.79, 90=115, 99=128, 99.9=150, 99.99=2287] 
2017-05-13 19:56:23:216 800 sec: 4380593 operations; 8171.7 current ops/sec; est completion in 17 minutes [READ: Count=29125, Max=10271, Min=131, Avg=142.06, 90=151, 99=169, 99.9=195, 99.99=2353] [READ-FAILED: Count=52592, Max=10335, Min=96, Avg=108.23, 90=115, 99=131, 99.9=149, 99.99=2251] 
2017-05-13 19:56:33:206 810 sec: 4462589 operations; 8199.6 current ops/sec; est completion in 16 minutes [READ: Count=29232, Max=11695, Min=128, Avg=142.03, 90=150, 99=168, 99.9=229, 99.99=2405] [READ-FAILED: Count=52764, Max=10215, Min=89, Avg=107.54, 90=115, 99=128, 99.9=149, 99.99=2281] 
2017-05-13 19:56:43:206 820 sec: 4544611 operations; 8202.2 current ops/sec; est completion in 16 minutes [READ: Count=29478, Max=10423, Min=129, Avg=142.62, 90=150, 99=168, 99.9=2227, 99.99=2401] [READ-FAILED: Count=52544, Max=8223, Min=95, Avg=107.04, 90=113, 99=127, 99.9=150, 99.99=2269] 
2017-05-13 19:56:53:206 830 sec: 4626953 operations; 8234.2 current ops/sec; est completion in 16 minutes [READ: Count=29369, Max=10439, Min=125, Avg=142.04, 90=148, 99=166, 99.9=2219, 99.99=2379] [READ-FAILED: Count=52973, Max=10463, Min=91, Avg=106.84, 90=112, 99=126, 99.9=149, 99.99=2249] 
2017-05-13 19:57:03:206 840 sec: 4709845 operations; 8289.2 current ops/sec; est completion in 15 minutes [READ: Count=29639, Max=10143, Min=123, Avg=141.29, 90=142, 99=164, 99.9=2205, 99.99=2405] [READ-FAILED: Count=53253, Max=10079, Min=93, Avg=105.87, 90=108, 99=124, 99.9=148, 99.99=2253] 
2017-05-13 19:57:13:206 850 sec: 4792490 operations; 8264.5 current ops/sec; est completion in 15 minutes [READ: Count=29407, Max=10127, Min=127, Avg=141.32, 90=146, 99=164, 99.9=2211, 99.99=2361] [READ-FAILED: Count=53238, Max=10303, Min=94, Avg=106.5, 90=111, 99=126, 99.9=148, 99.99=2273] 
2017-05-13 19:57:23:206 860 sec: 4875464 operations; 8297.4 current ops/sec; est completion in 15 minutes [READ: Count=29702, Max=5279, Min=125, Avg=139.73, 90=146, 99=164, 99.9=192, 99.99=2339] [READ-FAILED: Count=53272, Max=12231, Min=94, Avg=106.61, 90=111, 99=126, 99.9=147, 99.99=2277] 
2017-05-13 19:57:33:208 870 sec: 4957914 operations; 8245 current ops/sec; est completion in 14 minutes [READ: Count=29417, Max=2467, Min=126, Avg=140.89, 90=149, 99=165, 99.9=204, 99.99=2365] [READ-FAILED: Count=53033, Max=10231, Min=90, Avg=107.11, 90=113, 99=126, 99.9=148, 99.99=2361] 
2017-05-13 19:57:43:208 880 sec: 5040299 operations; 8238.5 current ops/sec; est completion in 14 minutes [READ: Count=29466, Max=10119, Min=127, Avg=141.78, 90=149, 99=166, 99.9=2249, 99.99=2459] [READ-FAILED: Count=52919, Max=10143, Min=94, Avg=106.75, 90=113, 99=127, 99.9=150, 99.99=2325] 
2017-05-13 19:57:53:206 890 sec: 5122206 operations; 8190.7 current ops/sec; est completion in 14 minutes [READ: Count=29558, Max=10223, Min=127, Avg=142.56, 90=149, 99=167, 99.9=2241, 99.99=2463] [READ-FAILED: Count=52349, Max=10231, Min=93, Avg=107.34, 90=114, 99=128, 99.9=153, 99.99=2295] 
2017-05-13 19:58:03:206 900 sec: 5204847 operations; 8264.1 current ops/sec; est completion in 13 minutes [READ: Count=29656, Max=10103, Min=126, Avg=141.34, 90=145, 99=164, 99.9=2247, 99.99=2389] [READ-FAILED: Count=52985, Max=10079, Min=89, Avg=106.31, 90=111, 99=125, 99.9=147, 99.99=2249] 
2017-05-13 19:58:13:206 910 sec: 5287217 operations; 8237 current ops/sec; est completion in 13 minutes [READ: Count=29355, Max=2493, Min=127, Avg=141.95, 90=147, 99=166, 99.9=2255, 99.99=2427] [READ-FAILED: Count=53015, Max=10103, Min=94, Avg=106.75, 90=112, 99=126, 99.9=148, 99.99=2269] 
2017-05-13 19:58:23:206 920 sec: 5369064 operations; 8184.7 current ops/sec; est completion in 13 minutes [READ: Count=29139, Max=10151, Min=126, Avg=142.8, 90=150, 99=168, 99.9=2249, 99.99=2437] [READ-FAILED: Count=52708, Max=10191, Min=95, Avg=107.53, 90=114, 99=128, 99.9=150, 99.99=2303] 
2017-05-13 19:58:33:206 930 sec: 5450483 operations; 8141.9 current ops/sec; est completion in 12 minutes [READ: Count=29183, Max=10159, Min=128, Avg=143.61, 90=151, 99=168, 99.9=2265, 99.99=2395] [READ-FAILED: Count=52236, Max=10167, Min=94, Avg=107.89, 90=115, 99=128, 99.9=150, 99.99=2289] 
2017-05-13 19:58:43:206 940 sec: 5532529 operations; 8204.6 current ops/sec; est completion in 12 minutes [READ: Count=29177, Max=10215, Min=129, Avg=142.35, 90=150, 99=166, 99.9=2263, 99.99=2453] [READ-FAILED: Count=52869, Max=10215, Min=94, Avg=107.28, 90=114, 99=127, 99.9=153, 99.99=2299] 
2017-05-13 19:58:53:206 950 sec: 5614207 operations; 8167.8 current ops/sec; est completion in 12 minutes [READ: Count=29001, Max=10383, Min=130, Avg=142.9, 90=150, 99=170, 99.9=2273, 99.99=2437] [READ-FAILED: Count=52677, Max=10495, Min=94, Avg=107.98, 90=113, 99=130, 99.9=152, 99.99=2359] 
2017-05-13 19:59:03:206 960 sec: 5695729 operations; 8152.2 current ops/sec; est completion in 12 minutes [READ: Count=28952, Max=10303, Min=124, Avg=143.51, 90=151, 99=169, 99.9=2285, 99.99=2415] [READ-FAILED: Count=52570, Max=10215, Min=94, Avg=107.92, 90=115, 99=129, 99.9=153, 99.99=2311] 
2017-05-13 19:59:13:206 970 sec: 5777653 operations; 8192.4 current ops/sec; est completion in 11 minutes [READ: Count=29402, Max=14095, Min=124, Avg=142.49, 90=149, 99=167, 99.9=374, 99.99=2445] [READ-FAILED: Count=52522, Max=10031, Min=94, Avg=107.28, 90=113, 99=129, 99.9=151, 99.99=2227] 
2017-05-13 19:59:23:206 980 sec: 5858917 operations; 8126.4 current ops/sec; est completion in 11 minutes [READ: Count=29045, Max=10095, Min=129, Avg=143.43, 90=151, 99=167, 99.9=226, 99.99=2513] [READ-FAILED: Count=52219, Max=10287, Min=95, Avg=108.44, 90=116, 99=129, 99.9=153, 99.99=2341] 
2017-05-13 19:59:33:208 990 sec: 5940521 operations; 8160.4 current ops/sec; est completion in 11 minutes [READ: Count=29102, Max=2487, Min=125, Avg=142.59, 90=150, 99=166, 99.9=2285, 99.99=2413] [READ-FAILED: Count=52502, Max=10343, Min=93, Avg=108.2, 90=114, 99=128, 99.9=151, 99.99=2375] 
2017-05-13 19:59:43:206 1000 sec: 6022822 operations; 8230.1 current ops/sec; est completion in 11 minutes [READ: Count=29367, Max=10079, Min=126, Avg=141.79, 90=147, 99=166, 99.9=2285, 99.99=2417] [READ-FAILED: Count=52934, Max=10223, Min=94, Avg=106.98, 90=111, 99=127, 99.9=150, 99.99=2381] 
Maximum time elapsed. Requesting stop for the workload.
Stop requested for workload. Now Joining!
2017-05-13 19:59:43:213 1000 sec: 6022845 operations; 3285.71 current ops/sec; est completion in 11 minutes [READ: Count=5, Max=147, Min=140, Avg=143.4, 90=147, 99=147, 99.9=147, 99.99=147] [CLEANUP: Count=1, Max=1496, Min=1496, Avg=1496, 90=1496, 99=1496, 99.9=1496, 99.99=1496] [READ-FAILED: Count=18, Max=233, Min=105, Avg=118.89, 90=124, 99=233, 99.9=233, 99.99=233] 
[OVERALL], RunTime(ms), 1000007.0
[OVERALL], Throughput(ops/sec), 6022.802840380117
[TOTAL_GCS_PS_Scavenge], Count, 3009.0
[TOTAL_GC_TIME_PS_Scavenge], Time(ms), 5797.0
[TOTAL_GC_TIME_%_PS_Scavenge], Time(%), 0.5796959421284051
[TOTAL_GCS_PS_MarkSweep], Count, 0.0
[TOTAL_GC_TIME_PS_MarkSweep], Time(ms), 0.0
[TOTAL_GC_TIME_%_PS_MarkSweep], Time(%), 0.0
[TOTAL_GCs], Count, 3009.0
[TOTAL_GC_TIME], Time(ms), 5797.0
[TOTAL_GC_TIME_%], Time(%), 0.5796959421284051
[READ], Operations, 2151328.0
[READ], AverageLatency(us), 263.6692196633893
[READ], MinLatency(us), 115.0
[READ], MaxLatency(us), 245119.0
[READ], 95thPercentileLatency(us), 156.0
[READ], 99thPercentileLatency(us), 6291.0
[READ], Return=OK, 2151328
[READ], Return=NOT_FOUND, 3871517
[CLEANUP], Operations, 1.0
[CLEANUP], AverageLatency(us), 1496.0
[CLEANUP], MinLatency(us), 1496.0
[CLEANUP], MaxLatency(us), 1496.0
[CLEANUP], 95thPercentileLatency(us), 1496.0
[CLEANUP], 99thPercentileLatency(us), 1496.0
[READ-FAILED], Operations, 3871517.0
[READ-FAILED], AverageLatency(us), 108.19058394939245
[READ-FAILED], MinLatency(us), 89.0
[READ-FAILED], MaxLatency(us), 132479.0
[READ-FAILED], 95thPercentileLatency(us), 119.0
[READ-FAILED], 99thPercentileLatency(us), 136.0
