cache 128503808
rss 170708992
rss_huge 0
mapped_file 110592
writeback 0
swap 0
pgpgin 172153
pgpgout 99103
pgfault 216491
pgmajfault 134
inactive_anon 77824
active_anon 170672128
inactive_file 127037440
active_file 1355776
unevictable 4096
hierarchical_memory_limit 1610612736
hierarchical_memsw_limit 5368709120
total_cache 128503808
total_rss 170708992
total_rss_huge 0
total_mapped_file 110592
total_writeback 0
total_swap 0
total_pgpgin 172153
total_pgpgout 99103
total_pgfault 216491
total_pgmajfault 134
total_inactive_anon 77824
total_active_anon 170672128
total_inactive_file 127037440
total_active_file 1355776
total_unevictable 4096
cache 238403584
rss 279244800
rss_huge 0
mapped_file 110592
writeback 0
swap 0
pgpgin 225592
pgpgout 99213
pgfault 243118
pgmajfault 134
inactive_anon 77824
active_anon 279212032
inactive_file 236957696
active_file 1363968
unevictable 4096
hierarchical_memory_limit 1610612736
hierarchical_memsw_limit 5368709120
total_cache 238403584
total_rss 279244800
total_rss_huge 0
total_mapped_file 110592
total_writeback 0
total_swap 0
total_pgpgin 225592
total_pgpgout 99213
total_pgfault 243118
total_pgmajfault 134
total_inactive_anon 77824
total_active_anon 279212032
total_inactive_file 236957696
total_active_file 1363968
total_unevictable 4096
cache 356270080
rss 388685824
rss_huge 0
mapped_file 110592
writeback 0
swap 0
pgpgin 281195
pgpgout 99321
pgfault 269962
pgmajfault 134
inactive_anon 77824
active_anon 388632576
inactive_file 354775040
active_file 1388544
unevictable 4096
hierarchical_memory_limit 1610612736
hierarchical_memsw_limit 5368709120
total_cache 356270080
total_rss 388685824
total_rss_huge 0
total_mapped_file 110592
total_writeback 0
total_swap 0
total_pgpgin 281195
total_pgpgout 99321
total_pgfault 269962
total_pgmajfault 134
total_inactive_anon 77824
total_active_anon 388632576
total_inactive_file 354775040
total_active_file 1388544
total_unevictable 4096
cache 482877440
rss 497369088
rss_huge 0
mapped_file 110592
writeback 0
swap 0
pgpgin 338753
pgpgout 99435
pgfault 296627
pgmajfault 134
inactive_anon 77824
active_anon 497299456
inactive_file 481382400
active_file 1388544
unevictable 4096
hierarchical_memory_limit 1610612736
hierarchical_memsw_limit 5368709120
total_cache 482877440
total_rss 497369088
total_rss_huge 0
total_mapped_file 110592
total_writeback 0
total_swap 0
total_pgpgin 338753
total_pgpgout 99435
total_pgfault 296627
total_pgmajfault 134
total_inactive_anon 77824
total_active_anon 497299456
total_inactive_file 481382400
total_active_file 1388544
total_unevictable 4096
cache 621711360
rss 608362496
rss_huge 0
mapped_file 110592
writeback 0
swap 0
pgpgin 399869
pgpgout 99558
pgfault 323863
pgmajfault 134
inactive_anon 77824
active_anon 608362496
inactive_file 620240896
active_file 1388544
unevictable 4096
hierarchical_memory_limit 1610612736
hierarchical_memsw_limit 5368709120
total_cache 621711360
total_rss 608362496
total_rss_huge 0
total_mapped_file 110592
total_writeback 0
total_swap 0
total_pgpgin 399869
total_pgpgout 99558
total_pgfault 323863
total_pgmajfault 134
total_inactive_anon 77824
total_active_anon 608362496
total_inactive_file 620240896
total_active_file 1388544
total_unevictable 4096
cache 774148096
rss 725413888
rss_huge 0
mapped_file 110592
writeback 0
swap 0
pgpgin 465768
pgpgout 99664
pgfault 352559
pgmajfault 134
inactive_anon 77824
active_anon 725381120
inactive_file 772673536
active_file 1388544
unevictable 4096
hierarchical_memory_limit 1610612736
hierarchical_memsw_limit 5368709120
total_cache 774148096
total_rss 725413888
total_rss_huge 0
total_mapped_file 110592
total_writeback 0
total_swap 0
total_pgpgin 465768
total_pgpgout 99664
total_pgfault 352559
total_pgmajfault 134
total_inactive_anon 77824
total_active_anon 725381120
total_inactive_file 772673536
total_active_file 1388544
total_unevictable 4096
cache 757641216
rss 852758528
rss_huge 0
mapped_file 86016
writeback 0
swap 0
pgpgin 536206
pgpgout 143042
pgfault 383783
pgmajfault 134
inactive_anon 213139456
active_anon 639651840
inactive_file 750030848
active_file 7495680
unevictable 4096
hierarchical_memory_limit 1610612736
hierarchical_memsw_limit 5368709120
total_cache 757641216
total_rss 852758528
total_rss_huge 0
total_mapped_file 86016
total_writeback 0
total_swap 0
total_pgpgin 536206
total_pgpgout 143042
total_pgfault 383783
total_pgmajfault 134
total_inactive_anon 213139456
total_active_anon 639651840
total_inactive_file 750030848
total_active_file 7495680
total_unevictable 4096
cache 620363776
rss 990175232
rss_huge 0
mapped_file 86016
writeback 0
swap 0
pgpgin 607846
pgpgout 214648
pgfault 417464
pgmajfault 134
inactive_anon 475668480
active_anon 514584576
inactive_file 598470656
active_file 21811200
unevictable 4096
hierarchical_memory_limit 1610612736
hierarchical_memsw_limit 5368709120
total_cache 620363776
total_rss 990175232
total_rss_huge 0
total_mapped_file 86016
total_writeback 0
total_swap 0
total_pgpgin 607846
total_pgpgout 214648
total_pgfault 417464
total_pgmajfault 134
total_inactive_anon 475668480
total_active_anon 514584576
total_inactive_file 598470656
total_active_file 21811200
total_unevictable 4096
cache 479522816
rss 1130745856
rss_huge 0
mapped_file 86016
writeback 0
swap 0
pgpgin 680856
pgpgout 287724
pgfault 451925
pgmajfault 134
inactive_anon 565571584
active_anon 565211136
inactive_file 439570432
active_file 39837696
unevictable 4096
hierarchical_memory_limit 1610612736
hierarchical_memsw_limit 5368709120
total_cache 479522816
total_rss 1130745856
total_rss_huge 0
total_mapped_file 86016
total_writeback 0
total_swap 0
total_pgpgin 680856
total_pgpgout 287724
total_pgfault 451925
total_pgmajfault 134
total_inactive_anon 565571584
total_active_anon 565211136
total_inactive_file 439570432
total_active_file 39837696
total_unevictable 4096
cache 381706240
rss 1228689408
rss_huge 0
mapped_file 0
writeback 0
swap 0
pgpgin 731624
pgpgout 338461
pgfault 476031
pgmajfault 134
inactive_anon 614440960
active_anon 614240256
inactive_file 325120000
active_file 56483840
unevictable 4096
hierarchical_memory_limit 1610612736
hierarchical_memsw_limit 5368709120
total_cache 381706240
total_rss 1228689408
total_rss_huge 0
total_mapped_file 0
total_writeback 0
total_swap 0
total_pgpgin 731624
total_pgpgout 338461
total_pgfault 476031
total_pgmajfault 134
total_inactive_anon 614440960
total_active_anon 614240256
total_inactive_file 325120000
total_active_file 56483840
total_unevictable 4096
cache 348471296
rss 1262059520
rss_huge 0
mapped_file 0
writeback 0
swap 0
pgpgin 748893
pgpgout 355697
pgfault 484405
pgmajfault 134
inactive_anon 631189504
active_anon 630939648
inactive_file 286359552
active_file 62029824
unevictable 4096
hierarchical_memory_limit 1610612736
hierarchical_memsw_limit 5368709120
total_cache 348471296
total_rss 1262059520
total_rss_huge 0
total_mapped_file 0
total_writeback 0
total_swap 0
total_pgpgin 748893
total_pgpgout 355697
total_pgfault 484405
total_pgmajfault 134
total_inactive_anon 631189504
total_active_anon 630939648
total_inactive_file 286359552
total_active_file 62029824
total_unevictable 4096
cache 342491136
rss 1267826688
rss_huge 0
mapped_file 0
writeback 0
swap 0
pgpgin 752326
pgpgout 359182
pgfault 486312
pgmajfault 134
inactive_anon 634003456
active_anon 633880576
inactive_file 279691264
active_file 62717952
unevictable 4096
hierarchical_memory_limit 1610612736
hierarchical_memsw_limit 5368709120
total_cache 342491136
total_rss 1267826688
total_rss_huge 0
total_mapped_file 0
total_writeback 0
total_swap 0
total_pgpgin 752326
total_pgpgout 359182
total_pgfault 486312
total_pgmajfault 134
total_inactive_anon 634003456
total_active_anon 633880576
total_inactive_file 279691264
total_active_file 62717952
total_unevictable 4096
cache 342032384
rss 1268043776
rss_huge 0
mapped_file 0
writeback 0
swap 0
pgpgin 753514
pgpgout 360429
pgfault 487378
pgmajfault 134
inactive_anon 634318848
active_anon 633778176
inactive_file 279183360
active_file 62767104
unevictable 4096
hierarchical_memory_limit 1610612736
hierarchical_memsw_limit 5368709120
total_cache 342032384
total_rss 1268043776
total_rss_huge 0
total_mapped_file 0
total_writeback 0
total_swap 0
total_pgpgin 753514
total_pgpgout 360429
total_pgfault 487378
total_pgmajfault 134
total_inactive_anon 634318848
total_active_anon 633778176
total_inactive_file 279183360
total_active_file 62767104
total_unevictable 4096
cache 342106112
rss 1267855360
rss_huge 0
mapped_file 0
writeback 0
swap 0
pgpgin 754429
pgpgout 361372
pgfault 488286
pgmajfault 134
inactive_anon 634003456
active_anon 633929728
inactive_file 279240704
active_file 62783488
unevictable 4096
hierarchical_memory_limit 1610612736
hierarchical_memsw_limit 5368709120
total_cache 342106112
total_rss 1267855360
total_rss_huge 0
total_mapped_file 0
total_writeback 0
total_swap 0
total_pgpgin 754429
total_pgpgout 361372
total_pgfault 488286
total_pgmajfault 134
total_inactive_anon 634003456
total_active_anon 633929728
total_inactive_file 279240704
total_active_file 62783488
total_unevictable 4096
cache 342224896
rss 1267707904
rss_huge 0
mapped_file 0
writeback 0
swap 0
pgpgin 755374
pgpgout 362324
pgfault 489209
pgmajfault 134
inactive_anon 633696256
active_anon 634048512
inactive_file 279359488
active_file 62783488
unevictable 4096
hierarchical_memory_limit 1610612736
hierarchical_memsw_limit 5368709120
total_cache 342224896
total_rss 1267707904
total_rss_huge 0
total_mapped_file 0
total_writeback 0
total_swap 0
total_pgpgin 755374
total_pgpgout 362324
total_pgfault 489209
total_pgmajfault 134
total_inactive_anon 633696256
total_active_anon 634048512
total_inactive_file 279359488
total_active_file 62783488
total_unevictable 4096
cache 342224896
rss 1267482624
rss_huge 0
mapped_file 0
writeback 0
swap 0
pgpgin 756197
pgpgout 363202
pgfault 490034
pgmajfault 134
inactive_anon 633573376
active_anon 633970688
inactive_file 279359488
active_file 62783488
unevictable 4096
hierarchical_memory_limit 1610612736
hierarchical_memsw_limit 5368709120
total_cache 342224896
total_rss 1267482624
total_rss_huge 0
total_mapped_file 0
total_writeback 0
total_swap 0
total_pgpgin 756197
total_pgpgout 363202
total_pgfault 490034
total_pgmajfault 134
total_inactive_anon 633573376
total_active_anon 633970688
total_inactive_file 279359488
total_active_file 62783488
total_unevictable 4096
cache 342228992
rss 1267249152
rss_huge 0
mapped_file 0
writeback 0
swap 0
pgpgin 757021
pgpgout 364082
pgfault 490861
pgmajfault 134
inactive_anon 633573376
active_anon 633729024
inactive_file 279363584
active_file 62783488
unevictable 4096
hierarchical_memory_limit 1610612736
hierarchical_memsw_limit 5368709120
total_cache 342228992
total_rss 1267249152
total_rss_huge 0
total_mapped_file 0
total_writeback 0
total_swap 0
total_pgpgin 757021
total_pgpgout 364082
total_pgfault 490861
total_pgmajfault 134
total_inactive_anon 633573376
total_active_anon 633729024
total_inactive_file 279363584
total_active_file 62783488
total_unevictable 4096
cache 342228992
rss 1267077120
rss_huge 0
mapped_file 0
writeback 0
swap 0
pgpgin 757830
pgpgout 364933
pgfault 491670
pgmajfault 134
inactive_anon 633573376
active_anon 633520128
inactive_file 279363584
active_file 62783488
unevictable 4096
hierarchical_memory_limit 1610612736
hierarchical_memsw_limit 5368709120
total_cache 342228992
total_rss 1267077120
total_rss_huge 0
total_mapped_file 0
total_writeback 0
total_swap 0
total_pgpgin 757830
total_pgpgout 364933
total_pgfault 491670
total_pgmajfault 134
total_inactive_anon 633573376
total_active_anon 633520128
total_inactive_file 279363584
total_active_file 62783488
total_unevictable 4096
cache 342237184
rss 1266843648
rss_huge 0
mapped_file 0
writeback 0
swap 0
pgpgin 758661
pgpgout 365819
pgfault 492509
pgmajfault 134
inactive_anon 633573376
active_anon 633348096
inactive_file 279367680
active_file 62787584
unevictable 4096
hierarchical_memory_limit 1610612736
hierarchical_memsw_limit 5368709120
total_cache 342237184
total_rss 1266843648
total_rss_huge 0
total_mapped_file 0
total_writeback 0
total_swap 0
total_pgpgin 758661
total_pgpgout 365819
total_pgfault 492509
total_pgmajfault 134
total_inactive_anon 633573376
total_active_anon 633348096
total_inactive_file 279367680
total_active_file 62787584
total_unevictable 4096
cache 342241280
rss 1266843648
rss_huge 0
mapped_file 0
writeback 0
swap 0
pgpgin 759608
pgpgout 366765
pgfault 493478
pgmajfault 134
inactive_anon 633573376
active_anon 633339904
inactive_file 279371776
active_file 62787584
unevictable 4096
hierarchical_memory_limit 1610612736
hierarchical_memsw_limit 5368709120
total_cache 342241280
total_rss 1266843648
total_rss_huge 0
total_mapped_file 0
total_writeback 0
total_swap 0
total_pgpgin 759608
total_pgpgout 366765
total_pgfault 493478
total_pgmajfault 134
total_inactive_anon 633573376
total_active_anon 633339904
total_inactive_file 279371776
total_active_file 62787584
total_unevictable 4096
cache 342241280
rss 1266864128
rss_huge 0
mapped_file 0
writeback 0
swap 0
pgpgin 760554
pgpgout 367706
pgfault 494445
pgmajfault 134
inactive_anon 633573376
active_anon 633348096
inactive_file 279371776
active_file 62787584
unevictable 4096
hierarchical_memory_limit 1610612736
hierarchical_memsw_limit 5368709120
total_cache 342241280
total_rss 1266864128
total_rss_huge 0
total_mapped_file 0
total_writeback 0
total_swap 0
total_pgpgin 760554
total_pgpgout 367706
total_pgfault 494445
total_pgmajfault 134
total_inactive_anon 633573376
total_active_anon 633348096
total_inactive_file 279371776
total_active_file 62787584
total_unevictable 4096
cache 342241280
rss 1266884608
rss_huge 0
mapped_file 0
writeback 0
swap 0
pgpgin 761491
pgpgout 368638
pgfault 495403
pgmajfault 134
inactive_anon 633573376
active_anon 633348096
inactive_file 279371776
active_file 62787584
unevictable 4096
hierarchical_memory_limit 1610612736
hierarchical_memsw_limit 5368709120
total_cache 342241280
total_rss 1266884608
total_rss_huge 0
total_mapped_file 0
total_writeback 0
total_swap 0
total_pgpgin 761491
total_pgpgout 368638
total_pgfault 495403
total_pgmajfault 134
total_inactive_anon 633573376
total_active_anon 633348096
total_inactive_file 279371776
total_active_file 62787584
total_unevictable 4096
cache 342245376
rss 1266896896
rss_huge 0
mapped_file 0
writeback 0
swap 0
pgpgin 762421
pgpgout 369564
pgfault 496351
pgmajfault 134
inactive_anon 633573376
active_anon 633352192
inactive_file 279375872
active_file 62787584
unevictable 4096
hierarchical_memory_limit 1610612736
hierarchical_memsw_limit 5368709120
total_cache 342245376
total_rss 1266896896
total_rss_huge 0
total_mapped_file 0
total_writeback 0
total_swap 0
total_pgpgin 762421
total_pgpgout 369564
total_pgfault 496351
total_pgmajfault 134
total_inactive_anon 633573376
total_active_anon 633352192
total_inactive_file 279375872
total_active_file 62787584
total_unevictable 4096
cache 342245376
rss 1266860032
rss_huge 0
mapped_file 0
writeback 0
swap 0
pgpgin 763330
pgpgout 370482
pgfault 497273
pgmajfault 134
inactive_anon 633573376
active_anon 633364480
inactive_file 279375872
active_file 62787584
unevictable 4096
hierarchical_memory_limit 1610612736
hierarchical_memsw_limit 5368709120
total_cache 342245376
total_rss 1266860032
total_rss_huge 0
total_mapped_file 0
total_writeback 0
total_swap 0
total_pgpgin 763330
total_pgpgout 370482
total_pgfault 497273
total_pgmajfault 134
total_inactive_anon 633573376
total_active_anon 633364480
total_inactive_file 279375872
total_active_file 62787584
total_unevictable 4096
cache 342245376
rss 1266872320
rss_huge 0
mapped_file 0
writeback 0
swap 0
pgpgin 764213
pgpgout 371362
pgfault 498169
pgmajfault 134
inactive_anon 633573376
active_anon 633356288
inactive_file 279375872
active_file 62787584
unevictable 4096
hierarchical_memory_limit 1610612736
hierarchical_memsw_limit 5368709120
total_cache 342245376
total_rss 1266872320
total_rss_huge 0
total_mapped_file 0
total_writeback 0
total_swap 0
total_pgpgin 764213
total_pgpgout 371362
total_pgfault 498169
total_pgmajfault 134
total_inactive_anon 633573376
total_active_anon 633356288
total_inactive_file 279375872
total_active_file 62787584
total_unevictable 4096
cache 342249472
rss 1266860032
rss_huge 0
mapped_file 0
writeback 0
swap 0
pgpgin 765070
pgpgout 372221
pgfault 499037
pgmajfault 134
inactive_anon 633573376
active_anon 633356288
inactive_file 279379968
active_file 62787584
unevictable 4096
hierarchical_memory_limit 1610612736
hierarchical_memsw_limit 5368709120
total_cache 342249472
total_rss 1266860032
total_rss_huge 0
total_mapped_file 0
total_writeback 0
total_swap 0
total_pgpgin 765070
total_pgpgout 372221
total_pgfault 499037
total_pgmajfault 134
total_inactive_anon 633573376
total_active_anon 633356288
total_inactive_file 279379968
total_active_file 62787584
total_unevictable 4096
cache 342249472
rss 1266892800
rss_huge 0
mapped_file 0
writeback 0
swap 0
pgpgin 765909
pgpgout 373052
pgfault 499887
pgmajfault 134
inactive_anon 633573376
active_anon 633360384
inactive_file 279379968
active_file 62787584
unevictable 4096
hierarchical_memory_limit 1610612736
hierarchical_memsw_limit 5368709120
total_cache 342249472
total_rss 1266892800
total_rss_huge 0
total_mapped_file 0
total_writeback 0
total_swap 0
total_pgpgin 765909
total_pgpgout 373052
total_pgfault 499887
total_pgmajfault 134
total_inactive_anon 633573376
total_active_anon 633360384
total_inactive_file 279379968
total_active_file 62787584
total_unevictable 4096
cache 342249472
rss 1266880512
rss_huge 0
mapped_file 0
writeback 0
swap 0
pgpgin 766726
pgpgout 373872
pgfault 500711
pgmajfault 134
inactive_anon 633573376
active_anon 633360384
inactive_file 279379968
active_file 62787584
unevictable 4096
hierarchical_memory_limit 1610612736
hierarchical_memsw_limit 5368709120
total_cache 342249472
total_rss 1266880512
total_rss_huge 0
total_mapped_file 0
total_writeback 0
total_swap 0
total_pgpgin 766726
total_pgpgout 373872
total_pgfault 500711
total_pgmajfault 134
total_inactive_anon 633573376
total_active_anon 633360384
total_inactive_file 279379968
total_active_file 62787584
total_unevictable 4096
cache 342257664
rss 1266860032
rss_huge 0
mapped_file 0
writeback 0
swap 0
pgpgin 767558
pgpgout 374707
pgfault 501555
pgmajfault 134
inactive_anon 633573376
active_anon 633364480
inactive_file 279384064
active_file 62791680
unevictable 4096
hierarchical_memory_limit 1610612736
hierarchical_memsw_limit 5368709120
total_cache 342257664
total_rss 1266860032
total_rss_huge 0
total_mapped_file 0
total_writeback 0
total_swap 0
total_pgpgin 767558
total_pgpgout 374707
total_pgfault 501555
total_pgmajfault 134
total_inactive_anon 633573376
total_active_anon 633364480
total_inactive_file 279384064
total_active_file 62791680
total_unevictable 4096
cache 342261760
rss 1266921472
rss_huge 0
mapped_file 0
writeback 0
swap 0
pgpgin 768484
pgpgout 375617
pgfault 502504
pgmajfault 134
inactive_anon 633573376
active_anon 633356288
inactive_file 279388160
active_file 62791680
unevictable 4096
hierarchical_memory_limit 1610612736
hierarchical_memsw_limit 5368709120
total_cache 342261760
total_rss 1266921472
total_rss_huge 0
total_mapped_file 0
total_writeback 0
total_swap 0
total_pgpgin 768484
total_pgpgout 375617
total_pgfault 502504
total_pgmajfault 134
total_inactive_anon 633573376
total_active_anon 633356288
total_inactive_file 279388160
total_active_file 62791680
total_unevictable 4096
cache 342261760
rss 1266876416
rss_huge 0
mapped_file 0
writeback 0
swap 0
pgpgin 769420
pgpgout 376564
pgfault 503461
pgmajfault 134
inactive_anon 633573376
active_anon 633356288
inactive_file 279388160
active_file 62791680
unevictable 4096
hierarchical_memory_limit 1610612736
hierarchical_memsw_limit 5368709120
total_cache 342261760
total_rss 1266876416
total_rss_huge 0
total_mapped_file 0
total_writeback 0
total_swap 0
total_pgpgin 769420
total_pgpgout 376564
total_pgfault 503461
total_pgmajfault 134
total_inactive_anon 633573376
total_active_anon 633356288
total_inactive_file 279388160
total_active_file 62791680
total_unevictable 4096
cache 342261760
rss 1266860032
rss_huge 0
mapped_file 0
writeback 0
swap 0
pgpgin 770342
pgpgout 377490
pgfault 504402
pgmajfault 134
inactive_anon 633573376
active_anon 633356288
inactive_file 279388160
active_file 62791680
unevictable 4096
hierarchical_memory_limit 1610612736
hierarchical_memsw_limit 5368709120
total_cache 342261760
total_rss 1266860032
total_rss_huge 0
total_mapped_file 0
total_writeback 0
total_swap 0
total_pgpgin 770342
total_pgpgout 377490
total_pgfault 504402
total_pgmajfault 134
total_inactive_anon 633573376
total_active_anon 633356288
total_inactive_file 279388160
total_active_file 62791680
total_unevictable 4096
cache 342261760
rss 1266880512
rss_huge 0
mapped_file 0
writeback 0
swap 0
pgpgin 771253
pgpgout 378396
pgfault 505332
pgmajfault 134
inactive_anon 633573376
active_anon 633348096
inactive_file 279388160
active_file 62791680
unevictable 4096
hierarchical_memory_limit 1610612736
hierarchical_memsw_limit 5368709120
total_cache 342261760
total_rss 1266880512
total_rss_huge 0
total_mapped_file 0
total_writeback 0
total_swap 0
total_pgpgin 771253
total_pgpgout 378396
total_pgfault 505332
total_pgmajfault 134
total_inactive_anon 633573376
total_active_anon 633348096
total_inactive_file 279388160
total_active_file 62791680
total_unevictable 4096
cache 343416832
rss 1267175424
rss_huge 0
mapped_file 774144
writeback 0
swap 0
pgpgin 771884
pgpgout 378673
pgfault 505655
pgmajfault 146
inactive_anon 633696256
active_anon 633556992
inactive_file 280543232
active_file 62791680
unevictable 4096
hierarchical_memory_limit 1610612736
hierarchical_memsw_limit 5368709120
total_cache 343416832
total_rss 1267175424
total_rss_huge 0
total_mapped_file 774144
total_writeback 0
total_swap 0
total_pgpgin 771884
total_pgpgout 378673
total_pgfault 505655
total_pgmajfault 146
total_inactive_anon 633696256
total_active_anon 633556992
total_inactive_file 280543232
total_active_file 62791680
total_unevictable 4096
