cache 135630848
rss 169914368
rss_huge 0
mapped_file 4096
writeback 0
swap 0
pgpgin 171875
pgpgout 97279
pgfault 216808
pgmajfault 113
inactive_anon 45056
active_anon 169910272
inactive_file 130973696
active_file 4558848
unevictable 4096
hierarchical_memory_limit 1610612736
hierarchical_memsw_limit 5368709120
total_cache 135630848
total_rss 169914368
total_rss_huge 0
total_mapped_file 4096
total_writeback 0
total_swap 0
total_pgpgin 171875
total_pgpgout 97279
total_pgfault 216808
total_pgmajfault 113
total_inactive_anon 45056
total_active_anon 169910272
total_inactive_file 130973696
total_active_file 4558848
total_unevictable 4096
cache 247578624
rss 280207360
rss_huge 0
mapped_file 4096
writeback 0
swap 0
pgpgin 226243
pgpgout 97389
pgfault 243863
pgmajfault 113
inactive_anon 45056
active_anon 280207360
inactive_file 242917376
active_file 4558848
unevictable 4096
hierarchical_memory_limit 1610612736
hierarchical_memsw_limit 5368709120
total_cache 247578624
total_rss 280207360
total_rss_huge 0
total_mapped_file 4096
total_writeback 0
total_swap 0
total_pgpgin 226243
total_pgpgout 97389
total_pgfault 243863
total_pgmajfault 113
total_inactive_anon 45056
total_active_anon 280207360
total_inactive_file 242917376
total_active_file 4558848
total_unevictable 4096
cache 363847680
rss 388419584
rss_huge 0
mapped_file 4096
writeback 0
swap 0
pgpgin 281158
pgpgout 97499
pgfault 270405
pgmajfault 113
inactive_anon 45056
active_anon 388444160
inactive_file 359198720
active_file 4567040
unevictable 4096
hierarchical_memory_limit 1610612736
hierarchical_memsw_limit 5368709120
total_cache 363847680
total_rss 388419584
total_rss_huge 0
total_mapped_file 4096
total_writeback 0
total_swap 0
total_pgpgin 281158
total_pgpgout 97499
total_pgfault 270405
total_pgmajfault 113
total_inactive_anon 45056
total_active_anon 388444160
total_inactive_file 359198720
total_active_file 4567040
total_unevictable 4096
cache 490602496
rss 497614848
rss_huge 0
mapped_file 4096
writeback 0
swap 0
pgpgin 338871
pgpgout 97607
pgfault 297188
pgmajfault 113
inactive_anon 45056
active_anon 497631232
inactive_file 485933056
active_file 4567040
unevictable 4096
hierarchical_memory_limit 1610612736
hierarchical_memsw_limit 5368709120
total_cache 490602496
total_rss 497614848
total_rss_huge 0
total_mapped_file 4096
total_writeback 0
total_swap 0
total_pgpgin 338871
total_pgpgout 97607
total_pgfault 297188
total_pgmajfault 113
total_inactive_anon 45056
total_active_anon 497631232
total_inactive_file 485933056
total_active_file 4567040
total_unevictable 4096
cache 629788672
rss 609476608
rss_huge 0
mapped_file 4096
writeback 0
swap 0
pgpgin 400284
pgpgout 97729
pgfault 324634
pgmajfault 113
inactive_anon 45056
active_anon 609472512
inactive_file 625131520
active_file 4567040
unevictable 4096
hierarchical_memory_limit 1610612736
hierarchical_memsw_limit 5368709120
total_cache 629792768
total_rss 609476608
total_rss_huge 0
total_mapped_file 4096
total_writeback 0
total_swap 0
total_pgpgin 400285
total_pgpgout 97729
total_pgfault 324634
total_pgmajfault 113
total_inactive_anon 45056
total_active_anon 609501184
total_inactive_file 625147904
total_active_file 4567040
total_unevictable 4096
cache 776577024
rss 721084416
rss_huge 0
mapped_file 4096
writeback 0
swap 0
pgpgin 463645
pgpgout 98005
pgfault 352398
pgmajfault 118
inactive_anon 45056
active_anon 721100800
inactive_file 771821568
active_file 4653056
unevictable 4096
hierarchical_memory_limit 1610612736
hierarchical_memsw_limit 5368709120
total_cache 776577024
total_rss 721084416
total_rss_huge 0
total_mapped_file 4096
total_writeback 0
total_swap 0
total_pgpgin 463645
total_pgpgout 98005
total_pgfault 352398
total_pgmajfault 118
total_inactive_anon 45056
total_active_anon 721100800
total_inactive_file 771821568
total_active_file 4653056
total_unevictable 4096
cache 767373312
rss 843055104
rss_huge 0
mapped_file 4096
writeback 0
swap 0
pgpgin 531176
pgpgout 138005
pgfault 382319
pgmajfault 118
inactive_anon 199872512
active_anon 643248128
inactive_file 756723712
active_file 10547200
unevictable 4096
hierarchical_memory_limit 1610612736
hierarchical_memsw_limit 5368709120
total_cache 767373312
total_rss 843055104
total_rss_huge 0
total_mapped_file 4096
total_writeback 0
total_swap 0
total_pgpgin 531176
total_pgpgout 138005
total_pgfault 382319
total_pgmajfault 118
total_inactive_anon 199872512
total_active_anon 643248128
total_inactive_file 756723712
total_active_file 10547200
total_unevictable 4096
cache 629362688
rss 981082112
rss_huge 0
mapped_file 4096
writeback 0
swap 0
pgpgin 603612
pgpgout 210437
pgfault 416150
pgmajfault 118
inactive_anon 465682432
active_anon 515469312
inactive_file 596144128
active_file 33136640
unevictable 4096
hierarchical_memory_limit 1610612736
hierarchical_memsw_limit 5368709120
total_cache 629362688
total_rss 981082112
total_rss_huge 0
total_mapped_file 4096
total_writeback 0
total_swap 0
total_pgpgin 603612
total_pgpgout 210437
total_pgfault 416150
total_pgmajfault 118
total_inactive_anon 465682432
total_active_anon 515469312
total_inactive_file 596144128
total_active_file 33136640
total_unevictable 4096
cache 488226816
rss 1122082816
rss_huge 0
mapped_file 4096
writeback 0
swap 0
pgpgin 676311
pgpgout 283169
pgfault 450719
pgmajfault 118
inactive_anon 561225728
active_anon 560926720
inactive_file 428998656
active_file 59125760
unevictable 4096
hierarchical_memory_limit 1610612736
hierarchical_memsw_limit 5368709120
total_cache 488226816
total_rss 1122082816
total_rss_huge 0
total_mapped_file 4096
total_writeback 0
total_swap 0
total_pgpgin 676311
total_pgpgout 283169
total_pgfault 450719
total_pgmajfault 118
total_inactive_anon 561225728
total_active_anon 560926720
total_inactive_file 428998656
total_active_file 59125760
total_unevictable 4096
cache 386064384
rss 1224450048
rss_huge 0
mapped_file 4096
writeback 0
swap 0
pgpgin 728972
pgpgout 335780
pgfault 475942
pgmajfault 118
inactive_anon 612446208
active_anon 612057088
inactive_file 302895104
active_file 83095552
unevictable 4096
hierarchical_memory_limit 1610612736
hierarchical_memsw_limit 5368709120
total_cache 386064384
total_rss 1224450048
total_rss_huge 0
total_mapped_file 4096
total_writeback 0
total_swap 0
total_pgpgin 728972
total_pgpgout 335780
total_pgfault 475942
total_pgmajfault 118
total_inactive_anon 612446208
total_active_anon 612057088
total_inactive_file 302895104
total_active_file 83095552
total_unevictable 4096
cache 348659712
rss 1261727744
rss_huge 0
mapped_file 4096
writeback 0
swap 0
pgpgin 747898
pgpgout 354737
pgfault 485262
pgmajfault 118
inactive_anon 631029760
active_anon 630767616
inactive_file 256552960
active_file 92033024
unevictable 4096
hierarchical_memory_limit 1610612736
hierarchical_memsw_limit 5368709120
total_cache 348659712
total_rss 1261727744
total_rss_huge 0
total_mapped_file 4096
total_writeback 0
total_swap 0
total_pgpgin 747898
total_pgpgout 354737
total_pgfault 485262
total_pgmajfault 118
total_inactive_anon 631029760
total_active_anon 630767616
total_inactive_file 256552960
total_active_file 92033024
total_unevictable 4096
cache 342503424
rss 1267789824
rss_huge 0
mapped_file 4096
writeback 0
swap 0
pgpgin 751739
pgpgout 358601
pgfault 487346
pgmajfault 118
inactive_anon 634019840
active_anon 633831424
inactive_file 248655872
active_file 93773824
unevictable 4096
hierarchical_memory_limit 1610612736
hierarchical_memsw_limit 5368709120
total_cache 342503424
total_rss 1267789824
total_rss_huge 0
total_mapped_file 4096
total_writeback 0
total_swap 0
total_pgpgin 751739
total_pgpgout 358601
total_pgfault 487346
total_pgmajfault 118
total_inactive_anon 634019840
total_active_anon 633831424
total_inactive_file 248655872
total_active_file 93773824
total_unevictable 4096
cache 342126592
rss 1268170752
rss_huge 0
mapped_file 4096
writeback 0
swap 0
pgpgin 753022
pgpgout 359883
pgfault 488482
pgmajfault 118
inactive_anon 634200064
active_anon 634032128
inactive_file 248176640
active_file 93876224
unevictable 4096
hierarchical_memory_limit 1610612736
hierarchical_memsw_limit 5368709120
total_cache 342126592
total_rss 1268170752
total_rss_huge 0
total_mapped_file 4096
total_writeback 0
total_swap 0
total_pgpgin 753022
total_pgpgout 359883
total_pgfault 488482
total_pgmajfault 118
total_inactive_anon 634200064
total_active_anon 634032128
total_inactive_file 248176640
total_active_file 93876224
total_unevictable 4096
cache 342196224
rss 1267961856
rss_huge 0
mapped_file 4096
writeback 0
swap 0
pgpgin 753975
pgpgout 360870
pgfault 489384
pgmajfault 118
inactive_anon 634212352
active_anon 633819136
inactive_file 248217600
active_file 93904896
unevictable 4096
hierarchical_memory_limit 1610612736
hierarchical_memsw_limit 5368709120
total_cache 342196224
total_rss 1267961856
total_rss_huge 0
total_mapped_file 4096
total_writeback 0
total_swap 0
total_pgpgin 753975
total_pgpgout 360870
total_pgfault 489384
total_pgmajfault 118
total_inactive_anon 634212352
total_active_anon 633819136
total_inactive_file 248217600
total_active_file 93904896
total_unevictable 4096
cache 342196224
rss 1267683328
rss_huge 0
mapped_file 4096
writeback 0
swap 0
pgpgin 754878
pgpgout 361841
pgfault 490296
pgmajfault 118
inactive_anon 633901056
active_anon 633851904
inactive_file 248217600
active_file 93904896
unevictable 4096
hierarchical_memory_limit 1610612736
hierarchical_memsw_limit 5368709120
total_cache 342196224
total_rss 1267683328
total_rss_huge 0
total_mapped_file 4096
total_writeback 0
total_swap 0
total_pgpgin 754878
total_pgpgout 361841
total_pgfault 490296
total_pgmajfault 118
total_inactive_anon 633901056
total_active_anon 633851904
total_inactive_file 248217600
total_active_file 93904896
total_unevictable 4096
cache 342200320
rss 1267453952
rss_huge 0
mapped_file 4096
writeback 0
swap 0
pgpgin 755733
pgpgout 362751
pgfault 491156
pgmajfault 118
inactive_anon 633794560
active_anon 633729024
inactive_file 248221696
active_file 93904896
unevictable 4096
hierarchical_memory_limit 1610612736
hierarchical_memsw_limit 5368709120
total_cache 342200320
total_rss 1267453952
total_rss_huge 0
total_mapped_file 4096
total_writeback 0
total_swap 0
total_pgpgin 755733
total_pgpgout 362751
total_pgfault 491156
total_pgmajfault 118
total_inactive_anon 633794560
total_active_anon 633729024
total_inactive_file 248221696
total_active_file 93904896
total_unevictable 4096
cache 342200320
rss 1267281920
rss_huge 0
mapped_file 4096
writeback 0
swap 0
pgpgin 756583
pgpgout 363643
pgfault 492009
pgmajfault 118
inactive_anon 633794560
active_anon 633540608
inactive_file 248221696
active_file 93904896
unevictable 4096
hierarchical_memory_limit 1610612736
hierarchical_memsw_limit 5368709120
total_cache 342200320
total_rss 1267281920
total_rss_huge 0
total_mapped_file 4096
total_writeback 0
total_swap 0
total_pgpgin 756583
total_pgpgout 363643
total_pgfault 492009
total_pgmajfault 118
total_inactive_anon 633794560
total_active_anon 633540608
total_inactive_file 248221696
total_active_file 93904896
total_unevictable 4096
cache 342200320
rss 1267019776
rss_huge 0
mapped_file 4096
writeback 0
swap 0
pgpgin 757390
pgpgout 364514
pgfault 492814
pgmajfault 118
inactive_anon 633794560
active_anon 633286656
inactive_file 248221696
active_file 93904896
unevictable 4096
hierarchical_memory_limit 1610612736
hierarchical_memsw_limit 5368709120
total_cache 342200320
total_rss 1267019776
total_rss_huge 0
total_mapped_file 4096
total_writeback 0
total_swap 0
total_pgpgin 757390
total_pgpgout 364514
total_pgfault 492814
total_pgmajfault 118
total_inactive_anon 633794560
total_active_anon 633286656
total_inactive_file 248221696
total_active_file 93904896
total_unevictable 4096
cache 342208512
rss 1266819072
rss_huge 0
mapped_file 4096
writeback 0
swap 0
pgpgin 758197
pgpgout 365368
pgfault 493634
pgmajfault 118
inactive_anon 633794560
active_anon 633085952
inactive_file 248225792
active_file 93908992
unevictable 4096
hierarchical_memory_limit 1610612736
hierarchical_memsw_limit 5368709120
total_cache 342208512
total_rss 1266819072
total_rss_huge 0
total_mapped_file 4096
total_writeback 0
total_swap 0
total_pgpgin 758197
total_pgpgout 365368
total_pgfault 493634
total_pgmajfault 118
total_inactive_anon 633794560
total_active_anon 633085952
total_inactive_file 248225792
total_active_file 93908992
total_unevictable 4096
cache 342212608
rss 1266814976
rss_huge 0
mapped_file 4096
writeback 0
swap 0
pgpgin 759127
pgpgout 366298
pgfault 494584
pgmajfault 118
inactive_anon 633794560
active_anon 633085952
inactive_file 248229888
active_file 93908992
unevictable 4096
hierarchical_memory_limit 1610612736
hierarchical_memsw_limit 5368709120
total_cache 342212608
total_rss 1266814976
total_rss_huge 0
total_mapped_file 4096
total_writeback 0
total_swap 0
total_pgpgin 759127
total_pgpgout 366298
total_pgfault 494584
total_pgmajfault 118
total_inactive_anon 633794560
total_active_anon 633085952
total_inactive_file 248229888
total_active_file 93908992
total_unevictable 4096
cache 342212608
rss 1266827264
rss_huge 0
mapped_file 4096
writeback 0
swap 0
pgpgin 760068
pgpgout 367236
pgfault 495545
pgmajfault 118
inactive_anon 633794560
active_anon 633094144
inactive_file 248229888
active_file 93908992
unevictable 4096
hierarchical_memory_limit 1610612736
hierarchical_memsw_limit 5368709120
total_cache 342212608
total_rss 1266827264
total_rss_huge 0
total_mapped_file 4096
total_writeback 0
total_swap 0
total_pgpgin 760068
total_pgpgout 367236
total_pgfault 495545
total_pgmajfault 118
total_inactive_anon 633794560
total_active_anon 633094144
total_inactive_file 248229888
total_active_file 93908992
total_unevictable 4096
cache 342212608
rss 1266827264
rss_huge 0
mapped_file 4096
writeback 0
swap 0
pgpgin 761010
pgpgout 368178
pgfault 496507
pgmajfault 118
inactive_anon 633794560
active_anon 633094144
inactive_file 248229888
active_file 93908992
unevictable 4096
hierarchical_memory_limit 1610612736
hierarchical_memsw_limit 5368709120
total_cache 342212608
total_rss 1266827264
total_rss_huge 0
total_mapped_file 4096
total_writeback 0
total_swap 0
total_pgpgin 761010
total_pgpgout 368178
total_pgfault 496507
total_pgmajfault 118
total_inactive_anon 633794560
total_active_anon 633094144
total_inactive_file 248229888
total_active_file 93908992
total_unevictable 4096
cache 342216704
rss 1266896896
rss_huge 0
mapped_file 4096
writeback 0
swap 0
pgpgin 761947
pgpgout 369097
pgfault 497461
pgmajfault 118
inactive_anon 633794560
active_anon 633171968
inactive_file 248233984
active_file 93908992
unevictable 4096
hierarchical_memory_limit 1610612736
hierarchical_memsw_limit 5368709120
total_cache 342216704
total_rss 1266896896
total_rss_huge 0
total_mapped_file 4096
total_writeback 0
total_swap 0
total_pgpgin 761947
total_pgpgout 369097
total_pgfault 497461
total_pgmajfault 118
total_inactive_anon 633794560
total_active_anon 633171968
total_inactive_file 248233984
total_active_file 93908992
total_unevictable 4096
cache 342216704
rss 1266884608
rss_huge 0
mapped_file 4096
writeback 0
swap 0
pgpgin 762863
pgpgout 370016
pgfault 498393
pgmajfault 118
inactive_anon 633794560
active_anon 633159680
inactive_file 248233984
active_file 93908992
unevictable 4096
hierarchical_memory_limit 1610612736
hierarchical_memsw_limit 5368709120
total_cache 342216704
total_rss 1266884608
total_rss_huge 0
total_mapped_file 4096
total_writeback 0
total_swap 0
total_pgpgin 762863
total_pgpgout 370016
total_pgfault 498393
total_pgmajfault 118
total_inactive_anon 633794560
total_active_anon 633159680
total_inactive_file 248233984
total_active_file 93908992
total_unevictable 4096
cache 342216704
rss 1266884608
rss_huge 0
mapped_file 4096
writeback 0
swap 0
pgpgin 763758
pgpgout 370911
pgfault 499302
pgmajfault 118
inactive_anon 633794560
active_anon 633151488
inactive_file 248233984
active_file 93908992
unevictable 4096
hierarchical_memory_limit 1610612736
hierarchical_memsw_limit 5368709120
total_cache 342216704
total_rss 1266884608
total_rss_huge 0
total_mapped_file 4096
total_writeback 0
total_swap 0
total_pgpgin 763758
total_pgpgout 370911
total_pgfault 499302
total_pgmajfault 118
total_inactive_anon 633794560
total_active_anon 633151488
total_inactive_file 248233984
total_active_file 93908992
total_unevictable 4096
cache 342220800
rss 1266876416
rss_huge 0
mapped_file 4096
writeback 0
swap 0
pgpgin 764583
pgpgout 371737
pgfault 500135
pgmajfault 118
inactive_anon 633794560
active_anon 633151488
inactive_file 248238080
active_file 93908992
unevictable 4096
hierarchical_memory_limit 1610612736
hierarchical_memsw_limit 5368709120
total_cache 342220800
total_rss 1266876416
total_rss_huge 0
total_mapped_file 4096
total_writeback 0
total_swap 0
total_pgpgin 764583
total_pgpgout 371737
total_pgfault 500135
total_pgmajfault 118
total_inactive_anon 633794560
total_active_anon 633151488
total_inactive_file 248238080
total_active_file 93908992
total_unevictable 4096
cache 342220800
rss 1266864128
rss_huge 0
mapped_file 4096
writeback 0
swap 0
pgpgin 765396
pgpgout 372553
pgfault 500954
pgmajfault 118
inactive_anon 633794560
active_anon 633139200
inactive_file 248238080
active_file 93908992
unevictable 4096
hierarchical_memory_limit 1610612736
hierarchical_memsw_limit 5368709120
total_cache 342220800
total_rss 1266864128
total_rss_huge 0
total_mapped_file 4096
total_writeback 0
total_swap 0
total_pgpgin 765396
total_pgpgout 372553
total_pgfault 500954
total_pgmajfault 118
total_inactive_anon 633794560
total_active_anon 633139200
total_inactive_file 248238080
total_active_file 93908992
total_unevictable 4096
cache 342220800
rss 1266872320
rss_huge 0
mapped_file 4096
writeback 0
swap 0
pgpgin 766185
pgpgout 373340
pgfault 501747
pgmajfault 118
inactive_anon 633794560
active_anon 633147392
inactive_file 248238080
active_file 93908992
unevictable 4096
hierarchical_memory_limit 1610612736
hierarchical_memsw_limit 5368709120
total_cache 342220800
total_rss 1266872320
total_rss_huge 0
total_mapped_file 4096
total_writeback 0
total_swap 0
total_pgpgin 766185
total_pgpgout 373340
total_pgfault 501747
total_pgmajfault 118
total_inactive_anon 633794560
total_active_anon 633147392
total_inactive_file 248238080
total_active_file 93908992
total_unevictable 4096
cache 342228992
rss 1266819072
rss_huge 0
mapped_file 4096
writeback 0
swap 0
pgpgin 767024
pgpgout 374190
pgfault 502602
pgmajfault 118
inactive_anon 633794560
active_anon 633085952
inactive_file 248242176
active_file 93913088
unevictable 4096
hierarchical_memory_limit 1610612736
hierarchical_memsw_limit 5368709120
total_cache 342228992
total_rss 1266819072
total_rss_huge 0
total_mapped_file 4096
total_writeback 0
total_swap 0
total_pgpgin 767024
total_pgpgout 374190
total_pgfault 502602
total_pgmajfault 118
total_inactive_anon 633794560
total_active_anon 633085952
total_inactive_file 248242176
total_active_file 93913088
total_unevictable 4096
cache 342233088
rss 1266819072
rss_huge 0
mapped_file 4096
writeback 0
swap 0
pgpgin 767952
pgpgout 375117
pgfault 503550
pgmajfault 118
inactive_anon 633794560
active_anon 633085952
inactive_file 248246272
active_file 93913088
unevictable 4096
hierarchical_memory_limit 1610612736
hierarchical_memsw_limit 5368709120
total_cache 342233088
total_rss 1266819072
total_rss_huge 0
total_mapped_file 4096
total_writeback 0
total_swap 0
total_pgpgin 767952
total_pgpgout 375117
total_pgfault 503550
total_pgmajfault 118
total_inactive_anon 633794560
total_active_anon 633085952
total_inactive_file 248246272
total_active_file 93913088
total_unevictable 4096
cache 342233088
rss 1266819072
rss_huge 0
mapped_file 4096
writeback 0
swap 0
pgpgin 768893
pgpgout 376058
pgfault 504511
pgmajfault 118
inactive_anon 633794560
active_anon 633085952
inactive_file 248246272
active_file 93913088
unevictable 4096
hierarchical_memory_limit 1610612736
hierarchical_memsw_limit 5368709120
total_cache 342233088
total_rss 1266819072
total_rss_huge 0
total_mapped_file 4096
total_writeback 0
total_swap 0
total_pgpgin 768893
total_pgpgout 376058
total_pgfault 504511
total_pgmajfault 118
total_inactive_anon 633794560
total_active_anon 633085952
total_inactive_file 248246272
total_active_file 93913088
total_unevictable 4096
cache 342233088
rss 1266819072
rss_huge 0
mapped_file 4096
writeback 0
swap 0
pgpgin 769827
pgpgout 376992
pgfault 505464
pgmajfault 118
inactive_anon 633794560
active_anon 633085952
inactive_file 248246272
active_file 93913088
unevictable 4096
hierarchical_memory_limit 1610612736
hierarchical_memsw_limit 5368709120
total_cache 342233088
total_rss 1266819072
total_rss_huge 0
total_mapped_file 4096
total_writeback 0
total_swap 0
total_pgpgin 769827
total_pgpgout 376992
total_pgfault 505464
total_pgmajfault 118
total_inactive_anon 633794560
total_active_anon 633085952
total_inactive_file 248246272
total_active_file 93913088
total_unevictable 4096
cache 342237184
rss 1266868224
rss_huge 0
mapped_file 4096
writeback 0
swap 0
pgpgin 770759
pgpgout 377911
pgfault 506414
pgmajfault 118
inactive_anon 633794560
active_anon 633143296
inactive_file 248250368
active_file 93913088
unevictable 4096
hierarchical_memory_limit 1610612736
hierarchical_memsw_limit 5368709120
total_cache 342237184
total_rss 1266868224
total_rss_huge 0
total_mapped_file 4096
total_writeback 0
total_swap 0
total_pgpgin 770759
total_pgpgout 377911
total_pgfault 506414
total_pgmajfault 118
total_inactive_anon 633794560
total_active_anon 633143296
total_inactive_file 248250368
total_active_file 93913088
total_unevictable 4096
cache 342237184
rss 1267519488
rss_huge 0
mapped_file 4096
writeback 0
swap 0
pgpgin 771085
pgpgout 378078
pgfault 506748
pgmajfault 118
inactive_anon 633786368
active_anon 633802752
inactive_file 248250368
active_file 93913088
unevictable 4096
hierarchical_memory_limit 1610612736
hierarchical_memsw_limit 5368709120
total_cache 342237184
total_rss 1267519488
total_rss_huge 0
total_mapped_file 4096
total_writeback 0
total_swap 0
total_pgpgin 771085
total_pgpgout 378078
total_pgfault 506748
total_pgmajfault 118
total_inactive_anon 633786368
total_active_anon 633802752
total_inactive_file 248250368
total_active_file 93913088
total_unevictable 4096
