Fri May 19 21:06:52 IST 2017
--------------------MEMCG-----------------------
MEM ONLY  : 27 MB
MEM+SWAP  : 27 MB
cache 22003712
rss 6770688
rss_huge 0
mapped_file 7802880
writeback 0
swap 0
pgpgin 77934
pgpgout 70909
pgfault 175211
pgmajfault 183
inactive_anon 40960
active_anon 6799360
inactive_file 9940992
active_file 11993088
unevictable 0
hierarchical_memory_limit 1073741824
hierarchical_memsw_limit 5368709120
total_cache 22003712
total_rss 6770688
total_rss_huge 0
total_mapped_file 7802880
total_writeback 0
total_swap 0
total_pgpgin 77934
total_pgpgout 70909
total_pgfault 175211
total_pgmajfault 183
total_inactive_anon 40960
total_active_anon 6799360
total_inactive_file 9940992
total_active_file 11993088
total_unevictable 0
--------------------BLKIO-----------------------
11:0 Read 0
11:0 Write 0
11:0 Sync 0
11:0 Async 0
11:0 Total 0
253:0 Read 21868544
253:0 Write 229376
253:0 Sync 0
253:0 Async 22097920
253:0 Total 22097920
Total 22097920
--------------------CPUAC-----------------------
user 38
system 88
 
Fri May 19 21:07:22 IST 2017
--------------------MEMCG-----------------------
MEM ONLY  : 27 MB
MEM+SWAP  : 27 MB
cache 22003712
rss 6504448
rss_huge 0
mapped_file 7663616
writeback 0
swap 0
pgpgin 77934
pgpgout 70974
pgfault 175218
pgmajfault 183
inactive_anon 40960
active_anon 6533120
inactive_file 9920512
active_file 12013568
unevictable 0
hierarchical_memory_limit 1073741824
hierarchical_memsw_limit 5368709120
total_cache 22003712
total_rss 6504448
total_rss_huge 0
total_mapped_file 7663616
total_writeback 0
total_swap 0
total_pgpgin 77934
total_pgpgout 70974
total_pgfault 175218
total_pgmajfault 183
total_inactive_anon 40960
total_active_anon 6533120
total_inactive_file 9920512
total_active_file 12013568
total_unevictable 0
--------------------BLKIO-----------------------
11:0 Read 0
11:0 Write 0
11:0 Sync 0
11:0 Async 0
11:0 Total 0
253:0 Read 21868544
253:0 Write 229376
253:0 Sync 0
253:0 Async 22097920
253:0 Total 22097920
Total 22097920
--------------------CPUAC-----------------------
user 38
system 88
 
Fri May 19 21:07:52 IST 2017
--------------------MEMCG-----------------------
MEM ONLY  : 27 MB
MEM+SWAP  : 27 MB
cache 22003712
rss 6504448
rss_huge 0
mapped_file 7663616
writeback 0
swap 0
pgpgin 77934
pgpgout 70974
pgfault 175218
pgmajfault 183
inactive_anon 40960
active_anon 6533120
inactive_file 9920512
active_file 12013568
unevictable 0
hierarchical_memory_limit 1073741824
hierarchical_memsw_limit 5368709120
total_cache 22003712
total_rss 6504448
total_rss_huge 0
total_mapped_file 7663616
total_writeback 0
total_swap 0
total_pgpgin 77934
total_pgpgout 70974
total_pgfault 175218
total_pgmajfault 183
total_inactive_anon 40960
total_active_anon 6533120
total_inactive_file 9920512
total_active_file 12013568
total_unevictable 0
--------------------BLKIO-----------------------
11:0 Read 0
11:0 Write 0
11:0 Sync 0
11:0 Async 0
11:0 Total 0
253:0 Read 21868544
253:0 Write 229376
253:0 Sync 0
253:0 Async 22097920
253:0 Total 22097920
Total 22097920
--------------------CPUAC-----------------------
user 38
system 88
 
Fri May 19 21:08:22 IST 2017
--------------------MEMCG-----------------------
MEM ONLY  : 27 MB
MEM+SWAP  : 27 MB
cache 22003712
rss 6504448
rss_huge 0
mapped_file 7663616
writeback 0
swap 0
pgpgin 77934
pgpgout 70974
pgfault 175218
pgmajfault 183
inactive_anon 40960
active_anon 6533120
inactive_file 9920512
active_file 12013568
unevictable 0
hierarchical_memory_limit 1073741824
hierarchical_memsw_limit 5368709120
total_cache 22003712
total_rss 6504448
total_rss_huge 0
total_mapped_file 7663616
total_writeback 0
total_swap 0
total_pgpgin 77934
total_pgpgout 70974
total_pgfault 175218
total_pgmajfault 183
total_inactive_anon 40960
total_active_anon 6533120
total_inactive_file 9920512
total_active_file 12013568
total_unevictable 0
--------------------BLKIO-----------------------
11:0 Read 0
11:0 Write 0
11:0 Sync 0
11:0 Async 0
11:0 Total 0
253:0 Read 21868544
253:0 Write 229376
253:0 Sync 0
253:0 Async 22097920
253:0 Total 22097920
Total 22097920
--------------------CPUAC-----------------------
user 38
system 88
 
Fri May 19 21:08:52 IST 2017
--------------------MEMCG-----------------------
MEM ONLY  : 27 MB
MEM+SWAP  : 27 MB
cache 22003712
rss 6504448
rss_huge 0
mapped_file 7663616
writeback 0
swap 0
pgpgin 77934
pgpgout 70974
pgfault 175218
pgmajfault 183
inactive_anon 40960
active_anon 6533120
inactive_file 9920512
active_file 12013568
unevictable 0
hierarchical_memory_limit 1073741824
hierarchical_memsw_limit 5368709120
total_cache 22003712
total_rss 6504448
total_rss_huge 0
total_mapped_file 7663616
total_writeback 0
total_swap 0
total_pgpgin 77934
total_pgpgout 70974
total_pgfault 175218
total_pgmajfault 183
total_inactive_anon 40960
total_active_anon 6533120
total_inactive_file 9920512
total_active_file 12013568
total_unevictable 0
--------------------BLKIO-----------------------
11:0 Read 0
11:0 Write 0
11:0 Sync 0
11:0 Async 0
11:0 Total 0
253:0 Read 21868544
253:0 Write 229376
253:0 Sync 0
253:0 Async 22097920
253:0 Total 22097920
Total 22097920
--------------------CPUAC-----------------------
user 38
system 88
 
Fri May 19 21:09:23 IST 2017
--------------------MEMCG-----------------------
MEM ONLY  : 27 MB
MEM+SWAP  : 27 MB
cache 22003712
rss 6504448
rss_huge 0
mapped_file 7663616
writeback 0
swap 0
pgpgin 77934
pgpgout 70974
pgfault 175218
pgmajfault 183
inactive_anon 40960
active_anon 6533120
inactive_file 9920512
active_file 12013568
unevictable 0
hierarchical_memory_limit 1073741824
hierarchical_memsw_limit 5368709120
total_cache 22003712
total_rss 6504448
total_rss_huge 0
total_mapped_file 7663616
total_writeback 0
total_swap 0
total_pgpgin 77934
total_pgpgout 70974
total_pgfault 175218
total_pgmajfault 183
total_inactive_anon 40960
total_active_anon 6533120
total_inactive_file 9920512
total_active_file 12013568
total_unevictable 0
--------------------BLKIO-----------------------
11:0 Read 0
11:0 Write 0
11:0 Sync 0
11:0 Async 0
11:0 Total 0
253:0 Read 21868544
253:0 Write 229376
253:0 Sync 0
253:0 Async 22097920
253:0 Total 22097920
Total 22097920
--------------------CPUAC-----------------------
user 38
system 88
 
Fri May 19 21:09:53 IST 2017
--------------------MEMCG-----------------------
MEM ONLY  : 27 MB
MEM+SWAP  : 27 MB
cache 22003712
rss 6504448
rss_huge 0
mapped_file 7663616
writeback 0
swap 0
pgpgin 77934
pgpgout 70974
pgfault 175218
pgmajfault 183
inactive_anon 40960
active_anon 6533120
inactive_file 9920512
active_file 12013568
unevictable 0
hierarchical_memory_limit 1073741824
hierarchical_memsw_limit 5368709120
total_cache 22003712
total_rss 6504448
total_rss_huge 0
total_mapped_file 7663616
total_writeback 0
total_swap 0
total_pgpgin 77934
total_pgpgout 70974
total_pgfault 175218
total_pgmajfault 183
total_inactive_anon 40960
total_active_anon 6533120
total_inactive_file 9920512
total_active_file 12013568
total_unevictable 0
--------------------BLKIO-----------------------
11:0 Read 0
11:0 Write 0
11:0 Sync 0
11:0 Async 0
11:0 Total 0
253:0 Read 21868544
253:0 Write 229376
253:0 Sync 0
253:0 Async 22097920
253:0 Total 22097920
Total 22097920
--------------------CPUAC-----------------------
user 38
system 88
 
Fri May 19 21:10:23 IST 2017
--------------------MEMCG-----------------------
MEM ONLY  : 27 MB
MEM+SWAP  : 27 MB
cache 22003712
rss 6504448
rss_huge 0
mapped_file 7663616
writeback 0
swap 0
pgpgin 77934
pgpgout 70974
pgfault 175218
pgmajfault 183
inactive_anon 40960
active_anon 6533120
inactive_file 9920512
active_file 12013568
unevictable 0
hierarchical_memory_limit 1073741824
hierarchical_memsw_limit 5368709120
total_cache 22003712
total_rss 6504448
total_rss_huge 0
total_mapped_file 7663616
total_writeback 0
total_swap 0
total_pgpgin 77934
total_pgpgout 70974
total_pgfault 175218
total_pgmajfault 183
total_inactive_anon 40960
total_active_anon 6533120
total_inactive_file 9920512
total_active_file 12013568
total_unevictable 0
--------------------BLKIO-----------------------
11:0 Read 0
11:0 Write 0
11:0 Sync 0
11:0 Async 0
11:0 Total 0
253:0 Read 21868544
253:0 Write 229376
253:0 Sync 0
253:0 Async 22097920
253:0 Total 22097920
Total 22097920
--------------------CPUAC-----------------------
user 38
system 88
 
Fri May 19 21:10:53 IST 2017
--------------------MEMCG-----------------------
MEM ONLY  : 27 MB
MEM+SWAP  : 27 MB
cache 22003712
rss 6504448
rss_huge 0
mapped_file 7663616
writeback 0
swap 0
pgpgin 77934
pgpgout 70974
pgfault 175218
pgmajfault 183
inactive_anon 40960
active_anon 6533120
inactive_file 9920512
active_file 12013568
unevictable 0
hierarchical_memory_limit 1073741824
hierarchical_memsw_limit 5368709120
total_cache 22003712
total_rss 6504448
total_rss_huge 0
total_mapped_file 7663616
total_writeback 0
total_swap 0
total_pgpgin 77934
total_pgpgout 70974
total_pgfault 175218
total_pgmajfault 183
total_inactive_anon 40960
total_active_anon 6533120
total_inactive_file 9920512
total_active_file 12013568
total_unevictable 0
--------------------BLKIO-----------------------
11:0 Read 0
11:0 Write 0
11:0 Sync 0
11:0 Async 0
11:0 Total 0
253:0 Read 21868544
253:0 Write 229376
253:0 Sync 0
253:0 Async 22097920
253:0 Total 22097920
Total 22097920
--------------------CPUAC-----------------------
user 38
system 88
 
Fri May 19 21:11:23 IST 2017
--------------------MEMCG-----------------------
MEM ONLY  : 27 MB
MEM+SWAP  : 27 MB
cache 22003712
rss 6504448
rss_huge 0
mapped_file 7663616
writeback 0
swap 0
pgpgin 77934
pgpgout 70974
pgfault 175218
pgmajfault 183
inactive_anon 40960
active_anon 6533120
inactive_file 9920512
active_file 12013568
unevictable 0
hierarchical_memory_limit 1073741824
hierarchical_memsw_limit 5368709120
total_cache 22003712
total_rss 6504448
total_rss_huge 0
total_mapped_file 7663616
total_writeback 0
total_swap 0
total_pgpgin 77934
total_pgpgout 70974
total_pgfault 175218
total_pgmajfault 183
total_inactive_anon 40960
total_active_anon 6533120
total_inactive_file 9920512
total_active_file 12013568
total_unevictable 0
--------------------BLKIO-----------------------
11:0 Read 0
11:0 Write 0
11:0 Sync 0
11:0 Async 0
11:0 Total 0
253:0 Read 21868544
253:0 Write 229376
253:0 Sync 0
253:0 Async 22097920
253:0 Total 22097920
Total 22097920
--------------------CPUAC-----------------------
user 38
system 88
 
Fri May 19 21:11:53 IST 2017
--------------------MEMCG-----------------------
MEM ONLY  : 27 MB
MEM+SWAP  : 27 MB
cache 22003712
rss 6504448
rss_huge 0
mapped_file 7663616
writeback 0
swap 0
pgpgin 77934
pgpgout 70974
pgfault 175218
pgmajfault 183
inactive_anon 40960
active_anon 6533120
inactive_file 9920512
active_file 12013568
unevictable 0
hierarchical_memory_limit 1073741824
hierarchical_memsw_limit 5368709120
total_cache 22003712
total_rss 6504448
total_rss_huge 0
total_mapped_file 7663616
total_writeback 0
total_swap 0
total_pgpgin 77934
total_pgpgout 70974
total_pgfault 175218
total_pgmajfault 183
total_inactive_anon 40960
total_active_anon 6533120
total_inactive_file 9920512
total_active_file 12013568
total_unevictable 0
--------------------BLKIO-----------------------
11:0 Read 0
11:0 Write 0
11:0 Sync 0
11:0 Async 0
11:0 Total 0
253:0 Read 21868544
253:0 Write 229376
253:0 Sync 0
253:0 Async 22097920
253:0 Total 22097920
Total 22097920
--------------------CPUAC-----------------------
user 38
system 88
 
Fri May 19 21:12:23 IST 2017
--------------------MEMCG-----------------------
MEM ONLY  : 27 MB
MEM+SWAP  : 27 MB
cache 22003712
rss 6504448
rss_huge 0
mapped_file 7663616
writeback 0
swap 0
pgpgin 77934
pgpgout 70974
pgfault 175218
pgmajfault 183
inactive_anon 40960
active_anon 6533120
inactive_file 9920512
active_file 12013568
unevictable 0
hierarchical_memory_limit 1073741824
hierarchical_memsw_limit 5368709120
total_cache 22003712
total_rss 6504448
total_rss_huge 0
total_mapped_file 7663616
total_writeback 0
total_swap 0
total_pgpgin 77934
total_pgpgout 70974
total_pgfault 175218
total_pgmajfault 183
total_inactive_anon 40960
total_active_anon 6533120
total_inactive_file 9920512
total_active_file 12013568
total_unevictable 0
--------------------BLKIO-----------------------
11:0 Read 0
11:0 Write 0
11:0 Sync 0
11:0 Async 0
11:0 Total 0
253:0 Read 21868544
253:0 Write 229376
253:0 Sync 0
253:0 Async 22097920
253:0 Total 22097920
Total 22097920
--------------------CPUAC-----------------------
user 38
system 88
 
Fri May 19 21:12:53 IST 2017
--------------------MEMCG-----------------------
MEM ONLY  : 27 MB
MEM+SWAP  : 27 MB
cache 22003712
rss 6504448
rss_huge 0
mapped_file 7663616
writeback 0
swap 0
pgpgin 77934
pgpgout 70974
pgfault 175218
pgmajfault 183
inactive_anon 40960
active_anon 6533120
inactive_file 9920512
active_file 12013568
unevictable 0
hierarchical_memory_limit 1073741824
hierarchical_memsw_limit 5368709120
total_cache 22003712
total_rss 6504448
total_rss_huge 0
total_mapped_file 7663616
total_writeback 0
total_swap 0
total_pgpgin 77934
total_pgpgout 70974
total_pgfault 175218
total_pgmajfault 183
total_inactive_anon 40960
total_active_anon 6533120
total_inactive_file 9920512
total_active_file 12013568
total_unevictable 0
--------------------BLKIO-----------------------
11:0 Read 0
11:0 Write 0
11:0 Sync 0
11:0 Async 0
11:0 Total 0
253:0 Read 21868544
253:0 Write 229376
253:0 Sync 0
253:0 Async 22097920
253:0 Total 22097920
Total 22097920
--------------------CPUAC-----------------------
user 38
system 88
 
Fri May 19 21:13:23 IST 2017
--------------------MEMCG-----------------------
MEM ONLY  : 27 MB
MEM+SWAP  : 27 MB
cache 22003712
rss 6504448
rss_huge 0
mapped_file 7663616
writeback 0
swap 0
pgpgin 77934
pgpgout 70974
pgfault 175218
pgmajfault 183
inactive_anon 40960
active_anon 6533120
inactive_file 9920512
active_file 12013568
unevictable 0
hierarchical_memory_limit 1073741824
hierarchical_memsw_limit 5368709120
total_cache 22003712
total_rss 6504448
total_rss_huge 0
total_mapped_file 7663616
total_writeback 0
total_swap 0
total_pgpgin 77934
total_pgpgout 70974
total_pgfault 175218
total_pgmajfault 183
total_inactive_anon 40960
total_active_anon 6533120
total_inactive_file 9920512
total_active_file 12013568
total_unevictable 0
--------------------BLKIO-----------------------
11:0 Read 0
11:0 Write 0
11:0 Sync 0
11:0 Async 0
11:0 Total 0
253:0 Read 21868544
253:0 Write 229376
253:0 Sync 0
253:0 Async 22097920
253:0 Total 22097920
Total 22097920
--------------------CPUAC-----------------------
user 38
system 88
 
Fri May 19 21:13:53 IST 2017
--------------------MEMCG-----------------------
MEM ONLY  : 27 MB
MEM+SWAP  : 27 MB
cache 22003712
rss 6504448
rss_huge 0
mapped_file 7663616
writeback 0
swap 0
pgpgin 77934
pgpgout 70974
pgfault 175218
pgmajfault 183
inactive_anon 40960
active_anon 6533120
inactive_file 9920512
active_file 12013568
unevictable 0
hierarchical_memory_limit 1073741824
hierarchical_memsw_limit 5368709120
total_cache 22003712
total_rss 6504448
total_rss_huge 0
total_mapped_file 7663616
total_writeback 0
total_swap 0
total_pgpgin 77934
total_pgpgout 70974
total_pgfault 175218
total_pgmajfault 183
total_inactive_anon 40960
total_active_anon 6533120
total_inactive_file 9920512
total_active_file 12013568
total_unevictable 0
--------------------BLKIO-----------------------
11:0 Read 0
11:0 Write 0
11:0 Sync 0
11:0 Async 0
11:0 Total 0
253:0 Read 21868544
253:0 Write 229376
253:0 Sync 0
253:0 Async 22097920
253:0 Total 22097920
Total 22097920
--------------------CPUAC-----------------------
user 38
system 88
 
Fri May 19 21:14:23 IST 2017
--------------------MEMCG-----------------------
MEM ONLY  : 27 MB
MEM+SWAP  : 27 MB
cache 22003712
rss 6504448
rss_huge 0
mapped_file 7663616
writeback 0
swap 0
pgpgin 77934
pgpgout 70974
pgfault 175218
pgmajfault 183
inactive_anon 40960
active_anon 6533120
inactive_file 9920512
active_file 12013568
unevictable 0
hierarchical_memory_limit 1073741824
hierarchical_memsw_limit 5368709120
total_cache 22003712
total_rss 6504448
total_rss_huge 0
total_mapped_file 7663616
total_writeback 0
total_swap 0
total_pgpgin 77934
total_pgpgout 70974
total_pgfault 175218
total_pgmajfault 183
total_inactive_anon 40960
total_active_anon 6533120
total_inactive_file 9920512
total_active_file 12013568
total_unevictable 0
--------------------BLKIO-----------------------
11:0 Read 0
11:0 Write 0
11:0 Sync 0
11:0 Async 0
11:0 Total 0
253:0 Read 21868544
253:0 Write 229376
253:0 Sync 0
253:0 Async 22097920
253:0 Total 22097920
Total 22097920
--------------------CPUAC-----------------------
user 38
system 88
 
Fri May 19 21:14:53 IST 2017
--------------------MEMCG-----------------------
MEM ONLY  : 27 MB
MEM+SWAP  : 27 MB
cache 22003712
rss 6504448
rss_huge 0
mapped_file 7663616
writeback 0
swap 0
pgpgin 77934
pgpgout 70974
pgfault 175218
pgmajfault 183
inactive_anon 40960
active_anon 6533120
inactive_file 9920512
active_file 12013568
unevictable 0
hierarchical_memory_limit 1073741824
hierarchical_memsw_limit 5368709120
total_cache 22003712
total_rss 6504448
total_rss_huge 0
total_mapped_file 7663616
total_writeback 0
total_swap 0
total_pgpgin 77934
total_pgpgout 70974
total_pgfault 175218
total_pgmajfault 183
total_inactive_anon 40960
total_active_anon 6533120
total_inactive_file 9920512
total_active_file 12013568
total_unevictable 0
--------------------BLKIO-----------------------
11:0 Read 0
11:0 Write 0
11:0 Sync 0
11:0 Async 0
11:0 Total 0
253:0 Read 21868544
253:0 Write 229376
253:0 Sync 0
253:0 Async 22097920
253:0 Total 22097920
Total 22097920
--------------------CPUAC-----------------------
user 38
system 88
 
Fri May 19 21:15:23 IST 2017
--------------------MEMCG-----------------------
MEM ONLY  : 27 MB
MEM+SWAP  : 27 MB
cache 22003712
rss 6504448
rss_huge 0
mapped_file 7663616
writeback 0
swap 0
pgpgin 77934
pgpgout 70974
pgfault 175218
pgmajfault 183
inactive_anon 40960
active_anon 6533120
inactive_file 9920512
active_file 12013568
unevictable 0
hierarchical_memory_limit 1073741824
hierarchical_memsw_limit 5368709120
total_cache 22003712
total_rss 6504448
total_rss_huge 0
total_mapped_file 7663616
total_writeback 0
total_swap 0
total_pgpgin 77934
total_pgpgout 70974
total_pgfault 175218
total_pgmajfault 183
total_inactive_anon 40960
total_active_anon 6533120
total_inactive_file 9920512
total_active_file 12013568
total_unevictable 0
--------------------BLKIO-----------------------
11:0 Read 0
11:0 Write 0
11:0 Sync 0
11:0 Async 0
11:0 Total 0
253:0 Read 21868544
253:0 Write 229376
253:0 Sync 0
253:0 Async 22097920
253:0 Total 22097920
Total 22097920
--------------------CPUAC-----------------------
user 38
system 88
 
Fri May 19 21:15:53 IST 2017
--------------------MEMCG-----------------------
MEM ONLY  : 27 MB
MEM+SWAP  : 27 MB
cache 22003712
rss 6504448
rss_huge 0
mapped_file 7663616
writeback 0
swap 0
pgpgin 77934
pgpgout 70974
pgfault 175218
pgmajfault 183
inactive_anon 40960
active_anon 6533120
inactive_file 9920512
active_file 12013568
unevictable 0
hierarchical_memory_limit 1073741824
hierarchical_memsw_limit 5368709120
total_cache 22003712
total_rss 6504448
total_rss_huge 0
total_mapped_file 7663616
total_writeback 0
total_swap 0
total_pgpgin 77934
total_pgpgout 70974
total_pgfault 175218
total_pgmajfault 183
total_inactive_anon 40960
total_active_anon 6533120
total_inactive_file 9920512
total_active_file 12013568
total_unevictable 0
--------------------BLKIO-----------------------
11:0 Read 0
11:0 Write 0
11:0 Sync 0
11:0 Async 0
11:0 Total 0
253:0 Read 21868544
253:0 Write 229376
253:0 Sync 0
253:0 Async 22097920
253:0 Total 22097920
Total 22097920
--------------------CPUAC-----------------------
user 38
system 88
 
Fri May 19 21:16:23 IST 2017
--------------------MEMCG-----------------------
MEM ONLY  : 27 MB
MEM+SWAP  : 27 MB
cache 22003712
rss 6504448
rss_huge 0
mapped_file 7663616
writeback 0
swap 0
pgpgin 77934
pgpgout 70974
pgfault 175218
pgmajfault 183
inactive_anon 40960
active_anon 6533120
inactive_file 9920512
active_file 12013568
unevictable 0
hierarchical_memory_limit 1073741824
hierarchical_memsw_limit 5368709120
total_cache 22003712
total_rss 6504448
total_rss_huge 0
total_mapped_file 7663616
total_writeback 0
total_swap 0
total_pgpgin 77934
total_pgpgout 70974
total_pgfault 175218
total_pgmajfault 183
total_inactive_anon 40960
total_active_anon 6533120
total_inactive_file 9920512
total_active_file 12013568
total_unevictable 0
--------------------BLKIO-----------------------
11:0 Read 0
11:0 Write 0
11:0 Sync 0
11:0 Async 0
11:0 Total 0
253:0 Read 21868544
253:0 Write 229376
253:0 Sync 0
253:0 Async 22097920
253:0 Total 22097920
Total 22097920
--------------------CPUAC-----------------------
user 38
system 88
 
Fri May 19 21:16:53 IST 2017
--------------------MEMCG-----------------------
MEM ONLY  : 251 MB
MEM+SWAP  : 251 MB
cache 170119168
rss 93392896
rss_huge 0
mapped_file 46358528
writeback 0
swap 0
pgpgin 185582
pgpgout 121248
pgfault 257989
pgmajfault 205
inactive_anon 45056
active_anon 93421568
inactive_file 143011840
active_file 27000832
unevictable 0
hierarchical_memory_limit 1073741824
hierarchical_memsw_limit 5368709120
total_cache 170119168
total_rss 93392896
total_rss_huge 0
total_mapped_file 46358528
total_writeback 0
total_swap 0
total_pgpgin 185582
total_pgpgout 121248
total_pgfault 257989
total_pgmajfault 205
total_inactive_anon 45056
total_active_anon 93421568
total_inactive_file 143011840
total_active_file 27000832
total_unevictable 0
--------------------BLKIO-----------------------
11:0 Read 0
11:0 Write 0
11:0 Sync 0
11:0 Async 0
11:0 Total 0
253:0 Read 130514944
253:0 Write 229376
253:0 Sync 0
253:0 Async 130744320
253:0 Total 130744320
Total 130744320
--------------------CPUAC-----------------------
user 76
system 257
 
Fri May 19 21:17:23 IST 2017
--------------------MEMCG-----------------------
MEM ONLY  : 746 MB
MEM+SWAP  : 746 MB
cache 689569792
rss 93392896
rss_huge 0
mapped_file 46358528
writeback 0
swap 0
pgpgin 339248
pgpgout 148095
pgfault 285884
pgmajfault 205
inactive_anon 45056
active_anon 93421568
inactive_file 604061696
active_file 85434368
unevictable 0
hierarchical_memory_limit 1073741824
hierarchical_memsw_limit 5368709120
total_cache 689569792
total_rss 93392896
total_rss_huge 0
total_mapped_file 46358528
total_writeback 0
total_swap 0
total_pgpgin 339248
total_pgpgout 148095
total_pgfault 285884
total_pgmajfault 205
total_inactive_anon 45056
total_active_anon 93421568
total_inactive_file 604061696
total_active_file 85434368
total_unevictable 0
--------------------BLKIO-----------------------
11:0 Read 0
11:0 Write 0
11:0 Sync 0
11:0 Async 0
11:0 Total 0
253:0 Read 649961472
253:0 Write 229376
253:0 Sync 0
253:0 Async 650190848
253:0 Total 650190848
Total 650190848
--------------------CPUAC-----------------------
user 93
system 362
 
Fri May 19 21:17:53 IST 2017
--------------------MEMCG-----------------------
MEM ONLY  : 1023 MB
MEM+SWAP  : 1023 MB
cache 980217856
rss 93392896
rss_huge 0
mapped_file 46329856
writeback 0
swap 0
pgpgin 506035
pgpgout 243923
pgfault 321115
pgmajfault 205
inactive_anon 46899200
active_anon 46567424
inactive_file 721248256
active_file 258871296
unevictable 0
hierarchical_memory_limit 1073741824
hierarchical_memsw_limit 5368709120
total_cache 980217856
total_rss 93392896
total_rss_huge 0
total_mapped_file 46329856
total_writeback 0
total_swap 0
total_pgpgin 506035
total_pgpgout 243923
total_pgfault 321115
total_pgmajfault 205
total_inactive_anon 46899200
total_active_anon 46567424
total_inactive_file 721248256
total_active_file 258871296
total_unevictable 0
--------------------BLKIO-----------------------
11:0 Read 0
11:0 Write 0
11:0 Sync 0
11:0 Async 0
11:0 Total 0
253:0 Read 1181167616
253:0 Write 229376
253:0 Sync 0
253:0 Async 1181396992
253:0 Total 1181396992
Total 1181396992
--------------------CPUAC-----------------------
user 114
system 495
 
Fri May 19 21:18:23 IST 2017
--------------------MEMCG-----------------------
MEM ONLY  : 1023 MB
MEM+SWAP  : 1023 MB
cache 980185088
rss 93392896
rss_huge 0
mapped_file 12451840
writeback 0
swap 0
pgpgin 710087
pgpgout 447983
pgfault 367396
pgmajfault 205
inactive_anon 46899200
active_anon 46567424
inactive_file 490061824
active_file 489979904
unevictable 0
hierarchical_memory_limit 1073741824
hierarchical_memsw_limit 5368709120
total_cache 980185088
total_rss 93392896
total_rss_huge 0
total_mapped_file 12451840
total_writeback 0
total_swap 0
total_pgpgin 710087
total_pgpgout 447983
total_pgfault 367396
total_pgmajfault 205
total_inactive_anon 46899200
total_active_anon 46567424
total_inactive_file 490061824
total_active_file 489979904
total_unevictable 0
--------------------BLKIO-----------------------
11:0 Read 0
11:0 Write 0
11:0 Sync 0
11:0 Async 0
11:0 Total 0
253:0 Read 1692680192
253:0 Write 229376
253:0 Sync 0
253:0 Async 1692909568
253:0 Total 1692909568
Total 1692909568
--------------------CPUAC-----------------------
user 134
system 667
 
Fri May 19 21:18:53 IST 2017
--------------------MEMCG-----------------------
MEM ONLY  : 1023 MB
MEM+SWAP  : 1023 MB
cache 980152320
rss 93392896
rss_huge 0
mapped_file 8654848
writeback 0
swap 0
pgpgin 1001397
pgpgout 739301
pgfault 429916
pgmajfault 205
inactive_anon 46899200
active_anon 46567424
inactive_file 489791488
active_file 490221568
unevictable 0
hierarchical_memory_limit 1073741824
hierarchical_memsw_limit 5368709120
total_cache 980152320
total_rss 93392896
total_rss_huge 0
total_mapped_file 8654848
total_writeback 0
total_swap 0
total_pgpgin 1001397
total_pgpgout 739301
total_pgfault 429916
total_pgmajfault 205
total_inactive_anon 46899200
total_active_anon 46567424
total_inactive_file 489791488
total_active_file 490221568
total_unevictable 0
--------------------BLKIO-----------------------
11:0 Read 0
11:0 Write 0
11:0 Sync 0
11:0 Async 0
11:0 Total 0
253:0 Read 2222592000
253:0 Write 229376
253:0 Sync 0
253:0 Async 2222821376
253:0 Total 2222821376
Total 2222821376
--------------------CPUAC-----------------------
user 168
system 912
 
Fri May 19 21:19:23 IST 2017
--------------------MEMCG-----------------------
MEM ONLY  : 1023 MB
MEM+SWAP  : 1023 MB
cache 980115456
rss 93392896
rss_huge 0
mapped_file 3395584
writeback 0
swap 0
pgpgin 1382155
pgpgout 1120068
pgfault 513552
pgmajfault 205
inactive_anon 46899200
active_anon 46567424
inactive_file 490225664
active_file 489816064
unevictable 0
hierarchical_memory_limit 1073741824
hierarchical_memsw_limit 5368709120
total_cache 980115456
total_rss 93392896
total_rss_huge 0
total_mapped_file 3395584
total_writeback 0
total_swap 0
total_pgpgin 1382155
total_pgpgout 1120068
total_pgfault 513553
total_pgmajfault 205
total_inactive_anon 46899200
total_active_anon 46567424
total_inactive_file 490225664
total_active_file 489816064
total_unevictable 0
--------------------BLKIO-----------------------
11:0 Read 0
11:0 Write 0
11:0 Sync 0
11:0 Async 0
11:0 Total 0
253:0 Read 2750021632
253:0 Write 229376
253:0 Sync 0
253:0 Async 2750251008
253:0 Total 2750251008
Total 2750251008
--------------------CPUAC-----------------------
user 216
system 1204
 
Fri May 19 21:19:53 IST 2017
--------------------MEMCG-----------------------
MEM ONLY  : 1023 MB
MEM+SWAP  : 1023 MB
cache 980111360
rss 93392896
rss_huge 0
mapped_file 3325952
writeback 0
swap 0
pgpgin 1766276
pgpgout 1504190
pgfault 596597
pgmajfault 205
inactive_anon 46899200
active_anon 46567424
inactive_file 490020864
active_file 489984000
unevictable 0
hierarchical_memory_limit 1073741824
hierarchical_memsw_limit 5368709120
total_cache 980111360
total_rss 93392896
total_rss_huge 0
total_mapped_file 3325952
total_writeback 0
total_swap 0
total_pgpgin 1766276
total_pgpgout 1504190
total_pgfault 596597
total_pgmajfault 205
total_inactive_anon 46899200
total_active_anon 46567424
total_inactive_file 490020864
total_active_file 489984000
total_unevictable 0
--------------------BLKIO-----------------------
11:0 Read 0
11:0 Write 0
11:0 Sync 0
11:0 Async 0
11:0 Total 0
253:0 Read 3278893056
253:0 Write 229376
253:0 Sync 0
253:0 Async 3279122432
253:0 Total 3279122432
Total 3279122432
--------------------CPUAC-----------------------
user 262
system 1502
 
Fri May 19 21:20:23 IST 2017
--------------------MEMCG-----------------------
MEM ONLY  : 1023 MB
MEM+SWAP  : 1023 MB
cache 980205568
rss 93392896
rss_huge 0
mapped_file 3387392
writeback 0
swap 0
pgpgin 2153830
pgpgout 1891721
pgfault 680482
pgmajfault 211
inactive_anon 46899200
active_anon 46567424
inactive_file 490307584
active_file 489824256
unevictable 0
hierarchical_memory_limit 1073741824
hierarchical_memsw_limit 5368709120
total_cache 980205568
total_rss 93392896
total_rss_huge 0
total_mapped_file 3387392
total_writeback 0
total_swap 0
total_pgpgin 2153830
total_pgpgout 1891721
total_pgfault 680482
total_pgmajfault 211
total_inactive_anon 46899200
total_active_anon 46567424
total_inactive_file 490307584
total_active_file 489824256
total_unevictable 0
--------------------BLKIO-----------------------
11:0 Read 0
11:0 Write 0
11:0 Sync 0
11:0 Async 0
11:0 Total 0
253:0 Read 3804196864
253:0 Write 229376
253:0 Sync 0
253:0 Async 3804426240
253:0 Total 3804426240
Total 3804426240
--------------------CPUAC-----------------------
user 299
system 1804
 
Fri May 19 21:20:53 IST 2017
--------------------MEMCG-----------------------
MEM ONLY  : 1023 MB
MEM+SWAP  : 1023 MB
cache 980336640
rss 93392896
rss_huge 0
mapped_file 3346432
writeback 0
swap 0
pgpgin 2546055
pgpgout 2283914
pgfault 764327
pgmajfault 211
inactive_anon 46899200
active_anon 46567424
inactive_file 489971712
active_file 490278912
unevictable 0
hierarchical_memory_limit 1073741824
hierarchical_memsw_limit 5368709120
total_cache 980336640
total_rss 93392896
total_rss_huge 0
total_mapped_file 3346432
total_writeback 0
total_swap 0
total_pgpgin 2546055
total_pgpgout 2283914
total_pgfault 764327
total_pgmajfault 211
total_inactive_anon 46899200
total_active_anon 46567424
total_inactive_file 489971712
total_active_file 490278912
total_unevictable 0
--------------------BLKIO-----------------------
11:0 Read 0
11:0 Write 0
11:0 Sync 0
11:0 Async 0
11:0 Total 0
253:0 Read 4324720640
253:0 Write 229376
253:0 Sync 0
253:0 Async 4324950016
253:0 Total 4324950016
Total 4324950016
--------------------CPUAC-----------------------
user 347
system 2093
 
Fri May 19 21:21:23 IST 2017
--------------------MEMCG-----------------------
MEM ONLY  : 1023 MB
MEM+SWAP  : 1023 MB
cache 980299776
rss 93392896
rss_huge 0
mapped_file 3387392
writeback 0
swap 0
pgpgin 2932523
pgpgout 2670391
pgfault 848784
pgmajfault 216
inactive_anon 46899200
active_anon 46567424
inactive_file 490233856
active_file 489959424
unevictable 0
hierarchical_memory_limit 1073741824
hierarchical_memsw_limit 5368709120
total_cache 980299776
total_rss 93392896
total_rss_huge 0
total_mapped_file 3387392
total_writeback 0
total_swap 0
total_pgpgin 2932523
total_pgpgout 2670391
total_pgfault 848784
total_pgmajfault 216
total_inactive_anon 46899200
total_active_anon 46567424
total_inactive_file 490233856
total_active_file 489959424
total_unevictable 0
--------------------BLKIO-----------------------
11:0 Read 0
11:0 Write 0
11:0 Sync 0
11:0 Async 0
11:0 Total 0
253:0 Read 4846714880
253:0 Write 229376
253:0 Sync 0
253:0 Async 4846944256
253:0 Total 4846944256
Total 4846944256
--------------------CPUAC-----------------------
user 395
system 2389
 
Fri May 19 21:21:53 IST 2017
--------------------MEMCG-----------------------
MEM ONLY  : 1023 MB
MEM+SWAP  : 1023 MB
cache 980144128
rss 93392896
rss_huge 0
mapped_file 3366912
writeback 0
swap 0
pgpgin 3322805
pgpgout 3060711
pgfault 932520
pgmajfault 216
inactive_anon 46899200
active_anon 46567424
inactive_file 489943040
active_file 490115072
unevictable 0
hierarchical_memory_limit 1073741824
hierarchical_memsw_limit 5368709120
total_cache 980144128
total_rss 93392896
total_rss_huge 0
total_mapped_file 3366912
total_writeback 0
total_swap 0
total_pgpgin 3322805
total_pgpgout 3060711
total_pgfault 932520
total_pgmajfault 216
total_inactive_anon 46899200
total_active_anon 46567424
total_inactive_file 489943040
total_active_file 490115072
total_unevictable 0
--------------------BLKIO-----------------------
11:0 Read 0
11:0 Write 0
11:0 Sync 0
11:0 Async 0
11:0 Total 0
253:0 Read 5367091200
253:0 Write 229376
253:0 Sync 0
253:0 Async 5367320576
253:0 Total 5367320576
Total 5367320576
--------------------CPUAC-----------------------
user 436
system 2692
 
Fri May 19 21:22:23 IST 2017
--------------------MEMCG-----------------------
MEM ONLY  : 1023 MB
MEM+SWAP  : 1023 MB
cache 980185088
rss 93392896
rss_huge 0
mapped_file 3387392
writeback 0
swap 0
pgpgin 3705280
pgpgout 3443176
pgfault 1014846
pgmajfault 217
inactive_anon 46899200
active_anon 46567424
inactive_file 490291200
active_file 489820160
unevictable 0
hierarchical_memory_limit 1073741824
hierarchical_memsw_limit 5368709120
total_cache 980185088
total_rss 93392896
total_rss_huge 0
total_mapped_file 3387392
total_writeback 0
total_swap 0
total_pgpgin 3705280
total_pgpgout 3443176
total_pgfault 1014846
total_pgmajfault 217
total_inactive_anon 46899200
total_active_anon 46567424
total_inactive_file 490291200
total_active_file 489820160
total_unevictable 0
--------------------BLKIO-----------------------
11:0 Read 0
11:0 Write 0
11:0 Sync 0
11:0 Async 0
11:0 Total 0
253:0 Read 5887909888
253:0 Write 229376
253:0 Sync 0
253:0 Async 5888139264
253:0 Total 5888139264
Total 5888139264
--------------------CPUAC-----------------------
user 472
system 3000
 
Fri May 19 21:22:53 IST 2017
--------------------MEMCG-----------------------
MEM ONLY  : 1023 MB
MEM+SWAP  : 1023 MB
cache 980078592
rss 93392896
rss_huge 0
mapped_file 3325952
writeback 0
swap 0
pgpgin 4093882
pgpgout 3831804
pgfault 1099190
pgmajfault 217
inactive_anon 46899200
active_anon 46567424
inactive_file 490151936
active_file 489852928
unevictable 0
hierarchical_memory_limit 1073741824
hierarchical_memsw_limit 5368709120
total_cache 980078592
total_rss 93392896
total_rss_huge 0
total_mapped_file 3325952
total_writeback 0
total_swap 0
total_pgpgin 4093882
total_pgpgout 3831804
total_pgfault 1099190
total_pgmajfault 217
total_inactive_anon 46899200
total_active_anon 46567424
total_inactive_file 490094592
total_active_file 489910272
total_unevictable 0
--------------------BLKIO-----------------------
11:0 Read 0
11:0 Write 0
11:0 Sync 0
11:0 Async 0
11:0 Total 0
253:0 Read 6407221248
253:0 Write 229376
253:0 Sync 0
253:0 Async 6407450624
253:0 Total 6407450624
Total 6407450624
--------------------CPUAC-----------------------
user 513
system 3310
 
Fri May 19 21:23:23 IST 2017
--------------------MEMCG-----------------------
MEM ONLY  : 1023 MB
MEM+SWAP  : 1023 MB
cache 980180992
rss 93392896
rss_huge 0
mapped_file 3387392
writeback 0
swap 0
pgpgin 4478484
pgpgout 4216381
pgfault 1182653
pgmajfault 223
inactive_anon 46899200
active_anon 46567424
inactive_file 490037248
active_file 490070016
unevictable 0
hierarchical_memory_limit 1073741824
hierarchical_memsw_limit 5368709120
total_cache 980180992
total_rss 93392896
total_rss_huge 0
total_mapped_file 3387392
total_writeback 0
total_swap 0
total_pgpgin 4478484
total_pgpgout 4216381
total_pgfault 1182653
total_pgmajfault 223
total_inactive_anon 46899200
total_active_anon 46567424
total_inactive_file 490037248
total_active_file 490070016
total_unevictable 0
--------------------BLKIO-----------------------
11:0 Read 0
11:0 Write 0
11:0 Sync 0
11:0 Async 0
11:0 Total 0
253:0 Read 6925885440
253:0 Write 229376
253:0 Sync 0
253:0 Async 6926114816
253:0 Total 6926114816
Total 6926114816
--------------------CPUAC-----------------------
user 563
system 3614
 
Fri May 19 21:23:53 IST 2017
--------------------MEMCG-----------------------
MEM ONLY  : 1023 MB
MEM+SWAP  : 1023 MB
cache 980295680
rss 93392896
rss_huge 0
mapped_file 3346432
writeback 0
swap 0
pgpgin 4862190
pgpgout 4600059
pgfault 1265624
pgmajfault 223
inactive_anon 46899200
active_anon 46567424
inactive_file 490037248
active_file 490176512
unevictable 0
hierarchical_memory_limit 1073741824
hierarchical_memsw_limit 5368709120
total_cache 980295680
total_rss 93392896
total_rss_huge 0
total_mapped_file 3346432
total_writeback 0
total_swap 0
total_pgpgin 4862190
total_pgpgout 4600059
total_pgfault 1265624
total_pgmajfault 223
total_inactive_anon 46899200
total_active_anon 46567424
total_inactive_file 490037248
total_active_file 490176512
total_unevictable 0
--------------------BLKIO-----------------------
11:0 Read 0
11:0 Write 0
11:0 Sync 0
11:0 Async 0
11:0 Total 0
253:0 Read 7433228288
253:0 Write 229376
253:0 Sync 0
253:0 Async 7433457664
253:0 Total 7433457664
Total 7433457664
--------------------CPUAC-----------------------
user 604
system 3912
 
Fri May 19 21:24:23 IST 2017
--------------------MEMCG-----------------------
MEM ONLY  : 1023 MB
MEM+SWAP  : 1023 MB
cache 980193280
rss 93392896
rss_huge 0
mapped_file 3387392
writeback 0
swap 0
pgpgin 5244189
pgpgout 4982083
pgfault 1348319
pgmajfault 228
inactive_anon 46899200
active_anon 46567424
inactive_file 490061824
active_file 490053632
unevictable 0
hierarchical_memory_limit 1073741824
hierarchical_memsw_limit 5368709120
total_cache 980193280
total_rss 93392896
total_rss_huge 0
total_mapped_file 3387392
total_writeback 0
total_swap 0
total_pgpgin 5244189
total_pgpgout 4982083
total_pgfault 1348319
total_pgmajfault 228
total_inactive_anon 46899200
total_active_anon 46567424
total_inactive_file 490061824
total_active_file 490053632
total_unevictable 0
--------------------BLKIO-----------------------
11:0 Read 0
11:0 Write 0
11:0 Sync 0
11:0 Async 0
11:0 Total 0
253:0 Read 7950098432
253:0 Write 229376
253:0 Sync 0
253:0 Async 7950327808
253:0 Total 7950327808
Total 7950327808
--------------------CPUAC-----------------------
user 647
system 4207
 
Fri May 19 21:24:53 IST 2017
--------------------MEMCG-----------------------
MEM ONLY  : 1023 MB
MEM+SWAP  : 1023 MB
cache 980201472
rss 93392896
rss_huge 0
mapped_file 3366912
writeback 0
swap 0
pgpgin 5616281
pgpgout 5354173
pgfault 1427507
pgmajfault 228
inactive_anon 46899200
active_anon 46567424
inactive_file 490364928
active_file 489762816
unevictable 0
hierarchical_memory_limit 1073741824
hierarchical_memsw_limit 5368709120
total_cache 980201472
total_rss 93392896
total_rss_huge 0
total_mapped_file 3366912
total_writeback 0
total_swap 0
total_pgpgin 5616281
total_pgpgout 5354173
total_pgfault 1427507
total_pgmajfault 228
total_inactive_anon 46899200
total_active_anon 46567424
total_inactive_file 490364928
total_active_file 489762816
total_unevictable 0
--------------------BLKIO-----------------------
11:0 Read 0
11:0 Write 0
11:0 Sync 0
11:0 Async 0
11:0 Total 0
253:0 Read 8460820480
253:0 Write 229376
253:0 Sync 0
253:0 Async 8461049856
253:0 Total 8461049856
Total 8461049856
--------------------CPUAC-----------------------
user 688
system 4497
 
Fri May 19 21:25:23 IST 2017
--------------------MEMCG-----------------------
MEM ONLY  : 1023 MB
MEM+SWAP  : 1023 MB
cache 980348928
rss 93392896
rss_huge 0
mapped_file 3436544
writeback 0
swap 0
pgpgin 6005604
pgpgout 5743460
pgfault 1512299
pgmajfault 230
inactive_anon 46899200
active_anon 46567424
inactive_file 489242624
active_file 490930176
unevictable 0
hierarchical_memory_limit 1073741824
hierarchical_memsw_limit 5368709120
total_cache 980348928
total_rss 93392896
total_rss_huge 0
total_mapped_file 3436544
total_writeback 0
total_swap 0
total_pgpgin 6005604
total_pgpgout 5743460
total_pgfault 1512299
total_pgmajfault 230
total_inactive_anon 46899200
total_active_anon 46567424
total_inactive_file 489242624
total_active_file 490930176
total_unevictable 0
--------------------BLKIO-----------------------
11:0 Read 0
11:0 Write 0
11:0 Sync 0
11:0 Async 0
11:0 Total 0
253:0 Read 8982962176
253:0 Write 229376
253:0 Sync 0
253:0 Async 8983191552
253:0 Total 8983191552
Total 8983191552
--------------------CPUAC-----------------------
user 727
system 4818
 
Fri May 19 21:25:53 IST 2017
--------------------MEMCG-----------------------
MEM ONLY  : 1023 MB
MEM+SWAP  : 1023 MB
cache 980238336
rss 93392896
rss_huge 0
mapped_file 3325952
writeback 0
swap 0
pgpgin 6399268
pgpgout 6137151
pgfault 1596875
pgmajfault 230
inactive_anon 46899200
active_anon 46567424
inactive_file 490262528
active_file 489869312
unevictable 0
hierarchical_memory_limit 1073741824
hierarchical_memsw_limit 5368709120
total_cache 980238336
total_rss 93392896
total_rss_huge 0
total_mapped_file 3325952
total_writeback 0
total_swap 0
total_pgpgin 6399268
total_pgpgout 6137151
total_pgfault 1596875
total_pgmajfault 230
total_inactive_anon 46899200
total_active_anon 46567424
total_inactive_file 490262528
total_active_file 489869312
total_unevictable 0
--------------------BLKIO-----------------------
11:0 Read 0
11:0 Write 0
11:0 Sync 0
11:0 Async 0
11:0 Total 0
253:0 Read 9502232576
253:0 Write 229376
253:0 Sync 0
253:0 Async 9502461952
253:0 Total 9502461952
Total 9502461952
--------------------CPUAC-----------------------
user 771
system 5112
 
Fri May 19 21:26:24 IST 2017
--------------------MEMCG-----------------------
MEM ONLY  : 1023 MB
MEM+SWAP  : 1023 MB
cache 980258816
rss 93392896
rss_huge 0
mapped_file 3387392
writeback 0
swap 0
pgpgin 6775834
pgpgout 6513712
pgfault 1678073
pgmajfault 236
inactive_anon 46899200
active_anon 46567424
inactive_file 490102784
active_file 490049536
unevictable 0
hierarchical_memory_limit 1073741824
hierarchical_memsw_limit 5368709120
total_cache 980258816
total_rss 93392896
total_rss_huge 0
total_mapped_file 3387392
total_writeback 0
total_swap 0
total_pgpgin 6775834
total_pgpgout 6513712
total_pgfault 1678073
total_pgmajfault 236
total_inactive_anon 46899200
total_active_anon 46567424
total_inactive_file 490102784
total_active_file 490049536
total_unevictable 0
--------------------BLKIO-----------------------
11:0 Read 0
11:0 Write 0
11:0 Sync 0
11:0 Async 0
11:0 Total 0
253:0 Read 10019115008
253:0 Write 229376
253:0 Sync 0
253:0 Async 10019344384
253:0 Total 10019344384
Total 10019344384
--------------------CPUAC-----------------------
user 813
system 5414
 
Fri May 19 21:26:54 IST 2017
--------------------MEMCG-----------------------
MEM ONLY  : 941 MB
MEM+SWAP  : 941 MB
cache 980250624
rss 6508544
rss_huge 0
mapped_file 2088960
writeback 0
swap 0
pgpgin 7088510
pgpgout 6847602
pgfault 1746369
pgmajfault 312
inactive_anon 6500352
active_anon 77824
inactive_file 489156608
active_file 491024384
unevictable 0
hierarchical_memory_limit 1073741824
hierarchical_memsw_limit 5368709120
total_cache 980250624
total_rss 6508544
total_rss_huge 0
total_mapped_file 2088960
total_writeback 0
total_swap 0
total_pgpgin 7088510
total_pgpgout 6847602
total_pgfault 1746369
total_pgmajfault 312
total_inactive_anon 6500352
total_active_anon 77824
total_inactive_file 489156608
total_active_file 491024384
total_unevictable 0
--------------------BLKIO-----------------------
11:0 Read 0
11:0 Write 0
11:0 Sync 0
11:0 Async 0
11:0 Total 0
253:0 Read 10447503360
253:0 Write 229376
253:0 Sync 0
253:0 Async 10447732736
253:0 Total 10447732736
Total 10447732736
--------------------CPUAC-----------------------
user 848
system 5666
 
Fri May 19 21:27:24 IST 2017
--------------------MEMCG-----------------------
MEM ONLY  : 941 MB
MEM+SWAP  : 941 MB
cache 980250624
rss 6508544
rss_huge 0
mapped_file 2088960
writeback 0
swap 0
pgpgin 7088510
pgpgout 6847602
pgfault 1746369
pgmajfault 312
inactive_anon 6500352
active_anon 77824
inactive_file 489156608
active_file 491024384
unevictable 0
hierarchical_memory_limit 1073741824
hierarchical_memsw_limit 5368709120
total_cache 980250624
total_rss 6508544
total_rss_huge 0
total_mapped_file 2088960
total_writeback 0
total_swap 0
total_pgpgin 7088510
total_pgpgout 6847602
total_pgfault 1746369
total_pgmajfault 312
total_inactive_anon 6500352
total_active_anon 77824
total_inactive_file 489156608
total_active_file 491024384
total_unevictable 0
--------------------BLKIO-----------------------
11:0 Read 0
11:0 Write 0
11:0 Sync 0
11:0 Async 0
11:0 Total 0
253:0 Read 10447503360
253:0 Write 229376
253:0 Sync 0
253:0 Async 10447732736
253:0 Total 10447732736
Total 10447732736
--------------------CPUAC-----------------------
user 848
system 5666
 
Fri May 19 21:27:54 IST 2017
--------------------MEMCG-----------------------
MEM ONLY  : 941 MB
MEM+SWAP  : 941 MB
cache 980250624
rss 6508544
rss_huge 0
mapped_file 2088960
writeback 0
swap 0
pgpgin 7088510
pgpgout 6847602
pgfault 1746369
pgmajfault 312
inactive_anon 6500352
active_anon 77824
inactive_file 489156608
active_file 491024384
unevictable 0
hierarchical_memory_limit 1073741824
hierarchical_memsw_limit 5368709120
total_cache 980250624
total_rss 6508544
total_rss_huge 0
total_mapped_file 2088960
total_writeback 0
total_swap 0
total_pgpgin 7088510
total_pgpgout 6847602
total_pgfault 1746369
total_pgmajfault 312
total_inactive_anon 6500352
total_active_anon 77824
total_inactive_file 489156608
total_active_file 491024384
total_unevictable 0
--------------------BLKIO-----------------------
11:0 Read 0
11:0 Write 0
11:0 Sync 0
11:0 Async 0
11:0 Total 0
253:0 Read 10447503360
253:0 Write 229376
253:0 Sync 0
253:0 Async 10447732736
253:0 Total 10447732736
Total 10447732736
--------------------CPUAC-----------------------
user 848
system 5666
 
Fri May 19 21:28:24 IST 2017
--------------------MEMCG-----------------------
MEM ONLY  : 941 MB
MEM+SWAP  : 941 MB
cache 980250624
rss 6508544
rss_huge 0
mapped_file 2088960
writeback 0
swap 0
pgpgin 7088510
pgpgout 6847602
pgfault 1746369
pgmajfault 312
inactive_anon 6500352
active_anon 77824
inactive_file 489156608
active_file 491024384
unevictable 0
hierarchical_memory_limit 1073741824
hierarchical_memsw_limit 5368709120
total_cache 980250624
total_rss 6508544
total_rss_huge 0
total_mapped_file 2088960
total_writeback 0
total_swap 0
total_pgpgin 7088510
total_pgpgout 6847602
total_pgfault 1746369
total_pgmajfault 312
total_inactive_anon 6500352
total_active_anon 77824
total_inactive_file 489156608
total_active_file 491024384
total_unevictable 0
--------------------BLKIO-----------------------
11:0 Read 0
11:0 Write 0
11:0 Sync 0
11:0 Async 0
11:0 Total 0
253:0 Read 10447503360
253:0 Write 229376
253:0 Sync 0
253:0 Async 10447732736
253:0 Total 10447732736
Total 10447732736
--------------------CPUAC-----------------------
user 848
system 5666
 
Fri May 19 21:28:54 IST 2017
--------------------MEMCG-----------------------
MEM ONLY  : 941 MB
MEM+SWAP  : 941 MB
cache 980250624
rss 6508544
rss_huge 0
mapped_file 2088960
writeback 0
swap 0
pgpgin 7088510
pgpgout 6847602
pgfault 1746369
pgmajfault 312
inactive_anon 6500352
active_anon 77824
inactive_file 489156608
active_file 491024384
unevictable 0
hierarchical_memory_limit 1073741824
hierarchical_memsw_limit 5368709120
total_cache 980250624
total_rss 6508544
total_rss_huge 0
total_mapped_file 2088960
total_writeback 0
total_swap 0
total_pgpgin 7088510
total_pgpgout 6847602
total_pgfault 1746369
total_pgmajfault 312
total_inactive_anon 6500352
total_active_anon 77824
total_inactive_file 489156608
total_active_file 491024384
total_unevictable 0
--------------------BLKIO-----------------------
11:0 Read 0
11:0 Write 0
11:0 Sync 0
11:0 Async 0
11:0 Total 0
253:0 Read 10447503360
253:0 Write 229376
253:0 Sync 0
253:0 Async 10447732736
253:0 Total 10447732736
Total 10447732736
--------------------CPUAC-----------------------
user 848
system 5666
 
Fri May 19 21:29:24 IST 2017
--------------------MEMCG-----------------------
MEM ONLY  : 941 MB
MEM+SWAP  : 941 MB
cache 980250624
rss 6508544
rss_huge 0
mapped_file 2088960
writeback 0
swap 0
pgpgin 7088510
pgpgout 6847602
pgfault 1746369
pgmajfault 312
inactive_anon 6500352
active_anon 77824
inactive_file 489156608
active_file 491024384
unevictable 0
hierarchical_memory_limit 1073741824
hierarchical_memsw_limit 5368709120
total_cache 980250624
total_rss 6508544
total_rss_huge 0
total_mapped_file 2088960
total_writeback 0
total_swap 0
total_pgpgin 7088510
total_pgpgout 6847602
total_pgfault 1746369
total_pgmajfault 312
total_inactive_anon 6500352
total_active_anon 77824
total_inactive_file 489156608
total_active_file 491024384
total_unevictable 0
--------------------BLKIO-----------------------
11:0 Read 0
11:0 Write 0
11:0 Sync 0
11:0 Async 0
11:0 Total 0
253:0 Read 10447503360
253:0 Write 229376
253:0 Sync 0
253:0 Async 10447732736
253:0 Total 10447732736
Total 10447732736
--------------------CPUAC-----------------------
user 848
system 5666
 
Fri May 19 21:29:54 IST 2017
--------------------MEMCG-----------------------
MEM ONLY  : 941 MB
MEM+SWAP  : 941 MB
cache 980250624
rss 6508544
rss_huge 0
mapped_file 2088960
writeback 0
swap 0
pgpgin 7088510
pgpgout 6847602
pgfault 1746369
pgmajfault 312
inactive_anon 6500352
active_anon 77824
inactive_file 489156608
active_file 491024384
unevictable 0
hierarchical_memory_limit 1073741824
hierarchical_memsw_limit 5368709120
total_cache 980250624
total_rss 6508544
total_rss_huge 0
total_mapped_file 2088960
total_writeback 0
total_swap 0
total_pgpgin 7088510
total_pgpgout 6847602
total_pgfault 1746369
total_pgmajfault 312
total_inactive_anon 6500352
total_active_anon 77824
total_inactive_file 489156608
total_active_file 491024384
total_unevictable 0
--------------------BLKIO-----------------------
11:0 Read 0
11:0 Write 0
11:0 Sync 0
11:0 Async 0
11:0 Total 0
253:0 Read 10447503360
253:0 Write 229376
253:0 Sync 0
253:0 Async 10447732736
253:0 Total 10447732736
Total 10447732736
--------------------CPUAC-----------------------
user 848
system 5666
 
Fri May 19 21:30:24 IST 2017
--------------------MEMCG-----------------------
MEM ONLY  : 941 MB
MEM+SWAP  : 941 MB
cache 980250624
rss 6508544
rss_huge 0
mapped_file 2088960
writeback 0
swap 0
pgpgin 7088510
pgpgout 6847602
pgfault 1746369
pgmajfault 312
inactive_anon 6500352
active_anon 77824
inactive_file 489156608
active_file 491024384
unevictable 0
hierarchical_memory_limit 1073741824
hierarchical_memsw_limit 5368709120
total_cache 980250624
total_rss 6508544
total_rss_huge 0
total_mapped_file 2088960
total_writeback 0
total_swap 0
total_pgpgin 7088510
total_pgpgout 6847602
total_pgfault 1746369
total_pgmajfault 312
total_inactive_anon 6500352
total_active_anon 77824
total_inactive_file 489156608
total_active_file 491024384
total_unevictable 0
--------------------BLKIO-----------------------
11:0 Read 0
11:0 Write 0
11:0 Sync 0
11:0 Async 0
11:0 Total 0
253:0 Read 10447503360
253:0 Write 229376
253:0 Sync 0
253:0 Async 10447732736
253:0 Total 10447732736
Total 10447732736
--------------------CPUAC-----------------------
user 848
system 5666
 
Fri May 19 21:30:54 IST 2017
--------------------MEMCG-----------------------
MEM ONLY  : 941 MB
MEM+SWAP  : 941 MB
cache 980250624
rss 6508544
rss_huge 0
mapped_file 2088960
writeback 0
swap 0
pgpgin 7088510
pgpgout 6847602
pgfault 1746369
pgmajfault 312
inactive_anon 6500352
active_anon 77824
inactive_file 489156608
active_file 491024384
unevictable 0
hierarchical_memory_limit 1073741824
hierarchical_memsw_limit 5368709120
total_cache 980250624
total_rss 6508544
total_rss_huge 0
total_mapped_file 2088960
total_writeback 0
total_swap 0
total_pgpgin 7088510
total_pgpgout 6847602
total_pgfault 1746369
total_pgmajfault 312
total_inactive_anon 6500352
total_active_anon 77824
total_inactive_file 489156608
total_active_file 491024384
total_unevictable 0
--------------------BLKIO-----------------------
11:0 Read 0
11:0 Write 0
11:0 Sync 0
11:0 Async 0
11:0 Total 0
253:0 Read 10447503360
253:0 Write 229376
253:0 Sync 0
253:0 Async 10447732736
253:0 Total 10447732736
Total 10447732736
--------------------CPUAC-----------------------
user 848
system 5666
 
Fri May 19 21:31:24 IST 2017
--------------------MEMCG-----------------------
MEM ONLY  : 941 MB
MEM+SWAP  : 941 MB
cache 980250624
rss 6508544
rss_huge 0
mapped_file 2088960
writeback 0
swap 0
pgpgin 7088510
pgpgout 6847602
pgfault 1746369
pgmajfault 312
inactive_anon 6500352
active_anon 77824
inactive_file 489156608
active_file 491024384
unevictable 0
hierarchical_memory_limit 1073741824
hierarchical_memsw_limit 5368709120
total_cache 980250624
total_rss 6508544
total_rss_huge 0
total_mapped_file 2088960
total_writeback 0
total_swap 0
total_pgpgin 7088510
total_pgpgout 6847602
total_pgfault 1746369
total_pgmajfault 312
total_inactive_anon 6500352
total_active_anon 77824
total_inactive_file 489156608
total_active_file 491024384
total_unevictable 0
--------------------BLKIO-----------------------
11:0 Read 0
11:0 Write 0
11:0 Sync 0
11:0 Async 0
11:0 Total 0
253:0 Read 10447503360
253:0 Write 229376
253:0 Sync 0
253:0 Async 10447732736
253:0 Total 10447732736
Total 10447732736
--------------------CPUAC-----------------------
user 848
system 5666
 
Fri May 19 21:31:54 IST 2017
--------------------MEMCG-----------------------
MEM ONLY  : 941 MB
MEM+SWAP  : 941 MB
cache 980250624
rss 6508544
rss_huge 0
mapped_file 2088960
writeback 0
swap 0
pgpgin 7088510
pgpgout 6847602
pgfault 1746369
pgmajfault 312
inactive_anon 6500352
active_anon 77824
inactive_file 489156608
active_file 491024384
unevictable 0
hierarchical_memory_limit 1073741824
hierarchical_memsw_limit 5368709120
total_cache 980250624
total_rss 6508544
total_rss_huge 0
total_mapped_file 2088960
total_writeback 0
total_swap 0
total_pgpgin 7088510
total_pgpgout 6847602
total_pgfault 1746369
total_pgmajfault 312
total_inactive_anon 6500352
total_active_anon 77824
total_inactive_file 489156608
total_active_file 491024384
total_unevictable 0
--------------------BLKIO-----------------------
11:0 Read 0
11:0 Write 0
11:0 Sync 0
11:0 Async 0
11:0 Total 0
253:0 Read 10447503360
253:0 Write 229376
253:0 Sync 0
253:0 Async 10447732736
253:0 Total 10447732736
Total 10447732736
--------------------CPUAC-----------------------
user 848
system 5666
 
Fri May 19 21:32:24 IST 2017
--------------------MEMCG-----------------------
MEM ONLY  : 941 MB
MEM+SWAP  : 941 MB
cache 980250624
rss 6508544
rss_huge 0
mapped_file 2088960
writeback 0
swap 0
pgpgin 7088510
pgpgout 6847602
pgfault 1746369
pgmajfault 312
inactive_anon 6500352
active_anon 77824
inactive_file 489156608
active_file 491024384
unevictable 0
hierarchical_memory_limit 1073741824
hierarchical_memsw_limit 5368709120
total_cache 980250624
total_rss 6508544
total_rss_huge 0
total_mapped_file 2088960
total_writeback 0
total_swap 0
total_pgpgin 7088510
total_pgpgout 6847602
total_pgfault 1746369
total_pgmajfault 312
total_inactive_anon 6500352
total_active_anon 77824
total_inactive_file 489156608
total_active_file 491024384
total_unevictable 0
--------------------BLKIO-----------------------
11:0 Read 0
11:0 Write 0
11:0 Sync 0
11:0 Async 0
11:0 Total 0
253:0 Read 10447503360
253:0 Write 229376
253:0 Sync 0
253:0 Async 10447732736
253:0 Total 10447732736
Total 10447732736
--------------------CPUAC-----------------------
user 848
system 5666
 
Fri May 19 21:32:54 IST 2017
--------------------MEMCG-----------------------
MEM ONLY  : 941 MB
MEM+SWAP  : 941 MB
cache 980250624
rss 6508544
rss_huge 0
mapped_file 2088960
writeback 0
swap 0
pgpgin 7088510
pgpgout 6847602
pgfault 1746369
pgmajfault 312
inactive_anon 6500352
active_anon 77824
inactive_file 489156608
active_file 491024384
unevictable 0
hierarchical_memory_limit 1073741824
hierarchical_memsw_limit 5368709120
total_cache 980250624
total_rss 6508544
total_rss_huge 0
total_mapped_file 2088960
total_writeback 0
total_swap 0
total_pgpgin 7088510
total_pgpgout 6847602
total_pgfault 1746369
total_pgmajfault 312
total_inactive_anon 6500352
total_active_anon 77824
total_inactive_file 489156608
total_active_file 491024384
total_unevictable 0
--------------------BLKIO-----------------------
11:0 Read 0
11:0 Write 0
11:0 Sync 0
11:0 Async 0
11:0 Total 0
253:0 Read 10447503360
253:0 Write 229376
253:0 Sync 0
253:0 Async 10447732736
253:0 Total 10447732736
Total 10447732736
--------------------CPUAC-----------------------
user 848
system 5666
 
Fri May 19 21:33:24 IST 2017
--------------------MEMCG-----------------------
MEM ONLY  : 941 MB
MEM+SWAP  : 941 MB
cache 980250624
rss 6508544
rss_huge 0
mapped_file 2088960
writeback 0
swap 0
pgpgin 7088510
pgpgout 6847602
pgfault 1746369
pgmajfault 312
inactive_anon 6500352
active_anon 77824
inactive_file 489156608
active_file 491024384
unevictable 0
hierarchical_memory_limit 1073741824
hierarchical_memsw_limit 5368709120
total_cache 980250624
total_rss 6508544
total_rss_huge 0
total_mapped_file 2088960
total_writeback 0
total_swap 0
total_pgpgin 7088510
total_pgpgout 6847602
total_pgfault 1746369
total_pgmajfault 312
total_inactive_anon 6500352
total_active_anon 77824
total_inactive_file 489156608
total_active_file 491024384
total_unevictable 0
--------------------BLKIO-----------------------
11:0 Read 0
11:0 Write 0
11:0 Sync 0
11:0 Async 0
11:0 Total 0
253:0 Read 10447503360
253:0 Write 229376
253:0 Sync 0
253:0 Async 10447732736
253:0 Total 10447732736
Total 10447732736
--------------------CPUAC-----------------------
user 848
system 5666
 
Fri May 19 21:33:54 IST 2017
--------------------MEMCG-----------------------
MEM ONLY  : 941 MB
MEM+SWAP  : 941 MB
cache 980250624
rss 6508544
rss_huge 0
mapped_file 2088960
writeback 0
swap 0
pgpgin 7088510
pgpgout 6847602
pgfault 1746369
pgmajfault 312
inactive_anon 6500352
active_anon 77824
inactive_file 489156608
active_file 491024384
unevictable 0
hierarchical_memory_limit 1073741824
hierarchical_memsw_limit 5368709120
total_cache 980250624
total_rss 6508544
total_rss_huge 0
total_mapped_file 2088960
total_writeback 0
total_swap 0
total_pgpgin 7088510
total_pgpgout 6847602
total_pgfault 1746369
total_pgmajfault 312
total_inactive_anon 6500352
total_active_anon 77824
total_inactive_file 489156608
total_active_file 491024384
total_unevictable 0
--------------------BLKIO-----------------------
11:0 Read 0
11:0 Write 0
11:0 Sync 0
11:0 Async 0
11:0 Total 0
253:0 Read 10447503360
253:0 Write 229376
253:0 Sync 0
253:0 Async 10447732736
253:0 Total 10447732736
Total 10447732736
--------------------CPUAC-----------------------
user 848
system 5666
 
Fri May 19 21:34:24 IST 2017
--------------------MEMCG-----------------------
MEM ONLY  : 941 MB
MEM+SWAP  : 941 MB
cache 980250624
rss 6508544
rss_huge 0
mapped_file 2088960
writeback 0
swap 0
pgpgin 7088510
pgpgout 6847602
pgfault 1746369
pgmajfault 312
inactive_anon 6500352
active_anon 77824
inactive_file 489156608
active_file 491024384
unevictable 0
hierarchical_memory_limit 1073741824
hierarchical_memsw_limit 5368709120
total_cache 980250624
total_rss 6508544
total_rss_huge 0
total_mapped_file 2088960
total_writeback 0
total_swap 0
total_pgpgin 7088510
total_pgpgout 6847602
total_pgfault 1746369
total_pgmajfault 312
total_inactive_anon 6500352
total_active_anon 77824
total_inactive_file 489156608
total_active_file 491024384
total_unevictable 0
--------------------BLKIO-----------------------
11:0 Read 0
11:0 Write 0
11:0 Sync 0
11:0 Async 0
11:0 Total 0
253:0 Read 10447503360
253:0 Write 229376
253:0 Sync 0
253:0 Async 10447732736
253:0 Total 10447732736
Total 10447732736
--------------------CPUAC-----------------------
user 848
system 5666
 
Fri May 19 21:34:54 IST 2017
--------------------MEMCG-----------------------
MEM ONLY  : 941 MB
MEM+SWAP  : 941 MB
cache 980250624
rss 6508544
rss_huge 0
mapped_file 2088960
writeback 0
swap 0
pgpgin 7088510
pgpgout 6847602
pgfault 1746369
pgmajfault 312
inactive_anon 6500352
active_anon 77824
inactive_file 489156608
active_file 491024384
unevictable 0
hierarchical_memory_limit 1073741824
hierarchical_memsw_limit 5368709120
total_cache 980250624
total_rss 6508544
total_rss_huge 0
total_mapped_file 2088960
total_writeback 0
total_swap 0
total_pgpgin 7088510
total_pgpgout 6847602
total_pgfault 1746369
total_pgmajfault 312
total_inactive_anon 6500352
total_active_anon 77824
total_inactive_file 489156608
total_active_file 491024384
total_unevictable 0
--------------------BLKIO-----------------------
11:0 Read 0
11:0 Write 0
11:0 Sync 0
11:0 Async 0
11:0 Total 0
253:0 Read 10447503360
253:0 Write 229376
253:0 Sync 0
253:0 Async 10447732736
253:0 Total 10447732736
Total 10447732736
--------------------CPUAC-----------------------
user 848
system 5666
 
Fri May 19 21:35:24 IST 2017
--------------------MEMCG-----------------------
MEM ONLY  : 943 MB
MEM+SWAP  : 943 MB
cache 983228416
rss 6508544
rss_huge 0
mapped_file 3088384
writeback 0
swap 0
pgpgin 7089850
pgpgout 6848215
pgfault 1747992
pgmajfault 341
inactive_anon 6479872
active_anon 98304
inactive_file 489996288
active_file 493158400
unevictable 0
hierarchical_memory_limit 1073741824
hierarchical_memsw_limit 5368709120
total_cache 983228416
total_rss 6508544
total_rss_huge 0
total_mapped_file 3088384
total_writeback 0
total_swap 0
total_pgpgin 7089850
total_pgpgout 6848215
total_pgfault 1747992
total_pgmajfault 341
total_inactive_anon 6479872
total_active_anon 98304
total_inactive_file 489996288
total_active_file 493158400
total_unevictable 0
--------------------BLKIO-----------------------
11:0 Read 0
11:0 Write 0
11:0 Sync 0
11:0 Async 0
11:0 Total 0
253:0 Read 10450399232
253:0 Write 229376
253:0 Sync 0
253:0 Async 10450628608
253:0 Total 10450628608
Total 10450628608
--------------------CPUAC-----------------------
user 848
system 5668
 
