Fri May 19 21:06:52 IST 2017
--------------------MEMCG-----------------------
MEM ONLY  : 265 MB
MEM+SWAP  : 265 MB
cache 40390656
rss 238399488
rss_huge 0
mapped_file 17154048
writeback 0
swap 0
pgpgin 155167
pgpgout 87103
pgfault 257818
pgmajfault 304
inactive_anon 49152
active_anon 238432256
inactive_file 25489408
active_file 14819328
unevictable 0
hierarchical_memory_limit 2147483648
hierarchical_memsw_limit 5368709120
total_cache 40390656
total_rss 238399488
total_rss_huge 0
total_mapped_file 17154048
total_writeback 0
total_swap 0
total_pgpgin 155167
total_pgpgout 87103
total_pgfault 257818
total_pgmajfault 304
total_inactive_anon 49152
total_active_anon 238432256
total_inactive_file 25489408
total_active_file 14819328
total_unevictable 0
--------------------BLKIO-----------------------
11:0 Read 0
11:0 Write 0
11:0 Sync 0
11:0 Async 0
11:0 Total 0
253:0 Read 59695104
253:0 Write 241664
253:0 Sync 12288
253:0 Async 59924480
253:0 Total 59936768
Total 59936768
--------------------CPUAC-----------------------
user 62
system 94
 
Fri May 19 21:07:22 IST 2017
--------------------MEMCG-----------------------
MEM ONLY  : 265 MB
MEM+SWAP  : 265 MB
cache 40390656
rss 238133248
rss_huge 0
mapped_file 17014784
writeback 0
swap 0
pgpgin 155167
pgpgout 87168
pgfault 257827
pgmajfault 304
inactive_anon 49152
active_anon 238166016
inactive_file 25489408
active_file 14819328
unevictable 0
hierarchical_memory_limit 2147483648
hierarchical_memsw_limit 5368709120
total_cache 40390656
total_rss 238133248
total_rss_huge 0
total_mapped_file 17014784
total_writeback 0
total_swap 0
total_pgpgin 155167
total_pgpgout 87168
total_pgfault 257827
total_pgmajfault 304
total_inactive_anon 49152
total_active_anon 238166016
total_inactive_file 25489408
total_active_file 14819328
total_unevictable 0
--------------------BLKIO-----------------------
11:0 Read 0
11:0 Write 0
11:0 Sync 0
11:0 Async 0
11:0 Total 0
253:0 Read 59695104
253:0 Write 241664
253:0 Sync 12288
253:0 Async 59924480
253:0 Total 59936768
Total 59936768
--------------------CPUAC-----------------------
user 64
system 94
 
Fri May 19 21:07:52 IST 2017
--------------------MEMCG-----------------------
MEM ONLY  : 265 MB
MEM+SWAP  : 265 MB
cache 40390656
rss 238133248
rss_huge 0
mapped_file 17014784
writeback 0
swap 0
pgpgin 155167
pgpgout 87168
pgfault 257827
pgmajfault 304
inactive_anon 49152
active_anon 238166016
inactive_file 25489408
active_file 14819328
unevictable 0
hierarchical_memory_limit 2147483648
hierarchical_memsw_limit 5368709120
total_cache 40390656
total_rss 238133248
total_rss_huge 0
total_mapped_file 17014784
total_writeback 0
total_swap 0
total_pgpgin 155167
total_pgpgout 87168
total_pgfault 257827
total_pgmajfault 304
total_inactive_anon 49152
total_active_anon 238166016
total_inactive_file 25489408
total_active_file 14819328
total_unevictable 0
--------------------BLKIO-----------------------
11:0 Read 0
11:0 Write 0
11:0 Sync 0
11:0 Async 0
11:0 Total 0
253:0 Read 59695104
253:0 Write 241664
253:0 Sync 12288
253:0 Async 59924480
253:0 Total 59936768
Total 59936768
--------------------CPUAC-----------------------
user 66
system 94
 
Fri May 19 21:08:22 IST 2017
--------------------MEMCG-----------------------
MEM ONLY  : 265 MB
MEM+SWAP  : 265 MB
cache 40390656
rss 238133248
rss_huge 0
mapped_file 17014784
writeback 0
swap 0
pgpgin 155167
pgpgout 87168
pgfault 257827
pgmajfault 304
inactive_anon 49152
active_anon 238166016
inactive_file 25489408
active_file 14819328
unevictable 0
hierarchical_memory_limit 2147483648
hierarchical_memsw_limit 5368709120
total_cache 40390656
total_rss 238133248
total_rss_huge 0
total_mapped_file 17014784
total_writeback 0
total_swap 0
total_pgpgin 155167
total_pgpgout 87168
total_pgfault 257827
total_pgmajfault 304
total_inactive_anon 49152
total_active_anon 238166016
total_inactive_file 25489408
total_active_file 14819328
total_unevictable 0
--------------------BLKIO-----------------------
11:0 Read 0
11:0 Write 0
11:0 Sync 0
11:0 Async 0
11:0 Total 0
253:0 Read 59695104
253:0 Write 241664
253:0 Sync 12288
253:0 Async 59924480
253:0 Total 59936768
Total 59936768
--------------------CPUAC-----------------------
user 67
system 94
 
Fri May 19 21:08:52 IST 2017
--------------------MEMCG-----------------------
MEM ONLY  : 265 MB
MEM+SWAP  : 265 MB
cache 40390656
rss 238133248
rss_huge 0
mapped_file 17014784
writeback 0
swap 0
pgpgin 155167
pgpgout 87168
pgfault 257827
pgmajfault 304
inactive_anon 49152
active_anon 238166016
inactive_file 25489408
active_file 14819328
unevictable 0
hierarchical_memory_limit 2147483648
hierarchical_memsw_limit 5368709120
total_cache 40390656
total_rss 238133248
total_rss_huge 0
total_mapped_file 17014784
total_writeback 0
total_swap 0
total_pgpgin 155167
total_pgpgout 87168
total_pgfault 257827
total_pgmajfault 304
total_inactive_anon 49152
total_active_anon 238166016
total_inactive_file 25489408
total_active_file 14819328
total_unevictable 0
--------------------BLKIO-----------------------
11:0 Read 0
11:0 Write 0
11:0 Sync 0
11:0 Async 0
11:0 Total 0
253:0 Read 59695104
253:0 Write 241664
253:0 Sync 12288
253:0 Async 59924480
253:0 Total 59936768
Total 59936768
--------------------CPUAC-----------------------
user 68
system 94
 
Fri May 19 21:09:23 IST 2017
--------------------MEMCG-----------------------
MEM ONLY  : 265 MB
MEM+SWAP  : 265 MB
cache 40390656
rss 238133248
rss_huge 0
mapped_file 17014784
writeback 0
swap 0
pgpgin 155167
pgpgout 87168
pgfault 257827
pgmajfault 304
inactive_anon 49152
active_anon 238166016
inactive_file 25489408
active_file 14819328
unevictable 0
hierarchical_memory_limit 2147483648
hierarchical_memsw_limit 5368709120
total_cache 40390656
total_rss 238133248
total_rss_huge 0
total_mapped_file 17014784
total_writeback 0
total_swap 0
total_pgpgin 155167
total_pgpgout 87168
total_pgfault 257827
total_pgmajfault 304
total_inactive_anon 49152
total_active_anon 238166016
total_inactive_file 25489408
total_active_file 14819328
total_unevictable 0
--------------------BLKIO-----------------------
11:0 Read 0
11:0 Write 0
11:0 Sync 0
11:0 Async 0
11:0 Total 0
253:0 Read 59695104
253:0 Write 241664
253:0 Sync 12288
253:0 Async 59924480
253:0 Total 59936768
Total 59936768
--------------------CPUAC-----------------------
user 70
system 94
 
Fri May 19 21:09:53 IST 2017
--------------------MEMCG-----------------------
MEM ONLY  : 265 MB
MEM+SWAP  : 265 MB
cache 40390656
rss 238133248
rss_huge 0
mapped_file 17014784
writeback 0
swap 0
pgpgin 155167
pgpgout 87168
pgfault 257827
pgmajfault 304
inactive_anon 49152
active_anon 238166016
inactive_file 25489408
active_file 14819328
unevictable 0
hierarchical_memory_limit 2147483648
hierarchical_memsw_limit 5368709120
total_cache 40390656
total_rss 238133248
total_rss_huge 0
total_mapped_file 17014784
total_writeback 0
total_swap 0
total_pgpgin 155167
total_pgpgout 87168
total_pgfault 257827
total_pgmajfault 304
total_inactive_anon 49152
total_active_anon 238166016
total_inactive_file 25489408
total_active_file 14819328
total_unevictable 0
--------------------BLKIO-----------------------
11:0 Read 0
11:0 Write 0
11:0 Sync 0
11:0 Async 0
11:0 Total 0
253:0 Read 59695104
253:0 Write 241664
253:0 Sync 12288
253:0 Async 59924480
253:0 Total 59936768
Total 59936768
--------------------CPUAC-----------------------
user 71
system 94
 
Fri May 19 21:10:23 IST 2017
--------------------MEMCG-----------------------
MEM ONLY  : 265 MB
MEM+SWAP  : 265 MB
cache 40390656
rss 238133248
rss_huge 0
mapped_file 17014784
writeback 0
swap 0
pgpgin 155167
pgpgout 87168
pgfault 257827
pgmajfault 304
inactive_anon 49152
active_anon 238166016
inactive_file 25489408
active_file 14819328
unevictable 0
hierarchical_memory_limit 2147483648
hierarchical_memsw_limit 5368709120
total_cache 40390656
total_rss 238133248
total_rss_huge 0
total_mapped_file 17014784
total_writeback 0
total_swap 0
total_pgpgin 155167
total_pgpgout 87168
total_pgfault 257827
total_pgmajfault 304
total_inactive_anon 49152
total_active_anon 238166016
total_inactive_file 25489408
total_active_file 14819328
total_unevictable 0
--------------------BLKIO-----------------------
11:0 Read 0
11:0 Write 0
11:0 Sync 0
11:0 Async 0
11:0 Total 0
253:0 Read 59695104
253:0 Write 241664
253:0 Sync 12288
253:0 Async 59924480
253:0 Total 59936768
Total 59936768
--------------------CPUAC-----------------------
user 72
system 95
 
Fri May 19 21:10:53 IST 2017
--------------------MEMCG-----------------------
MEM ONLY  : 265 MB
MEM+SWAP  : 265 MB
cache 40390656
rss 238133248
rss_huge 0
mapped_file 17014784
writeback 0
swap 0
pgpgin 155167
pgpgout 87168
pgfault 257827
pgmajfault 304
inactive_anon 49152
active_anon 238166016
inactive_file 25489408
active_file 14819328
unevictable 0
hierarchical_memory_limit 2147483648
hierarchical_memsw_limit 5368709120
total_cache 40390656
total_rss 238133248
total_rss_huge 0
total_mapped_file 17014784
total_writeback 0
total_swap 0
total_pgpgin 155167
total_pgpgout 87168
total_pgfault 257827
total_pgmajfault 304
total_inactive_anon 49152
total_active_anon 238166016
total_inactive_file 25489408
total_active_file 14819328
total_unevictable 0
--------------------BLKIO-----------------------
11:0 Read 0
11:0 Write 0
11:0 Sync 0
11:0 Async 0
11:0 Total 0
253:0 Read 59695104
253:0 Write 241664
253:0 Sync 12288
253:0 Async 59924480
253:0 Total 59936768
Total 59936768
--------------------CPUAC-----------------------
user 74
system 95
 
Fri May 19 21:11:23 IST 2017
--------------------MEMCG-----------------------
MEM ONLY  : 265 MB
MEM+SWAP  : 265 MB
cache 40390656
rss 238133248
rss_huge 0
mapped_file 17014784
writeback 0
swap 0
pgpgin 155167
pgpgout 87168
pgfault 257827
pgmajfault 304
inactive_anon 49152
active_anon 238166016
inactive_file 25489408
active_file 14819328
unevictable 0
hierarchical_memory_limit 2147483648
hierarchical_memsw_limit 5368709120
total_cache 40390656
total_rss 238133248
total_rss_huge 0
total_mapped_file 17014784
total_writeback 0
total_swap 0
total_pgpgin 155167
total_pgpgout 87168
total_pgfault 257827
total_pgmajfault 304
total_inactive_anon 49152
total_active_anon 238166016
total_inactive_file 25489408
total_active_file 14819328
total_unevictable 0
--------------------BLKIO-----------------------
11:0 Read 0
11:0 Write 0
11:0 Sync 0
11:0 Async 0
11:0 Total 0
253:0 Read 59695104
253:0 Write 241664
253:0 Sync 12288
253:0 Async 59924480
253:0 Total 59936768
Total 59936768
--------------------CPUAC-----------------------
user 75
system 95
 
Fri May 19 21:11:53 IST 2017
--------------------MEMCG-----------------------
MEM ONLY  : 265 MB
MEM+SWAP  : 265 MB
cache 40390656
rss 238133248
rss_huge 0
mapped_file 17014784
writeback 0
swap 0
pgpgin 155167
pgpgout 87168
pgfault 257827
pgmajfault 304
inactive_anon 49152
active_anon 238166016
inactive_file 25489408
active_file 14819328
unevictable 0
hierarchical_memory_limit 2147483648
hierarchical_memsw_limit 5368709120
total_cache 40390656
total_rss 238133248
total_rss_huge 0
total_mapped_file 17014784
total_writeback 0
total_swap 0
total_pgpgin 155167
total_pgpgout 87168
total_pgfault 257827
total_pgmajfault 304
total_inactive_anon 49152
total_active_anon 238166016
total_inactive_file 25489408
total_active_file 14819328
total_unevictable 0
--------------------BLKIO-----------------------
11:0 Read 0
11:0 Write 0
11:0 Sync 0
11:0 Async 0
11:0 Total 0
253:0 Read 59695104
253:0 Write 241664
253:0 Sync 12288
253:0 Async 59924480
253:0 Total 59936768
Total 59936768
--------------------CPUAC-----------------------
user 77
system 95
 
Fri May 19 21:12:23 IST 2017
--------------------MEMCG-----------------------
MEM ONLY  : 265 MB
MEM+SWAP  : 265 MB
cache 40390656
rss 238133248
rss_huge 0
mapped_file 17014784
writeback 0
swap 0
pgpgin 155167
pgpgout 87168
pgfault 257827
pgmajfault 304
inactive_anon 49152
active_anon 238166016
inactive_file 25489408
active_file 14819328
unevictable 0
hierarchical_memory_limit 2147483648
hierarchical_memsw_limit 5368709120
total_cache 40390656
total_rss 238133248
total_rss_huge 0
total_mapped_file 17014784
total_writeback 0
total_swap 0
total_pgpgin 155167
total_pgpgout 87168
total_pgfault 257827
total_pgmajfault 304
total_inactive_anon 49152
total_active_anon 238166016
total_inactive_file 25489408
total_active_file 14819328
total_unevictable 0
--------------------BLKIO-----------------------
11:0 Read 0
11:0 Write 0
11:0 Sync 0
11:0 Async 0
11:0 Total 0
253:0 Read 59695104
253:0 Write 241664
253:0 Sync 12288
253:0 Async 59924480
253:0 Total 59936768
Total 59936768
--------------------CPUAC-----------------------
user 79
system 95
 
Fri May 19 21:12:53 IST 2017
--------------------MEMCG-----------------------
MEM ONLY  : 265 MB
MEM+SWAP  : 265 MB
cache 40390656
rss 238133248
rss_huge 0
mapped_file 17014784
writeback 0
swap 0
pgpgin 155167
pgpgout 87168
pgfault 257827
pgmajfault 304
inactive_anon 49152
active_anon 238166016
inactive_file 25489408
active_file 14819328
unevictable 0
hierarchical_memory_limit 2147483648
hierarchical_memsw_limit 5368709120
total_cache 40390656
total_rss 238133248
total_rss_huge 0
total_mapped_file 17014784
total_writeback 0
total_swap 0
total_pgpgin 155167
total_pgpgout 87168
total_pgfault 257827
total_pgmajfault 304
total_inactive_anon 49152
total_active_anon 238166016
total_inactive_file 25489408
total_active_file 14819328
total_unevictable 0
--------------------BLKIO-----------------------
11:0 Read 0
11:0 Write 0
11:0 Sync 0
11:0 Async 0
11:0 Total 0
253:0 Read 59695104
253:0 Write 241664
253:0 Sync 12288
253:0 Async 59924480
253:0 Total 59936768
Total 59936768
--------------------CPUAC-----------------------
user 80
system 95
 
Fri May 19 21:13:23 IST 2017
--------------------MEMCG-----------------------
MEM ONLY  : 265 MB
MEM+SWAP  : 265 MB
cache 40390656
rss 238133248
rss_huge 0
mapped_file 17014784
writeback 0
swap 0
pgpgin 155167
pgpgout 87168
pgfault 257827
pgmajfault 304
inactive_anon 49152
active_anon 238166016
inactive_file 25489408
active_file 14819328
unevictable 0
hierarchical_memory_limit 2147483648
hierarchical_memsw_limit 5368709120
total_cache 40390656
total_rss 238133248
total_rss_huge 0
total_mapped_file 17014784
total_writeback 0
total_swap 0
total_pgpgin 155167
total_pgpgout 87168
total_pgfault 257827
total_pgmajfault 304
total_inactive_anon 49152
total_active_anon 238166016
total_inactive_file 25489408
total_active_file 14819328
total_unevictable 0
--------------------BLKIO-----------------------
11:0 Read 0
11:0 Write 0
11:0 Sync 0
11:0 Async 0
11:0 Total 0
253:0 Read 59695104
253:0 Write 241664
253:0 Sync 12288
253:0 Async 59924480
253:0 Total 59936768
Total 59936768
--------------------CPUAC-----------------------
user 82
system 96
 
Fri May 19 21:13:53 IST 2017
--------------------MEMCG-----------------------
MEM ONLY  : 265 MB
MEM+SWAP  : 265 MB
cache 40390656
rss 238133248
rss_huge 0
mapped_file 17014784
writeback 0
swap 0
pgpgin 155167
pgpgout 87168
pgfault 257827
pgmajfault 304
inactive_anon 49152
active_anon 238166016
inactive_file 25489408
active_file 14819328
unevictable 0
hierarchical_memory_limit 2147483648
hierarchical_memsw_limit 5368709120
total_cache 40390656
total_rss 238133248
total_rss_huge 0
total_mapped_file 17014784
total_writeback 0
total_swap 0
total_pgpgin 155167
total_pgpgout 87168
total_pgfault 257827
total_pgmajfault 304
total_inactive_anon 49152
total_active_anon 238166016
total_inactive_file 25489408
total_active_file 14819328
total_unevictable 0
--------------------BLKIO-----------------------
11:0 Read 0
11:0 Write 0
11:0 Sync 0
11:0 Async 0
11:0 Total 0
253:0 Read 59695104
253:0 Write 241664
253:0 Sync 12288
253:0 Async 59924480
253:0 Total 59936768
Total 59936768
--------------------CPUAC-----------------------
user 84
system 96
 
Fri May 19 21:14:23 IST 2017
--------------------MEMCG-----------------------
MEM ONLY  : 265 MB
MEM+SWAP  : 265 MB
cache 40390656
rss 238133248
rss_huge 0
mapped_file 17014784
writeback 0
swap 0
pgpgin 155167
pgpgout 87168
pgfault 257827
pgmajfault 304
inactive_anon 49152
active_anon 238166016
inactive_file 25489408
active_file 14819328
unevictable 0
hierarchical_memory_limit 2147483648
hierarchical_memsw_limit 5368709120
total_cache 40390656
total_rss 238133248
total_rss_huge 0
total_mapped_file 17014784
total_writeback 0
total_swap 0
total_pgpgin 155167
total_pgpgout 87168
total_pgfault 257827
total_pgmajfault 304
total_inactive_anon 49152
total_active_anon 238166016
total_inactive_file 25489408
total_active_file 14819328
total_unevictable 0
--------------------BLKIO-----------------------
11:0 Read 0
11:0 Write 0
11:0 Sync 0
11:0 Async 0
11:0 Total 0
253:0 Read 59695104
253:0 Write 241664
253:0 Sync 12288
253:0 Async 59924480
253:0 Total 59936768
Total 59936768
--------------------CPUAC-----------------------
user 86
system 96
 
Fri May 19 21:14:53 IST 2017
--------------------MEMCG-----------------------
MEM ONLY  : 265 MB
MEM+SWAP  : 265 MB
cache 40390656
rss 238133248
rss_huge 0
mapped_file 17014784
writeback 0
swap 0
pgpgin 155167
pgpgout 87168
pgfault 257827
pgmajfault 304
inactive_anon 49152
active_anon 238166016
inactive_file 25489408
active_file 14819328
unevictable 0
hierarchical_memory_limit 2147483648
hierarchical_memsw_limit 5368709120
total_cache 40390656
total_rss 238133248
total_rss_huge 0
total_mapped_file 17014784
total_writeback 0
total_swap 0
total_pgpgin 155167
total_pgpgout 87168
total_pgfault 257827
total_pgmajfault 304
total_inactive_anon 49152
total_active_anon 238166016
total_inactive_file 25489408
total_active_file 14819328
total_unevictable 0
--------------------BLKIO-----------------------
11:0 Read 0
11:0 Write 0
11:0 Sync 0
11:0 Async 0
11:0 Total 0
253:0 Read 59695104
253:0 Write 241664
253:0 Sync 12288
253:0 Async 59924480
253:0 Total 59936768
Total 59936768
--------------------CPUAC-----------------------
user 89
system 96
 
Fri May 19 21:15:23 IST 2017
--------------------MEMCG-----------------------
MEM ONLY  : 265 MB
MEM+SWAP  : 265 MB
cache 40390656
rss 238133248
rss_huge 0
mapped_file 17014784
writeback 0
swap 0
pgpgin 155167
pgpgout 87168
pgfault 257827
pgmajfault 304
inactive_anon 49152
active_anon 238166016
inactive_file 25489408
active_file 14819328
unevictable 0
hierarchical_memory_limit 2147483648
hierarchical_memsw_limit 5368709120
total_cache 40390656
total_rss 238133248
total_rss_huge 0
total_mapped_file 17014784
total_writeback 0
total_swap 0
total_pgpgin 155167
total_pgpgout 87168
total_pgfault 257827
total_pgmajfault 304
total_inactive_anon 49152
total_active_anon 238166016
total_inactive_file 25489408
total_active_file 14819328
total_unevictable 0
--------------------BLKIO-----------------------
11:0 Read 0
11:0 Write 0
11:0 Sync 0
11:0 Async 0
11:0 Total 0
253:0 Read 59695104
253:0 Write 241664
253:0 Sync 12288
253:0 Async 59924480
253:0 Total 59936768
Total 59936768
--------------------CPUAC-----------------------
user 91
system 96
 
Fri May 19 21:15:53 IST 2017
--------------------MEMCG-----------------------
MEM ONLY  : 265 MB
MEM+SWAP  : 265 MB
cache 40390656
rss 238133248
rss_huge 0
mapped_file 17014784
writeback 0
swap 0
pgpgin 155167
pgpgout 87168
pgfault 257827
pgmajfault 304
inactive_anon 49152
active_anon 238166016
inactive_file 25489408
active_file 14819328
unevictable 0
hierarchical_memory_limit 2147483648
hierarchical_memsw_limit 5368709120
total_cache 40390656
total_rss 238133248
total_rss_huge 0
total_mapped_file 17014784
total_writeback 0
total_swap 0
total_pgpgin 155167
total_pgpgout 87168
total_pgfault 257827
total_pgmajfault 304
total_inactive_anon 49152
total_active_anon 238166016
total_inactive_file 25489408
total_active_file 14819328
total_unevictable 0
--------------------BLKIO-----------------------
11:0 Read 0
11:0 Write 0
11:0 Sync 0
11:0 Async 0
11:0 Total 0
253:0 Read 59695104
253:0 Write 241664
253:0 Sync 12288
253:0 Async 59924480
253:0 Total 59936768
Total 59936768
--------------------CPUAC-----------------------
user 92
system 96
 
Fri May 19 21:16:23 IST 2017
--------------------MEMCG-----------------------
MEM ONLY  : 265 MB
MEM+SWAP  : 265 MB
cache 40390656
rss 238133248
rss_huge 0
mapped_file 17014784
writeback 0
swap 0
pgpgin 155167
pgpgout 87168
pgfault 257827
pgmajfault 304
inactive_anon 49152
active_anon 238166016
inactive_file 25489408
active_file 14819328
unevictable 0
hierarchical_memory_limit 2147483648
hierarchical_memsw_limit 5368709120
total_cache 40390656
total_rss 238133248
total_rss_huge 0
total_mapped_file 17014784
total_writeback 0
total_swap 0
total_pgpgin 155167
total_pgpgout 87168
total_pgfault 257827
total_pgmajfault 304
total_inactive_anon 49152
total_active_anon 238166016
total_inactive_file 25489408
total_active_file 14819328
total_unevictable 0
--------------------BLKIO-----------------------
11:0 Read 0
11:0 Write 0
11:0 Sync 0
11:0 Async 0
11:0 Total 0
253:0 Read 59695104
253:0 Write 241664
253:0 Sync 12288
253:0 Async 59924480
253:0 Total 59936768
Total 59936768
--------------------CPUAC-----------------------
user 94
system 97
 
Fri May 19 21:16:53 IST 2017
--------------------MEMCG-----------------------
MEM ONLY  : 265 MB
MEM+SWAP  : 265 MB
cache 40390656
rss 238133248
rss_huge 0
mapped_file 17014784
writeback 0
swap 0
pgpgin 155167
pgpgout 87168
pgfault 257827
pgmajfault 304
inactive_anon 49152
active_anon 238166016
inactive_file 25489408
active_file 14819328
unevictable 0
hierarchical_memory_limit 2147483648
hierarchical_memsw_limit 5368709120
total_cache 40390656
total_rss 238133248
total_rss_huge 0
total_mapped_file 17014784
total_writeback 0
total_swap 0
total_pgpgin 155167
total_pgpgout 87168
total_pgfault 257827
total_pgmajfault 304
total_inactive_anon 49152
total_active_anon 238166016
total_inactive_file 25489408
total_active_file 14819328
total_unevictable 0
--------------------BLKIO-----------------------
11:0 Read 0
11:0 Write 0
11:0 Sync 0
11:0 Async 0
11:0 Total 0
253:0 Read 59695104
253:0 Write 241664
253:0 Sync 12288
253:0 Async 59924480
253:0 Total 59936768
Total 59936768
--------------------CPUAC-----------------------
user 95
system 97
 
Fri May 19 21:17:23 IST 2017
--------------------MEMCG-----------------------
MEM ONLY  : 265 MB
MEM+SWAP  : 265 MB
cache 40636416
rss 238137344
rss_huge 0
mapped_file 17014784
writeback 0
swap 0
pgpgin 155387
pgpgout 87327
pgfault 258215
pgmajfault 308
inactive_anon 49152
active_anon 238170112
inactive_file 25493504
active_file 15060992
unevictable 0
hierarchical_memory_limit 2147483648
hierarchical_memsw_limit 5368709120
total_cache 40636416
total_rss 238137344
total_rss_huge 0
total_mapped_file 17014784
total_writeback 0
total_swap 0
total_pgpgin 155387
total_pgpgout 87327
total_pgfault 258215
total_pgmajfault 308
total_inactive_anon 49152
total_active_anon 238170112
total_inactive_file 25493504
total_active_file 15060992
total_unevictable 0
--------------------BLKIO-----------------------
11:0 Read 0
11:0 Write 0
11:0 Sync 0
11:0 Async 0
11:0 Total 0
253:0 Read 59940864
253:0 Write 241664
253:0 Sync 12288
253:0 Async 60170240
253:0 Total 60182528
Total 60182528
--------------------CPUAC-----------------------
user 97
system 99
 
Fri May 19 21:17:53 IST 2017
--------------------MEMCG-----------------------
MEM ONLY  : 265 MB
MEM+SWAP  : 265 MB
cache 40636416
rss 238137344
rss_huge 0
mapped_file 17014784
writeback 0
swap 0
pgpgin 155387
pgpgout 87327
pgfault 258215
pgmajfault 308
inactive_anon 49152
active_anon 238170112
inactive_file 25493504
active_file 15060992
unevictable 0
hierarchical_memory_limit 2147483648
hierarchical_memsw_limit 5368709120
total_cache 40636416
total_rss 238137344
total_rss_huge 0
total_mapped_file 17014784
total_writeback 0
total_swap 0
total_pgpgin 155387
total_pgpgout 87327
total_pgfault 258215
total_pgmajfault 308
total_inactive_anon 49152
total_active_anon 238170112
total_inactive_file 25493504
total_active_file 15060992
total_unevictable 0
--------------------BLKIO-----------------------
11:0 Read 0
11:0 Write 0
11:0 Sync 0
11:0 Async 0
11:0 Total 0
253:0 Read 59940864
253:0 Write 241664
253:0 Sync 12288
253:0 Async 60170240
253:0 Total 60182528
Total 60182528
--------------------CPUAC-----------------------
user 98
system 99
 
Fri May 19 21:18:23 IST 2017
--------------------MEMCG-----------------------
MEM ONLY  : 265 MB
MEM+SWAP  : 265 MB
cache 40636416
rss 238137344
rss_huge 0
mapped_file 17014784
writeback 0
swap 0
pgpgin 155387
pgpgout 87327
pgfault 258216
pgmajfault 308
inactive_anon 49152
active_anon 238170112
inactive_file 25493504
active_file 15060992
unevictable 0
hierarchical_memory_limit 2147483648
hierarchical_memsw_limit 5368709120
total_cache 40636416
total_rss 238137344
total_rss_huge 0
total_mapped_file 17014784
total_writeback 0
total_swap 0
total_pgpgin 155387
total_pgpgout 87327
total_pgfault 258216
total_pgmajfault 308
total_inactive_anon 49152
total_active_anon 238170112
total_inactive_file 25493504
total_active_file 15060992
total_unevictable 0
--------------------BLKIO-----------------------
11:0 Read 0
11:0 Write 0
11:0 Sync 0
11:0 Async 0
11:0 Total 0
253:0 Read 59940864
253:0 Write 241664
253:0 Sync 12288
253:0 Async 60170240
253:0 Total 60182528
Total 60182528
--------------------CPUAC-----------------------
user 100
system 100
 
Fri May 19 21:18:53 IST 2017
--------------------MEMCG-----------------------
MEM ONLY  : 265 MB
MEM+SWAP  : 265 MB
cache 40636416
rss 238137344
rss_huge 0
mapped_file 17014784
writeback 0
swap 0
pgpgin 155387
pgpgout 87327
pgfault 258216
pgmajfault 308
inactive_anon 49152
active_anon 238170112
inactive_file 25493504
active_file 15060992
unevictable 0
hierarchical_memory_limit 2147483648
hierarchical_memsw_limit 5368709120
total_cache 40636416
total_rss 238137344
total_rss_huge 0
total_mapped_file 17014784
total_writeback 0
total_swap 0
total_pgpgin 155387
total_pgpgout 87327
total_pgfault 258216
total_pgmajfault 308
total_inactive_anon 49152
total_active_anon 238170112
total_inactive_file 25493504
total_active_file 15060992
total_unevictable 0
--------------------BLKIO-----------------------
11:0 Read 0
11:0 Write 0
11:0 Sync 0
11:0 Async 0
11:0 Total 0
253:0 Read 59940864
253:0 Write 241664
253:0 Sync 12288
253:0 Async 60170240
253:0 Total 60182528
Total 60182528
--------------------CPUAC-----------------------
user 102
system 100
 
Fri May 19 21:19:23 IST 2017
--------------------MEMCG-----------------------
MEM ONLY  : 265 MB
MEM+SWAP  : 265 MB
cache 40636416
rss 238137344
rss_huge 0
mapped_file 17014784
writeback 0
swap 0
pgpgin 155387
pgpgout 87327
pgfault 258216
pgmajfault 308
inactive_anon 49152
active_anon 238170112
inactive_file 25493504
active_file 15060992
unevictable 0
hierarchical_memory_limit 2147483648
hierarchical_memsw_limit 5368709120
total_cache 40636416
total_rss 238137344
total_rss_huge 0
total_mapped_file 17014784
total_writeback 0
total_swap 0
total_pgpgin 155387
total_pgpgout 87327
total_pgfault 258216
total_pgmajfault 308
total_inactive_anon 49152
total_active_anon 238170112
total_inactive_file 25493504
total_active_file 15060992
total_unevictable 0
--------------------BLKIO-----------------------
11:0 Read 0
11:0 Write 0
11:0 Sync 0
11:0 Async 0
11:0 Total 0
253:0 Read 59940864
253:0 Write 241664
253:0 Sync 12288
253:0 Async 60170240
253:0 Total 60182528
Total 60182528
--------------------CPUAC-----------------------
user 104
system 100
 
Fri May 19 21:19:53 IST 2017
--------------------MEMCG-----------------------
MEM ONLY  : 265 MB
MEM+SWAP  : 265 MB
cache 40636416
rss 238137344
rss_huge 0
mapped_file 17014784
writeback 0
swap 0
pgpgin 155387
pgpgout 87327
pgfault 258216
pgmajfault 308
inactive_anon 49152
active_anon 238170112
inactive_file 25493504
active_file 15060992
unevictable 0
hierarchical_memory_limit 2147483648
hierarchical_memsw_limit 5368709120
total_cache 40636416
total_rss 238137344
total_rss_huge 0
total_mapped_file 17014784
total_writeback 0
total_swap 0
total_pgpgin 155387
total_pgpgout 87327
total_pgfault 258216
total_pgmajfault 308
total_inactive_anon 49152
total_active_anon 238170112
total_inactive_file 25493504
total_active_file 15060992
total_unevictable 0
--------------------BLKIO-----------------------
11:0 Read 0
11:0 Write 0
11:0 Sync 0
11:0 Async 0
11:0 Total 0
253:0 Read 59940864
253:0 Write 241664
253:0 Sync 12288
253:0 Async 60170240
253:0 Total 60182528
Total 60182528
--------------------CPUAC-----------------------
user 106
system 101
 
Fri May 19 21:20:23 IST 2017
--------------------MEMCG-----------------------
MEM ONLY  : 265 MB
MEM+SWAP  : 265 MB
cache 40636416
rss 238137344
rss_huge 0
mapped_file 17014784
writeback 0
swap 0
pgpgin 155387
pgpgout 87327
pgfault 258216
pgmajfault 308
inactive_anon 49152
active_anon 238170112
inactive_file 25493504
active_file 15060992
unevictable 0
hierarchical_memory_limit 2147483648
hierarchical_memsw_limit 5368709120
total_cache 40636416
total_rss 238137344
total_rss_huge 0
total_mapped_file 17014784
total_writeback 0
total_swap 0
total_pgpgin 155387
total_pgpgout 87327
total_pgfault 258216
total_pgmajfault 308
total_inactive_anon 49152
total_active_anon 238170112
total_inactive_file 25493504
total_active_file 15060992
total_unevictable 0
--------------------BLKIO-----------------------
11:0 Read 0
11:0 Write 0
11:0 Sync 0
11:0 Async 0
11:0 Total 0
253:0 Read 59940864
253:0 Write 241664
253:0 Sync 12288
253:0 Async 60170240
253:0 Total 60182528
Total 60182528
--------------------CPUAC-----------------------
user 108
system 102
 
Fri May 19 21:20:53 IST 2017
--------------------MEMCG-----------------------
MEM ONLY  : 265 MB
MEM+SWAP  : 265 MB
cache 40636416
rss 238137344
rss_huge 0
mapped_file 17014784
writeback 0
swap 0
pgpgin 155387
pgpgout 87327
pgfault 258216
pgmajfault 308
inactive_anon 49152
active_anon 238170112
inactive_file 25493504
active_file 15060992
unevictable 0
hierarchical_memory_limit 2147483648
hierarchical_memsw_limit 5368709120
total_cache 40636416
total_rss 238137344
total_rss_huge 0
total_mapped_file 17014784
total_writeback 0
total_swap 0
total_pgpgin 155387
total_pgpgout 87327
total_pgfault 258216
total_pgmajfault 308
total_inactive_anon 49152
total_active_anon 238170112
total_inactive_file 25493504
total_active_file 15060992
total_unevictable 0
--------------------BLKIO-----------------------
11:0 Read 0
11:0 Write 0
11:0 Sync 0
11:0 Async 0
11:0 Total 0
253:0 Read 59940864
253:0 Write 241664
253:0 Sync 12288
253:0 Async 60170240
253:0 Total 60182528
Total 60182528
--------------------CPUAC-----------------------
user 110
system 102
 
Fri May 19 21:21:23 IST 2017
--------------------MEMCG-----------------------
MEM ONLY  : 265 MB
MEM+SWAP  : 265 MB
cache 40636416
rss 238137344
rss_huge 0
mapped_file 17014784
writeback 0
swap 0
pgpgin 155387
pgpgout 87327
pgfault 258216
pgmajfault 308
inactive_anon 49152
active_anon 238170112
inactive_file 25493504
active_file 15060992
unevictable 0
hierarchical_memory_limit 2147483648
hierarchical_memsw_limit 5368709120
total_cache 40636416
total_rss 238137344
total_rss_huge 0
total_mapped_file 17014784
total_writeback 0
total_swap 0
total_pgpgin 155387
total_pgpgout 87327
total_pgfault 258216
total_pgmajfault 308
total_inactive_anon 49152
total_active_anon 238170112
total_inactive_file 25493504
total_active_file 15060992
total_unevictable 0
--------------------BLKIO-----------------------
11:0 Read 0
11:0 Write 0
11:0 Sync 0
11:0 Async 0
11:0 Total 0
253:0 Read 59940864
253:0 Write 241664
253:0 Sync 12288
253:0 Async 60170240
253:0 Total 60182528
Total 60182528
--------------------CPUAC-----------------------
user 112
system 102
 
Fri May 19 21:21:53 IST 2017
--------------------MEMCG-----------------------
MEM ONLY  : 265 MB
MEM+SWAP  : 265 MB
cache 40636416
rss 238137344
rss_huge 0
mapped_file 17014784
writeback 0
swap 0
pgpgin 155387
pgpgout 87327
pgfault 258216
pgmajfault 308
inactive_anon 49152
active_anon 238170112
inactive_file 25493504
active_file 15060992
unevictable 0
hierarchical_memory_limit 2147483648
hierarchical_memsw_limit 5368709120
total_cache 40636416
total_rss 238137344
total_rss_huge 0
total_mapped_file 17014784
total_writeback 0
total_swap 0
total_pgpgin 155387
total_pgpgout 87327
total_pgfault 258216
total_pgmajfault 308
total_inactive_anon 49152
total_active_anon 238170112
total_inactive_file 25493504
total_active_file 15060992
total_unevictable 0
--------------------BLKIO-----------------------
11:0 Read 0
11:0 Write 0
11:0 Sync 0
11:0 Async 0
11:0 Total 0
253:0 Read 59940864
253:0 Write 241664
253:0 Sync 12288
253:0 Async 60170240
253:0 Total 60182528
Total 60182528
--------------------CPUAC-----------------------
user 113
system 103
 
Fri May 19 21:22:23 IST 2017
--------------------MEMCG-----------------------
MEM ONLY  : 265 MB
MEM+SWAP  : 265 MB
cache 40636416
rss 238137344
rss_huge 0
mapped_file 17014784
writeback 0
swap 0
pgpgin 155387
pgpgout 87327
pgfault 258216
pgmajfault 308
inactive_anon 49152
active_anon 238170112
inactive_file 25493504
active_file 15060992
unevictable 0
hierarchical_memory_limit 2147483648
hierarchical_memsw_limit 5368709120
total_cache 40636416
total_rss 238137344
total_rss_huge 0
total_mapped_file 17014784
total_writeback 0
total_swap 0
total_pgpgin 155387
total_pgpgout 87327
total_pgfault 258216
total_pgmajfault 308
total_inactive_anon 49152
total_active_anon 238170112
total_inactive_file 25493504
total_active_file 15060992
total_unevictable 0
--------------------BLKIO-----------------------
11:0 Read 0
11:0 Write 0
11:0 Sync 0
11:0 Async 0
11:0 Total 0
253:0 Read 59940864
253:0 Write 241664
253:0 Sync 12288
253:0 Async 60170240
253:0 Total 60182528
Total 60182528
--------------------CPUAC-----------------------
user 114
system 104
 
Fri May 19 21:22:53 IST 2017
--------------------MEMCG-----------------------
MEM ONLY  : 265 MB
MEM+SWAP  : 265 MB
cache 40636416
rss 238137344
rss_huge 0
mapped_file 17014784
writeback 0
swap 0
pgpgin 155387
pgpgout 87327
pgfault 258216
pgmajfault 308
inactive_anon 49152
active_anon 238170112
inactive_file 25493504
active_file 15060992
unevictable 0
hierarchical_memory_limit 2147483648
hierarchical_memsw_limit 5368709120
total_cache 40636416
total_rss 238137344
total_rss_huge 0
total_mapped_file 17014784
total_writeback 0
total_swap 0
total_pgpgin 155387
total_pgpgout 87327
total_pgfault 258216
total_pgmajfault 308
total_inactive_anon 49152
total_active_anon 238170112
total_inactive_file 25493504
total_active_file 15060992
total_unevictable 0
--------------------BLKIO-----------------------
11:0 Read 0
11:0 Write 0
11:0 Sync 0
11:0 Async 0
11:0 Total 0
253:0 Read 59940864
253:0 Write 241664
253:0 Sync 12288
253:0 Async 60170240
253:0 Total 60182528
Total 60182528
--------------------CPUAC-----------------------
user 116
system 104
 
Fri May 19 21:23:23 IST 2017
--------------------MEMCG-----------------------
MEM ONLY  : 265 MB
MEM+SWAP  : 265 MB
cache 40636416
rss 238137344
rss_huge 0
mapped_file 17014784
writeback 0
swap 0
pgpgin 155387
pgpgout 87327
pgfault 258216
pgmajfault 308
inactive_anon 49152
active_anon 238170112
inactive_file 25493504
active_file 15060992
unevictable 0
hierarchical_memory_limit 2147483648
hierarchical_memsw_limit 5368709120
total_cache 40636416
total_rss 238137344
total_rss_huge 0
total_mapped_file 17014784
total_writeback 0
total_swap 0
total_pgpgin 155387
total_pgpgout 87327
total_pgfault 258216
total_pgmajfault 308
total_inactive_anon 49152
total_active_anon 238170112
total_inactive_file 25493504
total_active_file 15060992
total_unevictable 0
--------------------BLKIO-----------------------
11:0 Read 0
11:0 Write 0
11:0 Sync 0
11:0 Async 0
11:0 Total 0
253:0 Read 59940864
253:0 Write 241664
253:0 Sync 12288
253:0 Async 60170240
253:0 Total 60182528
Total 60182528
--------------------CPUAC-----------------------
user 118
system 104
 
Fri May 19 21:23:53 IST 2017
--------------------MEMCG-----------------------
MEM ONLY  : 265 MB
MEM+SWAP  : 265 MB
cache 40636416
rss 238137344
rss_huge 0
mapped_file 17014784
writeback 0
swap 0
pgpgin 155387
pgpgout 87327
pgfault 258216
pgmajfault 308
inactive_anon 49152
active_anon 238170112
inactive_file 25493504
active_file 15060992
unevictable 0
hierarchical_memory_limit 2147483648
hierarchical_memsw_limit 5368709120
total_cache 40636416
total_rss 238137344
total_rss_huge 0
total_mapped_file 17014784
total_writeback 0
total_swap 0
total_pgpgin 155387
total_pgpgout 87327
total_pgfault 258216
total_pgmajfault 308
total_inactive_anon 49152
total_active_anon 238170112
total_inactive_file 25493504
total_active_file 15060992
total_unevictable 0
--------------------BLKIO-----------------------
11:0 Read 0
11:0 Write 0
11:0 Sync 0
11:0 Async 0
11:0 Total 0
253:0 Read 59940864
253:0 Write 241664
253:0 Sync 12288
253:0 Async 60170240
253:0 Total 60182528
Total 60182528
--------------------CPUAC-----------------------
user 120
system 104
 
Fri May 19 21:24:23 IST 2017
--------------------MEMCG-----------------------
MEM ONLY  : 265 MB
MEM+SWAP  : 265 MB
cache 40636416
rss 238137344
rss_huge 0
mapped_file 17014784
writeback 0
swap 0
pgpgin 155387
pgpgout 87327
pgfault 258216
pgmajfault 308
inactive_anon 49152
active_anon 238170112
inactive_file 25493504
active_file 15060992
unevictable 0
hierarchical_memory_limit 2147483648
hierarchical_memsw_limit 5368709120
total_cache 40636416
total_rss 238137344
total_rss_huge 0
total_mapped_file 17014784
total_writeback 0
total_swap 0
total_pgpgin 155387
total_pgpgout 87327
total_pgfault 258216
total_pgmajfault 308
total_inactive_anon 49152
total_active_anon 238170112
total_inactive_file 25493504
total_active_file 15060992
total_unevictable 0
--------------------BLKIO-----------------------
11:0 Read 0
11:0 Write 0
11:0 Sync 0
11:0 Async 0
11:0 Total 0
253:0 Read 59940864
253:0 Write 241664
253:0 Sync 12288
253:0 Async 60170240
253:0 Total 60182528
Total 60182528
--------------------CPUAC-----------------------
user 121
system 105
 
Fri May 19 21:24:53 IST 2017
--------------------MEMCG-----------------------
MEM ONLY  : 265 MB
MEM+SWAP  : 265 MB
cache 40636416
rss 238137344
rss_huge 0
mapped_file 17014784
writeback 0
swap 0
pgpgin 155387
pgpgout 87327
pgfault 258216
pgmajfault 308
inactive_anon 49152
active_anon 238170112
inactive_file 25493504
active_file 15060992
unevictable 0
hierarchical_memory_limit 2147483648
hierarchical_memsw_limit 5368709120
total_cache 40636416
total_rss 238137344
total_rss_huge 0
total_mapped_file 17014784
total_writeback 0
total_swap 0
total_pgpgin 155387
total_pgpgout 87327
total_pgfault 258216
total_pgmajfault 308
total_inactive_anon 49152
total_active_anon 238170112
total_inactive_file 25493504
total_active_file 15060992
total_unevictable 0
--------------------BLKIO-----------------------
11:0 Read 0
11:0 Write 0
11:0 Sync 0
11:0 Async 0
11:0 Total 0
253:0 Read 59940864
253:0 Write 241664
253:0 Sync 12288
253:0 Async 60170240
253:0 Total 60182528
Total 60182528
--------------------CPUAC-----------------------
user 124
system 105
 
Fri May 19 21:25:23 IST 2017
--------------------MEMCG-----------------------
MEM ONLY  : 265 MB
MEM+SWAP  : 265 MB
cache 40636416
rss 238137344
rss_huge 0
mapped_file 17014784
writeback 0
swap 0
pgpgin 155387
pgpgout 87327
pgfault 258216
pgmajfault 308
inactive_anon 49152
active_anon 238170112
inactive_file 25493504
active_file 15060992
unevictable 0
hierarchical_memory_limit 2147483648
hierarchical_memsw_limit 5368709120
total_cache 40636416
total_rss 238137344
total_rss_huge 0
total_mapped_file 17014784
total_writeback 0
total_swap 0
total_pgpgin 155387
total_pgpgout 87327
total_pgfault 258216
total_pgmajfault 308
total_inactive_anon 49152
total_active_anon 238170112
total_inactive_file 25493504
total_active_file 15060992
total_unevictable 0
--------------------BLKIO-----------------------
11:0 Read 0
11:0 Write 0
11:0 Sync 0
11:0 Async 0
11:0 Total 0
253:0 Read 59940864
253:0 Write 241664
253:0 Sync 12288
253:0 Async 60170240
253:0 Total 60182528
Total 60182528
--------------------CPUAC-----------------------
user 126
system 106
 
Fri May 19 21:25:53 IST 2017
--------------------MEMCG-----------------------
MEM ONLY  : 265 MB
MEM+SWAP  : 265 MB
cache 40636416
rss 238137344
rss_huge 0
mapped_file 17014784
writeback 0
swap 0
pgpgin 155387
pgpgout 87327
pgfault 258216
pgmajfault 308
inactive_anon 49152
active_anon 238170112
inactive_file 25493504
active_file 15060992
unevictable 0
hierarchical_memory_limit 2147483648
hierarchical_memsw_limit 5368709120
total_cache 40636416
total_rss 238137344
total_rss_huge 0
total_mapped_file 17014784
total_writeback 0
total_swap 0
total_pgpgin 155387
total_pgpgout 87327
total_pgfault 258216
total_pgmajfault 308
total_inactive_anon 49152
total_active_anon 238170112
total_inactive_file 25493504
total_active_file 15060992
total_unevictable 0
--------------------BLKIO-----------------------
11:0 Read 0
11:0 Write 0
11:0 Sync 0
11:0 Async 0
11:0 Total 0
253:0 Read 59940864
253:0 Write 241664
253:0 Sync 12288
253:0 Async 60170240
253:0 Total 60182528
Total 60182528
--------------------CPUAC-----------------------
user 128
system 106
 
Fri May 19 21:26:24 IST 2017
--------------------MEMCG-----------------------
MEM ONLY  : 265 MB
MEM+SWAP  : 265 MB
cache 40636416
rss 238137344
rss_huge 0
mapped_file 17014784
writeback 0
swap 0
pgpgin 155387
pgpgout 87327
pgfault 258216
pgmajfault 308
inactive_anon 49152
active_anon 238170112
inactive_file 25493504
active_file 15060992
unevictable 0
hierarchical_memory_limit 2147483648
hierarchical_memsw_limit 5368709120
total_cache 40636416
total_rss 238137344
total_rss_huge 0
total_mapped_file 17014784
total_writeback 0
total_swap 0
total_pgpgin 155387
total_pgpgout 87327
total_pgfault 258216
total_pgmajfault 308
total_inactive_anon 49152
total_active_anon 238170112
total_inactive_file 25493504
total_active_file 15060992
total_unevictable 0
--------------------BLKIO-----------------------
11:0 Read 0
11:0 Write 0
11:0 Sync 0
11:0 Async 0
11:0 Total 0
253:0 Read 59940864
253:0 Write 241664
253:0 Sync 12288
253:0 Async 60170240
253:0 Total 60182528
Total 60182528
--------------------CPUAC-----------------------
user 130
system 106
 
Fri May 19 21:26:54 IST 2017
--------------------MEMCG-----------------------
MEM ONLY  : 265 MB
MEM+SWAP  : 265 MB
cache 40636416
rss 238137344
rss_huge 0
mapped_file 17014784
writeback 0
swap 0
pgpgin 155387
pgpgout 87327
pgfault 258216
pgmajfault 308
inactive_anon 49152
active_anon 238170112
inactive_file 25493504
active_file 15060992
unevictable 0
hierarchical_memory_limit 2147483648
hierarchical_memsw_limit 5368709120
total_cache 40636416
total_rss 238137344
total_rss_huge 0
total_mapped_file 17014784
total_writeback 0
total_swap 0
total_pgpgin 155387
total_pgpgout 87327
total_pgfault 258216
total_pgmajfault 308
total_inactive_anon 49152
total_active_anon 238170112
total_inactive_file 25493504
total_active_file 15060992
total_unevictable 0
--------------------BLKIO-----------------------
11:0 Read 0
11:0 Write 0
11:0 Sync 0
11:0 Async 0
11:0 Total 0
253:0 Read 59940864
253:0 Write 241664
253:0 Sync 12288
253:0 Async 60170240
253:0 Total 60182528
Total 60182528
--------------------CPUAC-----------------------
user 132
system 107
 
Fri May 19 21:27:24 IST 2017
--------------------MEMCG-----------------------
MEM ONLY  : 265 MB
MEM+SWAP  : 265 MB
cache 40644608
rss 238141440
rss_huge 0
mapped_file 17014784
writeback 0
swap 0
pgpgin 155391
pgpgout 87328
pgfault 258218
pgmajfault 308
inactive_anon 49152
active_anon 238174208
inactive_file 25497600
active_file 15060992
unevictable 0
hierarchical_memory_limit 2147483648
hierarchical_memsw_limit 5368709120
total_cache 40644608
total_rss 238141440
total_rss_huge 0
total_mapped_file 17014784
total_writeback 0
total_swap 0
total_pgpgin 155391
total_pgpgout 87328
total_pgfault 258218
total_pgmajfault 308
total_inactive_anon 49152
total_active_anon 238174208
total_inactive_file 25497600
total_active_file 15060992
total_unevictable 0
--------------------BLKIO-----------------------
11:0 Read 0
11:0 Write 0
11:0 Sync 0
11:0 Async 0
11:0 Total 0
253:0 Read 59949056
253:0 Write 241664
253:0 Sync 12288
253:0 Async 60178432
253:0 Total 60190720
Total 60190720
--------------------CPUAC-----------------------
user 134
system 107
 
Fri May 19 21:27:54 IST 2017
--------------------MEMCG-----------------------
MEM ONLY  : 386 MB
MEM+SWAP  : 386 MB
cache 51191808
rss 353873920
rss_huge 0
mapped_file 17145856
writeback 0
swap 0
pgpgin 186343
pgpgout 87450
pgfault 286608
pgmajfault 309
inactive_anon 49152
active_anon 353906688
inactive_file 25546752
active_file 25563136
unevictable 0
hierarchical_memory_limit 2147483648
hierarchical_memsw_limit 5368709120
total_cache 51191808
total_rss 353873920
total_rss_huge 0
total_mapped_file 17145856
total_writeback 0
total_swap 0
total_pgpgin 186343
total_pgpgout 87450
total_pgfault 286608
total_pgmajfault 309
total_inactive_anon 49152
total_active_anon 353906688
total_inactive_file 25546752
total_active_file 25563136
total_unevictable 0
--------------------BLKIO-----------------------
11:0 Read 0
11:0 Write 0
11:0 Sync 0
11:0 Async 0
11:0 Total 0
253:0 Read 60342272
253:0 Write 375275520
253:0 Sync 375046144
253:0 Async 60571648
253:0 Total 435617792
Total 435617792
--------------------CPUAC-----------------------
user 641
system 388
 
Fri May 19 21:28:24 IST 2017
--------------------MEMCG-----------------------
MEM ONLY  : 489 MB
MEM+SWAP  : 489 MB
cache 51191808
rss 462561280
rss_huge 0
mapped_file 17145856
writeback 8192
swap 0
pgpgin 212878
pgpgout 87450
pgfault 313143
pgmajfault 309
inactive_anon 49152
active_anon 462594048
inactive_file 25546752
active_file 25563136
unevictable 0
hierarchical_memory_limit 2147483648
hierarchical_memsw_limit 5368709120
total_cache 51191808
total_rss 462561280
total_rss_huge 0
total_mapped_file 17145856
total_writeback 8192
total_swap 0
total_pgpgin 212878
total_pgpgout 87450
total_pgfault 313143
total_pgmajfault 309
total_inactive_anon 49152
total_active_anon 462594048
total_inactive_file 25546752
total_active_file 25563136
total_unevictable 0
--------------------BLKIO-----------------------
11:0 Read 0
11:0 Write 0
11:0 Sync 0
11:0 Async 0
11:0 Total 0
253:0 Read 60342272
253:0 Write 770043904
253:0 Sync 769814528
253:0 Async 60571648
253:0 Total 830386176
Total 830386176
--------------------CPUAC-----------------------
user 1142
system 665
 
Fri May 19 21:28:54 IST 2017
--------------------MEMCG-----------------------
MEM ONLY  : 591 MB
MEM+SWAP  : 591 MB
cache 51191808
rss 569188352
rss_huge 0
mapped_file 17145856
writeback 0
swap 0
pgpgin 238910
pgpgout 87450
pgfault 339175
pgmajfault 309
inactive_anon 49152
active_anon 569155584
inactive_file 25546752
active_file 25563136
unevictable 0
hierarchical_memory_limit 2147483648
hierarchical_memsw_limit 5368709120
total_cache 51191808
total_rss 569188352
total_rss_huge 0
total_mapped_file 17145856
total_writeback 0
total_swap 0
total_pgpgin 238910
total_pgpgout 87450
total_pgfault 339175
total_pgmajfault 309
total_inactive_anon 49152
total_active_anon 569155584
total_inactive_file 25546752
total_active_file 25563136
total_unevictable 0
--------------------BLKIO-----------------------
11:0 Read 0
11:0 Write 0
11:0 Sync 0
11:0 Async 0
11:0 Total 0
253:0 Read 60342272
253:0 Write 1150242816
253:0 Sync 1150013440
253:0 Async 60571648
253:0 Total 1210585088
Total 1210585088
--------------------CPUAC-----------------------
user 1656
system 939
 
Fri May 19 21:29:24 IST 2017
--------------------MEMCG-----------------------
MEM ONLY  : 693 MB
MEM+SWAP  : 693 MB
cache 51191808
rss 675659776
rss_huge 0
mapped_file 17145856
writeback 0
swap 0
pgpgin 264904
pgpgout 87450
pgfault 365169
pgmajfault 309
inactive_anon 49152
active_anon 675692544
inactive_file 25546752
active_file 25563136
unevictable 0
hierarchical_memory_limit 2147483648
hierarchical_memsw_limit 5368709120
total_cache 51191808
total_rss 675659776
total_rss_huge 0
total_mapped_file 17145856
total_writeback 0
total_swap 0
total_pgpgin 264904
total_pgpgout 87450
total_pgfault 365169
total_pgmajfault 309
total_inactive_anon 49152
total_active_anon 675692544
total_inactive_file 25546752
total_active_file 25563136
total_unevictable 0
--------------------BLKIO-----------------------
11:0 Read 0
11:0 Write 0
11:0 Sync 0
11:0 Async 0
11:0 Total 0
253:0 Read 60342272
253:0 Write 1536720896
253:0 Sync 1536491520
253:0 Async 60571648
253:0 Total 1597063168
Total 1597063168
--------------------CPUAC-----------------------
user 2160
system 1236
 
Fri May 19 21:29:54 IST 2017
--------------------MEMCG-----------------------
MEM ONLY  : 789 MB
MEM+SWAP  : 789 MB
cache 51191808
rss 776724480
rss_huge 0
mapped_file 17145856
writeback 0
swap 0
pgpgin 289578
pgpgout 87450
pgfault 389843
pgmajfault 309
inactive_anon 49152
active_anon 776757248
inactive_file 25546752
active_file 25563136
unevictable 0
hierarchical_memory_limit 2147483648
hierarchical_memsw_limit 5368709120
total_cache 51191808
total_rss 776724480
total_rss_huge 0
total_mapped_file 17145856
total_writeback 0
total_swap 0
total_pgpgin 289578
total_pgpgout 87450
total_pgfault 389843
total_pgmajfault 309
total_inactive_anon 49152
total_active_anon 776757248
total_inactive_file 25546752
total_active_file 25563136
total_unevictable 0
--------------------BLKIO-----------------------
11:0 Read 0
11:0 Write 0
11:0 Sync 0
11:0 Async 0
11:0 Total 0
253:0 Read 60342272
253:0 Write 1903734784
253:0 Sync 1903505408
253:0 Async 60571648
253:0 Total 1964077056
Total 1964077056
--------------------CPUAC-----------------------
user 2650
system 1513
 
Fri May 19 21:30:24 IST 2017
--------------------MEMCG-----------------------
MEM ONLY  : 886 MB
MEM+SWAP  : 886 MB
cache 51191808
rss 878755840
rss_huge 0
mapped_file 17145856
writeback 0
swap 0
pgpgin 314488
pgpgout 87450
pgfault 414753
pgmajfault 309
inactive_anon 49152
active_anon 878788608
inactive_file 25546752
active_file 25563136
unevictable 0
hierarchical_memory_limit 2147483648
hierarchical_memsw_limit 5368709120
total_cache 51191808
total_rss 878755840
total_rss_huge 0
total_mapped_file 17145856
total_writeback 0
total_swap 0
total_pgpgin 314488
total_pgpgout 87450
total_pgfault 414753
total_pgmajfault 309
total_inactive_anon 49152
total_active_anon 878788608
total_inactive_file 25546752
total_active_file 25563136
total_unevictable 0
--------------------BLKIO-----------------------
11:0 Read 0
11:0 Write 0
11:0 Sync 0
11:0 Async 0
11:0 Total 0
253:0 Read 60342272
253:0 Write 2275139584
253:0 Sync 2274910208
253:0 Async 60571648
253:0 Total 2335481856
Total 2335481856
--------------------CPUAC-----------------------
user 3131
system 1798
 
Fri May 19 21:30:54 IST 2017
--------------------MEMCG-----------------------
MEM ONLY  : 983 MB
MEM+SWAP  : 983 MB
cache 51191808
rss 980213760
rss_huge 0
mapped_file 17145856
writeback 0
swap 0
pgpgin 339258
pgpgout 87450
pgfault 439523
pgmajfault 309
inactive_anon 49152
active_anon 980246528
inactive_file 25546752
active_file 25563136
unevictable 0
hierarchical_memory_limit 2147483648
hierarchical_memsw_limit 5368709120
total_cache 51191808
total_rss 980213760
total_rss_huge 0
total_mapped_file 17145856
total_writeback 0
total_swap 0
total_pgpgin 339258
total_pgpgout 87450
total_pgfault 439523
total_pgmajfault 309
total_inactive_anon 49152
total_active_anon 980246528
total_inactive_file 25546752
total_active_file 25563136
total_unevictable 0
--------------------BLKIO-----------------------
11:0 Read 0
11:0 Write 0
11:0 Sync 0
11:0 Async 0
11:0 Total 0
253:0 Read 60342272
253:0 Write 2643910656
253:0 Sync 2643681280
253:0 Async 60571648
253:0 Total 2704252928
Total 2704252928
--------------------CPUAC-----------------------
user 3643
system 2073
 
Fri May 19 21:31:24 IST 2017
--------------------MEMCG-----------------------
MEM ONLY  : 1083 MB
MEM+SWAP  : 1083 MB
cache 51191808
rss 1084497920
rss_huge 0
mapped_file 17145856
writeback 131072
swap 0
pgpgin 364718
pgpgout 87450
pgfault 464983
pgmajfault 309
inactive_anon 49152
active_anon 1084530688
inactive_file 25546752
active_file 25563136
unevictable 0
hierarchical_memory_limit 2147483648
hierarchical_memsw_limit 5368709120
total_cache 51191808
total_rss 1084497920
total_rss_huge 0
total_mapped_file 17145856
total_writeback 131072
total_swap 0
total_pgpgin 364718
total_pgpgout 87450
total_pgfault 464983
total_pgmajfault 309
total_inactive_anon 49152
total_active_anon 1084530688
total_inactive_file 25546752
total_active_file 25563136
total_unevictable 0
--------------------BLKIO-----------------------
11:0 Read 0
11:0 Write 0
11:0 Sync 0
11:0 Async 0
11:0 Total 0
253:0 Read 60342272
253:0 Write 3016978432
253:0 Sync 3016749056
253:0 Async 60571648
253:0 Total 3077320704
Total 3077320704
--------------------CPUAC-----------------------
user 4126
system 2344
 
Fri May 19 21:31:54 IST 2017
--------------------MEMCG-----------------------
MEM ONLY  : 1176 MB
MEM+SWAP  : 1176 MB
cache 51191808
rss 1182457856
rss_huge 0
mapped_file 17145856
writeback 0
swap 0
pgpgin 388634
pgpgout 87450
pgfault 488899
pgmajfault 309
inactive_anon 49152
active_anon 1182490624
inactive_file 25546752
active_file 25563136
unevictable 0
hierarchical_memory_limit 2147483648
hierarchical_memsw_limit 5368709120
total_cache 51191808
total_rss 1182457856
total_rss_huge 0
total_mapped_file 17145856
total_writeback 0
total_swap 0
total_pgpgin 388634
total_pgpgout 87450
total_pgfault 488899
total_pgmajfault 309
total_inactive_anon 49152
total_active_anon 1182490624
total_inactive_file 25546752
total_active_file 25563136
total_unevictable 0
--------------------BLKIO-----------------------
11:0 Read 0
11:0 Write 0
11:0 Sync 0
11:0 Async 0
11:0 Total 0
253:0 Read 60342272
253:0 Write 3371212800
253:0 Sync 3370983424
253:0 Async 60571648
253:0 Total 3431555072
Total 3431555072
--------------------CPUAC-----------------------
user 4575
system 2603
 
Fri May 19 21:32:24 IST 2017
--------------------MEMCG-----------------------
MEM ONLY  : 1278 MB
MEM+SWAP  : 1278 MB
cache 51191808
rss 1289568256
rss_huge 0
mapped_file 17145856
writeback 0
swap 0
pgpgin 414784
pgpgout 87450
pgfault 515049
pgmajfault 309
inactive_anon 49152
active_anon 1289601024
inactive_file 25546752
active_file 25563136
unevictable 0
hierarchical_memory_limit 2147483648
hierarchical_memsw_limit 5368709120
total_cache 51191808
total_rss 1289568256
total_rss_huge 0
total_mapped_file 17145856
total_writeback 0
total_swap 0
total_pgpgin 414784
total_pgpgout 87450
total_pgfault 515049
total_pgmajfault 309
total_inactive_anon 49152
total_active_anon 1289601024
total_inactive_file 25546752
total_active_file 25563136
total_unevictable 0
--------------------BLKIO-----------------------
11:0 Read 0
11:0 Write 0
11:0 Sync 0
11:0 Async 0
11:0 Total 0
253:0 Read 60342272
253:0 Write 3750006784
253:0 Sync 3749777408
253:0 Async 60571648
253:0 Total 3810349056
Total 3810349056
--------------------CPUAC-----------------------
user 5045
system 2894
 
Fri May 19 21:32:54 IST 2017
--------------------MEMCG-----------------------
MEM ONLY  : 1375 MB
MEM+SWAP  : 1375 MB
cache 51191808
rss 1391464448
rss_huge 0
mapped_file 17145856
writeback 0
swap 0
pgpgin 439661
pgpgout 87450
pgfault 539926
pgmajfault 309
inactive_anon 49152
active_anon 1391497216
inactive_file 25546752
active_file 25563136
unevictable 0
hierarchical_memory_limit 2147483648
hierarchical_memsw_limit 5368709120
total_cache 51191808
total_rss 1391464448
total_rss_huge 0
total_mapped_file 17145856
total_writeback 0
total_swap 0
total_pgpgin 439661
total_pgpgout 87450
total_pgfault 539926
total_pgmajfault 309
total_inactive_anon 49152
total_active_anon 1391497216
total_inactive_file 25546752
total_active_file 25563136
total_unevictable 0
--------------------BLKIO-----------------------
11:0 Read 0
11:0 Write 0
11:0 Sync 0
11:0 Async 0
11:0 Total 0
253:0 Read 60342272
253:0 Write 4118908928
253:0 Sync 4118679552
253:0 Async 60571648
253:0 Total 4179251200
Total 4179251200
--------------------CPUAC-----------------------
user 5518
system 3150
 
Fri May 19 21:33:24 IST 2017
--------------------MEMCG-----------------------
MEM ONLY  : 1474 MB
MEM+SWAP  : 1474 MB
cache 51191808
rss 1494806528
rss_huge 0
mapped_file 17145856
writeback 0
swap 0
pgpgin 464891
pgpgout 87450
pgfault 565156
pgmajfault 309
inactive_anon 49152
active_anon 1494798336
inactive_file 25546752
active_file 25563136
unevictable 0
hierarchical_memory_limit 2147483648
hierarchical_memsw_limit 5368709120
total_cache 51191808
total_rss 1494806528
total_rss_huge 0
total_mapped_file 17145856
total_writeback 0
total_swap 0
total_pgpgin 464891
total_pgpgout 87450
total_pgfault 565156
total_pgmajfault 309
total_inactive_anon 49152
total_active_anon 1494798336
total_inactive_file 25546752
total_active_file 25563136
total_unevictable 0
--------------------BLKIO-----------------------
11:0 Read 0
11:0 Write 0
11:0 Sync 0
11:0 Async 0
11:0 Total 0
253:0 Read 60342272
253:0 Write 4485906432
253:0 Sync 4485677056
253:0 Async 60571648
253:0 Total 4546248704
Total 4546248704
--------------------CPUAC-----------------------
user 5998
system 3404
 
Fri May 19 21:33:54 IST 2017
--------------------MEMCG-----------------------
MEM ONLY  : 1570 MB
MEM+SWAP  : 1570 MB
cache 51191808
rss 1595969536
rss_huge 0
mapped_file 17272832
writeback 0
swap 0
pgpgin 490210
pgpgout 88071
pgfault 591414
pgmajfault 309
inactive_anon 49152
active_anon 1596002304
inactive_file 25546752
active_file 25563136
unevictable 0
hierarchical_memory_limit 2147483648
hierarchical_memsw_limit 5368709120
total_cache 51191808
total_rss 1595969536
total_rss_huge 0
total_mapped_file 17272832
total_writeback 0
total_swap 0
total_pgpgin 490210
total_pgpgout 88071
total_pgfault 591414
total_pgmajfault 309
total_inactive_anon 49152
total_active_anon 1596002304
total_inactive_file 25546752
total_active_file 25563136
total_unevictable 0
--------------------BLKIO-----------------------
11:0 Read 0
11:0 Write 0
11:0 Sync 0
11:0 Async 0
11:0 Total 0
253:0 Read 60342272
253:0 Write 4842938368
253:0 Sync 4842708992
253:0 Async 60571648
253:0 Total 4903280640
Total 4903280640
--------------------CPUAC-----------------------
user 6456
system 3656
 
Fri May 19 21:34:24 IST 2017
--------------------MEMCG-----------------------
MEM ONLY  : 1666 MB
MEM+SWAP  : 1666 MB
cache 51191808
rss 1695821824
rss_huge 0
mapped_file 17272832
writeback 0
swap 0
pgpgin 514588
pgpgout 88071
pgfault 615792
pgmajfault 309
inactive_anon 49152
active_anon 1695854592
inactive_file 25546752
active_file 25563136
unevictable 0
hierarchical_memory_limit 2147483648
hierarchical_memsw_limit 5368709120
total_cache 51191808
total_rss 1695821824
total_rss_huge 0
total_mapped_file 17272832
total_writeback 0
total_swap 0
total_pgpgin 514588
total_pgpgout 88071
total_pgfault 615792
total_pgmajfault 309
total_inactive_anon 49152
total_active_anon 1695854592
total_inactive_file 25546752
total_active_file 25563136
total_unevictable 0
--------------------BLKIO-----------------------
11:0 Read 0
11:0 Write 0
11:0 Sync 0
11:0 Async 0
11:0 Total 0
253:0 Read 60342272
253:0 Write 5206835200
253:0 Sync 5206605824
253:0 Async 60571648
253:0 Total 5267177472
Total 5267177472
--------------------CPUAC-----------------------
user 6910
system 3912
 
Fri May 19 21:34:54 IST 2017
--------------------MEMCG-----------------------
MEM ONLY  : 1762 MB
MEM+SWAP  : 1762 MB
cache 51191808
rss 1796292608
rss_huge 0
mapped_file 17272832
writeback 4096
swap 0
pgpgin 539117
pgpgout 88071
pgfault 640321
pgmajfault 309
inactive_anon 49152
active_anon 1796235264
inactive_file 25546752
active_file 25563136
unevictable 0
hierarchical_memory_limit 2147483648
hierarchical_memsw_limit 5368709120
total_cache 51191808
total_rss 1796292608
total_rss_huge 0
total_mapped_file 17272832
total_writeback 4096
total_swap 0
total_pgpgin 539117
total_pgpgout 88071
total_pgfault 640321
total_pgmajfault 309
total_inactive_anon 49152
total_active_anon 1796235264
total_inactive_file 25546752
total_active_file 25563136
total_unevictable 0
--------------------BLKIO-----------------------
11:0 Read 0
11:0 Write 0
11:0 Sync 0
11:0 Async 0
11:0 Total 0
253:0 Read 60342272
253:0 Write 5570002944
253:0 Sync 5569773568
253:0 Async 60571648
253:0 Total 5630345216
Total 5630345216
--------------------CPUAC-----------------------
user 7372
system 4182
 
Fri May 19 21:35:24 IST 2017
--------------------MEMCG-----------------------
MEM ONLY  : 1856 MB
MEM+SWAP  : 1856 MB
cache 51191808
rss 1895522304
rss_huge 0
mapped_file 17272832
writeback 0
swap 0
pgpgin 563343
pgpgout 88071
pgfault 664547
pgmajfault 309
inactive_anon 49152
active_anon 1895555072
inactive_file 25546752
active_file 25563136
unevictable 0
hierarchical_memory_limit 2147483648
hierarchical_memsw_limit 5368709120
total_cache 51191808
total_rss 1895522304
total_rss_huge 0
total_mapped_file 17272832
total_writeback 0
total_swap 0
total_pgpgin 563343
total_pgpgout 88071
total_pgfault 664547
total_pgmajfault 309
total_inactive_anon 49152
total_active_anon 1895555072
total_inactive_file 25546752
total_active_file 25563136
total_unevictable 0
--------------------BLKIO-----------------------
11:0 Read 0
11:0 Write 0
11:0 Sync 0
11:0 Async 0
11:0 Total 0
253:0 Read 60342272
253:0 Write 5927567360
253:0 Sync 5927337984
253:0 Async 60571648
253:0 Total 5987909632
Total 5987909632
--------------------CPUAC-----------------------
user 7826
system 4459
 
