Sat Jun 24 21:34:01 IST 2017
GET 	Requests:1583356 				
MEM 	Used:127874 	Limit:131072 	Gets:418733 	Puts:1382191 	Flushes:0 	Evicts:0 	Demoted :835584 	Calc-used:127874 			   	
SSD 	Used:123048 	Limit:131072 	Gets:352088 	Puts:0 	Flushes:360448 	Evicts:360448 	Promoted:0 	Calc-used:123048 
---------------------------------------------
Sat Jun 24 21:34:31 IST 2017
GET 	Requests:1633808 				
MEM 	Used:127216 	Limit:131072 	Gets:434993 	Puts:1432609 	Flushes:0 	Evicts:0 	Demoted :870400 	Calc-used:127216 			   	
SSD 	Used:125374 	Limit:131072 	Gets:368194 	Puts:0 	Flushes:376832 	Evicts:376832 	Promoted:0 	Calc-used:125374 
---------------------------------------------
Sat Jun 24 21:35:01 IST 2017
GET 	Requests:1687743 				
MEM 	Used:128744 	Limit:131072 	Gets:452560 	Puts:1486520 	Flushes:0 	Evicts:0 	Demoted :905216 	Calc-used:128744 			   	
SSD 	Used:122231 	Limit:131072 	Gets:385673 	Puts:0 	Flushes:397312 	Evicts:397312 	Promoted:0 	Calc-used:122231 
---------------------------------------------
Sat Jun 24 21:35:31 IST 2017
GET 	Requests:1739126 				
MEM 	Used:127200 	Limit:131072 	Gets:468950 	Puts:1538230 	Flushes:0 	Evicts:0 	Demoted :942080 	Calc-used:127200 			   	
SSD 	Used:125891 	Limit:131072 	Gets:402493 	Puts:0 	Flushes:413696 	Evicts:413696 	Promoted:0 	Calc-used:125891 
---------------------------------------------
Sat Jun 24 21:36:01 IST 2017
GET 	Requests:1790779 				
MEM 	Used:127101 	Limit:131072 	Gets:485942 	Puts:1589939 	Flushes:0 	Evicts:0 	Demoted :976896 	Calc-used:127101 			   	
SSD 	Used:123915 	Limit:131072 	Gets:418805 	Puts:0 	Flushes:434176 	Evicts:434176 	Promoted:0 	Calc-used:123915 
---------------------------------------------
Sat Jun 24 21:36:31 IST 2017
GET 	Requests:1842348 				
MEM 	Used:127125 	Limit:131072 	Gets:502630 	Puts:1641467 	Flushes:0 	Evicts:0 	Demoted :1011712 	Calc-used:127125 			   	
SSD 	Used:125923 	Limit:131072 	Gets:435229 	Puts:0 	Flushes:450560 	Evicts:450560 	Promoted:0 	Calc-used:125923 
---------------------------------------------
Sat Jun 24 21:37:01 IST 2017
GET 	Requests:1893557 				
MEM 	Used:128451 	Limit:131072 	Gets:519672 	Puts:1692603 	Flushes:0 	Evicts:0 	Demoted :1044480 	Calc-used:128451 			   	
SSD 	Used:126292 	Limit:131072 	Gets:451244 	Puts:0 	Flushes:466944 	Evicts:466944 	Promoted:0 	Calc-used:126292 
---------------------------------------------
Sat Jun 24 21:37:31 IST 2017
GET 	Requests:1947799 				
MEM 	Used:127959 	Limit:131072 	Gets:537556 	Puts:1746859 	Flushes:0 	Evicts:0 	Demoted :1081344 	Calc-used:127959 			   	
SSD 	Used:125174 	Limit:131072 	Gets:468746 	Puts:0 	Flushes:487424 	Evicts:487424 	Promoted:0 	Calc-used:125174 
---------------------------------------------
Sat Jun 24 21:38:01 IST 2017
GET 	Requests:2001453 				
MEM 	Used:127166 	Limit:131072 	Gets:555036 	Puts:1800410 	Flushes:0 	Evicts:0 	Demoted :1118208 	Calc-used:127166 			   	
SSD 	Used:124463 	Limit:131072 	Gets:485841 	Puts:0 	Flushes:507904 	Evicts:507904 	Promoted:0 	Calc-used:124463 
---------------------------------------------
Sat Jun 24 21:38:31 IST 2017
GET 	Requests:2055903 				
MEM 	Used:128989 	Limit:131072 	Gets:572900 	Puts:1854913 	Flushes:0 	Evicts:0 	Demoted :1153024 	Calc-used:128989 			   	
SSD 	Used:125613 	Limit:131072 	Gets:503123 	Puts:0 	Flushes:524288 	Evicts:524288 	Promoted:0 	Calc-used:125613 
---------------------------------------------
Sat Jun 24 21:39:01 IST 2017
GET 	Requests:2106287 				
MEM 	Used:128638 	Limit:131072 	Gets:588864 	Puts:1905342 	Flushes:0 	Evicts:0 	Demoted :1187840 	Calc-used:128638 			   	
SSD 	Used:123541 	Limit:131072 	Gets:519531 	Puts:0 	Flushes:544768 	Evicts:544768 	Promoted:0 	Calc-used:123541 
---------------------------------------------
Sat Jun 24 21:39:31 IST 2017
GET 	Requests:2160155 				
MEM 	Used:127959 	Limit:131072 	Gets:606542 	Puts:1959205 	Flushes:0 	Evicts:0 	Demoted :1224704 	Calc-used:127959 			   	
SSD 	Used:122837 	Limit:131072 	Gets:536619 	Puts:0 	Flushes:565248 	Evicts:565248 	Promoted:0 	Calc-used:122837 
---------------------------------------------
Sat Jun 24 21:40:01 IST 2017
GET 	Requests:2214242 				
MEM 	Used:127763 	Limit:131072 	Gets:624216 	Puts:2013547 	Flushes:0 	Evicts:0 	Demoted :1261568 	Calc-used:127763 			   	
SSD 	Used:125892 	Limit:131072 	Gets:554044 	Puts:0 	Flushes:581632 	Evicts:581632 	Promoted:0 	Calc-used:125892 
---------------------------------------------
Sat Jun 24 21:40:31 IST 2017
GET 	Requests:2268329 				
MEM 	Used:127908 	Limit:131072 	Gets:641270 	Puts:2067610 	Flushes:0 	Evicts:0 	Demoted :1298432 	Calc-used:127908 			   	
SSD 	Used:124856 	Limit:131072 	Gets:571464 	Puts:0 	Flushes:602112 	Evicts:602112 	Promoted:0 	Calc-used:124856 
---------------------------------------------
Sat Jun 24 21:41:01 IST 2017
GET 	Requests:2311958 				
MEM 	Used:128998 	Limit:131072 	Gets:655121 	Puts:2111223 	Flushes:0 	Evicts:0 	Demoted :1327104 	Calc-used:128998 			   	
SSD 	Used:123188 	Limit:131072 	Gets:585420 	Puts:0 	Flushes:618496 	Evicts:618496 	Promoted:0 	Calc-used:123188 
---------------------------------------------
Sat Jun 24 21:41:31 IST 2017
GET 	Requests:2363405 				
MEM 	Used:128953 	Limit:131072 	Gets:671687 	Puts:2162560 	Flushes:0 	Evicts:0 	Demoted :1361920 	Calc-used:128953 			   	
SSD 	Used:125427 	Limit:131072 	Gets:601613 	Puts:0 	Flushes:634880 	Evicts:634880 	Promoted:0 	Calc-used:125427 
---------------------------------------------
Sat Jun 24 21:42:01 IST 2017
GET 	Requests:2415623 				
MEM 	Used:127230 	Limit:131072 	Gets:688620 	Puts:2214634 	Flushes:0 	Evicts:0 	Demoted :1398784 	Calc-used:127230 			   	
SSD 	Used:125687 	Limit:131072 	Gets:617737 	Puts:0 	Flushes:655360 	Evicts:655360 	Promoted:0 	Calc-used:125687 
---------------------------------------------
Sat Jun 24 21:42:31 IST 2017
GET 	Requests:2469814 				
MEM 	Used:128917 	Limit:131072 	Gets:706356 	Puts:2268873 	Flushes:0 	Evicts:0 	Demoted :1433600 	Calc-used:128917 			   	
SSD 	Used:122750 	Limit:131072 	Gets:635010 	Puts:0 	Flushes:675840 	Evicts:675840 	Promoted:0 	Calc-used:122750 
---------------------------------------------
Sat Jun 24 21:43:01 IST 2017
GET 	Requests:2523979 				
MEM 	Used:128741 	Limit:131072 	Gets:723756 	Puts:2322961 	Flushes:0 	Evicts:0 	Demoted :1470464 	Calc-used:128741 			   	
SSD 	Used:125771 	Limit:131072 	Gets:652469 	Puts:0 	Flushes:692224 	Evicts:692224 	Promoted:0 	Calc-used:125771 
---------------------------------------------
Sat Jun 24 21:43:31 IST 2017
GET 	Requests:2580056 				
MEM 	Used:127533 	Limit:131072 	Gets:742136 	Puts:2379045 	Flushes:0 	Evicts:0 	Demoted :1509376 	Calc-used:127533 			   	
SSD 	Used:125342 	Limit:131072 	Gets:671330 	Puts:0 	Flushes:712704 	Evicts:712704 	Promoted:0 	Calc-used:125342 
---------------------------------------------
Sat Jun 24 21:44:01 IST 2017
GET 	Requests:2635164 				
MEM 	Used:127955 	Limit:131072 	Gets:760000 	Puts:2434195 	Flushes:0 	Evicts:0 	Demoted :1546240 	Calc-used:127955 			   	
SSD 	Used:123864 	Limit:131072 	Gets:689192 	Puts:0 	Flushes:733184 	Evicts:733184 	Promoted:0 	Calc-used:123864 
---------------------------------------------
Sat Jun 24 21:44:31 IST 2017
GET 	Requests:2635892 				
MEM 	Used:128675 	Limit:131072 	Gets:760000 	Puts:2434915 	Flushes:0 	Evicts:0 	Demoted :1546240 	Calc-used:128675 			   	
SSD 	Used:123846 	Limit:131072 	Gets:689210 	Puts:0 	Flushes:733184 	Evicts:733184 	Promoted:0 	Calc-used:123846 
---------------------------------------------
