Fri May 19 18:48:58 IST 2017
--------------------MEMCG-----------------------
MEM ONLY  : 29 MB
MEM+SWAP  : 29 MB
cache 23564288
rss 7864320
rss_huge 0
mapped_file 8908800
writeback 0
swap 0
pgpgin 78434
pgpgout 70761
pgfault 177559
pgmajfault 195
inactive_anon 45056
active_anon 7892992
inactive_file 11157504
active_file 12333056
unevictable 0
hierarchical_memory_limit 6442450944
hierarchical_memsw_limit 32212254720
total_cache 23564288
total_rss 7864320
total_rss_huge 0
total_mapped_file 8908800
total_writeback 0
total_swap 0
total_pgpgin 78434
total_pgpgout 70761
total_pgfault 177559
total_pgmajfault 195
total_inactive_anon 45056
total_active_anon 7892992
total_inactive_file 11157504
total_active_file 12333056
total_unevictable 0
--------------------BLKIO-----------------------
11:0 Read 0
11:0 Write 0
11:0 Sync 0
11:0 Async 0
11:0 Total 0
253:0 Read 23441408
253:0 Write 229376
253:0 Sync 0
253:0 Async 23670784
253:0 Total 23670784
Total 23670784
--------------------CPUAC-----------------------
user 33
system 75
 
Fri May 19 18:49:28 IST 2017
--------------------MEMCG-----------------------
MEM ONLY  : 29 MB
MEM+SWAP  : 29 MB
cache 23564288
rss 7598080
rss_huge 0
mapped_file 8769536
writeback 0
swap 0
pgpgin 78434
pgpgout 70826
pgfault 177568
pgmajfault 195
inactive_anon 45056
active_anon 7626752
inactive_file 11137024
active_file 12353536
unevictable 0
hierarchical_memory_limit 6442450944
hierarchical_memsw_limit 32212254720
total_cache 23564288
total_rss 7598080
total_rss_huge 0
total_mapped_file 8769536
total_writeback 0
total_swap 0
total_pgpgin 78434
total_pgpgout 70826
total_pgfault 177568
total_pgmajfault 195
total_inactive_anon 45056
total_active_anon 7626752
total_inactive_file 11137024
total_active_file 12353536
total_unevictable 0
--------------------BLKIO-----------------------
11:0 Read 0
11:0 Write 0
11:0 Sync 0
11:0 Async 0
11:0 Total 0
253:0 Read 23441408
253:0 Write 229376
253:0 Sync 0
253:0 Async 23670784
253:0 Total 23670784
Total 23670784
--------------------CPUAC-----------------------
user 33
system 76
 
Fri May 19 18:49:58 IST 2017
--------------------MEMCG-----------------------
MEM ONLY  : 29 MB
MEM+SWAP  : 29 MB
cache 23564288
rss 7598080
rss_huge 0
mapped_file 8769536
writeback 0
swap 0
pgpgin 78434
pgpgout 70826
pgfault 177568
pgmajfault 195
inactive_anon 45056
active_anon 7626752
inactive_file 11137024
active_file 12353536
unevictable 0
hierarchical_memory_limit 6442450944
hierarchical_memsw_limit 32212254720
total_cache 23564288
total_rss 7598080
total_rss_huge 0
total_mapped_file 8769536
total_writeback 0
total_swap 0
total_pgpgin 78434
total_pgpgout 70826
total_pgfault 177568
total_pgmajfault 195
total_inactive_anon 45056
total_active_anon 7626752
total_inactive_file 11137024
total_active_file 12353536
total_unevictable 0
--------------------BLKIO-----------------------
11:0 Read 0
11:0 Write 0
11:0 Sync 0
11:0 Async 0
11:0 Total 0
253:0 Read 23441408
253:0 Write 229376
253:0 Sync 0
253:0 Async 23670784
253:0 Total 23670784
Total 23670784
--------------------CPUAC-----------------------
user 33
system 76
 
Fri May 19 18:50:28 IST 2017
--------------------MEMCG-----------------------
MEM ONLY  : 29 MB
MEM+SWAP  : 29 MB
cache 23564288
rss 7598080
rss_huge 0
mapped_file 8769536
writeback 0
swap 0
pgpgin 78434
pgpgout 70826
pgfault 177568
pgmajfault 195
inactive_anon 45056
active_anon 7626752
inactive_file 11137024
active_file 12353536
unevictable 0
hierarchical_memory_limit 6442450944
hierarchical_memsw_limit 32212254720
total_cache 23564288
total_rss 7598080
total_rss_huge 0
total_mapped_file 8769536
total_writeback 0
total_swap 0
total_pgpgin 78434
total_pgpgout 70826
total_pgfault 177568
total_pgmajfault 195
total_inactive_anon 45056
total_active_anon 7626752
total_inactive_file 11137024
total_active_file 12353536
total_unevictable 0
--------------------BLKIO-----------------------
11:0 Read 0
11:0 Write 0
11:0 Sync 0
11:0 Async 0
11:0 Total 0
253:0 Read 23441408
253:0 Write 229376
253:0 Sync 0
253:0 Async 23670784
253:0 Total 23670784
Total 23670784
--------------------CPUAC-----------------------
user 33
system 77
 
Fri May 19 18:50:58 IST 2017
--------------------MEMCG-----------------------
MEM ONLY  : 29 MB
MEM+SWAP  : 29 MB
cache 23564288
rss 7598080
rss_huge 0
mapped_file 8769536
writeback 0
swap 0
pgpgin 78434
pgpgout 70826
pgfault 177568
pgmajfault 195
inactive_anon 45056
active_anon 7626752
inactive_file 11137024
active_file 12353536
unevictable 0
hierarchical_memory_limit 6442450944
hierarchical_memsw_limit 32212254720
total_cache 23564288
total_rss 7598080
total_rss_huge 0
total_mapped_file 8769536
total_writeback 0
total_swap 0
total_pgpgin 78434
total_pgpgout 70826
total_pgfault 177568
total_pgmajfault 195
total_inactive_anon 45056
total_active_anon 7626752
total_inactive_file 11137024
total_active_file 12353536
total_unevictable 0
--------------------BLKIO-----------------------
11:0 Read 0
11:0 Write 0
11:0 Sync 0
11:0 Async 0
11:0 Total 0
253:0 Read 23441408
253:0 Write 229376
253:0 Sync 0
253:0 Async 23670784
253:0 Total 23670784
Total 23670784
--------------------CPUAC-----------------------
user 34
system 78
 
Fri May 19 18:51:28 IST 2017
--------------------MEMCG-----------------------
MEM ONLY  : 29 MB
MEM+SWAP  : 29 MB
cache 23564288
rss 7598080
rss_huge 0
mapped_file 8769536
writeback 0
swap 0
pgpgin 78434
pgpgout 70826
pgfault 177568
pgmajfault 195
inactive_anon 45056
active_anon 7626752
inactive_file 11137024
active_file 12353536
unevictable 0
hierarchical_memory_limit 6442450944
hierarchical_memsw_limit 32212254720
total_cache 23564288
total_rss 7598080
total_rss_huge 0
total_mapped_file 8769536
total_writeback 0
total_swap 0
total_pgpgin 78434
total_pgpgout 70826
total_pgfault 177568
total_pgmajfault 195
total_inactive_anon 45056
total_active_anon 7626752
total_inactive_file 11137024
total_active_file 12353536
total_unevictable 0
--------------------BLKIO-----------------------
11:0 Read 0
11:0 Write 0
11:0 Sync 0
11:0 Async 0
11:0 Total 0
253:0 Read 23441408
253:0 Write 229376
253:0 Sync 0
253:0 Async 23670784
253:0 Total 23670784
Total 23670784
--------------------CPUAC-----------------------
user 34
system 78
 
Fri May 19 18:51:59 IST 2017
--------------------MEMCG-----------------------
MEM ONLY  : 29 MB
MEM+SWAP  : 29 MB
cache 23564288
rss 7598080
rss_huge 0
mapped_file 8769536
writeback 0
swap 0
pgpgin 78434
pgpgout 70826
pgfault 177568
pgmajfault 195
inactive_anon 45056
active_anon 7626752
inactive_file 11137024
active_file 12353536
unevictable 0
hierarchical_memory_limit 6442450944
hierarchical_memsw_limit 32212254720
total_cache 23564288
total_rss 7598080
total_rss_huge 0
total_mapped_file 8769536
total_writeback 0
total_swap 0
total_pgpgin 78434
total_pgpgout 70826
total_pgfault 177568
total_pgmajfault 195
total_inactive_anon 45056
total_active_anon 7626752
total_inactive_file 11137024
total_active_file 12353536
total_unevictable 0
--------------------BLKIO-----------------------
11:0 Read 0
11:0 Write 0
11:0 Sync 0
11:0 Async 0
11:0 Total 0
253:0 Read 23441408
253:0 Write 229376
253:0 Sync 0
253:0 Async 23670784
253:0 Total 23670784
Total 23670784
--------------------CPUAC-----------------------
user 34
system 79
 
Fri May 19 18:52:29 IST 2017
--------------------MEMCG-----------------------
MEM ONLY  : 29 MB
MEM+SWAP  : 29 MB
cache 23564288
rss 7598080
rss_huge 0
mapped_file 8769536
writeback 0
swap 0
pgpgin 78434
pgpgout 70826
pgfault 177568
pgmajfault 195
inactive_anon 45056
active_anon 7626752
inactive_file 11137024
active_file 12353536
unevictable 0
hierarchical_memory_limit 6442450944
hierarchical_memsw_limit 32212254720
total_cache 23564288
total_rss 7598080
total_rss_huge 0
total_mapped_file 8769536
total_writeback 0
total_swap 0
total_pgpgin 78434
total_pgpgout 70826
total_pgfault 177568
total_pgmajfault 195
total_inactive_anon 45056
total_active_anon 7626752
total_inactive_file 11137024
total_active_file 12353536
total_unevictable 0
--------------------BLKIO-----------------------
11:0 Read 0
11:0 Write 0
11:0 Sync 0
11:0 Async 0
11:0 Total 0
253:0 Read 23441408
253:0 Write 229376
253:0 Sync 0
253:0 Async 23670784
253:0 Total 23670784
Total 23670784
--------------------CPUAC-----------------------
user 34
system 79
 
Fri May 19 18:52:59 IST 2017
--------------------MEMCG-----------------------
MEM ONLY  : 29 MB
MEM+SWAP  : 29 MB
cache 23564288
rss 7598080
rss_huge 0
mapped_file 8769536
writeback 0
swap 0
pgpgin 78434
pgpgout 70826
pgfault 177568
pgmajfault 195
inactive_anon 45056
active_anon 7626752
inactive_file 11137024
active_file 12353536
unevictable 0
hierarchical_memory_limit 6442450944
hierarchical_memsw_limit 32212254720
total_cache 23564288
total_rss 7598080
total_rss_huge 0
total_mapped_file 8769536
total_writeback 0
total_swap 0
total_pgpgin 78434
total_pgpgout 70826
total_pgfault 177568
total_pgmajfault 195
total_inactive_anon 45056
total_active_anon 7626752
total_inactive_file 11137024
total_active_file 12353536
total_unevictable 0
--------------------BLKIO-----------------------
11:0 Read 0
11:0 Write 0
11:0 Sync 0
11:0 Async 0
11:0 Total 0
253:0 Read 23441408
253:0 Write 229376
253:0 Sync 0
253:0 Async 23670784
253:0 Total 23670784
Total 23670784
--------------------CPUAC-----------------------
user 35
system 80
 
Fri May 19 18:53:29 IST 2017
--------------------MEMCG-----------------------
MEM ONLY  : 29 MB
MEM+SWAP  : 29 MB
cache 23564288
rss 7598080
rss_huge 0
mapped_file 8769536
writeback 0
swap 0
pgpgin 78434
pgpgout 70826
pgfault 177568
pgmajfault 195
inactive_anon 45056
active_anon 7626752
inactive_file 11137024
active_file 12353536
unevictable 0
hierarchical_memory_limit 6442450944
hierarchical_memsw_limit 32212254720
total_cache 23564288
total_rss 7598080
total_rss_huge 0
total_mapped_file 8769536
total_writeback 0
total_swap 0
total_pgpgin 78434
total_pgpgout 70826
total_pgfault 177568
total_pgmajfault 195
total_inactive_anon 45056
total_active_anon 7626752
total_inactive_file 11137024
total_active_file 12353536
total_unevictable 0
--------------------BLKIO-----------------------
11:0 Read 0
11:0 Write 0
11:0 Sync 0
11:0 Async 0
11:0 Total 0
253:0 Read 23441408
253:0 Write 229376
253:0 Sync 0
253:0 Async 23670784
253:0 Total 23670784
Total 23670784
--------------------CPUAC-----------------------
user 35
system 81
 
Fri May 19 18:53:59 IST 2017
--------------------MEMCG-----------------------
MEM ONLY  : 29 MB
MEM+SWAP  : 29 MB
cache 23564288
rss 7598080
rss_huge 0
mapped_file 8769536
writeback 0
swap 0
pgpgin 78434
pgpgout 70826
pgfault 177568
pgmajfault 195
inactive_anon 45056
active_anon 7626752
inactive_file 11137024
active_file 12353536
unevictable 0
hierarchical_memory_limit 6442450944
hierarchical_memsw_limit 32212254720
total_cache 23564288
total_rss 7598080
total_rss_huge 0
total_mapped_file 8769536
total_writeback 0
total_swap 0
total_pgpgin 78434
total_pgpgout 70826
total_pgfault 177568
total_pgmajfault 195
total_inactive_anon 45056
total_active_anon 7626752
total_inactive_file 11137024
total_active_file 12353536
total_unevictable 0
--------------------BLKIO-----------------------
11:0 Read 0
11:0 Write 0
11:0 Sync 0
11:0 Async 0
11:0 Total 0
253:0 Read 23441408
253:0 Write 229376
253:0 Sync 0
253:0 Async 23670784
253:0 Total 23670784
Total 23670784
--------------------CPUAC-----------------------
user 36
system 82
 
Fri May 19 18:54:29 IST 2017
--------------------MEMCG-----------------------
MEM ONLY  : 29 MB
MEM+SWAP  : 29 MB
cache 23564288
rss 7598080
rss_huge 0
mapped_file 8769536
writeback 0
swap 0
pgpgin 78434
pgpgout 70826
pgfault 177568
pgmajfault 195
inactive_anon 45056
active_anon 7626752
inactive_file 11137024
active_file 12353536
unevictable 0
hierarchical_memory_limit 6442450944
hierarchical_memsw_limit 32212254720
total_cache 23564288
total_rss 7598080
total_rss_huge 0
total_mapped_file 8769536
total_writeback 0
total_swap 0
total_pgpgin 78434
total_pgpgout 70826
total_pgfault 177568
total_pgmajfault 195
total_inactive_anon 45056
total_active_anon 7626752
total_inactive_file 11137024
total_active_file 12353536
total_unevictable 0
--------------------BLKIO-----------------------
11:0 Read 0
11:0 Write 0
11:0 Sync 0
11:0 Async 0
11:0 Total 0
253:0 Read 23441408
253:0 Write 229376
253:0 Sync 0
253:0 Async 23670784
253:0 Total 23670784
Total 23670784
--------------------CPUAC-----------------------
user 36
system 83
 
Fri May 19 18:54:59 IST 2017
--------------------MEMCG-----------------------
MEM ONLY  : 29 MB
MEM+SWAP  : 29 MB
cache 23564288
rss 7598080
rss_huge 0
mapped_file 8769536
writeback 0
swap 0
pgpgin 78434
pgpgout 70826
pgfault 177568
pgmajfault 195
inactive_anon 45056
active_anon 7626752
inactive_file 11137024
active_file 12353536
unevictable 0
hierarchical_memory_limit 6442450944
hierarchical_memsw_limit 32212254720
total_cache 23564288
total_rss 7598080
total_rss_huge 0
total_mapped_file 8769536
total_writeback 0
total_swap 0
total_pgpgin 78434
total_pgpgout 70826
total_pgfault 177568
total_pgmajfault 195
total_inactive_anon 45056
total_active_anon 7626752
total_inactive_file 11137024
total_active_file 12353536
total_unevictable 0
--------------------BLKIO-----------------------
11:0 Read 0
11:0 Write 0
11:0 Sync 0
11:0 Async 0
11:0 Total 0
253:0 Read 23441408
253:0 Write 229376
253:0 Sync 0
253:0 Async 23670784
253:0 Total 23670784
Total 23670784
--------------------CPUAC-----------------------
user 36
system 86
 
Fri May 19 18:55:29 IST 2017
--------------------MEMCG-----------------------
MEM ONLY  : 29 MB
MEM+SWAP  : 29 MB
cache 23564288
rss 7598080
rss_huge 0
mapped_file 8769536
writeback 0
swap 0
pgpgin 78434
pgpgout 70826
pgfault 177568
pgmajfault 195
inactive_anon 45056
active_anon 7626752
inactive_file 11137024
active_file 12353536
unevictable 0
hierarchical_memory_limit 6442450944
hierarchical_memsw_limit 32212254720
total_cache 23564288
total_rss 7598080
total_rss_huge 0
total_mapped_file 8769536
total_writeback 0
total_swap 0
total_pgpgin 78434
total_pgpgout 70826
total_pgfault 177568
total_pgmajfault 195
total_inactive_anon 45056
total_active_anon 7626752
total_inactive_file 11137024
total_active_file 12353536
total_unevictable 0
--------------------BLKIO-----------------------
11:0 Read 0
11:0 Write 0
11:0 Sync 0
11:0 Async 0
11:0 Total 0
253:0 Read 23441408
253:0 Write 229376
253:0 Sync 0
253:0 Async 23670784
253:0 Total 23670784
Total 23670784
--------------------CPUAC-----------------------
user 37
system 87
 
Fri May 19 18:55:59 IST 2017
--------------------MEMCG-----------------------
MEM ONLY  : 29 MB
MEM+SWAP  : 29 MB
cache 23564288
rss 7598080
rss_huge 0
mapped_file 8769536
writeback 0
swap 0
pgpgin 78434
pgpgout 70826
pgfault 177568
pgmajfault 195
inactive_anon 45056
active_anon 7626752
inactive_file 11137024
active_file 12353536
unevictable 0
hierarchical_memory_limit 6442450944
hierarchical_memsw_limit 32212254720
total_cache 23564288
total_rss 7598080
total_rss_huge 0
total_mapped_file 8769536
total_writeback 0
total_swap 0
total_pgpgin 78434
total_pgpgout 70826
total_pgfault 177568
total_pgmajfault 195
total_inactive_anon 45056
total_active_anon 7626752
total_inactive_file 11137024
total_active_file 12353536
total_unevictable 0
--------------------BLKIO-----------------------
11:0 Read 0
11:0 Write 0
11:0 Sync 0
11:0 Async 0
11:0 Total 0
253:0 Read 23441408
253:0 Write 229376
253:0 Sync 0
253:0 Async 23670784
253:0 Total 23670784
Total 23670784
--------------------CPUAC-----------------------
user 37
system 88
 
Fri May 19 18:56:29 IST 2017
--------------------MEMCG-----------------------
MEM ONLY  : 29 MB
MEM+SWAP  : 29 MB
cache 23564288
rss 7598080
rss_huge 0
mapped_file 8769536
writeback 0
swap 0
pgpgin 78434
pgpgout 70826
pgfault 177568
pgmajfault 195
inactive_anon 45056
active_anon 7626752
inactive_file 11137024
active_file 12353536
unevictable 0
hierarchical_memory_limit 6442450944
hierarchical_memsw_limit 32212254720
total_cache 23564288
total_rss 7598080
total_rss_huge 0
total_mapped_file 8769536
total_writeback 0
total_swap 0
total_pgpgin 78434
total_pgpgout 70826
total_pgfault 177568
total_pgmajfault 195
total_inactive_anon 45056
total_active_anon 7626752
total_inactive_file 11137024
total_active_file 12353536
total_unevictable 0
--------------------BLKIO-----------------------
11:0 Read 0
11:0 Write 0
11:0 Sync 0
11:0 Async 0
11:0 Total 0
253:0 Read 23441408
253:0 Write 229376
253:0 Sync 0
253:0 Async 23670784
253:0 Total 23670784
Total 23670784
--------------------CPUAC-----------------------
user 37
system 89
 
Fri May 19 18:56:59 IST 2017
--------------------MEMCG-----------------------
MEM ONLY  : 29 MB
MEM+SWAP  : 29 MB
cache 23564288
rss 7598080
rss_huge 0
mapped_file 8769536
writeback 0
swap 0
pgpgin 78434
pgpgout 70826
pgfault 177568
pgmajfault 195
inactive_anon 45056
active_anon 7626752
inactive_file 11137024
active_file 12353536
unevictable 0
hierarchical_memory_limit 6442450944
hierarchical_memsw_limit 32212254720
total_cache 23564288
total_rss 7598080
total_rss_huge 0
total_mapped_file 8769536
total_writeback 0
total_swap 0
total_pgpgin 78434
total_pgpgout 70826
total_pgfault 177568
total_pgmajfault 195
total_inactive_anon 45056
total_active_anon 7626752
total_inactive_file 11137024
total_active_file 12353536
total_unevictable 0
--------------------BLKIO-----------------------
11:0 Read 0
11:0 Write 0
11:0 Sync 0
11:0 Async 0
11:0 Total 0
253:0 Read 23441408
253:0 Write 229376
253:0 Sync 0
253:0 Async 23670784
253:0 Total 23670784
Total 23670784
--------------------CPUAC-----------------------
user 38
system 90
 
Fri May 19 18:57:29 IST 2017
--------------------MEMCG-----------------------
MEM ONLY  : 29 MB
MEM+SWAP  : 29 MB
cache 23564288
rss 7598080
rss_huge 0
mapped_file 8769536
writeback 0
swap 0
pgpgin 78434
pgpgout 70826
pgfault 177568
pgmajfault 195
inactive_anon 45056
active_anon 7626752
inactive_file 11137024
active_file 12353536
unevictable 0
hierarchical_memory_limit 6442450944
hierarchical_memsw_limit 32212254720
total_cache 23564288
total_rss 7598080
total_rss_huge 0
total_mapped_file 8769536
total_writeback 0
total_swap 0
total_pgpgin 78434
total_pgpgout 70826
total_pgfault 177568
total_pgmajfault 195
total_inactive_anon 45056
total_active_anon 7626752
total_inactive_file 11137024
total_active_file 12353536
total_unevictable 0
--------------------BLKIO-----------------------
11:0 Read 0
11:0 Write 0
11:0 Sync 0
11:0 Async 0
11:0 Total 0
253:0 Read 23441408
253:0 Write 229376
253:0 Sync 0
253:0 Async 23670784
253:0 Total 23670784
Total 23670784
--------------------CPUAC-----------------------
user 38
system 90
 
Fri May 19 18:57:59 IST 2017
--------------------MEMCG-----------------------
MEM ONLY  : 29 MB
MEM+SWAP  : 29 MB
cache 23564288
rss 7598080
rss_huge 0
mapped_file 8769536
writeback 0
swap 0
pgpgin 78434
pgpgout 70826
pgfault 177568
pgmajfault 195
inactive_anon 45056
active_anon 7626752
inactive_file 11137024
active_file 12353536
unevictable 0
hierarchical_memory_limit 6442450944
hierarchical_memsw_limit 32212254720
total_cache 23564288
total_rss 7598080
total_rss_huge 0
total_mapped_file 8769536
total_writeback 0
total_swap 0
total_pgpgin 78434
total_pgpgout 70826
total_pgfault 177568
total_pgmajfault 195
total_inactive_anon 45056
total_active_anon 7626752
total_inactive_file 11137024
total_active_file 12353536
total_unevictable 0
--------------------BLKIO-----------------------
11:0 Read 0
11:0 Write 0
11:0 Sync 0
11:0 Async 0
11:0 Total 0
253:0 Read 23441408
253:0 Write 229376
253:0 Sync 0
253:0 Async 23670784
253:0 Total 23670784
Total 23670784
--------------------CPUAC-----------------------
user 38
system 91
 
Fri May 19 18:58:29 IST 2017
--------------------MEMCG-----------------------
MEM ONLY  : 29 MB
MEM+SWAP  : 29 MB
cache 23564288
rss 7598080
rss_huge 0
mapped_file 8769536
writeback 0
swap 0
pgpgin 78434
pgpgout 70826
pgfault 177568
pgmajfault 195
inactive_anon 45056
active_anon 7626752
inactive_file 11137024
active_file 12353536
unevictable 0
hierarchical_memory_limit 6442450944
hierarchical_memsw_limit 32212254720
total_cache 23564288
total_rss 7598080
total_rss_huge 0
total_mapped_file 8769536
total_writeback 0
total_swap 0
total_pgpgin 78434
total_pgpgout 70826
total_pgfault 177568
total_pgmajfault 195
total_inactive_anon 45056
total_active_anon 7626752
total_inactive_file 11137024
total_active_file 12353536
total_unevictable 0
--------------------BLKIO-----------------------
11:0 Read 0
11:0 Write 0
11:0 Sync 0
11:0 Async 0
11:0 Total 0
253:0 Read 23441408
253:0 Write 229376
253:0 Sync 0
253:0 Async 23670784
253:0 Total 23670784
Total 23670784
--------------------CPUAC-----------------------
user 38
system 91
 
Fri May 19 18:58:59 IST 2017
--------------------MEMCG-----------------------
MEM ONLY  : 29 MB
MEM+SWAP  : 29 MB
cache 23564288
rss 7598080
rss_huge 0
mapped_file 8769536
writeback 0
swap 0
pgpgin 78434
pgpgout 70826
pgfault 177568
pgmajfault 195
inactive_anon 45056
active_anon 7626752
inactive_file 11137024
active_file 12353536
unevictable 0
hierarchical_memory_limit 6442450944
hierarchical_memsw_limit 32212254720
total_cache 23564288
total_rss 7598080
total_rss_huge 0
total_mapped_file 8769536
total_writeback 0
total_swap 0
total_pgpgin 78434
total_pgpgout 70826
total_pgfault 177568
total_pgmajfault 195
total_inactive_anon 45056
total_active_anon 7626752
total_inactive_file 11137024
total_active_file 12353536
total_unevictable 0
--------------------BLKIO-----------------------
11:0 Read 0
11:0 Write 0
11:0 Sync 0
11:0 Async 0
11:0 Total 0
253:0 Read 23441408
253:0 Write 229376
253:0 Sync 0
253:0 Async 23670784
253:0 Total 23670784
Total 23670784
--------------------CPUAC-----------------------
user 38
system 92
 
Fri May 19 18:59:29 IST 2017
--------------------MEMCG-----------------------
MEM ONLY  : 29 MB
MEM+SWAP  : 29 MB
cache 23564288
rss 7598080
rss_huge 0
mapped_file 8769536
writeback 0
swap 0
pgpgin 78434
pgpgout 70826
pgfault 177568
pgmajfault 195
inactive_anon 45056
active_anon 7626752
inactive_file 11137024
active_file 12353536
unevictable 0
hierarchical_memory_limit 6442450944
hierarchical_memsw_limit 32212254720
total_cache 23564288
total_rss 7598080
total_rss_huge 0
total_mapped_file 8769536
total_writeback 0
total_swap 0
total_pgpgin 78434
total_pgpgout 70826
total_pgfault 177568
total_pgmajfault 195
total_inactive_anon 45056
total_active_anon 7626752
total_inactive_file 11137024
total_active_file 12353536
total_unevictable 0
--------------------BLKIO-----------------------
11:0 Read 0
11:0 Write 0
11:0 Sync 0
11:0 Async 0
11:0 Total 0
253:0 Read 23441408
253:0 Write 229376
253:0 Sync 0
253:0 Async 23670784
253:0 Total 23670784
Total 23670784
--------------------CPUAC-----------------------
user 38
system 92
 
Fri May 19 18:59:59 IST 2017
--------------------MEMCG-----------------------
MEM ONLY  : 29 MB
MEM+SWAP  : 29 MB
cache 23564288
rss 7598080
rss_huge 0
mapped_file 8769536
writeback 0
swap 0
pgpgin 78434
pgpgout 70826
pgfault 177568
pgmajfault 195
inactive_anon 45056
active_anon 7626752
inactive_file 11137024
active_file 12353536
unevictable 0
hierarchical_memory_limit 6442450944
hierarchical_memsw_limit 32212254720
total_cache 23564288
total_rss 7598080
total_rss_huge 0
total_mapped_file 8769536
total_writeback 0
total_swap 0
total_pgpgin 78434
total_pgpgout 70826
total_pgfault 177568
total_pgmajfault 195
total_inactive_anon 45056
total_active_anon 7626752
total_inactive_file 11137024
total_active_file 12353536
total_unevictable 0
--------------------BLKIO-----------------------
11:0 Read 0
11:0 Write 0
11:0 Sync 0
11:0 Async 0
11:0 Total 0
253:0 Read 23441408
253:0 Write 229376
253:0 Sync 0
253:0 Async 23670784
253:0 Total 23670784
Total 23670784
--------------------CPUAC-----------------------
user 38
system 92
 
Fri May 19 19:00:29 IST 2017
--------------------MEMCG-----------------------
MEM ONLY  : 29 MB
MEM+SWAP  : 29 MB
cache 23564288
rss 7598080
rss_huge 0
mapped_file 8769536
writeback 0
swap 0
pgpgin 78434
pgpgout 70826
pgfault 177568
pgmajfault 195
inactive_anon 45056
active_anon 7626752
inactive_file 11137024
active_file 12353536
unevictable 0
hierarchical_memory_limit 6442450944
hierarchical_memsw_limit 32212254720
total_cache 23564288
total_rss 7598080
total_rss_huge 0
total_mapped_file 8769536
total_writeback 0
total_swap 0
total_pgpgin 78434
total_pgpgout 70826
total_pgfault 177568
total_pgmajfault 195
total_inactive_anon 45056
total_active_anon 7626752
total_inactive_file 11137024
total_active_file 12353536
total_unevictable 0
--------------------BLKIO-----------------------
11:0 Read 0
11:0 Write 0
11:0 Sync 0
11:0 Async 0
11:0 Total 0
253:0 Read 23441408
253:0 Write 229376
253:0 Sync 0
253:0 Async 23670784
253:0 Total 23670784
Total 23670784
--------------------CPUAC-----------------------
user 39
system 94
 
Fri May 19 19:00:59 IST 2017
--------------------MEMCG-----------------------
MEM ONLY  : 29 MB
MEM+SWAP  : 29 MB
cache 23564288
rss 7598080
rss_huge 0
mapped_file 8769536
writeback 0
swap 0
pgpgin 78434
pgpgout 70826
pgfault 177568
pgmajfault 195
inactive_anon 45056
active_anon 7626752
inactive_file 11137024
active_file 12353536
unevictable 0
hierarchical_memory_limit 6442450944
hierarchical_memsw_limit 32212254720
total_cache 23564288
total_rss 7598080
total_rss_huge 0
total_mapped_file 8769536
total_writeback 0
total_swap 0
total_pgpgin 78434
total_pgpgout 70826
total_pgfault 177568
total_pgmajfault 195
total_inactive_anon 45056
total_active_anon 7626752
total_inactive_file 11137024
total_active_file 12353536
total_unevictable 0
--------------------BLKIO-----------------------
11:0 Read 0
11:0 Write 0
11:0 Sync 0
11:0 Async 0
11:0 Total 0
253:0 Read 23441408
253:0 Write 229376
253:0 Sync 0
253:0 Async 23670784
253:0 Total 23670784
Total 23670784
--------------------CPUAC-----------------------
user 40
system 94
 
Fri May 19 19:01:29 IST 2017
--------------------MEMCG-----------------------
MEM ONLY  : 29 MB
MEM+SWAP  : 29 MB
cache 23564288
rss 7598080
rss_huge 0
mapped_file 8769536
writeback 0
swap 0
pgpgin 78434
pgpgout 70826
pgfault 177568
pgmajfault 195
inactive_anon 45056
active_anon 7626752
inactive_file 11137024
active_file 12353536
unevictable 0
hierarchical_memory_limit 6442450944
hierarchical_memsw_limit 32212254720
total_cache 23564288
total_rss 7598080
total_rss_huge 0
total_mapped_file 8769536
total_writeback 0
total_swap 0
total_pgpgin 78434
total_pgpgout 70826
total_pgfault 177568
total_pgmajfault 195
total_inactive_anon 45056
total_active_anon 7626752
total_inactive_file 11137024
total_active_file 12353536
total_unevictable 0
--------------------BLKIO-----------------------
11:0 Read 0
11:0 Write 0
11:0 Sync 0
11:0 Async 0
11:0 Total 0
253:0 Read 23441408
253:0 Write 229376
253:0 Sync 0
253:0 Async 23670784
253:0 Total 23670784
Total 23670784
--------------------CPUAC-----------------------
user 41
system 98
 
Fri May 19 19:01:59 IST 2017
--------------------MEMCG-----------------------
MEM ONLY  : 29 MB
MEM+SWAP  : 29 MB
cache 23564288
rss 7598080
rss_huge 0
mapped_file 8769536
writeback 0
swap 0
pgpgin 78434
pgpgout 70826
pgfault 177568
pgmajfault 195
inactive_anon 45056
active_anon 7626752
inactive_file 11137024
active_file 12353536
unevictable 0
hierarchical_memory_limit 6442450944
hierarchical_memsw_limit 32212254720
total_cache 23564288
total_rss 7598080
total_rss_huge 0
total_mapped_file 8769536
total_writeback 0
total_swap 0
total_pgpgin 78434
total_pgpgout 70826
total_pgfault 177568
total_pgmajfault 195
total_inactive_anon 45056
total_active_anon 7626752
total_inactive_file 11137024
total_active_file 12353536
total_unevictable 0
--------------------BLKIO-----------------------
11:0 Read 0
11:0 Write 0
11:0 Sync 0
11:0 Async 0
11:0 Total 0
253:0 Read 23441408
253:0 Write 229376
253:0 Sync 0
253:0 Async 23670784
253:0 Total 23670784
Total 23670784
--------------------CPUAC-----------------------
user 42
system 98
 
Fri May 19 19:02:29 IST 2017
--------------------MEMCG-----------------------
MEM ONLY  : 29 MB
MEM+SWAP  : 29 MB
cache 23564288
rss 7598080
rss_huge 0
mapped_file 8769536
writeback 0
swap 0
pgpgin 78434
pgpgout 70826
pgfault 177568
pgmajfault 195
inactive_anon 45056
active_anon 7626752
inactive_file 11137024
active_file 12353536
unevictable 0
hierarchical_memory_limit 6442450944
hierarchical_memsw_limit 32212254720
total_cache 23564288
total_rss 7598080
total_rss_huge 0
total_mapped_file 8769536
total_writeback 0
total_swap 0
total_pgpgin 78434
total_pgpgout 70826
total_pgfault 177568
total_pgmajfault 195
total_inactive_anon 45056
total_active_anon 7626752
total_inactive_file 11137024
total_active_file 12353536
total_unevictable 0
--------------------BLKIO-----------------------
11:0 Read 0
11:0 Write 0
11:0 Sync 0
11:0 Async 0
11:0 Total 0
253:0 Read 23441408
253:0 Write 229376
253:0 Sync 0
253:0 Async 23670784
253:0 Total 23670784
Total 23670784
--------------------CPUAC-----------------------
user 43
system 98
 
Fri May 19 19:02:59 IST 2017
--------------------MEMCG-----------------------
MEM ONLY  : 29 MB
MEM+SWAP  : 29 MB
cache 23564288
rss 7598080
rss_huge 0
mapped_file 8769536
writeback 0
swap 0
pgpgin 78434
pgpgout 70826
pgfault 177568
pgmajfault 195
inactive_anon 45056
active_anon 7626752
inactive_file 11137024
active_file 12353536
unevictable 0
hierarchical_memory_limit 6442450944
hierarchical_memsw_limit 32212254720
total_cache 23564288
total_rss 7598080
total_rss_huge 0
total_mapped_file 8769536
total_writeback 0
total_swap 0
total_pgpgin 78434
total_pgpgout 70826
total_pgfault 177568
total_pgmajfault 195
total_inactive_anon 45056
total_active_anon 7626752
total_inactive_file 11137024
total_active_file 12353536
total_unevictable 0
--------------------BLKIO-----------------------
11:0 Read 0
11:0 Write 0
11:0 Sync 0
11:0 Async 0
11:0 Total 0
253:0 Read 23441408
253:0 Write 229376
253:0 Sync 0
253:0 Async 23670784
253:0 Total 23670784
Total 23670784
--------------------CPUAC-----------------------
user 43
system 100
 
Fri May 19 19:03:29 IST 2017
--------------------MEMCG-----------------------
MEM ONLY  : 29 MB
MEM+SWAP  : 29 MB
cache 23564288
rss 7598080
rss_huge 0
mapped_file 8769536
writeback 0
swap 0
pgpgin 78434
pgpgout 70826
pgfault 177568
pgmajfault 195
inactive_anon 45056
active_anon 7626752
inactive_file 11137024
active_file 12353536
unevictable 0
hierarchical_memory_limit 6442450944
hierarchical_memsw_limit 32212254720
total_cache 23564288
total_rss 7598080
total_rss_huge 0
total_mapped_file 8769536
total_writeback 0
total_swap 0
total_pgpgin 78434
total_pgpgout 70826
total_pgfault 177568
total_pgmajfault 195
total_inactive_anon 45056
total_active_anon 7626752
total_inactive_file 11137024
total_active_file 12353536
total_unevictable 0
--------------------BLKIO-----------------------
11:0 Read 0
11:0 Write 0
11:0 Sync 0
11:0 Async 0
11:0 Total 0
253:0 Read 23441408
253:0 Write 229376
253:0 Sync 0
253:0 Async 23670784
253:0 Total 23670784
Total 23670784
--------------------CPUAC-----------------------
user 43
system 101
 
Fri May 19 19:03:59 IST 2017
--------------------MEMCG-----------------------
MEM ONLY  : 29 MB
MEM+SWAP  : 29 MB
cache 23564288
rss 7598080
rss_huge 0
mapped_file 8769536
writeback 0
swap 0
pgpgin 78434
pgpgout 70826
pgfault 177568
pgmajfault 195
inactive_anon 45056
active_anon 7626752
inactive_file 11137024
active_file 12353536
unevictable 0
hierarchical_memory_limit 6442450944
hierarchical_memsw_limit 32212254720
total_cache 23564288
total_rss 7598080
total_rss_huge 0
total_mapped_file 8769536
total_writeback 0
total_swap 0
total_pgpgin 78434
total_pgpgout 70826
total_pgfault 177568
total_pgmajfault 195
total_inactive_anon 45056
total_active_anon 7626752
total_inactive_file 11137024
total_active_file 12353536
total_unevictable 0
--------------------BLKIO-----------------------
11:0 Read 0
11:0 Write 0
11:0 Sync 0
11:0 Async 0
11:0 Total 0
253:0 Read 23441408
253:0 Write 229376
253:0 Sync 0
253:0 Async 23670784
253:0 Total 23670784
Total 23670784
--------------------CPUAC-----------------------
user 43
system 102
 
Fri May 19 19:04:29 IST 2017
--------------------MEMCG-----------------------
MEM ONLY  : 29 MB
MEM+SWAP  : 29 MB
cache 23564288
rss 7598080
rss_huge 0
mapped_file 8769536
writeback 0
swap 0
pgpgin 78434
pgpgout 70826
pgfault 177568
pgmajfault 195
inactive_anon 45056
active_anon 7626752
inactive_file 11137024
active_file 12353536
unevictable 0
hierarchical_memory_limit 6442450944
hierarchical_memsw_limit 32212254720
total_cache 23564288
total_rss 7598080
total_rss_huge 0
total_mapped_file 8769536
total_writeback 0
total_swap 0
total_pgpgin 78434
total_pgpgout 70826
total_pgfault 177568
total_pgmajfault 195
total_inactive_anon 45056
total_active_anon 7626752
total_inactive_file 11137024
total_active_file 12353536
total_unevictable 0
--------------------BLKIO-----------------------
11:0 Read 0
11:0 Write 0
11:0 Sync 0
11:0 Async 0
11:0 Total 0
253:0 Read 23441408
253:0 Write 229376
253:0 Sync 0
253:0 Async 23670784
253:0 Total 23670784
Total 23670784
--------------------CPUAC-----------------------
user 43
system 102
 
Fri May 19 19:04:59 IST 2017
--------------------MEMCG-----------------------
MEM ONLY  : 29 MB
MEM+SWAP  : 29 MB
cache 23564288
rss 7598080
rss_huge 0
mapped_file 8769536
writeback 0
swap 0
pgpgin 78434
pgpgout 70826
pgfault 177568
pgmajfault 195
inactive_anon 45056
active_anon 7626752
inactive_file 11137024
active_file 12353536
unevictable 0
hierarchical_memory_limit 6442450944
hierarchical_memsw_limit 32212254720
total_cache 23564288
total_rss 7598080
total_rss_huge 0
total_mapped_file 8769536
total_writeback 0
total_swap 0
total_pgpgin 78434
total_pgpgout 70826
total_pgfault 177568
total_pgmajfault 195
total_inactive_anon 45056
total_active_anon 7626752
total_inactive_file 11137024
total_active_file 12353536
total_unevictable 0
--------------------BLKIO-----------------------
11:0 Read 0
11:0 Write 0
11:0 Sync 0
11:0 Async 0
11:0 Total 0
253:0 Read 23441408
253:0 Write 229376
253:0 Sync 0
253:0 Async 23670784
253:0 Total 23670784
Total 23670784
--------------------CPUAC-----------------------
user 44
system 103
 
Fri May 19 19:05:29 IST 2017
--------------------MEMCG-----------------------
MEM ONLY  : 29 MB
MEM+SWAP  : 29 MB
cache 23564288
rss 7598080
rss_huge 0
mapped_file 8769536
writeback 0
swap 0
pgpgin 78434
pgpgout 70826
pgfault 177568
pgmajfault 195
inactive_anon 45056
active_anon 7626752
inactive_file 11137024
active_file 12353536
unevictable 0
hierarchical_memory_limit 6442450944
hierarchical_memsw_limit 32212254720
total_cache 23564288
total_rss 7598080
total_rss_huge 0
total_mapped_file 8769536
total_writeback 0
total_swap 0
total_pgpgin 78434
total_pgpgout 70826
total_pgfault 177568
total_pgmajfault 195
total_inactive_anon 45056
total_active_anon 7626752
total_inactive_file 11137024
total_active_file 12353536
total_unevictable 0
--------------------BLKIO-----------------------
11:0 Read 0
11:0 Write 0
11:0 Sync 0
11:0 Async 0
11:0 Total 0
253:0 Read 23441408
253:0 Write 229376
253:0 Sync 0
253:0 Async 23670784
253:0 Total 23670784
Total 23670784
--------------------CPUAC-----------------------
user 44
system 105
 
Fri May 19 19:05:59 IST 2017
--------------------MEMCG-----------------------
MEM ONLY  : 29 MB
MEM+SWAP  : 29 MB
cache 23564288
rss 7598080
rss_huge 0
mapped_file 8769536
writeback 0
swap 0
pgpgin 78434
pgpgout 70826
pgfault 177568
pgmajfault 195
inactive_anon 45056
active_anon 7626752
inactive_file 11137024
active_file 12353536
unevictable 0
hierarchical_memory_limit 6442450944
hierarchical_memsw_limit 32212254720
total_cache 23564288
total_rss 7598080
total_rss_huge 0
total_mapped_file 8769536
total_writeback 0
total_swap 0
total_pgpgin 78434
total_pgpgout 70826
total_pgfault 177568
total_pgmajfault 195
total_inactive_anon 45056
total_active_anon 7626752
total_inactive_file 11137024
total_active_file 12353536
total_unevictable 0
--------------------BLKIO-----------------------
11:0 Read 0
11:0 Write 0
11:0 Sync 0
11:0 Async 0
11:0 Total 0
253:0 Read 23441408
253:0 Write 229376
253:0 Sync 0
253:0 Async 23670784
253:0 Total 23670784
Total 23670784
--------------------CPUAC-----------------------
user 44
system 105
 
Fri May 19 19:06:29 IST 2017
--------------------MEMCG-----------------------
MEM ONLY  : 29 MB
MEM+SWAP  : 29 MB
cache 23564288
rss 7598080
rss_huge 0
mapped_file 8769536
writeback 0
swap 0
pgpgin 78434
pgpgout 70826
pgfault 177568
pgmajfault 195
inactive_anon 45056
active_anon 7626752
inactive_file 11137024
active_file 12353536
unevictable 0
hierarchical_memory_limit 6442450944
hierarchical_memsw_limit 32212254720
total_cache 23564288
total_rss 7598080
total_rss_huge 0
total_mapped_file 8769536
total_writeback 0
total_swap 0
total_pgpgin 78434
total_pgpgout 70826
total_pgfault 177568
total_pgmajfault 195
total_inactive_anon 45056
total_active_anon 7626752
total_inactive_file 11137024
total_active_file 12353536
total_unevictable 0
--------------------BLKIO-----------------------
11:0 Read 0
11:0 Write 0
11:0 Sync 0
11:0 Async 0
11:0 Total 0
253:0 Read 23441408
253:0 Write 229376
253:0 Sync 0
253:0 Async 23670784
253:0 Total 23670784
Total 23670784
--------------------CPUAC-----------------------
user 44
system 106
 
Fri May 19 19:06:59 IST 2017
--------------------MEMCG-----------------------
MEM ONLY  : 29 MB
MEM+SWAP  : 29 MB
cache 23564288
rss 7598080
rss_huge 0
mapped_file 8769536
writeback 0
swap 0
pgpgin 78434
pgpgout 70826
pgfault 177568
pgmajfault 195
inactive_anon 45056
active_anon 7626752
inactive_file 11137024
active_file 12353536
unevictable 0
hierarchical_memory_limit 6442450944
hierarchical_memsw_limit 32212254720
total_cache 23564288
total_rss 7598080
total_rss_huge 0
total_mapped_file 8769536
total_writeback 0
total_swap 0
total_pgpgin 78434
total_pgpgout 70826
total_pgfault 177568
total_pgmajfault 195
total_inactive_anon 45056
total_active_anon 7626752
total_inactive_file 11137024
total_active_file 12353536
total_unevictable 0
--------------------BLKIO-----------------------
11:0 Read 0
11:0 Write 0
11:0 Sync 0
11:0 Async 0
11:0 Total 0
253:0 Read 23441408
253:0 Write 229376
253:0 Sync 0
253:0 Async 23670784
253:0 Total 23670784
Total 23670784
--------------------CPUAC-----------------------
user 44
system 106
 
Fri May 19 19:07:29 IST 2017
--------------------MEMCG-----------------------
MEM ONLY  : 29 MB
MEM+SWAP  : 29 MB
cache 23564288
rss 7598080
rss_huge 0
mapped_file 8769536
writeback 0
swap 0
pgpgin 78434
pgpgout 70826
pgfault 177568
pgmajfault 195
inactive_anon 45056
active_anon 7626752
inactive_file 11137024
active_file 12353536
unevictable 0
hierarchical_memory_limit 6442450944
hierarchical_memsw_limit 32212254720
total_cache 23564288
total_rss 7598080
total_rss_huge 0
total_mapped_file 8769536
total_writeback 0
total_swap 0
total_pgpgin 78434
total_pgpgout 70826
total_pgfault 177568
total_pgmajfault 195
total_inactive_anon 45056
total_active_anon 7626752
total_inactive_file 11137024
total_active_file 12353536
total_unevictable 0
--------------------BLKIO-----------------------
11:0 Read 0
11:0 Write 0
11:0 Sync 0
11:0 Async 0
11:0 Total 0
253:0 Read 23441408
253:0 Write 229376
253:0 Sync 0
253:0 Async 23670784
253:0 Total 23670784
Total 23670784
--------------------CPUAC-----------------------
user 45
system 106
 
Fri May 19 19:08:00 IST 2017
--------------------MEMCG-----------------------
MEM ONLY  : 29 MB
MEM+SWAP  : 29 MB
cache 23564288
rss 7598080
rss_huge 0
mapped_file 8769536
writeback 0
swap 0
pgpgin 78434
pgpgout 70826
pgfault 177568
pgmajfault 195
inactive_anon 45056
active_anon 7626752
inactive_file 11137024
active_file 12353536
unevictable 0
hierarchical_memory_limit 6442450944
hierarchical_memsw_limit 32212254720
total_cache 23564288
total_rss 7598080
total_rss_huge 0
total_mapped_file 8769536
total_writeback 0
total_swap 0
total_pgpgin 78434
total_pgpgout 70826
total_pgfault 177568
total_pgmajfault 195
total_inactive_anon 45056
total_active_anon 7626752
total_inactive_file 11137024
total_active_file 12353536
total_unevictable 0
--------------------BLKIO-----------------------
11:0 Read 0
11:0 Write 0
11:0 Sync 0
11:0 Async 0
11:0 Total 0
253:0 Read 23441408
253:0 Write 229376
253:0 Sync 0
253:0 Async 23670784
253:0 Total 23670784
Total 23670784
--------------------CPUAC-----------------------
user 45
system 107
 
Fri May 19 19:08:30 IST 2017
--------------------MEMCG-----------------------
MEM ONLY  : 29 MB
MEM+SWAP  : 29 MB
cache 23564288
rss 7598080
rss_huge 0
mapped_file 8769536
writeback 0
swap 0
pgpgin 78434
pgpgout 70826
pgfault 177568
pgmajfault 195
inactive_anon 45056
active_anon 7626752
inactive_file 11137024
active_file 12353536
unevictable 0
hierarchical_memory_limit 6442450944
hierarchical_memsw_limit 32212254720
total_cache 23564288
total_rss 7598080
total_rss_huge 0
total_mapped_file 8769536
total_writeback 0
total_swap 0
total_pgpgin 78434
total_pgpgout 70826
total_pgfault 177568
total_pgmajfault 195
total_inactive_anon 45056
total_active_anon 7626752
total_inactive_file 11137024
total_active_file 12353536
total_unevictable 0
--------------------BLKIO-----------------------
11:0 Read 0
11:0 Write 0
11:0 Sync 0
11:0 Async 0
11:0 Total 0
253:0 Read 23441408
253:0 Write 229376
253:0 Sync 0
253:0 Async 23670784
253:0 Total 23670784
Total 23670784
--------------------CPUAC-----------------------
user 46
system 108
 
Fri May 19 19:09:00 IST 2017
--------------------MEMCG-----------------------
MEM ONLY  : 29 MB
MEM+SWAP  : 29 MB
cache 23564288
rss 7598080
rss_huge 0
mapped_file 8769536
writeback 0
swap 0
pgpgin 78434
pgpgout 70826
pgfault 177568
pgmajfault 195
inactive_anon 45056
active_anon 7626752
inactive_file 11137024
active_file 12353536
unevictable 0
hierarchical_memory_limit 6442450944
hierarchical_memsw_limit 32212254720
total_cache 23564288
total_rss 7598080
total_rss_huge 0
total_mapped_file 8769536
total_writeback 0
total_swap 0
total_pgpgin 78434
total_pgpgout 70826
total_pgfault 177568
total_pgmajfault 195
total_inactive_anon 45056
total_active_anon 7626752
total_inactive_file 11137024
total_active_file 12353536
total_unevictable 0
--------------------BLKIO-----------------------
11:0 Read 0
11:0 Write 0
11:0 Sync 0
11:0 Async 0
11:0 Total 0
253:0 Read 23441408
253:0 Write 229376
253:0 Sync 0
253:0 Async 23670784
253:0 Total 23670784
Total 23670784
--------------------CPUAC-----------------------
user 46
system 110
 
Fri May 19 19:09:30 IST 2017
--------------------MEMCG-----------------------
MEM ONLY  : 29 MB
MEM+SWAP  : 29 MB
cache 23564288
rss 7598080
rss_huge 0
mapped_file 8769536
writeback 0
swap 0
pgpgin 78434
pgpgout 70826
pgfault 177568
pgmajfault 195
inactive_anon 45056
active_anon 7626752
inactive_file 11137024
active_file 12353536
unevictable 0
hierarchical_memory_limit 6442450944
hierarchical_memsw_limit 32212254720
total_cache 23564288
total_rss 7598080
total_rss_huge 0
total_mapped_file 8769536
total_writeback 0
total_swap 0
total_pgpgin 78434
total_pgpgout 70826
total_pgfault 177568
total_pgmajfault 195
total_inactive_anon 45056
total_active_anon 7626752
total_inactive_file 11137024
total_active_file 12353536
total_unevictable 0
--------------------BLKIO-----------------------
11:0 Read 0
11:0 Write 0
11:0 Sync 0
11:0 Async 0
11:0 Total 0
253:0 Read 23441408
253:0 Write 229376
253:0 Sync 0
253:0 Async 23670784
253:0 Total 23670784
Total 23670784
--------------------CPUAC-----------------------
user 47
system 110
 
Fri May 19 19:10:00 IST 2017
--------------------MEMCG-----------------------
MEM ONLY  : 29 MB
MEM+SWAP  : 29 MB
cache 23564288
rss 7598080
rss_huge 0
mapped_file 8769536
writeback 0
swap 0
pgpgin 78434
pgpgout 70826
pgfault 177568
pgmajfault 195
inactive_anon 45056
active_anon 7626752
inactive_file 11137024
active_file 12353536
unevictable 0
hierarchical_memory_limit 6442450944
hierarchical_memsw_limit 32212254720
total_cache 23564288
total_rss 7598080
total_rss_huge 0
total_mapped_file 8769536
total_writeback 0
total_swap 0
total_pgpgin 78434
total_pgpgout 70826
total_pgfault 177568
total_pgmajfault 195
total_inactive_anon 45056
total_active_anon 7626752
total_inactive_file 11137024
total_active_file 12353536
total_unevictable 0
--------------------BLKIO-----------------------
11:0 Read 0
11:0 Write 0
11:0 Sync 0
11:0 Async 0
11:0 Total 0
253:0 Read 23441408
253:0 Write 229376
253:0 Sync 0
253:0 Async 23670784
253:0 Total 23670784
Total 23670784
--------------------CPUAC-----------------------
user 47
system 111
 
Fri May 19 19:10:30 IST 2017
--------------------MEMCG-----------------------
MEM ONLY  : 29 MB
MEM+SWAP  : 29 MB
cache 23564288
rss 7598080
rss_huge 0
mapped_file 8769536
writeback 0
swap 0
pgpgin 78434
pgpgout 70826
pgfault 177568
pgmajfault 195
inactive_anon 45056
active_anon 7626752
inactive_file 11137024
active_file 12353536
unevictable 0
hierarchical_memory_limit 6442450944
hierarchical_memsw_limit 32212254720
total_cache 23564288
total_rss 7598080
total_rss_huge 0
total_mapped_file 8769536
total_writeback 0
total_swap 0
total_pgpgin 78434
total_pgpgout 70826
total_pgfault 177568
total_pgmajfault 195
total_inactive_anon 45056
total_active_anon 7626752
total_inactive_file 11137024
total_active_file 12353536
total_unevictable 0
--------------------BLKIO-----------------------
11:0 Read 0
11:0 Write 0
11:0 Sync 0
11:0 Async 0
11:0 Total 0
253:0 Read 23441408
253:0 Write 229376
253:0 Sync 0
253:0 Async 23670784
253:0 Total 23670784
Total 23670784
--------------------CPUAC-----------------------
user 48
system 112
 
Fri May 19 19:11:00 IST 2017
--------------------MEMCG-----------------------
MEM ONLY  : 29 MB
MEM+SWAP  : 29 MB
cache 23564288
rss 7598080
rss_huge 0
mapped_file 8769536
writeback 0
swap 0
pgpgin 78434
pgpgout 70826
pgfault 177568
pgmajfault 195
inactive_anon 45056
active_anon 7626752
inactive_file 11137024
active_file 12353536
unevictable 0
hierarchical_memory_limit 6442450944
hierarchical_memsw_limit 32212254720
total_cache 23564288
total_rss 7598080
total_rss_huge 0
total_mapped_file 8769536
total_writeback 0
total_swap 0
total_pgpgin 78434
total_pgpgout 70826
total_pgfault 177568
total_pgmajfault 195
total_inactive_anon 45056
total_active_anon 7626752
total_inactive_file 11137024
total_active_file 12353536
total_unevictable 0
--------------------BLKIO-----------------------
11:0 Read 0
11:0 Write 0
11:0 Sync 0
11:0 Async 0
11:0 Total 0
253:0 Read 23441408
253:0 Write 229376
253:0 Sync 0
253:0 Async 23670784
253:0 Total 23670784
Total 23670784
--------------------CPUAC-----------------------
user 49
system 112
 
Fri May 19 19:11:30 IST 2017
--------------------MEMCG-----------------------
MEM ONLY  : 29 MB
MEM+SWAP  : 29 MB
cache 23564288
rss 7598080
rss_huge 0
mapped_file 8769536
writeback 0
swap 0
pgpgin 78434
pgpgout 70826
pgfault 177568
pgmajfault 195
inactive_anon 45056
active_anon 7626752
inactive_file 11137024
active_file 12353536
unevictable 0
hierarchical_memory_limit 6442450944
hierarchical_memsw_limit 32212254720
total_cache 23564288
total_rss 7598080
total_rss_huge 0
total_mapped_file 8769536
total_writeback 0
total_swap 0
total_pgpgin 78434
total_pgpgout 70826
total_pgfault 177568
total_pgmajfault 195
total_inactive_anon 45056
total_active_anon 7626752
total_inactive_file 11137024
total_active_file 12353536
total_unevictable 0
--------------------BLKIO-----------------------
11:0 Read 0
11:0 Write 0
11:0 Sync 0
11:0 Async 0
11:0 Total 0
253:0 Read 23441408
253:0 Write 229376
253:0 Sync 0
253:0 Async 23670784
253:0 Total 23670784
Total 23670784
--------------------CPUAC-----------------------
user 50
system 112
 
Fri May 19 19:12:00 IST 2017
--------------------MEMCG-----------------------
MEM ONLY  : 29 MB
MEM+SWAP  : 29 MB
cache 23564288
rss 7598080
rss_huge 0
mapped_file 8769536
writeback 0
swap 0
pgpgin 78434
pgpgout 70826
pgfault 177568
pgmajfault 195
inactive_anon 45056
active_anon 7626752
inactive_file 11137024
active_file 12353536
unevictable 0
hierarchical_memory_limit 6442450944
hierarchical_memsw_limit 32212254720
total_cache 23564288
total_rss 7598080
total_rss_huge 0
total_mapped_file 8769536
total_writeback 0
total_swap 0
total_pgpgin 78434
total_pgpgout 70826
total_pgfault 177568
total_pgmajfault 195
total_inactive_anon 45056
total_active_anon 7626752
total_inactive_file 11137024
total_active_file 12353536
total_unevictable 0
--------------------BLKIO-----------------------
11:0 Read 0
11:0 Write 0
11:0 Sync 0
11:0 Async 0
11:0 Total 0
253:0 Read 23441408
253:0 Write 229376
253:0 Sync 0
253:0 Async 23670784
253:0 Total 23670784
Total 23670784
--------------------CPUAC-----------------------
user 50
system 112
 
Fri May 19 19:12:30 IST 2017
--------------------MEMCG-----------------------
MEM ONLY  : 586 MB
MEM+SWAP  : 599 MB
cache 18599936
rss 596754432
rss_huge 0
mapped_file 8093696
writeback 0
swap 13783040
pgpgin 225725
pgpgout 75492
pgfault 325477
pgmajfault 278
inactive_anon 293019648
active_anon 303689728
inactive_file 8069120
active_file 10530816
unevictable 0
hierarchical_memory_limit 6442450944
hierarchical_memsw_limit 32212254720
total_cache 18599936
total_rss 596754432
total_rss_huge 0
total_mapped_file 8093696
total_writeback 0
total_swap 13783040
total_pgpgin 225725
total_pgpgout 75492
total_pgfault 325477
total_pgmajfault 278
total_inactive_anon 293019648
total_active_anon 303689728
total_inactive_file 8069120
total_active_file 10530816
total_unevictable 0
--------------------BLKIO-----------------------
11:0 Read 0
11:0 Write 0
11:0 Sync 0
11:0 Async 0
11:0 Total 0
253:0 Read 23883776
253:0 Write 17637376
253:0 Sync 0
253:0 Async 41521152
253:0 Total 41521152
Total 41521152
--------------------CPUAC-----------------------
user 247
system 403
 
