java -cp /home/ubuntu/ycsb/mongodb-binding/conf:/home/ubuntu/ycsb/conf:/home/ubuntu/ycsb/lib/jackson-mapper-asl-1.9.4.jar:/home/ubuntu/ycsb/lib/jackson-core-asl-1.9.4.jar:/home/ubuntu/ycsb/lib/htrace-core4-4.1.0-incubating.jar:/home/ubuntu/ycsb/lib/core-0.12.0.jar:/home/ubuntu/ycsb/lib/HdrHistogram-2.1.4.jar:/home/ubuntu/ycsb/mongodb-binding/lib/mongo-java-driver-3.0.3.jar:/home/ubuntu/ycsb/mongodb-binding/lib/logback-core-1.1.2.jar:/home/ubuntu/ycsb/mongodb-binding/lib/mongodb-binding-0.12.0.jar:/home/ubuntu/ycsb/mongodb-binding/lib/logback-classic-1.1.2.jar:/home/ubuntu/ycsb/mongodb-binding/lib/mongodb-async-driver-2.0.1.jar:/home/ubuntu/ycsb/mongodb-binding/lib/slf4j-api-1.6.4.jar com.yahoo.ycsb.Client -db com.yahoo.ycsb.db.MongoDbClient -s -P /home/ubuntu/ycsb/workloads/workload1 -p mongodb.url=mongodb://10.0.3.220:27017/ycsb?w=0 -p maxexecutiontime=1000 -t
YCSB Client 0.12.0
Command line: -db com.yahoo.ycsb.db.MongoDbClient -s -P /home/ubuntu/ycsb/workloads/workload1 -p mongodb.url=mongodb://10.0.3.220:27017/ycsb?w=0 -p maxexecutiontime=1000 -t
Loading workload...
Starting test.
Maximum execution time specified as: 1000 secs
2017-05-11 10:32:04:229 0 sec: 0 operations; est completion in 0 seconds 
mongo client connection created with mongodb://10.0.3.220:27017/ycsb?w=0
DBWrapper: report latency for each error is false and specific error codes to track for latency are: []
2017-05-11 10:32:14:113 10 sec: 2285 operations; 228.5 current ops/sec; est completion in 12 hours 9 minutes [READ: Count=836, Max=37983, Min=213, Avg=9087.4, 90=13879, 99=29391, 99.9=37407, 99.99=37983] [READ-FAILED: Count=1450, Max=87615, Min=138, Avg=836.08, 90=1378, 99=11111, 99.9=34367, 99.99=87615] 
2017-05-11 10:32:24:113 20 sec: 5855 operations; 357 current ops/sec; est completion in 9 hours 28 minutes [READ: Count=1246, Max=59391, Min=164, Avg=7485.08, 90=11159, 99=19407, 99.9=45119, 99.99=59391] [READ-FAILED: Count=2323, Max=51263, Min=114, Avg=274.59, 90=188, 99=2411, 99.9=26447, 99.99=51263] 
2017-05-11 10:32:34:112 30 sec: 9222 operations; 336.7 current ops/sec; est completion in 9 hours 1 minutes [READ: Count=1259, Max=181247, Min=138, Avg=7612.17, 90=11239, 99=29935, 99.9=62239, 99.99=181247] [READ-FAILED: Count=2108, Max=23391, Min=101, Avg=179.24, 90=162, 99=189, 99.9=18415, 99.99=23391] 
2017-05-11 10:32:44:112 40 sec: 12977 operations; 375.5 current ops/sec; est completion in 8 hours 33 minutes [READ: Count=1387, Max=99839, Min=136, Avg=6963.92, 90=10831, 99=19023, 99.9=94015, 99.99=99839] [READ-FAILED: Count=2368, Max=264, Min=97, Avg=122.23, 90=158, 99=170, 99.9=192, 99.99=264] 
2017-05-11 10:32:54:112 50 sec: 17162 operations; 418.5 current ops/sec; est completion in 8 hours 4 minutes [READ: Count=1427, Max=42655, Min=136, Avg=6760.02, 90=11039, 99=18943, 99.9=40895, 99.99=42655] [READ-FAILED: Count=2758, Max=703, Min=98, Avg=120.77, 90=157, 99=167, 99.9=246, 99.99=703] 
2017-05-11 10:33:04:113 60 sec: 21026 operations; 386.4 current ops/sec; est completion in 7 hours 54 minutes [READ: Count=1451, Max=104639, Min=135, Avg=6687.77, 90=10975, 99=18767, 99.9=37535, 99.99=104639] [READ-FAILED: Count=2413, Max=587, Min=101, Avg=120.01, 90=147, 99=164, 99.9=194, 99.99=587] 
2017-05-11 10:33:14:112 70 sec: 25401 operations; 437.5 current ops/sec; est completion in 7 hours 38 minutes [READ: Count=1534, Max=39039, Min=135, Avg=6284.32, 90=10879, 99=18831, 99.9=34655, 99.99=39039] [READ-FAILED: Count=2841, Max=784, Min=102, Avg=119.09, 90=147, 99=161, 99.9=178, 99.99=784] 
2017-05-11 10:33:24:112 80 sec: 29773 operations; 437.2 current ops/sec; est completion in 7 hours 26 minutes [READ: Count=1560, Max=59743, Min=134, Avg=6188.02, 90=10911, 99=18847, 99.9=36703, 99.99=59743] [READ-FAILED: Count=2812, Max=562, Min=100, Avg=119.13, 90=148, 99=165, 99.9=185, 99.99=562] 
2017-05-11 10:33:34:113 90 sec: 34417 operations; 464.4 current ops/sec; est completion in 7 hours 14 minutes [READ: Count=1662, Max=67391, Min=133, Avg=5793.54, 90=10871, 99=19487, 99.9=38431, 99.99=67391] [READ-FAILED: Count=2982, Max=234, Min=100, Avg=118.46, 90=157, 99=168, 99.9=182, 99.99=234] 
2017-05-11 10:33:44:112 100 sec: 39132 operations; 471.5 current ops/sec; est completion in 7 hours 4 minutes [READ: Count=1711, Max=126143, Min=131, Avg=5622.28, 90=10719, 99=18239, 99.9=46207, 99.99=126143] [READ-FAILED: Count=3004, Max=463, Min=97, Avg=119.17, 90=157, 99=169, 99.9=188, 99.99=463] 
2017-05-11 10:33:54:112 110 sec: 43918 operations; 478.6 current ops/sec; est completion in 6 hours 55 minutes [READ: Count=1763, Max=49887, Min=133, Avg=5458.81, 90=10823, 99=17823, 99.9=31711, 99.99=49887] [READ-FAILED: Count=3023, Max=5167, Min=95, Avg=118.69, 90=146, 99=163, 99.9=321, 99.99=5167] 
2017-05-11 10:34:04:112 120 sec: 48834 operations; 491.6 current ops/sec; est completion in 6 hours 47 minutes [READ: Count=1861, Max=52063, Min=127, Avg=5169.71, 90=10711, 99=18239, 99.9=35135, 99.99=52063] [READ-FAILED: Count=3055, Max=4419, Min=97, Avg=118.72, 90=146, 99=170, 99.9=508, 99.99=4419] 
2017-05-11 10:34:14:113 130 sec: 54421 operations; 558.7 current ops/sec; est completion in 6 hours 35 minutes [READ: Count=1979, Max=62015, Min=132, Avg=4826.92, 90=10463, 99=17935, 99.9=35135, 99.99=62015] [READ-FAILED: Count=3608, Max=5295, Min=97, Avg=116.45, 90=143, 99=159, 99.9=184, 99.99=5295] 
2017-05-11 10:34:24:113 140 sec: 60404 operations; 598.3 current ops/sec; est completion in 6 hours 23 minutes [READ: Count=2155, Max=49183, Min=132, Avg=4433.98, 90=10303, 99=17759, 99.9=33983, 99.99=49183] [READ-FAILED: Count=3828, Max=338, Min=99, Avg=113.32, 90=139, 99=156, 99.9=178, 99.99=338] 
2017-05-11 10:34:34:112 150 sec: 66284 operations; 588 current ops/sec; est completion in 6 hours 14 minutes [READ: Count=2137, Max=59295, Min=131, Avg=4467.74, 90=10479, 99=18175, 99.9=36447, 99.99=59295] [READ-FAILED: Count=3743, Max=5203, Min=99, Avg=115.77, 90=142, 99=158, 99.9=174, 99.99=5203] 
2017-05-11 10:34:44:112 160 sec: 72616 operations; 633.2 current ops/sec; est completion in 6 hours 4 minutes [READ: Count=2327, Max=52831, Min=132, Avg=4092.5, 90=10543, 99=18623, 99.9=36095, 99.99=52831] [READ-FAILED: Count=4005, Max=1985, Min=96, Avg=115.05, 90=140, 99=157, 99.9=190, 99.99=1985] 
2017-05-11 10:34:54:112 170 sec: 79627 operations; 701.1 current ops/sec; est completion in 5 hours 53 minutes [READ: Count=2529, Max=68159, Min=128, Avg=3748.14, 90=10119, 99=18191, 99.9=34335, 99.99=68159] [READ-FAILED: Count=4482, Max=2065, Min=97, Avg=113.53, 90=137, 99=157, 99.9=247, 99.99=2065] 
2017-05-11 10:35:04:112 180 sec: 87629 operations; 800.2 current ops/sec; est completion in 5 hours 39 minutes [READ: Count=2816, Max=44703, Min=131, Avg=3339.5, 90=9799, 99=17583, 99.9=29215, 99.99=44703] [READ-FAILED: Count=5186, Max=708, Min=94, Avg=111.56, 90=134, 99=152, 99.9=175, 99.99=181] 
2017-05-11 10:35:14:112 190 sec: 96251 operations; 862.2 current ops/sec; est completion in 5 hours 25 minutes [READ: Count=3082, Max=42847, Min=132, Avg=3038.31, 90=9815, 99=17279, 99.9=30831, 99.99=42847] [READ-FAILED: Count=5540, Max=178, Min=99, Avg=111.14, 90=133, 99=150, 99.9=171, 99.99=174] 
2017-05-11 10:35:24:112 200 sec: 105894 operations; 964.3 current ops/sec; est completion in 5 hours 11 minutes [READ: Count=3408, Max=93695, Min=125, Avg=2720.05, 90=9487, 99=18095, 99.9=32399, 99.99=93695] [READ-FAILED: Count=6235, Max=1935, Min=99, Avg=111.32, 90=135, 99=150, 99.9=173, 99.99=1932] 
2017-05-11 10:35:34:112 210 sec: 116382 operations; 1048.8 current ops/sec; est completion in 4 hours 57 minutes [READ: Count=3754, Max=120127, Min=129, Avg=2461.91, 90=9247, 99=16671, 99.9=37951, 99.99=120127] [READ-FAILED: Count=6734, Max=5239, Min=99, Avg=110.86, 90=131, 99=150, 99.9=177, 99.99=1977] 
2017-05-11 10:35:44:112 220 sec: 126921 operations; 1053.9 current ops/sec; est completion in 4 hours 45 minutes [READ: Count=3804, Max=49439, Min=130, Avg=2429.15, 90=9527, 99=20543, 99.9=33663, 99.99=49439] [READ-FAILED: Count=6735, Max=813, Min=98, Avg=109.74, 90=129, 99=149, 99.9=172, 99.99=677] 
2017-05-11 10:35:54:112 230 sec: 139720 operations; 1279.9 current ops/sec; est completion in 4 hours 30 minutes [READ: Count=4465, Max=58623, Min=128, Avg=2028.39, 90=8255, 99=19455, 99.9=37151, 99.99=58623] [READ-FAILED: Count=8334, Max=4627, Min=94, Avg=109.03, 90=122, 99=146, 99.9=167, 99.99=2125] 
2017-05-11 10:36:04:112 240 sec: 156255 operations; 1653.5 current ops/sec; est completion in 4 hours 12 minutes [READ: Count=5843, Max=104511, Min=129, Avg=1509.94, 90=6687, 99=13655, 99.9=22799, 99.99=58367] [READ-FAILED: Count=10692, Max=2020, Min=97, Avg=107.31, 90=119, 99=143, 99.9=160, 99.99=1953] 
2017-05-11 10:36:14:112 250 sec: 174483 operations; 1822.8 current ops/sec; est completion in 3 hours 54 minutes [READ: Count=6536, Max=88191, Min=128, Avg=1334.3, 90=6027, 99=12295, 99.9=25247, 99.99=34175] [READ-FAILED: Count=11692, Max=5243, Min=93, Avg=106.76, 90=117, 99=142, 99.9=167, 99.99=1943] 
2017-05-11 10:36:24:112 260 sec: 195141 operations; 2065.8 current ops/sec; est completion in 3 hours 37 minutes [READ: Count=7395, Max=61055, Min=126, Avg=1157.07, 90=5111, 99=11519, 99.9=20847, 99.99=46591] [READ-FAILED: Count=13263, Max=5171, Min=93, Avg=105.6, 90=115, 99=141, 99.9=179, 99.99=2049] 
2017-05-11 10:36:34:112 270 sec: 221316 operations; 2617.5 current ops/sec; est completion in 3 hours 18 minutes [READ: Count=9297, Max=95871, Min=129, Avg=877.64, 90=440, 99=11095, 99.9=17839, 99.99=52863] [READ-FAILED: Count=16878, Max=2949, Min=97, Avg=105.99, 90=116, 99=136, 99.9=163, 99.99=2029] 
2017-05-11 10:36:44:112 280 sec: 253366 operations; 3205 current ops/sec; est completion in 2 hours 59 minutes [READ: Count=11456, Max=40031, Min=129, Avg=676.24, 90=194, 99=10535, 99.9=18431, 99.99=33471] [READ-FAILED: Count=20594, Max=16031, Min=94, Avg=105.97, 90=114, 99=132, 99.9=160, 99.99=2071] 
2017-05-11 10:36:54:112 290 sec: 293539 operations; 4017.3 current ops/sec; est completion in 2 hours 39 minutes [READ: Count=14362, Max=34399, Min=125, Avg=502.25, 90=170, 99=9935, 99.9=14239, 99.99=31615] [READ-FAILED: Count=25811, Max=3219, Min=91, Avg=105.05, 90=111, 99=129, 99.9=154, 99.99=2009] 
2017-05-11 10:37:04:112 300 sec: 340712 operations; 4717.3 current ops/sec; est completion in 2 hours 21 minutes [READ: Count=16971, Max=36127, Min=125, Avg=396.39, 90=154, 99=9119, 99.9=11919, 99.99=18991] [READ-FAILED: Count=30202, Max=3351, Min=93, Avg=105.38, 90=110, 99=129, 99.9=159, 99.99=2032] 
2017-05-11 10:37:14:112 310 sec: 396880 operations; 5616.8 current ops/sec; est completion in 2 hours 5 minutes [READ: Count=19971, Max=36063, Min=126, Avg=304.2, 90=150, 99=7595, 99.9=11999, 99.99=31999] [READ-FAILED: Count=36197, Max=4219, Min=92, Avg=105.27, 90=110, 99=129, 99.9=162, 99.99=2001] 
2017-05-11 10:37:24:112 320 sec: 459740 operations; 6286 current ops/sec; est completion in 1 hours 50 minutes [READ: Count=22495, Max=35775, Min=123, Avg=250.09, 90=148, 99=5239, 99.9=15255, 99.99=32895] [READ-FAILED: Count=40365, Max=2469, Min=90, Avg=105.25, 90=111, 99=129, 99.9=159, 99.99=2019] 
2017-05-11 10:37:34:112 330 sec: 531602 operations; 7186.2 current ops/sec; est completion in 1 hours 37 minutes [READ: Count=25791, Max=94143, Min=126, Avg=196.25, 90=145, 99=304, 99.9=10927, 99.99=19183] [READ-FAILED: Count=46071, Max=6087, Min=91, Avg=104.18, 90=108, 99=126, 99.9=152, 99.99=1959] 
2017-05-11 10:37:44:112 340 sec: 608779 operations; 7717.7 current ops/sec; est completion in 1 hours 27 minutes [READ: Count=27815, Max=31151, Min=124, Avg=167.86, 90=144, 99=183, 99.9=9367, 99.99=15583] [READ-FAILED: Count=49362, Max=6055, Min=93, Avg=104.91, 90=107, 99=126, 99.9=157, 99.99=2039] 
2017-05-11 10:37:54:112 350 sec: 689592 operations; 8081.3 current ops/sec; est completion in 1 hours 18 minutes [READ: Count=29061, Max=18015, Min=126, Avg=153.25, 90=142, 99=169, 99.9=7587, 99.99=12135] [READ-FAILED: Count=51752, Max=6027, Min=91, Avg=104.05, 90=106, 99=125, 99.9=147, 99.99=1961] 
2017-05-11 10:38:04:113 360 sec: 771953 operations; 8236.1 current ops/sec; est completion in 1 hours 11 minutes [READ: Count=29056, Max=43327, Min=125, Avg=146.77, 90=143, 99=168, 99.9=2081, 99.99=13223] [READ-FAILED: Count=53305, Max=3113, Min=86, Avg=104.51, 90=108, 99=127, 99.9=153, 99.99=2057] 
2017-05-11 10:38:14:112 370 sec: 855145 operations; 8319.2 current ops/sec; est completion in 1 hours 5 minutes [READ: Count=29783, Max=14079, Min=123, Avg=142.09, 90=143, 99=166, 99.9=2059, 99.99=11351] [READ-FAILED: Count=53409, Max=7663, Min=91, Avg=104.8, 90=108, 99=127, 99.9=154, 99.99=2044] 
2017-05-11 10:38:24:112 380 sec: 939660 operations; 8451.5 current ops/sec; est completion in 1 hours 1 minutes [READ: Count=30072, Max=12263, Min=118, Avg=138.58, 90=142, 99=166, 99.9=2006, 99.99=2195] [READ-FAILED: Count=54443, Max=5307, Min=92, Avg=104.22, 90=107, 99=126, 99.9=163, 99.99=2044] 
2017-05-11 10:38:34:112 390 sec: 1023572 operations; 8391.2 current ops/sec; est completion in 57 minutes [READ: Count=29760, Max=18751, Min=125, Avg=140.03, 90=142, 99=166, 99.9=2017, 99.99=8039] [READ-FAILED: Count=54152, Max=7187, Min=93, Avg=104.66, 90=107, 99=126, 99.9=154, 99.99=2093] 
2017-05-11 10:38:44:112 400 sec: 1107828 operations; 8425.6 current ops/sec; est completion in 53 minutes [READ: Count=29848, Max=13711, Min=123, Avg=139.92, 90=141, 99=164, 99.9=2065, 99.99=6079] [READ-FAILED: Count=54408, Max=5283, Min=90, Avg=103.99, 90=107, 99=126, 99.9=146, 99.99=1999] 
2017-05-11 10:38:54:112 410 sec: 1192479 operations; 8465.1 current ops/sec; est completion in 50 minutes [READ: Count=30335, Max=14447, Min=124, Avg=138.09, 90=140, 99=163, 99.9=2013, 99.99=5251] [READ-FAILED: Count=54316, Max=6223, Min=92, Avg=103.97, 90=106, 99=126, 99.9=152, 99.99=2135] 
2017-05-11 10:39:04:112 420 sec: 1277323 operations; 8484.4 current ops/sec; est completion in 47 minutes [READ: Count=30071, Max=16303, Min=122, Avg=138.02, 90=142, 99=166, 99.9=2018, 99.99=2173] [READ-FAILED: Count=54773, Max=2069, Min=87, Avg=103.7, 90=107, 99=126, 99.9=150, 99.99=1977] 
2017-05-11 10:39:14:112 430 sec: 1362289 operations; 8496.6 current ops/sec; est completion in 45 minutes [READ: Count=30358, Max=5503, Min=119, Avg=137.96, 90=140, 99=165, 99.9=2029, 99.99=2215] [READ-FAILED: Count=54608, Max=4283, Min=87, Avg=103.35, 90=105, 99=125, 99.9=149, 99.99=1987] 
2017-05-11 10:39:24:112 440 sec: 1447254 operations; 8496.5 current ops/sec; est completion in 43 minutes [READ: Count=30170, Max=6127, Min=123, Avg=137.57, 90=140, 99=166, 99.9=2022, 99.99=2205] [READ-FAILED: Count=54795, Max=3633, Min=89, Avg=103.75, 90=106, 99=127, 99.9=155, 99.99=2005] 
2017-05-11 10:39:34:112 450 sec: 1532279 operations; 8502.5 current ops/sec; est completion in 41 minutes [READ: Count=30272, Max=4319, Min=120, Avg=137.18, 90=139, 99=166, 99.9=2023, 99.99=2243] [READ-FAILED: Count=54753, Max=2131, Min=90, Avg=103.75, 90=105, 99=126, 99.9=160, 99.99=2012] 
2017-05-11 10:39:44:112 460 sec: 1616953 operations; 8467.4 current ops/sec; est completion in 39 minutes [READ: Count=30196, Max=2493, Min=122, Avg=137.72, 90=141, 99=164, 99.9=2028, 99.99=2193] [READ-FAILED: Count=54478, Max=4479, Min=91, Avg=104.2, 90=106, 99=126, 99.9=153, 99.99=2077] 
2017-05-11 10:39:54:112 470 sec: 1701425 operations; 8447.2 current ops/sec; est completion in 38 minutes [READ: Count=30279, Max=4543, Min=125, Avg=138.14, 90=142, 99=164, 99.9=2020, 99.99=2153] [READ-FAILED: Count=54193, Max=2745, Min=88, Avg=104.34, 90=107, 99=126, 99.9=154, 99.99=2055] 
2017-05-11 10:40:04:112 480 sec: 1785743 operations; 8431.8 current ops/sec; est completion in 36 minutes [READ: Count=29974, Max=6059, Min=122, Avg=138.21, 90=142, 99=167, 99.9=2026, 99.99=2167] [READ-FAILED: Count=54344, Max=21375, Min=87, Avg=104.7, 90=107, 99=126, 99.9=159, 99.99=2040] 
2017-05-11 10:40:14:112 490 sec: 1870183 operations; 8444 current ops/sec; est completion in 35 minutes [READ: Count=30065, Max=4527, Min=125, Avg=137.74, 90=142, 99=163, 99.9=490, 99.99=2167] [READ-FAILED: Count=54375, Max=10119, Min=91, Avg=104.77, 90=107, 99=126, 99.9=157, 99.99=2075] 
2017-05-11 10:40:24:112 500 sec: 1954805 operations; 8462.2 current ops/sec; est completion in 34 minutes [READ: Count=30275, Max=5331, Min=125, Avg=137.72, 90=142, 99=163, 99.9=2051, 99.99=2195] [READ-FAILED: Count=54347, Max=6259, Min=94, Avg=104.17, 90=107, 99=125, 99.9=147, 99.99=2073] 
2017-05-11 10:40:34:112 510 sec: 2039551 operations; 8474.6 current ops/sec; est completion in 33 minutes [READ: Count=30186, Max=2395, Min=123, Avg=137.85, 90=141, 99=163, 99.9=2053, 99.99=2189] [READ-FAILED: Count=54560, Max=4635, Min=88, Avg=104, 90=106, 99=125, 99.9=151, 99.99=2042] 
2017-05-11 10:40:44:112 520 sec: 2124526 operations; 8497.5 current ops/sec; est completion in 32 minutes [READ: Count=30347, Max=5271, Min=121, Avg=137.7, 90=139, 99=162, 99.9=2065, 99.99=2227] [READ-FAILED: Count=54628, Max=2969, Min=88, Avg=103.53, 90=105, 99=125, 99.9=151, 99.99=2012] 
2017-05-11 10:40:54:112 530 sec: 2209063 operations; 8453.7 current ops/sec; est completion in 31 minutes [READ: Count=30399, Max=6043, Min=126, Avg=138.07, 90=142, 99=164, 99.9=2059, 99.99=2225] [READ-FAILED: Count=54138, Max=2205, Min=87, Avg=104.05, 90=107, 99=125, 99.9=153, 99.99=2044] 
2017-05-11 10:41:04:112 540 sec: 2293974 operations; 8491.1 current ops/sec; est completion in 30 minutes [READ: Count=30525, Max=2241, Min=122, Avg=137.5, 90=140, 99=163, 99.9=2077, 99.99=2189] [READ-FAILED: Count=54386, Max=5491, Min=90, Avg=103.64, 90=106, 99=125, 99.9=151, 99.99=2065] 
2017-05-11 10:41:14:112 550 sec: 2379430 operations; 8545.6 current ops/sec; est completion in 29 minutes [READ: Count=30590, Max=6363, Min=122, Avg=136.71, 90=138, 99=162, 99.9=2061, 99.99=2265] [READ-FAILED: Count=54866, Max=6059, Min=87, Avg=103, 90=104, 99=125, 99.9=151, 99.99=2121] 
2017-05-11 10:41:24:112 560 sec: 2464943 operations; 8551.3 current ops/sec; est completion in 28 minutes [READ: Count=30464, Max=3991, Min=120, Avg=137.04, 90=139, 99=164, 99.9=2085, 99.99=2175] [READ-FAILED: Count=55049, Max=2189, Min=92, Avg=102.8, 90=105, 99=125, 99.9=146, 99.99=2018] 
2017-05-11 10:41:34:113 570 sec: 2550307 operations; 8536.4 current ops/sec; est completion in 27 minutes [READ: Count=30286, Max=2549, Min=121, Avg=136.59, 90=139, 99=161, 99.9=2061, 99.99=2305] [READ-FAILED: Count=55078, Max=12111, Min=86, Avg=103.48, 90=105, 99=125, 99.9=150, 99.99=2109] 
2017-05-11 10:41:44:112 580 sec: 2635656 operations; 8534.9 current ops/sec; est completion in 27 minutes [READ: Count=30504, Max=6079, Min=122, Avg=136.77, 90=139, 99=162, 99.9=2059, 99.99=2211] [READ-FAILED: Count=54845, Max=5331, Min=87, Avg=103.17, 90=105, 99=125, 99.9=148, 99.99=2107] 
2017-05-11 10:41:54:112 590 sec: 2720019 operations; 8436.3 current ops/sec; est completion in 26 minutes [READ: Count=30466, Max=6251, Min=126, Avg=138.17, 90=142, 99=164, 99.9=1917, 99.99=2227] [READ-FAILED: Count=53897, Max=2151, Min=87, Avg=104.43, 90=107, 99=126, 99.9=156, 99.99=2107] 
2017-05-11 10:42:04:112 600 sec: 2804506 operations; 8448.7 current ops/sec; est completion in 25 minutes [READ: Count=29922, Max=2215, Min=124, Avg=137.63, 90=143, 99=166, 99.9=353, 99.99=2207] [READ-FAILED: Count=54565, Max=3437, Min=87, Avg=104.74, 90=107, 99=127, 99.9=159, 99.99=2105] 
2017-05-11 10:42:14:112 610 sec: 2888852 operations; 8434.6 current ops/sec; est completion in 25 minutes [READ: Count=30193, Max=3273, Min=119, Avg=138.33, 90=142, 99=163, 99.9=2073, 99.99=2223] [READ-FAILED: Count=54153, Max=2185, Min=92, Avg=104.48, 90=107, 99=127, 99.9=153, 99.99=2089] 
2017-05-11 10:42:24:112 620 sec: 2972897 operations; 8404.5 current ops/sec; est completion in 24 minutes [READ: Count=29979, Max=3015, Min=126, Avg=139.2, 90=143, 99=168, 99.9=2129, 99.99=2259] [READ-FAILED: Count=54066, Max=5231, Min=93, Avg=104.74, 90=110, 99=128, 99.9=152, 99.99=2026] 
2017-05-11 10:42:34:112 630 sec: 3057123 operations; 8422.6 current ops/sec; est completion in 23 minutes [READ: Count=30263, Max=10247, Min=120, Avg=138.87, 90=143, 99=168, 99.9=2095, 99.99=2263] [READ-FAILED: Count=53963, Max=4827, Min=95, Avg=104.36, 90=108, 99=127, 99.9=152, 99.99=2127] 
2017-05-11 10:42:44:112 640 sec: 3141946 operations; 8482.3 current ops/sec; est completion in 23 minutes [READ: Count=30129, Max=12231, Min=121, Avg=138.14, 90=141, 99=168, 99.9=2097, 99.99=2215] [READ-FAILED: Count=54694, Max=2183, Min=87, Avg=103.67, 90=106, 99=127, 99.9=155, 99.99=2061] 
2017-05-11 10:42:54:112 650 sec: 3226669 operations; 8472.3 current ops/sec; est completion in 22 minutes [READ: Count=30336, Max=5259, Min=120, Avg=138.08, 90=141, 99=167, 99.9=2099, 99.99=2261] [READ-FAILED: Count=54387, Max=3055, Min=92, Avg=103.84, 90=107, 99=128, 99.9=156, 99.99=2111] 
2017-05-11 10:43:04:112 660 sec: 3311687 operations; 8501.8 current ops/sec; est completion in 22 minutes [READ: Count=30315, Max=2537, Min=120, Avg=137.35, 90=141, 99=166, 99.9=2093, 99.99=2243] [READ-FAILED: Count=54703, Max=5255, Min=91, Avg=103.65, 90=107, 99=126, 99.9=149, 99.99=2089] 
2017-05-11 10:43:14:112 670 sec: 3396239 operations; 8455.2 current ops/sec; est completion in 21 minutes [READ: Count=30178, Max=2297, Min=122, Avg=137.55, 90=142, 99=166, 99.9=1910, 99.99=2211] [READ-FAILED: Count=54374, Max=6135, Min=89, Avg=104.51, 90=107, 99=127, 99.9=157, 99.99=2185] 
2017-05-11 10:43:24:112 680 sec: 3481395 operations; 8515.6 current ops/sec; est completion in 21 minutes [READ: Count=30485, Max=2565, Min=124, Avg=137.18, 90=140, 99=165, 99.9=2113, 99.99=2231] [READ-FAILED: Count=54671, Max=2201, Min=91, Avg=103.39, 90=106, 99=126, 99.9=154, 99.99=2079] 
2017-05-11 10:43:34:112 690 sec: 3566419 operations; 8502.4 current ops/sec; est completion in 20 minutes [READ: Count=30277, Max=6307, Min=123, Avg=137.97, 90=140, 99=164, 99.9=2119, 99.99=5311] [READ-FAILED: Count=54747, Max=6055, Min=91, Avg=103.29, 90=106, 99=125, 99.9=150, 99.99=2129] 
2017-05-11 10:43:44:112 700 sec: 3650715 operations; 8429.6 current ops/sec; est completion in 20 minutes [READ: Count=30404, Max=4203, Min=121, Avg=138.35, 90=142, 99=166, 99.9=2123, 99.99=2313] [READ-FAILED: Count=53892, Max=6099, Min=87, Avg=104.42, 90=109, 99=126, 99.9=152, 99.99=2149] 
2017-05-11 10:43:54:112 710 sec: 3735433 operations; 8471.8 current ops/sec; est completion in 19 minutes [READ: Count=30313, Max=6283, Min=124, Avg=137.57, 90=142, 99=163, 99.9=2109, 99.99=2259] [READ-FAILED: Count=54405, Max=6251, Min=91, Avg=104.04, 90=107, 99=125, 99.9=150, 99.99=2193] 
2017-05-11 10:44:04:112 720 sec: 3820354 operations; 8492.1 current ops/sec; est completion in 19 minutes [READ: Count=30282, Max=5867, Min=121, Avg=137.91, 90=141, 99=165, 99.9=2133, 99.99=2311] [READ-FAILED: Count=54639, Max=6363, Min=91, Avg=103.55, 90=106, 99=125, 99.9=153, 99.99=2159] 
2017-05-11 10:44:14:112 730 sec: 3905383 operations; 8502.9 current ops/sec; est completion in 19 minutes [READ: Count=30401, Max=2261, Min=122, Avg=137.09, 90=140, 99=164, 99.9=2109, 99.99=2231] [READ-FAILED: Count=54628, Max=6299, Min=90, Avg=103.71, 90=106, 99=126, 99.9=151, 99.99=2177] 
2017-05-11 10:44:24:112 740 sec: 3989713 operations; 8433 current ops/sec; est completion in 18 minutes [READ: Count=29899, Max=6323, Min=124, Avg=138.79, 90=142, 99=166, 99.9=2147, 99.99=2369] [READ-FAILED: Count=54431, Max=5219, Min=89, Avg=104.41, 90=107, 99=126, 99.9=156, 99.99=2141] 
2017-05-11 10:44:34:112 750 sec: 4074554 operations; 8484.1 current ops/sec; est completion in 18 minutes [READ: Count=30213, Max=6119, Min=123, Avg=138.26, 90=140, 99=164, 99.9=2137, 99.99=2787] [READ-FAILED: Count=54628, Max=5539, Min=87, Avg=103.54, 90=106, 99=126, 99.9=157, 99.99=2099] 
2017-05-11 10:44:44:112 760 sec: 4159511 operations; 8495.7 current ops/sec; est completion in 17 minutes [READ: Count=30175, Max=2269, Min=123, Avg=137.08, 90=139, 99=162, 99.9=2119, 99.99=2235] [READ-FAILED: Count=54782, Max=10215, Min=91, Avg=104.05, 90=105, 99=126, 99.9=161, 99.99=2231] 
2017-05-11 10:44:54:112 770 sec: 4244499 operations; 8498.8 current ops/sec; est completion in 17 minutes [READ: Count=30325, Max=4001, Min=123, Avg=137.49, 90=139, 99=164, 99.9=2139, 99.99=2267] [READ-FAILED: Count=54663, Max=5239, Min=92, Avg=103.61, 90=105, 99=125, 99.9=152, 99.99=2135] 
2017-05-11 10:45:04:112 780 sec: 4329299 operations; 8480 current ops/sec; est completion in 17 minutes [READ: Count=30465, Max=4151, Min=123, Avg=137.61, 90=140, 99=165, 99.9=2145, 99.99=2263] [READ-FAILED: Count=54335, Max=5307, Min=91, Avg=103.89, 90=106, 99=127, 99.9=156, 99.99=2209] 
2017-05-11 10:45:14:112 790 sec: 4413724 operations; 8442.5 current ops/sec; est completion in 16 minutes [READ: Count=30451, Max=2419, Min=124, Avg=138.08, 90=142, 99=169, 99.9=2141, 99.99=2281] [READ-FAILED: Count=53974, Max=6047, Min=88, Avg=104.28, 90=107, 99=128, 99.9=154, 99.99=2177] 
2017-05-11 10:45:24:112 800 sec: 4498447 operations; 8472.3 current ops/sec; est completion in 16 minutes [READ: Count=30670, Max=2301, Min=122, Avg=137.32, 90=141, 99=164, 99.9=2133, 99.99=2271] [READ-FAILED: Count=54053, Max=6131, Min=92, Avg=104.06, 90=107, 99=126, 99.9=157, 99.99=2175] 
2017-05-11 10:45:34:112 810 sec: 4583060 operations; 8461.3 current ops/sec; est completion in 15 minutes [READ: Count=30106, Max=6279, Min=121, Avg=138.07, 90=141, 99=166, 99.9=2147, 99.99=2303] [READ-FAILED: Count=54507, Max=5467, Min=92, Avg=104.15, 90=106, 99=126, 99.9=159, 99.99=2179] 
2017-05-11 10:45:44:112 820 sec: 4668007 operations; 8494.7 current ops/sec; est completion in 15 minutes [READ: Count=30270, Max=7287, Min=123, Avg=137.35, 90=139, 99=164, 99.9=2141, 99.99=2233] [READ-FAILED: Count=54677, Max=6083, Min=87, Avg=103.87, 90=105, 99=125, 99.9=155, 99.99=2173] 
2017-05-11 10:45:54:112 830 sec: 4753069 operations; 8506.2 current ops/sec; est completion in 15 minutes [READ: Count=30624, Max=5331, Min=122, Avg=137.54, 90=139, 99=162, 99.9=2155, 99.99=2411] [READ-FAILED: Count=54438, Max=6139, Min=86, Avg=103.27, 90=105, 99=124, 99.9=153, 99.99=2133] 
2017-05-11 10:46:04:112 840 sec: 4837843 operations; 8477.4 current ops/sec; est completion in 14 minutes [READ: Count=30276, Max=2399, Min=125, Avg=137.53, 90=142, 99=165, 99.9=2145, 99.99=2293] [READ-FAILED: Count=54498, Max=2801, Min=94, Avg=104.01, 90=107, 99=127, 99.9=155, 99.99=2201] 
2017-05-11 10:46:14:112 850 sec: 4922398 operations; 8455.5 current ops/sec; est completion in 14 minutes [READ: Count=30149, Max=2301, Min=124, Avg=138.11, 90=142, 99=163, 99.9=2155, 99.99=2287] [READ-FAILED: Count=54406, Max=4475, Min=91, Avg=104.32, 90=107, 99=126, 99.9=153, 99.99=2261] 
2017-05-11 10:46:24:112 860 sec: 5006455 operations; 8405.7 current ops/sec; est completion in 14 minutes [READ: Count=30112, Max=3933, Min=125, Avg=138.42, 90=142, 99=164, 99.9=2149, 99.99=2307] [READ-FAILED: Count=53945, Max=4523, Min=94, Avg=105.07, 90=107, 99=127, 99.9=165, 99.99=2251] 
2017-05-11 10:46:34:112 870 sec: 5090709 operations; 8425.4 current ops/sec; est completion in 13 minutes [READ: Count=30413, Max=2573, Min=125, Avg=138.51, 90=142, 99=166, 99.9=2177, 99.99=2351] [READ-FAILED: Count=53841, Max=4827, Min=93, Avg=104.56, 90=107, 99=126, 99.9=153, 99.99=2167] 
2017-05-11 10:46:44:112 880 sec: 5175421 operations; 8471.2 current ops/sec; est completion in 13 minutes [READ: Count=30327, Max=6159, Min=125, Avg=137.13, 90=140, 99=161, 99.9=1422, 99.99=2335] [READ-FAILED: Count=54385, Max=6167, Min=93, Avg=104.28, 90=106, 99=125, 99.9=153, 99.99=3107] 
2017-05-11 10:46:54:112 890 sec: 5259814 operations; 8439.3 current ops/sec; est completion in 13 minutes [READ: Count=30032, Max=4363, Min=121, Avg=138.95, 90=142, 99=165, 99.9=2185, 99.99=2609] [READ-FAILED: Count=54361, Max=6015, Min=94, Avg=104.18, 90=107, 99=127, 99.9=155, 99.99=2139] 
2017-05-11 10:47:04:112 900 sec: 5344061 operations; 8424.7 current ops/sec; est completion in 13 minutes [READ: Count=30182, Max=3139, Min=124, Avg=138.49, 90=142, 99=166, 99.9=2187, 99.99=2297] [READ-FAILED: Count=54065, Max=2839, Min=93, Avg=104.65, 90=108, 99=127, 99.9=158, 99.99=2207] 
2017-05-11 10:47:14:112 910 sec: 5428231 operations; 8417 current ops/sec; est completion in 12 minutes [READ: Count=29973, Max=6151, Min=124, Avg=139.3, 90=143, 99=165, 99.9=2201, 99.99=2333] [READ-FAILED: Count=54197, Max=5307, Min=87, Avg=104.49, 90=108, 99=127, 99.9=153, 99.99=1895] 
2017-05-11 10:47:24:112 920 sec: 5512698 operations; 8446.7 current ops/sec; est completion in 12 minutes [READ: Count=30201, Max=2323, Min=126, Avg=137.93, 90=142, 99=164, 99.9=2181, 99.99=2307] [READ-FAILED: Count=54266, Max=5059, Min=88, Avg=104.3, 90=108, 99=126, 99.9=150, 99.99=2211] 
2017-05-11 10:47:34:112 930 sec: 5597035 operations; 8433.7 current ops/sec; est completion in 12 minutes [READ: Count=29840, Max=2333, Min=124, Avg=137.95, 90=142, 99=165, 99.9=805, 99.99=2275] [READ-FAILED: Count=54497, Max=3343, Min=93, Avg=104.91, 90=107, 99=128, 99.9=165, 99.99=2225] 
2017-05-11 10:47:44:112 940 sec: 5681344 operations; 8430.9 current ops/sec; est completion in 11 minutes [READ: Count=29769, Max=2331, Min=122, Avg=138.3, 90=142, 99=166, 99.9=2171, 99.99=2305] [READ-FAILED: Count=54540, Max=5235, Min=92, Avg=104.86, 90=107, 99=127, 99.9=158, 99.99=2223] 
2017-05-11 10:47:54:112 950 sec: 5765938 operations; 8459.4 current ops/sec; est completion in 11 minutes [READ: Count=30428, Max=5319, Min=124, Avg=137.88, 90=141, 99=165, 99.9=2201, 99.99=2355] [READ-FAILED: Count=54166, Max=6215, Min=88, Avg=104.13, 90=107, 99=125, 99.9=149, 99.99=2227] 
2017-05-11 10:48:04:112 960 sec: 5850233 operations; 8429.5 current ops/sec; est completion in 11 minutes [READ: Count=30474, Max=6079, Min=123, Avg=138.57, 90=142, 99=162, 99.9=2227, 99.99=2383] [READ-FAILED: Count=53821, Max=5235, Min=89, Avg=104.25, 90=107, 99=126, 99.9=151, 99.99=2193] 
2017-05-11 10:48:14:112 970 sec: 5934671 operations; 8443.8 current ops/sec; est completion in 11 minutes [READ: Count=30239, Max=5251, Min=121, Avg=137.95, 90=141, 99=163, 99.9=2175, 99.99=2345] [READ-FAILED: Count=54199, Max=6111, Min=88, Avg=104.43, 90=107, 99=126, 99.9=151, 99.99=2215] 
2017-05-11 10:48:24:112 980 sec: 6019564 operations; 8489.3 current ops/sec; est completion in 10 minutes [READ: Count=30441, Max=5235, Min=121, Avg=137.08, 90=140, 99=164, 99.9=903, 99.99=2317] [READ-FAILED: Count=54452, Max=6307, Min=87, Avg=103.99, 90=106, 99=126, 99.9=158, 99.99=2261] 
2017-05-11 10:48:34:112 990 sec: 6104164 operations; 8460 current ops/sec; est completion in 10 minutes [READ: Count=30178, Max=5227, Min=126, Avg=137.94, 90=143, 99=164, 99.9=2195, 99.99=2399] [READ-FAILED: Count=54422, Max=6383, Min=93, Avg=104.25, 90=107, 99=127, 99.9=157, 99.99=2251] 
2017-05-11 10:48:44:112 1000 sec: 6189263 operations; 8509.9 current ops/sec; est completion in 10 minutes [READ: Count=30343, Max=2875, Min=122, Avg=137.24, 90=139, 99=164, 99.9=2215, 99.99=2347] [READ-FAILED: Count=54756, Max=5247, Min=86, Avg=103.48, 90=105, 99=125, 99.9=154, 99.99=2273] 
Maximum time elapsed. Requesting stop for the workload.
Stop requested for workload. Now Joining!
2017-05-11 10:48:44:124 1000 sec: 6189307 operations; 3666.67 current ops/sec; est completion in 10 minutes [READ: Count=19, Max=2261, Min=130, Avg=247.37, 90=145, 99=2261, 99.9=2261, 99.99=2261] [CLEANUP: Count=1, Max=1486, Min=1486, Avg=1486, 90=1486, 99=1486, 99.9=1486, 99.99=1486] [READ-FAILED: Count=25, Max=2837, Min=100, Avg=219.88, 90=118, 99=2837, 99.9=2837, 99.99=2837] 
[OVERALL], RunTime(ms), 1000014.0
[OVERALL], Throughput(ops/sec), 6189.220350915087
[TOTAL_GCS_PS_Scavenge], Count, 3207.0
[TOTAL_GC_TIME_PS_Scavenge], Time(ms), 5927.0
[TOTAL_GC_TIME_%_PS_Scavenge], Time(%), 0.5926917023161676
[TOTAL_GCS_PS_MarkSweep], Count, 0.0
[TOTAL_GC_TIME_PS_MarkSweep], Time(ms), 0.0
[TOTAL_GC_TIME_%_PS_MarkSweep], Time(%), 0.0
[TOTAL_GCs], Count, 3207.0
[TOTAL_GC_TIME], Time(ms), 5927.0
[TOTAL_GC_TIME_%], Time(%), 0.5926917023161676
[READ], Operations, 2211498.0
[READ], AverageLatency(us), 257.60088229788136
[READ], MinLatency(us), 118.0
[READ], MaxLatency(us), 181247.0
[READ], 95thPercentileLatency(us), 152.0
[READ], 99thPercentileLatency(us), 6143.0
[READ], Return=OK, 2211498
[READ], Return=NOT_FOUND, 3977809
[CLEANUP], Operations, 1.0
[CLEANUP], AverageLatency(us), 1486.0
[CLEANUP], MinLatency(us), 1486.0
[CLEANUP], MaxLatency(us), 1486.0
[CLEANUP], 95thPercentileLatency(us), 1486.0
[CLEANUP], 99thPercentileLatency(us), 1486.0
[READ-FAILED], Operations, 3977809.0
[READ-FAILED], AverageLatency(us), 104.78014153017402
[READ-FAILED], MinLatency(us), 86.0
[READ-FAILED], MaxLatency(us), 87615.0
[READ-FAILED], 95thPercentileLatency(us), 116.0
[READ-FAILED], 99thPercentileLatency(us), 132.0
