Tue May 16 03:35:02 IST 2017
--------------------MEMCG-----------------------
MEM ONLY  : 131 MB
MEM+SWAP  : 131 MB
cache 79126528
rss 59060224
rss_huge 0
mapped_file 36749312
writeback 0
swap 0
pgpgin 130926
pgpgout 97189
pgfault 190170
pgmajfault 487
inactive_anon 45056
active_anon 59072512
inactive_file 64049152
active_file 14974976
unevictable 4096
hierarchical_memory_limit 536870912
hierarchical_memsw_limit 5368709120
total_cache 79126528
total_rss 59060224
total_rss_huge 0
total_mapped_file 36749312
total_writeback 0
total_swap 0
total_pgpgin 130926
total_pgpgout 97189
total_pgfault 190170
total_pgmajfault 487
total_inactive_anon 45056
total_active_anon 59072512
total_inactive_file 64049152
total_active_file 14974976
total_unevictable 4096
--------------------BLKIO-----------------------
11:0 Read 0
11:0 Write 0
11:0 Sync 0
11:0 Async 0
11:0 Total 0
253:0 Read 78909440
253:0 Write 323584
253:0 Sync 61440
253:0 Async 79171584
253:0 Total 79233024
Total 79233024
--------------------CPUAC-----------------------
user 54
system 110
 
Tue May 16 03:35:32 IST 2017
--------------------MEMCG-----------------------
MEM ONLY  : 293 MB
MEM+SWAP  : 293 MB
cache 162664448
rss 145342464
rss_huge 0
mapped_file 36610048
writeback 0
swap 0
pgpgin 172552
pgpgout 97355
pgfault 211434
pgmajfault 487
inactive_anon 45056
active_anon 145358848
inactive_file 147558400
active_file 15003648
unevictable 4096
hierarchical_memory_limit 536870912
hierarchical_memsw_limit 5368709120
total_cache 162664448
total_rss 145342464
total_rss_huge 0
total_mapped_file 36610048
total_writeback 0
total_swap 0
total_pgpgin 172552
total_pgpgout 97355
total_pgfault 211434
total_pgmajfault 487
total_inactive_anon 45056
total_active_anon 145358848
total_inactive_file 147558400
total_active_file 15003648
total_unevictable 4096
--------------------BLKIO-----------------------
11:0 Read 0
11:0 Write 0
11:0 Sync 0
11:0 Async 0
11:0 Total 0
253:0 Read 162443264
253:0 Write 458752
253:0 Sync 159744
253:0 Async 162742272
253:0 Total 162902016
Total 162902016
--------------------CPUAC-----------------------
user 88
system 137
 
Tue May 16 03:36:02 IST 2017
--------------------MEMCG-----------------------
MEM ONLY  : 457 MB
MEM+SWAP  : 457 MB
cache 247738368
rss 232153088
rss_huge 0
mapped_file 36610048
writeback 0
swap 0
pgpgin 214615
pgpgout 97454
pgfault 232749
pgmajfault 487
inactive_anon 45056
active_anon 232173568
inactive_file 232660992
active_file 15003648
unevictable 4096
hierarchical_memory_limit 536870912
hierarchical_memsw_limit 5368709120
total_cache 247738368
total_rss 232153088
total_rss_huge 0
total_mapped_file 36610048
total_writeback 0
total_swap 0
total_pgpgin 214615
total_pgpgout 97454
total_pgfault 232749
total_pgmajfault 487
total_inactive_anon 45056
total_active_anon 232173568
total_inactive_file 232660992
total_active_file 15003648
total_unevictable 4096
--------------------BLKIO-----------------------
11:0 Read 0
11:0 Write 0
11:0 Sync 0
11:0 Async 0
11:0 Total 0
253:0 Read 247513088
253:0 Write 499712
253:0 Sync 159744
253:0 Async 247853056
253:0 Total 248012800
Total 248012800
--------------------CPUAC-----------------------
user 128
system 164
 
Tue May 16 03:36:32 IST 2017
--------------------MEMCG-----------------------
MEM ONLY  : 511 MB
MEM+SWAP  : 511 MB
cache 280256512
rss 256483328
rss_huge 0
mapped_file 36581376
writeback 0
swap 0
pgpgin 241665
pgpgout 110625
pgfault 238787
pgmajfault 487
inactive_anon 113229824
active_anon 143323136
inactive_file 226025472
active_file 54149120
unevictable 4096
hierarchical_memory_limit 536870912
hierarchical_memsw_limit 5368709120
total_cache 280256512
total_rss 256483328
total_rss_huge 0
total_mapped_file 36581376
total_writeback 0
total_swap 0
total_pgpgin 241665
total_pgpgout 110625
total_pgfault 238787
total_pgmajfault 487
total_inactive_anon 113229824
total_active_anon 143323136
total_inactive_file 226025472
total_active_file 54149120
total_unevictable 4096
--------------------BLKIO-----------------------
11:0 Read 0
11:0 Write 0
11:0 Sync 0
11:0 Async 0
11:0 Total 0
253:0 Read 332300288
253:0 Write 585728
253:0 Sync 196608
253:0 Async 332689408
253:0 Total 332886016
Total 332886016
--------------------CPUAC-----------------------
user 172
system 195
 
Tue May 16 03:37:02 IST 2017
--------------------MEMCG-----------------------
MEM ONLY  : 511 MB
MEM+SWAP  : 511 MB
cache 278953984
rss 257716224
rss_huge 0
mapped_file 36581376
writeback 0
swap 0
pgpgin 264707
pgpgout 133684
pgfault 239238
pgmajfault 487
inactive_anon 129089536
active_anon 128696320
inactive_file 215859200
active_file 62992384
unevictable 4096
hierarchical_memory_limit 536870912
hierarchical_memsw_limit 5368709120
total_cache 278953984
total_rss 257716224
total_rss_huge 0
total_mapped_file 36581376
total_writeback 0
total_swap 0
total_pgpgin 264707
total_pgpgout 133684
total_pgfault 239238
total_pgmajfault 487
total_inactive_anon 129089536
total_active_anon 128696320
total_inactive_file 215859200
total_active_file 62992384
total_unevictable 4096
--------------------BLKIO-----------------------
11:0 Read 0
11:0 Write 0
11:0 Sync 0
11:0 Async 0
11:0 Total 0
253:0 Read 419237888
253:0 Write 647168
253:0 Sync 196608
253:0 Async 419688448
253:0 Total 419885056
Total 419885056
--------------------CPUAC-----------------------
user 215
system 226
 
Tue May 16 03:37:32 IST 2017
--------------------MEMCG-----------------------
MEM ONLY  : 511 MB
MEM+SWAP  : 511 MB
cache 279044096
rss 257748992
rss_huge 0
mapped_file 36495360
writeback 0
swap 0
pgpgin 287241
pgpgout 156188
pgfault 239336
pgmajfault 487
inactive_anon 129089536
active_anon 128729088
inactive_file 209055744
active_file 69902336
unevictable 4096
hierarchical_memory_limit 536870912
hierarchical_memsw_limit 5368709120
total_cache 279044096
total_rss 257748992
total_rss_huge 0
total_mapped_file 36495360
total_writeback 0
total_swap 0
total_pgpgin 287241
total_pgpgout 156188
total_pgfault 239336
total_pgmajfault 487
total_inactive_anon 129089536
total_active_anon 128729088
total_inactive_file 209055744
total_active_file 69902336
total_unevictable 4096
--------------------BLKIO-----------------------
11:0 Read 0
11:0 Write 0
11:0 Sync 0
11:0 Async 0
11:0 Total 0
253:0 Read 506068992
253:0 Write 712704
253:0 Sync 196608
253:0 Async 506585088
253:0 Total 506781696
Total 506781696
--------------------CPUAC-----------------------
user 263
system 260
 
Tue May 16 03:38:02 IST 2017
--------------------MEMCG-----------------------
MEM ONLY  : 511 MB
MEM+SWAP  : 511 MB
cache 278978560
rss 257773568
rss_huge 0
mapped_file 36495360
writeback 0
swap 0
pgpgin 309969
pgpgout 178926
pgfault 239433
pgmajfault 487
inactive_anon 129089536
active_anon 128753664
inactive_file 201228288
active_file 77676544
unevictable 4096
hierarchical_memory_limit 536870912
hierarchical_memsw_limit 5368709120
total_cache 278978560
total_rss 257773568
total_rss_huge 0
total_mapped_file 36495360
total_writeback 0
total_swap 0
total_pgpgin 309969
total_pgpgout 178926
total_pgfault 239433
total_pgmajfault 487
total_inactive_anon 129089536
total_active_anon 128753664
total_inactive_file 201228288
total_active_file 77676544
total_unevictable 4096
--------------------BLKIO-----------------------
11:0 Read 0
11:0 Write 0
11:0 Sync 0
11:0 Async 0
11:0 Total 0
253:0 Read 591458304
253:0 Write 786432
253:0 Sync 196608
253:0 Async 592048128
253:0 Total 592244736
Total 592244736
--------------------CPUAC-----------------------
user 307
system 298
 
Tue May 16 03:38:33 IST 2017
--------------------MEMCG-----------------------
MEM ONLY  : 511 MB
MEM+SWAP  : 511 MB
cache 278650880
rss 258064384
rss_huge 0
mapped_file 36495360
writeback 0
swap 0
pgpgin 333299
pgpgout 202265
pgfault 239603
pgmajfault 487
inactive_anon 129204224
active_anon 128929792
inactive_file 190816256
active_file 87760896
unevictable 4096
hierarchical_memory_limit 536870912
hierarchical_memsw_limit 5368709120
total_cache 278650880
total_rss 258064384
total_rss_huge 0
total_mapped_file 36495360
total_writeback 0
total_swap 0
total_pgpgin 333299
total_pgpgout 202265
total_pgfault 239603
total_pgmajfault 487
total_inactive_anon 129204224
total_active_anon 128929792
total_inactive_file 190816256
total_active_file 87760896
total_unevictable 4096
--------------------BLKIO-----------------------
11:0 Read 0
11:0 Write 0
11:0 Sync 0
11:0 Async 0
11:0 Total 0
253:0 Read 675282944
253:0 Write 868352
253:0 Sync 196608
253:0 Async 675954688
253:0 Total 676151296
Total 676151296
--------------------CPUAC-----------------------
user 362
system 335
 
Tue May 16 03:39:03 IST 2017
--------------------MEMCG-----------------------
MEM ONLY  : 511 MB
MEM+SWAP  : 511 MB
cache 278712320
rss 257908736
rss_huge 0
mapped_file 36495360
writeback 0
swap 0
pgpgin 357610
pgpgout 226599
pgfault 239759
pgmajfault 487
inactive_anon 129187840
active_anon 128790528
inactive_file 180391936
active_file 98217984
unevictable 4096
hierarchical_memory_limit 536870912
hierarchical_memsw_limit 5368709120
total_cache 278712320
total_rss 257908736
total_rss_huge 0
total_mapped_file 36495360
total_writeback 0
total_swap 0
total_pgpgin 357610
total_pgpgout 226599
total_pgfault 239759
total_pgmajfault 487
total_inactive_anon 129187840
total_active_anon 128790528
total_inactive_file 180391936
total_active_file 98217984
total_unevictable 4096
--------------------BLKIO-----------------------
11:0 Read 0
11:0 Write 0
11:0 Sync 0
11:0 Async 0
11:0 Total 0
253:0 Read 760078336
253:0 Write 954368
253:0 Sync 196608
253:0 Async 760836096
253:0 Total 761032704
Total 761032704
--------------------CPUAC-----------------------
user 409
system 380
 
Tue May 16 03:39:33 IST 2017
--------------------MEMCG-----------------------
MEM ONLY  : 511 MB
MEM+SWAP  : 511 MB
cache 278986752
rss 257724416
rss_huge 0
mapped_file 36495360
writeback 0
swap 0
pgpgin 382824
pgpgout 251791
pgfault 239887
pgmajfault 487
inactive_anon 129093632
active_anon 128700416
inactive_file 168796160
active_file 110116864
unevictable 4096
hierarchical_memory_limit 536870912
hierarchical_memsw_limit 5368709120
total_cache 278986752
total_rss 257724416
total_rss_huge 0
total_mapped_file 36495360
total_writeback 0
total_swap 0
total_pgpgin 382824
total_pgpgout 251791
total_pgfault 239887
total_pgmajfault 487
total_inactive_anon 129093632
total_active_anon 128700416
total_inactive_file 168796160
total_active_file 110116864
total_unevictable 4096
--------------------BLKIO-----------------------
11:0 Read 0
11:0 Write 0
11:0 Sync 0
11:0 Async 0
11:0 Total 0
253:0 Read 844787712
253:0 Write 987136
253:0 Sync 196608
253:0 Async 845578240
253:0 Total 845774848
Total 845774848
--------------------CPUAC-----------------------
user 462
system 419
 
Tue May 16 03:40:03 IST 2017
--------------------MEMCG-----------------------
MEM ONLY  : 511 MB
MEM+SWAP  : 511 MB
cache 278949888
rss 257683456
rss_huge 0
mapped_file 36495360
writeback 0
swap 0
pgpgin 408740
pgpgout 277726
pgfault 240044
pgmajfault 487
inactive_anon 129003520
active_anon 128749568
inactive_file 156516352
active_file 122343424
unevictable 4096
hierarchical_memory_limit 536870912
hierarchical_memsw_limit 5368709120
total_cache 278949888
total_rss 257683456
total_rss_huge 0
total_mapped_file 36495360
total_writeback 0
total_swap 0
total_pgpgin 408740
total_pgpgout 277726
total_pgfault 240044
total_pgmajfault 487
total_inactive_anon 129003520
total_active_anon 128749568
total_inactive_file 156516352
total_active_file 122343424
total_unevictable 4096
--------------------BLKIO-----------------------
11:0 Read 0
11:0 Write 0
11:0 Sync 0
11:0 Async 0
11:0 Total 0
253:0 Read 928460800
253:0 Write 1024000
253:0 Sync 196608
253:0 Async 929288192
253:0 Total 929484800
Total 929484800
--------------------CPUAC-----------------------
user 522
system 461
 
Tue May 16 03:40:33 IST 2017
--------------------MEMCG-----------------------
MEM ONLY  : 511 MB
MEM+SWAP  : 511 MB
cache 278851584
rss 257941504
rss_huge 0
mapped_file 36495360
writeback 0
swap 0
pgpgin 436282
pgpgout 305229
pgfault 240197
pgmajfault 487
inactive_anon 129134592
active_anon 128876544
inactive_file 142901248
active_file 135876608
unevictable 4096
hierarchical_memory_limit 536870912
hierarchical_memsw_limit 5368709120
total_cache 278851584
total_rss 257941504
total_rss_huge 0
total_mapped_file 36495360
total_writeback 0
total_swap 0
total_pgpgin 436282
total_pgpgout 305229
total_pgfault 240197
total_pgmajfault 487
total_inactive_anon 129134592
total_active_anon 128876544
total_inactive_file 142901248
total_active_file 135876608
total_unevictable 4096
--------------------BLKIO-----------------------
11:0 Read 0
11:0 Write 0
11:0 Sync 0
11:0 Async 0
11:0 Total 0
253:0 Read 1012654080
253:0 Write 1064960
253:0 Sync 196608
253:0 Async 1013522432
253:0 Total 1013719040
Total 1013719040
--------------------CPUAC-----------------------
user 579
system 503
 
Tue May 16 03:41:03 IST 2017
--------------------MEMCG-----------------------
MEM ONLY  : 511 MB
MEM+SWAP  : 512 MB
cache 278798336
rss 257966080
rss_huge 0
mapped_file 36495360
writeback 0
swap 28672
pgpgin 464979
pgpgout 333933
pgfault 240293
pgmajfault 487
inactive_anon 129105920
active_anon 128901120
inactive_file 139714560
active_file 139026432
unevictable 4096
hierarchical_memory_limit 536870912
hierarchical_memsw_limit 5368709120
total_cache 278798336
total_rss 257966080
total_rss_huge 0
total_mapped_file 36495360
total_writeback 0
total_swap 28672
total_pgpgin 464979
total_pgpgout 333933
total_pgfault 240293
total_pgmajfault 487
total_inactive_anon 129105920
total_active_anon 128901120
total_inactive_file 139714560
total_active_file 139026432
total_unevictable 4096
--------------------BLKIO-----------------------
11:0 Read 0
11:0 Write 0
11:0 Sync 0
11:0 Async 0
11:0 Total 0
253:0 Read 1097031680
253:0 Write 1142784
253:0 Sync 196608
253:0 Async 1097977856
253:0 Total 1098174464
Total 1098174464
--------------------CPUAC-----------------------
user 636
system 543
 
Tue May 16 03:41:33 IST 2017
--------------------MEMCG-----------------------
MEM ONLY  : 511 MB
MEM+SWAP  : 511 MB
cache 278827008
rss 257966080
rss_huge 0
mapped_file 36491264
writeback 0
swap 28672
pgpgin 496235
pgpgout 365182
pgfault 240383
pgmajfault 487
inactive_anon 129105920
active_anon 128901120
inactive_file 139587584
active_file 139165696
unevictable 4096
hierarchical_memory_limit 536870912
hierarchical_memsw_limit 5368709120
total_cache 278827008
total_rss 257966080
total_rss_huge 0
total_mapped_file 36491264
total_writeback 0
total_swap 28672
total_pgpgin 496235
total_pgpgout 365182
total_pgfault 240383
total_pgmajfault 487
total_inactive_anon 129105920
total_active_anon 128901120
total_inactive_file 139587584
total_active_file 139165696
total_unevictable 4096
--------------------BLKIO-----------------------
11:0 Read 0
11:0 Write 0
11:0 Sync 0
11:0 Async 0
11:0 Total 0
253:0 Read 1180954624
253:0 Write 1204224
253:0 Sync 196608
253:0 Async 1181962240
253:0 Total 1182158848
Total 1182158848
--------------------CPUAC-----------------------
user 701
system 588
 
Tue May 16 03:42:03 IST 2017
--------------------MEMCG-----------------------
MEM ONLY  : 511 MB
MEM+SWAP  : 511 MB
cache 278798336
rss 257966080
rss_huge 0
mapped_file 21667840
writeback 0
swap 28672
pgpgin 529223
pgpgout 398177
pgfault 240473
pgmajfault 487
inactive_anon 129105920
active_anon 128901120
inactive_file 139759616
active_file 138993664
unevictable 4096
hierarchical_memory_limit 536870912
hierarchical_memsw_limit 5368709120
total_cache 278798336
total_rss 257966080
total_rss_huge 0
total_mapped_file 21667840
total_writeback 0
total_swap 28672
total_pgpgin 529223
total_pgpgout 398177
total_pgfault 240473
total_pgmajfault 487
total_inactive_anon 129105920
total_active_anon 128901120
total_inactive_file 139759616
total_active_file 138993664
total_unevictable 4096
--------------------BLKIO-----------------------
11:0 Read 0
11:0 Write 0
11:0 Sync 0
11:0 Async 0
11:0 Total 0
253:0 Read 1264762880
253:0 Write 1269760
253:0 Sync 196608
253:0 Async 1265836032
253:0 Total 1266032640
Total 1266032640
--------------------CPUAC-----------------------
user 763
system 636
 
Tue May 16 03:42:33 IST 2017
--------------------MEMCG-----------------------
MEM ONLY  : 511 MB
MEM+SWAP  : 512 MB
cache 279121920
rss 257732608
rss_huge 0
mapped_file 9302016
writeback 0
swap 28672
pgpgin 564164
pgpgout 433096
pgfault 240629
pgmajfault 487
inactive_anon 129060864
active_anon 128712704
inactive_file 139636736
active_file 139440128
unevictable 4096
hierarchical_memory_limit 536870912
hierarchical_memsw_limit 5368709120
total_cache 279121920
total_rss 257732608
total_rss_huge 0
total_mapped_file 9302016
total_writeback 0
total_swap 28672
total_pgpgin 564164
total_pgpgout 433096
total_pgfault 240629
total_pgmajfault 487
total_inactive_anon 129060864
total_active_anon 128712704
total_inactive_file 139636736
total_active_file 139440128
total_unevictable 4096
--------------------BLKIO-----------------------
11:0 Read 0
11:0 Write 0
11:0 Sync 0
11:0 Async 0
11:0 Total 0
253:0 Read 1348108288
253:0 Write 1343488
253:0 Sync 196608
253:0 Async 1349255168
253:0 Total 1349451776
Total 1349451776
--------------------CPUAC-----------------------
user 831
system 684
 
Tue May 16 03:43:03 IST 2017
--------------------MEMCG-----------------------
MEM ONLY  : 511 MB
MEM+SWAP  : 511 MB
cache 278720512
rss 257970176
rss_huge 0
mapped_file 7311360
writeback 0
swap 28672
pgpgin 604862
pgpgout 473834
pgfault 240915
pgmajfault 487
inactive_anon 129265664
active_anon 128745472
inactive_file 139550720
active_file 139120640
unevictable 4096
hierarchical_memory_limit 536870912
hierarchical_memsw_limit 5368709120
total_cache 278720512
total_rss 257970176
total_rss_huge 0
total_mapped_file 7311360
total_writeback 0
total_swap 28672
total_pgpgin 604862
total_pgpgout 473834
total_pgfault 240915
total_pgmajfault 487
total_inactive_anon 129265664
total_active_anon 128745472
total_inactive_file 139550720
total_active_file 139120640
total_unevictable 4096
--------------------BLKIO-----------------------
11:0 Read 0
11:0 Write 0
11:0 Sync 0
11:0 Async 0
11:0 Total 0
253:0 Read 1432064000
253:0 Write 1425408
253:0 Sync 196608
253:0 Async 1433292800
253:0 Total 1433489408
Total 1433489408
--------------------CPUAC-----------------------
user 904
system 747
 
Tue May 16 03:43:33 IST 2017
--------------------MEMCG-----------------------
MEM ONLY  : 511 MB
MEM+SWAP  : 511 MB
cache 279080960
rss 257634304
rss_huge 0
mapped_file 7315456
writeback 0
swap 28672
pgpgin 647168
pgpgout 516134
pgfault 241093
pgmajfault 488
inactive_anon 129089536
active_anon 128585728
inactive_file 139714560
active_file 139321344
unevictable 4096
hierarchical_memory_limit 536870912
hierarchical_memsw_limit 5368709120
total_cache 279080960
total_rss 257634304
total_rss_huge 0
total_mapped_file 7315456
total_writeback 0
total_swap 28672
total_pgpgin 647168
total_pgpgout 516134
total_pgfault 241093
total_pgmajfault 488
total_inactive_anon 129089536
total_active_anon 128585728
total_inactive_file 139714560
total_active_file 139321344
total_unevictable 4096
--------------------BLKIO-----------------------
11:0 Read 0
11:0 Write 0
11:0 Sync 0
11:0 Async 0
11:0 Total 0
253:0 Read 1515876352
253:0 Write 1515520
253:0 Sync 196608
253:0 Async 1517195264
253:0 Total 1517391872
Total 1517391872
--------------------CPUAC-----------------------
user 968
system 810
 
Tue May 16 03:44:03 IST 2017
--------------------MEMCG-----------------------
MEM ONLY  : 511 MB
MEM+SWAP  : 512 MB
cache 279597056
rss 257245184
rss_huge 0
mapped_file 7315456
writeback 0
swap 28672
pgpgin 693156
pgpgout 562091
pgfault 241269
pgmajfault 488
inactive_anon 129089536
active_anon 128196608
inactive_file 139943936
active_file 139595776
unevictable 4096
hierarchical_memory_limit 536870912
hierarchical_memsw_limit 5368709120
total_cache 279597056
total_rss 257245184
total_rss_huge 0
total_mapped_file 7315456
total_writeback 0
total_swap 28672
total_pgpgin 693156
total_pgpgout 562091
total_pgfault 241269
total_pgmajfault 488
total_inactive_anon 129089536
total_active_anon 128196608
total_inactive_file 139943936
total_active_file 139595776
total_unevictable 4096
--------------------BLKIO-----------------------
11:0 Read 0
11:0 Write 0
11:0 Sync 0
11:0 Async 0
11:0 Total 0
253:0 Read 1599475712
253:0 Write 1613824
253:0 Sync 196608
253:0 Async 1600892928
253:0 Total 1601089536
Total 1601089536
--------------------CPUAC-----------------------
user 1038
system 875
 
Tue May 16 03:44:33 IST 2017
--------------------MEMCG-----------------------
MEM ONLY  : 511 MB
MEM+SWAP  : 511 MB
cache 279425024
rss 257363968
rss_huge 0
mapped_file 7315456
writeback 0
swap 28672
pgpgin 742350
pgpgout 611298
pgfault 241556
pgmajfault 488
inactive_anon 128983040
active_anon 128421888
inactive_file 139886592
active_file 139493376
unevictable 4096
hierarchical_memory_limit 536870912
hierarchical_memsw_limit 5368709120
total_cache 279425024
total_rss 257363968
total_rss_huge 0
total_mapped_file 7315456
total_writeback 0
total_swap 28672
total_pgpgin 742350
total_pgpgout 611298
total_pgfault 241556
total_pgmajfault 488
total_inactive_anon 128983040
total_active_anon 128421888
total_inactive_file 139886592
total_active_file 139493376
total_unevictable 4096
--------------------BLKIO-----------------------
11:0 Read 0
11:0 Write 0
11:0 Sync 0
11:0 Async 0
11:0 Total 0
253:0 Read 1681301504
253:0 Write 1650688
253:0 Sync 196608
253:0 Async 1682755584
253:0 Total 1682952192
Total 1682952192
--------------------CPUAC-----------------------
user 1116
system 939
 
Tue May 16 03:45:03 IST 2017
--------------------MEMCG-----------------------
MEM ONLY  : 511 MB
MEM+SWAP  : 511 MB
cache 279777280
rss 257024000
rss_huge 0
mapped_file 5394432
writeback 0
swap 28672
pgpgin 796687
pgpgout 665632
pgfault 241760
pgmajfault 488
inactive_anon 128983040
active_anon 128081920
inactive_file 140115968
active_file 139616256
unevictable 4096
hierarchical_memory_limit 536870912
hierarchical_memsw_limit 5368709120
total_cache 279777280
total_rss 257024000
total_rss_huge 0
total_mapped_file 5394432
total_writeback 0
total_swap 28672
total_pgpgin 796687
total_pgpgout 665632
total_pgfault 241760
total_pgmajfault 488
total_inactive_anon 128983040
total_active_anon 128081920
total_inactive_file 140115968
total_active_file 139616256
total_unevictable 4096
--------------------BLKIO-----------------------
11:0 Read 0
11:0 Write 0
11:0 Sync 0
11:0 Async 0
11:0 Total 0
253:0 Read 1763471360
253:0 Write 1687552
253:0 Sync 196608
253:0 Async 1764962304
253:0 Total 1765158912
Total 1765158912
--------------------CPUAC-----------------------
user 1196
system 1006
 
Tue May 16 03:45:33 IST 2017
--------------------MEMCG-----------------------
MEM ONLY  : 511 MB
MEM+SWAP  : 511 MB
cache 279633920
rss 257069056
rss_huge 0
mapped_file 4026368
writeback 0
swap 28672
pgpgin 855851
pgpgout 724820
pgfault 242106
pgmajfault 488
inactive_anon 129114112
active_anon 127995904
inactive_file 139902976
active_file 139657216
unevictable 4096
hierarchical_memory_limit 536870912
hierarchical_memsw_limit 5368709120
total_cache 279633920
total_rss 257069056
total_rss_huge 0
total_mapped_file 4026368
total_writeback 0
total_swap 28672
total_pgpgin 855852
total_pgpgout 724820
total_pgfault 242106
total_pgmajfault 488
total_inactive_anon 129114112
total_active_anon 127995904
total_inactive_file 139902976
total_active_file 139657216
total_unevictable 4096
--------------------BLKIO-----------------------
11:0 Read 0
11:0 Write 0
11:0 Sync 0
11:0 Async 0
11:0 Total 0
253:0 Read 1844101120
253:0 Write 1732608
253:0 Sync 196608
253:0 Async 1845637120
253:0 Total 1845833728
Total 1845833728
--------------------CPUAC-----------------------
user 1274
system 1083
 
Tue May 16 03:46:03 IST 2017
--------------------MEMCG-----------------------
MEM ONLY  : 512 MB
MEM+SWAP  : 512 MB
cache 279498752
rss 257372160
rss_huge 0
mapped_file 2899968
writeback 0
swap 28672
pgpgin 925278
pgpgout 794206
pgfault 242441
pgmajfault 489
inactive_anon 129114112
active_anon 128299008
inactive_file 139911168
active_file 139493376
unevictable 4096
hierarchical_memory_limit 536870912
hierarchical_memsw_limit 5368709120
total_cache 279498752
total_rss 257372160
total_rss_huge 0
total_mapped_file 2899968
total_writeback 0
total_swap 28672
total_pgpgin 925278
total_pgpgout 794206
total_pgfault 242441
total_pgmajfault 489
total_inactive_anon 129114112
total_active_anon 128299008
total_inactive_file 139911168
total_active_file 139493376
total_unevictable 4096
--------------------BLKIO-----------------------
11:0 Read 0
11:0 Write 0
11:0 Sync 0
11:0 Async 0
11:0 Total 0
253:0 Read 1924390912
253:0 Write 1781760
253:0 Sync 196608
253:0 Async 1925976064
253:0 Total 1926172672
Total 1926172672
--------------------CPUAC-----------------------
user 1376
system 1178
 
Tue May 16 03:46:33 IST 2017
--------------------MEMCG-----------------------
MEM ONLY  : 511 MB
MEM+SWAP  : 512 MB
cache 278876160
rss 257794048
rss_huge 0
mapped_file 2883584
writeback 0
swap 28672
pgpgin 996714
pgpgout 865691
pgfault 242635
pgmajfault 489
inactive_anon 129114112
active_anon 128720896
inactive_file 139632640
active_file 139198464
unevictable 4096
hierarchical_memory_limit 536870912
hierarchical_memsw_limit 5368709120
total_cache 278876160
total_rss 257794048
total_rss_huge 0
total_mapped_file 2883584
total_writeback 0
total_swap 28672
total_pgpgin 996714
total_pgpgout 865691
total_pgfault 242635
total_pgmajfault 489
total_inactive_anon 129114112
total_active_anon 128720896
total_inactive_file 139632640
total_active_file 139198464
total_unevictable 4096
--------------------BLKIO-----------------------
11:0 Read 0
11:0 Write 0
11:0 Sync 0
11:0 Async 0
11:0 Total 0
253:0 Read 2004439040
253:0 Write 1843200
253:0 Sync 196608
253:0 Async 2006085632
253:0 Total 2006282240
Total 2006282240
--------------------CPUAC-----------------------
user 1471
system 1269
 
Tue May 16 03:47:03 IST 2017
--------------------MEMCG-----------------------
MEM ONLY  : 511 MB
MEM+SWAP  : 511 MB
cache 278503424
rss 258179072
rss_huge 0
mapped_file 2883584
writeback 0
swap 28672
pgpgin 1068284
pgpgout 937258
pgfault 243009
pgmajfault 489
inactive_anon 129396736
active_anon 128823296
inactive_file 139325440
active_file 139112448
unevictable 4096
hierarchical_memory_limit 536870912
hierarchical_memsw_limit 5368709120
total_cache 278503424
total_rss 258179072
total_rss_huge 0
total_mapped_file 2883584
total_writeback 0
total_swap 28672
total_pgpgin 1068284
total_pgpgout 937258
total_pgfault 243009
total_pgmajfault 489
total_inactive_anon 129396736
total_active_anon 128823296
total_inactive_file 139325440
total_active_file 139112448
total_unevictable 4096
--------------------BLKIO-----------------------
11:0 Read 0
11:0 Write 0
11:0 Sync 0
11:0 Async 0
11:0 Total 0
253:0 Read 2084818944
253:0 Write 1912832
253:0 Sync 196608
253:0 Async 2086535168
253:0 Total 2086731776
Total 2086731776
--------------------CPUAC-----------------------
user 1570
system 1372
 
Tue May 16 03:47:33 IST 2017
--------------------MEMCG-----------------------
MEM ONLY  : 511 MB
MEM+SWAP  : 512 MB
cache 277823488
rss 259022848
rss_huge 0
mapped_file 2887680
writeback 0
swap 28672
pgpgin 1141006
pgpgout 1009940
pgfault 243324
pgmajfault 490
inactive_anon 129658880
active_anon 129404928
inactive_file 139288576
active_file 138489856
unevictable 4096
hierarchical_memory_limit 536870912
hierarchical_memsw_limit 5368709120
total_cache 277823488
total_rss 259022848
total_rss_huge 0
total_mapped_file 2887680
total_writeback 0
total_swap 28672
total_pgpgin 1141006
total_pgpgout 1009940
total_pgfault 243324
total_pgmajfault 490
total_inactive_anon 129658880
total_active_anon 129404928
total_inactive_file 139288576
total_active_file 138489856
total_unevictable 4096
--------------------BLKIO-----------------------
11:0 Read 0
11:0 Write 0
11:0 Sync 0
11:0 Async 0
11:0 Total 0
253:0 Read 2165129216
253:0 Write 1986560
253:0 Sync 196608
253:0 Async 2166919168
253:0 Total 2167115776
Total 2167115776
--------------------CPUAC-----------------------
user 1658
system 1466
 
Tue May 16 03:48:03 IST 2017
--------------------MEMCG-----------------------
MEM ONLY  : 511 MB
MEM+SWAP  : 511 MB
cache 277745664
rss 259002368
rss_huge 0
mapped_file 2883584
writeback 0
swap 28672
pgpgin 1210299
pgpgout 1079257
pgfault 243433
pgmajfault 490
inactive_anon 129658880
active_anon 129384448
inactive_file 139132928
active_file 138563584
unevictable 4096
hierarchical_memory_limit 536870912
hierarchical_memsw_limit 5368709120
total_cache 277745664
total_rss 259002368
total_rss_huge 0
total_mapped_file 2883584
total_writeback 0
total_swap 28672
total_pgpgin 1210299
total_pgpgout 1079257
total_pgfault 243433
total_pgmajfault 490
total_inactive_anon 129658880
total_active_anon 129384448
total_inactive_file 139132928
total_active_file 138563584
total_unevictable 4096
--------------------BLKIO-----------------------
11:0 Read 0
11:0 Write 0
11:0 Sync 0
11:0 Async 0
11:0 Total 0
253:0 Read 2244239360
253:0 Write 2072576
253:0 Sync 196608
253:0 Async 2246115328
253:0 Total 2246311936
Total 2246311936
--------------------CPUAC-----------------------
user 1745
system 1547
 
Tue May 16 03:48:33 IST 2017
--------------------MEMCG-----------------------
MEM ONLY  : 511 MB
MEM+SWAP  : 511 MB
cache 276930560
rss 259760128
rss_huge 0
mapped_file 2875392
writeback 0
swap 28672
pgpgin 1285126
pgpgout 1154098
pgfault 243772
pgmajfault 490
inactive_anon 130125824
active_anon 129675264
inactive_file 138584064
active_file 138301440
unevictable 4096
hierarchical_memory_limit 536870912
hierarchical_memsw_limit 5368709120
total_cache 276930560
total_rss 259760128
total_rss_huge 0
total_mapped_file 2875392
total_writeback 0
total_swap 28672
total_pgpgin 1285126
total_pgpgout 1154098
total_pgfault 243772
total_pgmajfault 490
total_inactive_anon 130125824
total_active_anon 129675264
total_inactive_file 138584064
total_active_file 138301440
total_unevictable 4096
--------------------BLKIO-----------------------
11:0 Read 0
11:0 Write 0
11:0 Sync 0
11:0 Async 0
11:0 Total 0
253:0 Read 2324131840
253:0 Write 2166784
253:0 Sync 196608
253:0 Async 2326102016
253:0 Total 2326298624
Total 2326298624
--------------------CPUAC-----------------------
user 1843
system 1636
 
Tue May 16 03:49:03 IST 2017
--------------------MEMCG-----------------------
MEM ONLY  : 511 MB
MEM+SWAP  : 511 MB
cache 277262336
rss 259563520
rss_huge 0
mapped_file 2875392
writeback 0
swap 28672
pgpgin 1361317
pgpgout 1230256
pgfault 244085
pgmajfault 490
inactive_anon 130101248
active_anon 129503232
inactive_file 138997760
active_file 138219520
unevictable 4096
hierarchical_memory_limit 536870912
hierarchical_memsw_limit 5368709120
total_cache 277262336
total_rss 259563520
total_rss_huge 0
total_mapped_file 2875392
total_writeback 0
total_swap 28672
total_pgpgin 1361317
total_pgpgout 1230256
total_pgfault 244085
total_pgmajfault 490
total_inactive_anon 130101248
total_active_anon 129503232
total_inactive_file 138997760
total_active_file 138219520
total_unevictable 4096
--------------------BLKIO-----------------------
11:0 Read 0
11:0 Write 0
11:0 Sync 0
11:0 Async 0
11:0 Total 0
253:0 Read 2404454400
253:0 Write 2269184
253:0 Sync 196608
253:0 Async 2406526976
253:0 Total 2406723584
Total 2406723584
--------------------CPUAC-----------------------
user 1943
system 1732
 
Tue May 16 03:49:33 IST 2017
--------------------MEMCG-----------------------
MEM ONLY  : 511 MB
MEM+SWAP  : 511 MB
cache 276795392
rss 259964928
rss_huge 0
mapped_file 2887680
writeback 0
swap 28672
pgpgin 1437911
pgpgout 1306866
pgfault 244354
pgmajfault 492
inactive_anon 130101248
active_anon 129904640
inactive_file 138498048
active_file 138199040
unevictable 4096
hierarchical_memory_limit 536870912
hierarchical_memsw_limit 5368709120
total_cache 276795392
total_rss 259964928
total_rss_huge 0
total_mapped_file 2887680
total_writeback 0
total_swap 28672
total_pgpgin 1437911
total_pgpgout 1306866
total_pgfault 244354
total_pgmajfault 492
total_inactive_anon 130101248
total_active_anon 129904640
total_inactive_file 138498048
total_active_file 138199040
total_unevictable 4096
--------------------BLKIO-----------------------
11:0 Read 0
11:0 Write 0
11:0 Sync 0
11:0 Async 0
11:0 Total 0
253:0 Read 2482647040
253:0 Write 2306048
253:0 Sync 196608
253:0 Async 2484756480
253:0 Total 2484953088
Total 2484953088
--------------------CPUAC-----------------------
user 2052
system 1825
 
Tue May 16 03:50:03 IST 2017
--------------------MEMCG-----------------------
MEM ONLY  : 512 MB
MEM+SWAP  : 511 MB
cache 277241856
rss 259514368
rss_huge 0
mapped_file 2887680
writeback 0
swap 28672
pgpgin 1512798
pgpgout 1381754
pgfault 244519
pgmajfault 492
inactive_anon 130101248
active_anon 129454080
inactive_file 138924032
active_file 138215424
unevictable 4096
hierarchical_memory_limit 536870912
hierarchical_memsw_limit 5368709120
total_cache 277241856
total_rss 259514368
total_rss_huge 0
total_mapped_file 2887680
total_writeback 0
total_swap 28672
total_pgpgin 1512798
total_pgpgout 1381754
total_pgfault 244519
total_pgmajfault 492
total_inactive_anon 130101248
total_active_anon 129454080
total_inactive_file 138924032
total_active_file 138215424
total_unevictable 4096
--------------------BLKIO-----------------------
11:0 Read 0
11:0 Write 0
11:0 Sync 0
11:0 Async 0
11:0 Total 0
253:0 Read 2561589248
253:0 Write 2342912
253:0 Sync 196608
253:0 Async 2563735552
253:0 Total 2563932160
Total 2563932160
--------------------CPUAC-----------------------
user 2150
system 1919
 
Tue May 16 03:50:33 IST 2017
--------------------MEMCG-----------------------
MEM ONLY  : 511 MB
MEM+SWAP  : 511 MB
cache 275963904
rss 260718592
rss_huge 0
mapped_file 2883584
writeback 0
swap 28672
pgpgin 1591469
pgpgout 1460443
pgfault 244971
pgmajfault 492
inactive_anon 130494464
active_anon 130265088
inactive_file 138125312
active_file 137793536
unevictable 4096
hierarchical_memory_limit 536870912
hierarchical_memsw_limit 5368709120
total_cache 275963904
total_rss 260718592
total_rss_huge 0
total_mapped_file 2883584
total_writeback 0
total_swap 28672
total_pgpgin 1591469
total_pgpgout 1460443
total_pgfault 244971
total_pgmajfault 492
total_inactive_anon 130494464
total_active_anon 130265088
total_inactive_file 138125312
total_active_file 137793536
total_unevictable 4096
--------------------BLKIO-----------------------
11:0 Read 0
11:0 Write 0
11:0 Sync 0
11:0 Async 0
11:0 Total 0
253:0 Read 2639769600
253:0 Write 2387968
253:0 Sync 196608
253:0 Async 2641960960
253:0 Total 2642157568
Total 2642157568
--------------------CPUAC-----------------------
user 2255
system 2020
 
Tue May 16 03:51:03 IST 2017
--------------------MEMCG-----------------------
MEM ONLY  : 511 MB
MEM+SWAP  : 511 MB
cache 275939328
rss 260710400
rss_huge 0
mapped_file 2883584
writeback 0
swap 28672
pgpgin 1668419
pgpgout 1537401
pgfault 245269
pgmajfault 492
inactive_anon 130580480
active_anon 130170880
inactive_file 138166272
active_file 137728000
unevictable 4096
hierarchical_memory_limit 536870912
hierarchical_memsw_limit 5368709120
total_cache 275939328
total_rss 260710400
total_rss_huge 0
total_mapped_file 2883584
total_writeback 0
total_swap 28672
total_pgpgin 1668419
total_pgpgout 1537401
total_pgfault 245269
total_pgmajfault 492
total_inactive_anon 130580480
total_active_anon 130170880
total_inactive_file 138166272
total_active_file 137728000
total_unevictable 4096
--------------------BLKIO-----------------------
11:0 Read 0
11:0 Write 0
11:0 Sync 0
11:0 Async 0
11:0 Total 0
253:0 Read 2718961664
253:0 Write 2441216
253:0 Sync 196608
253:0 Async 2721206272
253:0 Total 2721402880
Total 2721402880
--------------------CPUAC-----------------------
user 2367
system 2108
 
Tue May 16 03:51:33 IST 2017
--------------------MEMCG-----------------------
MEM ONLY  : 511 MB
MEM+SWAP  : 511 MB
cache 272097280
rss 264511488
rss_huge 0
mapped_file 2887680
writeback 0
swap 28672
pgpgin 1743877
pgpgout 1612869
pgfault 246344
pgmajfault 493
inactive_anon 132415488
active_anon 132136960
inactive_file 136081408
active_file 135933952
unevictable 4096
hierarchical_memory_limit 536870912
hierarchical_memsw_limit 5368709120
total_cache 272097280
total_rss 264511488
total_rss_huge 0
total_mapped_file 2887680
total_writeback 0
total_swap 28672
total_pgpgin 1743877
total_pgpgout 1612869
total_pgfault 246344
total_pgmajfault 493
total_inactive_anon 132415488
total_active_anon 132136960
total_inactive_file 136081408
total_active_file 135933952
total_unevictable 4096
--------------------BLKIO-----------------------
11:0 Read 0
11:0 Write 0
11:0 Sync 0
11:0 Async 0
11:0 Total 0
253:0 Read 2799431680
253:0 Write 2502656
253:0 Sync 196608
253:0 Async 2801737728
253:0 Total 2801934336
Total 2801934336
--------------------CPUAC-----------------------
user 2479
system 2210
 
Tue May 16 03:52:03 IST 2017
--------------------MEMCG-----------------------
MEM ONLY  : 511 MB
MEM+SWAP  : 511 MB
cache 271536128
rss 265236480
rss_huge 0
mapped_file 2875392
writeback 0
swap 28672
pgpgin 1819715
pgpgout 1688667
pgfault 246856
pgmajfault 493
inactive_anon 132816896
active_anon 132460544
inactive_file 135983104
active_file 135503872
unevictable 4096
hierarchical_memory_limit 536870912
hierarchical_memsw_limit 5368709120
total_cache 271536128
total_rss 265236480
total_rss_huge 0
total_mapped_file 2875392
total_writeback 0
total_swap 28672
total_pgpgin 1819715
total_pgpgout 1688667
total_pgfault 246856
total_pgmajfault 493
total_inactive_anon 132816896
total_active_anon 132460544
total_inactive_file 135983104
total_active_file 135503872
total_unevictable 4096
--------------------BLKIO-----------------------
11:0 Read 0
11:0 Write 0
11:0 Sync 0
11:0 Async 0
11:0 Total 0
253:0 Read 2878636032
253:0 Write 2576384
253:0 Sync 196608
253:0 Async 2881015808
253:0 Total 2881212416
Total 2881212416
--------------------CPUAC-----------------------
user 2584
system 2305
 
Tue May 16 03:52:33 IST 2017
--------------------MEMCG-----------------------
MEM ONLY  : 511 MB
MEM+SWAP  : 511 MB
cache 271998976
rss 264839168
rss_huge 0
mapped_file 2875392
writeback 0
swap 28672
pgpgin 1893301
pgpgout 1762237
pgfault 247115
pgmajfault 493
inactive_anon 132767744
active_anon 132112384
inactive_file 136122368
active_file 135831552
unevictable 4096
hierarchical_memory_limit 536870912
hierarchical_memsw_limit 5368709120
total_cache 271998976
total_rss 264839168
total_rss_huge 0
total_mapped_file 2875392
total_writeback 0
total_swap 28672
total_pgpgin 1893301
total_pgpgout 1762237
total_pgfault 247115
total_pgmajfault 493
total_inactive_anon 132767744
total_active_anon 132112384
total_inactive_file 136122368
total_active_file 135831552
total_unevictable 4096
--------------------BLKIO-----------------------
11:0 Read 0
11:0 Write 0
11:0 Sync 0
11:0 Async 0
11:0 Total 0
253:0 Read 2957500416
253:0 Write 2654208
253:0 Sync 196608
253:0 Async 2959958016
253:0 Total 2960154624
Total 2960154624
--------------------CPUAC-----------------------
user 2691
system 2393
 
Tue May 16 03:53:03 IST 2017
--------------------MEMCG-----------------------
MEM ONLY  : 511 MB
MEM+SWAP  : 511 MB
cache 272097280
rss 264605696
rss_huge 0
mapped_file 2875392
writeback 0
swap 28672
pgpgin 1970228
pgpgout 1839197
pgfault 247430
pgmajfault 493
inactive_anon 132898816
active_anon 131747840
inactive_file 136138752
active_file 135880704
unevictable 4096
hierarchical_memory_limit 536870912
hierarchical_memsw_limit 5368709120
total_cache 272097280
total_rss 264605696
total_rss_huge 0
total_mapped_file 2875392
total_writeback 0
total_swap 28672
total_pgpgin 1970228
total_pgpgout 1839197
total_pgfault 247430
total_pgmajfault 493
total_inactive_anon 132898816
total_active_anon 131747840
total_inactive_file 136138752
total_active_file 135880704
total_unevictable 4096
--------------------BLKIO-----------------------
11:0 Read 0
11:0 Write 0
11:0 Sync 0
11:0 Async 0
11:0 Total 0
253:0 Read 3037462528
253:0 Write 2740224
253:0 Sync 196608
253:0 Async 3040006144
253:0 Total 3040202752
Total 3040202752
--------------------CPUAC-----------------------
user 2783
system 2490
 
Tue May 16 03:53:33 IST 2017
--------------------MEMCG-----------------------
MEM ONLY  : 511 MB
MEM+SWAP  : 511 MB
cache 273178624
rss 263184384
rss_huge 0
mapped_file 2875392
writeback 0
swap 28672
pgpgin 2046183
pgpgout 1915235
pgfault 247520
pgmajfault 493
inactive_anon 132542464
active_anon 130682880
inactive_file 136814592
active_file 136318976
unevictable 4096
hierarchical_memory_limit 536870912
hierarchical_memsw_limit 5368709120
total_cache 273178624
total_rss 263184384
total_rss_huge 0
total_mapped_file 2875392
total_writeback 0
total_swap 28672
total_pgpgin 2046183
total_pgpgout 1915235
total_pgfault 247520
total_pgmajfault 493
total_inactive_anon 132542464
total_active_anon 130682880
total_inactive_file 136814592
total_active_file 136318976
total_unevictable 4096
--------------------BLKIO-----------------------
11:0 Read 0
11:0 Write 0
11:0 Sync 0
11:0 Async 0
11:0 Total 0
253:0 Read 3117850624
253:0 Write 2838528
253:0 Sync 196608
253:0 Async 3120492544
253:0 Total 3120689152
Total 3120689152
--------------------CPUAC-----------------------
user 2888
system 2592
 
Tue May 16 03:54:03 IST 2017
--------------------MEMCG-----------------------
MEM ONLY  : 511 MB
MEM+SWAP  : 512 MB
cache 273059840
rss 263524352
rss_huge 0
mapped_file 2875392
writeback 0
swap 28672
pgpgin 2122073
pgpgout 1991071
pgfault 247859
pgmajfault 493
inactive_anon 132542464
active_anon 131022848
inactive_file 136642560
active_file 136339456
unevictable 4096
hierarchical_memory_limit 536870912
hierarchical_memsw_limit 5368709120
total_cache 273059840
total_rss 263524352
total_rss_huge 0
total_mapped_file 2875392
total_writeback 0
total_swap 28672
total_pgpgin 2122073
total_pgpgout 1991071
total_pgfault 247859
total_pgmajfault 493
total_inactive_anon 132542464
total_active_anon 131022848
total_inactive_file 136642560
total_active_file 136339456
total_unevictable 4096
--------------------BLKIO-----------------------
11:0 Read 0
11:0 Write 0
11:0 Sync 0
11:0 Async 0
11:0 Total 0
253:0 Read 3197779968
253:0 Write 2945024
253:0 Sync 196608
253:0 Async 3200528384
253:0 Total 3200724992
Total 3200724992
--------------------CPUAC-----------------------
user 2994
system 2681
 
Tue May 16 03:54:33 IST 2017
--------------------MEMCG-----------------------
MEM ONLY  : 511 MB
MEM+SWAP  : 511 MB
cache 273289216
rss 263581696
rss_huge 0
mapped_file 2879488
writeback 0
swap 28672
pgpgin 2198686
pgpgout 2067614
pgfault 248047
pgmajfault 495
inactive_anon 132329472
active_anon 131293184
inactive_file 136978432
active_file 136241152
unevictable 4096
hierarchical_memory_limit 536870912
hierarchical_memsw_limit 5368709120
total_cache 273289216
total_rss 263581696
total_rss_huge 0
total_mapped_file 2879488
total_writeback 0
total_swap 28672
total_pgpgin 2198686
total_pgpgout 2067620
total_pgfault 248047
total_pgmajfault 495
total_inactive_anon 132329472
total_active_anon 131293184
total_inactive_file 136974336
total_active_file 136241152
total_unevictable 4096
--------------------BLKIO-----------------------
11:0 Read 0
11:0 Write 0
11:0 Sync 0
11:0 Async 0
11:0 Total 0
253:0 Read 3277950976
253:0 Write 2981888
253:0 Sync 196608
253:0 Async 3280736256
253:0 Total 3280932864
Total 3280932864
--------------------CPUAC-----------------------
user 3098
system 2772
 
Tue May 16 03:55:03 IST 2017
--------------------MEMCG-----------------------
MEM ONLY  : 511 MB
MEM+SWAP  : 511 MB
cache 273690624
rss 262979584
rss_huge 0
mapped_file 2826240
writeback 0
swap 28672
pgpgin 2273813
pgpgout 2142790
pgfault 248299
pgmajfault 495
inactive_anon 132329472
active_anon 130691072
inactive_file 137039872
active_file 136605696
unevictable 4096
hierarchical_memory_limit 536870912
hierarchical_memsw_limit 5368709120
total_cache 273690624
total_rss 262979584
total_rss_huge 0
total_mapped_file 2826240
total_writeback 0
total_swap 28672
total_pgpgin 2273813
total_pgpgout 2142790
total_pgfault 248299
total_pgmajfault 495
total_inactive_anon 132329472
total_active_anon 130691072
total_inactive_file 137039872
total_active_file 136605696
total_unevictable 4096
--------------------BLKIO-----------------------
11:0 Read 0
11:0 Write 0
11:0 Sync 0
11:0 Async 0
11:0 Total 0
253:0 Read 3357184000
253:0 Write 3018752
253:0 Sync 196608
253:0 Async 3360006144
253:0 Total 3360202752
Total 3360202752
--------------------CPUAC-----------------------
user 3198
system 2859
 
Tue May 16 03:55:33 IST 2017
--------------------MEMCG-----------------------
MEM ONLY  : 511 MB
MEM+SWAP  : 512 MB
cache 272695296
rss 264146944
rss_huge 0
mapped_file 2826240
writeback 0
swap 28672
pgpgin 2348348
pgpgout 2217283
pgfault 248695
pgmajfault 495
inactive_anon 132591616
active_anon 131596288
inactive_file 136507392
active_file 136110080
unevictable 4096
hierarchical_memory_limit 536870912
hierarchical_memsw_limit 5368709120
total_cache 272695296
total_rss 264146944
total_rss_huge 0
total_mapped_file 2826240
total_writeback 0
total_swap 28672
total_pgpgin 2348348
total_pgpgout 2217283
total_pgfault 248695
total_pgmajfault 495
total_inactive_anon 132591616
total_active_anon 131596288
total_inactive_file 136507392
total_active_file 136110080
total_unevictable 4096
--------------------BLKIO-----------------------
11:0 Read 0
11:0 Write 0
11:0 Sync 0
11:0 Async 0
11:0 Total 0
253:0 Read 3436150784
253:0 Write 3063808
253:0 Sync 196608
253:0 Async 3439017984
253:0 Total 3439214592
Total 3439214592
--------------------CPUAC-----------------------
user 3296
system 2942
 
Tue May 16 03:56:03 IST 2017
--------------------MEMCG-----------------------
MEM ONLY  : 511 MB
MEM+SWAP  : 511 MB
cache 272359424
rss 264372224
rss_huge 0
mapped_file 2826240
writeback 0
swap 28672
pgpgin 2423134
pgpgout 2292096
pgfault 248978
pgmajfault 495
inactive_anon 132501504
active_anon 131911680
inactive_file 136298496
active_file 136015872
unevictable 4096
hierarchical_memory_limit 536870912
hierarchical_memsw_limit 5368709120
total_cache 272359424
total_rss 264372224
total_rss_huge 0
total_mapped_file 2826240
total_writeback 0
total_swap 28672
total_pgpgin 2423134
total_pgpgout 2292096
total_pgfault 248978
total_pgmajfault 495
total_inactive_anon 132501504
total_active_anon 131911680
total_inactive_file 136298496
total_active_file 136015872
total_unevictable 4096
--------------------BLKIO-----------------------
11:0 Read 0
11:0 Write 0
11:0 Sync 0
11:0 Async 0
11:0 Total 0
253:0 Read 3515920384
253:0 Write 3117056
253:0 Sync 196608
253:0 Async 3518840832
253:0 Total 3519037440
Total 3519037440
--------------------CPUAC-----------------------
user 3390
system 3035
 
Tue May 16 03:56:33 IST 2017
--------------------MEMCG-----------------------
MEM ONLY  : 511 MB
MEM+SWAP  : 511 MB
cache 271785984
rss 265007104
rss_huge 0
mapped_file 2887680
writeback 0
swap 28672
pgpgin 2497789
pgpgout 2366736
pgfault 249235
pgmajfault 502
inactive_anon 132763648
active_anon 132284416
inactive_file 136056832
active_file 135684096
unevictable 4096
hierarchical_memory_limit 536870912
hierarchical_memsw_limit 5368709120
total_cache 271785984
total_rss 265007104
total_rss_huge 0
total_mapped_file 2887680
total_writeback 0
total_swap 28672
total_pgpgin 2497789
total_pgpgout 2366736
total_pgfault 249235
total_pgmajfault 502
total_inactive_anon 132763648
total_active_anon 132284416
total_inactive_file 136056832
total_active_file 135684096
total_unevictable 4096
--------------------BLKIO-----------------------
11:0 Read 0
11:0 Write 0
11:0 Sync 0
11:0 Async 0
11:0 Total 0
253:0 Read 3595821056
253:0 Write 3178496
253:0 Sync 196608
253:0 Async 3598802944
253:0 Total 3598999552
Total 3598999552
--------------------CPUAC-----------------------
user 3494
system 3126
 
Tue May 16 03:57:03 IST 2017
--------------------MEMCG-----------------------
MEM ONLY  : 511 MB
MEM+SWAP  : 511 MB
cache 271761408
rss 265007104
rss_huge 0
mapped_file 4517888
writeback 0
swap 28672
pgpgin 2574410
pgpgout 2443363
pgfault 251087
pgmajfault 553
inactive_anon 133058560
active_anon 131989504
inactive_file 136232960
active_file 135458816
unevictable 4096
hierarchical_memory_limit 536870912
hierarchical_memsw_limit 5368709120
total_cache 271761408
total_rss 265007104
total_rss_huge 0
total_mapped_file 4517888
total_writeback 0
total_swap 28672
total_pgpgin 2574410
total_pgpgout 2443363
total_pgfault 251087
total_pgmajfault 553
total_inactive_anon 133058560
total_active_anon 131989504
total_inactive_file 136232960
total_active_file 135458816
total_unevictable 4096
--------------------BLKIO-----------------------
11:0 Read 0
11:0 Write 0
11:0 Sync 0
11:0 Async 0
11:0 Total 0
253:0 Read 3680518144
253:0 Write 3252224
253:0 Sync 196608
253:0 Async 3683573760
253:0 Total 3683770368
Total 3683770368
--------------------CPUAC-----------------------
user 3588
system 3222
 
Tue May 16 03:57:33 IST 2017
--------------------MEMCG-----------------------
MEM ONLY  : 511 MB
MEM+SWAP  : 512 MB
cache 272211968
rss 264630272
rss_huge 0
mapped_file 4517888
writeback 0
swap 28672
pgpgin 2648213
pgpgout 2517148
pgfault 251299
pgmajfault 553
inactive_anon 133058560
active_anon 131612672
inactive_file 136237056
active_file 135929856
unevictable 4096
hierarchical_memory_limit 536870912
hierarchical_memsw_limit 5368709120
total_cache 272211968
total_rss 264630272
total_rss_huge 0
total_mapped_file 4517888
total_writeback 0
total_swap 28672
total_pgpgin 2648213
total_pgpgout 2517148
total_pgfault 251299
total_pgmajfault 553
total_inactive_anon 133058560
total_active_anon 131612672
total_inactive_file 136237056
total_active_file 135929856
total_unevictable 4096
--------------------BLKIO-----------------------
11:0 Read 0
11:0 Write 0
11:0 Sync 0
11:0 Async 0
11:0 Total 0
253:0 Read 3760189440
253:0 Write 3330048
253:0 Sync 196608
253:0 Async 3763322880
253:0 Total 3763519488
Total 3763519488
--------------------CPUAC-----------------------
user 3684
system 3310
 
Tue May 16 03:58:03 IST 2017
--------------------MEMCG-----------------------
MEM ONLY  : 511 MB
MEM+SWAP  : 511 MB
cache 272097280
rss 264609792
rss_huge 0
mapped_file 4517888
writeback 0
swap 28672
pgpgin 2724062
pgpgout 2593030
pgfault 251471
pgmajfault 553
inactive_anon 133058560
active_anon 131592192
inactive_file 136224768
active_file 135827456
unevictable 4096
hierarchical_memory_limit 536870912
hierarchical_memsw_limit 5368709120
total_cache 272097280
total_rss 264609792
total_rss_huge 0
total_mapped_file 4517888
total_writeback 0
total_swap 28672
total_pgpgin 2724062
total_pgpgout 2593030
total_pgfault 251471
total_pgmajfault 553
total_inactive_anon 133058560
total_active_anon 131592192
total_inactive_file 136224768
total_active_file 135827456
total_unevictable 4096
--------------------BLKIO-----------------------
11:0 Read 0
11:0 Write 0
11:0 Sync 0
11:0 Async 0
11:0 Total 0
253:0 Read 3839979520
253:0 Write 3416064
253:0 Sync 196608
253:0 Async 3843198976
253:0 Total 3843395584
Total 3843395584
--------------------CPUAC-----------------------
user 3785
system 3398
 
Tue May 16 03:58:33 IST 2017
--------------------MEMCG-----------------------
MEM ONLY  : 511 MB
MEM+SWAP  : 511 MB
cache 271589376
rss 265191424
rss_huge 0
mapped_file 4517888
writeback 0
swap 28672
pgpgin 2800778
pgpgout 2669728
pgfault 251934
pgmajfault 553
inactive_anon 133160960
active_anon 132071424
inactive_file 135909376
active_file 135593984
unevictable 4096
hierarchical_memory_limit 536870912
hierarchical_memsw_limit 5368709120
total_cache 271589376
total_rss 265191424
total_rss_huge 0
total_mapped_file 4517888
total_writeback 0
total_swap 28672
total_pgpgin 2800778
total_pgpgout 2669728
total_pgfault 251934
total_pgmajfault 553
total_inactive_anon 133160960
total_active_anon 132071424
total_inactive_file 135909376
total_active_file 135593984
total_unevictable 4096
--------------------BLKIO-----------------------
11:0 Read 0
11:0 Write 0
11:0 Sync 0
11:0 Async 0
11:0 Total 0
253:0 Read 3920347136
253:0 Write 3514368
253:0 Sync 196608
253:0 Async 3923664896
253:0 Total 3923861504
Total 3923861504
--------------------CPUAC-----------------------
user 3890
system 3488
 
Tue May 16 03:59:03 IST 2017
--------------------MEMCG-----------------------
MEM ONLY  : 511 MB
MEM+SWAP  : 512 MB
cache 270901248
rss 265961472
rss_huge 0
mapped_file 4517888
writeback 0
swap 28672
pgpgin 2875958
pgpgout 2744888
pgfault 252303
pgmajfault 553
inactive_anon 133423104
active_anon 132579328
inactive_file 135811072
active_file 135045120
unevictable 4096
hierarchical_memory_limit 536870912
hierarchical_memsw_limit 5368709120
total_cache 270901248
total_rss 265961472
total_rss_huge 0
total_mapped_file 4517888
total_writeback 0
total_swap 28672
total_pgpgin 2875958
total_pgpgout 2744888
total_pgfault 252303
total_pgmajfault 553
total_inactive_anon 133423104
total_active_anon 132579328
total_inactive_file 135811072
total_active_file 135045120
total_unevictable 4096
--------------------BLKIO-----------------------
11:0 Read 0
11:0 Write 0
11:0 Sync 0
11:0 Async 0
11:0 Total 0
253:0 Read 3999412224
253:0 Write 3620864
253:0 Sync 196608
253:0 Async 4002836480
253:0 Total 4003033088
Total 4003033088
--------------------CPUAC-----------------------
user 3989
system 3582
 
Tue May 16 03:59:33 IST 2017
--------------------MEMCG-----------------------
MEM ONLY  : 511 MB
MEM+SWAP  : 511 MB
cache 270872576
rss 265904128
rss_huge 0
mapped_file 4521984
writeback 0
swap 28672
pgpgin 2950030
pgpgout 2818981
pgfault 252430
pgmajfault 554
inactive_anon 133279744
active_anon 132665344
inactive_file 135831552
active_file 134995968
unevictable 4096
hierarchical_memory_limit 536870912
hierarchical_memsw_limit 5368709120
total_cache 270872576
total_rss 265904128
total_rss_huge 0
total_mapped_file 4521984
total_writeback 0
total_swap 28672
total_pgpgin 2950030
total_pgpgout 2818981
total_pgfault 252430
total_pgmajfault 554
total_inactive_anon 133279744
total_active_anon 132665344
total_inactive_file 135831552
total_active_file 134995968
total_unevictable 4096
--------------------BLKIO-----------------------
11:0 Read 0
11:0 Write 0
11:0 Sync 0
11:0 Async 0
11:0 Total 0
253:0 Read 4078223360
253:0 Write 3657728
253:0 Sync 196608
253:0 Async 4081684480
253:0 Total 4081881088
Total 4081881088
--------------------CPUAC-----------------------
user 4087
system 3672
 
