java -cp /home/ubuntu/ycsb/mongodb-binding/conf:/home/ubuntu/ycsb/conf:/home/ubuntu/ycsb/lib/jackson-mapper-asl-1.9.4.jar:/home/ubuntu/ycsb/lib/jackson-core-asl-1.9.4.jar:/home/ubuntu/ycsb/lib/htrace-core4-4.1.0-incubating.jar:/home/ubuntu/ycsb/lib/core-0.12.0.jar:/home/ubuntu/ycsb/lib/HdrHistogram-2.1.4.jar:/home/ubuntu/ycsb/mongodb-binding/lib/mongo-java-driver-3.0.3.jar:/home/ubuntu/ycsb/mongodb-binding/lib/logback-core-1.1.2.jar:/home/ubuntu/ycsb/mongodb-binding/lib/mongodb-binding-0.12.0.jar:/home/ubuntu/ycsb/mongodb-binding/lib/logback-classic-1.1.2.jar:/home/ubuntu/ycsb/mongodb-binding/lib/mongodb-async-driver-2.0.1.jar:/home/ubuntu/ycsb/mongodb-binding/lib/slf4j-api-1.6.4.jar com.yahoo.ycsb.Client -db com.yahoo.ycsb.db.MongoDbClient -s -P /home/ubuntu/ycsb/workloads/workload1 -p mongodb.url=mongodb://10.0.3.220:27017/ycsb?w=0 -p maxexecutiontime=1500 -t
YCSB Client 0.12.0
Command line: -db com.yahoo.ycsb.db.MongoDbClient -s -P /home/ubuntu/ycsb/workloads/workload1 -p mongodb.url=mongodb://10.0.3.220:27017/ycsb?w=0 -p maxexecutiontime=1500 -t
Loading workload...
Starting test.
Maximum execution time specified as: 1500 secs
2017-05-16 04:05:57:502 0 sec: 0 operations; est completion in 0 seconds 
mongo client connection created with mongodb://10.0.3.220:27017/ycsb?w=0
DBWrapper: report latency for each error is false and specific error codes to track for latency are: []
2017-05-16 04:06:07:366 10 sec: 503 operations; 50.3 current ops/sec; est completion in 2 days 7 hours [READ: Count=503, Max=111679, Min=1420, Avg=17758.57, 90=28207, 99=48863, 99.9=79679, 99.99=111679] 
2017-05-16 04:06:17:366 20 sec: 1206 operations; 70.3 current ops/sec; est completion in 1 days 22 hours [READ: Count=703, Max=213887, Min=328, Avg=14191.43, 90=23231, 99=33343, 99.9=54271, 99.99=213887] 
2017-05-16 04:06:27:366 30 sec: 2042 operations; 83.6 current ops/sec; est completion in 1 days 16 hours [READ: Count=836, Max=64351, Min=235, Avg=11935.83, 90=19807, 99=31071, 99.9=49183, 99.99=64351] 
2017-05-16 04:06:37:366 40 sec: 3007 operations; 96.5 current ops/sec; est completion in 1 days 12 hours [READ: Count=965, Max=109951, Min=180, Avg=10340.05, 90=15823, 99=26575, 99.9=60287, 99.99=109951] 
2017-05-16 04:06:47:366 50 sec: 3982 operations; 97.5 current ops/sec; est completion in 1 days 10 hours [READ: Count=975, Max=118143, Min=178, Avg=10254.91, 90=15479, 99=25007, 99.9=48735, 99.99=118143] 
2017-05-16 04:06:57:366 60 sec: 4999 operations; 101.7 current ops/sec; est completion in 1 days 9 hours [READ: Count=1017, Max=47679, Min=178, Avg=9816.17, 90=15495, 99=19535, 99.9=37087, 99.99=47679] 
2017-05-16 04:07:07:366 70 sec: 6042 operations; 104.3 current ops/sec; est completion in 1 days 8 hours [READ: Count=1043, Max=61503, Min=166, Avg=9566.96, 90=15271, 99=20607, 99.9=37183, 99.99=61503] 
2017-05-16 04:07:17:366 80 sec: 7075 operations; 103.3 current ops/sec; est completion in 1 days 7 hours [READ: Count=1033, Max=96383, Min=158, Avg=9637.07, 90=15271, 99=17471, 99.9=51103, 99.99=96383] 
2017-05-16 04:07:27:366 90 sec: 8131 operations; 105.6 current ops/sec; est completion in 1 days 6 hours [READ: Count=1056, Max=81215, Min=152, Avg=9459.28, 90=14983, 99=17407, 99.9=62527, 99.99=81215] 
2017-05-16 04:07:37:366 100 sec: 9195 operations; 106.4 current ops/sec; est completion in 1 days 6 hours [READ: Count=1064, Max=51967, Min=144, Avg=9392.84, 90=15071, 99=17055, 99.9=48799, 99.99=51967] 
2017-05-16 04:07:47:366 110 sec: 10324 operations; 112.9 current ops/sec; est completion in 1 days 5 hours [READ: Count=1130, Max=61567, Min=146, Avg=8854.8, 90=14831, 99=17327, 99.9=47359, 99.99=61567] 
2017-05-16 04:07:57:366 120 sec: 11435 operations; 111.1 current ops/sec; est completion in 1 days 5 hours [READ: Count=1110, Max=59711, Min=142, Avg=8995.99, 90=15127, 99=16927, 99.9=47839, 99.99=59711] 
2017-05-16 04:08:07:366 130 sec: 12553 operations; 111.8 current ops/sec; est completion in 1 days 4 hours [READ: Count=1118, Max=82623, Min=144, Avg=8944.55, 90=15167, 99=17103, 99.9=62719, 99.99=82623] 
2017-05-16 04:08:17:366 140 sec: 13680 operations; 112.7 current ops/sec; est completion in 1 days 4 hours [READ: Count=1127, Max=56575, Min=162, Avg=8868.4, 90=14639, 99=18463, 99.9=54975, 99.99=56575] 
2017-05-16 04:08:27:366 150 sec: 14868 operations; 118.8 current ops/sec; est completion in 1 days 3 hours [READ: Count=1188, Max=47519, Min=164, Avg=8410.23, 90=14839, 99=16767, 99.9=35871, 99.99=47519] 
2017-05-16 04:08:37:366 160 sec: 16040 operations; 117.2 current ops/sec; est completion in 1 days 3 hours [READ: Count=1172, Max=56991, Min=143, Avg=8532.74, 90=15095, 99=16751, 99.9=33503, 99.99=56991] 
2017-05-16 04:08:47:366 170 sec: 17274 operations; 123.4 current ops/sec; est completion in 1 days 3 hours [READ: Count=1234, Max=116479, Min=140, Avg=8094.28, 90=14855, 99=16991, 99.9=43231, 99.99=116479] 
2017-05-16 04:08:57:366 180 sec: 18508 operations; 123.4 current ops/sec; est completion in 1 days 2 hours [READ: Count=1234, Max=36351, Min=139, Avg=8102.37, 90=14719, 99=16831, 99.9=35231, 99.99=36351] 
2017-05-16 04:09:07:366 190 sec: 19734 operations; 122.6 current ops/sec; est completion in 1 days 2 hours [READ: Count=1226, Max=62079, Min=143, Avg=8153.34, 90=15207, 99=19855, 99.9=48735, 99.99=62079] 
2017-05-16 04:09:17:366 200 sec: 20980 operations; 124.6 current ops/sec; est completion in 1 days 2 hours [READ: Count=1246, Max=105343, Min=139, Avg=8015.31, 90=15135, 99=18895, 99.9=90047, 99.99=105343] 
2017-05-16 04:09:27:366 210 sec: 22298 operations; 131.8 current ops/sec; est completion in 1 days 2 hours [READ: Count=1318, Max=33919, Min=140, Avg=7586.59, 90=14783, 99=16815, 99.9=26511, 99.99=33919] 
2017-05-16 04:09:37:366 220 sec: 23557 operations; 125.9 current ops/sec; est completion in 1 days 1 hours [READ: Count=1259, Max=75007, Min=141, Avg=7932.13, 90=14935, 99=19311, 99.9=47583, 99.99=75007] 
2017-05-16 04:09:47:366 230 sec: 24835 operations; 127.8 current ops/sec; est completion in 1 days 1 hours [READ: Count=1278, Max=45471, Min=144, Avg=7824.83, 90=14615, 99=17759, 99.9=43455, 99.99=45471] 
2017-05-16 04:09:57:366 240 sec: 26140 operations; 130.5 current ops/sec; est completion in 1 days 1 hours [READ: Count=1305, Max=70015, Min=137, Avg=7658.93, 90=15135, 99=17551, 99.9=69695, 99.99=70015] 
2017-05-16 04:10:07:366 250 sec: 27465 operations; 132.5 current ops/sec; est completion in 1 days 1 hours [READ: Count=1325, Max=130623, Min=139, Avg=7542.85, 90=14863, 99=18095, 99.9=60447, 99.99=130623] 
2017-05-16 04:10:17:366 260 sec: 28820 operations; 135.5 current ops/sec; est completion in 1 days [READ: Count=1355, Max=80255, Min=140, Avg=7372.04, 90=14999, 99=18719, 99.9=50591, 99.99=80255] 
2017-05-16 04:10:27:366 270 sec: 30154 operations; 133.4 current ops/sec; est completion in 1 days [READ: Count=1334, Max=93759, Min=141, Avg=7491.18, 90=15023, 99=19999, 99.9=62111, 99.99=93759] 
2017-05-16 04:10:37:366 280 sec: 31605 operations; 145.1 current ops/sec; est completion in 1 days [READ: Count=1451, Max=70399, Min=137, Avg=6884.46, 90=14391, 99=17231, 99.9=43903, 99.99=70399] 
2017-05-16 04:10:47:366 290 sec: 33060 operations; 145.5 current ops/sec; est completion in 1 days [READ: Count=1455, Max=46143, Min=139, Avg=6871.98, 90=14783, 99=18239, 99.9=40639, 99.99=46143] 
2017-05-16 04:10:57:366 300 sec: 34511 operations; 145.1 current ops/sec; est completion in 1 days [READ: Count=1451, Max=49055, Min=139, Avg=6885.74, 90=14607, 99=20175, 99.9=45215, 99.99=49055] 
2017-05-16 04:11:07:366 310 sec: 35951 operations; 144 current ops/sec; est completion in 23 hours 51 minutes [READ: Count=1440, Max=65919, Min=139, Avg=6933.96, 90=14711, 99=21071, 99.9=62015, 99.99=65919] 
2017-05-16 04:11:17:366 320 sec: 37444 operations; 149.3 current ops/sec; est completion in 23 hours 39 minutes [READ: Count=1493, Max=37407, Min=138, Avg=6698.96, 90=14911, 99=19695, 99.9=36287, 99.99=37407] 
2017-05-16 04:11:27:366 330 sec: 38992 operations; 154.8 current ops/sec; est completion in 23 hours 25 minutes [READ: Count=1548, Max=60607, Min=138, Avg=6456.86, 90=14679, 99=23103, 99.9=45183, 99.99=60607] 
2017-05-16 04:11:37:366 340 sec: 40547 operations; 155.5 current ops/sec; est completion in 23 hours 11 minutes [READ: Count=1555, Max=114431, Min=140, Avg=6424.84, 90=15055, 99=21375, 99.9=32159, 99.99=114431] 
2017-05-16 04:11:47:366 350 sec: 42196 operations; 164.9 current ops/sec; est completion in 22 hours 56 minutes [READ: Count=1649, Max=65343, Min=137, Avg=6059.44, 90=14615, 99=21263, 99.9=33951, 99.99=65343] 
2017-05-16 04:11:57:366 360 sec: 43896 operations; 170 current ops/sec; est completion in 22 hours 40 minutes [READ: Count=1700, Max=47615, Min=138, Avg=5880.97, 90=14591, 99=20719, 99.9=30559, 99.99=47615] 
2017-05-16 04:12:07:366 370 sec: 45574 operations; 167.8 current ops/sec; est completion in 22 hours 26 minutes [READ: Count=1678, Max=56511, Min=137, Avg=5950.26, 90=14479, 99=22911, 99.9=45855, 99.99=56511] 
2017-05-16 04:12:17:366 380 sec: 47443 operations; 186.9 current ops/sec; est completion in 22 hours 8 minutes [READ: Count=1869, Max=63295, Min=137, Avg=5347.85, 90=13743, 99=19055, 99.9=30655, 99.99=63295] 
2017-05-16 04:12:27:366 390 sec: 49132 operations; 168.9 current ops/sec; est completion in 21 hours 56 minutes [READ: Count=1689, Max=70911, Min=137, Avg=5913.91, 90=14439, 99=20895, 99.9=35807, 99.99=70911] 
2017-05-16 04:12:37:366 400 sec: 50936 operations; 180.4 current ops/sec; est completion in 21 hours 42 minutes [READ: Count=1804, Max=44703, Min=135, Avg=5538.97, 90=14463, 99=20319, 99.9=31551, 99.99=44703] 
2017-05-16 04:12:47:366 410 sec: 52793 operations; 185.7 current ops/sec; est completion in 21 hours 27 minutes [READ: Count=1857, Max=89663, Min=137, Avg=5379.42, 90=14135, 99=20511, 99.9=49983, 99.99=89663] 
2017-05-16 04:12:57:366 420 sec: 54735 operations; 194.2 current ops/sec; est completion in 21 hours 11 minutes [READ: Count=1942, Max=59551, Min=136, Avg=5148.71, 90=14023, 99=21231, 99.9=29279, 99.99=59551] 
2017-05-16 04:13:07:366 430 sec: 56672 operations; 193.7 current ops/sec; est completion in 20 hours 57 minutes [READ: Count=1937, Max=59295, Min=137, Avg=5155.95, 90=14103, 99=20447, 99.9=33023, 99.99=59295] 
2017-05-16 04:13:17:366 440 sec: 58529 operations; 185.7 current ops/sec; est completion in 20 hours 45 minutes [READ: Count=1857, Max=50847, Min=135, Avg=5380.77, 90=14183, 99=19999, 99.9=45023, 99.99=50847] 
2017-05-16 04:13:27:366 450 sec: 60532 operations; 200.3 current ops/sec; est completion in 20 hours 31 minutes [READ: Count=2003, Max=107007, Min=137, Avg=4991.61, 90=13967, 99=19167, 99.9=31071, 99.99=107007] 
2017-05-16 04:13:37:366 460 sec: 62695 operations; 216.3 current ops/sec; est completion in 20 hours 15 minutes [READ: Count=2163, Max=48255, Min=136, Avg=4615.66, 90=13631, 99=20207, 99.9=29935, 99.99=48255] 
2017-05-16 04:13:47:366 470 sec: 64879 operations; 218.4 current ops/sec; est completion in 19 hours 59 minutes [READ: Count=2184, Max=60639, Min=135, Avg=4578.13, 90=13759, 99=20895, 99.9=36479, 99.99=60639] 
2017-05-16 04:13:57:366 480 sec: 67152 operations; 227.3 current ops/sec; est completion in 19 hours 43 minutes [READ: Count=2273, Max=43199, Min=135, Avg=4395.75, 90=13559, 99=20223, 99.9=29407, 99.99=43199] 
2017-05-16 04:14:07:366 490 sec: 69474 operations; 232.2 current ops/sec; est completion in 19 hours 27 minutes [READ: Count=2322, Max=103231, Min=135, Avg=4300.86, 90=13391, 99=19967, 99.9=54559, 99.99=103231] 
2017-05-16 04:14:17:366 500 sec: 71877 operations; 240.3 current ops/sec; est completion in 19 hours 11 minutes [READ: Count=2403, Max=55839, Min=133, Avg=4160.41, 90=13175, 99=19791, 99.9=36607, 99.99=55839] 
2017-05-16 04:14:27:366 510 sec: 74293 operations; 241.6 current ops/sec; est completion in 18 hours 55 minutes [READ: Count=2416, Max=62911, Min=133, Avg=4139.01, 90=12991, 99=21791, 99.9=36799, 99.99=62911] 
2017-05-16 04:14:37:366 520 sec: 76863 operations; 257 current ops/sec; est completion in 18 hours 38 minutes [READ: Count=2570, Max=49983, Min=133, Avg=3885.59, 90=12959, 99=19183, 99.9=27023, 99.99=49983] 
2017-05-16 04:14:47:366 530 sec: 79545 operations; 268.2 current ops/sec; est completion in 18 hours 21 minutes [READ: Count=2682, Max=125695, Min=135, Avg=3725.64, 90=12495, 99=19903, 99.9=37247, 99.99=125695] 
2017-05-16 04:14:57:366 540 sec: 82312 operations; 276.7 current ops/sec; est completion in 18 hours 4 minutes [READ: Count=2767, Max=55103, Min=134, Avg=3613.11, 90=12311, 99=20415, 99.9=35711, 99.99=55103] 
2017-05-16 04:15:07:366 550 sec: 85006 operations; 269.4 current ops/sec; est completion in 17 hours 49 minutes [READ: Count=2694, Max=55519, Min=134, Avg=3706.4, 90=12503, 99=20255, 99.9=35647, 99.99=55519] 
2017-05-16 04:15:17:366 560 sec: 87833 operations; 282.7 current ops/sec; est completion in 17 hours 33 minutes [READ: Count=2827, Max=43615, Min=133, Avg=3535.72, 90=12343, 99=20319, 99.9=28559, 99.99=43615] 
2017-05-16 04:15:27:366 570 sec: 90949 operations; 311.6 current ops/sec; est completion in 17 hours 15 minutes [READ: Count=3116, Max=101567, Min=134, Avg=3208.26, 90=11791, 99=20623, 99.9=36383, 99.99=101567] 
2017-05-16 04:15:37:366 580 sec: 93973 operations; 302.4 current ops/sec; est completion in 16 hours 59 minutes [READ: Count=3024, Max=42623, Min=132, Avg=3303.78, 90=11983, 99=20447, 99.9=29311, 99.99=42623] 
2017-05-16 04:15:47:366 590 sec: 97190 operations; 321.7 current ops/sec; est completion in 16 hours 41 minutes [READ: Count=3217, Max=79167, Min=133, Avg=3102.54, 90=11759, 99=21727, 99.9=45055, 99.99=79167] 
2017-05-16 04:15:57:366 600 sec: 100723 operations; 353.3 current ops/sec; est completion in 16 hours 22 minutes [READ: Count=3533, Max=46399, Min=132, Avg=2828.99, 90=11247, 99=18175, 99.9=29711, 99.99=46399] 
2017-05-16 04:16:07:366 610 sec: 103964 operations; 324.1 current ops/sec; est completion in 16 hours 7 minutes [READ: Count=3241, Max=123839, Min=133, Avg=3082.19, 90=11807, 99=20991, 99.9=55615, 99.99=123839] 
2017-05-16 04:16:17:366 620 sec: 107481 operations; 351.7 current ops/sec; est completion in 15 hours 51 minutes [READ: Count=3517, Max=33887, Min=133, Avg=2842.35, 90=11359, 99=19823, 99.9=30255, 99.99=33887] 
2017-05-16 04:16:27:366 630 sec: 110932 operations; 345.1 current ops/sec; est completion in 15 hours 36 minutes [READ: Count=3451, Max=53055, Min=133, Avg=2894.91, 90=11391, 99=20191, 99.9=34431, 99.99=53055] 
2017-05-16 04:16:37:366 640 sec: 114458 operations; 352.6 current ops/sec; est completion in 15 hours 21 minutes [READ: Count=3526, Max=57279, Min=133, Avg=2830.2, 90=11519, 99=19455, 99.9=33023, 99.99=57279] 
2017-05-16 04:16:47:366 650 sec: 118036 operations; 357.8 current ops/sec; est completion in 15 hours 6 minutes [READ: Count=3578, Max=114943, Min=133, Avg=2795.1, 90=11399, 99=20031, 99.9=38015, 99.99=114943] 
2017-05-16 04:16:57:366 660 sec: 121670 operations; 363.4 current ops/sec; est completion in 14 hours 53 minutes [READ: Count=3634, Max=44255, Min=134, Avg=2748.81, 90=11231, 99=20799, 99.9=28783, 99.99=44255] 
2017-05-16 04:17:07:366 670 sec: 125172 operations; 350.2 current ops/sec; est completion in 14 hours 40 minutes [READ: Count=3502, Max=73215, Min=133, Avg=2853.72, 90=11247, 99=22367, 99.9=54079, 99.99=73215] 
2017-05-16 04:17:17:366 680 sec: 128897 operations; 372.5 current ops/sec; est completion in 14 hours 27 minutes [READ: Count=3725, Max=42623, Min=133, Avg=2682.62, 90=10887, 99=19343, 99.9=29375, 99.99=42623] 
2017-05-16 04:17:27:366 690 sec: 132369 operations; 347.2 current ops/sec; est completion in 14 hours 17 minutes [READ: Count=3472, Max=174719, Min=132, Avg=2875.64, 90=11311, 99=19391, 99.9=35167, 99.99=174719] 
2017-05-16 04:17:37:366 700 sec: 135833 operations; 346.4 current ops/sec; est completion in 14 hours 7 minutes [READ: Count=3464, Max=110463, Min=133, Avg=2884.02, 90=11255, 99=19615, 99.9=33087, 99.99=110463] 
2017-05-16 04:17:47:366 710 sec: 139746 operations; 391.3 current ops/sec; est completion in 13 hours 54 minutes [READ: Count=3913, Max=69055, Min=133, Avg=2552.51, 90=10687, 99=19631, 99.9=29231, 99.99=69055] 
2017-05-16 04:17:57:366 720 sec: 143509 operations; 376.3 current ops/sec; est completion in 13 hours 44 minutes [READ: Count=3763, Max=40287, Min=133, Avg=2657.45, 90=10855, 99=20639, 99.9=36127, 99.99=40287] 
2017-05-16 04:18:07:366 730 sec: 147141 operations; 363.2 current ops/sec; est completion in 13 hours 34 minutes [READ: Count=3632, Max=82239, Min=133, Avg=2751.7, 90=10903, 99=19903, 99.9=29679, 99.99=82239] 
2017-05-16 04:18:17:366 740 sec: 150701 operations; 356 current ops/sec; est completion in 13 hours 26 minutes [READ: Count=3560, Max=50783, Min=133, Avg=2804.96, 90=11343, 99=20431, 99.9=34111, 99.99=50783] 
2017-05-16 04:18:27:366 750 sec: 154517 operations; 381.6 current ops/sec; est completion in 13 hours 16 minutes [READ: Count=3816, Max=56543, Min=134, Avg=2619.1, 90=10991, 99=19887, 99.9=31999, 99.99=56543] 
2017-05-16 04:18:37:366 760 sec: 158007 operations; 349 current ops/sec; est completion in 13 hours 9 minutes [READ: Count=3490, Max=85119, Min=133, Avg=2861.84, 90=11215, 99=19871, 99.9=38655, 99.99=85119] 
2017-05-16 04:18:47:366 770 sec: 161522 operations; 351.5 current ops/sec; est completion in 13 hours 1 minutes [READ: Count=3515, Max=82111, Min=133, Avg=2844.46, 90=11511, 99=19679, 99.9=30255, 99.99=82111] 
2017-05-16 04:18:57:366 780 sec: 165161 operations; 363.9 current ops/sec; est completion in 12 hours 54 minutes [READ: Count=3639, Max=73919, Min=134, Avg=2744.99, 90=11143, 99=18767, 99.9=30015, 99.99=73919] 
2017-05-16 04:19:07:366 790 sec: 168950 operations; 378.9 current ops/sec; est completion in 12 hours 46 minutes [READ: Count=3789, Max=85311, Min=133, Avg=2634.93, 90=10839, 99=20319, 99.9=45439, 99.99=85311] 
2017-05-16 04:19:17:366 800 sec: 172667 operations; 371.7 current ops/sec; est completion in 12 hours 38 minutes [READ: Count=3717, Max=41631, Min=132, Avg=2690.49, 90=11055, 99=20159, 99.9=27871, 99.99=41631] 
2017-05-16 04:19:27:366 810 sec: 176302 operations; 363.5 current ops/sec; est completion in 12 hours 32 minutes [READ: Count=3635, Max=56223, Min=133, Avg=2747.64, 90=11071, 99=20495, 99.9=32223, 99.99=56223] 
2017-05-16 04:19:37:366 820 sec: 180217 operations; 391.5 current ops/sec; est completion in 12 hours 24 minutes [READ: Count=3915, Max=63839, Min=133, Avg=2549.94, 90=10695, 99=19439, 99.9=29535, 99.99=63839] 
2017-05-16 04:19:47:366 830 sec: 183991 operations; 377.4 current ops/sec; est completion in 12 hours 18 minutes [READ: Count=3774, Max=169471, Min=133, Avg=2649.19, 90=10935, 99=20095, 99.9=32927, 99.99=169471] 
2017-05-16 04:19:57:366 840 sec: 187722 operations; 373.1 current ops/sec; est completion in 12 hours 11 minutes [READ: Count=3731, Max=50047, Min=133, Avg=2678.59, 90=11207, 99=18591, 99.9=28111, 99.99=50047] 
2017-05-16 04:20:07:366 850 sec: 191552 operations; 383 current ops/sec; est completion in 12 hours 5 minutes [READ: Count=3830, Max=64671, Min=133, Avg=2607.85, 90=11007, 99=19487, 99.9=32447, 99.99=64671] 
2017-05-16 04:20:17:366 860 sec: 195325 operations; 377.3 current ops/sec; est completion in 11 hours 59 minutes [READ: Count=3773, Max=36447, Min=134, Avg=2646.17, 90=11031, 99=20399, 99.9=29407, 99.99=36447] 
2017-05-16 04:20:27:366 870 sec: 199206 operations; 388.1 current ops/sec; est completion in 11 hours 53 minutes [READ: Count=3881, Max=92735, Min=133, Avg=2574.33, 90=10807, 99=18511, 99.9=30223, 99.99=92735] 
2017-05-16 04:20:37:366 880 sec: 202920 operations; 371.4 current ops/sec; est completion in 11 hours 48 minutes [READ: Count=3714, Max=68735, Min=132, Avg=2690.69, 90=11151, 99=19983, 99.9=33375, 99.99=68735] 
2017-05-16 04:20:47:366 890 sec: 206512 operations; 359.2 current ops/sec; est completion in 11 hours 43 minutes [READ: Count=3592, Max=63135, Min=133, Avg=2784.06, 90=11263, 99=20207, 99.9=31167, 99.99=63135] 
2017-05-16 04:20:57:366 900 sec: 210385 operations; 387.3 current ops/sec; est completion in 11 hours 37 minutes [READ: Count=3873, Max=59359, Min=133, Avg=2578.28, 90=10839, 99=18463, 99.9=31215, 99.99=59359] 
2017-05-16 04:21:07:366 910 sec: 214062 operations; 367.7 current ops/sec; est completion in 11 hours 33 minutes [READ: Count=3677, Max=64959, Min=134, Avg=2716.98, 90=11119, 99=20143, 99.9=37151, 99.99=64959] 
2017-05-16 04:21:17:366 920 sec: 217890 operations; 382.8 current ops/sec; est completion in 11 hours 28 minutes [READ: Count=3828, Max=90751, Min=133, Avg=2608.19, 90=11023, 99=19167, 99.9=25359, 99.99=90751] 
2017-05-16 04:21:27:366 930 sec: 221687 operations; 379.7 current ops/sec; est completion in 11 hours 23 minutes [READ: Count=3797, Max=44479, Min=133, Avg=2633.87, 90=11023, 99=18447, 99.9=30447, 99.99=44479] 
2017-05-16 04:21:37:366 940 sec: 225523 operations; 383.6 current ops/sec; est completion in 11 hours 19 minutes [READ: Count=3836, Max=54367, Min=132, Avg=2604.64, 90=10711, 99=19887, 99.9=29903, 99.99=54367] 
2017-05-16 04:21:47:366 950 sec: 229125 operations; 360.2 current ops/sec; est completion in 11 hours 15 minutes [READ: Count=3602, Max=171135, Min=133, Avg=2773.57, 90=11223, 99=20255, 99.9=29263, 99.99=171135] 
2017-05-16 04:21:57:366 960 sec: 232942 operations; 381.7 current ops/sec; est completion in 11 hours 10 minutes [READ: Count=3817, Max=83519, Min=134, Avg=2617.46, 90=11007, 99=20799, 99.9=29215, 99.99=83519] 
2017-05-16 04:22:07:366 970 sec: 236847 operations; 390.5 current ops/sec; est completion in 11 hours 6 minutes [READ: Count=3905, Max=79935, Min=134, Avg=2559.67, 90=10711, 99=19919, 99.9=31119, 99.99=79935] 
2017-05-16 04:22:17:366 980 sec: 240633 operations; 378.6 current ops/sec; est completion in 11 hours 2 minutes [READ: Count=3786, Max=103295, Min=133, Avg=2637.94, 90=11143, 99=18895, 99.9=24175, 99.99=103295] 
2017-05-16 04:22:27:366 990 sec: 244209 operations; 357.6 current ops/sec; est completion in 10 hours 59 minutes [READ: Count=3576, Max=113919, Min=133, Avg=2793.43, 90=11103, 99=19343, 99.9=38591, 99.99=113919] 
2017-05-16 04:22:37:366 1000 sec: 248026 operations; 381.7 current ops/sec; est completion in 10 hours 55 minutes [READ: Count=3817, Max=65983, Min=133, Avg=2618.44, 90=10983, 99=18671, 99.9=28575, 99.99=65983] 
2017-05-16 04:22:47:366 1010 sec: 251894 operations; 386.8 current ops/sec; est completion in 10 hours 51 minutes [READ: Count=3868, Max=58687, Min=134, Avg=2580.78, 90=10871, 99=19215, 99.9=30063, 99.99=58687] 
2017-05-16 04:22:57:366 1020 sec: 255677 operations; 378.3 current ops/sec; est completion in 10 hours 47 minutes [READ: Count=3783, Max=115775, Min=135, Avg=2637.52, 90=10895, 99=19359, 99.9=29279, 99.99=115775] 
2017-05-16 04:23:07:366 1030 sec: 259518 operations; 384.1 current ops/sec; est completion in 10 hours 44 minutes [READ: Count=3841, Max=84479, Min=133, Avg=2604.16, 90=10983, 99=20015, 99.9=34399, 99.99=84479] 
2017-05-16 04:23:17:366 1040 sec: 263412 operations; 389.4 current ops/sec; est completion in 10 hours 40 minutes [READ: Count=3894, Max=44447, Min=134, Avg=2567.71, 90=10775, 99=18639, 99.9=29375, 99.99=44447] 
2017-05-16 04:23:27:366 1050 sec: 267160 operations; 374.8 current ops/sec; est completion in 10 hours 37 minutes [READ: Count=3748, Max=55007, Min=133, Avg=2666.54, 90=11095, 99=21247, 99.9=31583, 99.99=55007] 
2017-05-16 04:23:37:366 1060 sec: 270871 operations; 371.1 current ops/sec; est completion in 10 hours 34 minutes [READ: Count=3711, Max=48287, Min=133, Avg=2691.92, 90=11271, 99=18399, 99.9=28783, 99.99=48287] 
2017-05-16 04:23:47:366 1070 sec: 274637 operations; 376.6 current ops/sec; est completion in 10 hours 31 minutes [READ: Count=3766, Max=109887, Min=135, Avg=2653.71, 90=10823, 99=20111, 99.9=29279, 99.99=109887] 
2017-05-16 04:23:57:366 1080 sec: 278393 operations; 375.6 current ops/sec; est completion in 10 hours 28 minutes [READ: Count=3756, Max=91199, Min=133, Avg=2658.78, 90=10919, 99=19887, 99.9=32271, 99.99=91199] 
2017-05-16 04:24:07:366 1090 sec: 282307 operations; 391.4 current ops/sec; est completion in 10 hours 25 minutes [READ: Count=3914, Max=86591, Min=134, Avg=2552.24, 90=10775, 99=20351, 99.9=31087, 99.99=86591] 
2017-05-16 04:24:17:366 1100 sec: 285863 operations; 355.6 current ops/sec; est completion in 10 hours 23 minutes [READ: Count=3556, Max=112895, Min=135, Avg=2811.98, 90=11263, 99=19695, 99.9=28031, 99.99=112895] 
2017-05-16 04:24:27:366 1110 sec: 289505 operations; 364.2 current ops/sec; est completion in 10 hours 20 minutes [READ: Count=3642, Max=53343, Min=133, Avg=2739.98, 90=11247, 99=20559, 99.9=29599, 99.99=53343] 
2017-05-16 04:24:37:366 1120 sec: 293321 operations; 381.6 current ops/sec; est completion in 10 hours 17 minutes [READ: Count=3816, Max=79359, Min=134, Avg=2618.46, 90=11055, 99=19567, 99.9=36703, 99.99=79359] 
2017-05-16 04:24:47:366 1130 sec: 297130 operations; 380.9 current ops/sec; est completion in 10 hours 15 minutes [READ: Count=3810, Max=51135, Min=134, Avg=2625.74, 90=10759, 99=19519, 99.9=31343, 99.99=51135] 
2017-05-16 04:24:57:366 1140 sec: 300986 operations; 385.6 current ops/sec; est completion in 10 hours 12 minutes [READ: Count=3855, Max=81919, Min=133, Avg=2589.15, 90=10807, 99=19743, 99.9=34687, 99.99=81919] 
2017-05-16 04:25:07:366 1150 sec: 304635 operations; 364.9 current ops/sec; est completion in 10 hours 10 minutes [READ: Count=3649, Max=94527, Min=134, Avg=2740.3, 90=11359, 99=19935, 99.9=33631, 99.99=94527] 
2017-05-16 04:25:17:366 1160 sec: 308319 operations; 368.4 current ops/sec; est completion in 10 hours 7 minutes [READ: Count=3684, Max=47999, Min=135, Avg=2711.95, 90=11367, 99=17951, 99.9=28895, 99.99=47999] 
2017-05-16 04:25:27:366 1170 sec: 312172 operations; 385.3 current ops/sec; est completion in 10 hours 5 minutes [READ: Count=3853, Max=44447, Min=134, Avg=2591.78, 90=10823, 99=20479, 99.9=30495, 99.99=44447] 
2017-05-16 04:25:37:366 1180 sec: 315969 operations; 379.7 current ops/sec; est completion in 10 hours 2 minutes [READ: Count=3797, Max=50559, Min=133, Avg=2627.08, 90=10879, 99=18815, 99.9=29119, 99.99=50559] 
2017-05-16 04:25:47:366 1190 sec: 319772 operations; 380.3 current ops/sec; est completion in 10 hours [READ: Count=3803, Max=202623, Min=134, Avg=2632.61, 90=11039, 99=20335, 99.9=29663, 99.99=202623] 
2017-05-16 04:25:57:366 1200 sec: 323544 operations; 377.2 current ops/sec; est completion in 9 hours 58 minutes [READ: Count=3772, Max=40095, Min=134, Avg=2646.41, 90=11119, 99=19295, 99.9=29007, 99.99=40095] 
2017-05-16 04:26:07:366 1210 sec: 327281 operations; 373.7 current ops/sec; est completion in 9 hours 56 minutes [READ: Count=3738, Max=70015, Min=133, Avg=2676.19, 90=11047, 99=20127, 99.9=48127, 99.99=70015] 
2017-05-16 04:26:17:366 1220 sec: 331006 operations; 372.5 current ops/sec; est completion in 9 hours 53 minutes [READ: Count=3724, Max=96319, Min=134, Avg=2681.88, 90=11055, 99=20031, 99.9=34847, 99.99=96319] 
2017-05-16 04:26:27:366 1230 sec: 334636 operations; 363 current ops/sec; est completion in 9 hours 52 minutes [READ: Count=3630, Max=122879, Min=133, Avg=2753.13, 90=11399, 99=19887, 99.9=28831, 99.99=122879] 
2017-05-16 04:26:37:366 1240 sec: 338334 operations; 369.8 current ops/sec; est completion in 9 hours 50 minutes [READ: Count=3698, Max=56383, Min=134, Avg=2701.1, 90=11087, 99=19551, 99.9=33727, 99.99=56383] 
2017-05-16 04:26:47:366 1250 sec: 342134 operations; 380 current ops/sec; est completion in 9 hours 48 minutes [READ: Count=3800, Max=52319, Min=133, Avg=2628.08, 90=11055, 99=19839, 99.9=29151, 99.99=52319] 
2017-05-16 04:26:57:366 1260 sec: 346089 operations; 395.5 current ops/sec; est completion in 9 hours 45 minutes [READ: Count=3955, Max=108159, Min=134, Avg=2526.83, 90=10631, 99=18863, 99.9=28351, 99.99=108159] 
2017-05-16 04:27:07:366 1270 sec: 349813 operations; 372.4 current ops/sec; est completion in 9 hours 43 minutes [READ: Count=3724, Max=52095, Min=134, Avg=2683.14, 90=10927, 99=20687, 99.9=29711, 99.99=52095] 
2017-05-16 04:27:17:366 1280 sec: 353521 operations; 370.8 current ops/sec; est completion in 9 hours 42 minutes [READ: Count=3708, Max=51455, Min=133, Avg=2694.07, 90=11399, 99=18927, 99.9=30175, 99.99=51455] 
2017-05-16 04:27:27:366 1290 sec: 357503 operations; 398.2 current ops/sec; est completion in 9 hours 39 minutes [READ: Count=3982, Max=64607, Min=134, Avg=2508.56, 90=10559, 99=18767, 99.9=34559, 99.99=64607] 
2017-05-16 04:27:37:366 1300 sec: 361101 operations; 359.8 current ops/sec; est completion in 9 hours 38 minutes [READ: Count=3598, Max=47519, Min=130, Avg=2777.59, 90=11423, 99=21023, 99.9=30847, 99.99=47519] 
2017-05-16 04:27:47:366 1310 sec: 364972 operations; 387.1 current ops/sec; est completion in 9 hours 36 minutes [READ: Count=3871, Max=118143, Min=134, Avg=2581.73, 90=10863, 99=18623, 99.9=29839, 99.99=118143] 
2017-05-16 04:27:57:366 1320 sec: 368811 operations; 383.9 current ops/sec; est completion in 9 hours 34 minutes [READ: Count=3840, Max=54911, Min=133, Avg=2602.76, 90=10871, 99=19727, 99.9=30255, 99.99=54911] 
2017-05-16 04:28:07:366 1330 sec: 372532 operations; 372.1 current ops/sec; est completion in 9 hours 32 minutes [READ: Count=3720, Max=60543, Min=135, Avg=2684.31, 90=10839, 99=19231, 99.9=33151, 99.99=60543] 
2017-05-16 04:28:17:366 1340 sec: 376244 operations; 371.2 current ops/sec; est completion in 9 hours 31 minutes [READ: Count=3712, Max=108031, Min=133, Avg=2692.63, 90=10959, 99=18879, 99.9=32159, 99.99=108031] 
2017-05-16 04:28:27:366 1350 sec: 379959 operations; 371.5 current ops/sec; est completion in 9 hours 29 minutes [READ: Count=3715, Max=64639, Min=134, Avg=2684.67, 90=11255, 99=19455, 99.9=30799, 99.99=64639] 
2017-05-16 04:28:37:366 1360 sec: 383783 operations; 382.4 current ops/sec; est completion in 9 hours 27 minutes [READ: Count=3824, Max=79807, Min=130, Avg=2617.5, 90=10743, 99=20351, 99.9=37567, 99.99=79807] 
2017-05-16 04:28:47:366 1370 sec: 387674 operations; 389.1 current ops/sec; est completion in 9 hours 26 minutes [READ: Count=3891, Max=45919, Min=132, Avg=2566.05, 90=10863, 99=19455, 99.9=31007, 99.99=45919] 
2017-05-16 04:28:57:366 1380 sec: 391668 operations; 399.4 current ops/sec; est completion in 9 hours 24 minutes [READ: Count=3994, Max=55071, Min=134, Avg=2498.5, 90=10631, 99=19951, 99.9=25727, 99.99=55071] 
2017-05-16 04:29:07:366 1390 sec: 395432 operations; 376.4 current ops/sec; est completion in 9 hours 22 minutes [READ: Count=3764, Max=138623, Min=133, Avg=2659.17, 90=11431, 99=20543, 99.9=35583, 99.99=138623] 
2017-05-16 04:29:17:366 1400 sec: 399107 operations; 367.5 current ops/sec; est completion in 9 hours 21 minutes [READ: Count=3675, Max=69439, Min=132, Avg=2718, 90=11247, 99=19871, 99.9=32591, 99.99=69439] 
2017-05-16 04:29:27:366 1410 sec: 402966 operations; 385.9 current ops/sec; est completion in 9 hours 19 minutes [READ: Count=3859, Max=46559, Min=133, Avg=2589.78, 90=10903, 99=19631, 99.9=28431, 99.99=46559] 
2017-05-16 04:29:37:366 1420 sec: 406836 operations; 387 current ops/sec; est completion in 9 hours 18 minutes [READ: Count=3870, Max=66495, Min=134, Avg=2579.36, 90=11047, 99=19919, 99.9=30127, 99.99=66495] 
2017-05-16 04:29:47:366 1430 sec: 410351 operations; 351.5 current ops/sec; est completion in 9 hours 16 minutes [READ: Count=3515, Max=134271, Min=133, Avg=2843.08, 90=11407, 99=21039, 99.9=28559, 99.99=134271] 
2017-05-16 04:29:57:366 1440 sec: 414050 operations; 369.9 current ops/sec; est completion in 9 hours 15 minutes [READ: Count=3699, Max=35199, Min=132, Avg=2703.12, 90=11367, 99=18367, 99.9=28399, 99.99=35199] 
2017-05-16 04:30:07:366 1450 sec: 417862 operations; 381.2 current ops/sec; est completion in 9 hours 14 minutes [READ: Count=3812, Max=83775, Min=134, Avg=2619.1, 90=11047, 99=18975, 99.9=43487, 99.99=83775] 
2017-05-16 04:30:17:366 1460 sec: 421603 operations; 374.1 current ops/sec; est completion in 9 hours 12 minutes [READ: Count=3741, Max=76351, Min=133, Avg=2671.78, 90=11263, 99=18303, 99.9=28991, 99.99=76351] 
2017-05-16 04:30:27:366 1470 sec: 425530 operations; 392.7 current ops/sec; est completion in 9 hours 11 minutes [READ: Count=3927, Max=155135, Min=134, Avg=2542.1, 90=10607, 99=20479, 99.9=29743, 99.99=155135] 
2017-05-16 04:30:37:366 1480 sec: 429285 operations; 375.5 current ops/sec; est completion in 9 hours 9 minutes [READ: Count=3755, Max=78399, Min=133, Avg=2663.47, 90=10951, 99=19791, 99.9=31919, 99.99=78399] 
2017-05-16 04:30:47:366 1490 sec: 433084 operations; 379.9 current ops/sec; est completion in 9 hours 8 minutes [READ: Count=3799, Max=74367, Min=134, Avg=2623.09, 90=10991, 99=18607, 99.9=29791, 99.99=74367] 
2017-05-16 04:30:57:366 1500 sec: 436814 operations; 373 current ops/sec; est completion in 9 hours 7 minutes [READ: Count=3730, Max=102527, Min=134, Avg=2683.97, 90=10975, 99=18207, 99.9=29871, 99.99=102527] 
Maximum time elapsed. Requesting stop for the workload.
Stop requested for workload. Now Joining!
2017-05-16 04:30:57:376 1500 sec: 436815 operations; 90.91 current ops/sec; est completion in 9 hours 7 minutes [READ: Count=1, Max=15991, Min=15984, Avg=15988, 90=15991, 99=15991, 99.9=15991, 99.99=15991] [CLEANUP: Count=1, Max=1504, Min=1504, Avg=1504, 90=1504, 99=1504, 99.9=1504, 99.99=1504] 
[OVERALL], RunTime(ms), 1500011.0
[OVERALL], Throughput(ops/sec), 291.20786447566053
[TOTAL_GCS_PS_Scavenge], Count, 469.0
[TOTAL_GC_TIME_PS_Scavenge], Time(ms), 934.0
[TOTAL_GC_TIME_%_PS_Scavenge], Time(%), 0.06226621004779299
[TOTAL_GCS_PS_MarkSweep], Count, 0.0
[TOTAL_GC_TIME_PS_MarkSweep], Time(ms), 0.0
[TOTAL_GC_TIME_%_PS_MarkSweep], Time(%), 0.0
[TOTAL_GCs], Count, 469.0
[TOTAL_GC_TIME], Time(ms), 934.0
[TOTAL_GC_TIME_%], Time(%), 0.06226621004779299
[READ], Operations, 436815.0
[READ], AverageLatency(us), 3428.528411341186
[READ], MinLatency(us), 130.0
[READ], MaxLatency(us), 213887.0
[READ], 95thPercentileLatency(us), 15023.0
[READ], 99thPercentileLatency(us), 20223.0
[READ], Return=OK, 436815
[CLEANUP], Operations, 1.0
[CLEANUP], AverageLatency(us), 1504.0
[CLEANUP], MinLatency(us), 1504.0
[CLEANUP], MaxLatency(us), 1504.0
[CLEANUP], 95thPercentileLatency(us), 1504.0
[CLEANUP], 99thPercentileLatency(us), 1504.0
