========== START: Container 3 Memory STATS ==============
cache 4870144
rss 1600163840
rss_huge 0
mapped_file 2252800
writeback 0
swap 326287360
pgpgin 553276
pgpgout 161422
pgfault 665355
pgmajfault 4765
inactive_anon 800210944
active_anon 799956992
inactive_file 471040
active_file 4395008
unevictable 0
hierarchical_memory_limit 1610612736
hierarchical_memsw_limit 5368709120
total_cache 4870144
total_rss 1600163840
total_rss_huge 0
total_mapped_file 2252800
total_writeback 0
total_swap 326287360
total_pgpgin 553276
total_pgpgout 161422
total_pgfault 665355
total_pgmajfault 4765
total_inactive_anon 800210944
total_active_anon 799956992
total_inactive_file 471040
total_active_file 4395008
total_unevictable 0
======== END Container STATS ======
========== STOP: Container 3 Memory STATS ==============
cache 4988928
rss 1605513216
rss_huge 0
mapped_file 2387968
writeback 0
swap 321830912
pgpgin 584778
pgpgout 191589
pgfault 739257
pgmajfault 35250
inactive_anon 803348480
active_anon 802168832
inactive_file 1093632
active_file 3891200
unevictable 0
hierarchical_memory_limit 1610612736
hierarchical_memsw_limit 5368709120
total_cache 4988928
total_rss 1605513216
total_rss_huge 0
total_mapped_file 2387968
total_writeback 0
total_swap 321830912
total_pgpgin 584778
total_pgpgout 191589
total_pgfault 739257
total_pgmajfault 35250
total_inactive_anon 803348480
total_active_anon 802168832
total_inactive_file 1093632
total_active_file 3891200
total_unevictable 0
======== END Container STATS ======
