/usr/lib/jvm/java-7-openjdk-amd64/bin/java -cp /home/vm1/clients/ycsb_redis/redis-binding/conf:/home/vm1/clients/ycsb_redis/conf:/home/vm1/clients/ycsb_redis/lib/commons-pool-1.5.5.jar:/home/vm1/clients/ycsb_redis/lib/jackson-mapper-asl-1.9.4.jar:/home/vm1/clients/ycsb_redis/lib/redis-binding-0.13.0-SNAPSHOT.jar:/home/vm1/clients/ycsb_redis/lib/jackson-core-asl-1.9.4.jar:/home/vm1/clients/ycsb_redis/lib/htrace-core4-4.1.0-incubating.jar:/home/vm1/clients/ycsb_redis/lib/jedis-2.0.0.jar:/home/vm1/clients/ycsb_redis/lib/HdrHistogram-2.1.4.jar:/home/vm1/clients/ycsb_redis/lib/core-0.13.0-SNAPSHOT.jar com.yahoo.ycsb.Client -db com.yahoo.ycsb.db.RedisClient -s -P /home/vm1/clients/ycsb_redis/workloads/workload1 -p redis.host=10.0.3.168 -p redis.port=6379 -load
Command line: -db com.yahoo.ycsb.db.RedisClient -s -P /home/vm1/clients/ycsb_redis/workloads/workload1 -p redis.host=10.0.3.168 -p redis.port=6379 -loadYCSB Client 0.13.0-SNAPSHOT

Loading workload...
Starting test.
DBWrapper: report latency for each error is false and specific error codes to track for latency are: []
2017-05-19 00:05:02:371 0 sec: 0 operations; est completion in 0 seconds 
2017-05-19 00:05:12:334 10 sec: 58985 operations; 5897.91 current ops/sec; est completion in 24 seconds [INSERT: Count=58992, Max=19263, Min=130, Avg=159.25, 90=183, 99=361, 99.9=1137, 99.99=4039] 
2017-05-19 00:05:22:334 20 sec: 124436 operations; 6545.1 current ops/sec; est completion in 13 seconds [INSERT: Count=65446, Max=3135, Min=130, Avg=146.58, 90=159, 99=192, 99.9=330, 99.99=2157] 
2017-05-19 00:05:32:334 30 sec: 189539 operations; 6510.3 current ops/sec; est completion in 2 seconds [INSERT: Count=65103, Max=13447, Min=130, Avg=148.06, 90=159, 99=193, 99.9=1738, 99.99=2225] 
2017-05-19 00:05:33:925 31 sec: 200000 operations; 6575.11 current ops/sec; [CLEANUP: Count=1, Max=225, Min=225, Avg=225, 90=225, 99=225, 99.9=225, 99.99=225] [INSERT: Count=10459, Max=1840, Min=131, Avg=146.58, 90=157, 99=191, 99.9=1677, 99.99=1836] 
[OVERALL], RunTime(ms), 31592.0
[OVERALL], Throughput(ops/sec), 6330.7166371233225
[TOTAL_GCS_PS_Scavenge], Count, 114.0
[TOTAL_GC_TIME_PS_Scavenge], Time(ms), 194.0
[TOTAL_GC_TIME_%_PS_Scavenge], Time(%), 0.6140795138009623
[TOTAL_GCS_PS_MarkSweep], Count, 0.0
[TOTAL_GC_TIME_PS_MarkSweep], Time(ms), 0.0
[TOTAL_GC_TIME_%_PS_MarkSweep], Time(%), 0.0
[TOTAL_GCs], Count, 114.0
[TOTAL_GC_TIME], Time(ms), 194.0
[TOTAL_GC_TIME_%], Time(%), 0.6140795138009623
[CLEANUP], Operations, 1.0
[CLEANUP], AverageLatency(us), 225.0
[CLEANUP], MinLatency(us), 225.0
[CLEANUP], MaxLatency(us), 225.0
[CLEANUP], 95thPercentileLatency(us), 225.0
[CLEANUP], 99thPercentileLatency(us), 225.0
[INSERT], Operations, 200000.0
[INSERT], AverageLatency(us), 150.800435
[INSERT], MinLatency(us), 130.0
[INSERT], MaxLatency(us), 19263.0
[INSERT], 95thPercentileLatency(us), 179.0
[INSERT], 99thPercentileLatency(us), 268.0
[INSERT], Return=OK, 200000
