Thu May 18 14:32:28 IST 2017
--------------------MEMCG-----------------------
MEM ONLY  : 1535 MB
MEM+SWAP  : 1905 MB
cache 18472960
rss 1591914496
rss_huge 0
mapped_file 5419008
writeback 0
swap 387891200
pgpgin 591692
pgpgout 198531
pgfault 698793
pgmajfault 4041
inactive_anon 477499392
active_anon 1114415104
inactive_file 790528
active_file 17682432
unevictable 0
hierarchical_memory_limit 1610612736
hierarchical_memsw_limit 5368709120
total_cache 18472960
total_rss 1591914496
total_rss_huge 0
total_mapped_file 5419008
total_writeback 0
total_swap 387891200
total_pgpgin 591692
total_pgpgout 198531
total_pgfault 698793
total_pgmajfault 4041
total_inactive_anon 477499392
total_active_anon 1114415104
total_inactive_file 790528
total_active_file 17682432
total_unevictable 0
--------------------BLKIO-----------------------
11:0 Read 0
11:0 Write 0
11:0 Sync 0
11:0 Async 0
11:0 Total 0
253:0 Read 78393344
253:0 Write 6640889856
253:0 Sync 6230114304
253:0 Async 489168896
253:0 Total 6719283200
Total 6719283200
--------------------CPUAC-----------------------
user 8205
system 4872
 
Thu May 18 14:32:58 IST 2017
--------------------MEMCG-----------------------
MEM ONLY  : 1535 MB
MEM+SWAP  : 1906 MB
cache 18509824
rss 1591881728
rss_huge 0
mapped_file 5451776
writeback 0
swap 388263936
pgpgin 592849
pgpgout 199687
pgfault 701363
pgmajfault 5063
inactive_anon 477638656
active_anon 1114243072
inactive_file 827392
active_file 17682432
unevictable 0
hierarchical_memory_limit 1610612736
hierarchical_memsw_limit 5368709120
total_cache 18509824
total_rss 1591881728
total_rss_huge 0
total_mapped_file 5451776
total_writeback 0
total_swap 388263936
total_pgpgin 592849
total_pgpgout 199687
total_pgfault 701363
total_pgmajfault 5063
total_inactive_anon 477638656
total_active_anon 1114243072
total_inactive_file 827392
total_active_file 17682432
total_unevictable 0
--------------------BLKIO-----------------------
11:0 Read 0
11:0 Write 0
11:0 Sync 0
11:0 Async 0
11:0 Total 0
253:0 Read 82939904
253:0 Write 6641815552
253:0 Sync 6230540288
253:0 Async 494215168
253:0 Total 6724755456
Total 6724755456
--------------------CPUAC-----------------------
user 8216
system 4878
 
Thu May 18 14:33:28 IST 2017
--------------------MEMCG-----------------------
MEM ONLY  : 1535 MB
MEM+SWAP  : 1909 MB
cache 22577152
rss 1587875840
rss_huge 0
mapped_file 7094272
writeback 0
swap 392302592
pgpgin 595499
pgpgout 202322
pgfault 705748
pgmajfault 6106
inactive_anon 476770304
active_anon 1111109632
inactive_file 4247552
active_file 18325504
unevictable 0
hierarchical_memory_limit 1610612736
hierarchical_memsw_limit 5368709120
total_cache 22577152
total_rss 1587875840
total_rss_huge 0
total_mapped_file 7094272
total_writeback 0
total_swap 392302592
total_pgpgin 595499
total_pgpgout 202322
total_pgfault 705748
total_pgmajfault 6106
total_inactive_anon 476770304
total_active_anon 1111109632
total_inactive_file 4247552
total_active_file 18325504
total_unevictable 0
--------------------BLKIO-----------------------
11:0 Read 0
11:0 Write 0
11:0 Sync 0
11:0 Async 0
11:0 Total 0
253:0 Read 87261184
253:0 Write 6680293376
253:0 Sync 6237294592
253:0 Async 530259968
253:0 Total 6767554560
Total 6767554560
--------------------CPUAC-----------------------
user 8227
system 4885
 
Thu May 18 14:33:58 IST 2017
--------------------MEMCG-----------------------
MEM ONLY  : 1535 MB
MEM+SWAP  : 1910 MB
cache 22577152
rss 1587970048
rss_huge 0
mapped_file 7094272
writeback 0
swap 392491008
pgpgin 596793
pgpgout 203593
pgfault 708793
pgmajfault 7306
inactive_anon 476602368
active_anon 1111371776
inactive_file 4497408
active_file 18075648
unevictable 0
hierarchical_memory_limit 1610612736
hierarchical_memsw_limit 5368709120
total_cache 22577152
total_rss 1587970048
total_rss_huge 0
total_mapped_file 7094272
total_writeback 0
total_swap 392491008
total_pgpgin 596793
total_pgpgout 203593
total_pgfault 708793
total_pgmajfault 7306
total_inactive_anon 476602368
total_active_anon 1111371776
total_inactive_file 4497408
total_active_file 18075648
total_unevictable 0
--------------------BLKIO-----------------------
11:0 Read 0
11:0 Write 0
11:0 Sync 0
11:0 Async 0
11:0 Total 0
253:0 Read 92491776
253:0 Write 6681669632
253:0 Sync 6238670848
253:0 Async 535490560
253:0 Total 6774161408
Total 6774161408
--------------------CPUAC-----------------------
user 8244
system 4896
 
Thu May 18 14:34:28 IST 2017
--------------------MEMCG-----------------------
MEM ONLY  : 1535 MB
MEM+SWAP  : 1910 MB
cache 22577152
rss 1588019200
rss_huge 0
mapped_file 7094272
writeback 0
swap 392491008
pgpgin 597561
pgpgout 204349
pgfault 710804
pgmajfault 8014
inactive_anon 476635136
active_anon 1111388160
inactive_file 4509696
active_file 18063360
unevictable 0
hierarchical_memory_limit 1610612736
hierarchical_memsw_limit 5368709120
total_cache 22577152
total_rss 1588019200
total_rss_huge 0
total_mapped_file 7094272
total_writeback 0
total_swap 392491008
total_pgpgin 597561
total_pgpgout 204349
total_pgfault 710804
total_pgmajfault 8014
total_inactive_anon 476635136
total_active_anon 1111388160
total_inactive_file 4509696
total_active_file 18063360
total_unevictable 0
--------------------BLKIO-----------------------
11:0 Read 0
11:0 Write 0
11:0 Sync 0
11:0 Async 0
11:0 Total 0
253:0 Read 95932416
253:0 Write 6686007296
253:0 Sync 6243008512
253:0 Async 538931200
253:0 Total 6781939712
Total 6781939712
--------------------CPUAC-----------------------
user 8251
system 4900
 
Thu May 18 14:34:58 IST 2017
--------------------MEMCG-----------------------
MEM ONLY  : 1535 MB
MEM+SWAP  : 1910 MB
cache 22577152
rss 1587929088
rss_huge 0
mapped_file 7151616
writeback 0
swap 392757248
pgpgin 598694
pgpgout 205504
pgfault 713385
pgmajfault 9002
inactive_anon 476348416
active_anon 1111584768
inactive_file 4509696
active_file 18063360
unevictable 0
hierarchical_memory_limit 1610612736
hierarchical_memsw_limit 5368709120
total_cache 22577152
total_rss 1587929088
total_rss_huge 0
total_mapped_file 7151616
total_writeback 0
total_swap 392757248
total_pgpgin 598694
total_pgpgout 205504
total_pgfault 713385
total_pgmajfault 9002
total_inactive_anon 476348416
total_active_anon 1111584768
total_inactive_file 4509696
total_active_file 18063360
total_unevictable 0
--------------------BLKIO-----------------------
11:0 Read 0
11:0 Write 0
11:0 Sync 0
11:0 Async 0
11:0 Total 0
253:0 Read 101076992
253:0 Write 6689660928
253:0 Sync 6246662144
253:0 Async 544075776
253:0 Total 6790737920
Total 6790737920
--------------------CPUAC-----------------------
user 8268
system 4907
 
Thu May 18 14:35:28 IST 2017
--------------------MEMCG-----------------------
MEM ONLY  : 1535 MB
MEM+SWAP  : 1910 MB
cache 22577152
rss 1587838976
rss_huge 0
mapped_file 7151616
writeback 0
swap 392896512
pgpgin 599220
pgpgout 206052
pgfault 714664
pgmajfault 9473
inactive_anon 476274688
active_anon 1111568384
inactive_file 4509696
active_file 18063360
unevictable 0
hierarchical_memory_limit 1610612736
hierarchical_memsw_limit 5368709120
total_cache 22577152
total_rss 1587838976
total_rss_huge 0
total_mapped_file 7151616
total_writeback 0
total_swap 392896512
total_pgpgin 599220
total_pgpgout 206052
total_pgfault 714664
total_pgmajfault 9473
total_inactive_anon 476274688
total_active_anon 1111568384
total_inactive_file 4509696
total_active_file 18063360
total_unevictable 0
--------------------BLKIO-----------------------
11:0 Read 0
11:0 Write 0
11:0 Sync 0
11:0 Async 0
11:0 Total 0
253:0 Read 103358464
253:0 Write 6694006784
253:0 Sync 6251008000
253:0 Async 546357248
253:0 Total 6797365248
Total 6797365248
--------------------CPUAC-----------------------
user 8275
system 4909
 
Thu May 18 14:35:58 IST 2017
--------------------MEMCG-----------------------
MEM ONLY  : 1535 MB
MEM+SWAP  : 1910 MB
cache 22577152
rss 1587838976
rss_huge 0
mapped_file 7151616
writeback 0
swap 392994816
pgpgin 600413
pgpgout 207245
pgfault 717347
pgmajfault 10547
inactive_anon 476393472
active_anon 1111449600
inactive_file 4509696
active_file 18063360
unevictable 0
hierarchical_memory_limit 1610612736
hierarchical_memsw_limit 5368709120
total_cache 22577152
total_rss 1587838976
total_rss_huge 0
total_mapped_file 7151616
total_writeback 0
total_swap 392994816
total_pgpgin 600413
total_pgpgout 207245
total_pgfault 717347
total_pgmajfault 10547
total_inactive_anon 476393472
total_active_anon 1111449600
total_inactive_file 4509696
total_active_file 18063360
total_unevictable 0
--------------------BLKIO-----------------------
11:0 Read 0
11:0 Write 0
11:0 Sync 0
11:0 Async 0
11:0 Total 0
253:0 Read 108716032
253:0 Write 6697480192
253:0 Sync 6254481408
253:0 Async 551714816
253:0 Total 6806196224
Total 6806196224
--------------------CPUAC-----------------------
user 8289
system 4914
 
Thu May 18 14:36:28 IST 2017
--------------------MEMCG-----------------------
MEM ONLY  : 1535 MB
MEM+SWAP  : 1910 MB
cache 22577152
rss 1587953664
rss_huge 0
mapped_file 7151616
writeback 0
swap 392994816
pgpgin 601063
pgpgout 207867
pgfault 719013
pgmajfault 11109
inactive_anon 476418048
active_anon 1111539712
inactive_file 4628480
active_file 17944576
unevictable 0
hierarchical_memory_limit 1610612736
hierarchical_memsw_limit 5368709120
total_cache 22577152
total_rss 1587953664
total_rss_huge 0
total_mapped_file 7151616
total_writeback 0
total_swap 392994816
total_pgpgin 601063
total_pgpgout 207867
total_pgfault 719013
total_pgmajfault 11109
total_inactive_anon 476418048
total_active_anon 1111539712
total_inactive_file 4628480
total_active_file 17944576
total_unevictable 0
--------------------BLKIO-----------------------
11:0 Read 0
11:0 Write 0
11:0 Sync 0
11:0 Async 0
11:0 Total 0
253:0 Read 111636480
253:0 Write 6699110400
253:0 Sync 6256111616
253:0 Async 554635264
253:0 Total 6810746880
Total 6810746880
--------------------CPUAC-----------------------
user 8298
system 4918
 
Thu May 18 14:36:58 IST 2017
--------------------MEMCG-----------------------
MEM ONLY  : 1535 MB
MEM+SWAP  : 1911 MB
cache 22577152
rss 1587892224
rss_huge 0
mapped_file 7151616
writeback 0
swap 393383936
pgpgin 602020
pgpgout 208839
pgfault 721263
pgmajfault 11963
inactive_anon 476205056
active_anon 1111691264
inactive_file 4861952
active_file 17711104
unevictable 0
hierarchical_memory_limit 1610612736
hierarchical_memsw_limit 5368709120
total_cache 22577152
total_rss 1587892224
total_rss_huge 0
total_mapped_file 7151616
total_writeback 0
total_swap 393383936
total_pgpgin 602020
total_pgpgout 208839
total_pgfault 721263
total_pgmajfault 11963
total_inactive_anon 476205056
total_active_anon 1111691264
total_inactive_file 4861952
total_active_file 17711104
total_unevictable 0
--------------------BLKIO-----------------------
11:0 Read 0
11:0 Write 0
11:0 Sync 0
11:0 Async 0
11:0 Total 0
253:0 Read 115363840
253:0 Write 6707318784
253:0 Sync 6262636544
253:0 Async 560046080
253:0 Total 6822682624
Total 6822682624
--------------------CPUAC-----------------------
user 8315
system 4927
 
Thu May 18 14:37:28 IST 2017
--------------------MEMCG-----------------------
MEM ONLY  : 1535 MB
MEM+SWAP  : 1911 MB
cache 22446080
rss 1587965952
rss_huge 0
mapped_file 7151616
writeback 0
swap 393474048
pgpgin 602829
pgpgout 209662
pgfault 723187
pgmajfault 12670
inactive_anon 475885568
active_anon 1112084480
inactive_file 5394432
active_file 17047552
unevictable 0
hierarchical_memory_limit 1610612736
hierarchical_memsw_limit 5368709120
total_cache 22446080
total_rss 1587965952
total_rss_huge 0
total_mapped_file 7151616
total_writeback 0
total_swap 393474048
total_pgpgin 602829
total_pgpgout 209662
total_pgfault 723187
total_pgmajfault 12670
total_inactive_anon 475885568
total_active_anon 1112084480
total_inactive_file 5394432
total_active_file 17047552
total_unevictable 0
--------------------BLKIO-----------------------
11:0 Read 0
11:0 Write 0
11:0 Sync 0
11:0 Async 0
11:0 Total 0
253:0 Read 118755328
253:0 Write 6720987136
253:0 Sync 6267678720
253:0 Async 572063744
253:0 Total 6839742464
Total 6839742464
--------------------CPUAC-----------------------
user 8329
system 4937
 
Thu May 18 14:37:58 IST 2017
--------------------MEMCG-----------------------
MEM ONLY  : 1535 MB
MEM+SWAP  : 1911 MB
cache 22446080
rss 1588101120
rss_huge 0
mapped_file 7151616
writeback 0
swap 393551872
pgpgin 603841
pgpgout 210641
pgfault 725572
pgmajfault 13528
inactive_anon 475885568
active_anon 1112219648
inactive_file 5468160
active_file 16973824
unevictable 0
hierarchical_memory_limit 1610612736
hierarchical_memsw_limit 5368709120
total_cache 22446080
total_rss 1588101120
total_rss_huge 0
total_mapped_file 7151616
total_writeback 0
total_swap 393551872
total_pgpgin 603841
total_pgpgout 210641
total_pgfault 725572
total_pgmajfault 13528
total_inactive_anon 475885568
total_active_anon 1112219648
total_inactive_file 5468160
total_active_file 16973824
total_unevictable 0
--------------------BLKIO-----------------------
11:0 Read 0
11:0 Write 0
11:0 Sync 0
11:0 Async 0
11:0 Total 0
253:0 Read 123277312
253:0 Write 6725246976
253:0 Sync 6271750144
253:0 Async 576774144
253:0 Total 6848524288
Total 6848524288
--------------------CPUAC-----------------------
user 8348
system 4949
 
Thu May 18 14:38:28 IST 2017
--------------------MEMCG-----------------------
MEM ONLY  : 1535 MB
MEM+SWAP  : 1911 MB
cache 22282240
rss 1588207616
rss_huge 0
mapped_file 7151616
writeback 0
swap 393658368
pgpgin 604971
pgpgout 211785
pgfault 728081
pgmajfault 14459
inactive_anon 475795456
active_anon 1112416256
inactive_file 6078464
active_file 16199680
unevictable 0
hierarchical_memory_limit 1610612736
hierarchical_memsw_limit 5368709120
total_cache 22282240
total_rss 1588207616
total_rss_huge 0
total_mapped_file 7151616
total_writeback 0
total_swap 393658368
total_pgpgin 604971
total_pgpgout 211785
total_pgfault 728081
total_pgmajfault 14459
total_inactive_anon 475795456
total_active_anon 1112416256
total_inactive_file 6078464
total_active_file 16199680
total_unevictable 0
--------------------BLKIO-----------------------
11:0 Read 0
11:0 Write 0
11:0 Sync 0
11:0 Async 0
11:0 Total 0
253:0 Read 128462848
253:0 Write 6742564864
253:0 Sync 6279901184
253:0 Async 591126528
253:0 Total 6871027712
Total 6871027712
--------------------CPUAC-----------------------
user 8364
system 4960
 
Thu May 18 14:38:58 IST 2017
--------------------MEMCG-----------------------
MEM ONLY  : 1535 MB
MEM+SWAP  : 1911 MB
cache 22282240
rss 1588256768
rss_huge 0
mapped_file 7151616
writeback 0
swap 393920512
pgpgin 606203
pgpgout 213005
pgfault 730790
pgmajfault 15477
inactive_anon 475824128
active_anon 1112403968
inactive_file 6225920
active_file 16052224
unevictable 0
hierarchical_memory_limit 1610612736
hierarchical_memsw_limit 5368709120
total_cache 22282240
total_rss 1588256768
total_rss_huge 0
total_mapped_file 7151616
total_writeback 0
total_swap 393920512
total_pgpgin 606203
total_pgpgout 213005
total_pgfault 730790
total_pgmajfault 15477
total_inactive_anon 475824128
total_active_anon 1112403968
total_inactive_file 6225920
total_active_file 16052224
total_unevictable 0
--------------------BLKIO-----------------------
11:0 Read 0
11:0 Write 0
11:0 Sync 0
11:0 Async 0
11:0 Total 0
253:0 Read 134025216
253:0 Write 6751518720
253:0 Sync 6288855040
253:0 Async 596688896
253:0 Total 6885543936
Total 6885543936
--------------------CPUAC-----------------------
user 8390
system 4977
 
Thu May 18 14:39:28 IST 2017
--------------------MEMCG-----------------------
MEM ONLY  : 1535 MB
MEM+SWAP  : 1911 MB
cache 22130688
rss 1588424704
rss_huge 0
mapped_file 7151616
writeback 12288
swap 393998336
pgpgin 607142
pgpgout 213940
pgfault 732945
pgmajfault 16233
inactive_anon 475701248
active_anon 1112727552
inactive_file 6656000
active_file 15470592
unevictable 0
hierarchical_memory_limit 1610612736
hierarchical_memsw_limit 5368709120
total_cache 22130688
total_rss 1588424704
total_rss_huge 0
total_mapped_file 7151616
total_writeback 12288
total_swap 393998336
total_pgpgin 607142
total_pgpgout 213940
total_pgfault 732945
total_pgmajfault 16233
total_inactive_anon 475701248
total_active_anon 1112727552
total_inactive_file 6656000
total_active_file 15470592
total_unevictable 0
--------------------BLKIO-----------------------
11:0 Read 0
11:0 Write 0
11:0 Sync 0
11:0 Async 0
11:0 Total 0
253:0 Read 138231808
253:0 Write 6764171264
253:0 Sync 6297325568
253:0 Async 605077504
253:0 Total 6902403072
Total 6902403072
--------------------CPUAC-----------------------
user 8409
system 4988
 
Thu May 18 14:39:58 IST 2017
--------------------MEMCG-----------------------
MEM ONLY  : 1535 MB
MEM+SWAP  : 1911 MB
cache 21958656
rss 1588162560
rss_huge 0
mapped_file 7151616
writeback 0
swap 394489856
pgpgin 607878
pgpgout 214782
pgfault 734714
pgmajfault 16874
inactive_anon 475607040
active_anon 1112559616
inactive_file 7016448
active_file 14938112
unevictable 0
hierarchical_memory_limit 1610612736
hierarchical_memsw_limit 5368709120
total_cache 21958656
total_rss 1588162560
total_rss_huge 0
total_mapped_file 7151616
total_writeback 0
total_swap 394489856
total_pgpgin 607878
total_pgpgout 214782
total_pgfault 734714
total_pgmajfault 16874
total_inactive_anon 475607040
total_active_anon 1112559616
total_inactive_file 7016448
total_active_file 14938112
total_unevictable 0
--------------------BLKIO-----------------------
11:0 Read 0
11:0 Write 0
11:0 Sync 0
11:0 Async 0
11:0 Total 0
253:0 Read 141238272
253:0 Write 6775283712
253:0 Sync 6305218560
253:0 Async 611303424
253:0 Total 6916521984
Total 6916521984
--------------------CPUAC-----------------------
user 8425
system 4996
 
Thu May 18 14:40:29 IST 2017
--------------------MEMCG-----------------------
MEM ONLY  : 1535 MB
MEM+SWAP  : 1912 MB
cache 21807104
rss 1588641792
rss_huge 0
mapped_file 7151616
writeback 8192
swap 394436608
pgpgin 609111
pgpgout 215935
pgfault 737313
pgmajfault 17886
inactive_anon 476000256
active_anon 1112645632
inactive_file 7409664
active_file 14393344
unevictable 0
hierarchical_memory_limit 1610612736
hierarchical_memsw_limit 5368709120
total_cache 21807104
total_rss 1588641792
total_rss_huge 0
total_mapped_file 7151616
total_writeback 8192
total_swap 394436608
total_pgpgin 609111
total_pgpgout 215935
total_pgfault 737313
total_pgmajfault 17886
total_inactive_anon 476000256
total_active_anon 1112645632
total_inactive_file 7409664
total_active_file 14393344
total_unevictable 0
--------------------BLKIO-----------------------
11:0 Read 0
11:0 Write 0
11:0 Sync 0
11:0 Async 0
11:0 Total 0
253:0 Read 146599936
253:0 Write 6787899392
253:0 Sync 6314795008
253:0 Async 619704320
253:0 Total 6934499328
Total 6934499328
--------------------CPUAC-----------------------
user 8444
system 5016
 
Thu May 18 14:40:59 IST 2017
--------------------MEMCG-----------------------
MEM ONLY  : 1535 MB
MEM+SWAP  : 1912 MB
cache 21540864
rss 1589010432
rss_huge 0
mapped_file 7155712
writeback 0
swap 394362880
pgpgin 610468
pgpgout 217267
pgfault 740130
pgmajfault 19010
inactive_anon 476127232
active_anon 1112887296
inactive_file 8044544
active_file 13492224
unevictable 0
hierarchical_memory_limit 1610612736
hierarchical_memsw_limit 5368709120
total_cache 21540864
total_rss 1589010432
total_rss_huge 0
total_mapped_file 7155712
total_writeback 0
total_swap 394362880
total_pgpgin 610468
total_pgpgout 217267
total_pgfault 740130
total_pgmajfault 19010
total_inactive_anon 476127232
total_active_anon 1112887296
total_inactive_file 8044544
total_active_file 13492224
total_unevictable 0
--------------------BLKIO-----------------------
11:0 Read 0
11:0 Write 0
11:0 Sync 0
11:0 Async 0
11:0 Total 0
253:0 Read 152596480
253:0 Write 6804086784
253:0 Sync 6325575680
253:0 Async 631107584
253:0 Total 6956683264
Total 6956683264
--------------------CPUAC-----------------------
user 8459
system 5030
 
Thu May 18 14:41:29 IST 2017
--------------------MEMCG-----------------------
MEM ONLY  : 1535 MB
MEM+SWAP  : 1912 MB
cache 21303296
rss 1589186560
rss_huge 0
mapped_file 7155712
writeback 0
swap 394579968
pgpgin 611182
pgpgout 217996
pgfault 741742
pgmajfault 19570
inactive_anon 476004352
active_anon 1113169920
inactive_file 8105984
active_file 13193216
unevictable 0
hierarchical_memory_limit 1610612736
hierarchical_memsw_limit 5368709120
total_cache 21303296
total_rss 1589186560
total_rss_huge 0
total_mapped_file 7155712
total_writeback 0
total_swap 394579968
total_pgpgin 611182
total_pgpgout 217996
total_pgfault 741742
total_pgmajfault 19570
total_inactive_anon 476004352
total_active_anon 1113169920
total_inactive_file 8105984
total_active_file 13193216
total_unevictable 0
--------------------BLKIO-----------------------
11:0 Read 0
11:0 Write 0
11:0 Sync 0
11:0 Async 0
11:0 Total 0
253:0 Read 155410432
253:0 Write 6818820096
253:0 Sync 6336663552
253:0 Async 637566976
253:0 Total 6974230528
Total 6974230528
--------------------CPUAC-----------------------
user 8482
system 5045
 
Thu May 18 14:41:59 IST 2017
--------------------MEMCG-----------------------
MEM ONLY  : 1535 MB
MEM+SWAP  : 1912 MB
cache 21139456
rss 1589350400
rss_huge 0
mapped_file 7155712
writeback 16384
swap 394813440
pgpgin 612432
pgpgout 219246
pgfault 744291
pgmajfault 20491
inactive_anon 476045312
active_anon 1113309184
inactive_file 8552448
active_file 12582912
unevictable 0
hierarchical_memory_limit 1610612736
hierarchical_memsw_limit 5368709120
total_cache 21139456
total_rss 1589350400
total_rss_huge 0
total_mapped_file 7155712
total_writeback 16384
total_swap 394813440
total_pgpgin 612432
total_pgpgout 219246
total_pgfault 744291
total_pgmajfault 20491
total_inactive_anon 476045312
total_active_anon 1113309184
total_inactive_file 8552448
total_active_file 12582912
total_unevictable 0
--------------------BLKIO-----------------------
11:0 Read 0
11:0 Write 0
11:0 Sync 0
11:0 Async 0
11:0 Total 0
253:0 Read 161280000
253:0 Write 6834360320
253:0 Sync 6348566528
253:0 Async 647073792
253:0 Total 6995640320
Total 6995640320
--------------------CPUAC-----------------------
user 8507
system 5061
 
Thu May 18 14:42:29 IST 2017
--------------------MEMCG-----------------------
MEM ONLY  : 1535 MB
MEM+SWAP  : 1912 MB
cache 20557824
rss 1590022144
rss_huge 0
mapped_file 7155712
writeback 0
swap 394588160
pgpgin 613873
pgpgout 220665
pgfault 747117
pgmajfault 21483
inactive_anon 476438528
active_anon 1113587712
inactive_file 8790016
active_file 11763712
unevictable 0
hierarchical_memory_limit 1610612736
hierarchical_memsw_limit 5368709120
total_cache 20557824
total_rss 1590022144
total_rss_huge 0
total_mapped_file 7155712
total_writeback 0
total_swap 394588160
total_pgpgin 613873
total_pgpgout 220665
total_pgfault 747117
total_pgmajfault 21483
total_inactive_anon 476438528
total_active_anon 1113587712
total_inactive_file 8790016
total_active_file 11763712
total_unevictable 0
--------------------BLKIO-----------------------
11:0 Read 0
11:0 Write 0
11:0 Sync 0
11:0 Async 0
11:0 Total 0
253:0 Read 168312832
253:0 Write 6850560000
253:0 Sync 6359482368
253:0 Async 659390464
253:0 Total 7018872832
Total 7018872832
--------------------CPUAC-----------------------
user 8528
system 5090
 
Thu May 18 14:42:59 IST 2017
--------------------MEMCG-----------------------
MEM ONLY  : 1535 MB
MEM+SWAP  : 1912 MB
cache 20418560
rss 1590091776
rss_huge 0
mapped_file 7155712
writeback 0
swap 394510336
pgpgin 614174
pgpgout 220983
pgfault 747858
pgmajfault 21704
inactive_anon 476557312
active_anon 1113538560
inactive_file 8818688
active_file 11595776
unevictable 0
hierarchical_memory_limit 1610612736
hierarchical_memsw_limit 5368709120
total_cache 20418560
total_rss 1590091776
total_rss_huge 0
total_mapped_file 7155712
total_writeback 0
total_swap 394510336
total_pgpgin 614174
total_pgpgout 220983
total_pgfault 747858
total_pgmajfault 21704
total_inactive_anon 476557312
total_active_anon 1113538560
total_inactive_file 8818688
total_active_file 11595776
total_unevictable 0
--------------------BLKIO-----------------------
11:0 Read 0
11:0 Write 0
11:0 Sync 0
11:0 Async 0
11:0 Total 0
253:0 Read 170045440
253:0 Write 6865842176
253:0 Sync 6373613568
253:0 Async 662274048
253:0 Total 7035887616
Total 7035887616
--------------------CPUAC-----------------------
user 8532
system 5091
 
Thu May 18 14:43:29 IST 2017
--------------------MEMCG-----------------------
MEM ONLY  : 1535 MB
MEM+SWAP  : 1912 MB
cache 20348928
rss 1590210560
rss_huge 0
mapped_file 7155712
writeback 0
swap 394391552
pgpgin 614363
pgpgout 221160
pgfault 748449
pgmajfault 21882
inactive_anon 476774400
active_anon 1113440256
inactive_file 8835072
active_file 11509760
unevictable 0
hierarchical_memory_limit 1610612736
hierarchical_memsw_limit 5368709120
total_cache 20348928
total_rss 1590210560
total_rss_huge 0
total_mapped_file 7155712
total_writeback 0
total_swap 394391552
total_pgpgin 614363
total_pgpgout 221160
total_pgfault 748449
total_pgmajfault 21882
total_inactive_anon 476774400
total_active_anon 1113440256
total_inactive_file 8835072
total_active_file 11509760
total_unevictable 0
--------------------BLKIO-----------------------
11:0 Read 0
11:0 Write 0
11:0 Sync 0
11:0 Async 0
11:0 Total 0
253:0 Read 170889216
253:0 Write 6879621120
253:0 Sync 6386728960
253:0 Async 663781376
253:0 Total 7050510336
Total 7050510336
--------------------CPUAC-----------------------
user 8535
system 5093
 
Thu May 18 14:43:59 IST 2017
--------------------MEMCG-----------------------
MEM ONLY  : 1535 MB
MEM+SWAP  : 1912 MB
cache 20328448
rss 1590272000
rss_huge 0
mapped_file 7155712
writeback 0
swap 394330112
pgpgin 614440
pgpgout 221227
pgfault 748694
pgmajfault 21949
inactive_anon 476905472
active_anon 1113370624
inactive_file 8839168
active_file 11485184
unevictable 0
hierarchical_memory_limit 1610612736
hierarchical_memsw_limit 5368709120
total_cache 20328448
total_rss 1590272000
total_rss_huge 0
total_mapped_file 7155712
total_writeback 0
total_swap 394330112
total_pgpgin 614440
total_pgpgout 221227
total_pgfault 748694
total_pgmajfault 21949
total_inactive_anon 476905472
total_active_anon 1113370624
total_inactive_file 8839168
total_active_file 11485184
total_unevictable 0
--------------------BLKIO-----------------------
11:0 Read 0
11:0 Write 0
11:0 Sync 0
11:0 Async 0
11:0 Total 0
253:0 Read 171261952
253:0 Write 6889734144
253:0 Sync 6396665856
253:0 Async 664330240
253:0 Total 7060996096
Total 7060996096
--------------------CPUAC-----------------------
user 8537
system 5094
 
Thu May 18 14:44:29 IST 2017
--------------------MEMCG-----------------------
MEM ONLY  : 1535 MB
MEM+SWAP  : 1912 MB
cache 20328448
rss 1590272000
rss_huge 0
mapped_file 7155712
writeback 0
swap 394330112
pgpgin 614440
pgpgout 221227
pgfault 748694
pgmajfault 21949
inactive_anon 476905472
active_anon 1113370624
inactive_file 8839168
active_file 11485184
unevictable 0
hierarchical_memory_limit 1610612736
hierarchical_memsw_limit 5368709120
total_cache 20328448
total_rss 1590272000
total_rss_huge 0
total_mapped_file 7155712
total_writeback 0
total_swap 394330112
total_pgpgin 614440
total_pgpgout 221227
total_pgfault 748694
total_pgmajfault 21949
total_inactive_anon 476905472
total_active_anon 1113370624
total_inactive_file 8839168
total_active_file 11485184
total_unevictable 0
--------------------BLKIO-----------------------
11:0 Read 0
11:0 Write 0
11:0 Sync 0
11:0 Async 0
11:0 Total 0
253:0 Read 171261952
253:0 Write 6889734144
253:0 Sync 6396665856
253:0 Async 664330240
253:0 Total 7060996096
Total 7060996096
--------------------CPUAC-----------------------
user 8539
system 5095
 
Thu May 18 14:44:59 IST 2017
--------------------MEMCG-----------------------
MEM ONLY  : 1535 MB
MEM+SWAP  : 1912 MB
cache 20328448
rss 1590272000
rss_huge 0
mapped_file 7155712
writeback 0
swap 394330112
pgpgin 614440
pgpgout 221227
pgfault 748694
pgmajfault 21949
inactive_anon 476905472
active_anon 1113370624
inactive_file 8839168
active_file 11485184
unevictable 0
hierarchical_memory_limit 1610612736
hierarchical_memsw_limit 5368709120
total_cache 20328448
total_rss 1590272000
total_rss_huge 0
total_mapped_file 7155712
total_writeback 0
total_swap 394330112
total_pgpgin 614440
total_pgpgout 221227
total_pgfault 748694
total_pgmajfault 21949
total_inactive_anon 476905472
total_active_anon 1113370624
total_inactive_file 8839168
total_active_file 11485184
total_unevictable 0
--------------------BLKIO-----------------------
11:0 Read 0
11:0 Write 0
11:0 Sync 0
11:0 Async 0
11:0 Total 0
253:0 Read 171261952
253:0 Write 6889734144
253:0 Sync 6396665856
253:0 Async 664330240
253:0 Total 7060996096
Total 7060996096
--------------------CPUAC-----------------------
user 8541
system 5096
 
Thu May 18 14:45:29 IST 2017
--------------------MEMCG-----------------------
MEM ONLY  : 1535 MB
MEM+SWAP  : 1912 MB
cache 20328448
rss 1590272000
rss_huge 0
mapped_file 7155712
writeback 0
swap 394330112
pgpgin 614440
pgpgout 221227
pgfault 748694
pgmajfault 21949
inactive_anon 476905472
active_anon 1113370624
inactive_file 8839168
active_file 11485184
unevictable 0
hierarchical_memory_limit 1610612736
hierarchical_memsw_limit 5368709120
total_cache 20328448
total_rss 1590272000
total_rss_huge 0
total_mapped_file 7155712
total_writeback 0
total_swap 394330112
total_pgpgin 614440
total_pgpgout 221227
total_pgfault 748694
total_pgmajfault 21949
total_inactive_anon 476905472
total_active_anon 1113370624
total_inactive_file 8839168
total_active_file 11485184
total_unevictable 0
--------------------BLKIO-----------------------
11:0 Read 0
11:0 Write 0
11:0 Sync 0
11:0 Async 0
11:0 Total 0
253:0 Read 171261952
253:0 Write 6889734144
253:0 Sync 6396665856
253:0 Async 664330240
253:0 Total 7060996096
Total 7060996096
--------------------CPUAC-----------------------
user 8542
system 5097
 
Thu May 18 14:45:59 IST 2017
--------------------MEMCG-----------------------
MEM ONLY  : 1535 MB
MEM+SWAP  : 1912 MB
cache 20328448
rss 1590272000
rss_huge 0
mapped_file 7155712
writeback 0
swap 394330112
pgpgin 614440
pgpgout 221227
pgfault 748694
pgmajfault 21949
inactive_anon 476905472
active_anon 1113370624
inactive_file 8839168
active_file 11485184
unevictable 0
hierarchical_memory_limit 1610612736
hierarchical_memsw_limit 5368709120
total_cache 20328448
total_rss 1590272000
total_rss_huge 0
total_mapped_file 7155712
total_writeback 0
total_swap 394330112
total_pgpgin 614440
total_pgpgout 221227
total_pgfault 748694
total_pgmajfault 21949
total_inactive_anon 476905472
total_active_anon 1113370624
total_inactive_file 8839168
total_active_file 11485184
total_unevictable 0
--------------------BLKIO-----------------------
11:0 Read 0
11:0 Write 0
11:0 Sync 0
11:0 Async 0
11:0 Total 0
253:0 Read 171261952
253:0 Write 6889734144
253:0 Sync 6396665856
253:0 Async 664330240
253:0 Total 7060996096
Total 7060996096
--------------------CPUAC-----------------------
user 8543
system 5097
 
Thu May 18 14:46:29 IST 2017
--------------------MEMCG-----------------------
MEM ONLY  : 1535 MB
MEM+SWAP  : 1912 MB
cache 20328448
rss 1590272000
rss_huge 0
mapped_file 7155712
writeback 0
swap 394330112
pgpgin 614440
pgpgout 221227
pgfault 748694
pgmajfault 21949
inactive_anon 476905472
active_anon 1113370624
inactive_file 8839168
active_file 11485184
unevictable 0
hierarchical_memory_limit 1610612736
hierarchical_memsw_limit 5368709120
total_cache 20328448
total_rss 1590272000
total_rss_huge 0
total_mapped_file 7155712
total_writeback 0
total_swap 394330112
total_pgpgin 614440
total_pgpgout 221227
total_pgfault 748694
total_pgmajfault 21949
total_inactive_anon 476905472
total_active_anon 1113370624
total_inactive_file 8839168
total_active_file 11485184
total_unevictable 0
--------------------BLKIO-----------------------
11:0 Read 0
11:0 Write 0
11:0 Sync 0
11:0 Async 0
11:0 Total 0
253:0 Read 171261952
253:0 Write 6889734144
253:0 Sync 6396665856
253:0 Async 664330240
253:0 Total 7060996096
Total 7060996096
--------------------CPUAC-----------------------
user 8545
system 5097
 
Thu May 18 14:46:59 IST 2017
--------------------MEMCG-----------------------
MEM ONLY  : 1535 MB
MEM+SWAP  : 1912 MB
cache 20328448
rss 1590272000
rss_huge 0
mapped_file 7155712
writeback 0
swap 394330112
pgpgin 614440
pgpgout 221227
pgfault 748694
pgmajfault 21949
inactive_anon 476905472
active_anon 1113370624
inactive_file 8839168
active_file 11485184
unevictable 0
hierarchical_memory_limit 1610612736
hierarchical_memsw_limit 5368709120
total_cache 20328448
total_rss 1590272000
total_rss_huge 0
total_mapped_file 7155712
total_writeback 0
total_swap 394330112
total_pgpgin 614440
total_pgpgout 221227
total_pgfault 748694
total_pgmajfault 21949
total_inactive_anon 476905472
total_active_anon 1113370624
total_inactive_file 8839168
total_active_file 11485184
total_unevictable 0
--------------------BLKIO-----------------------
11:0 Read 0
11:0 Write 0
11:0 Sync 0
11:0 Async 0
11:0 Total 0
253:0 Read 171261952
253:0 Write 6889734144
253:0 Sync 6396665856
253:0 Async 664330240
253:0 Total 7060996096
Total 7060996096
--------------------CPUAC-----------------------
user 8546
system 5098
 
