Sun May 14 16:48:08 IST 2017
--------------------MEMCG-----------------------
MEM ONLY  : 256 MB
MEM+SWAP  : 282 MB
cache 6975488
rss 261820416
rss_huge 0
mapped_file 6176768
writeback 0
swap 27049984
pgpgin 880375
pgpgout 814751
pgfault 263964
pgmajfault 608
inactive_anon 131219456
active_anon 130605056
inactive_file 3518464
active_file 3448832
unevictable 4096
hierarchical_memory_limit 2147483648
hierarchical_memsw_limit 5368709120
total_cache 6975488
total_rss 261820416
total_rss_huge 0
total_mapped_file 6176768
total_writeback 0
total_swap 27049984
total_pgpgin 880375
total_pgpgout 814751
total_pgfault 263964
total_pgmajfault 608
total_inactive_anon 131219456
total_active_anon 130605056
total_inactive_file 3518464
total_active_file 3448832
total_unevictable 4096
--------------------BLKIO-----------------------
11:0 Read 0
11:0 Write 0
11:0 Sync 0
11:0 Async 0
11:0 Total 0
253:0 Read 2847301632
253:0 Write 30445568
253:0 Sync 200704
253:0 Async 2877546496
253:0 Total 2877747200
Total 2877747200
--------------------CPUAC-----------------------
user 10306
system 5687
 
Sun May 14 16:48:09 IST 2017
--------------------MEMCG-----------------------
MEM ONLY  : 259 MB
MEM+SWAP  : 285 MB
cache 10551296
rss 261836800
rss_huge 0
mapped_file 7155712
writeback 0
swap 27037696
pgpgin 881255
pgpgout 814754
pgfault 264009
pgmajfault 627
inactive_anon 131231744
active_anon 130609152
inactive_file 7061504
active_file 3452928
unevictable 4096
hierarchical_memory_limit 2147483648
hierarchical_memsw_limit 5368709120
total_cache 10551296
total_rss 261836800
total_rss_huge 0
total_mapped_file 7155712
total_writeback 0
total_swap 27037696
total_pgpgin 881255
total_pgpgout 814754
total_pgfault 264009
total_pgmajfault 627
total_inactive_anon 131231744
total_active_anon 130609152
total_inactive_file 7061504
total_active_file 3452928
total_unevictable 4096
--------------------BLKIO-----------------------
11:0 Read 0
11:0 Write 0
11:0 Sync 0
11:0 Async 0
11:0 Total 0
253:0 Read 2850344960
253:0 Write 30445568
253:0 Sync 200704
253:0 Async 2880589824
253:0 Total 2880790528
Total 2880790528
--------------------CPUAC-----------------------
user 10308
system 5690
 
Sun May 14 16:48:10 IST 2017
--------------------MEMCG-----------------------
MEM ONLY  : 262 MB
MEM+SWAP  : 288 MB
cache 13565952
rss 261844992
rss_huge 0
mapped_file 7155712
writeback 0
swap 27037696
pgpgin 881996
pgpgout 814757
pgfault 264014
pgmajfault 627
inactive_anon 131231744
active_anon 130617344
inactive_file 10043392
active_file 3461120
unevictable 4096
hierarchical_memory_limit 2147483648
hierarchical_memsw_limit 5368709120
total_cache 13565952
total_rss 261844992
total_rss_huge 0
total_mapped_file 7155712
total_writeback 0
total_swap 27037696
total_pgpgin 881996
total_pgpgout 814757
total_pgfault 264014
total_pgmajfault 627
total_inactive_anon 131231744
total_active_anon 130617344
total_inactive_file 10043392
total_active_file 3461120
total_unevictable 4096
--------------------BLKIO-----------------------
11:0 Read 0
11:0 Write 0
11:0 Sync 0
11:0 Async 0
11:0 Total 0
253:0 Read 2852573184
253:0 Write 30445568
253:0 Sync 200704
253:0 Async 2882818048
253:0 Total 2883018752
Total 2883018752
--------------------CPUAC-----------------------
user 10311
system 5692
 
Sun May 14 16:48:11 IST 2017
--------------------MEMCG-----------------------
MEM ONLY  : 266 MB
MEM+SWAP  : 291 MB
cache 17018880
rss 261844992
rss_huge 0
mapped_file 7155712
writeback 0
swap 27037696
pgpgin 882842
pgpgout 814760
pgfault 264017
pgmajfault 627
inactive_anon 131231744
active_anon 130617344
inactive_file 13549568
active_file 3461120
unevictable 4096
hierarchical_memory_limit 2147483648
hierarchical_memsw_limit 5368709120
total_cache 17018880
total_rss 261844992
total_rss_huge 0
total_mapped_file 7155712
total_writeback 0
total_swap 27037696
total_pgpgin 882842
total_pgpgout 814760
total_pgfault 264017
total_pgmajfault 627
total_inactive_anon 131231744
total_active_anon 130617344
total_inactive_file 13549568
total_active_file 3461120
total_unevictable 4096
--------------------BLKIO-----------------------
11:0 Read 0
11:0 Write 0
11:0 Sync 0
11:0 Async 0
11:0 Total 0
253:0 Read 2855305216
253:0 Write 30445568
253:0 Sync 200704
253:0 Async 2885550080
253:0 Total 2885750784
Total 2885750784
--------------------CPUAC-----------------------
user 10312
system 5694
 
Sun May 14 16:48:12 IST 2017
--------------------MEMCG-----------------------
MEM ONLY  : 269 MB
MEM+SWAP  : 295 MB
cache 20815872
rss 261844992
rss_huge 0
mapped_file 7155712
writeback 0
swap 27037696
pgpgin 883772
pgpgout 814763
pgfault 264020
pgmajfault 627
inactive_anon 131231744
active_anon 130617344
inactive_file 17346560
active_file 3461120
unevictable 4096
hierarchical_memory_limit 2147483648
hierarchical_memsw_limit 5368709120
total_cache 20815872
total_rss 261844992
total_rss_huge 0
total_mapped_file 7155712
total_writeback 0
total_swap 27037696
total_pgpgin 883772
total_pgpgout 814763
total_pgfault 264020
total_pgmajfault 627
total_inactive_anon 131231744
total_active_anon 130617344
total_inactive_file 17346560
total_active_file 3461120
total_unevictable 4096
--------------------BLKIO-----------------------
11:0 Read 0
11:0 Write 0
11:0 Sync 0
11:0 Async 0
11:0 Total 0
253:0 Read 2858086400
253:0 Write 30445568
253:0 Sync 200704
253:0 Async 2888331264
253:0 Total 2888531968
Total 2888531968
--------------------CPUAC-----------------------
user 10316
system 5695
 
Sun May 14 16:48:13 IST 2017
--------------------MEMCG-----------------------
MEM ONLY  : 272 MB
MEM+SWAP  : 298 MB
cache 24117248
rss 261844992
rss_huge 0
mapped_file 7155712
writeback 0
swap 27037696
pgpgin 884583
pgpgout 814768
pgfault 264023
pgmajfault 627
inactive_anon 131231744
active_anon 130617344
inactive_file 20619264
active_file 3461120
unevictable 4096
hierarchical_memory_limit 2147483648
hierarchical_memsw_limit 5368709120
total_cache 24117248
total_rss 261844992
total_rss_huge 0
total_mapped_file 7155712
total_writeback 0
total_swap 27037696
total_pgpgin 884583
total_pgpgout 814768
total_pgfault 264023
total_pgmajfault 627
total_inactive_anon 131231744
total_active_anon 130617344
total_inactive_file 20619264
total_active_file 3461120
total_unevictable 4096
--------------------BLKIO-----------------------
11:0 Read 0
11:0 Write 0
11:0 Sync 0
11:0 Async 0
11:0 Total 0
253:0 Read 2860584960
253:0 Write 30453760
253:0 Sync 200704
253:0 Async 2890838016
253:0 Total 2891038720
Total 2891038720
--------------------CPUAC-----------------------
user 10318
system 5698
 
Sun May 14 16:48:14 IST 2017
--------------------MEMCG-----------------------
MEM ONLY  : 275 MB
MEM+SWAP  : 301 MB
cache 27136000
rss 261844992
rss_huge 0
mapped_file 7155712
writeback 0
swap 27037696
pgpgin 885323
pgpgout 814771
pgfault 264026
pgmajfault 627
inactive_anon 131231744
active_anon 130617344
inactive_file 23654400
active_file 3461120
unevictable 4096
hierarchical_memory_limit 2147483648
hierarchical_memsw_limit 5368709120
total_cache 27136000
total_rss 261844992
total_rss_huge 0
total_mapped_file 7155712
total_writeback 0
total_swap 27037696
total_pgpgin 885323
total_pgpgout 814771
total_pgfault 264026
total_pgmajfault 627
total_inactive_anon 131231744
total_active_anon 130617344
total_inactive_file 23654400
total_active_file 3461120
total_unevictable 4096
--------------------BLKIO-----------------------
11:0 Read 0
11:0 Write 0
11:0 Sync 0
11:0 Async 0
11:0 Total 0
253:0 Read 2862858240
253:0 Write 30453760
253:0 Sync 200704
253:0 Async 2893111296
253:0 Total 2893312000
Total 2893312000
--------------------CPUAC-----------------------
user 10320
system 5700
 
Sun May 14 16:48:15 IST 2017
--------------------MEMCG-----------------------
MEM ONLY  : 279 MB
MEM+SWAP  : 305 MB
cache 30932992
rss 261853184
rss_huge 0
mapped_file 7155712
writeback 0
swap 27037696
pgpgin 886255
pgpgout 814774
pgfault 264031
pgmajfault 627
inactive_anon 131231744
active_anon 130625536
inactive_file 27463680
active_file 3461120
unevictable 4096
hierarchical_memory_limit 2147483648
hierarchical_memsw_limit 5368709120
total_cache 30932992
total_rss 261853184
total_rss_huge 0
total_mapped_file 7155712
total_writeback 0
total_swap 27037696
total_pgpgin 886255
total_pgpgout 814774
total_pgfault 264031
total_pgmajfault 627
total_inactive_anon 131231744
total_active_anon 130625536
total_inactive_file 27463680
total_active_file 3461120
total_unevictable 4096
--------------------BLKIO-----------------------
11:0 Read 0
11:0 Write 0
11:0 Sync 0
11:0 Async 0
11:0 Total 0
253:0 Read 2865737728
253:0 Write 30453760
253:0 Sync 200704
253:0 Async 2895990784
253:0 Total 2896191488
Total 2896191488
--------------------CPUAC-----------------------
user 10323
system 5701
 
Sun May 14 16:48:16 IST 2017
--------------------MEMCG-----------------------
MEM ONLY  : 282 MB
MEM+SWAP  : 308 MB
cache 34734080
rss 261853184
rss_huge 0
mapped_file 7155712
writeback 0
swap 27037696
pgpgin 887186
pgpgout 814777
pgfault 264034
pgmajfault 627
inactive_anon 131231744
active_anon 130625536
inactive_file 31264768
active_file 3461120
unevictable 4096
hierarchical_memory_limit 2147483648
hierarchical_memsw_limit 5368709120
total_cache 34734080
total_rss 261853184
total_rss_huge 0
total_mapped_file 7155712
total_writeback 0
total_swap 27037696
total_pgpgin 887186
total_pgpgout 814777
total_pgfault 264034
total_pgmajfault 627
total_inactive_anon 131231744
total_active_anon 130625536
total_inactive_file 31264768
total_active_file 3461120
total_unevictable 4096
--------------------BLKIO-----------------------
11:0 Read 0
11:0 Write 0
11:0 Sync 0
11:0 Async 0
11:0 Total 0
253:0 Read 2868723712
253:0 Write 30453760
253:0 Sync 200704
253:0 Async 2898976768
253:0 Total 2899177472
Total 2899177472
--------------------CPUAC-----------------------
user 10328
system 5703
 
Sun May 14 16:48:17 IST 2017
--------------------MEMCG-----------------------
MEM ONLY  : 286 MB
MEM+SWAP  : 311 MB
cache 38068224
rss 261853184
rss_huge 0
mapped_file 7155712
writeback 0
swap 27037696
pgpgin 888003
pgpgout 814780
pgfault 264037
pgmajfault 627
inactive_anon 131231744
active_anon 130625536
inactive_file 34541568
active_file 3461120
unevictable 4096
hierarchical_memory_limit 2147483648
hierarchical_memsw_limit 5368709120
total_cache 38068224
total_rss 261853184
total_rss_huge 0
total_mapped_file 7155712
total_writeback 0
total_swap 27037696
total_pgpgin 888003
total_pgpgout 814780
total_pgfault 264037
total_pgmajfault 627
total_inactive_anon 131231744
total_active_anon 130625536
total_inactive_file 34541568
total_active_file 3461120
total_unevictable 4096
--------------------BLKIO-----------------------
11:0 Read 0
11:0 Write 0
11:0 Sync 0
11:0 Async 0
11:0 Total 0
253:0 Read 2871382016
253:0 Write 30453760
253:0 Sync 200704
253:0 Async 2901635072
253:0 Total 2901835776
Total 2901835776
--------------------CPUAC-----------------------
user 10332
system 5705
 
Sun May 14 16:48:18 IST 2017
--------------------MEMCG-----------------------
MEM ONLY  : 290 MB
MEM+SWAP  : 316 MB
cache 42721280
rss 261853184
rss_huge 0
mapped_file 7155712
writeback 0
swap 27037696
pgpgin 889142
pgpgout 814783
pgfault 264040
pgmajfault 627
inactive_anon 131231744
active_anon 130625536
inactive_file 39194624
active_file 3461120
unevictable 4096
hierarchical_memory_limit 2147483648
hierarchical_memsw_limit 5368709120
total_cache 42721280
total_rss 261853184
total_rss_huge 0
total_mapped_file 7155712
total_writeback 0
total_swap 27037696
total_pgpgin 889142
total_pgpgout 814783
total_pgfault 264040
total_pgmajfault 627
total_inactive_anon 131231744
total_active_anon 130625536
total_inactive_file 39194624
total_active_file 3461120
total_unevictable 4096
--------------------BLKIO-----------------------
11:0 Read 0
11:0 Write 0
11:0 Sync 0
11:0 Async 0
11:0 Total 0
253:0 Read 2874691584
253:0 Write 30453760
253:0 Sync 200704
253:0 Async 2904944640
253:0 Total 2905145344
Total 2905145344
--------------------CPUAC-----------------------
user 10336
system 5708
 
Sun May 14 16:48:19 IST 2017
--------------------MEMCG-----------------------
MEM ONLY  : 294 MB
MEM+SWAP  : 319 MB
cache 46415872
rss 261853184
rss_huge 0
mapped_file 7155712
writeback 0
swap 27037696
pgpgin 890047
pgpgout 814786
pgfault 264043
pgmajfault 627
inactive_anon 131231744
active_anon 130625536
inactive_file 42897408
active_file 3461120
unevictable 4096
hierarchical_memory_limit 2147483648
hierarchical_memsw_limit 5368709120
total_cache 46415872
total_rss 261853184
total_rss_huge 0
total_mapped_file 7155712
total_writeback 0
total_swap 27037696
total_pgpgin 890047
total_pgpgout 814786
total_pgfault 264043
total_pgmajfault 627
total_inactive_anon 131231744
total_active_anon 130625536
total_inactive_file 42897408
total_active_file 3461120
total_unevictable 4096
--------------------BLKIO-----------------------
11:0 Read 0
11:0 Write 0
11:0 Sync 0
11:0 Async 0
11:0 Total 0
253:0 Read 2877755392
253:0 Write 30453760
253:0 Sync 200704
253:0 Async 2908008448
253:0 Total 2908209152
Total 2908209152
--------------------CPUAC-----------------------
user 10342
system 5712
 
Sun May 14 16:48:20 IST 2017
--------------------MEMCG-----------------------
MEM ONLY  : 297 MB
MEM+SWAP  : 323 MB
cache 50515968
rss 261853184
rss_huge 0
mapped_file 7155712
writeback 0
swap 27037696
pgpgin 891051
pgpgout 814789
pgfault 264046
pgmajfault 627
inactive_anon 131231744
active_anon 130625536
inactive_file 47030272
active_file 3477504
unevictable 4096
hierarchical_memory_limit 2147483648
hierarchical_memsw_limit 5368709120
total_cache 50515968
total_rss 261853184
total_rss_huge 0
total_mapped_file 7155712
total_writeback 0
total_swap 27037696
total_pgpgin 891051
total_pgpgout 814789
total_pgfault 264046
total_pgmajfault 627
total_inactive_anon 131231744
total_active_anon 130625536
total_inactive_file 47030272
total_active_file 3477504
total_unevictable 4096
--------------------BLKIO-----------------------
11:0 Read 0
11:0 Write 0
11:0 Sync 0
11:0 Async 0
11:0 Total 0
253:0 Read 2880880640
253:0 Write 30453760
253:0 Sync 200704
253:0 Async 2911133696
253:0 Total 2911334400
Total 2911334400
--------------------CPUAC-----------------------
user 10344
system 5714
 
Sun May 14 16:48:21 IST 2017
--------------------MEMCG-----------------------
MEM ONLY  : 301 MB
MEM+SWAP  : 327 MB
cache 54624256
rss 261853184
rss_huge 0
mapped_file 7155712
writeback 0
swap 27037696
pgpgin 892057
pgpgout 814792
pgfault 264049
pgmajfault 627
inactive_anon 131231744
active_anon 130625536
inactive_file 51036160
active_file 3551232
unevictable 4096
hierarchical_memory_limit 2147483648
hierarchical_memsw_limit 5368709120
total_cache 54624256
total_rss 261853184
total_rss_huge 0
total_mapped_file 7155712
total_writeback 0
total_swap 27037696
total_pgpgin 892057
total_pgpgout 814792
total_pgfault 264049
total_pgmajfault 627
total_inactive_anon 131231744
total_active_anon 130625536
total_inactive_file 51036160
total_active_file 3551232
total_unevictable 4096
--------------------BLKIO-----------------------
11:0 Read 0
11:0 Write 0
11:0 Sync 0
11:0 Async 0
11:0 Total 0
253:0 Read 2884169728
253:0 Write 30453760
253:0 Sync 200704
253:0 Async 2914422784
253:0 Total 2914623488
Total 2914623488
--------------------CPUAC-----------------------
user 10348
system 5718
 
Sun May 14 16:48:22 IST 2017
--------------------MEMCG-----------------------
MEM ONLY  : 305 MB
MEM+SWAP  : 331 MB
cache 58335232
rss 261853184
rss_huge 0
mapped_file 7155712
writeback 0
swap 27037696
pgpgin 892966
pgpgout 814795
pgfault 264052
pgmajfault 627
inactive_anon 131231744
active_anon 130625536
inactive_file 54505472
active_file 3821568
unevictable 4096
hierarchical_memory_limit 2147483648
hierarchical_memsw_limit 5368709120
total_cache 58335232
total_rss 261853184
total_rss_huge 0
total_mapped_file 7155712
total_writeback 0
total_swap 27037696
total_pgpgin 892966
total_pgpgout 814795
total_pgfault 264052
total_pgmajfault 627
total_inactive_anon 131231744
total_active_anon 130625536
total_inactive_file 54505472
total_active_file 3821568
total_unevictable 4096
--------------------BLKIO-----------------------
11:0 Read 0
11:0 Write 0
11:0 Sync 0
11:0 Async 0
11:0 Total 0
253:0 Read 2887249920
253:0 Write 30453760
253:0 Sync 200704
253:0 Async 2917502976
253:0 Total 2917703680
Total 2917703680
--------------------CPUAC-----------------------
user 10351
system 5720
 
Sun May 14 16:48:23 IST 2017
--------------------MEMCG-----------------------
MEM ONLY  : 308 MB
MEM+SWAP  : 334 MB
cache 61693952
rss 261853184
rss_huge 0
mapped_file 7155712
writeback 0
swap 27037696
pgpgin 893791
pgpgout 814800
pgfault 264055
pgmajfault 627
inactive_anon 131231744
active_anon 130625536
inactive_file 57659392
active_file 3985408
unevictable 4096
hierarchical_memory_limit 2147483648
hierarchical_memsw_limit 5368709120
total_cache 61693952
total_rss 261853184
total_rss_huge 0
total_mapped_file 7155712
total_writeback 0
total_swap 27037696
total_pgpgin 893791
total_pgpgout 814800
total_pgfault 264055
total_pgmajfault 627
total_inactive_anon 131231744
total_active_anon 130625536
total_inactive_file 57659392
total_active_file 3985408
total_unevictable 4096
--------------------BLKIO-----------------------
11:0 Read 0
11:0 Write 0
11:0 Sync 0
11:0 Async 0
11:0 Total 0
253:0 Read 2890002432
253:0 Write 30466048
253:0 Sync 200704
253:0 Async 2920267776
253:0 Total 2920468480
Total 2920468480
--------------------CPUAC-----------------------
user 10356
system 5722
 
Sun May 14 16:48:24 IST 2017
--------------------MEMCG-----------------------
MEM ONLY  : 312 MB
MEM+SWAP  : 338 MB
cache 65794048
rss 261853184
rss_huge 0
mapped_file 7155712
writeback 0
swap 27037696
pgpgin 894795
pgpgout 814803
pgfault 264058
pgmajfault 627
inactive_anon 131231744
active_anon 130625536
inactive_file 61509632
active_file 4231168
unevictable 4096
hierarchical_memory_limit 2147483648
hierarchical_memsw_limit 5368709120
total_cache 65794048
total_rss 261853184
total_rss_huge 0
total_mapped_file 7155712
total_writeback 0
total_swap 27037696
total_pgpgin 894795
total_pgpgout 814803
total_pgfault 264058
total_pgmajfault 627
total_inactive_anon 131231744
total_active_anon 130625536
total_inactive_file 61509632
total_active_file 4231168
total_unevictable 4096
--------------------BLKIO-----------------------
11:0 Read 0
11:0 Write 0
11:0 Sync 0
11:0 Async 0
11:0 Total 0
253:0 Read 2893185024
253:0 Write 30466048
253:0 Sync 200704
253:0 Async 2923450368
253:0 Total 2923651072
Total 2923651072
--------------------CPUAC-----------------------
user 10360
system 5724
 
Sun May 14 16:48:25 IST 2017
--------------------MEMCG-----------------------
MEM ONLY  : 316 MB
MEM+SWAP  : 341 MB
cache 69337088
rss 261853184
rss_huge 0
mapped_file 7155712
writeback 0
swap 27037696
pgpgin 895663
pgpgout 814806
pgfault 264061
pgmajfault 627
inactive_anon 131231744
active_anon 130625536
inactive_file 64733184
active_file 4571136
unevictable 4096
hierarchical_memory_limit 2147483648
hierarchical_memsw_limit 5368709120
total_cache 69337088
total_rss 261853184
total_rss_huge 0
total_mapped_file 7155712
total_writeback 0
total_swap 27037696
total_pgpgin 895663
total_pgpgout 814806
total_pgfault 264061
total_pgmajfault 627
total_inactive_anon 131231744
total_active_anon 130625536
total_inactive_file 64733184
total_active_file 4571136
total_unevictable 4096
--------------------BLKIO-----------------------
11:0 Read 0
11:0 Write 0
11:0 Sync 0
11:0 Async 0
11:0 Total 0
253:0 Read 2896039936
253:0 Write 30466048
253:0 Sync 200704
253:0 Async 2926305280
253:0 Total 2926505984
Total 2926505984
--------------------CPUAC-----------------------
user 10364
system 5727
 
Sun May 14 16:48:26 IST 2017
--------------------MEMCG-----------------------
MEM ONLY  : 319 MB
MEM+SWAP  : 345 MB
cache 73121792
rss 261853184
rss_huge 0
mapped_file 7155712
writeback 0
swap 27037696
pgpgin 896590
pgpgout 814809
pgfault 264064
pgmajfault 627
inactive_anon 131231744
active_anon 130625536
inactive_file 68161536
active_file 4947968
unevictable 4096
hierarchical_memory_limit 2147483648
hierarchical_memsw_limit 5368709120
total_cache 73121792
total_rss 261853184
total_rss_huge 0
total_mapped_file 7155712
total_writeback 0
total_swap 27037696
total_pgpgin 896590
total_pgpgout 814809
total_pgfault 264064
total_pgmajfault 627
total_inactive_anon 131231744
total_active_anon 130625536
total_inactive_file 68161536
total_active_file 4947968
total_unevictable 4096
--------------------BLKIO-----------------------
11:0 Read 0
11:0 Write 0
11:0 Sync 0
11:0 Async 0
11:0 Total 0
253:0 Read 2899279872
253:0 Write 30466048
253:0 Sync 200704
253:0 Async 2929545216
253:0 Total 2929745920
Total 2929745920
--------------------CPUAC-----------------------
user 10368
system 5730
 
Sun May 14 16:48:28 IST 2017
--------------------MEMCG-----------------------
MEM ONLY  : 323 MB
MEM+SWAP  : 349 MB
cache 77336576
rss 261853184
rss_huge 0
mapped_file 7155712
writeback 0
swap 27037696
pgpgin 897625
pgpgout 814815
pgfault 264070
pgmajfault 627
inactive_anon 131231744
active_anon 130625536
inactive_file 71962624
active_file 5365760
unevictable 4096
hierarchical_memory_limit 2147483648
hierarchical_memsw_limit 5368709120
total_cache 77336576
total_rss 261853184
total_rss_huge 0
total_mapped_file 7155712
total_writeback 0
total_swap 27037696
total_pgpgin 897625
total_pgpgout 814815
total_pgfault 264070
total_pgmajfault 627
total_inactive_anon 131231744
total_active_anon 130625536
total_inactive_file 71962624
total_active_file 5365760
total_unevictable 4096
--------------------BLKIO-----------------------
11:0 Read 0
11:0 Write 0
11:0 Sync 0
11:0 Async 0
11:0 Total 0
253:0 Read 2902548480
253:0 Write 30466048
253:0 Sync 200704
253:0 Async 2932813824
253:0 Total 2933014528
Total 2933014528
--------------------CPUAC-----------------------
user 10373
system 5730
 
Sun May 14 16:48:29 IST 2017
--------------------MEMCG-----------------------
MEM ONLY  : 327 MB
MEM+SWAP  : 352 MB
cache 81178624
rss 261853184
rss_huge 0
mapped_file 7155712
writeback 0
swap 27037696
pgpgin 898566
pgpgout 814818
pgfault 264073
pgmajfault 627
inactive_anon 131231744
active_anon 130625536
inactive_file 75444224
active_file 5726208
unevictable 4096
hierarchical_memory_limit 2147483648
hierarchical_memsw_limit 5368709120
total_cache 81178624
total_rss 261853184
total_rss_huge 0
total_mapped_file 7155712
total_writeback 0
total_swap 27037696
total_pgpgin 898566
total_pgpgout 814818
total_pgfault 264073
total_pgmajfault 627
total_inactive_anon 131231744
total_active_anon 130625536
total_inactive_file 75444224
total_active_file 5726208
total_unevictable 4096
--------------------BLKIO-----------------------
11:0 Read 0
11:0 Write 0
11:0 Sync 0
11:0 Async 0
11:0 Total 0
253:0 Read 2905591808
253:0 Write 30466048
253:0 Sync 200704
253:0 Async 2935857152
253:0 Total 2936057856
Total 2936057856
--------------------CPUAC-----------------------
user 10377
system 5736
 
Sun May 14 16:48:30 IST 2017
--------------------MEMCG-----------------------
MEM ONLY  : 330 MB
MEM+SWAP  : 356 MB
cache 84357120
rss 261853184
rss_huge 0
mapped_file 7155712
writeback 0
swap 27037696
pgpgin 899345
pgpgout 814821
pgfault 264076
pgmajfault 627
inactive_anon 131231744
active_anon 130625536
inactive_file 78348288
active_file 5971968
unevictable 4096
hierarchical_memory_limit 2147483648
hierarchical_memsw_limit 5368709120
total_cache 84357120
total_rss 261853184
total_rss_huge 0
total_mapped_file 7155712
total_writeback 0
total_swap 27037696
total_pgpgin 899345
total_pgpgout 814821
total_pgfault 264076
total_pgmajfault 627
total_inactive_anon 131231744
total_active_anon 130625536
total_inactive_file 78348288
total_active_file 5971968
total_unevictable 4096
--------------------BLKIO-----------------------
11:0 Read 0
11:0 Write 0
11:0 Sync 0
11:0 Async 0
11:0 Total 0
253:0 Read 2908225536
253:0 Write 30466048
253:0 Sync 200704
253:0 Async 2938490880
253:0 Total 2938691584
Total 2938691584
--------------------CPUAC-----------------------
user 10379
system 5737
 
Sun May 14 16:48:31 IST 2017
--------------------MEMCG-----------------------
MEM ONLY  : 333 MB
MEM+SWAP  : 359 MB
cache 88166400
rss 261853184
rss_huge 0
mapped_file 7155712
writeback 0
swap 27037696
pgpgin 900278
pgpgout 814824
pgfault 264079
pgmajfault 627
inactive_anon 131231744
active_anon 130625536
inactive_file 82001920
active_file 6144000
unevictable 4096
hierarchical_memory_limit 2147483648
hierarchical_memsw_limit 5368709120
total_cache 88166400
total_rss 261853184
total_rss_huge 0
total_mapped_file 7155712
total_writeback 0
total_swap 27037696
total_pgpgin 900278
total_pgpgout 814824
total_pgfault 264079
total_pgmajfault 627
total_inactive_anon 131231744
total_active_anon 130625536
total_inactive_file 82001920
total_active_file 6144000
total_unevictable 4096
--------------------BLKIO-----------------------
11:0 Read 0
11:0 Write 0
11:0 Sync 0
11:0 Async 0
11:0 Total 0
253:0 Read 2910973952
253:0 Write 30466048
253:0 Sync 200704
253:0 Async 2941239296
253:0 Total 2941440000
Total 2941440000
--------------------CPUAC-----------------------
user 10381
system 5738
 
Sun May 14 16:48:32 IST 2017
--------------------MEMCG-----------------------
MEM ONLY  : 337 MB
MEM+SWAP  : 363 MB
cache 92209152
rss 261853184
rss_huge 0
mapped_file 7155712
writeback 0
swap 27037696
pgpgin 901268
pgpgout 814827
pgfault 264082
pgmajfault 627
inactive_anon 131231744
active_anon 130625536
inactive_file 85704704
active_file 6438912
unevictable 4096
hierarchical_memory_limit 2147483648
hierarchical_memsw_limit 5368709120
total_cache 92209152
total_rss 261853184
total_rss_huge 0
total_mapped_file 7155712
total_writeback 0
total_swap 27037696
total_pgpgin 901268
total_pgpgout 814827
total_pgfault 264082
total_pgmajfault 627
total_inactive_anon 131231744
total_active_anon 130625536
total_inactive_file 85704704
total_active_file 6438912
total_unevictable 4096
--------------------BLKIO-----------------------
11:0 Read 0
11:0 Write 0
11:0 Sync 0
11:0 Async 0
11:0 Total 0
253:0 Read 2914099200
253:0 Write 30466048
253:0 Sync 200704
253:0 Async 2944364544
253:0 Total 2944565248
Total 2944565248
--------------------CPUAC-----------------------
user 10385
system 5741
 
Sun May 14 16:48:33 IST 2017
--------------------MEMCG-----------------------
MEM ONLY  : 341 MB
MEM+SWAP  : 367 MB
cache 96116736
rss 261853184
rss_huge 0
mapped_file 7155712
writeback 0
swap 27037696
pgpgin 902228
pgpgout 814833
pgfault 264085
pgmajfault 627
inactive_anon 131231744
active_anon 130625536
inactive_file 89288704
active_file 6819840
unevictable 4096
hierarchical_memory_limit 2147483648
hierarchical_memsw_limit 5368709120
total_cache 96116736
total_rss 261853184
total_rss_huge 0
total_mapped_file 7155712
total_writeback 0
total_swap 27037696
total_pgpgin 902228
total_pgpgout 814833
total_pgfault 264085
total_pgmajfault 627
total_inactive_anon 131231744
total_active_anon 130625536
total_inactive_file 89288704
total_active_file 6819840
total_unevictable 4096
--------------------BLKIO-----------------------
11:0 Read 0
11:0 Write 0
11:0 Sync 0
11:0 Async 0
11:0 Total 0
253:0 Read 2917060608
253:0 Write 30478336
253:0 Sync 200704
253:0 Async 2947338240
253:0 Total 2947538944
Total 2947538944
--------------------CPUAC-----------------------
user 10389
system 5744
 
Sun May 14 16:48:34 IST 2017
--------------------MEMCG-----------------------
MEM ONLY  : 345 MB
MEM+SWAP  : 370 MB
cache 100044800
rss 261853184
rss_huge 0
mapped_file 7155712
writeback 0
swap 27037696
pgpgin 903190
pgpgout 814836
pgfault 264088
pgmajfault 627
inactive_anon 131231744
active_anon 130625536
inactive_file 92864512
active_file 7172096
unevictable 4096
hierarchical_memory_limit 2147483648
hierarchical_memsw_limit 5368709120
total_cache 100044800
total_rss 261853184
total_rss_huge 0
total_mapped_file 7155712
total_writeback 0
total_swap 27037696
total_pgpgin 903190
total_pgpgout 814836
total_pgfault 264088
total_pgmajfault 627
total_inactive_anon 131231744
total_active_anon 130625536
total_inactive_file 92864512
total_active_file 7172096
total_unevictable 4096
--------------------BLKIO-----------------------
11:0 Read 0
11:0 Write 0
11:0 Sync 0
11:0 Async 0
11:0 Total 0
253:0 Read 2920013824
253:0 Write 30478336
253:0 Sync 200704
253:0 Async 2950291456
253:0 Total 2950492160
Total 2950492160
--------------------CPUAC-----------------------
user 10393
system 5747
 
Sun May 14 16:48:35 IST 2017
--------------------MEMCG-----------------------
MEM ONLY  : 348 MB
MEM+SWAP  : 374 MB
cache 103985152
rss 261853184
rss_huge 0
mapped_file 7155712
writeback 0
swap 27037696
pgpgin 904155
pgpgout 814839
pgfault 264091
pgmajfault 627
inactive_anon 131231744
active_anon 130625536
inactive_file 96604160
active_file 7344128
unevictable 4096
hierarchical_memory_limit 2147483648
hierarchical_memsw_limit 5368709120
total_cache 103985152
total_rss 261853184
total_rss_huge 0
total_mapped_file 7155712
total_writeback 0
total_swap 27037696
total_pgpgin 904155
total_pgpgout 814839
total_pgfault 264091
total_pgmajfault 627
total_inactive_anon 131231744
total_active_anon 130625536
total_inactive_file 96604160
total_active_file 7344128
total_unevictable 4096
--------------------BLKIO-----------------------
11:0 Read 0
11:0 Write 0
11:0 Sync 0
11:0 Async 0
11:0 Total 0
253:0 Read 2922926080
253:0 Write 30478336
253:0 Sync 200704
253:0 Async 2953203712
253:0 Total 2953404416
Total 2953404416
--------------------CPUAC-----------------------
user 10396
system 5750
 
Sun May 14 16:48:36 IST 2017
--------------------MEMCG-----------------------
MEM ONLY  : 352 MB
MEM+SWAP  : 378 MB
cache 107597824
rss 261853184
rss_huge 0
mapped_file 7155712
writeback 0
swap 27037696
pgpgin 905040
pgpgout 814842
pgfault 264094
pgmajfault 627
inactive_anon 131231744
active_anon 130625536
inactive_file 100016128
active_file 7548928
unevictable 4096
hierarchical_memory_limit 2147483648
hierarchical_memsw_limit 5368709120
total_cache 107597824
total_rss 261853184
total_rss_huge 0
total_mapped_file 7155712
total_writeback 0
total_swap 27037696
total_pgpgin 905040
total_pgpgout 814842
total_pgfault 264094
total_pgmajfault 627
total_inactive_anon 131231744
total_active_anon 130625536
total_inactive_file 100016128
total_active_file 7548928
total_unevictable 4096
--------------------BLKIO-----------------------
11:0 Read 0
11:0 Write 0
11:0 Sync 0
11:0 Async 0
11:0 Total 0
253:0 Read 2925592576
253:0 Write 30478336
253:0 Sync 200704
253:0 Async 2955870208
253:0 Total 2956070912
Total 2956070912
--------------------CPUAC-----------------------
user 10400
system 5752
 
Sun May 14 16:48:37 IST 2017
--------------------MEMCG-----------------------
MEM ONLY  : 356 MB
MEM+SWAP  : 382 MB
cache 111869952
rss 261853184
rss_huge 0
mapped_file 7155712
writeback 0
swap 27037696
pgpgin 906086
pgpgout 814845
pgfault 264097
pgmajfault 627
inactive_anon 131231744
active_anon 130625536
inactive_file 104148992
active_file 7684096
unevictable 4096
hierarchical_memory_limit 2147483648
hierarchical_memsw_limit 5368709120
total_cache 111869952
total_rss 261853184
total_rss_huge 0
total_mapped_file 7155712
total_writeback 0
total_swap 27037696
total_pgpgin 906086
total_pgpgout 814845
total_pgfault 264097
total_pgmajfault 627
total_inactive_anon 131231744
total_active_anon 130625536
total_inactive_file 104148992
total_active_file 7684096
total_unevictable 4096
--------------------BLKIO-----------------------
11:0 Read 0
11:0 Write 0
11:0 Sync 0
11:0 Async 0
11:0 Total 0
253:0 Read 2928631808
253:0 Write 30478336
253:0 Sync 200704
253:0 Async 2958909440
253:0 Total 2959110144
Total 2959110144
--------------------CPUAC-----------------------
user 10403
system 5756
 
Sun May 14 16:48:38 IST 2017
--------------------MEMCG-----------------------
MEM ONLY  : 360 MB
MEM+SWAP  : 386 MB
cache 116371456
rss 261853184
rss_huge 0
mapped_file 7155712
writeback 0
swap 27037696
pgpgin 907188
pgpgout 814848
pgfault 264100
pgmajfault 627
inactive_anon 131231744
active_anon 130625536
inactive_file 108527616
active_file 7835648
unevictable 4096
hierarchical_memory_limit 2147483648
hierarchical_memsw_limit 5368709120
total_cache 116371456
total_rss 261853184
total_rss_huge 0
total_mapped_file 7155712
total_writeback 0
total_swap 27037696
total_pgpgin 907188
total_pgpgout 814848
total_pgfault 264100
total_pgmajfault 627
total_inactive_anon 131231744
total_active_anon 130625536
total_inactive_file 108527616
total_active_file 7835648
total_unevictable 4096
--------------------BLKIO-----------------------
11:0 Read 0
11:0 Write 0
11:0 Sync 0
11:0 Async 0
11:0 Total 0
253:0 Read 2931929088
253:0 Write 30478336
253:0 Sync 200704
253:0 Async 2962206720
253:0 Total 2962407424
Total 2962407424
--------------------CPUAC-----------------------
user 10409
system 5760
 
Sun May 14 16:48:39 IST 2017
--------------------MEMCG-----------------------
MEM ONLY  : 364 MB
MEM+SWAP  : 389 MB
cache 120881152
rss 260993024
rss_huge 0
mapped_file 7155712
writeback 0
swap 27037696
pgpgin 908292
pgpgout 815061
pgfault 264103
pgmajfault 627
inactive_anon 131231744
active_anon 129765376
inactive_file 112824320
active_file 8048640
unevictable 4096
hierarchical_memory_limit 2147483648
hierarchical_memsw_limit 5368709120
total_cache 120881152
total_rss 260993024
total_rss_huge 0
total_mapped_file 7155712
total_writeback 0
total_swap 27037696
total_pgpgin 908292
total_pgpgout 815061
total_pgfault 264103
total_pgmajfault 627
total_inactive_anon 131231744
total_active_anon 129765376
total_inactive_file 112824320
total_active_file 8048640
total_unevictable 4096
--------------------BLKIO-----------------------
11:0 Read 0
11:0 Write 0
11:0 Sync 0
11:0 Async 0
11:0 Total 0
253:0 Read 2935234560
253:0 Write 30478336
253:0 Sync 200704
253:0 Async 2965512192
253:0 Total 2965712896
Total 2965712896
--------------------CPUAC-----------------------
user 10412
system 5764
 
Sun May 14 16:48:40 IST 2017
--------------------MEMCG-----------------------
MEM ONLY  : 367 MB
MEM+SWAP  : 393 MB
cache 124772352
rss 260993024
rss_huge 0
mapped_file 7155712
writeback 0
swap 27037696
pgpgin 909245
pgpgout 815064
pgfault 264106
pgmajfault 627
inactive_anon 131231744
active_anon 129765376
inactive_file 116658176
active_file 8105984
unevictable 4096
hierarchical_memory_limit 2147483648
hierarchical_memsw_limit 5368709120
total_cache 124772352
total_rss 260993024
total_rss_huge 0
total_mapped_file 7155712
total_writeback 0
total_swap 27037696
total_pgpgin 909245
total_pgpgout 815064
total_pgfault 264106
total_pgmajfault 627
total_inactive_anon 131231744
total_active_anon 129765376
total_inactive_file 116658176
total_active_file 8105984
total_unevictable 4096
--------------------BLKIO-----------------------
11:0 Read 0
11:0 Write 0
11:0 Sync 0
11:0 Async 0
11:0 Total 0
253:0 Read 2938241024
253:0 Write 30478336
253:0 Sync 200704
253:0 Async 2968518656
253:0 Total 2968719360
Total 2968719360
--------------------CPUAC-----------------------
user 10417
system 5767
 
Sun May 14 16:48:41 IST 2017
--------------------MEMCG-----------------------
MEM ONLY  : 371 MB
MEM+SWAP  : 397 MB
cache 128356352
rss 260993024
rss_huge 0
mapped_file 7155712
writeback 0
swap 27037696
pgpgin 910123
pgpgout 815067
pgfault 264109
pgmajfault 627
inactive_anon 131231744
active_anon 129765376
inactive_file 120115200
active_file 8212480
unevictable 4096
hierarchical_memory_limit 2147483648
hierarchical_memsw_limit 5368709120
total_cache 128356352
total_rss 260993024
total_rss_huge 0
total_mapped_file 7155712
total_writeback 0
total_swap 27037696
total_pgpgin 910123
total_pgpgout 815067
total_pgfault 264109
total_pgmajfault 627
total_inactive_anon 131231744
total_active_anon 129765376
total_inactive_file 120115200
total_active_file 8212480
total_unevictable 4096
--------------------BLKIO-----------------------
11:0 Read 0
11:0 Write 0
11:0 Sync 0
11:0 Async 0
11:0 Total 0
253:0 Read 2941091840
253:0 Write 30478336
253:0 Sync 200704
253:0 Async 2971369472
253:0 Total 2971570176
Total 2971570176
--------------------CPUAC-----------------------
user 10423
system 5770
 
Sun May 14 16:48:42 IST 2017
--------------------MEMCG-----------------------
MEM ONLY  : 375 MB
MEM+SWAP  : 401 MB
cache 132743168
rss 260993024
rss_huge 0
mapped_file 7155712
writeback 0
swap 27037696
pgpgin 911197
pgpgout 815070
pgfault 264112
pgmajfault 627
inactive_anon 131231744
active_anon 129765376
inactive_file 124436480
active_file 8257536
unevictable 4096
hierarchical_memory_limit 2147483648
hierarchical_memsw_limit 5368709120
total_cache 132743168
total_rss 260993024
total_rss_huge 0
total_mapped_file 7155712
total_writeback 0
total_swap 27037696
total_pgpgin 911197
total_pgpgout 815070
total_pgfault 264112
total_pgmajfault 627
total_inactive_anon 131231744
total_active_anon 129765376
total_inactive_file 124436480
total_active_file 8257536
total_unevictable 4096
--------------------BLKIO-----------------------
11:0 Read 0
11:0 Write 0
11:0 Sync 0
11:0 Async 0
11:0 Total 0
253:0 Read 2944217088
253:0 Write 30478336
253:0 Sync 200704
253:0 Async 2974494720
253:0 Total 2974695424
Total 2974695424
--------------------CPUAC-----------------------
user 10427
system 5772
 
Sun May 14 16:48:43 IST 2017
--------------------MEMCG-----------------------
MEM ONLY  : 379 MB
MEM+SWAP  : 405 MB
cache 137125888
rss 260993024
rss_huge 0
mapped_file 7155712
writeback 0
swap 27037696
pgpgin 912273
pgpgout 815076
pgfault 264115
pgmajfault 627
inactive_anon 131231744
active_anon 129765376
inactive_file 128704512
active_file 8376320
unevictable 4096
hierarchical_memory_limit 2147483648
hierarchical_memsw_limit 5368709120
total_cache 137125888
total_rss 260993024
total_rss_huge 0
total_mapped_file 7155712
total_writeback 0
total_swap 27037696
total_pgpgin 912273
total_pgpgout 815076
total_pgfault 264115
total_pgmajfault 627
total_inactive_anon 131231744
total_active_anon 129765376
total_inactive_file 128704512
total_active_file 8376320
total_unevictable 4096
--------------------BLKIO-----------------------
11:0 Read 0
11:0 Write 0
11:0 Sync 0
11:0 Async 0
11:0 Total 0
253:0 Read 2947436544
253:0 Write 30490624
253:0 Sync 200704
253:0 Async 2977726464
253:0 Total 2977927168
Total 2977927168
--------------------CPUAC-----------------------
user 10430
system 5777
 
Sun May 14 16:48:44 IST 2017
--------------------MEMCG-----------------------
MEM ONLY  : 383 MB
MEM+SWAP  : 409 MB
cache 141111296
rss 260993024
rss_huge 0
mapped_file 7155712
writeback 0
swap 27037696
pgpgin 913249
pgpgout 815079
pgfault 264118
pgmajfault 627
inactive_anon 131231744
active_anon 129765376
inactive_file 132575232
active_file 8470528
unevictable 4096
hierarchical_memory_limit 2147483648
hierarchical_memsw_limit 5368709120
total_cache 141111296
total_rss 260993024
total_rss_huge 0
total_mapped_file 7155712
total_writeback 0
total_swap 27037696
total_pgpgin 913249
total_pgpgout 815079
total_pgfault 264118
total_pgmajfault 627
total_inactive_anon 131231744
total_active_anon 129765376
total_inactive_file 132575232
total_active_file 8470528
total_unevictable 4096
--------------------BLKIO-----------------------
11:0 Read 0
11:0 Write 0
11:0 Sync 0
11:0 Async 0
11:0 Total 0
253:0 Read 2950533120
253:0 Write 30490624
253:0 Sync 200704
253:0 Async 2980823040
253:0 Total 2981023744
Total 2981023744
--------------------CPUAC-----------------------
user 10434
system 5779
 
Sun May 14 16:48:45 IST 2017
--------------------MEMCG-----------------------
MEM ONLY  : 387 MB
MEM+SWAP  : 413 MB
cache 145268736
rss 260993024
rss_huge 0
mapped_file 7155712
writeback 0
swap 27037696
pgpgin 914267
pgpgout 815082
pgfault 264121
pgmajfault 627
inactive_anon 131231744
active_anon 129765376
inactive_file 136597504
active_file 8663040
unevictable 4096
hierarchical_memory_limit 2147483648
hierarchical_memsw_limit 5368709120
total_cache 145268736
total_rss 260993024
total_rss_huge 0
total_mapped_file 7155712
total_writeback 0
total_swap 27037696
total_pgpgin 914267
total_pgpgout 815082
total_pgfault 264121
total_pgmajfault 627
total_inactive_anon 131231744
total_active_anon 129765376
total_inactive_file 136597504
total_active_file 8663040
total_unevictable 4096
--------------------BLKIO-----------------------
11:0 Read 0
11:0 Write 0
11:0 Sync 0
11:0 Async 0
11:0 Total 0
253:0 Read 2953715712
253:0 Write 30490624
253:0 Sync 200704
253:0 Async 2984005632
253:0 Total 2984206336
Total 2984206336
--------------------CPUAC-----------------------
user 10437
system 5782
 
Sun May 14 16:48:46 IST 2017
--------------------MEMCG-----------------------
MEM ONLY  : 391 MB
MEM+SWAP  : 417 MB
cache 149385216
rss 260993024
rss_huge 0
mapped_file 7155712
writeback 0
swap 27037696
pgpgin 915275
pgpgout 815085
pgfault 264124
pgmajfault 627
inactive_anon 131231744
active_anon 129765376
inactive_file 140513280
active_file 8863744
unevictable 4096
hierarchical_memory_limit 2147483648
hierarchical_memsw_limit 5368709120
total_cache 149385216
total_rss 260993024
total_rss_huge 0
total_mapped_file 7155712
total_writeback 0
total_swap 27037696
total_pgpgin 915275
total_pgpgout 815085
total_pgfault 264124
total_pgmajfault 627
total_inactive_anon 131231744
total_active_anon 129765376
total_inactive_file 140513280
total_active_file 8863744
total_unevictable 4096
--------------------BLKIO-----------------------
11:0 Read 0
11:0 Write 0
11:0 Sync 0
11:0 Async 0
11:0 Total 0
253:0 Read 2956771328
253:0 Write 30490624
253:0 Sync 200704
253:0 Async 2987061248
253:0 Total 2987261952
Total 2987261952
--------------------CPUAC-----------------------
user 10440
system 5786
 
Sun May 14 16:48:47 IST 2017
--------------------MEMCG-----------------------
MEM ONLY  : 395 MB
MEM+SWAP  : 421 MB
cache 153448448
rss 260993024
rss_huge 0
mapped_file 7155712
writeback 0
swap 27037696
pgpgin 916270
pgpgout 815088
pgfault 264127
pgmajfault 627
inactive_anon 131231744
active_anon 129765376
inactive_file 144433152
active_file 9007104
unevictable 4096
hierarchical_memory_limit 2147483648
hierarchical_memsw_limit 5368709120
total_cache 153448448
total_rss 260993024
total_rss_huge 0
total_mapped_file 7155712
total_writeback 0
total_swap 27037696
total_pgpgin 916270
total_pgpgout 815088
total_pgfault 264127
total_pgmajfault 627
total_inactive_anon 131231744
total_active_anon 129765376
total_inactive_file 144433152
total_active_file 9007104
total_unevictable 4096
--------------------BLKIO-----------------------
11:0 Read 0
11:0 Write 0
11:0 Sync 0
11:0 Async 0
11:0 Total 0
253:0 Read 2959749120
253:0 Write 30490624
253:0 Sync 200704
253:0 Async 2990039040
253:0 Total 2990239744
Total 2990239744
--------------------CPUAC-----------------------
user 10444
system 5787
 
Sun May 14 16:48:48 IST 2017
--------------------MEMCG-----------------------
MEM ONLY  : 399 MB
MEM+SWAP  : 425 MB
cache 157736960
rss 260993024
rss_huge 0
mapped_file 7155712
writeback 0
swap 27037696
pgpgin 917320
pgpgout 815091
pgfault 264130
pgmajfault 627
inactive_anon 131231744
active_anon 129765376
inactive_file 148619264
active_file 9093120
unevictable 4096
hierarchical_memory_limit 2147483648
hierarchical_memsw_limit 5368709120
total_cache 157736960
total_rss 260993024
total_rss_huge 0
total_mapped_file 7155712
total_writeback 0
total_swap 27037696
total_pgpgin 917320
total_pgpgout 815091
total_pgfault 264130
total_pgmajfault 627
total_inactive_anon 131231744
total_active_anon 129765376
total_inactive_file 148619264
total_active_file 9093120
total_unevictable 4096
--------------------BLKIO-----------------------
11:0 Read 0
11:0 Write 0
11:0 Sync 0
11:0 Async 0
11:0 Total 0
253:0 Read 2962845696
253:0 Write 30490624
253:0 Sync 200704
253:0 Async 2993135616
253:0 Total 2993336320
Total 2993336320
--------------------CPUAC-----------------------
user 10446
system 5790
 
Sun May 14 16:48:49 IST 2017
--------------------MEMCG-----------------------
MEM ONLY  : 403 MB
MEM+SWAP  : 428 MB
cache 161550336
rss 260993024
rss_huge 0
mapped_file 7155712
writeback 0
swap 27037696
pgpgin 918254
pgpgout 815094
pgfault 264133
pgmajfault 627
inactive_anon 131231744
active_anon 129765376
inactive_file 152227840
active_file 9265152
unevictable 4096
hierarchical_memory_limit 2147483648
hierarchical_memsw_limit 5368709120
total_cache 161550336
total_rss 260993024
total_rss_huge 0
total_mapped_file 7155712
total_writeback 0
total_swap 27037696
total_pgpgin 918254
total_pgpgout 815094
total_pgfault 264133
total_pgmajfault 627
total_inactive_anon 131231744
total_active_anon 129765376
total_inactive_file 152227840
total_active_file 9265152
total_unevictable 4096
--------------------BLKIO-----------------------
11:0 Read 0
11:0 Write 0
11:0 Sync 0
11:0 Async 0
11:0 Total 0
253:0 Read 2965798912
253:0 Write 30490624
253:0 Sync 200704
253:0 Async 2996088832
253:0 Total 2996289536
Total 2996289536
--------------------CPUAC-----------------------
user 10450
system 5791
 
Sun May 14 16:48:50 IST 2017
--------------------MEMCG-----------------------
MEM ONLY  : 406 MB
MEM+SWAP  : 432 MB
cache 165449728
rss 260993024
rss_huge 0
mapped_file 7155712
writeback 0
swap 27037696
pgpgin 919209
pgpgout 815097
pgfault 264136
pgmajfault 627
inactive_anon 131231744
active_anon 129765376
inactive_file 156098560
active_file 9322496
unevictable 4096
hierarchical_memory_limit 2147483648
hierarchical_memsw_limit 5368709120
total_cache 165449728
total_rss 260993024
total_rss_huge 0
total_mapped_file 7155712
total_writeback 0
total_swap 27037696
total_pgpgin 919209
total_pgpgout 815097
total_pgfault 264136
total_pgmajfault 627
total_inactive_anon 131231744
total_active_anon 129765376
total_inactive_file 156098560
total_active_file 9322496
total_unevictable 4096
--------------------BLKIO-----------------------
11:0 Read 0
11:0 Write 0
11:0 Sync 0
11:0 Async 0
11:0 Total 0
253:0 Read 2968838144
253:0 Write 30490624
253:0 Sync 200704
253:0 Async 2999128064
253:0 Total 2999328768
Total 2999328768
--------------------CPUAC-----------------------
user 10454
system 5794
 
Sun May 14 16:48:51 IST 2017
--------------------MEMCG-----------------------
MEM ONLY  : 410 MB
MEM+SWAP  : 436 MB
cache 169779200
rss 260993024
rss_huge 0
mapped_file 7155712
writeback 0
swap 27037696
pgpgin 920269
pgpgout 815100
pgfault 264139
pgmajfault 627
inactive_anon 131231744
active_anon 129765376
inactive_file 160223232
active_file 9531392
unevictable 4096
hierarchical_memory_limit 2147483648
hierarchical_memsw_limit 5368709120
total_cache 169779200
total_rss 260993024
total_rss_huge 0
total_mapped_file 7155712
total_writeback 0
total_swap 27037696
total_pgpgin 920269
total_pgpgout 815100
total_pgfault 264139
total_pgmajfault 627
total_inactive_anon 131231744
total_active_anon 129765376
total_inactive_file 160223232
total_active_file 9531392
total_unevictable 4096
--------------------BLKIO-----------------------
11:0 Read 0
11:0 Write 0
11:0 Sync 0
11:0 Async 0
11:0 Total 0
253:0 Read 2971992064
253:0 Write 30490624
253:0 Sync 200704
253:0 Async 3002281984
253:0 Total 3002482688
Total 3002482688
--------------------CPUAC-----------------------
user 10461
system 5799
 
Sun May 14 16:48:53 IST 2017
--------------------MEMCG-----------------------
MEM ONLY  : 415 MB
MEM+SWAP  : 440 MB
cache 174137344
rss 261050368
rss_huge 0
mapped_file 7155712
writeback 0
swap 27037696
pgpgin 921356
pgpgout 815109
pgfault 264159
pgmajfault 627
inactive_anon 131231744
active_anon 129822720
inactive_file 164380672
active_file 9703424
unevictable 4096
hierarchical_memory_limit 2147483648
hierarchical_memsw_limit 5368709120
total_cache 174137344
total_rss 261050368
total_rss_huge 0
total_mapped_file 7155712
total_writeback 0
total_swap 27037696
total_pgpgin 921356
total_pgpgout 815109
total_pgfault 264159
total_pgmajfault 627
total_inactive_anon 131231744
total_active_anon 129822720
total_inactive_file 164380672
total_active_file 9703424
total_unevictable 4096
--------------------BLKIO-----------------------
11:0 Read 0
11:0 Write 0
11:0 Sync 0
11:0 Async 0
11:0 Total 0
253:0 Read 2975289344
253:0 Write 30502912
253:0 Sync 200704
253:0 Async 3005591552
253:0 Total 3005792256
Total 3005792256
--------------------CPUAC-----------------------
user 10466
system 5806
 
Sun May 14 16:48:54 IST 2017
--------------------MEMCG-----------------------
MEM ONLY  : 419 MB
MEM+SWAP  : 444 MB
cache 178237440
rss 261050368
rss_huge 0
mapped_file 7155712
writeback 0
swap 27037696
pgpgin 922360
pgpgout 815112
pgfault 264162
pgmajfault 627
inactive_anon 131231744
active_anon 129822720
inactive_file 168382464
active_file 9846784
unevictable 4096
hierarchical_memory_limit 2147483648
hierarchical_memsw_limit 5368709120
total_cache 178237440
total_rss 261050368
total_rss_huge 0
total_mapped_file 7155712
total_writeback 0
total_swap 27037696
total_pgpgin 922360
total_pgpgout 815112
total_pgfault 264162
total_pgmajfault 627
total_inactive_anon 131231744
total_active_anon 129822720
total_inactive_file 168382464
total_active_file 9846784
total_unevictable 4096
--------------------BLKIO-----------------------
11:0 Read 0
11:0 Write 0
11:0 Sync 0
11:0 Async 0
11:0 Total 0
253:0 Read 2978271232
253:0 Write 30502912
253:0 Sync 200704
253:0 Async 3008573440
253:0 Total 3008774144
Total 3008774144
--------------------CPUAC-----------------------
user 10471
system 5809
 
Sun May 14 16:48:55 IST 2017
--------------------MEMCG-----------------------
MEM ONLY  : 422 MB
MEM+SWAP  : 448 MB
cache 181780480
rss 261050368
rss_huge 0
mapped_file 7155712
writeback 0
swap 27037696
pgpgin 923228
pgpgout 815115
pgfault 264165
pgmajfault 627
inactive_anon 131231744
active_anon 129822720
inactive_file 171753472
active_file 10018816
unevictable 4096
hierarchical_memory_limit 2147483648
hierarchical_memsw_limit 5368709120
total_cache 181780480
total_rss 261050368
total_rss_huge 0
total_mapped_file 7155712
total_writeback 0
total_swap 27037696
total_pgpgin 923228
total_pgpgout 815115
total_pgfault 264165
total_pgmajfault 627
total_inactive_anon 131231744
total_active_anon 129822720
total_inactive_file 171753472
total_active_file 10018816
total_unevictable 4096
--------------------BLKIO-----------------------
11:0 Read 0
11:0 Write 0
11:0 Sync 0
11:0 Async 0
11:0 Total 0
253:0 Read 2980937728
253:0 Write 30502912
253:0 Sync 200704
253:0 Async 3011239936
253:0 Total 3011440640
Total 3011440640
--------------------CPUAC-----------------------
user 10473
system 5811
 
Sun May 14 16:48:56 IST 2017
--------------------MEMCG-----------------------
MEM ONLY  : 423 MB
MEM+SWAP  : 449 MB
cache 183181312
rss 261054464
rss_huge 0
mapped_file 7155712
writeback 0
swap 27033600
pgpgin 923574
pgpgout 815118
pgfault 264170
pgmajfault 628
inactive_anon 131235840
active_anon 129822720
inactive_file 173125632
active_file 10047488
unevictable 4096
hierarchical_memory_limit 2147483648
hierarchical_memsw_limit 5368709120
total_cache 183181312
total_rss 261054464
total_rss_huge 0
total_mapped_file 7155712
total_writeback 0
total_swap 27033600
total_pgpgin 923574
total_pgpgout 815118
total_pgfault 264170
total_pgmajfault 628
total_inactive_anon 131235840
total_active_anon 129822720
total_inactive_file 173125632
total_active_file 10047488
total_unevictable 4096
--------------------BLKIO-----------------------
11:0 Read 0
11:0 Write 0
11:0 Sync 0
11:0 Async 0
11:0 Total 0
253:0 Read 2981855232
253:0 Write 30502912
253:0 Sync 200704
253:0 Async 3012157440
253:0 Total 3012358144
Total 3012358144
--------------------CPUAC-----------------------
user 10474
system 5812
 
