Sat May 20 12:21:29 IST 2017
--------------------MEMCG-----------------------
MEM ONLY  : 1531 MB
MEM+SWAP  : 1531 MB
cache 1512779776
rss 92893184
rss_huge 0
mapped_file 46379008
writeback 0
swap 0
pgpgin 13790087
pgpgout 13398077
pgfault 13126348
pgmajfault 302
inactive_anon 46596096
active_anon 46370816
inactive_file 735764480
active_file 776941568
unevictable 0
hierarchical_memory_limit 6442450944
hierarchical_memsw_limit 32212254720
total_cache 1512779776
total_rss 92893184
total_rss_huge 0
total_mapped_file 46379008
total_writeback 0
total_swap 0
total_pgpgin 13790087
total_pgpgout 13398077
total_pgfault 13126348
total_pgmajfault 302
total_inactive_anon 46596096
total_active_anon 46370816
total_inactive_file 735764480
total_active_file 776941568
total_unevictable 0
--------------------BLKIO-----------------------
11:0 Read 0
11:0 Write 0
11:0 Sync 0
11:0 Async 0
11:0 Total 0
253:0 Read 3258843136
253:0 Write 19791872
253:0 Sync 0
253:0 Async 3278635008
253:0 Total 3278635008
Total 3278635008
--------------------CPUAC-----------------------
user 6342
system 40726
 
Sat May 20 12:21:59 IST 2017
--------------------MEMCG-----------------------
MEM ONLY  : 1567 MB
MEM+SWAP  : 1567 MB
cache 1551003648
rss 92893184
rss_huge 0
mapped_file 46379008
writeback 0
swap 0
pgpgin 13835846
pgpgout 13434504
pgfault 13139991
pgmajfault 302
inactive_anon 46596096
active_anon 46370816
inactive_file 775663616
active_file 775241728
unevictable 0
hierarchical_memory_limit 6442450944
hierarchical_memsw_limit 32212254720
total_cache 1551003648
total_rss 92893184
total_rss_huge 0
total_mapped_file 46379008
total_writeback 0
total_swap 0
total_pgpgin 13835846
total_pgpgout 13434504
total_pgfault 13139991
total_pgmajfault 302
total_inactive_anon 46596096
total_active_anon 46370816
total_inactive_file 775663616
total_active_file 775241728
total_unevictable 0
--------------------BLKIO-----------------------
11:0 Read 0
11:0 Write 0
11:0 Sync 0
11:0 Async 0
11:0 Total 0
253:0 Read 3390898176
253:0 Write 32333824
253:0 Sync 0
253:0 Async 3423232000
253:0 Total 3423232000
Total 3423232000
--------------------CPUAC-----------------------
user 6348
system 40769
 
Sat May 20 12:22:29 IST 2017
--------------------MEMCG-----------------------
MEM ONLY  : 1599 MB
MEM+SWAP  : 1599 MB
cache 1584214016
rss 92893184
rss_huge 0
mapped_file 46379008
writeback 0
swap 0
pgpgin 13878939
pgpgout 13469489
pgfault 13153107
pgmajfault 302
inactive_anon 46596096
active_anon 46370816
inactive_file 792301568
active_file 791838720
unevictable 0
hierarchical_memory_limit 6442450944
hierarchical_memsw_limit 32212254720
total_cache 1584214016
total_rss 92893184
total_rss_huge 0
total_mapped_file 46379008
total_writeback 0
total_swap 0
total_pgpgin 13878939
total_pgpgout 13469489
total_pgfault 13153107
total_pgmajfault 302
total_inactive_anon 46596096
total_active_anon 46370816
total_inactive_file 792301568
total_active_file 791838720
total_unevictable 0
--------------------BLKIO-----------------------
11:0 Read 0
11:0 Write 0
11:0 Sync 0
11:0 Async 0
11:0 Total 0
253:0 Read 3516469248
253:0 Write 44494848
253:0 Sync 0
253:0 Async 3560964096
253:0 Total 3560964096
Total 3560964096
--------------------CPUAC-----------------------
user 6353
system 40812
 
Sat May 20 12:22:59 IST 2017
--------------------MEMCG-----------------------
MEM ONLY  : 1632 MB
MEM+SWAP  : 1632 MB
cache 1618849792
rss 92893184
rss_huge 0
mapped_file 46379008
writeback 0
swap 0
pgpgin 13923016
pgpgout 13505110
pgfault 13167794
pgmajfault 302
inactive_anon 46596096
active_anon 46370816
inactive_file 809705472
active_file 809033728
unevictable 0
hierarchical_memory_limit 6442450944
hierarchical_memsw_limit 32212254720
total_cache 1618849792
total_rss 92893184
total_rss_huge 0
total_mapped_file 46379008
total_writeback 0
total_swap 0
total_pgpgin 13923016
total_pgpgout 13505110
total_pgfault 13167794
total_pgmajfault 302
total_inactive_anon 46596096
total_active_anon 46370816
total_inactive_file 809705472
total_active_file 809033728
total_unevictable 0
--------------------BLKIO-----------------------
11:0 Read 0
11:0 Write 0
11:0 Sync 0
11:0 Async 0
11:0 Total 0
253:0 Read 3642114048
253:0 Write 56487936
253:0 Sync 0
253:0 Async 3698601984
253:0 Total 3698601984
Total 3698601984
--------------------CPUAC-----------------------
user 6360
system 40861
 
Sat May 20 12:23:29 IST 2017
--------------------MEMCG-----------------------
MEM ONLY  : 1669 MB
MEM+SWAP  : 1669 MB
cache 1657843712
rss 92893184
rss_huge 0
mapped_file 46379008
writeback 90112
swap 0
pgpgin 13967991
pgpgout 13540565
pgfault 13182907
pgmajfault 302
inactive_anon 46596096
active_anon 46370816
inactive_file 829132800
active_file 828637184
unevictable 0
hierarchical_memory_limit 6442450944
hierarchical_memsw_limit 32212254720
total_cache 1657843712
total_rss 92893184
total_rss_huge 0
total_mapped_file 46379008
total_writeback 90112
total_swap 0
total_pgpgin 13967991
total_pgpgout 13540565
total_pgfault 13182907
total_pgmajfault 302
total_inactive_anon 46596096
total_active_anon 46370816
total_inactive_file 829132800
total_active_file 828637184
total_unevictable 0
--------------------BLKIO-----------------------
11:0 Read 0
11:0 Write 0
11:0 Sync 0
11:0 Async 0
11:0 Total 0
253:0 Read 3770998784
253:0 Write 69767168
253:0 Sync 0
253:0 Async 3840765952
253:0 Total 3840765952
Total 3840765952
--------------------CPUAC-----------------------
user 6367
system 40901
 
Sat May 20 12:23:59 IST 2017
--------------------MEMCG-----------------------
MEM ONLY  : 1698 MB
MEM+SWAP  : 1698 MB
cache 1688342528
rss 92893184
rss_huge 0
mapped_file 46379008
writeback 53248
swap 4096
pgpgin 14014606
pgpgout 13579734
pgfault 13198691
pgmajfault 302
inactive_anon 46592000
active_anon 46370816
inactive_file 844005376
active_file 844234752
unevictable 0
hierarchical_memory_limit 6442450944
hierarchical_memsw_limit 32212254720
total_cache 1688342528
total_rss 92893184
total_rss_huge 0
total_mapped_file 46379008
total_writeback 53248
total_swap 4096
total_pgpgin 14014606
total_pgpgout 13579734
total_pgfault 13198691
total_pgmajfault 302
total_inactive_anon 46592000
total_active_anon 46370816
total_inactive_file 844005376
total_active_file 844234752
total_unevictable 0
--------------------BLKIO-----------------------
11:0 Read 0
11:0 Write 0
11:0 Sync 0
11:0 Async 0
11:0 Total 0
253:0 Read 3901534208
253:0 Write 82415616
253:0 Sync 0
253:0 Async 3983949824
253:0 Total 3983949824
Total 3983949824
--------------------CPUAC-----------------------
user 6373
system 40946
 
Sat May 20 12:24:29 IST 2017
--------------------MEMCG-----------------------
MEM ONLY  : 1733 MB
MEM+SWAP  : 1733 MB
cache 1724674048
rss 92893184
rss_huge 0
mapped_file 46379008
writeback 0
swap 8192
pgpgin 14060968
pgpgout 13617226
pgfault 13214548
pgmajfault 302
inactive_anon 46587904
active_anon 46370816
inactive_file 862044160
active_file 862560256
unevictable 0
hierarchical_memory_limit 6442450944
hierarchical_memsw_limit 32212254720
total_cache 1724674048
total_rss 92893184
total_rss_huge 0
total_mapped_file 46379008
total_writeback 0
total_swap 8192
total_pgpgin 14060968
total_pgpgout 13617226
total_pgfault 13214548
total_pgmajfault 302
total_inactive_anon 46587904
total_active_anon 46370816
total_inactive_file 862044160
total_active_file 862560256
total_unevictable 0
--------------------BLKIO-----------------------
11:0 Read 0
11:0 Write 0
11:0 Sync 0
11:0 Async 0
11:0 Total 0
253:0 Read 4030574592
253:0 Write 97239040
253:0 Sync 0
253:0 Async 4127813632
253:0 Total 4127813632
Total 4127813632
--------------------CPUAC-----------------------
user 6379
system 40991
 
Sat May 20 12:24:59 IST 2017
--------------------MEMCG-----------------------
MEM ONLY  : 1763 MB
MEM+SWAP  : 1763 MB
cache 1755779072
rss 92893184
rss_huge 0
mapped_file 46379008
writeback 0
swap 8192
pgpgin 14108096
pgpgout 13656760
pgfault 13231346
pgmajfault 302
inactive_anon 46587904
active_anon 46370816
inactive_file 877191168
active_file 878522368
unevictable 0
hierarchical_memory_limit 6442450944
hierarchical_memsw_limit 32212254720
total_cache 1755779072
total_rss 92893184
total_rss_huge 0
total_mapped_file 46379008
total_writeback 0
total_swap 8192
total_pgpgin 14108096
total_pgpgout 13656760
total_pgfault 13231346
total_pgmajfault 302
total_inactive_anon 46587904
total_active_anon 46370816
total_inactive_file 877191168
total_active_file 878522368
total_unevictable 0
--------------------BLKIO-----------------------
11:0 Read 0
11:0 Write 0
11:0 Sync 0
11:0 Async 0
11:0 Total 0
253:0 Read 4157480960
253:0 Write 111886336
253:0 Sync 0
253:0 Async 4269367296
253:0 Total 4269367296
Total 4269367296
--------------------CPUAC-----------------------
user 6386
system 41036
 
Sat May 20 12:25:29 IST 2017
--------------------MEMCG-----------------------
MEM ONLY  : 1797 MB
MEM+SWAP  : 1797 MB
cache 1791762432
rss 92893184
rss_huge 0
mapped_file 40759296
writeback 258048
swap 20480
pgpgin 14158320
pgpgout 13698199
pgfault 13249048
pgmajfault 302
inactive_anon 46575616
active_anon 46370816
inactive_file 895647744
active_file 896061440
unevictable 0
hierarchical_memory_limit 6442450944
hierarchical_memsw_limit 32212254720
total_cache 1791762432
total_rss 92893184
total_rss_huge 0
total_mapped_file 40759296
total_writeback 258048
total_swap 20480
total_pgpgin 14158320
total_pgpgout 13698199
total_pgfault 13249048
total_pgmajfault 302
total_inactive_anon 46575616
total_active_anon 46370816
total_inactive_file 895647744
total_active_file 896061440
total_unevictable 0
--------------------BLKIO-----------------------
11:0 Read 0
11:0 Write 0
11:0 Sync 0
11:0 Async 0
11:0 Total 0
253:0 Read 4282494976
253:0 Write 126451712
253:0 Sync 0
253:0 Async 4408946688
253:0 Total 4408946688
Total 4408946688
--------------------CPUAC-----------------------
user 6392
system 41086
 
Sat May 20 12:25:59 IST 2017
--------------------MEMCG-----------------------
MEM ONLY  : 1838 MB
MEM+SWAP  : 1838 MB
cache 1835397120
rss 92893184
rss_huge 0
mapped_file 40759296
writeback 225280
swap 24576
pgpgin 14212010
pgpgout 13741236
pgfault 13267251
pgmajfault 302
inactive_anon 46571520
active_anon 46370816
inactive_file 917741568
active_file 917606400
unevictable 0
hierarchical_memory_limit 6442450944
hierarchical_memsw_limit 32212254720
total_cache 1835397120
total_rss 92893184
total_rss_huge 0
total_mapped_file 40759296
total_writeback 225280
total_swap 24576
total_pgpgin 14212010
total_pgpgout 13741236
total_pgfault 13267251
total_pgmajfault 302
total_inactive_anon 46571520
total_active_anon 46370816
total_inactive_file 917741568
total_active_file 917606400
total_unevictable 0
--------------------BLKIO-----------------------
11:0 Read 0
11:0 Write 0
11:0 Sync 0
11:0 Async 0
11:0 Total 0
253:0 Read 4407533568
253:0 Write 143966208
253:0 Sync 0
253:0 Async 4551499776
253:0 Total 4551499776
Total 4551499776
--------------------CPUAC-----------------------
user 6398
system 41130
 
Sat May 20 12:26:29 IST 2017
--------------------MEMCG-----------------------
MEM ONLY  : 1877 MB
MEM+SWAP  : 1877 MB
cache 1875828736
rss 92893184
rss_huge 0
mapped_file 40759296
writeback 0
swap 28672
pgpgin 14265681
pgpgout 13785036
pgfault 13286489
pgmajfault 302
inactive_anon 46698496
active_anon 46239744
inactive_file 937611264
active_file 938135552
unevictable 0
hierarchical_memory_limit 6442450944
hierarchical_memsw_limit 32212254720
total_cache 1875828736
total_rss 92893184
total_rss_huge 0
total_mapped_file 40759296
total_writeback 0
total_swap 28672
total_pgpgin 14265681
total_pgpgout 13785036
total_pgfault 13286489
total_pgmajfault 302
total_inactive_anon 46698496
total_active_anon 46239744
total_inactive_file 937611264
total_active_file 938135552
total_unevictable 0
--------------------BLKIO-----------------------
11:0 Read 0
11:0 Write 0
11:0 Sync 0
11:0 Async 0
11:0 Total 0
253:0 Read 4530483200
253:0 Write 161587200
253:0 Sync 0
253:0 Async 4692070400
253:0 Total 4692070400
Total 4692070400
--------------------CPUAC-----------------------
user 6404
system 41176
 
Sat May 20 12:26:59 IST 2017
--------------------MEMCG-----------------------
MEM ONLY  : 1915 MB
MEM+SWAP  : 1915 MB
cache 1915174912
rss 92893184
rss_huge 0
mapped_file 20807680
writeback 0
swap 32768
pgpgin 14319348
pgpgout 13829097
pgfault 13306186
pgmajfault 302
inactive_anon 46694400
active_anon 46239744
inactive_file 957644800
active_file 957460480
unevictable 0
hierarchical_memory_limit 6442450944
hierarchical_memsw_limit 32212254720
total_cache 1915174912
total_rss 92893184
total_rss_huge 0
total_mapped_file 20807680
total_writeback 0
total_swap 32768
total_pgpgin 14319348
total_pgpgout 13829097
total_pgfault 13306186
total_pgmajfault 302
total_inactive_anon 46694400
total_active_anon 46239744
total_inactive_file 957644800
total_active_file 957460480
total_unevictable 0
--------------------BLKIO-----------------------
11:0 Read 0
11:0 Write 0
11:0 Sync 0
11:0 Async 0
11:0 Total 0
253:0 Read 4646629376
253:0 Write 181174272
253:0 Sync 0
253:0 Async 4827803648
253:0 Total 4827803648
Total 4827803648
--------------------CPUAC-----------------------
user 6408
system 41225
 
Sat May 20 12:27:29 IST 2017
--------------------MEMCG-----------------------
MEM ONLY  : 1953 MB
MEM+SWAP  : 1953 MB
cache 1955102720
rss 92889088
rss_huge 0
mapped_file 12566528
writeback 0
swap 40960
pgpgin 14374432
pgpgout 13874434
pgfault 13326016
pgmajfault 302
inactive_anon 46686208
active_anon 46239744
inactive_file 977416192
active_file 977649664
unevictable 0
hierarchical_memory_limit 6442450944
hierarchical_memsw_limit 32212254720
total_cache 1955102720
total_rss 92889088
total_rss_huge 0
total_mapped_file 12566528
total_writeback 0
total_swap 40960
total_pgpgin 14374432
total_pgpgout 13874434
total_pgfault 13326016
total_pgmajfault 302
total_inactive_anon 46686208
total_active_anon 46239744
total_inactive_file 977416192
total_active_file 977649664
total_unevictable 0
--------------------BLKIO-----------------------
11:0 Read 0
11:0 Write 0
11:0 Sync 0
11:0 Async 0
11:0 Total 0
253:0 Read 4770537472
253:0 Write 202444800
253:0 Sync 0
253:0 Async 4972982272
253:0 Total 4972982272
Total 4972982272
--------------------CPUAC-----------------------
user 6418
system 41278
 
Sat May 20 12:27:59 IST 2017
--------------------MEMCG-----------------------
MEM ONLY  : 1988 MB
MEM+SWAP  : 1988 MB
cache 1992212480
rss 92884992
rss_huge 0
mapped_file 12566528
writeback 0
swap 45056
pgpgin 14425068
pgpgout 13916011
pgfault 13345000
pgmajfault 302
inactive_anon 46682112
active_anon 46239744
inactive_file 995782656
active_file 996392960
unevictable 0
hierarchical_memory_limit 6442450944
hierarchical_memsw_limit 32212254720
total_cache 1992212480
total_rss 92884992
total_rss_huge 0
total_mapped_file 12566528
total_writeback 0
total_swap 45056
total_pgpgin 14425068
total_pgpgout 13916011
total_pgfault 13345000
total_pgmajfault 302
total_inactive_anon 46682112
total_active_anon 46239744
total_inactive_file 995782656
total_active_file 996392960
total_unevictable 0
--------------------BLKIO-----------------------
11:0 Read 0
11:0 Write 0
11:0 Sync 0
11:0 Async 0
11:0 Total 0
253:0 Read 4885417984
253:0 Write 222470144
253:0 Sync 0
253:0 Async 5107888128
253:0 Total 5107888128
Total 5107888128
--------------------CPUAC-----------------------
user 6427
system 41325
 
Sat May 20 12:28:29 IST 2017
--------------------MEMCG-----------------------
MEM ONLY  : 2022 MB
MEM+SWAP  : 2022 MB
cache 2028195840
rss 92884992
rss_huge 0
mapped_file 12324864
writeback 0
swap 49152
pgpgin 14477435
pgpgout 13959593
pgfault 13365170
pgmajfault 302
inactive_anon 46678016
active_anon 46239744
inactive_file 1012441088
active_file 1015721984
unevictable 0
hierarchical_memory_limit 6442450944
hierarchical_memsw_limit 32212254720
total_cache 2028195840
total_rss 92884992
total_rss_huge 0
total_mapped_file 12324864
total_writeback 0
total_swap 49152
total_pgpgin 14477435
total_pgpgout 13959593
total_pgfault 13365170
total_pgmajfault 302
total_inactive_anon 46678016
total_active_anon 46239744
total_inactive_file 1012441088
total_active_file 1015721984
total_unevictable 0
--------------------BLKIO-----------------------
11:0 Read 0
11:0 Write 0
11:0 Sync 0
11:0 Async 0
11:0 Total 0
253:0 Read 5008252928
253:0 Write 243150848
253:0 Sync 0
253:0 Async 5251403776
253:0 Total 5251403776
Total 5251403776
--------------------CPUAC-----------------------
user 6438
system 41379
 
Sat May 20 12:28:59 IST 2017
--------------------MEMCG-----------------------
MEM ONLY  : 2055 MB
MEM+SWAP  : 2055 MB
cache 2062245888
rss 92880896
rss_huge 0
mapped_file 12324864
writeback 0
swap 53248
pgpgin 14531255
pgpgout 14005101
pgfault 13386929
pgmajfault 302
inactive_anon 46673920
active_anon 46239744
inactive_file 1029767168
active_file 1032445952
unevictable 0
hierarchical_memory_limit 6442450944
hierarchical_memsw_limit 32212254720
total_cache 2062245888
total_rss 92880896
total_rss_huge 0
total_mapped_file 12324864
total_writeback 0
total_swap 53248
total_pgpgin 14531255
total_pgpgout 14005101
total_pgfault 13386929
total_pgmajfault 302
total_inactive_anon 46673920
total_active_anon 46239744
total_inactive_file 1029767168
total_active_file 1032445952
total_unevictable 0
--------------------BLKIO-----------------------
11:0 Read 0
11:0 Write 0
11:0 Sync 0
11:0 Async 0
11:0 Total 0
253:0 Read 5129445376
253:0 Write 264962048
253:0 Sync 0
253:0 Async 5394407424
253:0 Total 5394407424
Total 5394407424
--------------------CPUAC-----------------------
user 6446
system 41434
 
Sat May 20 12:29:29 IST 2017
--------------------MEMCG-----------------------
MEM ONLY  : 2088 MB
MEM+SWAP  : 2088 MB
cache 2097311744
rss 92872704
rss_huge 0
mapped_file 12312576
writeback 0
swap 61440
pgpgin 14584562
pgpgout 14049849
pgfault 13409331
pgmajfault 302
inactive_anon 46665728
active_anon 46239744
inactive_file 1045811200
active_file 1051467776
unevictable 0
hierarchical_memory_limit 6442450944
hierarchical_memsw_limit 32212254720
total_cache 2097311744
total_rss 92872704
total_rss_huge 0
total_mapped_file 12312576
total_writeback 0
total_swap 61440
total_pgpgin 14584562
total_pgpgout 14049849
total_pgfault 13409331
total_pgmajfault 302
total_inactive_anon 46665728
total_active_anon 46239744
total_inactive_file 1045811200
total_active_file 1051467776
total_unevictable 0
--------------------BLKIO-----------------------
11:0 Read 0
11:0 Write 0
11:0 Sync 0
11:0 Async 0
11:0 Total 0
253:0 Read 5247131648
253:0 Write 286941184
253:0 Sync 0
253:0 Async 5534072832
253:0 Total 5534072832
Total 5534072832
--------------------CPUAC-----------------------
user 6454
system 41490
 
Sat May 20 12:29:59 IST 2017
--------------------MEMCG-----------------------
MEM ONLY  : 2124 MB
MEM+SWAP  : 2124 MB
cache 2134626304
rss 92844032
rss_huge 0
mapped_file 12296192
writeback 0
swap 90112
pgpgin 14640688
pgpgout 14096872
pgfault 13433802
pgmajfault 302
inactive_anon 46637056
active_anon 46239744
inactive_file 1049100288
active_file 1085493248
unevictable 0
hierarchical_memory_limit 6442450944
hierarchical_memsw_limit 32212254720
total_cache 2134626304
total_rss 92844032
total_rss_huge 0
total_mapped_file 12296192
total_writeback 0
total_swap 90112
total_pgpgin 14640688
total_pgpgout 14096872
total_pgfault 13433802
total_pgmajfault 302
total_inactive_anon 46637056
total_active_anon 46239744
total_inactive_file 1049100288
total_active_file 1085493248
total_unevictable 0
--------------------BLKIO-----------------------
11:0 Read 0
11:0 Write 0
11:0 Sync 0
11:0 Async 0
11:0 Total 0
253:0 Read 5363224576
253:0 Write 309329920
253:0 Sync 0
253:0 Async 5672554496
253:0 Total 5672554496
Total 5672554496
--------------------CPUAC-----------------------
user 6461
system 41548
 
Sat May 20 12:30:29 IST 2017
--------------------MEMCG-----------------------
MEM ONLY  : 2158 MB
MEM+SWAP  : 2158 MB
cache 2170560512
rss 92758016
rss_huge 0
mapped_file 12296192
writeback 344064
swap 176128
pgpgin 14697435
pgpgout 14144867
pgfault 13459897
pgmajfault 302
inactive_anon 46551040
active_anon 46239744
inactive_file 1045946368
active_file 1124548608
unevictable 0
hierarchical_memory_limit 6442450944
hierarchical_memsw_limit 32212254720
total_cache 2170560512
total_rss 92758016
total_rss_huge 0
total_mapped_file 12296192
total_writeback 344064
total_swap 176128
total_pgpgin 14697435
total_pgpgout 14144867
total_pgfault 13459897
total_pgmajfault 302
total_inactive_anon 46551040
total_active_anon 46239744
total_inactive_file 1045946368
total_active_file 1124548608
total_unevictable 0
--------------------BLKIO-----------------------
11:0 Read 0
11:0 Write 0
11:0 Sync 0
11:0 Async 0
11:0 Total 0
253:0 Read 5476110336
253:0 Write 333385728
253:0 Sync 0
253:0 Async 5809496064
253:0 Total 5809496064
Total 5809496064
--------------------CPUAC-----------------------
user 6471
system 41608
 
Sat May 20 12:30:59 IST 2017
--------------------MEMCG-----------------------
MEM ONLY  : 2194 MB
MEM+SWAP  : 2195 MB
cache 2208776192
rss 92672000
rss_huge 0
mapped_file 10051584
writeback 0
swap 262144
pgpgin 14758708
pgpgout 14196831
pgfault 13489511
pgmajfault 302
inactive_anon 46465024
active_anon 46239744
inactive_file 1031938048
active_file 1176772608
unevictable 0
hierarchical_memory_limit 6442450944
hierarchical_memsw_limit 32212254720
total_cache 2208776192
total_rss 92672000
total_rss_huge 0
total_mapped_file 10051584
total_writeback 0
total_swap 262144
total_pgpgin 14758708
total_pgpgout 14196831
total_pgfault 13489511
total_pgmajfault 302
total_inactive_anon 46465024
total_active_anon 46239744
total_inactive_file 1031938048
total_active_file 1176772608
total_unevictable 0
--------------------BLKIO-----------------------
11:0 Read 0
11:0 Write 0
11:0 Sync 0
11:0 Async 0
11:0 Total 0
253:0 Read 5590917120
253:0 Write 356302848
253:0 Sync 0
253:0 Async 5947219968
253:0 Total 5947219968
Total 5947219968
--------------------CPUAC-----------------------
user 6482
system 41675
 
