Sat May 20 03:41:58 IST 2017
--------------------MEMCG-----------------------
MEM ONLY  : 132 MB
MEM+SWAP  : 132 MB
cache 79060992
rss 59215872
rss_huge 0
mapped_file 36749312
writeback 0
swap 0
pgpgin 130214
pgpgout 96455
pgfault 189085
pgmajfault 487
inactive_anon 45056
active_anon 59240448
inactive_file 64520192
active_file 14467072
unevictable 4096
hierarchical_memory_limit 6442450944
hierarchical_memsw_limit 32212254720
total_cache 79060992
total_rss 59215872
total_rss_huge 0
total_mapped_file 36749312
total_writeback 0
total_swap 0
total_pgpgin 130214
total_pgpgout 96455
total_pgfault 189085
total_pgmajfault 487
total_inactive_anon 45056
total_active_anon 59240448
total_inactive_file 64520192
total_active_file 14467072
total_unevictable 4096
--------------------BLKIO-----------------------
11:0 Read 0
11:0 Write 0
11:0 Sync 0
11:0 Async 0
11:0 Total 0
253:0 Read 78835712
253:0 Write 307200
253:0 Sync 61440
253:0 Async 79081472
253:0 Total 79142912
Total 79142912
--------------------CPUAC-----------------------
user 61
system 109
 
Sat May 20 03:42:28 IST 2017
--------------------MEMCG-----------------------
MEM ONLY  : 288 MB
MEM+SWAP  : 288 MB
cache 159490048
rss 142774272
rss_huge 0
mapped_file 36610048
writeback 0
swap 0
pgpgin 170419
pgpgout 96623
pgfault 209682
pgmajfault 487
inactive_anon 45056
active_anon 142786560
inactive_file 144928768
active_file 14487552
unevictable 4096
hierarchical_memory_limit 6442450944
hierarchical_memsw_limit 32212254720
total_cache 159494144
total_rss 142774272
total_rss_huge 0
total_mapped_file 36610048
total_writeback 0
total_swap 0
total_pgpgin 170420
total_pgpgout 96623
total_pgfault 209682
total_pgmajfault 487
total_inactive_anon 45056
total_active_anon 142786560
total_inactive_file 144928768
total_active_file 14487552
total_unevictable 4096
--------------------BLKIO-----------------------
11:0 Read 0
11:0 Write 0
11:0 Sync 0
11:0 Async 0
11:0 Total 0
253:0 Read 159272960
253:0 Write 442368
253:0 Sync 159744
253:0 Async 159555584
253:0 Total 159715328
Total 159715328
--------------------CPUAC-----------------------
user 86
system 135
 
Sat May 20 03:42:58 IST 2017
--------------------MEMCG-----------------------
MEM ONLY  : 450 MB
MEM+SWAP  : 450 MB
cache 243490816
rss 228462592
rss_huge 0
mapped_file 36610048
writeback 0
swap 0
pgpgin 211945
pgpgout 96722
pgfault 230722
pgmajfault 487
inactive_anon 45056
active_anon 228487168
inactive_file 228929536
active_file 14487552
unevictable 4096
hierarchical_memory_limit 6442450944
hierarchical_memsw_limit 32212254720
total_cache 243490816
total_rss 228462592
total_rss_huge 0
total_mapped_file 36610048
total_writeback 0
total_swap 0
total_pgpgin 211945
total_pgpgout 96722
total_pgfault 230722
total_pgmajfault 487
total_inactive_anon 45056
total_active_anon 228487168
total_inactive_file 228929536
total_active_file 14487552
total_unevictable 4096
--------------------BLKIO-----------------------
11:0 Read 0
11:0 Write 0
11:0 Sync 0
11:0 Async 0
11:0 Total 0
253:0 Read 243240960
253:0 Write 483328
253:0 Sync 159744
253:0 Async 243564544
253:0 Total 243724288
Total 243724288
--------------------CPUAC-----------------------
user 120
system 164
 
Sat May 20 03:43:28 IST 2017
--------------------MEMCG-----------------------
MEM ONLY  : 558 MB
MEM+SWAP  : 558 MB
cache 329318400
rss 256012288
rss_huge 0
mapped_file 36610048
writeback 0
swap 0
pgpgin 239728
pgpgout 96825
pgfault 237549
pgmajfault 487
inactive_anon 45056
active_anon 256036864
inactive_file 308412416
active_file 20832256
unevictable 4096
hierarchical_memory_limit 6442450944
hierarchical_memsw_limit 32212254720
total_cache 329318400
total_rss 256012288
total_rss_huge 0
total_mapped_file 36610048
total_writeback 0
total_swap 0
total_pgpgin 239728
total_pgpgout 96825
total_pgfault 237549
total_pgmajfault 487
total_inactive_anon 45056
total_active_anon 256036864
total_inactive_file 308412416
total_active_file 20832256
total_unevictable 4096
--------------------BLKIO-----------------------
11:0 Read 0
11:0 Write 0
11:0 Sync 0
11:0 Async 0
11:0 Total 0
253:0 Read 329068544
253:0 Write 569344
253:0 Sync 196608
253:0 Async 329441280
253:0 Total 329637888
Total 329637888
--------------------CPUAC-----------------------
user 158
system 190
 
Sat May 20 03:43:58 IST 2017
--------------------MEMCG-----------------------
MEM ONLY  : 642 MB
MEM+SWAP  : 642 MB
cache 416022528
rss 257814528
rss_huge 0
mapped_file 36610048
writeback 0
swap 0
pgpgin 261499
pgpgout 96988
pgfault 238138
pgmajfault 487
inactive_anon 45056
active_anon 257839104
inactive_file 388005888
active_file 27922432
unevictable 4096
hierarchical_memory_limit 6442450944
hierarchical_memsw_limit 32212254720
total_cache 416022528
total_rss 257814528
total_rss_huge 0
total_mapped_file 36610048
total_writeback 0
total_swap 0
total_pgpgin 261499
total_pgpgout 96988
total_pgfault 238138
total_pgmajfault 487
total_inactive_anon 45056
total_active_anon 257839104
total_inactive_file 388005888
total_active_file 27922432
total_unevictable 4096
--------------------BLKIO-----------------------
11:0 Read 0
11:0 Write 0
11:0 Sync 0
11:0 Async 0
11:0 Total 0
253:0 Read 415760384
253:0 Write 630784
253:0 Sync 196608
253:0 Async 416194560
253:0 Total 416391168
Total 416391168
--------------------CPUAC-----------------------
user 196
system 214
 
Sat May 20 03:44:28 IST 2017
--------------------MEMCG-----------------------
MEM ONLY  : 728 MB
MEM+SWAP  : 728 MB
cache 505962496
rss 258031616
rss_huge 0
mapped_file 36610048
writeback 0
swap 0
pgpgin 283615
pgpgout 97093
pgfault 238281
pgmajfault 487
inactive_anon 45056
active_anon 258056192
inactive_file 469708800
active_file 36179968
unevictable 4096
hierarchical_memory_limit 6442450944
hierarchical_memsw_limit 32212254720
total_cache 505962496
total_rss 258031616
total_rss_huge 0
total_mapped_file 36610048
total_writeback 0
total_swap 0
total_pgpgin 283615
total_pgpgout 97093
total_pgfault 238281
total_pgmajfault 487
total_inactive_anon 45056
total_active_anon 258056192
total_inactive_file 469708800
total_active_file 36179968
total_unevictable 4096
--------------------BLKIO-----------------------
11:0 Read 0
11:0 Write 0
11:0 Sync 0
11:0 Async 0
11:0 Total 0
253:0 Read 505696256
253:0 Write 696320
253:0 Sync 196608
253:0 Async 506195968
253:0 Total 506392576
Total 506392576
--------------------CPUAC-----------------------
user 236
system 238
 
Sat May 20 03:44:59 IST 2017
--------------------MEMCG-----------------------
MEM ONLY  : 814 MB
MEM+SWAP  : 814 MB
cache 595726336
rss 258064384
rss_huge 0
mapped_file 36610048
writeback 0
swap 0
pgpgin 305649
pgpgout 97204
pgfault 238382
pgmajfault 487
inactive_anon 45056
active_anon 258088960
inactive_file 548499456
active_file 47153152
unevictable 4096
hierarchical_memory_limit 6442450944
hierarchical_memsw_limit 32212254720
total_cache 595726336
total_rss 258064384
total_rss_huge 0
total_mapped_file 36610048
total_writeback 0
total_swap 0
total_pgpgin 305649
total_pgpgout 97204
total_pgfault 238382
total_pgmajfault 487
total_inactive_anon 45056
total_active_anon 258088960
total_inactive_file 548499456
total_active_file 47153152
total_unevictable 4096
--------------------BLKIO-----------------------
11:0 Read 0
11:0 Write 0
11:0 Sync 0
11:0 Async 0
11:0 Total 0
253:0 Read 595460096
253:0 Write 770048
253:0 Sync 196608
253:0 Async 596033536
253:0 Total 596230144
Total 596230144
--------------------CPUAC-----------------------
user 283
system 266
 
Sat May 20 03:45:29 IST 2017
--------------------MEMCG-----------------------
MEM ONLY  : 903 MB
MEM+SWAP  : 903 MB
cache 688607232
rss 258211840
rss_huge 0
mapped_file 36610048
writeback 0
swap 0
pgpgin 328470
pgpgout 97313
pgfault 238509
pgmajfault 487
inactive_anon 45056
active_anon 258236416
inactive_file 625852416
active_file 62681088
unevictable 4096
hierarchical_memory_limit 6442450944
hierarchical_memsw_limit 32212254720
total_cache 688607232
total_rss 258211840
total_rss_huge 0
total_mapped_file 36610048
total_writeback 0
total_swap 0
total_pgpgin 328470
total_pgpgout 97313
total_pgfault 238509
total_pgmajfault 487
total_inactive_anon 45056
total_active_anon 258236416
total_inactive_file 625852416
total_active_file 62681088
total_unevictable 4096
--------------------BLKIO-----------------------
11:0 Read 0
11:0 Write 0
11:0 Sync 0
11:0 Async 0
11:0 Total 0
253:0 Read 688332800
253:0 Write 851968
253:0 Sync 196608
253:0 Async 688988160
253:0 Total 689184768
Total 689184768
--------------------CPUAC-----------------------
user 326
system 298
 
Sat May 20 03:45:59 IST 2017
--------------------MEMCG-----------------------
MEM ONLY  : 991 MB
MEM+SWAP  : 991 MB
cache 781070336
rss 258113536
rss_huge 0
mapped_file 36610048
writeback 0
swap 0
pgpgin 351176
pgpgout 97469
pgfault 238620
pgmajfault 487
inactive_anon 45056
active_anon 258138112
inactive_file 698789888
active_file 82198528
unevictable 4096
hierarchical_memory_limit 6442450944
hierarchical_memsw_limit 32212254720
total_cache 781070336
total_rss 258113536
total_rss_huge 0
total_mapped_file 36610048
total_writeback 0
total_swap 0
total_pgpgin 351176
total_pgpgout 97469
total_pgfault 238620
total_pgmajfault 487
total_inactive_anon 45056
total_active_anon 258138112
total_inactive_file 698789888
total_active_file 82198528
total_unevictable 4096
--------------------BLKIO-----------------------
11:0 Read 0
11:0 Write 0
11:0 Sync 0
11:0 Async 0
11:0 Total 0
253:0 Read 780795904
253:0 Write 937984
253:0 Sync 196608
253:0 Async 781537280
253:0 Total 781733888
Total 781733888
--------------------CPUAC-----------------------
user 363
system 327
 
Sat May 20 03:46:29 IST 2017
--------------------MEMCG-----------------------
MEM ONLY  : 1085 MB
MEM+SWAP  : 1085 MB
cache 879902720
rss 257982464
rss_huge 0
mapped_file 36610048
writeback 0
swap 0
pgpgin 375477
pgpgout 97673
pgfault 238769
pgmajfault 487
inactive_anon 45056
active_anon 258007040
inactive_file 774230016
active_file 105598976
unevictable 4096
hierarchical_memory_limit 6442450944
hierarchical_memsw_limit 32212254720
total_cache 879902720
total_rss 257982464
total_rss_huge 0
total_mapped_file 36610048
total_writeback 0
total_swap 0
total_pgpgin 375477
total_pgpgout 97673
total_pgfault 238769
total_pgmajfault 487
total_inactive_anon 45056
total_active_anon 258007040
total_inactive_file 774230016
total_active_file 105598976
total_unevictable 4096
--------------------BLKIO-----------------------
11:0 Read 0
11:0 Write 0
11:0 Sync 0
11:0 Async 0
11:0 Total 0
253:0 Read 879624192
253:0 Write 1003520
253:0 Sync 196608
253:0 Async 880431104
253:0 Total 880627712
Total 880627712
--------------------CPUAC-----------------------
user 411
system 362
 
Sat May 20 03:46:59 IST 2017
--------------------MEMCG-----------------------
MEM ONLY  : 1182 MB
MEM+SWAP  : 1182 MB
cache 982335488
rss 257761280
rss_huge 0
mapped_file 36610048
writeback 0
swap 0
pgpgin 400584
pgpgout 97826
pgfault 238863
pgmajfault 487
inactive_anon 45056
active_anon 257785856
inactive_file 849399808
active_file 132861952
unevictable 4096
hierarchical_memory_limit 6442450944
hierarchical_memsw_limit 32212254720
total_cache 982335488
total_rss 257761280
total_rss_huge 0
total_mapped_file 36610048
total_writeback 0
total_swap 0
total_pgpgin 400584
total_pgpgout 97826
total_pgfault 238863
total_pgmajfault 487
total_inactive_anon 45056
total_active_anon 257785856
total_inactive_file 849399808
total_active_file 132861952
total_unevictable 4096
--------------------BLKIO-----------------------
11:0 Read 0
11:0 Write 0
11:0 Sync 0
11:0 Async 0
11:0 Total 0
253:0 Read 982073344
253:0 Write 1028096
253:0 Sync 196608
253:0 Async 982904832
253:0 Total 983101440
Total 983101440
--------------------CPUAC-----------------------
user 461
system 394
 
Sat May 20 03:47:29 IST 2017
--------------------MEMCG-----------------------
MEM ONLY  : 1284 MB
MEM+SWAP  : 1284 MB
cache 1089495040
rss 257806336
rss_huge 0
mapped_file 36610048
writeback 0
swap 0
pgpgin 426856
pgpgout 97925
pgfault 238964
pgmajfault 487
inactive_anon 45056
active_anon 257830912
inactive_file 922820608
active_file 166600704
unevictable 4096
hierarchical_memory_limit 6442450944
hierarchical_memsw_limit 32212254720
total_cache 1089495040
total_rss 257806336
total_rss_huge 0
total_mapped_file 36610048
total_writeback 0
total_swap 0
total_pgpgin 426856
total_pgpgout 97925
total_pgfault 238964
total_pgmajfault 487
total_inactive_anon 45056
total_active_anon 257830912
total_inactive_file 922820608
total_active_file 166600704
total_unevictable 4096
--------------------BLKIO-----------------------
11:0 Read 0
11:0 Write 0
11:0 Sync 0
11:0 Async 0
11:0 Total 0
253:0 Read 1089200128
253:0 Write 1069056
253:0 Sync 196608
253:0 Async 1090072576
253:0 Total 1090269184
Total 1090269184
--------------------CPUAC-----------------------
user 523
system 423
 
Sat May 20 03:47:59 IST 2017
--------------------MEMCG-----------------------
MEM ONLY  : 1391 MB
MEM+SWAP  : 1391 MB
cache 1201238016
rss 257798144
rss_huge 0
mapped_file 36610048
writeback 0
swap 0
pgpgin 454252
pgpgout 98042
pgfault 239067
pgmajfault 487
inactive_anon 45056
active_anon 257822720
inactive_file 997675008
active_file 203460608
unevictable 4096
hierarchical_memory_limit 6442450944
hierarchical_memsw_limit 32212254720
total_cache 1201238016
total_rss 257798144
total_rss_huge 0
total_mapped_file 36610048
total_writeback 0
total_swap 0
total_pgpgin 454252
total_pgpgout 98042
total_pgfault 239067
total_pgmajfault 487
total_inactive_anon 45056
total_active_anon 257822720
total_inactive_file 997675008
total_active_file 203460608
total_unevictable 4096
--------------------BLKIO-----------------------
11:0 Read 0
11:0 Write 0
11:0 Sync 0
11:0 Async 0
11:0 Total 0
253:0 Read 1200943104
253:0 Write 1118208
253:0 Sync 196608
253:0 Async 1201864704
253:0 Total 1202061312
Total 1202061312
--------------------CPUAC-----------------------
user 579
system 450
 
Sat May 20 03:48:29 IST 2017
--------------------MEMCG-----------------------
MEM ONLY  : 1503 MB
MEM+SWAP  : 1503 MB
cache 1318797312
rss 257810432
rss_huge 0
mapped_file 36610048
writeback 0
swap 0
pgpgin 483059
pgpgout 98145
pgfault 239160
pgmajfault 487
inactive_anon 45056
active_anon 257835008
inactive_file 1066491904
active_file 252186624
unevictable 4096
hierarchical_memory_limit 6442450944
hierarchical_memsw_limit 32212254720
total_cache 1318797312
total_rss 257810432
total_rss_huge 0
total_mapped_file 36610048
total_writeback 0
total_swap 0
total_pgpgin 483059
total_pgpgout 98145
total_pgfault 239160
total_pgmajfault 487
total_inactive_anon 45056
total_active_anon 257835008
total_inactive_file 1066491904
total_active_file 252186624
total_unevictable 4096
--------------------BLKIO-----------------------
11:0 Read 0
11:0 Write 0
11:0 Sync 0
11:0 Async 0
11:0 Total 0
253:0 Read 1318498304
253:0 Write 1175552
253:0 Sync 196608
253:0 Async 1319477248
253:0 Total 1319673856
Total 1319673856
--------------------CPUAC-----------------------
user 641
system 483
 
Sat May 20 03:48:59 IST 2017
--------------------MEMCG-----------------------
MEM ONLY  : 1618 MB
MEM+SWAP  : 1618 MB
cache 1439088640
rss 257925120
rss_huge 0
mapped_file 36610048
writeback 0
swap 0
pgpgin 512560
pgpgout 98250
pgfault 239278
pgmajfault 487
inactive_anon 45056
active_anon 257949696
inactive_file 1130729472
active_file 308256768
unevictable 4096
hierarchical_memory_limit 6442450944
hierarchical_memsw_limit 32212254720
total_cache 1439088640
total_rss 257925120
total_rss_huge 0
total_mapped_file 36610048
total_writeback 0
total_swap 0
total_pgpgin 512560
total_pgpgout 98250
total_pgfault 239278
total_pgmajfault 487
total_inactive_anon 45056
total_active_anon 257949696
total_inactive_file 1130729472
total_active_file 308256768
total_unevictable 4096
--------------------BLKIO-----------------------
11:0 Read 0
11:0 Write 0
11:0 Sync 0
11:0 Async 0
11:0 Total 0
253:0 Read 1438789632
253:0 Write 1236992
253:0 Sync 196608
253:0 Async 1439830016
253:0 Total 1440026624
Total 1440026624
--------------------CPUAC-----------------------
user 703
system 518
 
Sat May 20 03:49:29 IST 2017
--------------------MEMCG-----------------------
MEM ONLY  : 1736 MB
MEM+SWAP  : 1736 MB
cache 1562583040
rss 257953792
rss_huge 0
mapped_file 36610048
writeback 0
swap 0
pgpgin 542824
pgpgout 98357
pgfault 239375
pgmajfault 487
inactive_anon 45056
active_anon 257978368
inactive_file 1187954688
active_file 374554624
unevictable 4096
hierarchical_memory_limit 6442450944
hierarchical_memsw_limit 32212254720
total_cache 1562583040
total_rss 257953792
total_rss_huge 0
total_mapped_file 36610048
total_writeback 0
total_swap 0
total_pgpgin 542824
total_pgpgout 98357
total_pgfault 239375
total_pgmajfault 487
total_inactive_anon 45056
total_active_anon 257978368
total_inactive_file 1187954688
total_active_file 374554624
total_unevictable 4096
--------------------BLKIO-----------------------
11:0 Read 0
11:0 Write 0
11:0 Sync 0
11:0 Async 0
11:0 Total 0
253:0 Read 1562279936
253:0 Write 1310720
253:0 Sync 196608
253:0 Async 1563394048
253:0 Total 1563590656
Total 1563590656
--------------------CPUAC-----------------------
user 768
system 557
 
Sat May 20 03:49:59 IST 2017
--------------------MEMCG-----------------------
MEM ONLY  : 1858 MB
MEM+SWAP  : 1858 MB
cache 1690783744
rss 258121728
rss_huge 0
mapped_file 36610048
writeback 0
swap 0
pgpgin 574437
pgpgout 98630
pgfault 239670
pgmajfault 487
inactive_anon 45056
active_anon 258146304
inactive_file 1240477696
active_file 450207744
unevictable 4096
hierarchical_memory_limit 6442450944
hierarchical_memsw_limit 32212254720
total_cache 1690783744
total_rss 258121728
total_rss_huge 0
total_mapped_file 36610048
total_writeback 0
total_swap 0
total_pgpgin 574437
total_pgpgout 98630
total_pgfault 239670
total_pgmajfault 487
total_inactive_anon 45056
total_active_anon 258146304
total_inactive_file 1240477696
total_active_file 450207744
total_unevictable 4096
--------------------BLKIO-----------------------
11:0 Read 0
11:0 Write 0
11:0 Sync 0
11:0 Async 0
11:0 Total 0
253:0 Read 1690476544
253:0 Write 1392640
253:0 Sync 196608
253:0 Async 1691672576
253:0 Total 1691869184
Total 1691869184
--------------------CPUAC-----------------------
user 833
system 604
 
Sat May 20 03:50:29 IST 2017
--------------------MEMCG-----------------------
MEM ONLY  : 1984 MB
MEM+SWAP  : 1984 MB
cache 1822859264
rss 257511424
rss_huge 0
mapped_file 36610048
writeback 0
swap 0
pgpgin 606856
pgpgout 98953
pgfault 239823
pgmajfault 487
inactive_anon 45056
active_anon 257536000
inactive_file 1280114688
active_file 542670848
unevictable 4096
hierarchical_memory_limit 6442450944
hierarchical_memsw_limit 32212254720
total_cache 1822859264
total_rss 257511424
total_rss_huge 0
total_mapped_file 36610048
total_writeback 0
total_swap 0
total_pgpgin 606856
total_pgpgout 98953
total_pgfault 239823
total_pgmajfault 487
total_inactive_anon 45056
total_active_anon 257536000
total_inactive_file 1280114688
total_active_file 542670848
total_unevictable 4096
--------------------BLKIO-----------------------
11:0 Read 0
11:0 Write 0
11:0 Sync 0
11:0 Async 0
11:0 Total 0
253:0 Read 1822552064
253:0 Write 1478656
253:0 Sync 196608
253:0 Async 1823834112
253:0 Total 1824030720
Total 1824030720
--------------------CPUAC-----------------------
user 909
system 656
 
Sat May 20 03:50:59 IST 2017
--------------------MEMCG-----------------------
MEM ONLY  : 2110 MB
MEM+SWAP  : 2110 MB
cache 1954697216
rss 258031616
rss_huge 0
mapped_file 36610048
writeback 0
swap 0
pgpgin 639509
pgpgout 99292
pgfault 240268
pgmajfault 487
inactive_anon 45056
active_anon 258056192
inactive_file 1292967936
active_file 661655552
unevictable 4096
hierarchical_memory_limit 6442450944
hierarchical_memsw_limit 32212254720
total_cache 1954697216
total_rss 258031616
total_rss_huge 0
total_mapped_file 36610048
total_writeback 0
total_swap 0
total_pgpgin 639509
total_pgpgout 99292
total_pgfault 240268
total_pgmajfault 487
total_inactive_anon 45056
total_active_anon 258056192
total_inactive_file 1292967936
total_active_file 661655552
total_unevictable 4096
--------------------BLKIO-----------------------
11:0 Read 0
11:0 Write 0
11:0 Sync 0
11:0 Async 0
11:0 Total 0
253:0 Read 1954385920
253:0 Write 1576960
253:0 Sync 196608
253:0 Async 1955766272
253:0 Total 1955962880
Total 1955962880
--------------------CPUAC-----------------------
user 1004
system 708
 
Sat May 20 03:51:29 IST 2017
--------------------MEMCG-----------------------
MEM ONLY  : 2239 MB
MEM+SWAP  : 2239 MB
cache 2089992192
rss 258007040
rss_huge 0
mapped_file 36610048
writeback 0
swap 0
pgpgin 672897
pgpgout 99655
pgfault 240601
pgmajfault 487
inactive_anon 45056
active_anon 258031616
inactive_file 1286967296
active_file 802938880
unevictable 4096
hierarchical_memory_limit 6442450944
hierarchical_memsw_limit 32212254720
total_cache 2089992192
total_rss 258007040
total_rss_huge 0
total_mapped_file 36610048
total_writeback 0
total_swap 0
total_pgpgin 672897
total_pgpgout 99655
total_pgfault 240601
total_pgmajfault 487
total_inactive_anon 45056
total_active_anon 258031616
total_inactive_file 1286967296
total_active_file 802938880
total_unevictable 4096
--------------------BLKIO-----------------------
11:0 Read 0
11:0 Write 0
11:0 Sync 0
11:0 Async 0
11:0 Total 0
253:0 Read 2089672704
253:0 Write 1646592
253:0 Sync 196608
253:0 Async 2091122688
253:0 Total 2091319296
Total 2091319296
--------------------CPUAC-----------------------
user 1109
system 763
 
Sat May 20 03:51:59 IST 2017
--------------------MEMCG-----------------------
MEM ONLY  : 2330 MB
MEM+SWAP  : 2330 MB
cache 2184130560
rss 259518464
rss_huge 0
mapped_file 37384192
writeback 0
swap 0
pgpgin 696426
pgpgout 99832
pgfault 241167
pgmajfault 498
inactive_anon 45056
active_anon 259543040
inactive_file 1255149568
active_file 928907264
unevictable 4096
hierarchical_memory_limit 6442450944
hierarchical_memsw_limit 32212254720
total_cache 2184130560
total_rss 259518464
total_rss_huge 0
total_mapped_file 37384192
total_writeback 0
total_swap 0
total_pgpgin 696426
total_pgpgout 99832
total_pgfault 241167
total_pgmajfault 498
total_inactive_anon 45056
total_active_anon 259543040
total_inactive_file 1255149568
total_active_file 928907264
total_unevictable 4096
--------------------BLKIO-----------------------
11:0 Read 0
11:0 Write 0
11:0 Sync 0
11:0 Async 0
11:0 Total 0
253:0 Read 2183798784
253:0 Write 1671168
253:0 Sync 196608
253:0 Async 2185273344
253:0 Total 2185469952
Total 2185469952
--------------------CPUAC-----------------------
user 1197
system 820
 
Sat May 20 03:52:29 IST 2017
--------------------MEMCG-----------------------
MEM ONLY  : 2330 MB
MEM+SWAP  : 2330 MB
cache 2184130560
rss 259538944
rss_huge 0
mapped_file 37384192
writeback 0
swap 0
pgpgin 696530
pgpgout 99931
pgfault 241262
pgmajfault 498
inactive_anon 45056
active_anon 259563520
inactive_file 1255149568
active_file 928907264
unevictable 4096
hierarchical_memory_limit 6442450944
hierarchical_memsw_limit 32212254720
total_cache 2184130560
total_rss 259538944
total_rss_huge 0
total_mapped_file 37384192
total_writeback 0
total_swap 0
total_pgpgin 696530
total_pgpgout 99931
total_pgfault 241262
total_pgmajfault 498
total_inactive_anon 45056
total_active_anon 259563520
total_inactive_file 1255149568
total_active_file 928907264
total_unevictable 4096
--------------------BLKIO-----------------------
11:0 Read 0
11:0 Write 0
11:0 Sync 0
11:0 Async 0
11:0 Total 0
253:0 Read 2183798784
253:0 Write 1708032
253:0 Sync 196608
253:0 Async 2185310208
253:0 Total 2185506816
Total 2185506816
--------------------CPUAC-----------------------
user 1200
system 822
 
Sat May 20 03:52:59 IST 2017
--------------------MEMCG-----------------------
MEM ONLY  : 2330 MB
MEM+SWAP  : 2330 MB
cache 2184130560
rss 259538944
rss_huge 0
mapped_file 37384192
writeback 0
swap 0
pgpgin 696629
pgpgout 100030
pgfault 241352
pgmajfault 498
inactive_anon 45056
active_anon 259563520
inactive_file 1255149568
active_file 928907264
unevictable 4096
hierarchical_memory_limit 6442450944
hierarchical_memsw_limit 32212254720
total_cache 2184130560
total_rss 259538944
total_rss_huge 0
total_mapped_file 37384192
total_writeback 0
total_swap 0
total_pgpgin 696629
total_pgpgout 100030
total_pgfault 241352
total_pgmajfault 498
total_inactive_anon 45056
total_active_anon 259563520
total_inactive_file 1255149568
total_active_file 928907264
total_unevictable 4096
--------------------BLKIO-----------------------
11:0 Read 0
11:0 Write 0
11:0 Sync 0
11:0 Async 0
11:0 Total 0
253:0 Read 2183798784
253:0 Write 1744896
253:0 Sync 196608
253:0 Async 2185347072
253:0 Total 2185543680
Total 2185543680
--------------------CPUAC-----------------------
user 1203
system 823
 
Sat May 20 03:53:29 IST 2017
--------------------MEMCG-----------------------
MEM ONLY  : 2330 MB
MEM+SWAP  : 2330 MB
cache 2184130560
rss 259551232
rss_huge 0
mapped_file 37384192
writeback 0
swap 0
pgpgin 696731
pgpgout 100129
pgfault 241445
pgmajfault 498
inactive_anon 45056
active_anon 259575808
inactive_file 1255149568
active_file 928907264
unevictable 4096
hierarchical_memory_limit 6442450944
hierarchical_memsw_limit 32212254720
total_cache 2184130560
total_rss 259551232
total_rss_huge 0
total_mapped_file 37384192
total_writeback 0
total_swap 0
total_pgpgin 696731
total_pgpgout 100129
total_pgfault 241445
total_pgmajfault 498
total_inactive_anon 45056
total_active_anon 259575808
total_inactive_file 1255149568
total_active_file 928907264
total_unevictable 4096
--------------------BLKIO-----------------------
11:0 Read 0
11:0 Write 0
11:0 Sync 0
11:0 Async 0
11:0 Total 0
253:0 Read 2183798784
253:0 Write 1781760
253:0 Sync 196608
253:0 Async 2185383936
253:0 Total 2185580544
Total 2185580544
--------------------CPUAC-----------------------
user 1205
system 826
 
Sat May 20 03:53:59 IST 2017
--------------------MEMCG-----------------------
MEM ONLY  : 2330 MB
MEM+SWAP  : 2330 MB
cache 2184130560
rss 259555328
rss_huge 0
mapped_file 37384192
writeback 0
swap 0
pgpgin 696831
pgpgout 100228
pgfault 241536
pgmajfault 498
inactive_anon 45056
active_anon 259579904
inactive_file 1255149568
active_file 928907264
unevictable 4096
hierarchical_memory_limit 6442450944
hierarchical_memsw_limit 32212254720
total_cache 2184130560
total_rss 259555328
total_rss_huge 0
total_mapped_file 37384192
total_writeback 0
total_swap 0
total_pgpgin 696831
total_pgpgout 100228
total_pgfault 241536
total_pgmajfault 498
total_inactive_anon 45056
total_active_anon 259579904
total_inactive_file 1255149568
total_active_file 928907264
total_unevictable 4096
--------------------BLKIO-----------------------
11:0 Read 0
11:0 Write 0
11:0 Sync 0
11:0 Async 0
11:0 Total 0
253:0 Read 2183798784
253:0 Write 1818624
253:0 Sync 196608
253:0 Async 2185420800
253:0 Total 2185617408
Total 2185617408
--------------------CPUAC-----------------------
user 1208
system 827
 
Sat May 20 03:54:29 IST 2017
--------------------MEMCG-----------------------
MEM ONLY  : 2330 MB
MEM+SWAP  : 2330 MB
cache 2184130560
rss 259555328
rss_huge 0
mapped_file 37384192
writeback 0
swap 0
pgpgin 696930
pgpgout 100327
pgfault 241626
pgmajfault 498
inactive_anon 45056
active_anon 259579904
inactive_file 1255149568
active_file 928907264
unevictable 4096
hierarchical_memory_limit 6442450944
hierarchical_memsw_limit 32212254720
total_cache 2184130560
total_rss 259555328
total_rss_huge 0
total_mapped_file 37384192
total_writeback 0
total_swap 0
total_pgpgin 696930
total_pgpgout 100327
total_pgfault 241626
total_pgmajfault 498
total_inactive_anon 45056
total_active_anon 259579904
total_inactive_file 1255149568
total_active_file 928907264
total_unevictable 4096
--------------------BLKIO-----------------------
11:0 Read 0
11:0 Write 0
11:0 Sync 0
11:0 Async 0
11:0 Total 0
253:0 Read 2183798784
253:0 Write 1855488
253:0 Sync 196608
253:0 Async 2185457664
253:0 Total 2185654272
Total 2185654272
--------------------CPUAC-----------------------
user 1210
system 829
 
Sat May 20 03:54:59 IST 2017
--------------------MEMCG-----------------------
MEM ONLY  : 2330 MB
MEM+SWAP  : 2330 MB
cache 2184130560
rss 259624960
rss_huge 0
mapped_file 37384192
writeback 0
swap 0
pgpgin 697046
pgpgout 100426
pgfault 241733
pgmajfault 498
inactive_anon 45056
active_anon 259649536
inactive_file 1255149568
active_file 928907264
unevictable 4096
hierarchical_memory_limit 6442450944
hierarchical_memsw_limit 32212254720
total_cache 2184130560
total_rss 259624960
total_rss_huge 0
total_mapped_file 37384192
total_writeback 0
total_swap 0
total_pgpgin 697046
total_pgpgout 100426
total_pgfault 241733
total_pgmajfault 498
total_inactive_anon 45056
total_active_anon 259649536
total_inactive_file 1255149568
total_active_file 928907264
total_unevictable 4096
--------------------BLKIO-----------------------
11:0 Read 0
11:0 Write 0
11:0 Sync 0
11:0 Async 0
11:0 Total 0
253:0 Read 2183798784
253:0 Write 1892352
253:0 Sync 196608
253:0 Async 2185494528
253:0 Total 2185691136
Total 2185691136
--------------------CPUAC-----------------------
user 1212
system 831
 
Sat May 20 03:55:29 IST 2017
--------------------MEMCG-----------------------
MEM ONLY  : 2330 MB
MEM+SWAP  : 2330 MB
cache 2184134656
rss 259629056
rss_huge 0
mapped_file 37384192
writeback 0
swap 0
pgpgin 697148
pgpgout 100526
pgfault 241824
pgmajfault 498
inactive_anon 45056
active_anon 259653632
inactive_file 1255153664
active_file 928907264
unevictable 4096
hierarchical_memory_limit 6442450944
hierarchical_memsw_limit 32212254720
total_cache 2184134656
total_rss 259629056
total_rss_huge 0
total_mapped_file 37384192
total_writeback 0
total_swap 0
total_pgpgin 697148
total_pgpgout 100526
total_pgfault 241824
total_pgmajfault 498
total_inactive_anon 45056
total_active_anon 259653632
total_inactive_file 1255153664
total_active_file 928907264
total_unevictable 4096
--------------------BLKIO-----------------------
11:0 Read 0
11:0 Write 0
11:0 Sync 0
11:0 Async 0
11:0 Total 0
253:0 Read 2183798784
253:0 Write 1937408
253:0 Sync 196608
253:0 Async 2185539584
253:0 Total 2185736192
Total 2185736192
--------------------CPUAC-----------------------
user 1214
system 833
 
Sat May 20 03:55:59 IST 2017
--------------------MEMCG-----------------------
MEM ONLY  : 2330 MB
MEM+SWAP  : 2330 MB
cache 2184134656
rss 259629056
rss_huge 0
mapped_file 37384192
writeback 0
swap 0
pgpgin 697250
pgpgout 100628
pgfault 241914
pgmajfault 498
inactive_anon 45056
active_anon 259653632
inactive_file 1255153664
active_file 928907264
unevictable 4096
hierarchical_memory_limit 6442450944
hierarchical_memsw_limit 32212254720
total_cache 2184134656
total_rss 259629056
total_rss_huge 0
total_mapped_file 37384192
total_writeback 0
total_swap 0
total_pgpgin 697250
total_pgpgout 100628
total_pgfault 241914
total_pgmajfault 498
total_inactive_anon 45056
total_active_anon 259653632
total_inactive_file 1255153664
total_active_file 928907264
total_unevictable 4096
--------------------BLKIO-----------------------
11:0 Read 0
11:0 Write 0
11:0 Sync 0
11:0 Async 0
11:0 Total 0
253:0 Read 2183798784
253:0 Write 1986560
253:0 Sync 196608
253:0 Async 2185588736
253:0 Total 2185785344
Total 2185785344
--------------------CPUAC-----------------------
user 1217
system 836
 
Sat May 20 03:56:29 IST 2017
--------------------MEMCG-----------------------
MEM ONLY  : 2330 MB
MEM+SWAP  : 2330 MB
cache 2184130560
rss 259633152
rss_huge 0
mapped_file 37384192
writeback 0
swap 0
pgpgin 697352
pgpgout 100730
pgfault 242005
pgmajfault 498
inactive_anon 45056
active_anon 259657728
inactive_file 1255145472
active_file 928911360
unevictable 4096
hierarchical_memory_limit 6442450944
hierarchical_memsw_limit 32212254720
total_cache 2184130560
total_rss 259633152
total_rss_huge 0
total_mapped_file 37384192
total_writeback 0
total_swap 0
total_pgpgin 697352
total_pgpgout 100730
total_pgfault 242005
total_pgmajfault 498
total_inactive_anon 45056
total_active_anon 259657728
total_inactive_file 1255145472
total_active_file 928911360
total_unevictable 4096
--------------------BLKIO-----------------------
11:0 Read 0
11:0 Write 0
11:0 Sync 0
11:0 Async 0
11:0 Total 0
253:0 Read 2183798784
253:0 Write 2019328
253:0 Sync 196608
253:0 Async 2185621504
253:0 Total 2185818112
Total 2185818112
--------------------CPUAC-----------------------
user 1220
system 837
 
Sat May 20 03:56:59 IST 2017
--------------------MEMCG-----------------------
MEM ONLY  : 2330 MB
MEM+SWAP  : 2330 MB
cache 2184138752
rss 259633152
rss_huge 0
mapped_file 37384192
writeback 0
swap 0
pgpgin 697448
pgpgout 100824
pgfault 242095
pgmajfault 498
inactive_anon 45056
active_anon 259657728
inactive_file 1255153664
active_file 928911360
unevictable 4096
hierarchical_memory_limit 6442450944
hierarchical_memsw_limit 32212254720
total_cache 2184138752
total_rss 259633152
total_rss_huge 0
total_mapped_file 37384192
total_writeback 0
total_swap 0
total_pgpgin 697448
total_pgpgout 100824
total_pgfault 242095
total_pgmajfault 498
total_inactive_anon 45056
total_active_anon 259657728
total_inactive_file 1255153664
total_active_file 928911360
total_unevictable 4096
--------------------BLKIO-----------------------
11:0 Read 0
11:0 Write 0
11:0 Sync 0
11:0 Async 0
11:0 Total 0
253:0 Read 2183798784
253:0 Write 2035712
253:0 Sync 196608
253:0 Async 2185637888
253:0 Total 2185834496
Total 2185834496
--------------------CPUAC-----------------------
user 1221
system 839
 
Sat May 20 03:57:29 IST 2017
--------------------MEMCG-----------------------
MEM ONLY  : 2330 MB
MEM+SWAP  : 2330 MB
cache 2184138752
rss 259633152
rss_huge 0
mapped_file 37384192
writeback 0
swap 0
pgpgin 697544
pgpgout 100920
pgfault 242185
pgmajfault 498
inactive_anon 45056
active_anon 259657728
inactive_file 1255153664
active_file 928911360
unevictable 4096
hierarchical_memory_limit 6442450944
hierarchical_memsw_limit 32212254720
total_cache 2184138752
total_rss 259633152
total_rss_huge 0
total_mapped_file 37384192
total_writeback 0
total_swap 0
total_pgpgin 697544
total_pgpgout 100920
total_pgfault 242185
total_pgmajfault 498
total_inactive_anon 45056
total_active_anon 259657728
total_inactive_file 1255153664
total_active_file 928911360
total_unevictable 4096
--------------------BLKIO-----------------------
11:0 Read 0
11:0 Write 0
11:0 Sync 0
11:0 Async 0
11:0 Total 0
253:0 Read 2183798784
253:0 Write 2060288
253:0 Sync 196608
253:0 Async 2185662464
253:0 Total 2185859072
Total 2185859072
--------------------CPUAC-----------------------
user 1225
system 840
 
Sat May 20 03:57:59 IST 2017
--------------------MEMCG-----------------------
MEM ONLY  : 2330 MB
MEM+SWAP  : 2330 MB
cache 2184138752
rss 259633152
rss_huge 0
mapped_file 37384192
writeback 0
swap 0
pgpgin 697640
pgpgout 101016
pgfault 242275
pgmajfault 498
inactive_anon 45056
active_anon 259657728
inactive_file 1255153664
active_file 928911360
unevictable 4096
hierarchical_memory_limit 6442450944
hierarchical_memsw_limit 32212254720
total_cache 2184138752
total_rss 259633152
total_rss_huge 0
total_mapped_file 37384192
total_writeback 0
total_swap 0
total_pgpgin 697640
total_pgpgout 101016
total_pgfault 242275
total_pgmajfault 498
total_inactive_anon 45056
total_active_anon 259657728
total_inactive_file 1255153664
total_active_file 928911360
total_unevictable 4096
--------------------BLKIO-----------------------
11:0 Read 0
11:0 Write 0
11:0 Sync 0
11:0 Async 0
11:0 Total 0
253:0 Read 2183798784
253:0 Write 2084864
253:0 Sync 196608
253:0 Async 2185687040
253:0 Total 2185883648
Total 2185883648
--------------------CPUAC-----------------------
user 1226
system 842
 
Sat May 20 03:58:29 IST 2017
--------------------MEMCG-----------------------
MEM ONLY  : 2330 MB
MEM+SWAP  : 2330 MB
cache 2184138752
rss 259633152
rss_huge 0
mapped_file 37384192
writeback 0
swap 0
pgpgin 697736
pgpgout 101112
pgfault 242365
pgmajfault 498
inactive_anon 45056
active_anon 259657728
inactive_file 1255153664
active_file 928911360
unevictable 4096
hierarchical_memory_limit 6442450944
hierarchical_memsw_limit 32212254720
total_cache 2184138752
total_rss 259633152
total_rss_huge 0
total_mapped_file 37384192
total_writeback 0
total_swap 0
total_pgpgin 697736
total_pgpgout 101112
total_pgfault 242365
total_pgmajfault 498
total_inactive_anon 45056
total_active_anon 259657728
total_inactive_file 1255153664
total_active_file 928911360
total_unevictable 4096
--------------------BLKIO-----------------------
11:0 Read 0
11:0 Write 0
11:0 Sync 0
11:0 Async 0
11:0 Total 0
253:0 Read 2183798784
253:0 Write 2109440
253:0 Sync 196608
253:0 Async 2185711616
253:0 Total 2185908224
Total 2185908224
--------------------CPUAC-----------------------
user 1230
system 845
 
Sat May 20 03:58:59 IST 2017
--------------------MEMCG-----------------------
MEM ONLY  : 2330 MB
MEM+SWAP  : 2330 MB
cache 2184138752
rss 259633152
rss_huge 0
mapped_file 37384192
writeback 0
swap 0
pgpgin 697832
pgpgout 101208
pgfault 242455
pgmajfault 498
inactive_anon 45056
active_anon 259657728
inactive_file 1255153664
active_file 928911360
unevictable 4096
hierarchical_memory_limit 6442450944
hierarchical_memsw_limit 32212254720
total_cache 2184138752
total_rss 259633152
total_rss_huge 0
total_mapped_file 37384192
total_writeback 0
total_swap 0
total_pgpgin 697832
total_pgpgout 101208
total_pgfault 242455
total_pgmajfault 498
total_inactive_anon 45056
total_active_anon 259657728
total_inactive_file 1255153664
total_active_file 928911360
total_unevictable 4096
--------------------BLKIO-----------------------
11:0 Read 0
11:0 Write 0
11:0 Sync 0
11:0 Async 0
11:0 Total 0
253:0 Read 2183798784
253:0 Write 2134016
253:0 Sync 196608
253:0 Async 2185736192
253:0 Total 2185932800
Total 2185932800
--------------------CPUAC-----------------------
user 1232
system 846
 
Sat May 20 03:59:29 IST 2017
--------------------MEMCG-----------------------
MEM ONLY  : 2330 MB
MEM+SWAP  : 2330 MB
cache 2184138752
rss 259633152
rss_huge 0
mapped_file 37384192
writeback 0
swap 0
pgpgin 697928
pgpgout 101304
pgfault 242545
pgmajfault 498
inactive_anon 45056
active_anon 259657728
inactive_file 1255153664
active_file 928911360
unevictable 4096
hierarchical_memory_limit 6442450944
hierarchical_memsw_limit 32212254720
total_cache 2184138752
total_rss 259633152
total_rss_huge 0
total_mapped_file 37384192
total_writeback 0
total_swap 0
total_pgpgin 697928
total_pgpgout 101304
total_pgfault 242545
total_pgmajfault 498
total_inactive_anon 45056
total_active_anon 259657728
total_inactive_file 1255153664
total_active_file 928911360
total_unevictable 4096
--------------------BLKIO-----------------------
11:0 Read 0
11:0 Write 0
11:0 Sync 0
11:0 Async 0
11:0 Total 0
253:0 Read 2183798784
253:0 Write 2158592
253:0 Sync 196608
253:0 Async 2185760768
253:0 Total 2185957376
Total 2185957376
--------------------CPUAC-----------------------
user 1234
system 848
 
Sat May 20 03:59:59 IST 2017
--------------------MEMCG-----------------------
MEM ONLY  : 2330 MB
MEM+SWAP  : 2330 MB
cache 2184142848
rss 259633152
rss_huge 0
mapped_file 37384192
writeback 0
swap 0
pgpgin 698026
pgpgout 101401
pgfault 242635
pgmajfault 498
inactive_anon 45056
active_anon 259657728
inactive_file 1255157760
active_file 928911360
unevictable 4096
hierarchical_memory_limit 6442450944
hierarchical_memsw_limit 32212254720
total_cache 2184142848
total_rss 259633152
total_rss_huge 0
total_mapped_file 37384192
total_writeback 0
total_swap 0
total_pgpgin 698026
total_pgpgout 101401
total_pgfault 242635
total_pgmajfault 498
total_inactive_anon 45056
total_active_anon 259657728
total_inactive_file 1255157760
total_active_file 928911360
total_unevictable 4096
--------------------BLKIO-----------------------
11:0 Read 0
11:0 Write 0
11:0 Sync 0
11:0 Async 0
11:0 Total 0
253:0 Read 2183798784
253:0 Write 2191360
253:0 Sync 196608
253:0 Async 2185793536
253:0 Total 2185990144
Total 2185990144
--------------------CPUAC-----------------------
user 1236
system 850
 
Sat May 20 04:00:29 IST 2017
--------------------MEMCG-----------------------
MEM ONLY  : 2330 MB
MEM+SWAP  : 2330 MB
cache 2184142848
rss 259633152
rss_huge 0
mapped_file 37384192
writeback 0
swap 0
pgpgin 698125
pgpgout 101500
pgfault 242725
pgmajfault 498
inactive_anon 45056
active_anon 259657728
inactive_file 1255157760
active_file 928911360
unevictable 4096
hierarchical_memory_limit 6442450944
hierarchical_memsw_limit 32212254720
total_cache 2184142848
total_rss 259633152
total_rss_huge 0
total_mapped_file 37384192
total_writeback 0
total_swap 0
total_pgpgin 698125
total_pgpgout 101500
total_pgfault 242725
total_pgmajfault 498
total_inactive_anon 45056
total_active_anon 259657728
total_inactive_file 1255157760
total_active_file 928911360
total_unevictable 4096
--------------------BLKIO-----------------------
11:0 Read 0
11:0 Write 0
11:0 Sync 0
11:0 Async 0
11:0 Total 0
253:0 Read 2183798784
253:0 Write 2228224
253:0 Sync 196608
253:0 Async 2185830400
253:0 Total 2186027008
Total 2186027008
--------------------CPUAC-----------------------
user 1238
system 851
 
Sat May 20 04:01:00 IST 2017
--------------------MEMCG-----------------------
MEM ONLY  : 2330 MB
MEM+SWAP  : 2330 MB
cache 2184142848
rss 259633152
rss_huge 0
mapped_file 37384192
writeback 0
swap 0
pgpgin 698227
pgpgout 101602
pgfault 242818
pgmajfault 498
inactive_anon 45056
active_anon 259657728
inactive_file 1255157760
active_file 928911360
unevictable 4096
hierarchical_memory_limit 6442450944
hierarchical_memsw_limit 32212254720
total_cache 2184142848
total_rss 259633152
total_rss_huge 0
total_mapped_file 37384192
total_writeback 0
total_swap 0
total_pgpgin 698227
total_pgpgout 101602
total_pgfault 242818
total_pgmajfault 498
total_inactive_anon 45056
total_active_anon 259657728
total_inactive_file 1255157760
total_active_file 928911360
total_unevictable 4096
--------------------BLKIO-----------------------
11:0 Read 0
11:0 Write 0
11:0 Sync 0
11:0 Async 0
11:0 Total 0
253:0 Read 2183798784
253:0 Write 2265088
253:0 Sync 196608
253:0 Async 2185867264
253:0 Total 2186063872
Total 2186063872
--------------------CPUAC-----------------------
user 1241
system 853
 
Sat May 20 04:01:30 IST 2017
--------------------MEMCG-----------------------
MEM ONLY  : 2330 MB
MEM+SWAP  : 2330 MB
cache 2184142848
rss 259633152
rss_huge 0
mapped_file 37384192
writeback 0
swap 0
pgpgin 698326
pgpgout 101701
pgfault 242908
pgmajfault 498
inactive_anon 45056
active_anon 259657728
inactive_file 1255153664
active_file 928915456
unevictable 4096
hierarchical_memory_limit 6442450944
hierarchical_memsw_limit 32212254720
total_cache 2184142848
total_rss 259633152
total_rss_huge 0
total_mapped_file 37384192
total_writeback 0
total_swap 0
total_pgpgin 698326
total_pgpgout 101701
total_pgfault 242908
total_pgmajfault 498
total_inactive_anon 45056
total_active_anon 259657728
total_inactive_file 1255153664
total_active_file 928915456
total_unevictable 4096
--------------------BLKIO-----------------------
11:0 Read 0
11:0 Write 0
11:0 Sync 0
11:0 Async 0
11:0 Total 0
253:0 Read 2183798784
253:0 Write 2289664
253:0 Sync 196608
253:0 Async 2185891840
253:0 Total 2186088448
Total 2186088448
--------------------CPUAC-----------------------
user 1244
system 855
 
Sat May 20 04:02:00 IST 2017
--------------------MEMCG-----------------------
MEM ONLY  : 2330 MB
MEM+SWAP  : 2330 MB
cache 2184151040
rss 259633152
rss_huge 0
mapped_file 37384192
writeback 0
swap 0
pgpgin 698422
pgpgout 101795
pgfault 242998
pgmajfault 498
inactive_anon 45056
active_anon 259657728
inactive_file 1255161856
active_file 928915456
unevictable 4096
hierarchical_memory_limit 6442450944
hierarchical_memsw_limit 32212254720
total_cache 2184151040
total_rss 259633152
total_rss_huge 0
total_mapped_file 37384192
total_writeback 0
total_swap 0
total_pgpgin 698422
total_pgpgout 101795
total_pgfault 242998
total_pgmajfault 498
total_inactive_anon 45056
total_active_anon 259657728
total_inactive_file 1255161856
total_active_file 928915456
total_unevictable 4096
--------------------BLKIO-----------------------
11:0 Read 0
11:0 Write 0
11:0 Sync 0
11:0 Async 0
11:0 Total 0
253:0 Read 2183798784
253:0 Write 2306048
253:0 Sync 196608
253:0 Async 2185908224
253:0 Total 2186104832
Total 2186104832
--------------------CPUAC-----------------------
user 1246
system 858
 
Sat May 20 04:02:30 IST 2017
--------------------MEMCG-----------------------
MEM ONLY  : 1629 MB
MEM+SWAP  : 1629 MB
cache 1449033728
rss 259633152
rss_huge 0
mapped_file 37355520
writeback 0
swap 28672
pgpgin 698518
pgpgout 281363
pgfault 243089
pgmajfault 498
inactive_anon 129978368
active_anon 129695744
inactive_file 724598784
active_file 724389888
unevictable 4096
hierarchical_memory_limit 6442450944
hierarchical_memsw_limit 32212254720
total_cache 1449033728
total_rss 259633152
total_rss_huge 0
total_mapped_file 37355520
total_writeback 0
total_swap 28672
total_pgpgin 698518
total_pgpgout 281363
total_pgfault 243089
total_pgmajfault 498
total_inactive_anon 129978368
total_active_anon 129695744
total_inactive_file 724598784
total_active_file 724389888
total_unevictable 4096
--------------------BLKIO-----------------------
11:0 Read 0
11:0 Write 0
11:0 Sync 0
11:0 Async 0
11:0 Total 0
253:0 Read 2183798784
253:0 Write 2334720
253:0 Sync 196608
253:0 Async 2185936896
253:0 Total 2186133504
Total 2186133504
--------------------CPUAC-----------------------
user 1249
system 860
 
Sat May 20 04:03:00 IST 2017
--------------------MEMCG-----------------------
MEM ONLY  : 1506 MB
MEM+SWAP  : 1506 MB
cache 1320067072
rss 259633152
rss_huge 0
mapped_file 37355520
writeback 0
swap 28672
pgpgin 698617
pgpgout 312948
pgfault 243179
pgmajfault 498
inactive_anon 129978368
active_anon 129695744
inactive_file 660164608
active_file 659857408
unevictable 4096
hierarchical_memory_limit 6442450944
hierarchical_memsw_limit 32212254720
total_cache 1320067072
total_rss 259633152
total_rss_huge 0
total_mapped_file 37355520
total_writeback 0
total_swap 28672
total_pgpgin 698617
total_pgpgout 312948
total_pgfault 243179
total_pgmajfault 498
total_inactive_anon 129978368
total_active_anon 129695744
total_inactive_file 660164608
total_active_file 659857408
total_unevictable 4096
--------------------BLKIO-----------------------
11:0 Read 0
11:0 Write 0
11:0 Sync 0
11:0 Async 0
11:0 Total 0
253:0 Read 2183798784
253:0 Write 2396160
253:0 Sync 196608
253:0 Async 2185998336
253:0 Total 2186194944
Total 2186194944
--------------------CPUAC-----------------------
user 1252
system 862
 
Sat May 20 04:03:30 IST 2017
--------------------MEMCG-----------------------
MEM ONLY  : 1466 MB
MEM+SWAP  : 1466 MB
cache 1278263296
rss 259633152
rss_huge 0
mapped_file 37355520
writeback 0
swap 28672
pgpgin 698716
pgpgout 323253
pgfault 243269
pgmajfault 498
inactive_anon 129978368
active_anon 129695744
inactive_file 639184896
active_file 639033344
unevictable 4096
hierarchical_memory_limit 6442450944
hierarchical_memsw_limit 32212254720
total_cache 1278263296
total_rss 259633152
total_rss_huge 0
total_mapped_file 37355520
total_writeback 0
total_swap 28672
total_pgpgin 698716
total_pgpgout 323253
total_pgfault 243269
total_pgmajfault 498
total_inactive_anon 129978368
total_active_anon 129695744
total_inactive_file 639184896
total_active_file 639033344
total_unevictable 4096
--------------------BLKIO-----------------------
11:0 Read 0
11:0 Write 0
11:0 Sync 0
11:0 Async 0
11:0 Total 0
253:0 Read 2183798784
253:0 Write 2433024
253:0 Sync 196608
253:0 Async 2186035200
253:0 Total 2186231808
Total 2186231808
--------------------CPUAC-----------------------
user 1254
system 863
 
Sat May 20 04:04:00 IST 2017
--------------------MEMCG-----------------------
MEM ONLY  : 1430 MB
MEM+SWAP  : 1430 MB
cache 1240276992
rss 259633152
rss_huge 0
mapped_file 37355520
writeback 0
swap 28672
pgpgin 698815
pgpgout 332626
pgfault 243359
pgmajfault 498
inactive_anon 129978368
active_anon 129695744
inactive_file 620244992
active_file 619986944
unevictable 4096
hierarchical_memory_limit 6442450944
hierarchical_memsw_limit 32212254720
total_cache 1240276992
total_rss 259633152
total_rss_huge 0
total_mapped_file 37355520
total_writeback 0
total_swap 28672
total_pgpgin 698815
total_pgpgout 332626
total_pgfault 243359
total_pgmajfault 498
total_inactive_anon 129978368
total_active_anon 129695744
total_inactive_file 620244992
total_active_file 619986944
total_unevictable 4096
--------------------BLKIO-----------------------
11:0 Read 0
11:0 Write 0
11:0 Sync 0
11:0 Async 0
11:0 Total 0
253:0 Read 2183798784
253:0 Write 2469888
253:0 Sync 196608
253:0 Async 2186072064
253:0 Total 2186268672
Total 2186268672
--------------------CPUAC-----------------------
user 1258
system 864
 
Sat May 20 04:04:30 IST 2017
--------------------MEMCG-----------------------
MEM ONLY  : 1392 MB
MEM+SWAP  : 1392 MB
cache 1200484352
rss 259633152
rss_huge 0
mapped_file 37355520
writeback 0
swap 28672
pgpgin 698914
pgpgout 342440
pgfault 243449
pgmajfault 498
inactive_anon 129978368
active_anon 129695744
inactive_file 600342528
active_file 600096768
unevictable 4096
hierarchical_memory_limit 6442450944
hierarchical_memsw_limit 32212254720
total_cache 1200484352
total_rss 259633152
total_rss_huge 0
total_mapped_file 37355520
total_writeback 0
total_swap 28672
total_pgpgin 698914
total_pgpgout 342440
total_pgfault 243449
total_pgmajfault 498
total_inactive_anon 129978368
total_active_anon 129695744
total_inactive_file 600342528
total_active_file 600096768
total_unevictable 4096
--------------------BLKIO-----------------------
11:0 Read 0
11:0 Write 0
11:0 Sync 0
11:0 Async 0
11:0 Total 0
253:0 Read 2183798784
253:0 Write 2506752
253:0 Sync 196608
253:0 Async 2186108928
253:0 Total 2186305536
Total 2186305536
--------------------CPUAC-----------------------
user 1260
system 865
 
Sat May 20 04:05:00 IST 2017
--------------------MEMCG-----------------------
MEM ONLY  : 1354 MB
MEM+SWAP  : 1354 MB
cache 1160867840
rss 259633152
rss_huge 0
mapped_file 37355520
writeback 0
swap 28672
pgpgin 699014
pgpgout 352212
pgfault 243539
pgmajfault 498
inactive_anon 129978368
active_anon 129695744
inactive_file 580497408
active_file 580325376
unevictable 4096
hierarchical_memory_limit 6442450944
hierarchical_memsw_limit 32212254720
total_cache 1160867840
total_rss 259633152
total_rss_huge 0
total_mapped_file 37355520
total_writeback 0
total_swap 28672
total_pgpgin 699014
total_pgpgout 352212
total_pgfault 243539
total_pgmajfault 498
total_inactive_anon 129978368
total_active_anon 129695744
total_inactive_file 580497408
total_active_file 580325376
total_unevictable 4096
--------------------BLKIO-----------------------
11:0 Read 0
11:0 Write 0
11:0 Sync 0
11:0 Async 0
11:0 Total 0
253:0 Read 2183798784
253:0 Write 2547712
253:0 Sync 196608
253:0 Async 2186149888
253:0 Total 2186346496
Total 2186346496
--------------------CPUAC-----------------------
user 1263
system 868
 
Sat May 20 04:05:30 IST 2017
--------------------MEMCG-----------------------
MEM ONLY  : 1318 MB
MEM+SWAP  : 1318 MB
cache 1123053568
rss 259633152
rss_huge 0
mapped_file 37355520
writeback 0
swap 28672
pgpgin 699116
pgpgout 361546
pgfault 243629
pgmajfault 498
inactive_anon 129978368
active_anon 129695744
inactive_file 561528832
active_file 561479680
unevictable 4096
hierarchical_memory_limit 6442450944
hierarchical_memsw_limit 32212254720
total_cache 1123053568
total_rss 259633152
total_rss_huge 0
total_mapped_file 37355520
total_writeback 0
total_swap 28672
total_pgpgin 699116
total_pgpgout 361546
total_pgfault 243629
total_pgmajfault 498
total_inactive_anon 129978368
total_active_anon 129695744
total_inactive_file 561528832
total_active_file 561479680
total_unevictable 4096
--------------------BLKIO-----------------------
11:0 Read 0
11:0 Write 0
11:0 Sync 0
11:0 Async 0
11:0 Total 0
253:0 Read 2183798784
253:0 Write 2625536
253:0 Sync 196608
253:0 Async 2186227712
253:0 Total 2186424320
Total 2186424320
--------------------CPUAC-----------------------
user 1266
system 870
 
Sat May 20 04:06:00 IST 2017
--------------------MEMCG-----------------------
MEM ONLY  : 1282 MB
MEM+SWAP  : 1282 MB
cache 1084661760
rss 259633152
rss_huge 0
mapped_file 37355520
writeback 0
swap 28672
pgpgin 699218
pgpgout 371021
pgfault 243719
pgmajfault 498
inactive_anon 129978368
active_anon 129695744
inactive_file 542334976
active_file 542281728
unevictable 4096
hierarchical_memory_limit 6442450944
hierarchical_memsw_limit 32212254720
total_cache 1084661760
total_rss 259633152
total_rss_huge 0
total_mapped_file 37355520
total_writeback 0
total_swap 28672
total_pgpgin 699218
total_pgpgout 371021
total_pgfault 243719
total_pgmajfault 498
total_inactive_anon 129978368
total_active_anon 129695744
total_inactive_file 542334976
total_active_file 542281728
total_unevictable 4096
--------------------BLKIO-----------------------
11:0 Read 0
11:0 Write 0
11:0 Sync 0
11:0 Async 0
11:0 Total 0
253:0 Read 2183798784
253:0 Write 2674688
253:0 Sync 196608
253:0 Async 2186276864
253:0 Total 2186473472
Total 2186473472
--------------------CPUAC-----------------------
user 1267
system 872
 
Sat May 20 04:06:30 IST 2017
--------------------MEMCG-----------------------
MEM ONLY  : 1246 MB
MEM+SWAP  : 1246 MB
cache 1047707648
rss 259637248
rss_huge 0
mapped_file 37355520
writeback 0
swap 28672
pgpgin 699321
pgpgout 380145
pgfault 243810
pgmajfault 498
inactive_anon 129978368
active_anon 129699840
inactive_file 523837440
active_file 523825152
unevictable 4096
hierarchical_memory_limit 6442450944
hierarchical_memsw_limit 32212254720
total_cache 1047707648
total_rss 259637248
total_rss_huge 0
total_mapped_file 37355520
total_writeback 0
total_swap 28672
total_pgpgin 699321
total_pgpgout 380145
total_pgfault 243810
total_pgmajfault 498
total_inactive_anon 129978368
total_active_anon 129699840
total_inactive_file 523837440
total_active_file 523825152
total_unevictable 4096
--------------------BLKIO-----------------------
11:0 Read 0
11:0 Write 0
11:0 Sync 0
11:0 Async 0
11:0 Total 0
253:0 Read 2183802880
253:0 Write 2707456
253:0 Sync 196608
253:0 Async 2186313728
253:0 Total 2186510336
Total 2186510336
--------------------CPUAC-----------------------
user 1270
system 872
 
Sat May 20 04:07:00 IST 2017
--------------------MEMCG-----------------------
MEM ONLY  : 1213 MB
MEM+SWAP  : 1213 MB
cache 1012604928
rss 259637248
rss_huge 0
mapped_file 37355520
writeback 0
swap 28672
pgpgin 699417
pgpgout 388811
pgfault 243900
pgmajfault 498
inactive_anon 129978368
active_anon 129699840
inactive_file 506351616
active_file 506208256
unevictable 4096
hierarchical_memory_limit 6442450944
hierarchical_memsw_limit 32212254720
total_cache 1012604928
total_rss 259637248
total_rss_huge 0
total_mapped_file 37355520
total_writeback 0
total_swap 28672
total_pgpgin 699417
total_pgpgout 388811
total_pgfault 243900
total_pgmajfault 498
total_inactive_anon 129978368
total_active_anon 129699840
total_inactive_file 506351616
total_active_file 506208256
total_unevictable 4096
--------------------BLKIO-----------------------
11:0 Read 0
11:0 Write 0
11:0 Sync 0
11:0 Async 0
11:0 Total 0
253:0 Read 2183802880
253:0 Write 2744320
253:0 Sync 196608
253:0 Async 2186350592
253:0 Total 2186547200
Total 2186547200
--------------------CPUAC-----------------------
user 1271
system 874
 
Sat May 20 04:07:30 IST 2017
--------------------MEMCG-----------------------
MEM ONLY  : 1179 MB
MEM+SWAP  : 1179 MB
cache 977551360
rss 259637248
rss_huge 0
mapped_file 37355520
writeback 0
swap 28672
pgpgin 699514
pgpgout 397466
pgfault 243990
pgmajfault 498
inactive_anon 129978368
active_anon 129699840
inactive_file 488837120
active_file 488669184
unevictable 4096
hierarchical_memory_limit 6442450944
hierarchical_memsw_limit 32212254720
total_cache 977551360
total_rss 259637248
total_rss_huge 0
total_mapped_file 37355520
total_writeback 0
total_swap 28672
total_pgpgin 699514
total_pgpgout 397466
total_pgfault 243990
total_pgmajfault 498
total_inactive_anon 129978368
total_active_anon 129699840
total_inactive_file 488837120
total_active_file 488669184
total_unevictable 4096
--------------------BLKIO-----------------------
11:0 Read 0
11:0 Write 0
11:0 Sync 0
11:0 Async 0
11:0 Total 0
253:0 Read 2183802880
253:0 Write 2772992
253:0 Sync 196608
253:0 Async 2186379264
253:0 Total 2186575872
Total 2186575872
--------------------CPUAC-----------------------
user 1273
system 878
 
Sat May 20 04:08:00 IST 2017
--------------------MEMCG-----------------------
MEM ONLY  : 1146 MB
MEM+SWAP  : 1146 MB
cache 942673920
rss 259637248
rss_huge 0
mapped_file 37355520
writeback 0
swap 28672
pgpgin 699613
pgpgout 406080
pgfault 244080
pgmajfault 498
inactive_anon 129978368
active_anon 129699840
inactive_file 471384064
active_file 471244800
unevictable 4096
hierarchical_memory_limit 6442450944
hierarchical_memsw_limit 32212254720
total_cache 942673920
total_rss 259637248
total_rss_huge 0
total_mapped_file 37355520
total_writeback 0
total_swap 28672
total_pgpgin 699613
total_pgpgout 406080
total_pgfault 244080
total_pgmajfault 498
total_inactive_anon 129978368
total_active_anon 129699840
total_inactive_file 471384064
total_active_file 471244800
total_unevictable 4096
--------------------BLKIO-----------------------
11:0 Read 0
11:0 Write 0
11:0 Sync 0
11:0 Async 0
11:0 Total 0
253:0 Read 2183802880
253:0 Write 2838528
253:0 Sync 196608
253:0 Async 2186444800
253:0 Total 2186641408
Total 2186641408
--------------------CPUAC-----------------------
user 1274
system 880
 
Sat May 20 04:08:30 IST 2017
--------------------MEMCG-----------------------
MEM ONLY  : 1112 MB
MEM+SWAP  : 1112 MB
cache 906932224
rss 259637248
rss_huge 0
mapped_file 37269504
writeback 0
swap 28672
pgpgin 699712
pgpgout 414905
pgfault 244170
pgmajfault 498
inactive_anon 129978368
active_anon 129699840
inactive_file 453578752
active_file 453308416
unevictable 4096
hierarchical_memory_limit 6442450944
hierarchical_memsw_limit 32212254720
total_cache 906932224
total_rss 259637248
total_rss_huge 0
total_mapped_file 37269504
total_writeback 0
total_swap 28672
total_pgpgin 699712
total_pgpgout 414905
total_pgfault 244170
total_pgmajfault 498
total_inactive_anon 129978368
total_active_anon 129699840
total_inactive_file 453578752
total_active_file 453308416
total_unevictable 4096
--------------------BLKIO-----------------------
11:0 Read 0
11:0 Write 0
11:0 Sync 0
11:0 Async 0
11:0 Total 0
253:0 Read 2183802880
253:0 Write 2875392
253:0 Sync 196608
253:0 Async 2186481664
253:0 Total 2186678272
Total 2186678272
--------------------CPUAC-----------------------
user 1277
system 882
 
Sat May 20 04:09:00 IST 2017
--------------------MEMCG-----------------------
MEM ONLY  : 1079 MB
MEM+SWAP  : 1079 MB
cache 872652800
rss 259637248
rss_huge 0
mapped_file 37269504
writeback 0
swap 28672
pgpgin 699811
pgpgout 423373
pgfault 244260
pgmajfault 498
inactive_anon 129978368
active_anon 129699840
inactive_file 436424704
active_file 436183040
unevictable 4096
hierarchical_memory_limit 6442450944
hierarchical_memsw_limit 32212254720
total_cache 872652800
total_rss 259637248
total_rss_huge 0
total_mapped_file 37269504
total_writeback 0
total_swap 28672
total_pgpgin 699811
total_pgpgout 423373
total_pgfault 244260
total_pgmajfault 498
total_inactive_anon 129978368
total_active_anon 129699840
total_inactive_file 436424704
total_active_file 436183040
total_unevictable 4096
--------------------BLKIO-----------------------
11:0 Read 0
11:0 Write 0
11:0 Sync 0
11:0 Async 0
11:0 Total 0
253:0 Read 2183802880
253:0 Write 2912256
253:0 Sync 196608
253:0 Async 2186518528
253:0 Total 2186715136
Total 2186715136
--------------------CPUAC-----------------------
user 1279
system 884
 
Sat May 20 04:09:30 IST 2017
--------------------MEMCG-----------------------
MEM ONLY  : 1048 MB
MEM+SWAP  : 1048 MB
cache 839753728
rss 259637248
rss_huge 0
mapped_file 37269504
writeback 0
swap 28672
pgpgin 699910
pgpgout 431504
pgfault 244350
pgmajfault 498
inactive_anon 129978368
active_anon 129699840
inactive_file 419868672
active_file 419840000
unevictable 4096
hierarchical_memory_limit 6442450944
hierarchical_memsw_limit 32212254720
total_cache 839753728
total_rss 259637248
total_rss_huge 0
total_mapped_file 37269504
total_writeback 0
total_swap 28672
total_pgpgin 699910
total_pgpgout 431504
total_pgfault 244350
total_pgmajfault 498
total_inactive_anon 129978368
total_active_anon 129699840
total_inactive_file 419868672
total_active_file 419840000
total_unevictable 4096
--------------------BLKIO-----------------------
11:0 Read 0
11:0 Write 0
11:0 Sync 0
11:0 Async 0
11:0 Total 0
253:0 Read 2183802880
253:0 Write 2949120
253:0 Sync 196608
253:0 Async 2186555392
253:0 Total 2186752000
Total 2186752000
--------------------CPUAC-----------------------
user 1280
system 886
 
Sat May 20 04:10:00 IST 2017
--------------------MEMCG-----------------------
MEM ONLY  : 1016 MB
MEM+SWAP  : 1016 MB
cache 806330368
rss 259637248
rss_huge 0
mapped_file 37269504
writeback 0
swap 28672
pgpgin 700010
pgpgout 439764
pgfault 244440
pgmajfault 498
inactive_anon 129978368
active_anon 129699840
inactive_file 403247104
active_file 403038208
unevictable 4096
hierarchical_memory_limit 6442450944
hierarchical_memsw_limit 32212254720
total_cache 806330368
total_rss 259637248
total_rss_huge 0
total_mapped_file 37269504
total_writeback 0
total_swap 28672
total_pgpgin 700010
total_pgpgout 439764
total_pgfault 244440
total_pgmajfault 498
total_inactive_anon 129978368
total_active_anon 129699840
total_inactive_file 403247104
total_active_file 403038208
total_unevictable 4096
--------------------BLKIO-----------------------
11:0 Read 0
11:0 Write 0
11:0 Sync 0
11:0 Async 0
11:0 Total 0
253:0 Read 2183802880
253:0 Write 2990080
253:0 Sync 196608
253:0 Async 2186596352
253:0 Total 2186792960
Total 2186792960
--------------------CPUAC-----------------------
user 1282
system 888
 
Sat May 20 04:10:30 IST 2017
--------------------MEMCG-----------------------
MEM ONLY  : 987 MB
MEM+SWAP  : 987 MB
cache 775315456
rss 259637248
rss_huge 0
mapped_file 37269504
writeback 0
swap 28672
pgpgin 700112
pgpgout 447438
pgfault 244530
pgmajfault 498
inactive_anon 129978368
active_anon 129699840
inactive_file 387665920
active_file 387604480
unevictable 4096
hierarchical_memory_limit 6442450944
hierarchical_memsw_limit 32212254720
total_cache 775315456
total_rss 259637248
total_rss_huge 0
total_mapped_file 37269504
total_writeback 0
total_swap 28672
total_pgpgin 700112
total_pgpgout 447438
total_pgfault 244530
total_pgmajfault 498
total_inactive_anon 129978368
total_active_anon 129699840
total_inactive_file 387665920
total_active_file 387604480
total_unevictable 4096
--------------------BLKIO-----------------------
11:0 Read 0
11:0 Write 0
11:0 Sync 0
11:0 Async 0
11:0 Total 0
253:0 Read 2183802880
253:0 Write 3039232
253:0 Sync 196608
253:0 Async 2186645504
253:0 Total 2186842112
Total 2186842112
--------------------CPUAC-----------------------
user 1283
system 890
 
Sat May 20 04:11:00 IST 2017
--------------------MEMCG-----------------------
MEM ONLY  : 956 MB
MEM+SWAP  : 956 MB
cache 743669760
rss 259641344
rss_huge 0
mapped_file 37396480
writeback 0
swap 28672
pgpgin 701383
pgpgout 456434
pgfault 246186
pgmajfault 526
inactive_anon 130351104
active_anon 129331200
inactive_file 371818496
active_file 371806208
unevictable 4096
hierarchical_memory_limit 6442450944
hierarchical_memsw_limit 32212254720
total_cache 743669760
total_rss 259641344
total_rss_huge 0
total_mapped_file 37396480
total_writeback 0
total_swap 28672
total_pgpgin 701383
total_pgpgout 456434
total_pgfault 246186
total_pgmajfault 526
total_inactive_anon 130351104
total_active_anon 129331200
total_inactive_file 371818496
total_active_file 371806208
total_unevictable 4096
--------------------BLKIO-----------------------
11:0 Read 0
11:0 Write 0
11:0 Sync 0
11:0 Async 0
11:0 Total 0
253:0 Read 2184081408
253:0 Write 3325952
253:0 Sync 196608
253:0 Async 2187210752
253:0 Total 2187407360
Total 2187407360
--------------------CPUAC-----------------------
user 1286
system 894
 
Sat May 20 04:11:30 IST 2017
--------------------MEMCG-----------------------
MEM ONLY  : 925 MB
MEM+SWAP  : 925 MB
cache 710574080
rss 259645440
rss_huge 0
mapped_file 37396480
writeback 0
swap 28672
pgpgin 701486
pgpgout 464616
pgfault 246277
pgmajfault 526
inactive_anon 130351104
active_anon 129335296
inactive_file 355319808
active_file 355209216
unevictable 4096
hierarchical_memory_limit 6442450944
hierarchical_memsw_limit 32212254720
total_cache 710574080
total_rss 259645440
total_rss_huge 0
total_mapped_file 37396480
total_writeback 0
total_swap 28672
total_pgpgin 701486
total_pgpgout 464616
total_pgfault 246277
total_pgmajfault 526
total_inactive_anon 130351104
total_active_anon 129335296
total_inactive_file 355319808
total_active_file 355209216
total_unevictable 4096
--------------------BLKIO-----------------------
11:0 Read 0
11:0 Write 0
11:0 Sync 0
11:0 Async 0
11:0 Total 0
253:0 Read 2184081408
253:0 Write 3358720
253:0 Sync 196608
253:0 Async 2187243520
253:0 Total 2187440128
Total 2187440128
--------------------CPUAC-----------------------
user 1288
system 894
 
Sat May 20 04:12:00 IST 2017
--------------------MEMCG-----------------------
MEM ONLY  : 896 MB
MEM+SWAP  : 896 MB
cache 680595456
rss 259645440
rss_huge 0
mapped_file 37396480
writeback 0
swap 28672
pgpgin 701582
pgpgout 472031
pgfault 246367
pgmajfault 526
inactive_anon 130351104
active_anon 129335296
inactive_file 340365312
active_file 340185088
unevictable 4096
hierarchical_memory_limit 6442450944
hierarchical_memsw_limit 32212254720
total_cache 680595456
total_rss 259645440
total_rss_huge 0
total_mapped_file 37396480
total_writeback 0
total_swap 28672
total_pgpgin 701582
total_pgpgout 472031
total_pgfault 246367
total_pgmajfault 526
total_inactive_anon 130351104
total_active_anon 129335296
total_inactive_file 340365312
total_active_file 340185088
total_unevictable 4096
--------------------BLKIO-----------------------
11:0 Read 0
11:0 Write 0
11:0 Sync 0
11:0 Async 0
11:0 Total 0
253:0 Read 2184081408
253:0 Write 3375104
253:0 Sync 196608
253:0 Async 2187259904
253:0 Total 2187456512
Total 2187456512
--------------------CPUAC-----------------------
user 1290
system 896
 
Sat May 20 04:12:30 IST 2017
--------------------MEMCG-----------------------
MEM ONLY  : 867 MB
MEM+SWAP  : 867 MB
cache 649531392
rss 259645440
rss_huge 0
mapped_file 37396480
writeback 0
swap 28672
pgpgin 701679
pgpgout 479712
pgfault 246457
pgmajfault 526
inactive_anon 130351104
active_anon 129335296
inactive_file 324820992
active_file 324665344
unevictable 4096
hierarchical_memory_limit 6442450944
hierarchical_memsw_limit 32212254720
total_cache 649531392
total_rss 259645440
total_rss_huge 0
total_mapped_file 37396480
total_writeback 0
total_swap 28672
total_pgpgin 701679
total_pgpgout 479712
total_pgfault 246457
total_pgmajfault 526
total_inactive_anon 130351104
total_active_anon 129335296
total_inactive_file 324820992
total_active_file 324665344
total_unevictable 4096
--------------------BLKIO-----------------------
11:0 Read 0
11:0 Write 0
11:0 Sync 0
11:0 Async 0
11:0 Total 0
253:0 Read 2184081408
253:0 Write 3403776
253:0 Sync 196608
253:0 Async 2187288576
253:0 Total 2187485184
Total 2187485184
--------------------CPUAC-----------------------
user 1290
system 898
 
