java -cp /home/ubuntu/ycsb/mongodb-binding/conf:/home/ubuntu/ycsb/conf:/home/ubuntu/ycsb/lib/jackson-mapper-asl-1.9.4.jar:/home/ubuntu/ycsb/lib/jackson-core-asl-1.9.4.jar:/home/ubuntu/ycsb/lib/htrace-core4-4.1.0-incubating.jar:/home/ubuntu/ycsb/lib/core-0.12.0.jar:/home/ubuntu/ycsb/lib/HdrHistogram-2.1.4.jar:/home/ubuntu/ycsb/mongodb-binding/lib/mongo-java-driver-3.0.3.jar:/home/ubuntu/ycsb/mongodb-binding/lib/logback-core-1.1.2.jar:/home/ubuntu/ycsb/mongodb-binding/lib/mongodb-binding-0.12.0.jar:/home/ubuntu/ycsb/mongodb-binding/lib/logback-classic-1.1.2.jar:/home/ubuntu/ycsb/mongodb-binding/lib/mongodb-async-driver-2.0.1.jar:/home/ubuntu/ycsb/mongodb-binding/lib/slf4j-api-1.6.4.jar com.yahoo.ycsb.Client -db com.yahoo.ycsb.db.MongoDbClient -s -P /home/ubuntu/ycsb/workloads/workload1 -p mongodb.url=mongodb://10.0.3.220:27017/ycsb?w=0 -p maxexecutiontime=1500 -t
YCSB Client 0.12.0
Command line: -db com.yahoo.ycsb.db.MongoDbClient -s -P /home/ubuntu/ycsb/workloads/workload1 -p mongodb.url=mongodb://10.0.3.220:27017/ycsb?w=0 -p maxexecutiontime=1500 -t
Loading workload...
Starting test.
Maximum execution time specified as: 1500 secs
2017-05-16 02:11:37:639 0 sec: 0 operations; est completion in 0 seconds 
mongo client connection created with mongodb://10.0.3.220:27017/ycsb?w=0
DBWrapper: report latency for each error is false and specific error codes to track for latency are: []
2017-05-16 02:11:47:539 10 sec: 491 operations; 49.1 current ops/sec; est completion in 2 days 8 hours [READ: Count=492, Max=211327, Min=1209, Avg=18506.86, 90=28079, 99=46111, 99.9=211327, 99.99=211327] 
2017-05-16 02:11:57:539 20 sec: 1209 operations; 71.8 current ops/sec; est completion in 1 days 21 hours [READ: Count=717, Max=204287, Min=299, Avg=13915.09, 90=22831, 99=33759, 99.9=70655, 99.99=204287] 
2017-05-16 02:12:07:539 30 sec: 2049 operations; 84 current ops/sec; est completion in 1 days 16 hours [READ: Count=840, Max=45247, Min=213, Avg=11883.02, 90=20319, 99=34239, 99.9=41343, 99.99=45247] 
2017-05-16 02:12:17:539 40 sec: 2997 operations; 94.8 current ops/sec; est completion in 1 days 13 hours [READ: Count=948, Max=73983, Min=208, Avg=10531.71, 90=15935, 99=27007, 99.9=36671, 99.99=73983] 
2017-05-16 02:12:27:539 50 sec: 3964 operations; 96.7 current ops/sec; est completion in 1 days 11 hours [READ: Count=967, Max=134911, Min=176, Avg=10322.69, 90=15671, 99=23551, 99.9=81535, 99.99=134911] 
2017-05-16 02:12:37:539 60 sec: 4988 operations; 102.4 current ops/sec; est completion in 1 days 9 hours [READ: Count=1024, Max=44703, Min=201, Avg=9744.6, 90=15343, 99=18239, 99.9=43263, 99.99=44703] 
2017-05-16 02:12:47:539 70 sec: 6041 operations; 105.3 current ops/sec; est completion in 1 days 8 hours [READ: Count=1053, Max=39999, Min=172, Avg=9484.86, 90=14999, 99=16863, 99.9=32991, 99.99=39999] 
2017-05-16 02:12:57:539 80 sec: 7099 operations; 105.8 current ops/sec; est completion in 1 days 7 hours [READ: Count=1058, Max=72575, Min=161, Avg=9440.99, 90=15215, 99=16895, 99.9=53695, 99.99=72575] 
2017-05-16 02:13:07:539 90 sec: 8178 operations; 107.9 current ops/sec; est completion in 1 days 6 hours [READ: Count=1079, Max=98943, Min=150, Avg=9270.39, 90=15191, 99=18463, 99.9=38431, 99.99=98943] 
2017-05-16 02:13:17:539 100 sec: 9268 operations; 109 current ops/sec; est completion in 1 days 5 hours [READ: Count=1090, Max=76223, Min=147, Avg=9167.64, 90=14887, 99=16815, 99.9=47391, 99.99=76223] 
2017-05-16 02:13:27:539 110 sec: 10387 operations; 111.9 current ops/sec; est completion in 1 days 5 hours [READ: Count=1119, Max=71231, Min=143, Avg=8930.21, 90=15103, 99=17039, 99.9=55711, 99.99=71231] 
2017-05-16 02:13:37:539 120 sec: 11519 operations; 113.2 current ops/sec; est completion in 1 days 4 hours [READ: Count=1132, Max=37823, Min=141, Avg=8825.09, 90=14855, 99=16831, 99.9=30879, 99.99=37823] 
2017-05-16 02:13:47:539 130 sec: 12643 operations; 112.4 current ops/sec; est completion in 1 days 4 hours [READ: Count=1124, Max=104767, Min=144, Avg=8897.54, 90=14911, 99=16895, 99.9=39039, 99.99=104767] 
2017-05-16 02:13:57:539 140 sec: 13792 operations; 114.9 current ops/sec; est completion in 1 days 4 hours [READ: Count=1149, Max=127679, Min=144, Avg=8696.36, 90=14999, 99=18879, 99.9=57503, 99.99=127679] 
2017-05-16 02:14:07:539 150 sec: 14948 operations; 115.6 current ops/sec; est completion in 1 days 3 hours [READ: Count=1156, Max=44895, Min=142, Avg=8645.27, 90=15079, 99=16799, 99.9=37343, 99.99=44895] 
2017-05-16 02:14:17:539 160 sec: 16091 operations; 114.3 current ops/sec; est completion in 1 days 3 hours [READ: Count=1143, Max=60703, Min=141, Avg=8739.55, 90=15071, 99=22863, 99.9=58495, 99.99=60703] 
2017-05-16 02:14:27:539 170 sec: 17282 operations; 119.1 current ops/sec; est completion in 1 days 3 hours [READ: Count=1191, Max=57215, Min=143, Avg=8393.98, 90=15039, 99=17375, 99.9=44415, 99.99=57215] 
2017-05-16 02:14:37:539 180 sec: 18484 operations; 120.2 current ops/sec; est completion in 1 days 3 hours [READ: Count=1202, Max=71167, Min=145, Avg=8315.98, 90=14999, 99=16879, 99.9=40415, 99.99=71167] 
2017-05-16 02:14:47:539 190 sec: 19731 operations; 124.7 current ops/sec; est completion in 1 days 2 hours [READ: Count=1247, Max=52639, Min=160, Avg=8006.9, 90=14679, 99=16751, 99.9=38175, 99.99=52639] 
2017-05-16 02:14:57:539 200 sec: 20995 operations; 126.4 current ops/sec; est completion in 1 days 2 hours [READ: Count=1264, Max=56319, Min=159, Avg=7902.84, 90=14879, 99=17455, 99.9=56159, 99.99=56319] 
2017-05-16 02:15:07:539 210 sec: 22295 operations; 130 current ops/sec; est completion in 1 days 2 hours [READ: Count=1300, Max=45439, Min=160, Avg=7682.56, 90=14983, 99=19455, 99.9=40735, 99.99=45439] 
2017-05-16 02:15:17:539 220 sec: 23582 operations; 128.7 current ops/sec; est completion in 1 days 1 hours [READ: Count=1287, Max=102399, Min=140, Avg=7758.74, 90=14775, 99=17119, 99.9=56127, 99.99=102399] 
2017-05-16 02:15:27:539 230 sec: 24868 operations; 128.6 current ops/sec; est completion in 1 days 1 hours [READ: Count=1286, Max=72703, Min=137, Avg=7769.16, 90=14919, 99=17167, 99.9=59135, 99.99=72703] 
2017-05-16 02:15:37:539 240 sec: 26178 operations; 131 current ops/sec; est completion in 1 days 1 hours [READ: Count=1310, Max=42335, Min=139, Avg=7637.5, 90=14759, 99=16879, 99.9=35679, 99.99=42335] 
2017-05-16 02:15:47:539 250 sec: 27514 operations; 133.6 current ops/sec; est completion in 1 days 1 hours [READ: Count=1336, Max=70719, Min=141, Avg=7479.46, 90=14919, 99=18271, 99.9=46495, 99.99=70719] 
2017-05-16 02:15:57:539 260 sec: 28872 operations; 135.8 current ops/sec; est completion in 1 days [READ: Count=1358, Max=55455, Min=139, Avg=7356.61, 90=14935, 99=19919, 99.9=45311, 99.99=55455] 
2017-05-16 02:16:07:539 270 sec: 30268 operations; 139.6 current ops/sec; est completion in 1 days [READ: Count=1396, Max=96319, Min=140, Avg=7152.62, 90=14879, 99=17311, 99.9=30143, 99.99=96319] 
2017-05-16 02:16:17:539 280 sec: 31657 operations; 138.9 current ops/sec; est completion in 1 days [READ: Count=1389, Max=59103, Min=156, Avg=7202.67, 90=14799, 99=18719, 99.9=49087, 99.99=59103] 
2017-05-16 02:16:27:539 290 sec: 33106 operations; 144.9 current ops/sec; est completion in 1 days [READ: Count=1449, Max=63327, Min=160, Avg=6893.57, 90=14711, 99=18959, 99.9=59871, 99.99=63327] 
2017-05-16 02:16:37:539 300 sec: 34555 operations; 144.9 current ops/sec; est completion in 1 days [READ: Count=1449, Max=46335, Min=160, Avg=6895.32, 90=14663, 99=17279, 99.9=40287, 99.99=46335] 
2017-05-16 02:16:47:539 310 sec: 36050 operations; 149.5 current ops/sec; est completion in 23 hours 48 minutes [READ: Count=1495, Max=63071, Min=161, Avg=6689.3, 90=14615, 99=18047, 99.9=57823, 99.99=63071] 
2017-05-16 02:16:57:539 320 sec: 37572 operations; 152.2 current ops/sec; est completion in 23 hours 34 minutes [READ: Count=1522, Max=54783, Min=158, Avg=6558.08, 90=14559, 99=19775, 99.9=41855, 99.99=54783] 
2017-05-16 02:17:07:539 330 sec: 39182 operations; 161 current ops/sec; est completion in 23 hours 18 minutes [READ: Count=1610, Max=45471, Min=154, Avg=6209.43, 90=14343, 99=20271, 99.9=33023, 99.99=45471] 
2017-05-16 02:17:17:539 340 sec: 40736 operations; 155.4 current ops/sec; est completion in 23 hours 5 minutes [READ: Count=1554, Max=165759, Min=161, Avg=6428.6, 90=15015, 99=19727, 99.9=55647, 99.99=165759] 
2017-05-16 02:17:27:539 350 sec: 42352 operations; 161.6 current ops/sec; est completion in 22 hours 51 minutes [READ: Count=1616, Max=124863, Min=155, Avg=6188.75, 90=14463, 99=19455, 99.9=38015, 99.99=124863] 
2017-05-16 02:17:37:539 360 sec: 44013 operations; 166.1 current ops/sec; est completion in 22 hours 37 minutes [READ: Count=1661, Max=41855, Min=158, Avg=6012.54, 90=14087, 99=18431, 99.9=29087, 99.99=41855] 
2017-05-16 02:17:47:539 370 sec: 45765 operations; 175.2 current ops/sec; est completion in 22 hours 21 minutes [READ: Count=1752, Max=92543, Min=157, Avg=5702.2, 90=14063, 99=19359, 99.9=33951, 99.99=92543] 
2017-05-16 02:17:57:539 380 sec: 47443 operations; 167.8 current ops/sec; est completion in 22 hours 8 minutes [READ: Count=1678, Max=76031, Min=157, Avg=5953.57, 90=14415, 99=18799, 99.9=43199, 99.99=76031] 
2017-05-16 02:18:07:539 390 sec: 49259 operations; 181.6 current ops/sec; est completion in 21 hours 53 minutes [READ: Count=1816, Max=86591, Min=157, Avg=5498.96, 90=13919, 99=20415, 99.9=38175, 99.99=86591] 
2017-05-16 02:18:17:539 400 sec: 51109 operations; 185 current ops/sec; est completion in 21 hours 37 minutes [READ: Count=1850, Max=51583, Min=157, Avg=5403.74, 90=13839, 99=20463, 99.9=29343, 99.99=51583] 
2017-05-16 02:18:27:539 410 sec: 53097 operations; 198.8 current ops/sec; est completion in 21 hours 20 minutes [READ: Count=1988, Max=63199, Min=157, Avg=5020.02, 90=14047, 99=20447, 99.9=43519, 99.99=63199] 
2017-05-16 02:18:37:539 420 sec: 55105 operations; 200.8 current ops/sec; est completion in 21 hours 3 minutes [READ: Count=2008, Max=91199, Min=156, Avg=4983.14, 90=13799, 99=20703, 99.9=35903, 99.99=91199] 
2017-05-16 02:18:47:540 430 sec: 57098 operations; 199.3 current ops/sec; est completion in 20 hours 48 minutes [READ: Count=1993, Max=62687, Min=157, Avg=5013.9, 90=14103, 99=23567, 99.9=42399, 99.99=62687] 
2017-05-16 02:18:57:539 440 sec: 59196 operations; 209.8 current ops/sec; est completion in 20 hours 31 minutes [READ: Count=2098, Max=50623, Min=155, Avg=4763.27, 90=14015, 99=21791, 99.9=36575, 99.99=50623] 
2017-05-16 02:19:07:539 450 sec: 61232 operations; 203.6 current ops/sec; est completion in 20 hours 17 minutes [READ: Count=2036, Max=48639, Min=155, Avg=4900.93, 90=14015, 99=21695, 99.9=28767, 99.99=48639] 
2017-05-16 02:19:17:539 460 sec: 63312 operations; 208 current ops/sec; est completion in 20 hours 3 minutes [READ: Count=2080, Max=84543, Min=154, Avg=4808.45, 90=13823, 99=21471, 99.9=65375, 99.99=84543] 
2017-05-16 02:19:27:539 470 sec: 65602 operations; 229 current ops/sec; est completion in 19 hours 46 minutes [READ: Count=2290, Max=63711, Min=155, Avg=4365, 90=12975, 99=21183, 99.9=33503, 99.99=63711] 
2017-05-16 02:19:37:539 480 sec: 67918 operations; 231.6 current ops/sec; est completion in 19 hours 29 minutes [READ: Count=2316, Max=36319, Min=153, Avg=4311.64, 90=13607, 99=20463, 99.9=34047, 99.99=36319] 
2017-05-16 02:19:47:539 490 sec: 70256 operations; 233.8 current ops/sec; est completion in 19 hours 14 minutes [READ: Count=2338, Max=47903, Min=155, Avg=4277.25, 90=13391, 99=21935, 99.9=37087, 99.99=47903] 
2017-05-16 02:19:57:539 500 sec: 72755 operations; 249.9 current ops/sec; est completion in 18 hours 57 minutes [READ: Count=2499, Max=84159, Min=152, Avg=3999.42, 90=12743, 99=22175, 99.9=46463, 99.99=84159] 
2017-05-16 02:20:07:539 510 sec: 75446 operations; 269.1 current ops/sec; est completion in 18 hours 38 minutes [READ: Count=2691, Max=35807, Min=155, Avg=3713.17, 90=12511, 99=22751, 99.9=30799, 99.99=35807] 
2017-05-16 02:20:17:539 520 sec: 78042 operations; 259.6 current ops/sec; est completion in 18 hours 21 minutes [READ: Count=2596, Max=65791, Min=134, Avg=3844.06, 90=13095, 99=22127, 99.9=39935, 99.99=65791] 
2017-05-16 02:20:27:539 530 sec: 80711 operations; 266.9 current ops/sec; est completion in 18 hours 5 minutes [READ: Count=2669, Max=115583, Min=146, Avg=3744.73, 90=13159, 99=22671, 99.9=32927, 99.99=115583] 
2017-05-16 02:20:37:539 540 sec: 83734 operations; 302.3 current ops/sec; est completion in 17 hours 45 minutes [READ: Count=3023, Max=54239, Min=153, Avg=3309.64, 90=11999, 99=20831, 99.9=28575, 99.99=54239] 
2017-05-16 02:20:47:539 550 sec: 86941 operations; 320.7 current ops/sec; est completion in 17 hours 25 minutes [READ: Count=3207, Max=47615, Min=154, Avg=3114.77, 90=11431, 99=21535, 99.9=36895, 99.99=47615] 
2017-05-16 02:20:57:539 560 sec: 90021 operations; 308 current ops/sec; est completion in 17 hours 7 minutes [READ: Count=3080, Max=57887, Min=154, Avg=3244.66, 90=12119, 99=21871, 99.9=34911, 99.99=57887] 
2017-05-16 02:21:07:539 570 sec: 93391 operations; 337 current ops/sec; est completion in 16 hours 47 minutes [READ: Count=3370, Max=69439, Min=152, Avg=2962.44, 90=11575, 99=21103, 99.9=31327, 99.99=69439] 
2017-05-16 02:21:17:539 580 sec: 96921 operations; 353 current ops/sec; est completion in 16 hours 27 minutes [READ: Count=3530, Max=60927, Min=137, Avg=2833.25, 90=11151, 99=20479, 99.9=30943, 99.99=60927] 
2017-05-16 02:21:27:539 590 sec: 100198 operations; 327.7 current ops/sec; est completion in 16 hours 11 minutes [READ: Count=3277, Max=62239, Min=154, Avg=3046.14, 90=11639, 99=20847, 99.9=42847, 99.99=62239] 
2017-05-16 02:21:37:539 600 sec: 103576 operations; 337.8 current ops/sec; est completion in 15 hours 55 minutes [READ: Count=3378, Max=57215, Min=153, Avg=2956.72, 90=11367, 99=20751, 99.9=31983, 99.99=57215] 
2017-05-16 02:21:47:539 610 sec: 107113 operations; 353.7 current ops/sec; est completion in 15 hours 39 minutes [READ: Count=3537, Max=93119, Min=152, Avg=2822.31, 90=11439, 99=20399, 99.9=28735, 99.99=93119] 
2017-05-16 02:21:57:539 620 sec: 110492 operations; 337.9 current ops/sec; est completion in 15 hours 24 minutes [READ: Count=3379, Max=82303, Min=154, Avg=2956.84, 90=11623, 99=21711, 99.9=46911, 99.99=82303] 
2017-05-16 02:22:07:539 630 sec: 113992 operations; 350 current ops/sec; est completion in 15 hours 10 minutes [READ: Count=3500, Max=50623, Min=153, Avg=2855.99, 90=11335, 99=21055, 99.9=33407, 99.99=50623] 
2017-05-16 02:22:17:539 640 sec: 117441 operations; 344.9 current ops/sec; est completion in 14 hours 57 minutes [READ: Count=3449, Max=127103, Min=134, Avg=2897.4, 90=11511, 99=18943, 99.9=37503, 99.99=127103] 
2017-05-16 02:22:27:539 650 sec: 120828 operations; 338.7 current ops/sec; est completion in 14 hours 45 minutes [READ: Count=3387, Max=101311, Min=132, Avg=2949.32, 90=11495, 99=22511, 99.9=59263, 99.99=101311] 
2017-05-16 02:22:37:539 660 sec: 124262 operations; 343.4 current ops/sec; est completion in 14 hours 34 minutes [READ: Count=3434, Max=63999, Min=135, Avg=2907.7, 90=11759, 99=21023, 99.9=42431, 99.99=63999] 
2017-05-16 02:22:47:539 670 sec: 127728 operations; 346.6 current ops/sec; est completion in 14 hours 23 minutes [READ: Count=3466, Max=35583, Min=135, Avg=2882.53, 90=11303, 99=21711, 99.9=29247, 99.99=35583] 
2017-05-16 02:22:57:539 680 sec: 131063 operations; 333.5 current ops/sec; est completion in 14 hours 13 minutes [READ: Count=3335, Max=61695, Min=135, Avg=2998.97, 90=11703, 99=21039, 99.9=42751, 99.99=61695] 
2017-05-16 02:23:07:539 690 sec: 134425 operations; 336.2 current ops/sec; est completion in 14 hours 4 minutes [READ: Count=3362, Max=155903, Min=132, Avg=2968.86, 90=11855, 99=21423, 99.9=35679, 99.99=155903] 
2017-05-16 02:23:17:539 700 sec: 137902 operations; 347.7 current ops/sec; est completion in 13 hours 54 minutes [READ: Count=3478, Max=60927, Min=135, Avg=2875.42, 90=11455, 99=19823, 99.9=31887, 99.99=60927] 
2017-05-16 02:23:27:539 710 sec: 141375 operations; 347.3 current ops/sec; est completion in 13 hours 45 minutes [READ: Count=3472, Max=60063, Min=135, Avg=2875.79, 90=11431, 99=21295, 99.9=43199, 99.99=60063] 
2017-05-16 02:23:37:539 720 sec: 144993 operations; 361.8 current ops/sec; est completion in 13 hours 35 minutes [READ: Count=3618, Max=47327, Min=135, Avg=2758.99, 90=11375, 99=20111, 99.9=31263, 99.99=47327] 
2017-05-16 02:23:47:539 730 sec: 148469 operations; 347.6 current ops/sec; est completion in 13 hours 27 minutes [READ: Count=3476, Max=72511, Min=135, Avg=2878.31, 90=11375, 99=20015, 99.9=39615, 99.99=72511] 
2017-05-16 02:23:57:539 740 sec: 151982 operations; 351.3 current ops/sec; est completion in 13 hours 19 minutes [READ: Count=3514, Max=80831, Min=135, Avg=2843.86, 90=11287, 99=20703, 99.9=32863, 99.99=80831] 
2017-05-16 02:24:07:539 750 sec: 155440 operations; 345.8 current ops/sec; est completion in 13 hours 11 minutes [READ: Count=3457, Max=40319, Min=133, Avg=2888.2, 90=11319, 99=20639, 99.9=35359, 99.99=40319] 
2017-05-16 02:24:17:539 760 sec: 159074 operations; 363.4 current ops/sec; est completion in 13 hours 3 minutes [READ: Count=3634, Max=170751, Min=135, Avg=2750.19, 90=11391, 99=20463, 99.9=27423, 99.99=170751] 
2017-05-16 02:24:27:539 770 sec: 162538 operations; 346.4 current ops/sec; est completion in 12 hours 56 minutes [READ: Count=3464, Max=88575, Min=132, Avg=2884.73, 90=11535, 99=21199, 99.9=50399, 99.99=88575] 
2017-05-16 02:24:37:539 780 sec: 165974 operations; 343.6 current ops/sec; est completion in 12 hours 50 minutes [READ: Count=3436, Max=38495, Min=136, Avg=2908.51, 90=11783, 99=21743, 99.9=33183, 99.99=38495] 
2017-05-16 02:24:47:539 790 sec: 169575 operations; 360.1 current ops/sec; est completion in 12 hours 43 minutes [READ: Count=3601, Max=44799, Min=138, Avg=2774.01, 90=11023, 99=20399, 99.9=33407, 99.99=44799] 
2017-05-16 02:24:57:539 800 sec: 173012 operations; 343.7 current ops/sec; est completion in 12 hours 37 minutes [READ: Count=3437, Max=52191, Min=135, Avg=2903.65, 90=11567, 99=21215, 99.9=37919, 99.99=52191] 
2017-05-16 02:25:07:539 810 sec: 176563 operations; 355.1 current ops/sec; est completion in 12 hours 31 minutes [READ: Count=3551, Max=61247, Min=134, Avg=2814.14, 90=11271, 99=20687, 99.9=29695, 99.99=61247] 
2017-05-16 02:25:17:539 820 sec: 180119 operations; 355.6 current ops/sec; est completion in 12 hours 25 minutes [READ: Count=3556, Max=52927, Min=134, Avg=2812.92, 90=11279, 99=21567, 99.9=37183, 99.99=52927] 
2017-05-16 02:25:27:539 830 sec: 183761 operations; 364.2 current ops/sec; est completion in 12 hours 18 minutes [READ: Count=3642, Max=61823, Min=150, Avg=2738.46, 90=11007, 99=22063, 99.9=33151, 99.99=61823] 
2017-05-16 02:25:37:539 840 sec: 187412 operations; 365.1 current ops/sec; est completion in 12 hours 13 minutes [READ: Count=3651, Max=116031, Min=149, Avg=2741.65, 90=11335, 99=21919, 99.9=29439, 99.99=116031] 
2017-05-16 02:25:47:539 850 sec: 191058 operations; 364.6 current ops/sec; est completion in 12 hours 7 minutes [READ: Count=3646, Max=116735, Min=151, Avg=2736.31, 90=11087, 99=21871, 99.9=38175, 99.99=116735] 
2017-05-16 02:25:57:539 860 sec: 194893 operations; 383.5 current ops/sec; est completion in 12 hours 1 minutes [READ: Count=3835, Max=35743, Min=151, Avg=2608.67, 90=11015, 99=20127, 99.9=30527, 99.99=35743] 
2017-05-16 02:26:07:539 870 sec: 198515 operations; 362.2 current ops/sec; est completion in 11 hours 55 minutes [READ: Count=3622, Max=62687, Min=150, Avg=2757.88, 90=11327, 99=20479, 99.9=33407, 99.99=62687] 
2017-05-16 02:26:17:539 880 sec: 201991 operations; 347.6 current ops/sec; est completion in 11 hours 51 minutes [READ: Count=3476, Max=81727, Min=151, Avg=2874.56, 90=11287, 99=20559, 99.9=31855, 99.99=81727] 
2017-05-16 02:26:27:539 890 sec: 205406 operations; 341.5 current ops/sec; est completion in 11 hours 47 minutes [READ: Count=3415, Max=74431, Min=153, Avg=2919.52, 90=11503, 99=21935, 99.9=41823, 99.99=74431] 
2017-05-16 02:26:37:539 900 sec: 208873 operations; 346.7 current ops/sec; est completion in 11 hours 43 minutes [READ: Count=3467, Max=53215, Min=150, Avg=2884.78, 90=11327, 99=22543, 99.9=37311, 99.99=53215] 
2017-05-16 02:26:47:539 910 sec: 212448 operations; 357.5 current ops/sec; est completion in 11 hours 38 minutes [READ: Count=3575, Max=111743, Min=150, Avg=2794.59, 90=11151, 99=20735, 99.9=34143, 99.99=111743] 
2017-05-16 02:26:57:539 920 sec: 215880 operations; 343.2 current ops/sec; est completion in 11 hours 34 minutes [READ: Count=3432, Max=57375, Min=151, Avg=2914.42, 90=11703, 99=21359, 99.9=32959, 99.99=57375] 
2017-05-16 02:27:07:539 930 sec: 219536 operations; 365.6 current ops/sec; est completion in 11 hours 30 minutes [READ: Count=3656, Max=49471, Min=151, Avg=2730.23, 90=11343, 99=22303, 99.9=28959, 99.99=49471] 
2017-05-16 02:27:17:539 940 sec: 223171 operations; 363.5 current ops/sec; est completion in 11 hours 26 minutes [READ: Count=3635, Max=88319, Min=152, Avg=2749.01, 90=11127, 99=21983, 99.9=34015, 99.99=88319] 
2017-05-16 02:27:27:539 950 sec: 226726 operations; 355.5 current ops/sec; est completion in 11 hours 22 minutes [READ: Count=3555, Max=59871, Min=153, Avg=2811.02, 90=11463, 99=20191, 99.9=30383, 99.99=59871] 
2017-05-16 02:27:37:539 960 sec: 230458 operations; 373.2 current ops/sec; est completion in 11 hours 18 minutes [READ: Count=3732, Max=111039, Min=150, Avg=2676.1, 90=11071, 99=21055, 99.9=31151, 99.99=111039] 
2017-05-16 02:27:47:539 970 sec: 234217 operations; 375.9 current ops/sec; est completion in 11 hours 14 minutes [READ: Count=3759, Max=73855, Min=150, Avg=2659.98, 90=11055, 99=20767, 99.9=29279, 99.99=73855] 
2017-05-16 02:27:57:539 980 sec: 237927 operations; 371 current ops/sec; est completion in 11 hours 10 minutes [READ: Count=3710, Max=37343, Min=154, Avg=2694.03, 90=11183, 99=21151, 99.9=29375, 99.99=37343] 
2017-05-16 02:28:07:539 990 sec: 241468 operations; 354.1 current ops/sec; est completion in 11 hours 6 minutes [READ: Count=3541, Max=105151, Min=153, Avg=2818.91, 90=11183, 99=20495, 99.9=37311, 99.99=105151] 
2017-05-16 02:28:17:539 1000 sec: 245059 operations; 359.1 current ops/sec; est completion in 11 hours 3 minutes [READ: Count=3591, Max=47487, Min=153, Avg=2784.18, 90=11167, 99=20991, 99.9=28975, 99.99=47487] 
2017-05-16 02:28:27:539 1010 sec: 248498 operations; 343.9 current ops/sec; est completion in 11 hours [READ: Count=3439, Max=79935, Min=152, Avg=2906.62, 90=11471, 99=21471, 99.9=32063, 99.99=79935] 
2017-05-16 02:28:37:539 1020 sec: 252103 operations; 360.5 current ops/sec; est completion in 10 hours 57 minutes [READ: Count=3605, Max=38815, Min=136, Avg=2768.17, 90=11279, 99=21855, 99.9=33631, 99.99=38815] 
2017-05-16 02:28:47:539 1030 sec: 255946 operations; 384.3 current ops/sec; est completion in 10 hours 53 minutes [READ: Count=3843, Max=72767, Min=135, Avg=2598.95, 90=10719, 99=21343, 99.9=30719, 99.99=72767] 
2017-05-16 02:28:57:539 1040 sec: 259606 operations; 366 current ops/sec; est completion in 10 hours 50 minutes [READ: Count=3660, Max=47327, Min=133, Avg=2733.51, 90=11399, 99=19903, 99.9=31023, 99.99=47327] 
2017-05-16 02:29:07:539 1050 sec: 263428 operations; 382.2 current ops/sec; est completion in 10 hours 46 minutes [READ: Count=3822, Max=59999, Min=135, Avg=2612.84, 90=11031, 99=21327, 99.9=31887, 99.99=59999] 
2017-05-16 02:29:17:539 1060 sec: 267172 operations; 374.4 current ops/sec; est completion in 10 hours 43 minutes [READ: Count=3744, Max=100351, Min=136, Avg=2669.81, 90=10839, 99=22623, 99.9=32047, 99.99=100351] 
2017-05-16 02:29:27:539 1070 sec: 271077 operations; 390.5 current ops/sec; est completion in 10 hours 40 minutes [READ: Count=3905, Max=53375, Min=137, Avg=2557.6, 90=10903, 99=19471, 99.9=30543, 99.99=53375] 
2017-05-16 02:29:37:539 1080 sec: 274725 operations; 364.8 current ops/sec; est completion in 10 hours 37 minutes [READ: Count=3648, Max=64063, Min=149, Avg=2740.12, 90=11143, 99=21007, 99.9=40511, 99.99=64063] 
2017-05-16 02:29:47:539 1090 sec: 278429 operations; 370.4 current ops/sec; est completion in 10 hours 34 minutes [READ: Count=3704, Max=36959, Min=153, Avg=2696.28, 90=11327, 99=19551, 99.9=26543, 99.99=36959] 
2017-05-16 02:29:57:539 1100 sec: 282064 operations; 363.5 current ops/sec; est completion in 10 hours 31 minutes [READ: Count=3635, Max=101823, Min=153, Avg=2747.81, 90=11015, 99=21135, 99.9=33279, 99.99=101823] 
2017-05-16 02:30:07:539 1110 sec: 285861 operations; 379.7 current ops/sec; est completion in 10 hours 28 minutes [READ: Count=3797, Max=42943, Min=153, Avg=2631.69, 90=10855, 99=20543, 99.9=29791, 99.99=42943] 
2017-05-16 02:30:17:539 1120 sec: 289449 operations; 358.8 current ops/sec; est completion in 10 hours 26 minutes [READ: Count=3588, Max=54271, Min=154, Avg=2783.83, 90=11239, 99=21167, 99.9=33631, 99.99=54271] 
2017-05-16 02:30:27:539 1130 sec: 293248 operations; 379.9 current ops/sec; est completion in 10 hours 23 minutes [READ: Count=3799, Max=56447, Min=153, Avg=2630.64, 90=10783, 99=21343, 99.9=31007, 99.99=56447] 
2017-05-16 02:30:37:539 1140 sec: 297051 operations; 380.3 current ops/sec; est completion in 10 hours 20 minutes [READ: Count=3803, Max=114879, Min=152, Avg=2624.19, 90=11127, 99=20271, 99.9=32271, 99.99=114879] 
2017-05-16 02:30:47:539 1150 sec: 300855 operations; 380.4 current ops/sec; est completion in 10 hours 17 minutes [READ: Count=3804, Max=52703, Min=132, Avg=2626.46, 90=11023, 99=21503, 99.9=32799, 99.99=52703] 
2017-05-16 02:30:57:539 1160 sec: 304528 operations; 367.3 current ops/sec; est completion in 10 hours 15 minutes [READ: Count=3673, Max=57119, Min=132, Avg=2724.89, 90=11143, 99=20223, 99.9=30735, 99.99=57119] 
2017-05-16 02:31:07:539 1170 sec: 308259 operations; 373.1 current ops/sec; est completion in 10 hours 13 minutes [READ: Count=3731, Max=38175, Min=132, Avg=2676.64, 90=11295, 99=20447, 99.9=31135, 99.99=38175] 
2017-05-16 02:31:17:539 1180 sec: 311932 operations; 367.3 current ops/sec; est completion in 10 hours 10 minutes [READ: Count=3673, Max=75839, Min=132, Avg=2719.3, 90=11567, 99=19471, 99.9=28399, 99.99=75839] 
2017-05-16 02:31:27:539 1190 sec: 315831 operations; 389.9 current ops/sec; est completion in 10 hours 8 minutes [READ: Count=3899, Max=108799, Min=125, Avg=2564.23, 90=10623, 99=19103, 99.9=34783, 99.99=108799] 
2017-05-16 02:31:37:539 1200 sec: 319627 operations; 379.6 current ops/sec; est completion in 10 hours 5 minutes [READ: Count=3796, Max=63871, Min=132, Avg=2631.34, 90=10943, 99=20639, 99.9=29727, 99.99=63871] 
2017-05-16 02:31:47:539 1210 sec: 323520 operations; 389.3 current ops/sec; est completion in 10 hours 3 minutes [READ: Count=3893, Max=51615, Min=133, Avg=2565.73, 90=10975, 99=20223, 99.9=34687, 99.99=51615] 
2017-05-16 02:31:57:539 1220 sec: 327171 operations; 365.1 current ops/sec; est completion in 10 hours 1 minutes [READ: Count=3651, Max=132351, Min=152, Avg=2736.99, 90=10927, 99=21455, 99.9=29903, 99.99=132351] 
2017-05-16 02:32:07:539 1230 sec: 330803 operations; 363.2 current ops/sec; est completion in 9 hours 59 minutes [READ: Count=3632, Max=50815, Min=152, Avg=2750.63, 90=11431, 99=21743, 99.9=37183, 99.99=50815] 
2017-05-16 02:32:17:539 1240 sec: 334589 operations; 378.6 current ops/sec; est completion in 9 hours 57 minutes [READ: Count=3786, Max=60095, Min=132, Avg=2639.55, 90=10743, 99=21231, 99.9=31711, 99.99=60095] 
2017-05-16 02:32:27:539 1250 sec: 338234 operations; 364.5 current ops/sec; est completion in 9 hours 55 minutes [READ: Count=3645, Max=59775, Min=134, Avg=2738.2, 90=11199, 99=21407, 99.9=32767, 99.99=59775] 
2017-05-16 02:32:37:539 1260 sec: 341743 operations; 350.9 current ops/sec; est completion in 9 hours 53 minutes [READ: Count=3509, Max=121279, Min=132, Avg=2849.72, 90=11119, 99=21919, 99.9=35615, 99.99=121279] 
2017-05-16 02:32:47:539 1270 sec: 345258 operations; 351.5 current ops/sec; est completion in 9 hours 51 minutes [READ: Count=3515, Max=42655, Min=132, Avg=2843.05, 90=11575, 99=19919, 99.9=28431, 99.99=42655] 
2017-05-16 02:32:57:539 1280 sec: 349062 operations; 380.4 current ops/sec; est completion in 9 hours 49 minutes [READ: Count=3804, Max=58527, Min=131, Avg=2625.42, 90=10783, 99=23455, 99.9=37183, 99.99=58527] 
2017-05-16 02:33:07:539 1290 sec: 352666 operations; 360.4 current ops/sec; est completion in 9 hours 48 minutes [READ: Count=3604, Max=36575, Min=152, Avg=2771.93, 90=11255, 99=20319, 99.9=31231, 99.99=36575] 
2017-05-16 02:33:17:539 1300 sec: 356355 operations; 368.9 current ops/sec; est completion in 9 hours 46 minutes [READ: Count=3689, Max=130687, Min=151, Avg=2707.32, 90=11023, 99=21135, 99.9=33919, 99.99=130687] 
2017-05-16 02:33:27:539 1310 sec: 360145 operations; 379 current ops/sec; est completion in 9 hours 44 minutes [READ: Count=3790, Max=59007, Min=151, Avg=2637.75, 90=10927, 99=21807, 99.9=31327, 99.99=59007] 
2017-05-16 02:33:37:539 1320 sec: 363969 operations; 382.4 current ops/sec; est completion in 9 hours 42 minutes [READ: Count=3824, Max=61343, Min=152, Avg=2611.89, 90=10727, 99=20015, 99.9=35519, 99.99=61343] 
2017-05-16 02:33:47:539 1330 sec: 367430 operations; 346.1 current ops/sec; est completion in 9 hours 41 minutes [READ: Count=3461, Max=44447, Min=152, Avg=2886.28, 90=11407, 99=21423, 99.9=33471, 99.99=44447] 
2017-05-16 02:33:57:539 1340 sec: 371084 operations; 365.4 current ops/sec; est completion in 9 hours 39 minutes [READ: Count=3654, Max=105407, Min=150, Avg=2734.51, 90=11183, 99=19631, 99.9=29375, 99.99=105407] 
2017-05-16 02:34:07:539 1350 sec: 374701 operations; 361.7 current ops/sec; est completion in 9 hours 37 minutes [READ: Count=3617, Max=48767, Min=151, Avg=2760.22, 90=11455, 99=21183, 99.9=30287, 99.99=48767] 
2017-05-16 02:34:17:539 1360 sec: 378327 operations; 362.6 current ops/sec; est completion in 9 hours 36 minutes [READ: Count=3626, Max=65215, Min=152, Avg=2756.55, 90=11463, 99=21279, 99.9=30863, 99.99=65215] 
2017-05-16 02:34:27:539 1370 sec: 381881 operations; 355.4 current ops/sec; est completion in 9 hours 35 minutes [READ: Count=3554, Max=74239, Min=152, Avg=2810.95, 90=11367, 99=21711, 99.9=36575, 99.99=74239] 
2017-05-16 02:34:37:539 1380 sec: 385468 operations; 358.7 current ops/sec; est completion in 9 hours 33 minutes [READ: Count=3587, Max=110207, Min=151, Avg=2787.9, 90=11159, 99=21503, 99.9=30895, 99.99=110207] 
2017-05-16 02:34:47:539 1390 sec: 389404 operations; 393.6 current ops/sec; est completion in 9 hours 31 minutes [READ: Count=3936, Max=32863, Min=151, Avg=2537.73, 90=10679, 99=20575, 99.9=27071, 99.99=32863] 
2017-05-16 02:34:57:539 1400 sec: 393014 operations; 361 current ops/sec; est completion in 9 hours 30 minutes [READ: Count=3610, Max=58143, Min=152, Avg=2766.69, 90=11007, 99=22399, 99.9=38335, 99.99=58143] 
2017-05-16 02:35:07:539 1410 sec: 396760 operations; 374.6 current ops/sec; est completion in 9 hours 28 minutes [READ: Count=3746, Max=43583, Min=151, Avg=2667.08, 90=11175, 99=20639, 99.9=35071, 99.99=43583] 
2017-05-16 02:35:17:539 1420 sec: 400533 operations; 377.3 current ops/sec; est completion in 9 hours 27 minutes [READ: Count=3773, Max=105791, Min=150, Avg=2645.96, 90=10983, 99=20943, 99.9=30063, 99.99=105791] 
2017-05-16 02:35:27:539 1430 sec: 404260 operations; 372.7 current ops/sec; est completion in 9 hours 25 minutes [READ: Count=3727, Max=55167, Min=152, Avg=2683.54, 90=11055, 99=21247, 99.9=32719, 99.99=55167] 
2017-05-16 02:35:37:539 1440 sec: 407821 operations; 356.1 current ops/sec; est completion in 9 hours 24 minutes [READ: Count=3561, Max=121855, Min=151, Avg=2805.04, 90=10999, 99=20591, 99.9=32895, 99.99=121855] 
2017-05-16 02:35:47:539 1450 sec: 411688 operations; 386.7 current ops/sec; est completion in 9 hours 22 minutes [READ: Count=3867, Max=44575, Min=152, Avg=2583.41, 90=10623, 99=20463, 99.9=29919, 99.99=44575] 
2017-05-16 02:35:57:539 1460 sec: 415391 operations; 370.3 current ops/sec; est completion in 9 hours 21 minutes [READ: Count=3703, Max=63359, Min=152, Avg=2696.45, 90=11151, 99=20831, 99.9=32015, 99.99=63359] 
2017-05-16 02:36:07:539 1470 sec: 418867 operations; 347.6 current ops/sec; est completion in 9 hours 20 minutes [READ: Count=3476, Max=97343, Min=150, Avg=2875.75, 90=11319, 99=21519, 99.9=39167, 99.99=97343] 
2017-05-16 02:36:17:539 1480 sec: 422334 operations; 346.7 current ops/sec; est completion in 9 hours 19 minutes [READ: Count=3467, Max=59039, Min=151, Avg=2880.92, 90=11711, 99=20671, 99.9=27743, 99.99=59039] 
2017-05-16 02:36:27:539 1490 sec: 426168 operations; 383.4 current ops/sec; est completion in 9 hours 17 minutes [READ: Count=3834, Max=70847, Min=148, Avg=2607.2, 90=10775, 99=21023, 99.9=33439, 99.99=70847] 
Maximum time elapsed. Requesting stop for the workload.
Stop requested for workload. Now Joining!
2017-05-16 02:36:37:539 1500 sec: 429937 operations; 376.9 current ops/sec; est completion in 9 hours 16 minutes [READ: Count=3769, Max=118463, Min=153, Avg=2651.1, 90=10919, 99=21551, 99.9=31599, 99.99=118463] 
2017-05-16 02:36:37:551 1500 sec: 429938 operations; 83.33 current ops/sec; est completion in 9 hours 16 minutes [READ: Count=1, Max=14167, Min=14160, Avg=14164, 90=14167, 99=14167, 99.9=14167, 99.99=14167] [CLEANUP: Count=1, Max=1664, Min=1664, Avg=1664, 90=1664, 99=1664, 99.9=1664, 99.99=1664] 
[OVERALL], RunTime(ms), 1500013.0
[OVERALL], Throughput(ops/sec), 286.6228492686397
[TOTAL_GCS_PS_Scavenge], Count, 462.0
[TOTAL_GC_TIME_PS_Scavenge], Time(ms), 902.0
[TOTAL_GC_TIME_%_PS_Scavenge], Time(%), 0.06013281218229442
[TOTAL_GCS_PS_MarkSweep], Count, 0.0
[TOTAL_GC_TIME_PS_MarkSweep], Time(ms), 0.0
[TOTAL_GC_TIME_%_PS_MarkSweep], Time(%), 0.0
[TOTAL_GCs], Count, 462.0
[TOTAL_GC_TIME], Time(ms), 902.0
[TOTAL_GC_TIME_%], Time(%), 0.06013281218229442
[READ], Operations, 429938.0
[READ], AverageLatency(us), 3483.742693132498
[READ], MinLatency(us), 125.0
[READ], MaxLatency(us), 211327.0
[READ], 95thPercentileLatency(us), 15207.0
[READ], 99thPercentileLatency(us), 21391.0
[READ], Return=OK, 429938
[CLEANUP], Operations, 1.0
[CLEANUP], AverageLatency(us), 1664.0
[CLEANUP], MinLatency(us), 1664.0
[CLEANUP], MaxLatency(us), 1664.0
[CLEANUP], 95thPercentileLatency(us), 1664.0
[CLEANUP], 99thPercentileLatency(us), 1664.0
