/usr/lib/jvm/java-7-openjdk-amd64/bin/java -cp /home/vm1/clients/ycsb_mongo/mongodb-binding/conf:/home/vm1/clients/ycsb_mongo/conf:/home/vm1/clients/ycsb_mongo/lib/jackson-mapper-asl-1.9.4.jar:/home/vm1/clients/ycsb_mongo/lib/jackson-core-asl-1.9.4.jar:/home/vm1/clients/ycsb_mongo/lib/htrace-core4-4.1.0-incubating.jar:/home/vm1/clients/ycsb_mongo/lib/core-0.12.0.jar:/home/vm1/clients/ycsb_mongo/lib/HdrHistogram-2.1.4.jar:/home/vm1/clients/ycsb_mongo/mongodb-binding/lib/mongo-java-driver-3.0.3.jar:/home/vm1/clients/ycsb_mongo/mongodb-binding/lib/logback-core-1.1.2.jar:/home/vm1/clients/ycsb_mongo/mongodb-binding/lib/mongodb-binding-0.12.0.jar:/home/vm1/clients/ycsb_mongo/mongodb-binding/lib/logback-classic-1.1.2.jar:/home/vm1/clients/ycsb_mongo/mongodb-binding/lib/mongodb-async-driver-2.0.1.jar:/home/vm1/clients/ycsb_mongo/mongodb-binding/lib/slf4j-api-1.6.4.jar com.yahoo.ycsb.Client -db com.yahoo.ycsb.db.MongoDbClient -s -P /home/vm1/clients/ycsb_mongo/workloads/workload1 -p mongodb.url=mongodb://10.0.3.220:27017/ycsb?w=0 -p maxexecutiontime=600 -t
YCSB Client 0.12.0
Command line: -db com.yahoo.ycsb.db.MongoDbClient -s -P /home/vm1/clients/ycsb_mongo/workloads/workload1 -p mongodb.url=mongodb://10.0.3.220:27017/ycsb?w=0 -p maxexecutiontime=600 -t
Loading workload...
Starting test.
Maximum execution time specified as: 600 secs
2017-05-20 04:33:03:805 0 sec: 0 operations; est completion in 0 seconds 
mongo client connection created with mongodb://10.0.3.220:27017/ycsb?w=0
DBWrapper: report latency for each error is false and specific error codes to track for latency are: []
2017-05-20 04:33:13:782 10 sec: 306 operations; 30.6 current ops/sec; est completion in 3 days 18 hours [READ: Count=306, Max=449279, Min=509, Avg=29775.61, 90=53663, 99=356095, 99.9=449279, 99.99=449279] 
2017-05-20 04:33:23:782 20 sec: 427 operations; 12.1 current ops/sec; est completion in 5 days 10 hours [READ: Count=121, Max=585727, Min=472, Avg=82507.07, 90=272383, 99=488703, 99.9=585727, 99.99=585727] 
2017-05-20 04:33:33:782 30 sec: 577 operations; 15 current ops/sec; est completion in 6 days [READ: Count=150, Max=527871, Min=461, Avg=68557.72, 90=270847, 99=482303, 99.9=527871, 99.99=527871] 
2017-05-20 04:33:43:782 40 sec: 754 operations; 17.7 current ops/sec; est completion in 6 days 3 hours [READ: Count=177, Max=481279, Min=450, Avg=56319.79, 90=222975, 99=368127, 99.9=481279, 99.99=481279] 
2017-05-20 04:33:53:782 50 sec: 864 operations; 11 current ops/sec; est completion in 6 days 16 hours [READ: Count=110, Max=509439, Min=475, Avg=90938.75, 90=279295, 99=463103, 99.9=509439, 99.99=509439] 
2017-05-20 04:34:03:782 60 sec: 1002 operations; 13.8 current ops/sec; est completion in 6 days 22 hours [READ: Count=138, Max=683007, Min=431, Avg=72066.44, 90=266751, 99=473599, 99.9=683007, 99.99=683007] 
2017-05-20 04:34:13:782 70 sec: 1146 operations; 14.4 current ops/sec; est completion in 7 days 1 hours [READ: Count=144, Max=621567, Min=390, Avg=70122.63, 90=240895, 99=412159, 99.9=621567, 99.99=621567] 
2017-05-20 04:34:23:782 80 sec: 1310 operations; 16.4 current ops/sec; est completion in 7 days 1 hours [READ: Count=164, Max=637951, Min=397, Avg=61042.87, 90=267007, 99=450303, 99.9=637951, 99.99=637951] 
2017-05-20 04:34:33:782 90 sec: 1455 operations; 14.5 current ops/sec; est completion in 7 days 3 hours [READ: Count=145, Max=518143, Min=374, Avg=68471.52, 90=253183, 99=441855, 99.9=518143, 99.99=518143] 
2017-05-20 04:34:43:782 100 sec: 1619 operations; 16.4 current ops/sec; est completion in 7 days 3 hours [READ: Count=164, Max=467711, Min=369, Avg=61482.33, 90=217599, 99=433151, 99.9=467711, 99.99=467711] 
2017-05-20 04:34:53:782 110 sec: 1752 operations; 13.3 current ops/sec; est completion in 7 days 6 hours [READ: Count=133, Max=439807, Min=362, Avg=73501.53, 90=240895, 99=370687, 99.9=439807, 99.99=439807] 
2017-05-20 04:35:03:782 120 sec: 1896 operations; 14.4 current ops/sec; est completion in 7 days 7 hours [READ: Count=144, Max=651263, Min=356, Avg=69390.67, 90=249855, 99=454143, 99.9=651263, 99.99=651263] 
2017-05-20 04:35:13:782 130 sec: 2040 operations; 14.4 current ops/sec; est completion in 7 days 8 hours [READ: Count=144, Max=534527, Min=355, Avg=70684.85, 90=267775, 99=477439, 99.9=534527, 99.99=534527] 
2017-05-20 04:35:23:782 140 sec: 2150 operations; 11 current ops/sec; est completion in 7 days 12 hours [READ: Count=110, Max=549375, Min=331, Avg=90373.87, 90=265983, 99=546303, 99.9=549375, 99.99=549375] 
2017-05-20 04:35:33:782 150 sec: 2238 operations; 8.8 current ops/sec; est completion in 7 days 18 hours [READ: Count=88, Max=639487, Min=356, Avg=114466.58, 90=382975, 99=619007, 99.9=639487, 99.99=639487] 
2017-05-20 04:35:43:782 160 sec: 2340 operations; 10.2 current ops/sec; est completion in 7 days 21 hours [READ: Count=102, Max=773119, Min=361, Avg=97988.63, 90=359423, 99=570367, 99.9=773119, 99.99=773119] 
2017-05-20 04:35:53:782 170 sec: 2447 operations; 10.7 current ops/sec; est completion in 8 days [READ: Count=107, Max=523775, Min=341, Avg=92130.4, 90=304127, 99=475135, 99.9=523775, 99.99=523775] 
2017-05-20 04:36:03:782 180 sec: 2551 operations; 10.4 current ops/sec; est completion in 8 days 3 hours [READ: Count=104, Max=782335, Min=299, Avg=94745.38, 90=315391, 99=595967, 99.9=782335, 99.99=782335] 
2017-05-20 04:36:13:782 190 sec: 2682 operations; 13.1 current ops/sec; est completion in 8 days 4 hours [READ: Count=131, Max=452863, Min=330, Avg=77985.86, 90=292351, 99=411135, 99.9=452863, 99.99=452863] 
2017-05-20 04:36:23:782 200 sec: 2813 operations; 13.1 current ops/sec; est completion in 8 days 5 hours [READ: Count=131, Max=453887, Min=336, Avg=75842.92, 90=268799, 99=438783, 99.9=453887, 99.99=453887] 
2017-05-20 04:36:33:782 210 sec: 2930 operations; 11.7 current ops/sec; est completion in 8 days 7 hours [READ: Count=117, Max=474367, Min=325, Avg=86704.27, 90=302335, 99=461055, 99.9=474367, 99.99=474367] 
2017-05-20 04:36:43:782 220 sec: 3065 operations; 13.5 current ops/sec; est completion in 8 days 7 hours [READ: Count=135, Max=797183, Min=314, Avg=71357.29, 90=296447, 99=581119, 99.9=797183, 99.99=797183] 
2017-05-20 04:36:53:782 230 sec: 3174 operations; 10.9 current ops/sec; est completion in 8 days 9 hours [READ: Count=109, Max=579071, Min=298, Avg=90280.92, 90=284159, 99=541695, 99.9=579071, 99.99=579071] 
2017-05-20 04:37:03:782 240 sec: 3332 operations; 15.8 current ops/sec; est completion in 8 days 8 hours [READ: Count=158, Max=656383, Min=296, Avg=66176.59, 90=270591, 99=430591, 99.9=656383, 99.99=656383] 
2017-05-20 04:37:13:782 250 sec: 3451 operations; 11.9 current ops/sec; est completion in 8 days 9 hours [READ: Count=119, Max=612863, Min=297, Avg=84260.77, 90=294143, 99=544767, 99.9=612863, 99.99=612863] 
2017-05-20 04:37:23:782 260 sec: 3563 operations; 11.2 current ops/sec; est completion in 8 days 10 hours [READ: Count=112, Max=512767, Min=325, Avg=87951.47, 90=294911, 99=454655, 99.9=512767, 99.99=512767] 
2017-05-20 04:37:33:782 270 sec: 3703 operations; 14 current ops/sec; est completion in 8 days 10 hours [READ: Count=140, Max=538623, Min=277, Avg=71972.94, 90=261759, 99=480511, 99.9=538623, 99.99=538623] 
2017-05-20 04:37:43:782 280 sec: 3844 operations; 14.1 current ops/sec; est completion in 8 days 10 hours [READ: Count=141, Max=497151, Min=288, Avg=71232.82, 90=300287, 99=470271, 99.9=497151, 99.99=497151] 
2017-05-20 04:37:53:782 290 sec: 3974 operations; 13 current ops/sec; est completion in 8 days 10 hours [READ: Count=130, Max=411391, Min=305, Avg=75689.65, 90=252671, 99=389887, 99.9=411391, 99.99=411391] 
2017-05-20 04:38:03:782 300 sec: 4124 operations; 15 current ops/sec; est completion in 8 days 9 hours [READ: Count=150, Max=437503, Min=303, Avg=67215.43, 90=282623, 99=437247, 99.9=437503, 99.99=437503] 
2017-05-20 04:38:13:782 310 sec: 4285 operations; 16.1 current ops/sec; est completion in 8 days 8 hours [READ: Count=161, Max=469247, Min=271, Avg=62618.07, 90=254335, 99=397311, 99.9=469247, 99.99=469247] 
2017-05-20 04:38:23:782 320 sec: 4428 operations; 14.3 current ops/sec; est completion in 8 days 8 hours [READ: Count=143, Max=649727, Min=285, Avg=69752.36, 90=249727, 99=587775, 99.9=649727, 99.99=649727] 
2017-05-20 04:38:33:782 330 sec: 4562 operations; 13.4 current ops/sec; est completion in 8 days 8 hours [READ: Count=134, Max=518655, Min=289, Avg=73014.01, 90=254847, 99=461823, 99.9=518655, 99.99=518655] 
2017-05-20 04:38:43:782 340 sec: 4735 operations; 17.3 current ops/sec; est completion in 8 days 7 hours [READ: Count=173, Max=494335, Min=290, Avg=58638.52, 90=259071, 99=431359, 99.9=494335, 99.99=494335] 
2017-05-20 04:38:53:782 350 sec: 4877 operations; 14.2 current ops/sec; est completion in 8 days 7 hours [READ: Count=142, Max=525311, Min=287, Avg=70781.38, 90=285439, 99=404991, 99.9=525311, 99.99=525311] 
2017-05-20 04:39:03:782 360 sec: 4996 operations; 11.9 current ops/sec; est completion in 8 days 8 hours [READ: Count=119, Max=546303, Min=252, Avg=83040.1, 90=291583, 99=474367, 99.9=546303, 99.99=546303] 
2017-05-20 04:39:13:782 370 sec: 5152 operations; 15.6 current ops/sec; est completion in 8 days 7 hours [READ: Count=156, Max=426239, Min=264, Avg=65011.9, 90=275711, 99=410879, 99.9=426239, 99.99=426239] 
2017-05-20 04:39:23:782 380 sec: 5272 operations; 12 current ops/sec; est completion in 8 days 8 hours [READ: Count=120, Max=717823, Min=255, Avg=82405.48, 90=294143, 99=653311, 99.9=717823, 99.99=717823] 
2017-05-20 04:39:33:782 390 sec: 5395 operations; 12.3 current ops/sec; est completion in 8 days 8 hours [READ: Count=123, Max=429823, Min=266, Avg=80635.2, 90=306175, 99=389119, 99.9=429823, 99.99=429823] 
2017-05-20 04:39:43:782 400 sec: 5523 operations; 12.8 current ops/sec; est completion in 8 days 9 hours [READ: Count=128, Max=555007, Min=258, Avg=77812.42, 90=269055, 99=493311, 99.9=555007, 99.99=555007] 
2017-05-20 04:39:53:782 410 sec: 5675 operations; 15.2 current ops/sec; est completion in 8 days 8 hours [READ: Count=152, Max=487167, Min=244, Avg=67236.81, 90=283391, 99=451839, 99.9=487167, 99.99=487167] 
2017-05-20 04:40:03:782 420 sec: 5796 operations; 12.1 current ops/sec; est completion in 8 days 9 hours [READ: Count=121, Max=493823, Min=262, Avg=82762.57, 90=312831, 99=429055, 99.9=493823, 99.99=493823] 
2017-05-20 04:40:13:782 430 sec: 5926 operations; 13 current ops/sec; est completion in 8 days 9 hours [READ: Count=130, Max=593919, Min=237, Avg=76353.88, 90=295167, 99=466687, 99.9=593919, 99.99=593919] 
2017-05-20 04:40:23:782 440 sec: 6060 operations; 13.4 current ops/sec; est completion in 8 days 9 hours [READ: Count=134, Max=575487, Min=265, Avg=72886.01, 90=283135, 99=383487, 99.9=575487, 99.99=575487] 
2017-05-20 04:40:33:782 450 sec: 6218 operations; 15.8 current ops/sec; est completion in 8 days 8 hours [READ: Count=158, Max=664575, Min=259, Avg=64878.6, 90=212479, 99=479743, 99.9=664575, 99.99=664575] 
2017-05-20 04:40:43:782 460 sec: 6395 operations; 17.7 current ops/sec; est completion in 8 days 7 hours [READ: Count=177, Max=531455, Min=248, Avg=56004.5, 90=225791, 99=424447, 99.9=531455, 99.99=531455] 
2017-05-20 04:40:53:782 470 sec: 6548 operations; 15.3 current ops/sec; est completion in 8 days 7 hours [READ: Count=153, Max=638975, Min=256, Avg=66216.17, 90=274175, 99=481535, 99.9=638975, 99.99=638975] 
2017-05-20 04:41:03:782 480 sec: 6743 operations; 19.5 current ops/sec; est completion in 8 days 5 hours [READ: Count=195, Max=537599, Min=240, Avg=50667.81, 90=209279, 99=362495, 99.9=537599, 99.99=537599] 
2017-05-20 04:41:13:782 490 sec: 6884 operations; 14.1 current ops/sec; est completion in 8 days 5 hours [READ: Count=141, Max=478719, Min=245, Avg=67565.67, 90=263935, 99=369151, 99.9=478719, 99.99=478719] 
2017-05-20 04:41:23:782 500 sec: 7053 operations; 16.9 current ops/sec; est completion in 8 days 4 hours [READ: Count=169, Max=630783, Min=238, Avg=62513.92, 90=232959, 99=389119, 99.9=630783, 99.99=630783] 
2017-05-20 04:41:33:782 510 sec: 7225 operations; 17.2 current ops/sec; est completion in 8 days 3 hours [READ: Count=172, Max=535039, Min=231, Avg=57588.28, 90=224767, 99=380927, 99.9=535039, 99.99=535039] 
2017-05-20 04:41:43:782 520 sec: 7414 operations; 18.9 current ops/sec; est completion in 8 days 2 hours [READ: Count=189, Max=418559, Min=247, Avg=53363.59, 90=191743, 99=381183, 99.9=418559, 99.99=418559] 
2017-05-20 04:41:53:782 530 sec: 7604 operations; 19 current ops/sec; est completion in 8 days 1 hours [READ: Count=190, Max=483583, Min=238, Avg=52074.78, 90=220031, 99=335359, 99.9=483583, 99.99=483583] 
2017-05-20 04:42:03:782 540 sec: 7800 operations; 19.6 current ops/sec; est completion in 8 days [READ: Count=196, Max=417535, Min=236, Avg=51367.87, 90=188799, 99=364799, 99.9=417535, 99.99=417535] 
2017-05-20 04:42:13:782 550 sec: 8016 operations; 21.6 current ops/sec; est completion in 7 days 22 hours [READ: Count=216, Max=486143, Min=241, Avg=46109.86, 90=195199, 99=324863, 99.9=486143, 99.99=486143] 
2017-05-20 04:42:23:782 560 sec: 8239 operations; 22.3 current ops/sec; est completion in 7 days 20 hours [READ: Count=223, Max=420351, Min=230, Avg=44966.78, 90=190079, 99=387839, 99.9=420351, 99.99=420351] 
2017-05-20 04:42:33:782 570 sec: 8425 operations; 18.6 current ops/sec; est completion in 7 days 19 hours [READ: Count=186, Max=610303, Min=247, Avg=53899.92, 90=211327, 99=458239, 99.9=610303, 99.99=610303] 
2017-05-20 04:42:43:782 580 sec: 8611 operations; 18.6 current ops/sec; est completion in 7 days 18 hours [READ: Count=186, Max=452095, Min=257, Avg=53271.27, 90=198143, 99=336127, 99.9=452095, 99.99=452095] 
2017-05-20 04:42:53:782 590 sec: 8871 operations; 26 current ops/sec; est completion in 7 days 16 hours [READ: Count=260, Max=420095, Min=229, Avg=38820.48, 90=166655, 99=306687, 99.9=420095, 99.99=420095] 
Maximum time elapsed. Requesting stop for the workload.
Stop requested for workload. Now Joining!
2017-05-20 04:43:03:782 600 sec: 9124 operations; 25.3 current ops/sec; est completion in 7 days 14 hours [READ: Count=253, Max=442623, Min=223, Avg=39509.34, 90=153855, 99=358399, 99.9=442623, 99.99=442623] 
2017-05-20 04:43:03:785 600 sec: 9126 operations; 666.67 current ops/sec; est completion in 7 days 14 hours [CLEANUP: Count=1, Max=1195, Min=1195, Avg=1195, 90=1195, 99=1195, 99.9=1195, 99.99=1195] [READ: Count=2, Max=526, Min=330, Avg=428, 90=526, 99=526, 99.9=526, 99.99=526] 
[OVERALL], RunTime(ms), 600003.0
[OVERALL], Throughput(ops/sec), 15.209923950380247
[TOTAL_GCS_PS_Scavenge], Count, 6.0
[TOTAL_GC_TIME_PS_Scavenge], Time(ms), 46.0
[TOTAL_GC_TIME_%_PS_Scavenge], Time(%), 0.007666628333524998
[TOTAL_GCS_PS_MarkSweep], Count, 0.0
[TOTAL_GC_TIME_PS_MarkSweep], Time(ms), 0.0
[TOTAL_GC_TIME_%_PS_MarkSweep], Time(%), 0.0
[TOTAL_GCs], Count, 6.0
[TOTAL_GC_TIME], Time(ms), 46.0
[TOTAL_GC_TIME_%], Time(%), 0.007666628333524998
[CLEANUP], Operations, 1.0
[CLEANUP], AverageLatency(us), 1195.0
[CLEANUP], MinLatency(us), 1195.0
[CLEANUP], MaxLatency(us), 1195.0
[CLEANUP], 95thPercentileLatency(us), 1195.0
[CLEANUP], 99thPercentileLatency(us), 1195.0
[READ], Operations, 9126.0
[READ], AverageLatency(us), 65659.83979837826
[READ], MinLatency(us), 223.0
[READ], MaxLatency(us), 797183.0
[READ], 95thPercentileLatency(us), 321023.0
[READ], 99thPercentileLatency(us), 472575.0
[READ], Return=OK, 9126
