/usr/lib/jvm/java-7-openjdk-amd64/bin/java -cp /home/vm1/clients/ycsb_mongo/mongodb-binding/conf:/home/vm1/clients/ycsb_mongo/conf:/home/vm1/clients/ycsb_mongo/lib/jackson-mapper-asl-1.9.4.jar:/home/vm1/clients/ycsb_mongo/lib/jackson-core-asl-1.9.4.jar:/home/vm1/clients/ycsb_mongo/lib/htrace-core4-4.1.0-incubating.jar:/home/vm1/clients/ycsb_mongo/lib/core-0.12.0.jar:/home/vm1/clients/ycsb_mongo/lib/HdrHistogram-2.1.4.jar:/home/vm1/clients/ycsb_mongo/mongodb-binding/lib/mongo-java-driver-3.0.3.jar:/home/vm1/clients/ycsb_mongo/mongodb-binding/lib/logback-core-1.1.2.jar:/home/vm1/clients/ycsb_mongo/mongodb-binding/lib/mongodb-binding-0.12.0.jar:/home/vm1/clients/ycsb_mongo/mongodb-binding/lib/logback-classic-1.1.2.jar:/home/vm1/clients/ycsb_mongo/mongodb-binding/lib/mongodb-async-driver-2.0.1.jar:/home/vm1/clients/ycsb_mongo/mongodb-binding/lib/slf4j-api-1.6.4.jar com.yahoo.ycsb.Client -db com.yahoo.ycsb.db.MongoDbClient -s -P /home/vm1/clients/ycsb_mongo/workloads/workload1 -p mongodb.url=mongodb://10.0.3.220:27017/ycsb?w=0 -p maxexecutiontime=600 -t
YCSB Client 0.12.0
Command line: -db com.yahoo.ycsb.db.MongoDbClient -s -P /home/vm1/clients/ycsb_mongo/workloads/workload1 -p mongodb.url=mongodb://10.0.3.220:27017/ycsb?w=0 -p maxexecutiontime=600 -t
Loading workload...
Starting test.
Maximum execution time specified as: 600 secs
2017-05-20 12:21:19:545 0 sec: 0 operations; est completion in 0 seconds 
mongo client connection created with mongodb://10.0.3.220:27017/ycsb?w=0
DBWrapper: report latency for each error is false and specific error codes to track for latency are: []
2017-05-20 12:21:29:523 10 sec: 1018 operations; 101.8 current ops/sec; est completion in 1 days 3 hours [READ: Count=1018, Max=409855, Min=401, Avg=8245.03, 90=9167, 99=187391, 99.9=270079, 99.99=409855] 
2017-05-20 12:21:39:523 20 sec: 1598 operations; 58 current ops/sec; est completion in 1 days 10 hours [READ: Count=580, Max=275967, Min=353, Avg=17283.93, 90=80063, 99=234239, 99.9=273663, 99.99=275967] 
2017-05-20 12:21:49:523 30 sec: 2233 operations; 63.5 current ops/sec; est completion in 1 days 13 hours [READ: Count=635, Max=301567, Min=346, Avg=15667.96, 90=56287, 99=217471, 99.9=287487, 99.99=301567] 
2017-05-20 12:21:59:523 40 sec: 2790 operations; 55.7 current ops/sec; est completion in 1 days 15 hours [READ: Count=557, Max=466687, Min=310, Avg=17809.09, 90=66879, 99=274943, 99.9=390655, 99.99=466687] 
2017-05-20 12:22:09:523 50 sec: 3506 operations; 71.6 current ops/sec; est completion in 1 days 15 hours [READ: Count=716, Max=295679, Min=280, Avg=14025.1, 90=630, 99=244351, 99.9=289791, 99.99=295679] 
2017-05-20 12:22:19:523 60 sec: 4222 operations; 71.6 current ops/sec; est completion in 1 days 15 hours [READ: Count=722, Max=344575, Min=267, Avg=13939.67, 90=1142, 99=236543, 99.9=341759, 99.99=344575] 
2017-05-20 12:22:29:523 70 sec: 4723 operations; 50.1 current ops/sec; est completion in 1 days 17 hours [READ: Count=495, Max=343807, Min=265, Avg=20116.86, 90=89535, 99=250239, 99.9=343807, 99.99=343807] 
2017-05-20 12:22:39:523 80 sec: 5217 operations; 49.4 current ops/sec; est completion in 1 days 18 hours [READ: Count=494, Max=458495, Min=231, Avg=20169.65, 90=78847, 99=268543, 99.9=458495, 99.99=458495] 
2017-05-20 12:22:49:523 90 sec: 5826 operations; 60.9 current ops/sec; est completion in 1 days 18 hours [READ: Count=609, Max=369919, Min=215, Avg=16404.99, 90=69951, 99=231295, 99.9=359679, 99.99=369919] 
2017-05-20 12:22:59:523 100 sec: 6330 operations; 50.4 current ops/sec; est completion in 1 days 19 hours [READ: Count=504, Max=419071, Min=217, Avg=19790.9, 90=78207, 99=250495, 99.9=339455, 99.99=419071] 
2017-05-20 12:23:09:523 110 sec: 6907 operations; 57.7 current ops/sec; est completion in 1 days 20 hours [READ: Count=577, Max=330751, Min=210, Avg=17263.51, 90=60575, 99=238463, 99.9=276479, 99.99=330751] 
2017-05-20 12:23:19:523 120 sec: 7361 operations; 45.4 current ops/sec; est completion in 1 days 21 hours [READ: Count=454, Max=392703, Min=210, Avg=22059.66, 90=95231, 99=261375, 99.9=392703, 99.99=392703] 
2017-05-20 12:23:29:523 130 sec: 7902 operations; 54.1 current ops/sec; est completion in 1 days 21 hours [READ: Count=541, Max=310783, Min=213, Avg=18331.06, 90=79871, 99=234623, 99.9=290815, 99.99=310783] 
2017-05-20 12:23:39:523 140 sec: 8458 operations; 55.6 current ops/sec; est completion in 1 days 21 hours [READ: Count=556, Max=454143, Min=214, Avg=18007.1, 90=67263, 99=247935, 99.9=308991, 99.99=454143] 
2017-05-20 12:23:49:523 150 sec: 9059 operations; 60.1 current ops/sec; est completion in 1 days 21 hours [READ: Count=601, Max=305919, Min=211, Avg=16639.37, 90=75903, 99=232447, 99.9=251647, 99.99=305919] 
2017-05-20 12:23:59:523 160 sec: 9853 operations; 79.4 current ops/sec; est completion in 1 days 21 hours [READ: Count=794, Max=389119, Min=204, Avg=12636.08, 90=544, 99=222591, 99.9=311295, 99.99=389119] 
2017-05-20 12:24:09:523 170 sec: 10422 operations; 56.9 current ops/sec; est completion in 1 days 21 hours [READ: Count=569, Max=371711, Min=128, Avg=17640.6, 90=37951, 99=244863, 99.9=367103, 99.99=371711] 
2017-05-20 12:24:19:523 180 sec: 11022 operations; 60 current ops/sec; est completion in 1 days 21 hours [READ: Count=600, Max=309247, Min=123, Avg=16228.19, 90=66943, 99=235135, 99.9=286719, 99.99=309247] 
2017-05-20 12:24:29:523 190 sec: 11622 operations; 60 current ops/sec; est completion in 1 days 21 hours [READ: Count=600, Max=353023, Min=118, Avg=17007.85, 90=71551, 99=272639, 99.9=328191, 99.99=353023] 
2017-05-20 12:24:39:523 200 sec: 12311 operations; 68.9 current ops/sec; est completion in 1 days 21 hours [READ: Count=689, Max=570879, Min=120, Avg=14386.17, 90=475, 99=231167, 99.9=286975, 99.99=570879] 
2017-05-20 12:24:49:523 210 sec: 12848 operations; 53.7 current ops/sec; est completion in 1 days 21 hours [READ: Count=537, Max=359935, Min=117, Avg=18639.49, 90=82047, 99=222847, 99.9=328959, 99.99=359935] 
2017-05-20 12:24:59:523 220 sec: 13477 operations; 62.9 current ops/sec; est completion in 1 days 21 hours [READ: Count=629, Max=391679, Min=119, Avg=16055.74, 90=60543, 99=252927, 99.9=318463, 99.99=391679] 
2017-05-20 12:25:09:523 230 sec: 14181 operations; 70.4 current ops/sec; est completion in 1 days 20 hours [READ: Count=704, Max=352511, Min=121, Avg=14076.36, 90=742, 99=233599, 99.9=351743, 99.99=352511] 
2017-05-20 12:25:19:523 240 sec: 14662 operations; 48.1 current ops/sec; est completion in 1 days 21 hours [READ: Count=481, Max=424447, Min=122, Avg=20733.64, 90=84287, 99=258431, 99.9=424447, 99.99=424447] 
2017-05-20 12:25:29:523 250 sec: 15080 operations; 41.8 current ops/sec; est completion in 1 days 21 hours [READ: Count=418, Max=357119, Min=124, Avg=23993.24, 90=103487, 99=256383, 99.9=357119, 99.99=357119] 
2017-05-20 12:25:39:523 260 sec: 15485 operations; 40.5 current ops/sec; est completion in 1 days 22 hours [READ: Count=405, Max=310271, Min=126, Avg=24298.07, 90=121215, 99=263423, 99.9=310271, 99.99=310271] 
2017-05-20 12:25:49:523 270 sec: 15928 operations; 44.3 current ops/sec; est completion in 1 days 23 hours [READ: Count=443, Max=306175, Min=124, Avg=22979.49, 90=99967, 99=265983, 99.9=306175, 99.99=306175] 
2017-05-20 12:25:59:523 280 sec: 16336 operations; 40.8 current ops/sec; est completion in 1 days 23 hours [READ: Count=408, Max=335103, Min=119, Avg=24693.88, 90=111167, 99=259839, 99.9=335103, 99.99=335103] 
2017-05-20 12:26:09:523 290 sec: 16750 operations; 41.4 current ops/sec; est completion in 2 days [READ: Count=414, Max=347903, Min=118, Avg=23939.04, 90=108735, 99=269823, 99.9=347903, 99.99=347903] 
2017-05-20 12:26:19:523 300 sec: 17219 operations; 46.9 current ops/sec; est completion in 2 days [READ: Count=469, Max=470783, Min=115, Avg=21464.91, 90=87103, 99=275199, 99.9=470783, 99.99=470783] 
2017-05-20 12:26:29:523 310 sec: 17753 operations; 53.4 current ops/sec; est completion in 2 days [READ: Count=534, Max=325375, Min=120, Avg=18722.54, 90=86847, 99=248447, 99.9=314623, 99.99=325375] 
2017-05-20 12:26:39:523 320 sec: 18177 operations; 42.4 current ops/sec; est completion in 2 days [READ: Count=424, Max=437247, Min=121, Avg=23428.47, 90=113023, 99=264191, 99.9=437247, 99.99=437247] 
2017-05-20 12:26:49:523 330 sec: 18642 operations; 46.5 current ops/sec; est completion in 2 days 1 hours [READ: Count=465, Max=377855, Min=114, Avg=21517.65, 90=102335, 99=260479, 99.9=377855, 99.99=377855] 
2017-05-20 12:26:59:523 340 sec: 19100 operations; 45.8 current ops/sec; est completion in 2 days 1 hours [READ: Count=458, Max=454911, Min=116, Avg=21708.97, 90=88639, 99=261759, 99.9=454911, 99.99=454911] 
2017-05-20 12:27:09:523 350 sec: 19637 operations; 53.7 current ops/sec; est completion in 2 days 1 hours [READ: Count=537, Max=418303, Min=116, Avg=18635.63, 90=74047, 99=253695, 99.9=387839, 99.99=418303] 
2017-05-20 12:27:19:523 360 sec: 20066 operations; 42.9 current ops/sec; est completion in 2 days 1 hours [READ: Count=429, Max=397055, Min=119, Avg=23353.06, 90=97407, 99=265727, 99.9=397055, 99.99=397055] 
2017-05-20 12:27:29:523 370 sec: 20475 operations; 40.9 current ops/sec; est completion in 2 days 2 hours [READ: Count=409, Max=567807, Min=119, Avg=24333.47, 90=106815, 99=289791, 99.9=567807, 99.99=567807] 
2017-05-20 12:27:39:523 380 sec: 20905 operations; 43 current ops/sec; est completion in 2 days 2 hours [READ: Count=430, Max=527871, Min=117, Avg=23046.18, 90=96703, 99=272383, 99.9=527871, 99.99=527871] 
2017-05-20 12:27:49:523 390 sec: 21244 operations; 33.9 current ops/sec; est completion in 2 days 2 hours [READ: Count=339, Max=499455, Min=130, Avg=30154.6, 90=132863, 99=322303, 99.9=499455, 99.99=499455] 
2017-05-20 12:27:59:523 400 sec: 21622 operations; 37.8 current ops/sec; est completion in 2 days 3 hours [READ: Count=378, Max=687615, Min=122, Avg=26176.01, 90=106815, 99=322047, 99.9=687615, 99.99=687615] 
2017-05-20 12:28:09:523 410 sec: 21993 operations; 37.1 current ops/sec; est completion in 2 days 3 hours [READ: Count=371, Max=337407, Min=124, Avg=27066.62, 90=125887, 99=294399, 99.9=337407, 99.99=337407] 
2017-05-20 12:28:19:523 420 sec: 22462 operations; 46.9 current ops/sec; est completion in 2 days 3 hours [READ: Count=469, Max=367615, Min=117, Avg=21398.14, 90=104447, 99=230783, 99.9=367615, 99.99=367615] 
2017-05-20 12:28:29:523 430 sec: 22864 operations; 40.2 current ops/sec; est completion in 2 days 4 hours [READ: Count=402, Max=399871, Min=123, Avg=24864.32, 90=126207, 99=252031, 99.9=399871, 99.99=399871] 
2017-05-20 12:28:39:523 440 sec: 23258 operations; 39.4 current ops/sec; est completion in 2 days 4 hours [READ: Count=394, Max=626687, Min=120, Avg=25440.93, 90=110783, 99=268031, 99.9=626687, 99.99=626687] 
2017-05-20 12:28:49:523 450 sec: 23721 operations; 46.3 current ops/sec; est completion in 2 days 4 hours [READ: Count=464, Max=381695, Min=121, Avg=21560.25, 90=93695, 99=248191, 99.9=381695, 99.99=381695] 
2017-05-20 12:28:59:523 460 sec: 24162 operations; 44.1 current ops/sec; est completion in 2 days 4 hours [READ: Count=440, Max=340223, Min=116, Avg=22460.02, 90=107775, 99=260351, 99.9=340223, 99.99=340223] 
2017-05-20 12:29:09:523 470 sec: 24541 operations; 37.9 current ops/sec; est completion in 2 days 5 hours [READ: Count=379, Max=432639, Min=119, Avg=26319.32, 90=118527, 99=249599, 99.9=432639, 99.99=432639] 
2017-05-20 12:29:19:523 480 sec: 24941 operations; 40 current ops/sec; est completion in 2 days 5 hours [READ: Count=400, Max=290815, Min=115, Avg=24963.38, 90=114047, 99=231551, 99.9=290815, 99.99=290815] 
2017-05-20 12:29:29:523 490 sec: 25305 operations; 36.4 current ops/sec; est completion in 2 days 5 hours [READ: Count=364, Max=477439, Min=127, Avg=27826.05, 90=135679, 99=294911, 99.9=477439, 99.99=477439] 
2017-05-20 12:29:39:523 500 sec: 25623 operations; 31.8 current ops/sec; est completion in 2 days 6 hours [READ: Count=318, Max=530943, Min=118, Avg=31346.3, 90=147071, 99=313599, 99.9=530943, 99.99=530943] 
2017-05-20 12:29:49:523 510 sec: 25977 operations; 35.4 current ops/sec; est completion in 2 days 6 hours [READ: Count=354, Max=398335, Min=121, Avg=28337.04, 90=125759, 99=278271, 99.9=398335, 99.99=398335] 
2017-05-20 12:29:59:523 520 sec: 26403 operations; 42.6 current ops/sec; est completion in 2 days 6 hours [READ: Count=426, Max=384511, Min=116, Avg=23331.71, 90=86463, 99=311295, 99.9=384511, 99.99=384511] 
2017-05-20 12:30:09:523 530 sec: 26736 operations; 33.3 current ops/sec; est completion in 2 days 6 hours [READ: Count=333, Max=379135, Min=124, Avg=29920.77, 90=146175, 99=286207, 99.9=379135, 99.99=379135] 
2017-05-20 12:30:19:523 540 sec: 27100 operations; 36.4 current ops/sec; est completion in 2 days 7 hours [READ: Count=364, Max=390399, Min=119, Avg=27596.27, 90=131839, 99=295679, 99.9=390399, 99.99=390399] 
2017-05-20 12:30:29:523 550 sec: 27424 operations; 32.4 current ops/sec; est completion in 2 days 7 hours [READ: Count=324, Max=365823, Min=127, Avg=30755.2, 90=145407, 99=278015, 99.9=365823, 99.99=365823] 
2017-05-20 12:30:39:523 560 sec: 27692 operations; 26.8 current ops/sec; est completion in 2 days 8 hours [READ: Count=268, Max=291839, Min=127, Avg=37138.47, 90=183167, 99=268031, 99.9=291839, 99.99=291839] 
2017-05-20 12:30:49:563 570 sec: 28011 operations; 31.9 current ops/sec; est completion in 2 days 8 hours [READ: Count=319, Max=569343, Min=118, Avg=31307.32, 90=141823, 99=292607, 99.9=569343, 99.99=569343] 
2017-05-20 12:30:59:523 580 sec: 28376 operations; 36.5 current ops/sec; est completion in 2 days 8 hours [READ: Count=365, Max=327935, Min=119, Avg=27621.87, 90=123135, 99=297727, 99.9=327935, 99.99=327935] 
2017-05-20 12:31:09:523 590 sec: 28695 operations; 31.9 current ops/sec; est completion in 2 days 8 hours [READ: Count=319, Max=417535, Min=120, Avg=31223.71, 90=160383, 99=336895, 99.9=417535, 99.99=417535] 
Maximum time elapsed. Requesting stop for the workload.
Stop requested for workload. Now Joining!
2017-05-20 12:31:19:523 600 sec: 28981 operations; 28.6 current ops/sec; est completion in 2 days 9 hours [READ: Count=286, Max=394751, Min=119, Avg=34331.28, 90=162175, 99=271871, 99.9=394751, 99.99=394751] 
2017-05-20 12:31:19:534 600 sec: 28982 operations; 90.91 current ops/sec; est completion in 2 days 9 hours [CLEANUP: Count=1, Max=1145, Min=1145, Avg=1145, 90=1145, 99=1145, 99.9=1145, 99.99=1145] [READ: Count=1, Max=285439, Min=285184, Avg=285312, 90=285439, 99=285439, 99.9=285439, 99.99=285439] 
[OVERALL], RunTime(ms), 600011.0
[OVERALL], Throughput(ops/sec), 48.302447788457215
[TOTAL_GCS_PS_Scavenge], Count, 18.0
[TOTAL_GC_TIME_PS_Scavenge], Time(ms), 59.0
[TOTAL_GC_TIME_%_PS_Scavenge], Time(%), 0.009833153058860587
[TOTAL_GCS_PS_MarkSweep], Count, 0.0
[TOTAL_GC_TIME_PS_MarkSweep], Time(ms), 0.0
[TOTAL_GC_TIME_%_PS_MarkSweep], Time(%), 0.0
[TOTAL_GCs], Count, 18.0
[TOTAL_GC_TIME], Time(ms), 59.0
[TOTAL_GC_TIME_%], Time(%), 0.009833153058860587
[CLEANUP], Operations, 1.0
[CLEANUP], AverageLatency(us), 1145.0
[CLEANUP], MinLatency(us), 1145.0
[CLEANUP], MaxLatency(us), 1145.0
[CLEANUP], 95thPercentileLatency(us), 1145.0
[CLEANUP], 99thPercentileLatency(us), 1145.0
[READ], Operations, 28982.0
[READ], AverageLatency(us), 20638.994341315298
[READ], MinLatency(us), 114.0
[READ], MaxLatency(us), 687615.0
[READ], 95thPercentileLatency(us), 174463.0
[READ], 99thPercentileLatency(us), 265983.0
[READ], Return=OK, 28982
