Sun Jun 25 01:22:52 IST 2017
--------------------MEMCG-----------------------
MEM ONLY  : 121 MB
MEM+SWAP  : 121 MB
cache 74080256
rss 53039104
rss_huge 0
mapped_file 36749312
writeback 0
swap 0
pgpgin 128030
pgpgout 96995
pgfault 189235
pgmajfault 483
inactive_anon 45056
active_anon 53063680
inactive_file 59432960
active_file 14573568
unevictable 4096
hierarchical_memory_limit 1073741824
hierarchical_memsw_limit 5368709120
total_cache 74080256
total_rss 53039104
total_rss_huge 0
total_mapped_file 36749312
total_writeback 0
total_swap 0
total_pgpgin 128030
total_pgpgout 96995
total_pgfault 189235
total_pgmajfault 483
total_inactive_anon 45056
total_active_anon 53063680
total_inactive_file 59432960
total_active_file 14573568
total_unevictable 4096
--------------------BLKIO-----------------------
11:0 Read 0
11:0 Write 0
11:0 Sync 0
11:0 Async 0
11:0 Total 0
253:0 Read 73781248
253:0 Write 307200
253:0 Sync 61440
253:0 Async 74027008
253:0 Total 74088448
Total 74088448
--------------------CPUAC-----------------------
user 46
system 86
 
Sun Jun 25 01:23:22 IST 2017
--------------------MEMCG-----------------------
MEM ONLY  : 263 MB
MEM+SWAP  : 263 MB
cache 146853888
rss 129155072
rss_huge 0
mapped_file 36610048
writeback 0
swap 0
pgpgin 164545
pgpgout 97160
pgfault 208016
pgmajfault 483
inactive_anon 45056
active_anon 129179648
inactive_file 132177920
active_file 14602240
unevictable 4096
hierarchical_memory_limit 1073741824
hierarchical_memsw_limit 5368709120
total_cache 146853888
total_rss 129155072
total_rss_huge 0
total_mapped_file 36610048
total_writeback 0
total_swap 0
total_pgpgin 164545
total_pgpgout 97160
total_pgfault 208016
total_pgmajfault 483
total_inactive_anon 45056
total_active_anon 129179648
total_inactive_file 132177920
total_active_file 14602240
total_unevictable 4096
--------------------BLKIO-----------------------
11:0 Read 0
11:0 Write 0
11:0 Sync 0
11:0 Async 0
11:0 Total 0
253:0 Read 146550784
253:0 Write 438272
253:0 Sync 159744
253:0 Async 146829312
253:0 Total 146989056
Total 146989056
--------------------CPUAC-----------------------
user 66
system 102
 
Sun Jun 25 01:23:52 IST 2017
--------------------MEMCG-----------------------
MEM ONLY  : 411 MB
MEM+SWAP  : 411 MB
cache 223449088
rss 207540224
rss_huge 0
mapped_file 36610048
writeback 0
swap 0
pgpgin 202481
pgpgout 97259
pgfault 227273
pgmajfault 483
inactive_anon 45056
active_anon 207564800
inactive_file 208773120
active_file 14602240
unevictable 4096
hierarchical_memory_limit 1073741824
hierarchical_memsw_limit 5368709120
total_cache 223449088
total_rss 207540224
total_rss_huge 0
total_mapped_file 36610048
total_writeback 0
total_swap 0
total_pgpgin 202481
total_pgpgout 97259
total_pgfault 227273
total_pgmajfault 483
total_inactive_anon 45056
total_active_anon 207564800
total_inactive_file 208773120
total_active_file 14602240
total_unevictable 4096
--------------------BLKIO-----------------------
11:0 Read 0
11:0 Write 0
11:0 Sync 0
11:0 Async 0
11:0 Total 0
253:0 Read 223145984
253:0 Write 475136
253:0 Sync 159744
253:0 Async 223461376
253:0 Total 223621120
Total 223621120
--------------------CPUAC-----------------------
user 92
system 129
 
Sun Jun 25 01:24:22 IST 2017
--------------------MEMCG-----------------------
MEM ONLY  : 531 MB
MEM+SWAP  : 531 MB
cache 301572096
rss 255373312
rss_huge 0
mapped_file 36610048
writeback 0
swap 0
pgpgin 233334
pgpgout 97361
pgfault 239059
pgmajfault 483
inactive_anon 45056
active_anon 255397888
inactive_file 282857472
active_file 18640896
unevictable 4096
hierarchical_memory_limit 1073741824
hierarchical_memsw_limit 5368709120
total_cache 301572096
total_rss 255373312
total_rss_huge 0
total_mapped_file 36610048
total_writeback 0
total_swap 0
total_pgpgin 233334
total_pgpgout 97361
total_pgfault 239059
total_pgmajfault 483
total_inactive_anon 45056
total_active_anon 255397888
total_inactive_file 282857472
total_active_file 18640896
total_unevictable 4096
--------------------BLKIO-----------------------
11:0 Read 0
11:0 Write 0
11:0 Sync 0
11:0 Async 0
11:0 Total 0
253:0 Read 301264896
253:0 Write 561152
253:0 Sync 196608
253:0 Async 301629440
253:0 Total 301826048
Total 301826048
--------------------CPUAC-----------------------
user 118
system 152
 
Sun Jun 25 01:24:52 IST 2017
--------------------MEMCG-----------------------
MEM ONLY  : 608 MB
MEM+SWAP  : 608 MB
cache 380461056
rss 257531904
rss_huge 0
mapped_file 36610048
writeback 0
swap 0
pgpgin 253244
pgpgout 97484
pgfault 239698
pgmajfault 483
inactive_anon 45056
active_anon 257556480
inactive_file 355508224
active_file 24879104
unevictable 4096
hierarchical_memory_limit 1073741824
hierarchical_memsw_limit 5368709120
total_cache 380461056
total_rss 257531904
total_rss_huge 0
total_mapped_file 36610048
total_writeback 0
total_swap 0
total_pgpgin 253244
total_pgpgout 97484
total_pgfault 239698
total_pgmajfault 483
total_inactive_anon 45056
total_active_anon 257556480
total_inactive_file 355508224
total_active_file 24879104
total_unevictable 4096
--------------------BLKIO-----------------------
11:0 Read 0
11:0 Write 0
11:0 Sync 0
11:0 Async 0
11:0 Total 0
253:0 Read 380149760
253:0 Write 614400
253:0 Sync 196608
253:0 Async 380567552
253:0 Total 380764160
Total 380764160
--------------------CPUAC-----------------------
user 152
system 177
 
Sun Jun 25 01:25:22 IST 2017
--------------------MEMCG-----------------------
MEM ONLY  : 685 MB
MEM+SWAP  : 685 MB
cache 459960320
rss 258355200
rss_huge 0
mapped_file 36610048
writeback 0
swap 0
pgpgin 273041
pgpgout 97671
pgfault 240071
pgmajfault 483
inactive_anon 45056
active_anon 258379776
inactive_file 427229184
active_file 32632832
unevictable 4096
hierarchical_memory_limit 1073741824
hierarchical_memsw_limit 5368709120
total_cache 459960320
total_rss 258355200
total_rss_huge 0
total_mapped_file 36610048
total_writeback 0
total_swap 0
total_pgpgin 273041
total_pgpgout 97671
total_pgfault 240071
total_pgmajfault 483
total_inactive_anon 45056
total_active_anon 258379776
total_inactive_file 427229184
total_active_file 32632832
total_unevictable 4096
--------------------BLKIO-----------------------
11:0 Read 0
11:0 Write 0
11:0 Sync 0
11:0 Async 0
11:0 Total 0
253:0 Read 459649024
253:0 Write 675840
253:0 Sync 196608
253:0 Async 460128256
253:0 Total 460324864
Total 460324864
--------------------CPUAC-----------------------
user 180
system 199
 
Sun Jun 25 01:25:52 IST 2017
--------------------MEMCG-----------------------
MEM ONLY  : 761 MB
MEM+SWAP  : 761 MB
cache 540254208
rss 258215936
rss_huge 0
mapped_file 36610048
writeback 0
swap 0
pgpgin 292794
pgpgout 97855
pgfault 240204
pgmajfault 483
inactive_anon 45056
active_anon 258240512
inactive_file 497795072
active_file 42385408
unevictable 4096
hierarchical_memory_limit 1073741824
hierarchical_memsw_limit 5368709120
total_cache 540254208
total_rss 258215936
total_rss_huge 0
total_mapped_file 36610048
total_writeback 0
total_swap 0
total_pgpgin 292794
total_pgpgout 97855
total_pgfault 240204
total_pgmajfault 483
total_inactive_anon 45056
total_active_anon 258240512
total_inactive_file 497795072
total_active_file 42385408
total_unevictable 4096
--------------------BLKIO-----------------------
11:0 Read 0
11:0 Write 0
11:0 Sync 0
11:0 Async 0
11:0 Total 0
253:0 Read 539938816
253:0 Write 749568
253:0 Sync 196608
253:0 Async 540491776
253:0 Total 540688384
Total 540688384
--------------------CPUAC-----------------------
user 216
system 220
 
Sun Jun 25 01:26:22 IST 2017
--------------------MEMCG-----------------------
MEM ONLY  : 838 MB
MEM+SWAP  : 838 MB
cache 620826624
rss 257937408
rss_huge 0
mapped_file 36610048
writeback 0
swap 0
pgpgin 312593
pgpgout 98051
pgfault 240315
pgmajfault 483
inactive_anon 45056
active_anon 257961984
inactive_file 567058432
active_file 53694464
unevictable 4096
hierarchical_memory_limit 1073741824
hierarchical_memsw_limit 5368709120
total_cache 620826624
total_rss 257937408
total_rss_huge 0
total_mapped_file 36610048
total_writeback 0
total_swap 0
total_pgpgin 312593
total_pgpgout 98051
total_pgfault 240315
total_pgmajfault 483
total_inactive_anon 45056
total_active_anon 257961984
total_inactive_file 567058432
total_active_file 53694464
total_unevictable 4096
--------------------BLKIO-----------------------
11:0 Read 0
11:0 Write 0
11:0 Sync 0
11:0 Async 0
11:0 Total 0
253:0 Read 620511232
253:0 Write 823296
253:0 Sync 196608
253:0 Async 621137920
253:0 Total 621334528
Total 621334528
--------------------CPUAC-----------------------
user 253
system 242
 
Sun Jun 25 01:26:52 IST 2017
--------------------MEMCG-----------------------
MEM ONLY  : 916 MB
MEM+SWAP  : 916 MB
cache 703209472
rss 257961984
rss_huge 0
mapped_file 36610048
writeback 0
swap 0
pgpgin 332845
pgpgout 98184
pgfault 240434
pgmajfault 483
inactive_anon 45056
active_anon 257986560
inactive_file 634277888
active_file 68857856
unevictable 4096
hierarchical_memory_limit 1073741824
hierarchical_memsw_limit 5368709120
total_cache 703209472
total_rss 257961984
total_rss_huge 0
total_mapped_file 36610048
total_writeback 0
total_swap 0
total_pgpgin 332845
total_pgpgout 98184
total_pgfault 240434
total_pgmajfault 483
total_inactive_anon 45056
total_active_anon 257986560
total_inactive_file 634277888
total_active_file 68857856
total_unevictable 4096
--------------------BLKIO-----------------------
11:0 Read 0
11:0 Write 0
11:0 Sync 0
11:0 Async 0
11:0 Total 0
253:0 Read 702889984
253:0 Write 909312
253:0 Sync 196608
253:0 Async 703602688
253:0 Total 703799296
Total 703799296
--------------------CPUAC-----------------------
user 297
system 259
 
Sun Jun 25 01:27:22 IST 2017
--------------------MEMCG-----------------------
MEM ONLY  : 997 MB
MEM+SWAP  : 997 MB
cache 787910656
rss 258093056
rss_huge 0
mapped_file 36610048
writeback 0
swap 0
pgpgin 353668
pgpgout 98296
pgfault 240556
pgmajfault 483
inactive_anon 45056
active_anon 258117632
inactive_file 702029824
active_file 85807104
unevictable 4096
hierarchical_memory_limit 1073741824
hierarchical_memsw_limit 5368709120
total_cache 787910656
total_rss 258093056
total_rss_huge 0
total_mapped_file 36610048
total_writeback 0
total_swap 0
total_pgpgin 353668
total_pgpgout 98296
total_pgfault 240556
total_pgmajfault 483
total_inactive_anon 45056
total_active_anon 258117632
total_inactive_file 702029824
total_active_file 85807104
total_unevictable 4096
--------------------BLKIO-----------------------
11:0 Read 0
11:0 Write 0
11:0 Sync 0
11:0 Async 0
11:0 Total 0
253:0 Read 787591168
253:0 Write 970752
253:0 Sync 196608
253:0 Async 788365312
253:0 Total 788561920
Total 788561920
--------------------CPUAC-----------------------
user 335
system 281
 
Sun Jun 25 01:27:52 IST 2017
--------------------MEMCG-----------------------
MEM ONLY  : 1023 MB
MEM+SWAP  : 1023 MB
cache 815247360
rss 258265088
rss_huge 0
mapped_file 36581376
writeback 0
swap 0
pgpgin 374975
pgpgout 112887
pgfault 240688
pgmajfault 483
inactive_anon 107986944
active_anon 150347776
inactive_file 676118528
active_file 139055104
unevictable 4096
hierarchical_memory_limit 1073741824
hierarchical_memsw_limit 5368709120
total_cache 815247360
total_rss 258265088
total_rss_huge 0
total_mapped_file 36581376
total_writeback 0
total_swap 0
total_pgpgin 374975
total_pgpgout 112887
total_pgfault 240688
total_pgmajfault 483
total_inactive_anon 107986944
total_active_anon 150347776
total_inactive_file 676118528
total_active_file 139055104
total_unevictable 4096
--------------------BLKIO-----------------------
11:0 Read 0
11:0 Write 0
11:0 Sync 0
11:0 Async 0
11:0 Total 0
253:0 Read 873689088
253:0 Write 995328
253:0 Sync 196608
253:0 Async 874487808
253:0 Total 874684416
Total 874684416
--------------------CPUAC-----------------------
user 372
system 308
 
Sun Jun 25 01:28:22 IST 2017
--------------------MEMCG-----------------------
MEM ONLY  : 1023 MB
MEM+SWAP  : 1023 MB
cache 815407104
rss 258297856
rss_huge 0
mapped_file 36581376
writeback 0
swap 0
pgpgin 397480
pgpgout 135345
pgfault 240786
pgmajfault 483
inactive_anon 129220608
active_anon 129146880
inactive_file 649453568
active_file 165879808
unevictable 4096
hierarchical_memory_limit 1073741824
hierarchical_memsw_limit 5368709120
total_cache 815407104
total_rss 258297856
total_rss_huge 0
total_mapped_file 36581376
total_writeback 0
total_swap 0
total_pgpgin 397480
total_pgpgout 135345
total_pgfault 240786
total_pgmajfault 483
total_inactive_anon 129220608
total_active_anon 129146880
total_inactive_file 649453568
total_active_file 165879808
total_unevictable 4096
--------------------BLKIO-----------------------
11:0 Read 0
11:0 Write 0
11:0 Sync 0
11:0 Async 0
11:0 Total 0
253:0 Read 961167360
253:0 Write 1032192
253:0 Sync 196608
253:0 Async 962002944
253:0 Total 962199552
Total 962199552
--------------------CPUAC-----------------------
user 412
system 339
 
Sun Jun 25 01:28:52 IST 2017
--------------------MEMCG-----------------------
MEM ONLY  : 1023 MB
MEM+SWAP  : 1023 MB
cache 815489024
rss 258248704
rss_huge 0
mapped_file 36581376
writeback 0
swap 0
pgpgin 420483
pgpgout 158340
pgfault 240908
pgmajfault 483
inactive_anon 129335296
active_anon 128983040
inactive_file 620097536
active_file 195317760
unevictable 4096
hierarchical_memory_limit 1073741824
hierarchical_memsw_limit 5368709120
total_cache 815489024
total_rss 258248704
total_rss_huge 0
total_mapped_file 36581376
total_writeback 0
total_swap 0
total_pgpgin 420483
total_pgpgout 158340
total_pgfault 240908
total_pgmajfault 483
total_inactive_anon 129335296
total_active_anon 128983040
total_inactive_file 620097536
total_active_file 195317760
total_unevictable 4096
--------------------BLKIO-----------------------
11:0 Read 0
11:0 Write 0
11:0 Sync 0
11:0 Async 0
11:0 Total 0
253:0 Read 1047175168
253:0 Write 1081344
253:0 Sync 196608
253:0 Async 1048059904
253:0 Total 1048256512
Total 1048256512
--------------------CPUAC-----------------------
user 457
system 371
 
Sun Jun 25 01:29:22 IST 2017
--------------------MEMCG-----------------------
MEM ONLY  : 1023 MB
MEM+SWAP  : 1023 MB
cache 815501312
rss 258117632
rss_huge 0
mapped_file 36581376
writeback 0
swap 0
pgpgin 445522
pgpgout 183408
pgfault 241078
pgmajfault 483
inactive_anon 129306624
active_anon 128880640
inactive_file 586207232
active_file 229220352
unevictable 4096
hierarchical_memory_limit 1073741824
hierarchical_memsw_limit 5368709120
total_cache 815501312
total_rss 258117632
total_rss_huge 0
total_mapped_file 36581376
total_writeback 0
total_swap 0
total_pgpgin 445522
total_pgpgout 183408
total_pgfault 241078
total_pgmajfault 483
total_inactive_anon 129306624
total_active_anon 128880640
total_inactive_file 586207232
total_active_file 229220352
total_unevictable 4096
--------------------BLKIO-----------------------
11:0 Read 0
11:0 Write 0
11:0 Sync 0
11:0 Async 0
11:0 Total 0
253:0 Read 1133940736
253:0 Write 1138688
253:0 Sync 196608
253:0 Async 1134882816
253:0 Total 1135079424
Total 1135079424
--------------------CPUAC-----------------------
user 500
system 397
 
Sun Jun 25 01:29:52 IST 2017
--------------------MEMCG-----------------------
MEM ONLY  : 1023 MB
MEM+SWAP  : 1023 MB
cache 815550464
rss 258101248
rss_huge 0
mapped_file 36581376
writeback 0
swap 0
pgpgin 471979
pgpgout 209857
pgfault 241276
pgmajfault 483
inactive_anon 129306624
active_anon 128864256
inactive_file 551530496
active_file 263946240
unevictable 4096
hierarchical_memory_limit 1073741824
hierarchical_memsw_limit 5368709120
total_cache 815550464
total_rss 258101248
total_rss_huge 0
total_mapped_file 36581376
total_writeback 0
total_swap 0
total_pgpgin 471979
total_pgpgout 209857
total_pgfault 241276
total_pgmajfault 483
total_inactive_anon 129306624
total_active_anon 128864256
total_inactive_file 551530496
total_active_file 263946240
total_unevictable 4096
--------------------BLKIO-----------------------
11:0 Read 0
11:0 Write 0
11:0 Sync 0
11:0 Async 0
11:0 Total 0
253:0 Read 1219203072
253:0 Write 1200128
253:0 Sync 196608
253:0 Async 1220206592
253:0 Total 1220403200
Total 1220403200
--------------------CPUAC-----------------------
user 546
system 426
 
Sun Jun 25 01:30:22 IST 2017
--------------------MEMCG-----------------------
MEM ONLY  : 1023 MB
MEM+SWAP  : 1023 MB
cache 815689728
rss 257978368
rss_huge 0
mapped_file 36581376
writeback 0
swap 0
pgpgin 500369
pgpgout 238243
pgfault 241455
pgmajfault 483
inactive_anon 129437696
active_anon 128610304
inactive_file 514383872
active_file 301232128
unevictable 4096
hierarchical_memory_limit 1073741824
hierarchical_memsw_limit 5368709120
total_cache 815689728
total_rss 257978368
total_rss_huge 0
total_mapped_file 36581376
total_writeback 0
total_swap 0
total_pgpgin 500369
total_pgpgout 238243
total_pgfault 241455
total_pgmajfault 483
total_inactive_anon 129437696
total_active_anon 128610304
total_inactive_file 514383872
total_active_file 301232128
total_unevictable 4096
--------------------BLKIO-----------------------
11:0 Read 0
11:0 Write 0
11:0 Sync 0
11:0 Async 0
11:0 Total 0
253:0 Read 1304580096
253:0 Write 1273856
253:0 Sync 196608
253:0 Async 1305657344
253:0 Total 1305853952
Total 1305853952
--------------------CPUAC-----------------------
user 595
system 461
 
Sun Jun 25 01:30:52 IST 2017
--------------------MEMCG-----------------------
MEM ONLY  : 1023 MB
MEM+SWAP  : 1023 MB
cache 815964160
rss 257622016
rss_huge 0
mapped_file 36495360
writeback 0
swap 0
pgpgin 530506
pgpgout 268400
pgfault 241617
pgmajfault 483
inactive_anon 129437696
active_anon 128253952
inactive_file 477159424
active_file 338731008
unevictable 4096
hierarchical_memory_limit 1073741824
hierarchical_memsw_limit 5368709120
total_cache 815964160
total_rss 257622016
total_rss_huge 0
total_mapped_file 36495360
total_writeback 0
total_swap 0
total_pgpgin 530506
total_pgpgout 268400
total_pgfault 241617
total_pgmajfault 483
total_inactive_anon 129437696
total_active_anon 128253952
total_inactive_file 477159424
total_active_file 338731008
total_unevictable 4096
--------------------BLKIO-----------------------
11:0 Read 0
11:0 Write 0
11:0 Sync 0
11:0 Async 0
11:0 Total 0
253:0 Read 1389457408
253:0 Write 1351680
253:0 Sync 196608
253:0 Async 1390612480
253:0 Total 1390809088
Total 1390809088
--------------------CPUAC-----------------------
user 643
system 495
 
Sun Jun 25 01:31:22 IST 2017
--------------------MEMCG-----------------------
MEM ONLY  : 1023 MB
MEM+SWAP  : 1023 MB
cache 816295936
rss 257224704
rss_huge 0
mapped_file 36495360
writeback 0
swap 0
pgpgin 562455
pgpgout 300365
pgfault 241708
pgmajfault 483
inactive_anon 129437696
active_anon 127856640
inactive_file 435875840
active_file 380346368
unevictable 4096
hierarchical_memory_limit 1073741824
hierarchical_memsw_limit 5368709120
total_cache 816295936
total_rss 257224704
total_rss_huge 0
total_mapped_file 36495360
total_writeback 0
total_swap 0
total_pgpgin 562455
total_pgpgout 300365
total_pgfault 241708
total_pgmajfault 483
total_inactive_anon 129437696
total_active_anon 127856640
total_inactive_file 435875840
total_active_file 380346368
total_unevictable 4096
--------------------BLKIO-----------------------
11:0 Read 0
11:0 Write 0
11:0 Sync 0
11:0 Async 0
11:0 Total 0
253:0 Read 1477193728
253:0 Write 1437696
253:0 Sync 196608
253:0 Async 1478434816
253:0 Total 1478631424
Total 1478631424
--------------------CPUAC-----------------------
user 688
system 531
 
Sun Jun 25 01:31:52 IST 2017
--------------------MEMCG-----------------------
MEM ONLY  : 1023 MB
MEM+SWAP  : 1023 MB
cache 816799744
rss 256770048
rss_huge 0
mapped_file 36495360
writeback 0
swap 0
pgpgin 592958
pgpgout 330856
pgfault 241800
pgmajfault 483
inactive_anon 129437696
active_anon 127401984
inactive_file 408518656
active_file 408207360
unevictable 4096
hierarchical_memory_limit 1073741824
hierarchical_memsw_limit 5368709120
total_cache 816799744
total_rss 256770048
total_rss_huge 0
total_mapped_file 36495360
total_writeback 0
total_swap 0
total_pgpgin 592958
total_pgpgout 330856
total_pgfault 241800
total_pgmajfault 483
total_inactive_anon 129437696
total_active_anon 127401984
total_inactive_file 408518656
total_active_file 408207360
total_unevictable 4096
--------------------BLKIO-----------------------
11:0 Read 0
11:0 Write 0
11:0 Sync 0
11:0 Async 0
11:0 Total 0
253:0 Read 1562288128
253:0 Write 1536000
253:0 Sync 196608
253:0 Async 1563627520
253:0 Total 1563824128
Total 1563824128
--------------------CPUAC-----------------------
user 729
system 565
 
Sun Jun 25 01:32:22 IST 2017
--------------------MEMCG-----------------------
MEM ONLY  : 1023 MB
MEM+SWAP  : 1023 MB
cache 816918528
rss 256712704
rss_huge 0
mapped_file 36495360
writeback 0
swap 0
pgpgin 623713
pgpgout 361596
pgfault 241891
pgmajfault 483
inactive_anon 129437696
active_anon 127344640
inactive_file 408641536
active_file 408174592
unevictable 4096
hierarchical_memory_limit 1073741824
hierarchical_memsw_limit 5368709120
total_cache 816918528
total_rss 256712704
total_rss_huge 0
total_mapped_file 36495360
total_writeback 0
total_swap 0
total_pgpgin 623713
total_pgpgout 361596
total_pgfault 241891
total_pgmajfault 483
total_inactive_anon 129437696
total_active_anon 127344640
total_inactive_file 408641536
total_active_file 408174592
total_unevictable 4096
--------------------BLKIO-----------------------
11:0 Read 0
11:0 Write 0
11:0 Sync 0
11:0 Async 0
11:0 Total 0
253:0 Read 1648406528
253:0 Write 1601536
253:0 Sync 196608
253:0 Async 1649811456
253:0 Total 1650008064
Total 1650008064
--------------------CPUAC-----------------------
user 780
system 597
 
Sun Jun 25 01:32:52 IST 2017
--------------------MEMCG-----------------------
MEM ONLY  : 1023 MB
MEM+SWAP  : 1023 MB
cache 816721920
rss 256712704
rss_huge 0
mapped_file 36495360
writeback 0
swap 0
pgpgin 654504
pgpgout 392435
pgfault 241981
pgmajfault 483
inactive_anon 129437696
active_anon 127344640
inactive_file 408436736
active_file 408211456
unevictable 4096
hierarchical_memory_limit 1073741824
hierarchical_memsw_limit 5368709120
total_cache 816721920
total_rss 256712704
total_rss_huge 0
total_mapped_file 36495360
total_writeback 0
total_swap 0
total_pgpgin 654504
total_pgpgout 392435
total_pgfault 241981
total_pgmajfault 483
total_inactive_anon 129437696
total_active_anon 127344640
total_inactive_file 408436736
total_active_file 408211456
total_unevictable 4096
--------------------BLKIO-----------------------
11:0 Read 0
11:0 Write 0
11:0 Sync 0
11:0 Async 0
11:0 Total 0
253:0 Read 1734533120
253:0 Write 1626112
253:0 Sync 196608
253:0 Async 1735962624
253:0 Total 1736159232
Total 1736159232
--------------------CPUAC-----------------------
user 814
system 630
 
Sun Jun 25 01:33:22 IST 2017
--------------------MEMCG-----------------------
MEM ONLY  : 1023 MB
MEM+SWAP  : 1023 MB
cache 816787456
rss 256946176
rss_huge 0
mapped_file 36495360
writeback 0
swap 0
pgpgin 685722
pgpgout 423580
pgfault 242128
pgmajfault 483
inactive_anon 129437696
active_anon 127578112
inactive_file 408555520
active_file 408158208
unevictable 4096
hierarchical_memory_limit 1073741824
hierarchical_memsw_limit 5368709120
total_cache 816787456
total_rss 256946176
total_rss_huge 0
total_mapped_file 36495360
total_writeback 0
total_swap 0
total_pgpgin 685722
total_pgpgout 423580
total_pgfault 242128
total_pgmajfault 483
total_inactive_anon 129437696
total_active_anon 127578112
total_inactive_file 408555520
total_active_file 408158208
total_unevictable 4096
--------------------BLKIO-----------------------
11:0 Read 0
11:0 Write 0
11:0 Sync 0
11:0 Async 0
11:0 Total 0
253:0 Read 1821442048
253:0 Write 1662976
253:0 Sync 196608
253:0 Async 1822908416
253:0 Total 1823105024
Total 1823105024
--------------------CPUAC-----------------------
user 862
system 655
 
Sun Jun 25 01:33:52 IST 2017
--------------------MEMCG-----------------------
MEM ONLY  : 1023 MB
MEM+SWAP  : 1023 MB
cache 816738304
rss 256966656
rss_huge 0
mapped_file 36491264
writeback 0
swap 0
pgpgin 715716
pgpgout 453581
pgfault 242223
pgmajfault 483
inactive_anon 129437696
active_anon 127598592
inactive_file 408621056
active_file 408043520
unevictable 4096
hierarchical_memory_limit 1073741824
hierarchical_memsw_limit 5368709120
total_cache 816738304
total_rss 256966656
total_rss_huge 0
total_mapped_file 36491264
total_writeback 0
total_swap 0
total_pgpgin 715716
total_pgpgout 453581
total_pgfault 242223
total_pgmajfault 483
total_inactive_anon 129437696
total_active_anon 127598592
total_inactive_file 408621056
total_active_file 408043520
total_unevictable 4096
--------------------BLKIO-----------------------
11:0 Read 0
11:0 Write 0
11:0 Sync 0
11:0 Async 0
11:0 Total 0
253:0 Read 1905508352
253:0 Write 1712128
253:0 Sync 196608
253:0 Async 1907023872
253:0 Total 1907220480
Total 1907220480
--------------------CPUAC-----------------------
user 897
system 696
 
Sun Jun 25 01:34:22 IST 2017
--------------------MEMCG-----------------------
MEM ONLY  : 1023 MB
MEM+SWAP  : 1023 MB
cache 816037888
rss 257511424
rss_huge 0
mapped_file 36048896
writeback 0
swap 0
pgpgin 745922
pgpgout 483825
pgfault 242456
pgmajfault 483
inactive_anon 129396736
active_anon 128184320
inactive_file 408219648
active_file 407744512
unevictable 4096
hierarchical_memory_limit 1073741824
hierarchical_memsw_limit 5368709120
total_cache 816037888
total_rss 257511424
total_rss_huge 0
total_mapped_file 36048896
total_writeback 0
total_swap 0
total_pgpgin 745922
total_pgpgout 483825
total_pgfault 242456
total_pgmajfault 483
total_inactive_anon 129396736
total_active_anon 128184320
total_inactive_file 408219648
total_active_file 407744512
total_unevictable 4096
--------------------BLKIO-----------------------
11:0 Read 0
11:0 Write 0
11:0 Sync 0
11:0 Async 0
11:0 Total 0
253:0 Read 1990856704
253:0 Write 1765376
253:0 Sync 196608
253:0 Async 1992425472
253:0 Total 1992622080
Total 1992622080
--------------------CPUAC-----------------------
user 944
system 735
 
Sun Jun 25 01:34:52 IST 2017
--------------------MEMCG-----------------------
MEM ONLY  : 1023 MB
MEM+SWAP  : 1023 MB
cache 816181248
rss 257372160
rss_huge 0
mapped_file 7049216
writeback 0
swap 0
pgpgin 777064
pgpgout 514966
pgfault 242632
pgmajfault 483
inactive_anon 129196032
active_anon 128245760
inactive_file 408276992
active_file 407830528
unevictable 4096
hierarchical_memory_limit 1073741824
hierarchical_memsw_limit 5368709120
total_cache 816181248
total_rss 257372160
total_rss_huge 0
total_mapped_file 7049216
total_writeback 0
total_swap 0
total_pgpgin 777064
total_pgpgout 514966
total_pgfault 242632
total_pgmajfault 483
total_inactive_anon 129196032
total_active_anon 128245760
total_inactive_file 408276992
total_active_file 407830528
total_unevictable 4096
--------------------BLKIO-----------------------
11:0 Read 0
11:0 Write 0
11:0 Sync 0
11:0 Async 0
11:0 Total 0
253:0 Read 2078232576
253:0 Write 1826816
253:0 Sync 196608
253:0 Async 2079862784
253:0 Total 2080059392
Total 2080059392
--------------------CPUAC-----------------------
user 994
system 782
 
Sun Jun 25 01:35:22 IST 2017
--------------------MEMCG-----------------------
MEM ONLY  : 1023 MB
MEM+SWAP  : 1023 MB
cache 816324608
rss 257134592
rss_huge 0
mapped_file 7049216
writeback 0
swap 0
pgpgin 808203
pgpgout 546128
pgfault 242870
pgmajfault 483
inactive_anon 128905216
active_anon 128299008
inactive_file 408350720
active_file 407871488
unevictable 4096
hierarchical_memory_limit 1073741824
hierarchical_memsw_limit 5368709120
total_cache 816324608
total_rss 257134592
total_rss_huge 0
total_mapped_file 7049216
total_writeback 0
total_swap 0
total_pgpgin 808203
total_pgpgout 546128
total_pgfault 242870
total_pgmajfault 483
total_inactive_anon 128905216
total_active_anon 128299008
total_inactive_file 408350720
total_active_file 407871488
total_unevictable 4096
--------------------BLKIO-----------------------
11:0 Read 0
11:0 Write 0
11:0 Sync 0
11:0 Async 0
11:0 Total 0
253:0 Read 2164604928
253:0 Write 1900544
253:0 Sync 196608
253:0 Async 2166308864
253:0 Total 2166505472
Total 2166505472
--------------------CPUAC-----------------------
user 1042
system 819
 
Sun Jun 25 01:35:52 IST 2017
--------------------MEMCG-----------------------
MEM ONLY  : 1023 MB
MEM+SWAP  : 1023 MB
cache 815976448
rss 257458176
rss_huge 0
mapped_file 7196672
writeback 0
swap 0
pgpgin 838542
pgpgout 576473
pgfault 243069
pgmajfault 490
inactive_anon 129167360
active_anon 128360448
inactive_file 408231936
active_file 407670784
unevictable 4096
hierarchical_memory_limit 1073741824
hierarchical_memsw_limit 5368709120
total_cache 815976448
total_rss 257458176
total_rss_huge 0
total_mapped_file 7196672
total_writeback 0
total_swap 0
total_pgpgin 838542
total_pgpgout 576473
total_pgfault 243069
total_pgmajfault 490
total_inactive_anon 129167360
total_active_anon 128360448
total_inactive_file 408231936
total_active_file 407670784
total_unevictable 4096
--------------------BLKIO-----------------------
11:0 Read 0
11:0 Write 0
11:0 Sync 0
11:0 Async 0
11:0 Total 0
253:0 Read 2249904128
253:0 Write 1974272
253:0 Sync 196608
253:0 Async 2251681792
253:0 Total 2251878400
Total 2251878400
--------------------CPUAC-----------------------
user 1083
system 861
 
Sun Jun 25 01:36:22 IST 2017
--------------------MEMCG-----------------------
MEM ONLY  : 1023 MB
MEM+SWAP  : 1023 MB
cache 816455680
rss 257003520
rss_huge 0
mapped_file 7196672
writeback 0
swap 0
pgpgin 869411
pgpgout 607336
pgfault 243160
pgmajfault 490
inactive_anon 129167360
active_anon 127905792
inactive_file 408371200
active_file 408010752
unevictable 4096
hierarchical_memory_limit 1073741824
hierarchical_memsw_limit 5368709120
total_cache 816455680
total_rss 257003520
total_rss_huge 0
total_mapped_file 7196672
total_writeback 0
total_swap 0
total_pgpgin 869411
total_pgpgout 607336
total_pgfault 243160
total_pgmajfault 490
total_inactive_anon 129167360
total_active_anon 127905792
total_inactive_file 408371200
total_active_file 408010752
total_unevictable 4096
--------------------BLKIO-----------------------
11:0 Read 0
11:0 Write 0
11:0 Sync 0
11:0 Async 0
11:0 Total 0
253:0 Read 2337267712
253:0 Write 2060288
253:0 Sync 196608
253:0 Async 2339131392
253:0 Total 2339328000
Total 2339328000
--------------------CPUAC-----------------------
user 1129
system 898
 
Sun Jun 25 01:36:52 IST 2017
--------------------MEMCG-----------------------
MEM ONLY  : 1023 MB
MEM+SWAP  : 1023 MB
cache 816271360
rss 257290240
rss_huge 0
mapped_file 7200768
writeback 0
swap 0
pgpgin 900431
pgpgout 638331
pgfault 243349
pgmajfault 491
inactive_anon 129167360
active_anon 128192512
inactive_file 408256512
active_file 407941120
unevictable 4096
hierarchical_memory_limit 1073741824
hierarchical_memsw_limit 5368709120
total_cache 816271360
total_rss 257290240
total_rss_huge 0
total_mapped_file 7200768
total_writeback 0
total_swap 0
total_pgpgin 900431
total_pgpgout 638331
total_pgfault 243349
total_pgmajfault 491
total_inactive_anon 129167360
total_active_anon 128192512
total_inactive_file 408256512
total_active_file 407941120
total_unevictable 4096
--------------------BLKIO-----------------------
11:0 Read 0
11:0 Write 0
11:0 Sync 0
11:0 Async 0
11:0 Total 0
253:0 Read 2424496128
253:0 Write 2154496
253:0 Sync 196608
253:0 Async 2426454016
253:0 Total 2426650624
Total 2426650624
--------------------CPUAC-----------------------
user 1170
system 940
 
Sun Jun 25 01:37:22 IST 2017
--------------------MEMCG-----------------------
MEM ONLY  : 1023 MB
MEM+SWAP  : 1023 MB
cache 815677440
rss 257871872
rss_huge 0
mapped_file 7200768
writeback 0
swap 0
pgpgin 931767
pgpgout 669670
pgfault 243706
pgmajfault 491
inactive_anon 129298432
active_anon 128643072
inactive_file 408076288
active_file 407527424
unevictable 4096
hierarchical_memory_limit 1073741824
hierarchical_memsw_limit 5368709120
total_cache 815677440
total_rss 257871872
total_rss_huge 0
total_mapped_file 7200768
total_writeback 0
total_swap 0
total_pgpgin 931767
total_pgpgout 669670
total_pgfault 243706
total_pgmajfault 491
total_inactive_anon 129298432
total_active_anon 128643072
total_inactive_file 408076288
total_active_file 407527424
total_unevictable 4096
--------------------BLKIO-----------------------
11:0 Read 0
11:0 Write 0
11:0 Sync 0
11:0 Async 0
11:0 Total 0
253:0 Read 2510503936
253:0 Write 2220032
253:0 Sync 196608
253:0 Async 2512527360
253:0 Total 2512723968
Total 2512723968
--------------------CPUAC-----------------------
user 1222
system 971
 
Sun Jun 25 01:37:52 IST 2017
--------------------MEMCG-----------------------
MEM ONLY  : 1023 MB
MEM+SWAP  : 1023 MB
cache 816402432
rss 257183744
rss_huge 0
mapped_file 7200768
writeback 0
swap 0
pgpgin 962054
pgpgout 699948
pgfault 243796
pgmajfault 491
inactive_anon 129298432
active_anon 127954944
inactive_file 408317952
active_file 408010752
unevictable 4096
hierarchical_memory_limit 1073741824
hierarchical_memsw_limit 5368709120
total_cache 816402432
total_rss 257183744
total_rss_huge 0
total_mapped_file 7200768
total_writeback 0
total_swap 0
total_pgpgin 962054
total_pgpgout 699948
total_pgfault 243796
total_pgmajfault 491
total_inactive_anon 129298432
total_active_anon 127954944
total_inactive_file 408317952
total_active_file 408010752
total_unevictable 4096
--------------------BLKIO-----------------------
11:0 Read 0
11:0 Write 0
11:0 Sync 0
11:0 Async 0
11:0 Total 0
253:0 Read 2595282944
253:0 Write 2244608
253:0 Sync 196608
253:0 Async 2597330944
253:0 Total 2597527552
Total 2597527552
--------------------CPUAC-----------------------
user 1262
system 1007
 
Sun Jun 25 01:38:22 IST 2017
--------------------MEMCG-----------------------
MEM ONLY  : 1023 MB
MEM+SWAP  : 1023 MB
cache 816922624
rss 256528384
rss_huge 0
mapped_file 7200768
writeback 0
swap 0
pgpgin 993083
pgpgout 731010
pgfault 243901
pgmajfault 491
inactive_anon 129298432
active_anon 127299584
inactive_file 408678400
active_file 408170496
unevictable 4096
hierarchical_memory_limit 1073741824
hierarchical_memsw_limit 5368709120
total_cache 816922624
total_rss 256528384
total_rss_huge 0
total_mapped_file 7200768
total_writeback 0
total_swap 0
total_pgpgin 993083
total_pgpgout 731010
total_pgfault 243901
total_pgmajfault 491
total_inactive_anon 129298432
total_active_anon 127299584
total_inactive_file 408678400
total_active_file 408170496
total_unevictable 4096
--------------------BLKIO-----------------------
11:0 Read 0
11:0 Write 0
11:0 Sync 0
11:0 Async 0
11:0 Total 0
253:0 Read 2679742464
253:0 Write 2281472
253:0 Sync 196608
253:0 Async 2681827328
253:0 Total 2682023936
Total 2682023936
--------------------CPUAC-----------------------
user 1304
system 1043
 
Sun Jun 25 01:38:52 IST 2017
--------------------MEMCG-----------------------
MEM ONLY  : 1023 MB
MEM+SWAP  : 1023 MB
cache 817098752
rss 256577536
rss_huge 0
mapped_file 2973696
writeback 0
swap 0
pgpgin 1025246
pgpgout 763118
pgfault 244003
pgmajfault 491
inactive_anon 129298432
active_anon 127348736
inactive_file 408649728
active_file 408363008
unevictable 4096
hierarchical_memory_limit 1073741824
hierarchical_memsw_limit 5368709120
total_cache 817098752
total_rss 256577536
total_rss_huge 0
total_mapped_file 2973696
total_writeback 0
total_swap 0
total_pgpgin 1025246
total_pgpgout 763118
total_pgfault 244003
total_pgmajfault 491
total_inactive_anon 129298432
total_active_anon 127348736
total_inactive_file 408649728
total_active_file 408363008
total_unevictable 4096
--------------------BLKIO-----------------------
11:0 Read 0
11:0 Write 0
11:0 Sync 0
11:0 Async 0
11:0 Total 0
253:0 Read 2766843904
253:0 Write 2330624
253:0 Sync 196608
253:0 Async 2768977920
253:0 Total 2769174528
Total 2769174528
--------------------CPUAC-----------------------
user 1350
system 1084
 
Sun Jun 25 01:39:22 IST 2017
--------------------MEMCG-----------------------
MEM ONLY  : 1023 MB
MEM+SWAP  : 1023 MB
cache 816947200
rss 256544768
rss_huge 0
mapped_file 2973696
writeback 0
swap 0
pgpgin 1057014
pgpgout 794931
pgfault 244165
pgmajfault 491
inactive_anon 129298432
active_anon 127315968
inactive_file 408580096
active_file 408293376
unevictable 4096
hierarchical_memory_limit 1073741824
hierarchical_memsw_limit 5368709120
total_cache 816947200
total_rss 256544768
total_rss_huge 0
total_mapped_file 2973696
total_writeback 0
total_swap 0
total_pgpgin 1057014
total_pgpgout 794931
total_pgfault 244165
total_pgmajfault 491
total_inactive_anon 129298432
total_active_anon 127315968
total_inactive_file 408580096
total_active_file 408293376
total_unevictable 4096
--------------------BLKIO-----------------------
11:0 Read 0
11:0 Write 0
11:0 Sync 0
11:0 Async 0
11:0 Total 0
253:0 Read 2853412864
253:0 Write 2383872
253:0 Sync 196608
253:0 Async 2855600128
253:0 Total 2855796736
Total 2855796736
--------------------CPUAC-----------------------
user 1384
system 1130
 
Sun Jun 25 01:39:52 IST 2017
--------------------MEMCG-----------------------
MEM ONLY  : 1023 MB
MEM+SWAP  : 1023 MB
cache 816861184
rss 256593920
rss_huge 0
mapped_file 2973696
writeback 0
swap 0
pgpgin 1088712
pgpgout 826638
pgfault 244267
pgmajfault 491
inactive_anon 129298432
active_anon 127365120
inactive_file 408461312
active_file 408326144
unevictable 4096
hierarchical_memory_limit 1073741824
hierarchical_memsw_limit 5368709120
total_cache 816861184
total_rss 256593920
total_rss_huge 0
total_mapped_file 2973696
total_writeback 0
total_swap 0
total_pgpgin 1088712
total_pgpgout 826638
total_pgfault 244267
total_pgmajfault 491
total_inactive_anon 129298432
total_active_anon 127365120
total_inactive_file 408461312
total_active_file 408326144
total_unevictable 4096
--------------------BLKIO-----------------------
11:0 Read 0
11:0 Write 0
11:0 Sync 0
11:0 Async 0
11:0 Total 0
253:0 Read 2940698624
253:0 Write 2445312
253:0 Sync 196608
253:0 Async 2942947328
253:0 Total 2943143936
Total 2943143936
--------------------CPUAC-----------------------
user 1427
system 1166
 
Sun Jun 25 01:40:22 IST 2017
--------------------MEMCG-----------------------
MEM ONLY  : 1023 MB
MEM+SWAP  : 1023 MB
cache 816906240
rss 256602112
rss_huge 0
mapped_file 2973696
writeback 0
swap 0
pgpgin 1121108
pgpgout 859021
pgfault 244359
pgmajfault 491
inactive_anon 129298432
active_anon 127373312
inactive_file 408580096
active_file 408252416
unevictable 4096
hierarchical_memory_limit 1073741824
hierarchical_memsw_limit 5368709120
total_cache 816906240
total_rss 256602112
total_rss_huge 0
total_mapped_file 2973696
total_writeback 0
total_swap 0
total_pgpgin 1121108
total_pgpgout 859021
total_pgfault 244359
total_pgmajfault 491
total_inactive_anon 129298432
total_active_anon 127373312
total_inactive_file 408580096
total_active_file 408252416
total_unevictable 4096
--------------------BLKIO-----------------------
11:0 Read 0
11:0 Write 0
11:0 Sync 0
11:0 Async 0
11:0 Total 0
253:0 Read 3029520384
253:0 Write 2519040
253:0 Sync 196608
253:0 Async 3031842816
253:0 Total 3032039424
Total 3032039424
--------------------CPUAC-----------------------
user 1472
system 1201
 
Sun Jun 25 01:40:52 IST 2017
--------------------MEMCG-----------------------
MEM ONLY  : 1023 MB
MEM+SWAP  : 1023 MB
cache 817025024
rss 256581632
rss_huge 0
mapped_file 2973696
writeback 0
swap 0
pgpgin 1152076
pgpgout 889965
pgfault 244503
pgmajfault 491
inactive_anon 129232896
active_anon 127418368
inactive_file 408621056
active_file 408330240
unevictable 4096
hierarchical_memory_limit 1073741824
hierarchical_memsw_limit 5368709120
total_cache 817025024
total_rss 256581632
total_rss_huge 0
total_mapped_file 2973696
total_writeback 0
total_swap 0
total_pgpgin 1152076
total_pgpgout 889965
total_pgfault 244503
total_pgmajfault 491
total_inactive_anon 129232896
total_active_anon 127418368
total_inactive_file 408621056
total_active_file 408330240
total_unevictable 4096
--------------------BLKIO-----------------------
11:0 Read 0
11:0 Write 0
11:0 Sync 0
11:0 Async 0
11:0 Total 0
253:0 Read 3115745280
253:0 Write 2592768
253:0 Sync 196608
253:0 Async 3118141440
253:0 Total 3118338048
Total 3118338048
--------------------CPUAC-----------------------
user 1512
system 1240
 
Sun Jun 25 01:41:22 IST 2017
--------------------MEMCG-----------------------
MEM ONLY  : 1023 MB
MEM+SWAP  : 1023 MB
cache 817287168
rss 256372736
rss_huge 0
mapped_file 2973696
writeback 0
swap 0
pgpgin 1183500
pgpgout 921376
pgfault 244660
pgmajfault 491
inactive_anon 129032192
active_anon 127410176
inactive_file 408842240
active_file 408371200
unevictable 4096
hierarchical_memory_limit 1073741824
hierarchical_memsw_limit 5368709120
total_cache 817287168
total_rss 256372736
total_rss_huge 0
total_mapped_file 2973696
total_writeback 0
total_swap 0
total_pgpgin 1183500
total_pgpgout 921376
total_pgfault 244660
total_pgmajfault 491
total_inactive_anon 129032192
total_active_anon 127410176
total_inactive_file 408842240
total_active_file 408371200
total_unevictable 4096
--------------------BLKIO-----------------------
11:0 Read 0
11:0 Write 0
11:0 Sync 0
11:0 Async 0
11:0 Total 0
253:0 Read 3201445888
253:0 Write 2678784
253:0 Sync 196608
253:0 Async 3203928064
253:0 Total 3204124672
Total 3204124672
--------------------CPUAC-----------------------
user 1557
system 1283
 
Sun Jun 25 01:41:52 IST 2017
--------------------MEMCG-----------------------
MEM ONLY  : 1023 MB
MEM+SWAP  : 1023 MB
cache 817029120
rss 256503808
rss_huge 0
mapped_file 2973696
writeback 0
swap 0
pgpgin 1214879
pgpgout 952786
pgfault 244903
pgmajfault 491
inactive_anon 129032192
active_anon 127541248
inactive_file 408514560
active_file 408440832
unevictable 4096
hierarchical_memory_limit 1073741824
hierarchical_memsw_limit 5368709120
total_cache 817029120
total_rss 256503808
total_rss_huge 0
total_mapped_file 2973696
total_writeback 0
total_swap 0
total_pgpgin 1214879
total_pgpgout 952786
total_pgfault 244903
total_pgmajfault 491
total_inactive_anon 129032192
total_active_anon 127541248
total_inactive_file 408514560
total_active_file 408440832
total_unevictable 4096
--------------------BLKIO-----------------------
11:0 Read 0
11:0 Write 0
11:0 Sync 0
11:0 Async 0
11:0 Total 0
253:0 Read 3286548480
253:0 Write 2772992
253:0 Sync 196608
253:0 Async 3289124864
253:0 Total 3289321472
Total 3289321472
--------------------CPUAC-----------------------
user 1610
system 1325
 
Sun Jun 25 01:42:22 IST 2017
--------------------MEMCG-----------------------
MEM ONLY  : 1023 MB
MEM+SWAP  : 1023 MB
cache 814522368
rss 258953216
rss_huge 0
mapped_file 3035136
writeback 0
swap 0
pgpgin 1246331
pgpgout 984252
pgfault 245616
pgmajfault 492
inactive_anon 129687552
active_anon 129335296
inactive_file 407343104
active_file 407105536
unevictable 4096
hierarchical_memory_limit 1073741824
hierarchical_memsw_limit 5368709120
total_cache 814522368
total_rss 258953216
total_rss_huge 0
total_mapped_file 3035136
total_writeback 0
total_swap 0
total_pgpgin 1246331
total_pgpgout 984252
total_pgfault 245616
total_pgmajfault 492
total_inactive_anon 129687552
total_active_anon 129335296
total_inactive_file 407343104
total_active_file 407105536
total_unevictable 4096
--------------------BLKIO-----------------------
11:0 Read 0
11:0 Write 0
11:0 Sync 0
11:0 Async 0
11:0 Total 0
253:0 Read 3371667456
253:0 Write 2838528
253:0 Sync 196608
253:0 Async 3374309376
253:0 Total 3374505984
Total 3374505984
--------------------CPUAC-----------------------
user 1659
system 1364
 
