Sat May 20 04:33:13 IST 2017
--------------------MEMCG-----------------------
MEM ONLY  : 2317 MB
MEM+SWAP  : 2318 MB
cache 2338291712
rss 92291072
rss_huge 0
mapped_file 44392448
writeback 729088
swap 180224
pgpgin 12688788
pgpgout 12095384
pgfault 11452640
pgmajfault 447
inactive_anon 46182400
active_anon 46153728
inactive_file 972681216
active_file 1365565440
unevictable 0
hierarchical_memory_limit 6442450944
hierarchical_memsw_limit 32212254720
total_cache 2338291712
total_rss 92291072
total_rss_huge 0
total_mapped_file 44392448
total_writeback 729088
total_swap 180224
total_pgpgin 12688788
total_pgpgout 12095384
total_pgfault 11452640
total_pgmajfault 447
total_inactive_anon 46182400
total_active_anon 46153728
total_inactive_file 972681216
total_active_file 1365565440
total_unevictable 0
--------------------BLKIO-----------------------
11:0 Read 0
11:0 Write 0
11:0 Sync 0
11:0 Async 0
11:0 Total 0
253:0 Read 5163200512
253:0 Write 400539648
253:0 Sync 0
253:0 Async 5563740160
253:0 Total 5563740160
Total 5563740160
--------------------CPUAC-----------------------
user 5333
system 43483
 
Sat May 20 04:33:43 IST 2017
--------------------MEMCG-----------------------
MEM ONLY  : 2425 MB
MEM+SWAP  : 2425 MB
cache 2450685952
rss 92155904
rss_huge 0
mapped_file 44290048
writeback 765952
swap 315392
pgpgin 12902080
pgpgout 12281269
pgfault 11614298
pgmajfault 447
inactive_anon 46202880
active_anon 45998080
inactive_file 494206976
active_file 1956433920
unevictable 0
hierarchical_memory_limit 6442450944
hierarchical_memsw_limit 32212254720
total_cache 2450685952
total_rss 92155904
total_rss_huge 0
total_mapped_file 44290048
total_writeback 765952
total_swap 315392
total_pgpgin 12902080
total_pgpgout 12281269
total_pgfault 11614298
total_pgmajfault 447
total_inactive_anon 46202880
total_active_anon 45998080
total_inactive_file 494206976
total_active_file 1956433920
total_unevictable 0
--------------------BLKIO-----------------------
11:0 Read 0
11:0 Write 0
11:0 Sync 0
11:0 Async 0
11:0 Total 0
253:0 Read 5179981824
253:0 Write 456015872
253:0 Sync 0
253:0 Async 5635997696
253:0 Total 5635997696
Total 5635997696
--------------------CPUAC-----------------------
user 5400
system 43784
 
Sat May 20 04:34:13 IST 2017
--------------------MEMCG-----------------------
MEM ONLY  : 2535 MB
MEM+SWAP  : 2535 MB
cache 2566414336
rss 91815936
rss_huge 0
mapped_file 44290048
writeback 204800
swap 663552
pgpgin 13094013
pgpgout 12445031
pgfault 11746210
pgmajfault 447
inactive_anon 46084096
active_anon 45768704
inactive_file 569573376
active_file 1996804096
unevictable 0
hierarchical_memory_limit 6442450944
hierarchical_memsw_limit 32212254720
total_cache 2566414336
total_rss 91815936
total_rss_huge 0
total_mapped_file 44290048
total_writeback 204800
total_swap 663552
total_pgpgin 13094013
total_pgpgout 12445031
total_pgfault 11746210
total_pgmajfault 447
total_inactive_anon 46084096
total_active_anon 45768704
total_inactive_file 569573376
total_active_file 1996804096
total_unevictable 0
--------------------BLKIO-----------------------
11:0 Read 0
11:0 Write 0
11:0 Sync 0
11:0 Async 0
11:0 Total 0
253:0 Read 5210202112
253:0 Write 542298112
253:0 Sync 0
253:0 Async 5752500224
253:0 Total 5752500224
Total 5752500224
--------------------CPUAC-----------------------
user 5448
system 44061
 
Sat May 20 04:34:43 IST 2017
--------------------MEMCG-----------------------
MEM ONLY  : 2561 MB
MEM+SWAP  : 2562 MB
cache 2594299904
rss 91795456
rss_huge 0
mapped_file 39886848
writeback 438272
swap 688128
pgpgin 13166876
pgpgout 12511091
pgfault 11796191
pgmajfault 447
inactive_anon 46047232
active_anon 45780992
inactive_file 701988864
active_file 1892278272
unevictable 0
hierarchical_memory_limit 6442450944
hierarchical_memsw_limit 32212254720
total_cache 2594299904
total_rss 91795456
total_rss_huge 0
total_mapped_file 39886848
total_writeback 438272
total_swap 688128
total_pgpgin 13166876
total_pgpgout 12511091
total_pgfault 11796191
total_pgmajfault 447
total_inactive_anon 46047232
total_active_anon 45780992
total_inactive_file 701988864
total_active_file 1892278272
total_unevictable 0
--------------------BLKIO-----------------------
11:0 Read 0
11:0 Write 0
11:0 Sync 0
11:0 Async 0
11:0 Total 0
253:0 Read 5299273728
253:0 Write 569610240
253:0 Sync 0
253:0 Async 5868883968
253:0 Total 5868883968
Total 5868883968
--------------------CPUAC-----------------------
user 5464
system 44146
 
Sat May 20 04:35:13 IST 2017
--------------------MEMCG-----------------------
MEM ONLY  : 2593 MB
MEM+SWAP  : 2594 MB
cache 2627985408
rss 91688960
rss_huge 0
mapped_file 10166272
writeback 368640
swap 794624
pgpgin 13257537
pgpgout 12593554
pgfault 11861560
pgmajfault 447
inactive_anon 45932544
active_anon 45789184
inactive_file 726990848
active_file 1900961792
unevictable 0
hierarchical_memory_limit 6442450944
hierarchical_memsw_limit 32212254720
total_cache 2627985408
total_rss 91688960
total_rss_huge 0
total_mapped_file 10166272
total_writeback 368640
total_swap 794624
total_pgpgin 13257537
total_pgpgout 12593554
total_pgfault 11861560
total_pgmajfault 447
total_inactive_anon 45932544
total_active_anon 45789184
total_inactive_file 726990848
total_active_file 1900961792
total_unevictable 0
--------------------BLKIO-----------------------
11:0 Read 0
11:0 Write 0
11:0 Sync 0
11:0 Async 0
11:0 Total 0
253:0 Read 5376335872
253:0 Write 598052864
253:0 Sync 0
253:0 Async 5974388736
253:0 Total 5974388736
Total 5974388736
--------------------CPUAC-----------------------
user 5487
system 44259
 
Sat May 20 04:35:43 IST 2017
--------------------MEMCG-----------------------
MEM ONLY  : 2654 MB
MEM+SWAP  : 2655 MB
cache 2692190208
rss 91435008
rss_huge 0
mapped_file 10166272
writeback 602112
swap 1060864
pgpgin 13411319
pgpgout 12731723
pgfault 11964533
pgmajfault 447
inactive_anon 45793280
active_anon 45666304
inactive_file 743485440
active_file 1948672000
unevictable 0
hierarchical_memory_limit 6442450944
hierarchical_memsw_limit 32212254720
total_cache 2692190208
total_rss 91435008
total_rss_huge 0
total_mapped_file 10166272
total_writeback 602112
total_swap 1060864
total_pgpgin 13411319
total_pgpgout 12731723
total_pgfault 11964533
total_pgmajfault 447
total_inactive_anon 45793280
total_active_anon 45666304
total_inactive_file 743485440
total_active_file 1948672000
total_unevictable 0
--------------------BLKIO-----------------------
11:0 Read 0
11:0 Write 0
11:0 Sync 0
11:0 Async 0
11:0 Total 0
253:0 Read 5425577984
253:0 Write 649199616
253:0 Sync 0
253:0 Async 6074777600
253:0 Total 6074777600
Total 6074777600
--------------------CPUAC-----------------------
user 5522
system 44448
 
Sat May 20 04:36:13 IST 2017
--------------------MEMCG-----------------------
MEM ONLY  : 2741 MB
MEM+SWAP  : 2742 MB
cache 2783326208
rss 91082752
rss_huge 0
mapped_file 4952064
writeback 696320
swap 1404928
pgpgin 13672652
pgpgout 12970892
pgfault 12145264
pgmajfault 447
inactive_anon 45645824
active_anon 45465600
inactive_file 708116480
active_file 2075181056
unevictable 0
hierarchical_memory_limit 6442450944
hierarchical_memsw_limit 32212254720
total_cache 2783326208
total_rss 91082752
total_rss_huge 0
total_mapped_file 4952064
total_writeback 696320
total_swap 1404928
total_pgpgin 13672652
total_pgpgout 12970892
total_pgfault 12145264
total_pgmajfault 447
total_inactive_anon 45645824
total_active_anon 45465600
total_inactive_file 708116480
total_active_file 2075181056
total_unevictable 0
--------------------BLKIO-----------------------
11:0 Read 0
11:0 Write 0
11:0 Sync 0
11:0 Async 0
11:0 Total 0
253:0 Read 5439877120
253:0 Write 727900160
253:0 Sync 0
253:0 Async 6167777280
253:0 Total 6167777280
Total 6167777280
--------------------CPUAC-----------------------
user 5592
system 44811
 
Sat May 20 04:36:44 IST 2017
--------------------MEMCG-----------------------
MEM ONLY  : 2809 MB
MEM+SWAP  : 2811 MB
cache 2855587840
rss 90832896
rss_huge 0
mapped_file 4276224
writeback 561152
swap 1662976
pgpgin 13895000
pgpgout 13175658
pgfault 12313093
pgmajfault 447
inactive_anon 45518848
active_anon 45338624
inactive_file 651010048
active_file 2204553216
unevictable 0
hierarchical_memory_limit 6442450944
hierarchical_memsw_limit 32212254720
total_cache 2855587840
total_rss 90836992
total_rss_huge 0
total_mapped_file 4276224
total_writeback 561152
total_swap 1662976
total_pgpgin 13895000
total_pgpgout 13175659
total_pgfault 12313093
total_pgmajfault 447
total_inactive_anon 45518848
total_active_anon 45338624
total_inactive_file 651010048
total_active_file 2204553216
total_unevictable 0
--------------------BLKIO-----------------------
11:0 Read 0
11:0 Write 0
11:0 Sync 0
11:0 Async 0
11:0 Total 0
253:0 Read 5444915200
253:0 Write 796585984
253:0 Sync 0
253:0 Async 6241501184
253:0 Total 6241501184
Total 6241501184
--------------------CPUAC-----------------------
user 5666
system 45156
 
Sat May 20 04:37:14 IST 2017
--------------------MEMCG-----------------------
MEM ONLY  : 2879 MB
MEM+SWAP  : 2880 MB
cache 2928267264
rss 90636288
rss_huge 0
mapped_file 3395584
writeback 520192
swap 1859584
pgpgin 14120574
pgpgout 13383537
pgfault 12495208
pgmajfault 447
inactive_anon 45391872
active_anon 45268992
inactive_file 569274368
active_file 2358968320
unevictable 0
hierarchical_memory_limit 6442450944
hierarchical_memsw_limit 32212254720
total_cache 2928267264
total_rss 90636288
total_rss_huge 0
total_mapped_file 3395584
total_writeback 520192
total_swap 1859584
total_pgpgin 14120574
total_pgpgout 13383537
total_pgfault 12495208
total_pgmajfault 447
total_inactive_anon 45391872
total_active_anon 45268992
total_inactive_file 569274368
total_active_file 2358968320
total_unevictable 0
--------------------BLKIO-----------------------
11:0 Read 0
11:0 Write 0
11:0 Sync 0
11:0 Async 0
11:0 Total 0
253:0 Read 5446807552
253:0 Write 866029568
253:0 Sync 0
253:0 Async 6312837120
253:0 Total 6312837120
Total 6312837120
--------------------CPUAC-----------------------
user 5754
system 45544
 
Sat May 20 04:37:44 IST 2017
--------------------MEMCG-----------------------
MEM ONLY  : 2942 MB
MEM+SWAP  : 2944 MB
cache 2995036160
rss 90451968
rss_huge 0
mapped_file 3395584
writeback 958464
swap 2052096
pgpgin 14379251
pgpgout 13625958
pgfault 12714025
pgmajfault 447
inactive_anon 45326336
active_anon 45150208
inactive_file 536150016
active_file 2458861568
unevictable 0
hierarchical_memory_limit 6442450944
hierarchical_memsw_limit 32212254720
total_cache 2995036160
total_rss 90451968
total_rss_huge 0
total_mapped_file 3395584
total_writeback 958464
total_swap 2052096
total_pgpgin 14379251
total_pgpgout 13625958
total_pgfault 12714025
total_pgmajfault 447
total_inactive_anon 45326336
total_active_anon 45150208
total_inactive_file 536150016
total_active_file 2458861568
total_unevictable 0
--------------------BLKIO-----------------------
11:0 Read 0
11:0 Write 0
11:0 Sync 0
11:0 Async 0
11:0 Total 0
253:0 Read 5447434240
253:0 Write 936022016
253:0 Sync 0
253:0 Async 6383456256
253:0 Total 6383456256
Total 6383456256
--------------------CPUAC-----------------------
user 5840
system 46016
 
Sat May 20 04:38:14 IST 2017
--------------------MEMCG-----------------------
MEM ONLY  : 3003 MB
MEM+SWAP  : 3006 MB
cache 3059527680
rss 90202112
rss_huge 0
mapped_file 3395584
writeback 950272
swap 2314240
pgpgin 14673148
pgpgout 13904171
pgfault 12984003
pgmajfault 447
inactive_anon 45191168
active_anon 45010944
inactive_file 440700928
active_file 2618802176
unevictable 0
hierarchical_memory_limit 6442450944
hierarchical_memsw_limit 32212254720
total_cache 3059527680
total_rss 90202112
total_rss_huge 0
total_mapped_file 3395584
total_writeback 950272
total_swap 2314240
total_pgpgin 14673148
total_pgpgout 13904171
total_pgfault 12984003
total_pgmajfault 447
total_inactive_anon 45191168
total_active_anon 45010944
total_inactive_file 440700928
total_active_file 2618802176
total_unevictable 0
--------------------BLKIO-----------------------
11:0 Read 0
11:0 Write 0
11:0 Sync 0
11:0 Async 0
11:0 Total 0
253:0 Read 5447479296
253:0 Write 1001693184
253:0 Sync 0
253:0 Async 6449172480
253:0 Total 6449172480
Total 6449172480
--------------------CPUAC-----------------------
user 5963
system 46614
 
Sat May 20 04:38:44 IST 2017
--------------------MEMCG-----------------------
MEM ONLY  : 3043 MB
MEM+SWAP  : 3046 MB
cache 3101368320
rss 89948160
rss_huge 0
mapped_file 3395584
writeback 610304
swap 2547712
pgpgin 14932257
pgpgout 14153127
pgfault 13242183
pgmajfault 447
inactive_anon 45088768
active_anon 44879872
inactive_file 388939776
active_file 2712403968
unevictable 0
hierarchical_memory_limit 6442450944
hierarchical_memsw_limit 32212254720
total_cache 3101368320
total_rss 89948160
total_rss_huge 0
total_mapped_file 3395584
total_writeback 610304
total_swap 2547712
total_pgpgin 14932257
total_pgpgout 14153127
total_pgfault 13242183
total_pgmajfault 447
total_inactive_anon 45088768
total_active_anon 44879872
total_inactive_file 388939776
total_active_file 2712403968
total_unevictable 0
--------------------BLKIO-----------------------
11:0 Read 0
11:0 Write 0
11:0 Sync 0
11:0 Async 0
11:0 Total 0
253:0 Read 5447479296
253:0 Write 1046716416
253:0 Sync 0
253:0 Async 6494195712
253:0 Total 6494195712
Total 6494195712
--------------------CPUAC-----------------------
user 6078
system 47140
 
Sat May 20 04:39:14 IST 2017
--------------------MEMCG-----------------------
MEM ONLY  : 3079 MB
MEM+SWAP  : 3081 MB
cache 3139006464
rss 89751552
rss_huge 0
mapped_file 3395584
writeback 585728
swap 2760704
pgpgin 15249794
pgpgout 14461523
pgfault 13569153
pgmajfault 447
inactive_anon 45006848
active_anon 44761088
inactive_file 326434816
active_file 2812547072
unevictable 0
hierarchical_memory_limit 6442450944
hierarchical_memsw_limit 32212254720
total_cache 3139006464
total_rss 89751552
total_rss_huge 0
total_mapped_file 3395584
total_writeback 585728
total_swap 2760704
total_pgpgin 15249794
total_pgpgout 14461523
total_pgfault 13569153
total_pgmajfault 447
total_inactive_anon 45006848
total_active_anon 44761088
total_inactive_file 326434816
total_active_file 2812547072
total_unevictable 0
--------------------BLKIO-----------------------
11:0 Read 0
11:0 Write 0
11:0 Sync 0
11:0 Async 0
11:0 Total 0
253:0 Read 5447479296
253:0 Write 1086357504
253:0 Sync 0
253:0 Async 6533836800
253:0 Total 6533836800
Total 6533836800
--------------------CPUAC-----------------------
user 6223
system 47864
 
Sat May 20 04:39:44 IST 2017
--------------------MEMCG-----------------------
MEM ONLY  : 3101 MB
MEM+SWAP  : 3104 MB
cache 3162439680
rss 89559040
rss_huge 0
mapped_file 3395584
writeback 1183744
swap 2953216
pgpgin 15565281
pgpgout 14771336
pgfault 13909909
pgmajfault 447
inactive_anon 44814336
active_anon 44761088
inactive_file 238280704
active_file 2924134400
unevictable 0
hierarchical_memory_limit 6442450944
hierarchical_memsw_limit 32212254720
total_cache 3162439680
total_rss 89559040
total_rss_huge 0
total_mapped_file 3395584
total_writeback 1183744
total_swap 2953216
total_pgpgin 15565281
total_pgpgout 14771336
total_pgfault 13909909
total_pgmajfault 447
total_inactive_anon 44814336
total_active_anon 44761088
total_inactive_file 238280704
total_active_file 2924134400
total_unevictable 0
--------------------BLKIO-----------------------
11:0 Read 0
11:0 Write 0
11:0 Sync 0
11:0 Async 0
11:0 Total 0
253:0 Read 5447479296
253:0 Write 1113313280
253:0 Sync 0
253:0 Async 6560792576
253:0 Total 6560792576
Total 6560792576
--------------------CPUAC-----------------------
user 6375
system 48642
 
Sat May 20 04:40:14 IST 2017
--------------------MEMCG-----------------------
MEM ONLY  : 3118 MB
MEM+SWAP  : 3121 MB
cache 3180511232
rss 89370624
rss_huge 0
mapped_file 3395584
writeback 503808
swap 3145728
pgpgin 15994539
pgpgout 15196228
pgfault 14377009
pgmajfault 447
inactive_anon 44740608
active_anon 44654592
inactive_file 152223744
active_file 3028262912
unevictable 0
hierarchical_memory_limit 6442450944
hierarchical_memsw_limit 32212254720
total_cache 3180511232
total_rss 89370624
total_rss_huge 0
total_mapped_file 3395584
total_writeback 503808
total_swap 3145728
total_pgpgin 15994539
total_pgpgout 15196228
total_pgfault 14377009
total_pgmajfault 447
total_inactive_anon 44740608
total_active_anon 44654592
total_inactive_file 152223744
total_active_file 3028262912
total_unevictable 0
--------------------BLKIO-----------------------
11:0 Read 0
11:0 Write 0
11:0 Sync 0
11:0 Async 0
11:0 Total 0
253:0 Read 5447479296
253:0 Write 1136779264
253:0 Sync 0
253:0 Async 6584258560
253:0 Total 6584258560
Total 6584258560
--------------------CPUAC-----------------------
user 6592
system 49698
 
Sat May 20 04:40:44 IST 2017
--------------------MEMCG-----------------------
MEM ONLY  : 3125 MB
MEM+SWAP  : 3128 MB
cache 3188264960
rss 89251840
rss_huge 0
mapped_file 3395584
writeback 0
swap 3248128
pgpgin 16635558
pgpgout 15835383
pgfault 15069881
pgmajfault 447
inactive_anon 44691456
active_anon 44576768
inactive_file 73646080
active_file 3114594304
unevictable 0
hierarchical_memory_limit 6442450944
hierarchical_memsw_limit 32212254720
total_cache 3188264960
total_rss 89251840
total_rss_huge 0
total_mapped_file 3395584
total_writeback 0
total_swap 3248128
total_pgpgin 16635558
total_pgpgout 15835383
total_pgfault 15069881
total_pgmajfault 447
total_inactive_anon 44691456
total_active_anon 44576768
total_inactive_file 73646080
total_active_file 3114594304
total_unevictable 0
--------------------BLKIO-----------------------
11:0 Read 0
11:0 Write 0
11:0 Sync 0
11:0 Async 0
11:0 Total 0
253:0 Read 5447479296
253:0 Write 1152823296
253:0 Sync 0
253:0 Async 6600302592
253:0 Total 6600302592
Total 6600302592
--------------------CPUAC-----------------------
user 6929
system 51304
 
Sat May 20 04:41:15 IST 2017
--------------------MEMCG-----------------------
MEM ONLY  : 3126 MB
MEM+SWAP  : 3129 MB
cache 3189284864
rss 89128960
rss_huge 0
mapped_file 3395584
writeback 770048
swap 3366912
pgpgin 17164937
pgpgout 16364543
pgfault 15650636
pgmajfault 447
inactive_anon 44806144
active_anon 44343296
inactive_file 88682496
active_file 3100577792
unevictable 0
hierarchical_memory_limit 6442450944
hierarchical_memsw_limit 32212254720
total_cache 3189284864
total_rss 89128960
total_rss_huge 0
total_mapped_file 3395584
total_writeback 770048
total_swap 3366912
total_pgpgin 17164937
total_pgpgout 16364543
total_pgfault 15650636
total_pgmajfault 447
total_inactive_anon 44806144
total_active_anon 44343296
total_inactive_file 88682496
total_active_file 3100577792
total_unevictable 0
--------------------BLKIO-----------------------
11:0 Read 0
11:0 Write 0
11:0 Sync 0
11:0 Async 0
11:0 Total 0
253:0 Read 5447479296
253:0 Write 1160556544
253:0 Sync 0
253:0 Async 6608035840
253:0 Total 6608035840
Total 6608035840
--------------------CPUAC-----------------------
user 7196
system 53216
 
Sat May 20 04:41:45 IST 2017
--------------------MEMCG-----------------------
MEM ONLY  : 3127 MB
MEM+SWAP  : 3130 MB
cache 3190013952
rss 88997888
rss_huge 0
mapped_file 3395584
writeback 684032
swap 3493888
pgpgin 17756946
pgpgout 16956406
pgfault 16295784
pgmajfault 447
inactive_anon 44675072
active_anon 44347392
inactive_file 73175040
active_file 3116814336
unevictable 0
hierarchical_memory_limit 6442450944
hierarchical_memsw_limit 32212254720
total_cache 3190013952
total_rss 88997888
total_rss_huge 0
total_mapped_file 3395584
total_writeback 684032
total_swap 3493888
total_pgpgin 17756946
total_pgpgout 16956406
total_pgfault 16295784
total_pgmajfault 447
total_inactive_anon 44675072
total_active_anon 44347392
total_inactive_file 73175040
total_active_file 3116814336
total_unevictable 0
--------------------BLKIO-----------------------
11:0 Read 0
11:0 Write 0
11:0 Sync 0
11:0 Async 0
11:0 Total 0
253:0 Read 5447479296
253:0 Write 1170624512
253:0 Sync 0
253:0 Async 6618103808
253:0 Total 6618103808
Total 6618103808
--------------------CPUAC-----------------------
user 7487
system 55138
 
Sat May 20 04:42:15 IST 2017
--------------------MEMCG-----------------------
MEM ONLY  : 3125 MB
MEM+SWAP  : 3129 MB
cache 3188920320
rss 88891392
rss_huge 0
mapped_file 3395584
writeback 0
swap 3600384
pgpgin 18251296
pgpgout 17451049
pgfault 16839965
pgmajfault 447
inactive_anon 44679168
active_anon 44236800
inactive_file 86568960
active_file 3102326784
unevictable 0
hierarchical_memory_limit 6442450944
hierarchical_memsw_limit 32212254720
total_cache 3188920320
total_rss 88891392
total_rss_huge 0
total_mapped_file 3395584
total_writeback 0
total_swap 3600384
total_pgpgin 18251296
total_pgpgout 17451049
total_pgfault 16839965
total_pgmajfault 447
total_inactive_anon 44679168
total_active_anon 44236800
total_inactive_file 86568960
total_active_file 3102326784
total_unevictable 0
--------------------BLKIO-----------------------
11:0 Read 0
11:0 Write 0
11:0 Sync 0
11:0 Async 0
11:0 Total 0
253:0 Read 5447479296
253:0 Write 1178370048
253:0 Sync 0
253:0 Async 6625849344
253:0 Total 6625849344
Total 6625849344
--------------------CPUAC-----------------------
user 7742
system 57204
 
Sat May 20 04:42:45 IST 2017
--------------------MEMCG-----------------------
MEM ONLY  : 3126 MB
MEM+SWAP  : 3130 MB
cache 3189743616
rss 88829952
rss_huge 0
mapped_file 3395584
writeback 1208320
swap 3670016
pgpgin 18821122
pgpgout 18020689
pgfault 17462443
pgmajfault 447
inactive_anon 44675072
active_anon 44179456
inactive_file 64274432
active_file 3125444608
unevictable 0
hierarchical_memory_limit 6442450944
hierarchical_memsw_limit 32212254720
total_cache 3189743616
total_rss 88829952
total_rss_huge 0
total_mapped_file 3395584
total_writeback 1208320
total_swap 3670016
total_pgpgin 18821122
total_pgpgout 18020689
total_pgfault 17462443
total_pgmajfault 447
total_inactive_anon 44675072
total_active_anon 44179456
total_inactive_file 64274432
total_active_file 3125444608
total_unevictable 0
--------------------BLKIO-----------------------
11:0 Read 0
11:0 Write 0
11:0 Sync 0
11:0 Async 0
11:0 Total 0
253:0 Read 5447479296
253:0 Write 1187966976
253:0 Sync 0
253:0 Async 6635446272
253:0 Total 6635446272
Total 6635446272
--------------------CPUAC-----------------------
user 8048
system 59332
 
