Sat May 20 04:33:13 IST 2017
--------------------MEMCG-----------------------
MEM ONLY  : 1692 MB
MEM+SWAP  : 2033 MB
cache 18464768
rss 1755844608
rss_huge 0
mapped_file 7753728
writeback 303104
swap 358391808
pgpgin 600125
pgpgout 166944
pgfault 708808
pgmajfault 6254
inactive_anon 487940096
active_anon 1267912704
inactive_file 8396800
active_file 10059776
unevictable 0
hierarchical_memory_limit 6442450944
hierarchical_memsw_limit 32212254720
total_cache 18464768
total_rss 1755844608
total_rss_huge 0
total_mapped_file 7753728
total_writeback 303104
total_swap 358391808
total_pgpgin 600125
total_pgpgout 166944
total_pgfault 708808
total_pgmajfault 6254
total_inactive_anon 487940096
total_active_anon 1267912704
total_inactive_file 8396800
total_active_file 10059776
total_unevictable 0
--------------------BLKIO-----------------------
11:0 Read 0
11:0 Write 0
11:0 Sync 0
11:0 Async 0
11:0 Total 0
253:0 Read 53399552
253:0 Write 41570304
253:0 Sync 0
253:0 Async 94969856
253:0 Total 94969856
Total 94969856
--------------------CPUAC-----------------------
user 737
system 1194
 
Sat May 20 04:33:43 IST 2017
--------------------MEMCG-----------------------
MEM ONLY  : 1668 MB
MEM+SWAP  : 2033 MB
cache 18345984
rss 1731706880
rss_huge 0
mapped_file 7753728
writeback 155648
swap 382529536
pgpgin 600325
pgpgout 173066
pgfault 709236
pgmajfault 6450
inactive_anon 479961088
active_anon 1251655680
inactive_file 8400896
active_file 9936896
unevictable 0
hierarchical_memory_limit 6442450944
hierarchical_memsw_limit 32212254720
total_cache 18345984
total_rss 1731706880
total_rss_huge 0
total_mapped_file 7753728
total_writeback 155648
total_swap 382529536
total_pgpgin 600325
total_pgpgout 173066
total_pgfault 709236
total_pgmajfault 6450
total_inactive_anon 479961088
total_active_anon 1251655680
total_inactive_file 8400896
total_active_file 9936896
total_unevictable 0
--------------------BLKIO-----------------------
11:0 Read 0
11:0 Write 0
11:0 Sync 0
11:0 Async 0
11:0 Total 0
253:0 Read 54329344
253:0 Write 41656320
253:0 Sync 0
253:0 Async 95985664
253:0 Total 95985664
Total 95985664
--------------------CPUAC-----------------------
user 737
system 1196
 
Sat May 20 04:34:13 IST 2017
--------------------MEMCG-----------------------
MEM ONLY  : 1627 MB
MEM+SWAP  : 2033 MB
cache 18075648
rss 1688559616
rss_huge 0
mapped_file 7753728
writeback 40960
swap 425676800
pgpgin 600537
pgpgout 183878
pgfault 709692
pgmajfault 6654
inactive_anon 466206720
active_anon 1222361088
inactive_file 8388608
active_file 9678848
unevictable 0
hierarchical_memory_limit 6442450944
hierarchical_memsw_limit 32212254720
total_cache 18075648
total_rss 1688559616
total_rss_huge 0
total_mapped_file 7753728
total_writeback 40960
total_swap 425676800
total_pgpgin 600537
total_pgpgout 183878
total_pgfault 709692
total_pgmajfault 6654
total_inactive_anon 466206720
total_active_anon 1222361088
total_inactive_file 8388608
total_active_file 9678848
total_unevictable 0
--------------------BLKIO-----------------------
11:0 Read 0
11:0 Write 0
11:0 Sync 0
11:0 Async 0
11:0 Total 0
253:0 Read 55320576
253:0 Write 42020864
253:0 Sync 0
253:0 Async 97341440
253:0 Total 97341440
Total 97341440
--------------------CPUAC-----------------------
user 738
system 1198
 
Sat May 20 04:34:43 IST 2017
--------------------MEMCG-----------------------
MEM ONLY  : 1613 MB
MEM+SWAP  : 2033 MB
cache 17879040
rss 1673912320
rss_huge 0
mapped_file 7753728
writeback 53248
swap 440324096
pgpgin 600738
pgpgout 187703
pgfault 710125
pgmajfault 6855
inactive_anon 461565952
active_anon 1212354560
inactive_file 8396800
active_file 9474048
unevictable 0
hierarchical_memory_limit 6442450944
hierarchical_memsw_limit 32212254720
total_cache 17879040
total_rss 1673912320
total_rss_huge 0
total_mapped_file 7753728
total_writeback 53248
total_swap 440324096
total_pgpgin 600738
total_pgpgout 187703
total_pgfault 710125
total_pgmajfault 6855
total_inactive_anon 461565952
total_active_anon 1212354560
total_inactive_file 8396800
total_active_file 9474048
total_unevictable 0
--------------------BLKIO-----------------------
11:0 Read 0
11:0 Write 0
11:0 Sync 0
11:0 Async 0
11:0 Total 0
253:0 Read 56184832
253:0 Write 42561536
253:0 Sync 0
253:0 Async 98746368
253:0 Total 98746368
Total 98746368
--------------------CPUAC-----------------------
user 738
system 1200
 
Sat May 20 04:35:13 IST 2017
--------------------MEMCG-----------------------
MEM ONLY  : 1598 MB
MEM+SWAP  : 2033 MB
cache 17559552
rss 1658920960
rss_huge 0
mapped_file 7753728
writeback 0
swap 455315456
pgpgin 600939
pgpgout 191642
pgfault 710543
pgmajfault 7042
inactive_anon 456728576
active_anon 1202200576
inactive_file 8396800
active_file 9154560
unevictable 0
hierarchical_memory_limit 6442450944
hierarchical_memsw_limit 32212254720
total_cache 17559552
total_rss 1658920960
total_rss_huge 0
total_mapped_file 7753728
total_writeback 0
total_swap 455315456
total_pgpgin 600939
total_pgpgout 191642
total_pgfault 710543
total_pgmajfault 7042
total_inactive_anon 456728576
total_active_anon 1202200576
total_inactive_file 8396800
total_active_file 9154560
total_unevictable 0
--------------------BLKIO-----------------------
11:0 Read 0
11:0 Write 0
11:0 Sync 0
11:0 Async 0
11:0 Total 0
253:0 Read 57229312
253:0 Write 43880448
253:0 Sync 0
253:0 Async 101109760
253:0 Total 101109760
Total 101109760
--------------------CPUAC-----------------------
user 738
system 1201
 
Sat May 20 04:35:43 IST 2017
--------------------MEMCG-----------------------
MEM ONLY  : 1575 MB
MEM+SWAP  : 2032 MB
cache 17182720
rss 1634324480
rss_huge 0
mapped_file 7753728
writeback 20480
swap 479911936
pgpgin 601139
pgpgout 197939
pgfault 710964
pgmajfault 7229
inactive_anon 448479232
active_anon 1185853440
inactive_file 8396800
active_file 8777728
unevictable 0
hierarchical_memory_limit 6442450944
hierarchical_memsw_limit 32212254720
total_cache 17182720
total_rss 1634324480
total_rss_huge 0
total_mapped_file 7753728
total_writeback 20480
total_swap 479911936
total_pgpgin 601139
total_pgpgout 197939
total_pgfault 710964
total_pgmajfault 7229
total_inactive_anon 448479232
total_active_anon 1185853440
total_inactive_file 8396800
total_active_file 8777728
total_unevictable 0
--------------------BLKIO-----------------------
11:0 Read 0
11:0 Write 0
11:0 Sync 0
11:0 Async 0
11:0 Total 0
253:0 Read 58171392
253:0 Write 44621824
253:0 Sync 0
253:0 Async 102793216
253:0 Total 102793216
Total 102793216
--------------------CPUAC-----------------------
user 739
system 1202
 
Sat May 20 04:36:13 IST 2017
--------------------MEMCG-----------------------
MEM ONLY  : 1540 MB
MEM+SWAP  : 2032 MB
cache 16519168
rss 1598717952
rss_huge 0
mapped_file 7753728
writeback 0
swap 515526656
pgpgin 601330
pgpgout 206985
pgfault 711374
pgmajfault 7416
inactive_anon 436617216
active_anon 1162100736
inactive_file 8167424
active_file 8351744
unevictable 0
hierarchical_memory_limit 6442450944
hierarchical_memsw_limit 32212254720
total_cache 16519168
total_rss 1598717952
total_rss_huge 0
total_mapped_file 7753728
total_writeback 0
total_swap 515526656
total_pgpgin 601330
total_pgpgout 206985
total_pgfault 711374
total_pgmajfault 7416
total_inactive_anon 436617216
total_active_anon 1162100736
total_inactive_file 8167424
total_active_file 8351744
total_unevictable 0
--------------------BLKIO-----------------------
11:0 Read 0
11:0 Write 0
11:0 Sync 0
11:0 Async 0
11:0 Total 0
253:0 Read 59039744
253:0 Write 44675072
253:0 Sync 0
253:0 Async 103714816
253:0 Total 103714816
Total 103714816
--------------------CPUAC-----------------------
user 739
system 1203
 
Sat May 20 04:36:44 IST 2017
--------------------MEMCG-----------------------
MEM ONLY  : 1512 MB
MEM+SWAP  : 2032 MB
cache 16478208
rss 1569378304
rss_huge 0
mapped_file 7753728
writeback 589824
swap 544866304
pgpgin 601536
pgpgout 214364
pgfault 711805
pgmajfault 7600
inactive_anon 427388928
active_anon 1141989376
inactive_file 8036352
active_file 8441856
unevictable 0
hierarchical_memory_limit 6442450944
hierarchical_memsw_limit 32212254720
total_cache 16478208
total_rss 1569378304
total_rss_huge 0
total_mapped_file 7753728
total_writeback 589824
total_swap 544866304
total_pgpgin 601536
total_pgpgout 214364
total_pgfault 711805
total_pgmajfault 7600
total_inactive_anon 427388928
total_active_anon 1141989376
total_inactive_file 8036352
total_active_file 8441856
total_unevictable 0
--------------------BLKIO-----------------------
11:0 Read 0
11:0 Write 0
11:0 Sync 0
11:0 Async 0
11:0 Total 0
253:0 Read 60088320
253:0 Write 44789760
253:0 Sync 0
253:0 Async 104878080
253:0 Total 104878080
Total 104878080
--------------------CPUAC-----------------------
user 740
system 1205
 
Sat May 20 04:37:14 IST 2017
--------------------MEMCG-----------------------
MEM ONLY  : 1477 MB
MEM+SWAP  : 2032 MB
cache 16547840
rss 1532194816
rss_huge 0
mapped_file 7753728
writeback 0
swap 582045696
pgpgin 602364
pgpgout 224253
pgfault 713765
pgmajfault 7797
inactive_anon 416890880
active_anon 1115308032
inactive_file 7061504
active_file 9482240
unevictable 0
hierarchical_memory_limit 6442450944
hierarchical_memsw_limit 32212254720
total_cache 16547840
total_rss 1532194816
total_rss_huge 0
total_mapped_file 7753728
total_writeback 0
total_swap 582045696
total_pgpgin 602364
total_pgpgout 224253
total_pgfault 713765
total_pgmajfault 7797
total_inactive_anon 416890880
total_active_anon 1115308032
total_inactive_file 7061504
total_active_file 9482240
total_unevictable 0
--------------------BLKIO-----------------------
11:0 Read 0
11:0 Write 0
11:0 Sync 0
11:0 Async 0
11:0 Total 0
253:0 Read 61079552
253:0 Write 45412352
253:0 Sync 0
253:0 Async 106491904
253:0 Total 106491904
Total 106491904
--------------------CPUAC-----------------------
user 741
system 1207
 
Sat May 20 04:37:44 IST 2017
--------------------MEMCG-----------------------
MEM ONLY  : 1442 MB
MEM+SWAP  : 2032 MB
cache 16547840
rss 1495732224
rss_huge 0
mapped_file 7753728
writeback 49152
swap 618508288
pgpgin 602552
pgpgout 233343
pgfault 714168
pgmajfault 7980
inactive_anon 407011328
active_anon 1088724992
inactive_file 7331840
active_file 9211904
unevictable 0
hierarchical_memory_limit 6442450944
hierarchical_memsw_limit 32212254720
total_cache 16547840
total_rss 1495732224
total_rss_huge 0
total_mapped_file 7753728
total_writeback 24576
total_swap 618508288
total_pgpgin 602552
total_pgpgout 233343
total_pgfault 714168
total_pgmajfault 7980
total_inactive_anon 407011328
total_active_anon 1088724992
total_inactive_file 7331840
total_active_file 9211904
total_unevictable 0
--------------------BLKIO-----------------------
11:0 Read 0
11:0 Write 0
11:0 Sync 0
11:0 Async 0
11:0 Total 0
253:0 Read 62005248
253:0 Write 45412352
253:0 Sync 0
253:0 Async 107417600
253:0 Total 107417600
Total 107417600
--------------------CPUAC-----------------------
user 742
system 1208
 
Sat May 20 04:38:14 IST 2017
--------------------MEMCG-----------------------
MEM ONLY  : 1410 MB
MEM+SWAP  : 2032 MB
cache 16519168
rss 1462206464
rss_huge 0
mapped_file 7753728
writeback 221184
swap 652034048
pgpgin 602752
pgpgout 241735
pgfault 714592
pgmajfault 8176
inactive_anon 397766656
active_anon 1064443904
inactive_file 7708672
active_file 8806400
unevictable 0
hierarchical_memory_limit 6442450944
hierarchical_memsw_limit 32212254720
total_cache 16519168
total_rss 1462206464
total_rss_huge 0
total_mapped_file 7753728
total_writeback 221184
total_swap 652034048
total_pgpgin 602752
total_pgpgout 241735
total_pgfault 714592
total_pgmajfault 8176
total_inactive_anon 397766656
total_active_anon 1064443904
total_inactive_file 7708672
total_active_file 8806400
total_unevictable 0
--------------------BLKIO-----------------------
11:0 Read 0
11:0 Write 0
11:0 Sync 0
11:0 Async 0
11:0 Total 0
253:0 Read 62881792
253:0 Write 45412352
253:0 Sync 0
253:0 Async 108294144
253:0 Total 108294144
Total 108294144
--------------------CPUAC-----------------------
user 742
system 1208
 
Sat May 20 04:38:44 IST 2017
--------------------MEMCG-----------------------
MEM ONLY  : 1387 MB
MEM+SWAP  : 2032 MB
cache 16515072
rss 1437863936
rss_huge 0
mapped_file 7753728
writeback 0
swap 676376576
pgpgin 602951
pgpgout 247878
pgfault 715007
pgmajfault 8363
inactive_anon 390918144
active_anon 1046949888
inactive_file 7749632
active_file 8761344
unevictable 0
hierarchical_memory_limit 6442450944
hierarchical_memsw_limit 32212254720
total_cache 16515072
total_rss 1437863936
total_rss_huge 0
total_mapped_file 7753728
total_writeback 0
total_swap 676376576
total_pgpgin 602951
total_pgpgout 247878
total_pgfault 715007
total_pgmajfault 8363
total_inactive_anon 390918144
total_active_anon 1046949888
total_inactive_file 7749632
total_active_file 8761344
total_unevictable 0
--------------------BLKIO-----------------------
11:0 Read 0
11:0 Write 0
11:0 Sync 0
11:0 Async 0
11:0 Total 0
253:0 Read 63889408
253:0 Write 45449216
253:0 Sync 0
253:0 Async 109338624
253:0 Total 109338624
Total 109338624
--------------------CPUAC-----------------------
user 743
system 1208
 
Sat May 20 04:39:14 IST 2017
--------------------MEMCG-----------------------
MEM ONLY  : 1364 MB
MEM+SWAP  : 2032 MB
cache 16486400
rss 1413697536
rss_huge 0
mapped_file 7753728
writeback 61440
swap 700542976
pgpgin 603142
pgpgout 253976
pgfault 715414
pgmajfault 8553
inactive_anon 384118784
active_anon 1029582848
inactive_file 7806976
active_file 8675328
unevictable 0
hierarchical_memory_limit 6442450944
hierarchical_memsw_limit 32212254720
total_cache 16486400
total_rss 1413697536
total_rss_huge 0
total_mapped_file 7753728
total_writeback 61440
total_swap 700542976
total_pgpgin 603142
total_pgpgout 253976
total_pgfault 715414
total_pgmajfault 8553
total_inactive_anon 384118784
total_active_anon 1029582848
total_inactive_file 7806976
total_active_file 8675328
total_unevictable 0
--------------------BLKIO-----------------------
11:0 Read 0
11:0 Write 0
11:0 Sync 0
11:0 Async 0
11:0 Total 0
253:0 Read 64688128
253:0 Write 45928448
253:0 Sync 0
253:0 Async 110616576
253:0 Total 110616576
Total 110616576
--------------------CPUAC-----------------------
user 744
system 1209
 
Sat May 20 04:39:44 IST 2017
--------------------MEMCG-----------------------
MEM ONLY  : 1347 MB
MEM+SWAP  : 2032 MB
cache 16486400
rss 1396396032
rss_huge 0
mapped_file 7753728
writeback 8192
swap 717844480
pgpgin 603331
pgpgout 258389
pgfault 715813
pgmajfault 8739
inactive_anon 379166720
active_anon 1017233408
inactive_file 7921664
active_file 8560640
unevictable 0
hierarchical_memory_limit 6442450944
hierarchical_memsw_limit 32212254720
total_cache 16486400
total_rss 1396396032
total_rss_huge 0
total_mapped_file 7753728
total_writeback 8192
total_swap 717844480
total_pgpgin 603331
total_pgpgout 258389
total_pgfault 715813
total_pgmajfault 8739
total_inactive_anon 379166720
total_active_anon 1017233408
total_inactive_file 7921664
total_active_file 8560640
total_unevictable 0
--------------------BLKIO-----------------------
11:0 Read 0
11:0 Write 0
11:0 Sync 0
11:0 Async 0
11:0 Total 0
253:0 Read 65536000
253:0 Write 45928448
253:0 Sync 0
253:0 Async 111464448
253:0 Total 111464448
Total 111464448
--------------------CPUAC-----------------------
user 744
system 1210
 
Sat May 20 04:40:14 IST 2017
--------------------MEMCG-----------------------
MEM ONLY  : 1332 MB
MEM+SWAP  : 2032 MB
cache 16486400
rss 1381093376
rss_huge 0
mapped_file 7753728
writeback 0
swap 733147136
pgpgin 603525
pgpgout 262319
pgfault 716227
pgmajfault 8933
inactive_anon 374743040
active_anon 1006354432
inactive_file 7921664
active_file 8560640
unevictable 0
hierarchical_memory_limit 6442450944
hierarchical_memsw_limit 32212254720
total_cache 16486400
total_rss 1381093376
total_rss_huge 0
total_mapped_file 7753728
total_writeback 0
total_swap 733147136
total_pgpgin 603525
total_pgpgout 262319
total_pgfault 716227
total_pgmajfault 8933
total_inactive_anon 374743040
total_active_anon 1006354432
total_inactive_file 7921664
total_active_file 8560640
total_unevictable 0
--------------------BLKIO-----------------------
11:0 Read 0
11:0 Write 0
11:0 Sync 0
11:0 Async 0
11:0 Total 0
253:0 Read 66338816
253:0 Write 46006272
253:0 Sync 0
253:0 Async 112345088
253:0 Total 112345088
Total 112345088
--------------------CPUAC-----------------------
user 744
system 1210
 
Sat May 20 04:40:44 IST 2017
--------------------MEMCG-----------------------
MEM ONLY  : 1323 MB
MEM+SWAP  : 2032 MB
cache 16482304
rss 1371443200
rss_huge 0
mapped_file 7753728
writeback 0
swap 742797312
pgpgin 603789
pgpgout 264940
pgfault 716784
pgmajfault 9192
inactive_anon 372006912
active_anon 999440384
inactive_file 7905280
active_file 8572928
unevictable 0
hierarchical_memory_limit 6442450944
hierarchical_memsw_limit 32212254720
total_cache 16482304
total_rss 1371443200
total_rss_huge 0
total_mapped_file 7753728
total_writeback 0
total_swap 742797312
total_pgpgin 603789
total_pgpgout 264940
total_pgfault 716784
total_pgmajfault 9192
total_inactive_anon 372006912
total_active_anon 999440384
total_inactive_file 7905280
total_active_file 8572928
total_unevictable 0
--------------------BLKIO-----------------------
11:0 Read 0
11:0 Write 0
11:0 Sync 0
11:0 Async 0
11:0 Total 0
253:0 Read 67563520
253:0 Write 46006272
253:0 Sync 0
253:0 Async 113569792
253:0 Total 113569792
Total 113569792
--------------------CPUAC-----------------------
user 745
system 1210
 
Sat May 20 04:41:15 IST 2017
--------------------MEMCG-----------------------
MEM ONLY  : 1315 MB
MEM+SWAP  : 2032 MB
cache 16470016
rss 1363443712
rss_huge 0
mapped_file 7753728
writeback 0
swap 750796800
pgpgin 604067
pgpgout 267174
pgfault 717371
pgmajfault 9460
inactive_anon 369684480
active_anon 993763328
inactive_file 7905280
active_file 8560640
unevictable 0
hierarchical_memory_limit 6442450944
hierarchical_memsw_limit 32212254720
total_cache 16470016
total_rss 1363443712
total_rss_huge 0
total_mapped_file 7753728
total_writeback 0
total_swap 750796800
total_pgpgin 604067
total_pgpgout 267174
total_pgfault 717371
total_pgmajfault 9460
total_inactive_anon 369684480
total_active_anon 993763328
total_inactive_file 7905280
total_active_file 8560640
total_unevictable 0
--------------------BLKIO-----------------------
11:0 Read 0
11:0 Write 0
11:0 Sync 0
11:0 Async 0
11:0 Total 0
253:0 Read 68902912
253:0 Write 46006272
253:0 Sync 0
253:0 Async 114909184
253:0 Total 114909184
Total 114909184
--------------------CPUAC-----------------------
user 745
system 1213
 
Sat May 20 04:41:45 IST 2017
--------------------MEMCG-----------------------
MEM ONLY  : 1308 MB
MEM+SWAP  : 2032 MB
cache 16465920
rss 1355997184
rss_huge 0
mapped_file 7753728
writeback 806912
swap 758243328
pgpgin 604347
pgpgout 269273
pgfault 717951
pgmajfault 9724
inactive_anon 367550464
active_anon 988450816
inactive_file 7905280
active_file 8556544
unevictable 0
hierarchical_memory_limit 6442450944
hierarchical_memsw_limit 32212254720
total_cache 16465920
total_rss 1355997184
total_rss_huge 0
total_mapped_file 7753728
total_writeback 806912
total_swap 758243328
total_pgpgin 604347
total_pgpgout 269273
total_pgfault 717951
total_pgmajfault 9724
total_inactive_anon 367550464
total_active_anon 988450816
total_inactive_file 7905280
total_active_file 8556544
total_unevictable 0
--------------------BLKIO-----------------------
11:0 Read 0
11:0 Write 0
11:0 Sync 0
11:0 Async 0
11:0 Total 0
253:0 Read 70238208
253:0 Write 46018560
253:0 Sync 0
253:0 Async 116256768
253:0 Total 116256768
Total 116256768
--------------------CPUAC-----------------------
user 745
system 1215
 
Sat May 20 04:42:15 IST 2017
--------------------MEMCG-----------------------
MEM ONLY  : 1301 MB
MEM+SWAP  : 2032 MB
cache 16465920
rss 1348718592
rss_huge 0
mapped_file 7753728
writeback 0
swap 765521920
pgpgin 604712
pgpgout 271415
pgfault 718723
pgmajfault 10077
inactive_anon 365387776
active_anon 983334912
inactive_file 7864320
active_file 8597504
unevictable 0
hierarchical_memory_limit 6442450944
hierarchical_memsw_limit 32212254720
total_cache 16465920
total_rss 1348718592
total_rss_huge 0
total_mapped_file 7753728
total_writeback 0
total_swap 765521920
total_pgpgin 604712
total_pgpgout 271415
total_pgfault 718723
total_pgmajfault 10077
total_inactive_anon 365387776
total_active_anon 983334912
total_inactive_file 7864320
total_active_file 8597504
total_unevictable 0
--------------------BLKIO-----------------------
11:0 Read 0
11:0 Write 0
11:0 Sync 0
11:0 Async 0
11:0 Total 0
253:0 Read 72060928
253:0 Write 46018560
253:0 Sync 0
253:0 Async 118079488
253:0 Total 118079488
Total 118079488
--------------------CPUAC-----------------------
user 745
system 1218
 
Sat May 20 04:42:45 IST 2017
--------------------MEMCG-----------------------
MEM ONLY  : 1294 MB
MEM+SWAP  : 2032 MB
cache 16465920
rss 1341243392
rss_huge 0
mapped_file 7753728
writeback 0
swap 772997120
pgpgin 605032
pgpgout 273560
pgfault 719392
pgmajfault 10379
inactive_anon 363286528
active_anon 977960960
inactive_file 7892992
active_file 8568832
unevictable 0
hierarchical_memory_limit 6442450944
hierarchical_memsw_limit 32212254720
total_cache 16465920
total_rss 1341243392
total_rss_huge 0
total_mapped_file 7753728
total_writeback 0
total_swap 772997120
total_pgpgin 605032
total_pgpgout 273560
total_pgfault 719392
total_pgmajfault 10379
total_inactive_anon 363286528
total_active_anon 977960960
total_inactive_file 7892992
total_active_file 8568832
total_unevictable 0
--------------------BLKIO-----------------------
11:0 Read 0
11:0 Write 0
11:0 Sync 0
11:0 Async 0
11:0 Total 0
253:0 Read 73650176
253:0 Write 46047232
253:0 Sync 0
253:0 Async 119697408
253:0 Total 119697408
Total 119697408
--------------------CPUAC-----------------------
user 746
system 1219
 
