Sat May 20 04:33:13 IST 2017
--------------------MEMCG-----------------------
MEM ONLY  : 1718 MB
MEM+SWAP  : 1919 MB
cache 19947520
rss 1781514240
rss_huge 0
mapped_file 7192576
writeback 299008
swap 211193856
pgpgin 592785
pgpgout 152975
pgfault 701045
pgmajfault 1695
inactive_anon 525193216
active_anon 1256329216
inactive_file 5414912
active_file 14524416
unevictable 0
hierarchical_memory_limit 6442450944
hierarchical_memsw_limit 32212254720
total_cache 19947520
total_rss 1781514240
total_rss_huge 0
total_mapped_file 7192576
total_writeback 299008
total_swap 211193856
total_pgpgin 592785
total_pgpgout 152975
total_pgfault 701045
total_pgmajfault 1695
total_inactive_anon 525193216
total_active_anon 1256329216
total_inactive_file 5414912
total_active_file 14524416
total_unevictable 0
--------------------BLKIO-----------------------
11:0 Read 0
11:0 Write 0
11:0 Sync 0
11:0 Async 0
11:0 Total 0
253:0 Read 75132928
253:0 Write 6578388992
253:0 Sync 6466088960
253:0 Async 187432960
253:0 Total 6653521920
Total 6653521920
--------------------CPUAC-----------------------
user 8555
system 4753
 
Sat May 20 04:33:43 IST 2017
--------------------MEMCG-----------------------
MEM ONLY  : 1688 MB
MEM+SWAP  : 1919 MB
cache 19951616
rss 1750323200
rss_huge 0
mapped_file 7294976
writeback 221184
swap 242651136
pgpgin 593118
pgpgout 160922
pgfault 701926
pgmajfault 1921
inactive_anon 517332992
active_anon 1232871424
inactive_file 5345280
active_file 14598144
unevictable 0
hierarchical_memory_limit 6442450944
hierarchical_memsw_limit 32212254720
total_cache 19951616
total_rss 1750323200
total_rss_huge 0
total_mapped_file 7294976
total_writeback 221184
total_swap 242651136
total_pgpgin 593118
total_pgpgout 160922
total_pgfault 701926
total_pgmajfault 1921
total_inactive_anon 517332992
total_active_anon 1232871424
total_inactive_file 5345280
total_active_file 14598144
total_unevictable 0
--------------------BLKIO-----------------------
11:0 Read 0
11:0 Write 0
11:0 Sync 0
11:0 Async 0
11:0 Total 0
253:0 Read 76365824
253:0 Write 6588305408
253:0 Sync 6475980800
253:0 Async 188690432
253:0 Total 6664671232
Total 6664671232
--------------------CPUAC-----------------------
user 8570
system 4760
 
Sat May 20 04:34:13 IST 2017
--------------------MEMCG-----------------------
MEM ONLY  : 1648 MB
MEM+SWAP  : 1919 MB
cache 19943424
rss 1708679168
rss_huge 0
mapped_file 7290880
writeback 86016
swap 284540928
pgpgin 593649
pgpgout 171622
pgfault 703281
pgmajfault 2310
inactive_anon 507351040
active_anon 1201336320
inactive_file 5795840
active_file 14139392
unevictable 0
hierarchical_memory_limit 6442450944
hierarchical_memsw_limit 32212254720
total_cache 19943424
total_rss 1708679168
total_rss_huge 0
total_mapped_file 7290880
total_writeback 86016
total_swap 284540928
total_pgpgin 593649
total_pgpgout 171622
total_pgfault 703281
total_pgmajfault 2310
total_inactive_anon 507351040
total_active_anon 1201336320
total_inactive_file 5795840
total_active_file 14139392
total_unevictable 0
--------------------BLKIO-----------------------
11:0 Read 0
11:0 Write 0
11:0 Sync 0
11:0 Async 0
11:0 Total 0
253:0 Read 78483456
253:0 Write 6601449472
253:0 Sync 6489092096
253:0 Async 190840832
253:0 Total 6679932928
Total 6679932928
--------------------CPUAC-----------------------
user 8585
system 4766
 
Sat May 20 04:34:43 IST 2017
--------------------MEMCG-----------------------
MEM ONLY  : 1636 MB
MEM+SWAP  : 1920 MB
cache 19951616
rss 1696161792
rss_huge 0
mapped_file 7213056
writeback 69632
swap 297365504
pgpgin 594179
pgpgout 175206
pgfault 704308
pgmajfault 2734
inactive_anon 504360960
active_anon 1191809024
inactive_file 5574656
active_file 14368768
unevictable 0
hierarchical_memory_limit 6442450944
hierarchical_memsw_limit 32212254720
total_cache 19951616
total_rss 1696161792
total_rss_huge 0
total_mapped_file 7213056
total_writeback 69632
total_swap 297365504
total_pgpgin 594179
total_pgpgout 175206
total_pgfault 704308
total_pgmajfault 2734
total_inactive_anon 504360960
total_active_anon 1191809024
total_inactive_file 5574656
total_active_file 14368768
total_unevictable 0
--------------------BLKIO-----------------------
11:0 Read 0
11:0 Write 0
11:0 Sync 0
11:0 Async 0
11:0 Total 0
253:0 Read 80506880
253:0 Write 6611968000
253:0 Sync 6499106816
253:0 Async 193368064
253:0 Total 6692474880
Total 6692474880
--------------------CPUAC-----------------------
user 8608
system 4778
 
Sat May 20 04:35:13 IST 2017
--------------------MEMCG-----------------------
MEM ONLY  : 1622 MB
MEM+SWAP  : 1920 MB
cache 19951616
rss 1681674240
rss_huge 0
mapped_file 7213056
writeback 0
swap 312004608
pgpgin 594636
pgpgout 179200
pgfault 705197
pgmajfault 3086
inactive_anon 500920320
active_anon 1180762112
inactive_file 5246976
active_file 14696448
unevictable 0
hierarchical_memory_limit 6442450944
hierarchical_memsw_limit 32212254720
total_cache 19951616
total_rss 1681674240
total_rss_huge 0
total_mapped_file 7213056
total_writeback 0
total_swap 312004608
total_pgpgin 594636
total_pgpgout 179200
total_pgfault 705197
total_pgmajfault 3086
total_inactive_anon 500920320
total_active_anon 1180762112
total_inactive_file 5246976
total_active_file 14696448
total_unevictable 0
--------------------BLKIO-----------------------
11:0 Read 0
11:0 Write 0
11:0 Sync 0
11:0 Async 0
11:0 Total 0
253:0 Read 82538496
253:0 Write 6627024896
253:0 Sync 6513528832
253:0 Async 196034560
253:0 Total 6709563392
Total 6709563392
--------------------CPUAC-----------------------
user 8625
system 4788
 
Sat May 20 04:35:43 IST 2017
--------------------MEMCG-----------------------
MEM ONLY  : 1597 MB
MEM+SWAP  : 1920 MB
cache 19931136
rss 1655209984
rss_huge 0
mapped_file 7172096
writeback 90112
swap 338599936
pgpgin 595152
pgpgout 186182
pgfault 706228
pgmajfault 3540
inactive_anon 494473216
active_anon 1160716288
inactive_file 5021696
active_file 14901248
unevictable 0
hierarchical_memory_limit 6442450944
hierarchical_memsw_limit 32212254720
total_cache 19931136
total_rss 1655209984
total_rss_huge 0
total_mapped_file 7172096
total_writeback 90112
total_swap 338599936
total_pgpgin 595152
total_pgpgout 186182
total_pgfault 706228
total_pgmajfault 3540
total_inactive_anon 494473216
total_active_anon 1160716288
total_inactive_file 5021696
total_active_file 14901248
total_unevictable 0
--------------------BLKIO-----------------------
11:0 Read 0
11:0 Write 0
11:0 Sync 0
11:0 Async 0
11:0 Total 0
253:0 Read 84647936
253:0 Write 6635732992
253:0 Sync 6521724928
253:0 Async 198656000
253:0 Total 6720380928
Total 6720380928
--------------------CPUAC-----------------------
user 8639
system 4795
 
Sat May 20 04:36:13 IST 2017
--------------------MEMCG-----------------------
MEM ONLY  : 1558 MB
MEM+SWAP  : 1920 MB
cache 19906560
rss 1614508032
rss_huge 0
mapped_file 7200768
writeback 32768
swap 379514880
pgpgin 595756
pgpgout 196729
pgfault 707874
pgmajfault 4040
inactive_anon 484380672
active_anon 1129869312
inactive_file 4907008
active_file 14995456
unevictable 0
hierarchical_memory_limit 6442450944
hierarchical_memsw_limit 32212254720
total_cache 19906560
total_rss 1614508032
total_rss_huge 0
total_mapped_file 7200768
total_writeback 32768
total_swap 379514880
total_pgpgin 595756
total_pgpgout 196729
total_pgfault 707874
total_pgmajfault 4040
total_inactive_anon 484380672
total_active_anon 1129869312
total_inactive_file 4907008
total_active_file 14995456
total_unevictable 0
--------------------BLKIO-----------------------
11:0 Read 0
11:0 Write 0
11:0 Sync 0
11:0 Async 0
11:0 Total 0
253:0 Read 87060480
253:0 Write 6643593216
253:0 Sync 6529417216
253:0 Async 201236480
253:0 Total 6730653696
Total 6730653696
--------------------CPUAC-----------------------
user 8652
system 4802
 
Sat May 20 04:36:44 IST 2017
--------------------MEMCG-----------------------
MEM ONLY  : 1524 MB
MEM+SWAP  : 1920 MB
cache 19894272
rss 1578496000
rss_huge 0
mapped_file 7184384
writeback 634880
swap 415756288
pgpgin 596322
pgpgout 206090
pgfault 709322
pgmajfault 4469
inactive_anon 475856896
active_anon 1102643200
inactive_file 4968448
active_file 14921728
unevictable 0
hierarchical_memory_limit 6442450944
hierarchical_memsw_limit 32212254720
total_cache 19894272
total_rss 1578496000
total_rss_huge 0
total_mapped_file 7184384
total_writeback 634880
total_swap 415756288
total_pgpgin 596322
total_pgpgout 206090
total_pgfault 709322
total_pgmajfault 4469
total_inactive_anon 475856896
total_active_anon 1102643200
total_inactive_file 4968448
total_active_file 14921728
total_unevictable 0
--------------------BLKIO-----------------------
11:0 Read 0
11:0 Write 0
11:0 Sync 0
11:0 Async 0
11:0 Total 0
253:0 Read 89538560
253:0 Write 6651543552
253:0 Sync 6537216000
253:0 Async 203866112
253:0 Total 6741082112
Total 6741082112
--------------------CPUAC-----------------------
user 8665
system 4808
 
Sat May 20 04:37:14 IST 2017
--------------------MEMCG-----------------------
MEM ONLY  : 1494 MB
MEM+SWAP  : 1920 MB
cache 19832832
rss 1547005952
rss_huge 0
mapped_file 7204864
writeback 40960
swap 447459328
pgpgin 596945
pgpgout 214416
pgfault 710920
pgmajfault 4994
inactive_anon 468353024
active_anon 1078657024
inactive_file 5206016
active_file 14622720
unevictable 0
hierarchical_memory_limit 6442450944
hierarchical_memsw_limit 32212254720
total_cache 19832832
total_rss 1547005952
total_rss_huge 0
total_mapped_file 7204864
total_writeback 40960
total_swap 447459328
total_pgpgin 596945
total_pgpgout 214416
total_pgfault 710920
total_pgmajfault 4994
total_inactive_anon 468353024
total_active_anon 1078657024
total_inactive_file 5206016
total_active_file 14622720
total_unevictable 0
--------------------BLKIO-----------------------
11:0 Read 0
11:0 Write 0
11:0 Sync 0
11:0 Async 0
11:0 Total 0
253:0 Read 92160000
253:0 Write 6666637312
253:0 Sync 6552289280
253:0 Async 206508032
253:0 Total 6758797312
Total 6758797312
--------------------CPUAC-----------------------
user 8674
system 4817
 
Sat May 20 04:37:44 IST 2017
--------------------MEMCG-----------------------
MEM ONLY  : 1463 MB
MEM+SWAP  : 1921 MB
cache 19787776
rss 1515266048
rss_huge 0
mapped_file 7307264
writeback 0
swap 479297536
pgpgin 597647
pgpgout 222878
pgfault 712681
pgmajfault 5592
inactive_anon 460795904
active_anon 1054474240
inactive_file 5378048
active_file 14405632
unevictable 0
hierarchical_memory_limit 6442450944
hierarchical_memsw_limit 32212254720
total_cache 19787776
total_rss 1515266048
total_rss_huge 0
total_mapped_file 7307264
total_writeback 0
total_swap 479297536
total_pgpgin 597647
total_pgpgout 222878
total_pgfault 712681
total_pgmajfault 5592
total_inactive_anon 460795904
total_active_anon 1054474240
total_inactive_file 5378048
total_active_file 14405632
total_unevictable 0
--------------------BLKIO-----------------------
11:0 Read 0
11:0 Write 0
11:0 Sync 0
11:0 Async 0
11:0 Total 0
253:0 Read 95383552
253:0 Write 6674350080
253:0 Sync 6559997952
253:0 Async 209735680
253:0 Total 6769733632
Total 6769733632
--------------------CPUAC-----------------------
user 8688
system 4825
 
Sat May 20 04:38:14 IST 2017
--------------------MEMCG-----------------------
MEM ONLY  : 1435 MB
MEM+SWAP  : 1921 MB
cache 19701760
rss 1485864960
rss_huge 0
mapped_file 7184384
writeback 114688
swap 508846080
pgpgin 598277
pgpgout 230707
pgfault 714311
pgmajfault 6158
inactive_anon 453644288
active_anon 1032224768
inactive_file 5812224
active_file 13885440
unevictable 0
hierarchical_memory_limit 6442450944
hierarchical_memsw_limit 32212254720
total_cache 19701760
total_rss 1485864960
total_rss_huge 0
total_mapped_file 7184384
total_writeback 114688
total_swap 508846080
total_pgpgin 598277
total_pgpgout 230707
total_pgfault 714311
total_pgmajfault 6158
total_inactive_anon 453644288
total_active_anon 1032224768
total_inactive_file 5812224
total_active_file 13885440
total_unevictable 0
--------------------BLKIO-----------------------
11:0 Read 0
11:0 Write 0
11:0 Sync 0
11:0 Async 0
11:0 Total 0
253:0 Read 97959936
253:0 Write 6682267648
253:0 Sync 6567841792
253:0 Async 212385792
253:0 Total 6780227584
Total 6780227584
--------------------CPUAC-----------------------
user 8702
system 4833
 
Sat May 20 04:38:44 IST 2017
--------------------MEMCG-----------------------
MEM ONLY  : 1417 MB
MEM+SWAP  : 1921 MB
cache 19640320
rss 1467068416
rss_huge 0
mapped_file 7307264
writeback 8192
swap 527724544
pgpgin 598768
pgpgout 235802
pgfault 715684
pgmajfault 6570
inactive_anon 449363968
active_anon 1017708544
inactive_file 6205440
active_file 13430784
unevictable 0
hierarchical_memory_limit 6442450944
hierarchical_memsw_limit 32212254720
total_cache 19640320
total_rss 1467068416
total_rss_huge 0
total_mapped_file 7307264
total_writeback 8192
total_swap 527724544
total_pgpgin 598768
total_pgpgout 235802
total_pgfault 715684
total_pgmajfault 6570
total_inactive_anon 449363968
total_active_anon 1017708544
total_inactive_file 6205440
total_active_file 13430784
total_unevictable 0
--------------------BLKIO-----------------------
11:0 Read 0
11:0 Write 0
11:0 Sync 0
11:0 Async 0
11:0 Total 0
253:0 Read 100265984
253:0 Write 6690238464
253:0 Sync 6575788032
253:0 Async 214716416
253:0 Total 6790504448
Total 6790504448
--------------------CPUAC-----------------------
user 8718
system 4840
 
Sat May 20 04:39:14 IST 2017
--------------------MEMCG-----------------------
MEM ONLY  : 1404 MB
MEM+SWAP  : 1921 MB
cache 19607552
rss 1452883968
rss_huge 0
mapped_file 7184384
writeback 0
swap 541945856
pgpgin 599394
pgpgout 239899
pgfault 717332
pgmajfault 7175
inactive_anon 445947904
active_anon 1006931968
inactive_file 6656000
active_file 12947456
unevictable 0
hierarchical_memory_limit 6442450944
hierarchical_memsw_limit 32212254720
total_cache 19607552
total_rss 1452883968
total_rss_huge 0
total_mapped_file 7184384
total_writeback 0
total_swap 541945856
total_pgpgin 599394
total_pgpgout 239899
total_pgfault 717332
total_pgmajfault 7175
total_inactive_anon 445947904
total_active_anon 1006931968
total_inactive_file 6656000
total_active_file 12947456
total_unevictable 0
--------------------BLKIO-----------------------
11:0 Read 0
11:0 Write 0
11:0 Sync 0
11:0 Async 0
11:0 Total 0
253:0 Read 102805504
253:0 Write 6698102784
253:0 Sync 6583500800
253:0 Async 217407488
253:0 Total 6800908288
Total 6800908288
--------------------CPUAC-----------------------
user 8729
system 4849
 
Sat May 20 04:39:44 IST 2017
--------------------MEMCG-----------------------
MEM ONLY  : 1396 MB
MEM+SWAP  : 1921 MB
cache 19501056
rss 1444577280
rss_huge 0
mapped_file 7168000
writeback 0
swap 550297600
pgpgin 599918
pgpgout 242477
pgfault 718553
pgmajfault 7669
inactive_anon 444080128
active_anon 1000501248
inactive_file 7016448
active_file 12480512
unevictable 0
hierarchical_memory_limit 6442450944
hierarchical_memsw_limit 32212254720
total_cache 19501056
total_rss 1444577280
total_rss_huge 0
total_mapped_file 7168000
total_writeback 0
total_swap 550297600
total_pgpgin 599918
total_pgpgout 242477
total_pgfault 718553
total_pgmajfault 7669
total_inactive_anon 444080128
total_active_anon 1000501248
total_inactive_file 7016448
total_active_file 12480512
total_unevictable 0
--------------------BLKIO-----------------------
11:0 Read 0
11:0 Write 0
11:0 Sync 0
11:0 Async 0
11:0 Total 0
253:0 Read 105033728
253:0 Write 6712627200
253:0 Sync 6597890048
253:0 Async 219770880
253:0 Total 6817660928
Total 6817660928
--------------------CPUAC-----------------------
user 8742
system 4860
 
Sat May 20 04:40:14 IST 2017
--------------------MEMCG-----------------------
MEM ONLY  : 1390 MB
MEM+SWAP  : 1921 MB
cache 19394560
rss 1438703616
rss_huge 0
mapped_file 7131136
writeback 0
swap 556220416
pgpgin 600611
pgpgout 244630
pgfault 720318
pgmajfault 8349
inactive_anon 442888192
active_anon 995819520
inactive_file 7176192
active_file 12214272
unevictable 0
hierarchical_memory_limit 6442450944
hierarchical_memsw_limit 32212254720
total_cache 19394560
total_rss 1438703616
total_rss_huge 0
total_mapped_file 7131136
total_writeback 0
total_swap 556220416
total_pgpgin 600611
total_pgpgout 244630
total_pgfault 720318
total_pgmajfault 8349
total_inactive_anon 442888192
total_active_anon 995819520
total_inactive_file 7176192
total_active_file 12214272
total_unevictable 0
--------------------BLKIO-----------------------
11:0 Read 0
11:0 Write 0
11:0 Sync 0
11:0 Async 0
11:0 Total 0
253:0 Read 107876352
253:0 Write 6721138688
253:0 Sync 6606209024
253:0 Async 222806016
253:0 Total 6829015040
Total 6829015040
--------------------CPUAC-----------------------
user 8758
system 4871
 
Sat May 20 04:40:44 IST 2017
--------------------MEMCG-----------------------
MEM ONLY  : 1387 MB
MEM+SWAP  : 1920 MB
cache 19271680
rss 1435533312
rss_huge 0
mapped_file 7057408
writeback 0
swap 559460352
pgpgin 601339
pgpgout 246162
pgfault 721817
pgmajfault 9011
inactive_anon 442564608
active_anon 992972800
inactive_file 7131136
active_file 12136448
unevictable 0
hierarchical_memory_limit 6442450944
hierarchical_memsw_limit 32212254720
total_cache 19271680
total_rss 1435533312
total_rss_huge 0
total_mapped_file 7057408
total_writeback 0
total_swap 559460352
total_pgpgin 601339
total_pgpgout 246162
total_pgfault 721817
total_pgmajfault 9011
total_inactive_anon 442564608
total_active_anon 992972800
total_inactive_file 7131136
total_active_file 12136448
total_unevictable 0
--------------------BLKIO-----------------------
11:0 Read 0
11:0 Write 0
11:0 Sync 0
11:0 Async 0
11:0 Total 0
253:0 Read 111063040
253:0 Write 6730035200
253:0 Sync 6615105536
253:0 Async 225992704
253:0 Total 6841098240
Total 6841098240
--------------------CPUAC-----------------------
user 8773
system 4882
 
Sat May 20 04:41:15 IST 2017
--------------------MEMCG-----------------------
MEM ONLY  : 1387 MB
MEM+SWAP  : 1920 MB
cache 19181568
rss 1436033024
rss_huge 0
mapped_file 7016448
writeback 0
swap 559009792
pgpgin 602610
pgpgout 247333
pgfault 724336
pgmajfault 10118
inactive_anon 443285504
active_anon 992751616
inactive_file 7098368
active_file 12079104
unevictable 0
hierarchical_memory_limit 6442450944
hierarchical_memsw_limit 32212254720
total_cache 19181568
total_rss 1436033024
total_rss_huge 0
total_mapped_file 7016448
total_writeback 0
total_swap 559009792
total_pgpgin 602610
total_pgpgout 247333
total_pgfault 724336
total_pgmajfault 10118
total_inactive_anon 443285504
total_active_anon 992751616
total_inactive_file 7098368
total_active_file 12079104
total_unevictable 0
--------------------BLKIO-----------------------
11:0 Read 0
11:0 Write 0
11:0 Sync 0
11:0 Async 0
11:0 Total 0
253:0 Read 116850688
253:0 Write 6741237760
253:0 Sync 6623309824
253:0 Async 234778624
253:0 Total 6858088448
Total 6858088448
--------------------CPUAC-----------------------
user 8789
system 4891
 
Sat May 20 04:41:45 IST 2017
--------------------MEMCG-----------------------
MEM ONLY  : 1387 MB
MEM+SWAP  : 1920 MB
cache 19107840
rss 1435742208
rss_huge 0
mapped_file 6979584
writeback 241664
swap 559443968
pgpgin 603589
pgpgout 248401
pgfault 726328
pgmajfault 11004
inactive_anon 443748352
active_anon 991997952
inactive_file 7188480
active_file 11915264
unevictable 0
hierarchical_memory_limit 6442450944
hierarchical_memsw_limit 32212254720
total_cache 19107840
total_rss 1435742208
total_rss_huge 0
total_mapped_file 6979584
total_writeback 241664
total_swap 559443968
total_pgpgin 603589
total_pgpgout 248401
total_pgfault 726328
total_pgmajfault 11004
total_inactive_anon 443748352
total_active_anon 991997952
total_inactive_file 7188480
total_active_file 11915264
total_unevictable 0
--------------------BLKIO-----------------------
11:0 Read 0
11:0 Write 0
11:0 Sync 0
11:0 Async 0
11:0 Total 0
253:0 Read 121163776
253:0 Write 6756724736
253:0 Sync 6638690304
253:0 Async 239198208
253:0 Total 6877888512
Total 6877888512
--------------------CPUAC-----------------------
user 8804
system 4904
 
Sat May 20 04:42:15 IST 2017
--------------------MEMCG-----------------------
MEM ONLY  : 1387 MB
MEM+SWAP  : 1921 MB
cache 19075072
rss 1436090368
rss_huge 0
mapped_file 6934528
writeback 0
swap 559194112
pgpgin 604752
pgpgout 249487
pgfault 728598
pgmajfault 11995
inactive_anon 444284928
active_anon 991809536
inactive_file 7356416
active_file 11714560
unevictable 0
hierarchical_memory_limit 6442450944
hierarchical_memsw_limit 32212254720
total_cache 19075072
total_rss 1436090368
total_rss_huge 0
total_mapped_file 6934528
total_writeback 0
total_swap 559194112
total_pgpgin 604752
total_pgpgout 249487
total_pgfault 728598
total_pgmajfault 11995
total_inactive_anon 444284928
total_active_anon 991809536
total_inactive_file 7356416
total_active_file 11714560
total_unevictable 0
--------------------BLKIO-----------------------
11:0 Read 0
11:0 Write 0
11:0 Sync 0
11:0 Async 0
11:0 Total 0
253:0 Read 126599168
253:0 Write 6766014464
253:0 Sync 6647472128
253:0 Async 245141504
253:0 Total 6892613632
Total 6892613632
--------------------CPUAC-----------------------
user 8823
system 4919
 
Sat May 20 04:42:45 IST 2017
--------------------MEMCG-----------------------
MEM ONLY  : 1388 MB
MEM+SWAP  : 1921 MB
cache 19202048
rss 1436700672
rss_huge 0
mapped_file 6909952
writeback 0
swap 558698496
pgpgin 605990
pgpgout 250545
pgfault 731025
pgmajfault 13011
inactive_anon 445046784
active_anon 991657984
inactive_file 7495680
active_file 11702272
unevictable 0
hierarchical_memory_limit 6442450944
hierarchical_memsw_limit 32212254720
total_cache 19202048
total_rss 1436700672
total_rss_huge 0
total_mapped_file 6909952
total_writeback 0
total_swap 558698496
total_pgpgin 605990
total_pgpgout 250545
total_pgfault 731025
total_pgmajfault 13011
total_inactive_anon 445046784
total_active_anon 991657984
total_inactive_file 7495680
total_active_file 11702272
total_unevictable 0
--------------------BLKIO-----------------------
11:0 Read 0
11:0 Write 0
11:0 Sync 0
11:0 Async 0
11:0 Total 0
253:0 Read 132239360
253:0 Write 6781718528
253:0 Sync 6663036928
253:0 Async 250920960
253:0 Total 6913957888
Total 6913957888
--------------------CPUAC-----------------------
user 8844
system 4932
 
