/usr/lib/jvm/java-7-openjdk-amd64/bin/java -cp /home/vm1/clients/ycsb_mongo/mongodb-binding/conf:/home/vm1/clients/ycsb_mongo/conf:/home/vm1/clients/ycsb_mongo/lib/jackson-mapper-asl-1.9.4.jar:/home/vm1/clients/ycsb_mongo/lib/jackson-core-asl-1.9.4.jar:/home/vm1/clients/ycsb_mongo/lib/htrace-core4-4.1.0-incubating.jar:/home/vm1/clients/ycsb_mongo/lib/core-0.12.0.jar:/home/vm1/clients/ycsb_mongo/lib/HdrHistogram-2.1.4.jar:/home/vm1/clients/ycsb_mongo/mongodb-binding/lib/mongo-java-driver-3.0.3.jar:/home/vm1/clients/ycsb_mongo/mongodb-binding/lib/logback-core-1.1.2.jar:/home/vm1/clients/ycsb_mongo/mongodb-binding/lib/mongodb-binding-0.12.0.jar:/home/vm1/clients/ycsb_mongo/mongodb-binding/lib/logback-classic-1.1.2.jar:/home/vm1/clients/ycsb_mongo/mongodb-binding/lib/mongodb-async-driver-2.0.1.jar:/home/vm1/clients/ycsb_mongo/mongodb-binding/lib/slf4j-api-1.6.4.jar com.yahoo.ycsb.Client -db com.yahoo.ycsb.db.MongoDbClient -s -P /home/vm1/clients/ycsb_mongo/workloads/workload1 -p mongodb.url=mongodb://10.0.3.220:27017/ycsb?w=0 -p maxexecutiontime=600 -t
YCSB Client 0.12.0
Command line: -db com.yahoo.ycsb.db.MongoDbClient -s -P /home/vm1/clients/ycsb_mongo/workloads/workload1 -p mongodb.url=mongodb://10.0.3.220:27017/ycsb?w=0 -p maxexecutiontime=600 -t
Loading workload...
Starting test.
Maximum execution time specified as: 600 secs
2017-05-20 11:50:30:052 0 sec: 0 operations; est completion in 0 seconds 
mongo client connection created with mongodb://10.0.3.220:27017/ycsb?w=0
DBWrapper: report latency for each error is false and specific error codes to track for latency are: []
2017-05-20 11:50:39:820 10 sec: 504 operations; 50.4 current ops/sec; est completion in 2 days 7 hours [READ: Count=504, Max=145919, Min=1431, Avg=18177.24, 90=27599, 99=41951, 99.9=80063, 99.99=145919] 
2017-05-20 11:50:49:820 20 sec: 1218 operations; 71.4 current ops/sec; est completion in 1 days 21 hours [READ: Count=714, Max=72511, Min=399, Avg=13897.01, 90=23631, 99=31663, 99.9=38527, 99.99=72511] 
2017-05-20 11:50:59:820 30 sec: 2060 operations; 84.2 current ops/sec; est completion in 1 days 16 hours [READ: Count=842, Max=221695, Min=355, Avg=11848.92, 90=17487, 99=31359, 99.9=58911, 99.99=221695] 
2017-05-20 11:51:09:820 40 sec: 2957 operations; 89.7 current ops/sec; est completion in 1 days 13 hours [READ: Count=897, Max=151167, Min=304, Avg=11160.36, 90=16415, 99=31071, 99.9=62559, 99.99=151167] 
2017-05-20 11:51:19:820 50 sec: 3927 operations; 97 current ops/sec; est completion in 1 days 11 hours [READ: Count=970, Max=90623, Min=282, Avg=10303.94, 90=15607, 99=19647, 99.9=62911, 99.99=90623] 
2017-05-20 11:51:29:820 60 sec: 4928 operations; 100.1 current ops/sec; est completion in 1 days 9 hours [READ: Count=1001, Max=126847, Min=281, Avg=9971.5, 90=15631, 99=18879, 99.9=44287, 99.99=126847] 
2017-05-20 11:51:39:820 70 sec: 5991 operations; 106.3 current ops/sec; est completion in 1 days 8 hours [READ: Count=1063, Max=56671, Min=223, Avg=9384.11, 90=14783, 99=16719, 99.9=34047, 99.99=56671] 
2017-05-20 11:51:49:820 80 sec: 7007 operations; 101.6 current ops/sec; est completion in 1 days 7 hours [READ: Count=1016, Max=94975, Min=219, Avg=9819.82, 90=15431, 99=16895, 99.9=51359, 99.99=94975] 
2017-05-20 11:51:59:820 90 sec: 8090 operations; 108.3 current ops/sec; est completion in 1 days 6 hours [READ: Count=1083, Max=34271, Min=217, Avg=9209.66, 90=14855, 99=16815, 99.9=31247, 99.99=34271] 
2017-05-20 11:52:09:820 100 sec: 9122 operations; 103.2 current ops/sec; est completion in 1 days 6 hours [READ: Count=1032, Max=113407, Min=218, Avg=9661.6, 90=15487, 99=22399, 99.9=64799, 99.99=113407] 
2017-05-20 11:52:19:820 110 sec: 10253 operations; 113.1 current ops/sec; est completion in 1 days 5 hours [READ: Count=1131, Max=45951, Min=166, Avg=8823.64, 90=14999, 99=16831, 99.9=43327, 99.99=45951] 
2017-05-20 11:52:29:820 120 sec: 11366 operations; 111.3 current ops/sec; est completion in 1 days 5 hours [READ: Count=1113, Max=40351, Min=129, Avg=8974.23, 90=15143, 99=16847, 99.9=39903, 99.99=40351] 
2017-05-20 11:52:39:820 130 sec: 12472 operations; 110.6 current ops/sec; est completion in 1 days 4 hours [READ: Count=1106, Max=69695, Min=125, Avg=9039.91, 90=15215, 99=17199, 99.9=43871, 99.99=69695] 
2017-05-20 11:52:49:820 140 sec: 13629 operations; 115.7 current ops/sec; est completion in 1 days 4 hours [READ: Count=1157, Max=63679, Min=120, Avg=8638.97, 90=15047, 99=16703, 99.9=33439, 99.99=63679] 
2017-05-20 11:52:59:820 150 sec: 14771 operations; 114.2 current ops/sec; est completion in 1 days 4 hours [READ: Count=1142, Max=91007, Min=119, Avg=8742.46, 90=14847, 99=17375, 99.9=46047, 99.99=91007] 
2017-05-20 11:53:09:820 160 sec: 15943 operations; 117.2 current ops/sec; est completion in 1 days 3 hours [READ: Count=1172, Max=54559, Min=117, Avg=8530.28, 90=14983, 99=17151, 99.9=52703, 99.99=54559] 
2017-05-20 11:53:19:820 170 sec: 17186 operations; 124.3 current ops/sec; est completion in 1 days 3 hours [READ: Count=1243, Max=46111, Min=118, Avg=8045.94, 90=14639, 99=17215, 99.9=30687, 99.99=46111] 
2017-05-20 11:53:29:820 180 sec: 18416 operations; 123 current ops/sec; est completion in 1 days 3 hours [READ: Count=1230, Max=57119, Min=119, Avg=8123.76, 90=14887, 99=16751, 99.9=31631, 99.99=57119] 
2017-05-20 11:53:39:820 190 sec: 19657 operations; 124.1 current ops/sec; est completion in 1 days 2 hours [READ: Count=1241, Max=82495, Min=120, Avg=8047, 90=14911, 99=17375, 99.9=63615, 99.99=82495] 
2017-05-20 11:53:49:820 200 sec: 20878 operations; 122.1 current ops/sec; est completion in 1 days 2 hours [READ: Count=1221, Max=52991, Min=123, Avg=8193.14, 90=15111, 99=17359, 99.9=49215, 99.99=52991] 
2017-05-20 11:53:59:820 210 sec: 22111 operations; 123.3 current ops/sec; est completion in 1 days 2 hours [READ: Count=1233, Max=46879, Min=118, Avg=8106.74, 90=15111, 99=17055, 99.9=33247, 99.99=46879] 
2017-05-20 11:54:09:820 220 sec: 23362 operations; 125.1 current ops/sec; est completion in 1 days 2 hours [READ: Count=1251, Max=60223, Min=120, Avg=7989.81, 90=15055, 99=17791, 99.9=47231, 99.99=60223] 
2017-05-20 11:54:19:820 230 sec: 24654 operations; 129.2 current ops/sec; est completion in 1 days 1 hours [READ: Count=1292, Max=76543, Min=115, Avg=7731.64, 90=15199, 99=18639, 99.9=41631, 99.99=76543] 
2017-05-20 11:54:29:820 240 sec: 25971 operations; 131.7 current ops/sec; est completion in 1 days 1 hours [READ: Count=1317, Max=62207, Min=115, Avg=7592.31, 90=14927, 99=17455, 99.9=42943, 99.99=62207] 
2017-05-20 11:54:39:820 250 sec: 27353 operations; 138.2 current ops/sec; est completion in 1 days 1 hours [READ: Count=1382, Max=53983, Min=118, Avg=7227.49, 90=14543, 99=16735, 99.9=39295, 99.99=53983] 
2017-05-20 11:54:49:820 260 sec: 28737 operations; 138.4 current ops/sec; est completion in 1 days 1 hours [READ: Count=1384, Max=99007, Min=116, Avg=7226.68, 90=14623, 99=17263, 99.9=43967, 99.99=99007] 
2017-05-20 11:54:59:820 270 sec: 30138 operations; 140.1 current ops/sec; est completion in 1 days [READ: Count=1401, Max=39391, Min=117, Avg=7128.51, 90=14607, 99=17855, 99.9=33279, 99.99=39391] 
2017-05-20 11:55:09:820 280 sec: 31611 operations; 147.3 current ops/sec; est completion in 1 days [READ: Count=1473, Max=53695, Min=114, Avg=6785.81, 90=14439, 99=19567, 99.9=52639, 99.99=53695] 
2017-05-20 11:55:19:820 290 sec: 33091 operations; 148 current ops/sec; est completion in 1 days [READ: Count=1480, Max=76223, Min=117, Avg=6756.44, 90=14727, 99=19919, 99.9=39743, 99.99=76223] 
2017-05-20 11:55:29:820 300 sec: 34583 operations; 149.2 current ops/sec; est completion in 1 days [READ: Count=1492, Max=70207, Min=114, Avg=6699.54, 90=14031, 99=16943, 99.9=59679, 99.99=70207] 
2017-05-20 11:55:39:820 310 sec: 36191 operations; 160.8 current ops/sec; est completion in 23 hours 42 minutes [READ: Count=1608, Max=51231, Min=113, Avg=6211.01, 90=14015, 99=19471, 99.9=33567, 99.99=51231] 
2017-05-20 11:55:49:820 320 sec: 37723 operations; 153.2 current ops/sec; est completion in 23 hours 28 minutes [READ: Count=1532, Max=173951, Min=115, Avg=6522.32, 90=14279, 99=17887, 99.9=50527, 99.99=173951] 
2017-05-20 11:55:59:820 330 sec: 39321 operations; 159.8 current ops/sec; est completion in 23 hours 13 minutes [READ: Count=1598, Max=33855, Min=114, Avg=6252.86, 90=14287, 99=19439, 99.9=32079, 99.99=33855] 
2017-05-20 11:56:09:820 340 sec: 40970 operations; 164.9 current ops/sec; est completion in 22 hours 57 minutes [READ: Count=1649, Max=89855, Min=114, Avg=6062.18, 90=14119, 99=19183, 99.9=55263, 99.99=89855] 
2017-05-20 11:56:19:820 350 sec: 42638 operations; 166.8 current ops/sec; est completion in 22 hours 42 minutes [READ: Count=1668, Max=52127, Min=116, Avg=5993.91, 90=14447, 99=17759, 99.9=49215, 99.99=52127] 
2017-05-20 11:56:29:820 360 sec: 44289 operations; 165.1 current ops/sec; est completion in 22 hours 28 minutes [READ: Count=1651, Max=41727, Min=114, Avg=6048.93, 90=14343, 99=17279, 99.9=30207, 99.99=41727] 
2017-05-20 11:56:39:820 370 sec: 46010 operations; 172.1 current ops/sec; est completion in 22 hours 14 minutes [READ: Count=1721, Max=72063, Min=112, Avg=5803.54, 90=14111, 99=19071, 99.9=33503, 99.99=72063] 
2017-05-20 11:56:49:820 380 sec: 47802 operations; 179.2 current ops/sec; est completion in 21 hours 58 minutes [READ: Count=1792, Max=96831, Min=116, Avg=5574.54, 90=13879, 99=18207, 99.9=35999, 99.99=96831] 
2017-05-20 11:56:59:820 390 sec: 49663 operations; 186.1 current ops/sec; est completion in 21 hours 42 minutes [READ: Count=1861, Max=59423, Min=114, Avg=5377.29, 90=14279, 99=18799, 99.9=28543, 99.99=59423] 
2017-05-20 11:57:09:820 400 sec: 51560 operations; 189.7 current ops/sec; est completion in 21 hours 26 minutes [READ: Count=1897, Max=65247, Min=112, Avg=5260.65, 90=13679, 99=20255, 99.9=30511, 99.99=65247] 
2017-05-20 11:57:19:820 410 sec: 53503 operations; 194.3 current ops/sec; est completion in 21 hours 10 minutes [READ: Count=1943, Max=70655, Min=112, Avg=5143.77, 90=13663, 99=18751, 99.9=31935, 99.99=70655] 
2017-05-20 11:57:29:820 420 sec: 55518 operations; 201.5 current ops/sec; est completion in 20 hours 53 minutes [READ: Count=2015, Max=46175, Min=112, Avg=4964.36, 90=13871, 99=20079, 99.9=34623, 99.99=46175] 
2017-05-20 11:57:39:820 430 sec: 57672 operations; 215.4 current ops/sec; est completion in 20 hours 35 minutes [READ: Count=2154, Max=89983, Min=113, Avg=4636.93, 90=13151, 99=19407, 99.9=33503, 99.99=89983] 
2017-05-20 11:57:49:820 440 sec: 59884 operations; 221.2 current ops/sec; est completion in 20 hours 17 minutes [READ: Count=2212, Max=52863, Min=112, Avg=4517.43, 90=13167, 99=19327, 99.9=39103, 99.99=52863] 
2017-05-20 11:57:59:820 450 sec: 62146 operations; 226.2 current ops/sec; est completion in 19 hours 59 minutes [READ: Count=2262, Max=46143, Min=111, Avg=4418.69, 90=13263, 99=16975, 99.9=35839, 99.99=46143] 
2017-05-20 11:58:09:820 460 sec: 64470 operations; 232.4 current ops/sec; est completion in 19 hours 41 minutes [READ: Count=2324, Max=61631, Min=111, Avg=4297.54, 90=13143, 99=19359, 99.9=32015, 99.99=61631] 
2017-05-20 11:58:19:820 470 sec: 66849 operations; 237.9 current ops/sec; est completion in 19 hours 23 minutes [READ: Count=2379, Max=107903, Min=112, Avg=4195.53, 90=13183, 99=19135, 99.9=70591, 99.99=107903] 
2017-05-20 11:58:29:820 480 sec: 69432 operations; 258.3 current ops/sec; est completion in 19 hours 4 minutes [READ: Count=2583, Max=39455, Min=110, Avg=3872.81, 90=12503, 99=19967, 99.9=28063, 99.99=39455] 
2017-05-20 11:58:39:820 490 sec: 72100 operations; 266.8 current ops/sec; est completion in 18 hours 44 minutes [READ: Count=2668, Max=67647, Min=111, Avg=3744.88, 90=12367, 99=18159, 99.9=36671, 99.99=67647] 
2017-05-20 11:58:49:820 500 sec: 74961 operations; 286.1 current ops/sec; est completion in 18 hours 23 minutes [READ: Count=2861, Max=65471, Min=110, Avg=3492.83, 90=12063, 99=19535, 99.9=35743, 99.99=65471] 
2017-05-20 11:58:59:820 510 sec: 78028 operations; 306.7 current ops/sec; est completion in 18 hours [READ: Count=3067, Max=46975, Min=111, Avg=3254.02, 90=11823, 99=18671, 99.9=29103, 99.99=46975] 
2017-05-20 11:59:09:820 520 sec: 81113 operations; 308.5 current ops/sec; est completion in 17 hours 39 minutes [READ: Count=3085, Max=85055, Min=112, Avg=3241.13, 90=12007, 99=19503, 99.9=28399, 99.99=85055] 
2017-05-20 11:59:19:820 530 sec: 84517 operations; 340.4 current ops/sec; est completion in 17 hours 16 minutes [READ: Count=3404, Max=75519, Min=112, Avg=2933.59, 90=11551, 99=19647, 99.9=30783, 99.99=75519] 
2017-05-20 11:59:29:820 540 sec: 88051 operations; 353.4 current ops/sec; est completion in 16 hours 53 minutes [READ: Count=3534, Max=63583, Min=112, Avg=2825.83, 90=11263, 99=20447, 99.9=25839, 99.99=63583] 
2017-05-20 11:59:39:820 550 sec: 91818 operations; 376.7 current ops/sec; est completion in 16 hours 29 minutes [READ: Count=3767, Max=71167, Min=111, Avg=2654.45, 90=11063, 99=19343, 99.9=30399, 99.99=71167] 
2017-05-20 11:59:49:820 560 sec: 95947 operations; 412.9 current ops/sec; est completion in 16 hours 3 minutes [READ: Count=4129, Max=76671, Min=111, Avg=2416.31, 90=10623, 99=17791, 99.9=40703, 99.99=76671] 
2017-05-20 11:59:59:820 570 sec: 100389 operations; 444.2 current ops/sec; est completion in 15 hours 36 minutes [READ: Count=4443, Max=44863, Min=131, Avg=2251.14, 90=10383, 99=19295, 99.9=28815, 99.99=44863] 
2017-05-20 12:00:09:820 580 sec: 105309 operations; 492 current ops/sec; est completion in 15 hours 8 minutes [READ: Count=4919, Max=52223, Min=132, Avg=2029.74, 90=9631, 99=19727, 99.9=31215, 99.99=52223] 
2017-05-20 12:00:19:820 590 sec: 110881 operations; 557.2 current ops/sec; est completion in 14 hours 37 minutes [READ: Count=5572, Max=76799, Min=110, Avg=1790.02, 90=8903, 99=18223, 99.9=29151, 99.99=46271] 
2017-05-20 12:00:29:820 600 sec: 117392 operations; 651.1 current ops/sec; est completion in 14 hours 1 minutes [READ: Count=6511, Max=77055, Min=110, Avg=1533.12, 90=6995, 99=16847, 99.9=28335, 99.99=34495] 
Maximum time elapsed. Requesting stop for the workload.
Stop requested for workload. Now Joining!
2017-05-20 12:00:29:824 600 sec: 117397 operations; 1250 current ops/sec; est completion in 14 hours 1 minutes [CLEANUP: Count=1, Max=1193, Min=1193, Avg=1193, 90=1193, 99=1193, 99.9=1193, 99.99=1193] [READ: Count=5, Max=16447, Min=174, Avg=3456.4, 90=16447, 99=16447, 99.9=16447, 99.99=16447] 
[OVERALL], RunTime(ms), 600005.0
[OVERALL], Throughput(ops/sec), 195.66003616636527
[TOTAL_GCS_PS_Scavenge], Count, 110.0
[TOTAL_GC_TIME_PS_Scavenge], Time(ms), 276.0
[TOTAL_GC_TIME_%_PS_Scavenge], Time(%), 0.04599961666986108
[TOTAL_GCS_PS_MarkSweep], Count, 0.0
[TOTAL_GC_TIME_PS_MarkSweep], Time(ms), 0.0
[TOTAL_GC_TIME_%_PS_MarkSweep], Time(%), 0.0
[TOTAL_GCs], Count, 110.0
[TOTAL_GC_TIME], Time(ms), 276.0
[TOTAL_GC_TIME_%], Time(%), 0.04599961666986108
[CLEANUP], Operations, 1.0
[CLEANUP], AverageLatency(us), 1193.0
[CLEANUP], MinLatency(us), 1193.0
[CLEANUP], MaxLatency(us), 1193.0
[CLEANUP], 95thPercentileLatency(us), 1193.0
[CLEANUP], 99thPercentileLatency(us), 1193.0
[READ], Operations, 117397.0
[READ], AverageLatency(us), 5098.5252519229625
[READ], MinLatency(us), 110.0
[READ], MaxLatency(us), 221695.0
[READ], 95thPercentileLatency(us), 15695.0
[READ], 99thPercentileLatency(us), 20719.0
[READ], Return=OK, 117397
