Sat May 20 11:18:30 IST 2017
--------------------MEMCG-----------------------
MEM ONLY  : 808 MB
MEM+SWAP  : 808 MB
cache 589402112
rss 258490368
rss_huge 0
mapped_file 37396480
writeback 0
swap 24576
pgpgin 797259
pgpgout 590254
pgfault 355067
pgmajfault 865
inactive_anon 132341760
active_anon 126193664
inactive_file 294793216
active_file 294559744
unevictable 4096
hierarchical_memory_limit 6442450944
hierarchical_memsw_limit 32212254720
total_cache 589402112
total_rss 258490368
total_rss_huge 0
total_mapped_file 37396480
total_writeback 0
total_swap 24576
total_pgpgin 797259
total_pgpgout 590254
total_pgfault 355067
total_pgmajfault 865
total_inactive_anon 132341760
total_active_anon 126193664
total_inactive_file 294793216
total_active_file 294559744
total_unevictable 4096
--------------------BLKIO-----------------------
11:0 Read 0
11:0 Write 0
11:0 Sync 0
11:0 Async 0
11:0 Total 0
253:0 Read 2208788480
253:0 Write 21471232
253:0 Sync 241664
253:0 Async 2230018048
253:0 Total 2230259712
Total 2230259712
--------------------CPUAC-----------------------
user 2002
system 2242
 
Sat May 20 11:19:00 IST 2017
--------------------MEMCG-----------------------
MEM ONLY  : 770 MB
MEM+SWAP  : 770 MB
cache 548888576
rss 258789376
rss_huge 0
mapped_file 37396480
writeback 0
swap 24576
pgpgin 805856
pgpgout 608669
pgfault 355230
pgmajfault 865
inactive_anon 132341760
active_anon 126492672
inactive_file 274497536
active_file 274313216
unevictable 4096
hierarchical_memory_limit 6442450944
hierarchical_memsw_limit 32212254720
total_cache 548888576
total_rss 258789376
total_rss_huge 0
total_mapped_file 37396480
total_writeback 0
total_swap 24576
total_pgpgin 805856
total_pgpgout 608669
total_pgfault 355230
total_pgmajfault 865
total_inactive_anon 132341760
total_active_anon 126492672
total_inactive_file 274497536
total_active_file 274313216
total_unevictable 4096
--------------------BLKIO-----------------------
11:0 Read 0
11:0 Write 0
11:0 Sync 0
11:0 Async 0
11:0 Total 0
253:0 Read 2216890368
253:0 Write 22114304
253:0 Sync 241664
253:0 Async 2238763008
253:0 Total 2239004672
Total 2239004672
--------------------CPUAC-----------------------
user 2017
system 2253
 
Sat May 20 11:19:30 IST 2017
--------------------MEMCG-----------------------
MEM ONLY  : 732 MB
MEM+SWAP  : 732 MB
cache 509411328
rss 258969600
rss_huge 0
mapped_file 37396480
writeback 0
swap 24576
pgpgin 816432
pgpgout 628839
pgfault 356891
pgmajfault 882
inactive_anon 132341760
active_anon 126672896
inactive_file 254758912
active_file 254603264
unevictable 4096
hierarchical_memory_limit 6442450944
hierarchical_memsw_limit 32212254720
total_cache 509411328
total_rss 258969600
total_rss_huge 0
total_mapped_file 37396480
total_writeback 0
total_swap 24576
total_pgpgin 816432
total_pgpgout 628839
total_pgfault 356891
total_pgmajfault 882
total_inactive_anon 132341760
total_active_anon 126672896
total_inactive_file 254758912
total_active_file 254603264
total_unevictable 4096
--------------------BLKIO-----------------------
11:0 Read 0
11:0 Write 0
11:0 Sync 0
11:0 Async 0
11:0 Total 0
253:0 Read 2225999872
253:0 Write 23015424
253:0 Sync 241664
253:0 Async 2248773632
253:0 Total 2249015296
Total 2249015296
--------------------CPUAC-----------------------
user 2036
system 2269
 
Sat May 20 11:20:00 IST 2017
--------------------MEMCG-----------------------
MEM ONLY  : 692 MB
MEM+SWAP  : 692 MB
cache 466993152
rss 258973696
rss_huge 0
mapped_file 37396480
writeback 0
swap 24576
pgpgin 823478
pgpgout 646240
pgfault 356982
pgmajfault 882
inactive_anon 132341760
active_anon 126676992
inactive_file 233635840
active_file 233308160
unevictable 4096
hierarchical_memory_limit 6442450944
hierarchical_memsw_limit 32212254720
total_cache 466993152
total_rss 258973696
total_rss_huge 0
total_mapped_file 37396480
total_writeback 0
total_swap 24576
total_pgpgin 823478
total_pgpgout 646240
total_pgfault 356982
total_pgmajfault 882
total_inactive_anon 132341760
total_active_anon 126676992
total_inactive_file 233635840
total_active_file 233308160
total_unevictable 4096
--------------------BLKIO-----------------------
11:0 Read 0
11:0 Write 0
11:0 Sync 0
11:0 Async 0
11:0 Total 0
253:0 Read 2234159104
253:0 Write 23834624
253:0 Sync 241664
253:0 Async 2257752064
253:0 Total 2257993728
Total 2257993728
--------------------CPUAC-----------------------
user 2049
system 2280
 
Sat May 20 11:20:30 IST 2017
--------------------MEMCG-----------------------
MEM ONLY  : 655 MB
MEM+SWAP  : 655 MB
cache 427708416
rss 259309568
rss_huge 0
mapped_file 37396480
writeback 0
swap 24576
pgpgin 831569
pgpgout 663840
pgfault 357154
pgmajfault 882
inactive_anon 132341760
active_anon 127012864
inactive_file 214003712
active_file 213655552
unevictable 4096
hierarchical_memory_limit 6442450944
hierarchical_memsw_limit 32212254720
total_cache 427708416
total_rss 259309568
total_rss_huge 0
total_mapped_file 37396480
total_writeback 0
total_swap 24576
total_pgpgin 831569
total_pgpgout 663840
total_pgfault 357154
total_pgmajfault 882
total_inactive_anon 132341760
total_active_anon 127012864
total_inactive_file 214003712
total_active_file 213655552
total_unevictable 4096
--------------------BLKIO-----------------------
11:0 Read 0
11:0 Write 0
11:0 Sync 0
11:0 Async 0
11:0 Total 0
253:0 Read 2242785280
253:0 Write 24629248
253:0 Sync 241664
253:0 Async 2267172864
253:0 Total 2267414528
Total 2267414528
--------------------CPUAC-----------------------
user 2065
system 2292
 
Sat May 20 11:21:00 IST 2017
--------------------MEMCG-----------------------
MEM ONLY  : 618 MB
MEM+SWAP  : 618 MB
cache 389345280
rss 259305472
rss_huge 0
mapped_file 37396480
writeback 0
swap 24576
pgpgin 837291
pgpgout 678929
pgfault 357244
pgmajfault 882
inactive_anon 132341760
active_anon 127008768
inactive_file 194740224
active_file 194551808
unevictable 4096
hierarchical_memory_limit 6442450944
hierarchical_memsw_limit 32212254720
total_cache 389345280
total_rss 259305472
total_rss_huge 0
total_mapped_file 37396480
total_writeback 0
total_swap 24576
total_pgpgin 837291
total_pgpgout 678929
total_pgfault 357244
total_pgmajfault 882
total_inactive_anon 132341760
total_active_anon 127008768
total_inactive_file 194740224
total_active_file 194551808
total_unevictable 4096
--------------------BLKIO-----------------------
11:0 Read 0
11:0 Write 0
11:0 Sync 0
11:0 Async 0
11:0 Total 0
253:0 Read 2249867264
253:0 Write 25653248
253:0 Sync 241664
253:0 Async 2275278848
253:0 Total 2275520512
Total 2275520512
--------------------CPUAC-----------------------
user 2078
system 2302
 
Sat May 20 11:21:30 IST 2017
--------------------MEMCG-----------------------
MEM ONLY  : 590 MB
MEM+SWAP  : 590 MB
cache 360230912
rss 259235840
rss_huge 0
mapped_file 37396480
writeback 0
swap 24576
pgpgin 842322
pgpgout 691085
pgfault 357341
pgmajfault 882
inactive_anon 132313088
active_anon 126967808
inactive_file 180133888
active_file 180047872
unevictable 4096
hierarchical_memory_limit 6442450944
hierarchical_memsw_limit 32212254720
total_cache 360230912
total_rss 259235840
total_rss_huge 0
total_mapped_file 37396480
total_writeback 0
total_swap 24576
total_pgpgin 842322
total_pgpgout 691085
total_pgfault 357341
total_pgmajfault 882
total_inactive_anon 132313088
total_active_anon 126967808
total_inactive_file 180133888
total_active_file 180047872
total_unevictable 4096
--------------------BLKIO-----------------------
11:0 Read 0
11:0 Write 0
11:0 Sync 0
11:0 Async 0
11:0 Total 0
253:0 Read 2255736832
253:0 Write 26628096
253:0 Sync 241664
253:0 Async 2282123264
253:0 Total 2282364928
Total 2282364928
--------------------CPUAC-----------------------
user 2090
system 2309
 
Sat May 20 11:22:00 IST 2017
--------------------MEMCG-----------------------
MEM ONLY  : 560 MB
MEM+SWAP  : 560 MB
cache 328892416
rss 259166208
rss_huge 0
mapped_file 37396480
writeback 0
swap 24576
pgpgin 846681
pgpgout 703112
pgfault 357433
pgmajfault 882
inactive_anon 132276224
active_anon 126935040
inactive_file 164519936
active_file 164323328
unevictable 4096
hierarchical_memory_limit 6442450944
hierarchical_memsw_limit 32212254720
total_cache 328892416
total_rss 259166208
total_rss_huge 0
total_mapped_file 37396480
total_writeback 0
total_swap 24576
total_pgpgin 846681
total_pgpgout 703112
total_pgfault 357433
total_pgmajfault 882
total_inactive_anon 132276224
total_active_anon 126935040
total_inactive_file 164519936
total_active_file 164323328
total_unevictable 4096
--------------------BLKIO-----------------------
11:0 Read 0
11:0 Write 0
11:0 Sync 0
11:0 Async 0
11:0 Total 0
253:0 Read 2261360640
253:0 Write 27643904
253:0 Sync 241664
253:0 Async 2288762880
253:0 Total 2289004544
Total 2289004544
--------------------CPUAC-----------------------
user 2097
system 2318
 
Sat May 20 11:22:30 IST 2017
--------------------MEMCG-----------------------
MEM ONLY  : 531 MB
MEM+SWAP  : 531 MB
cache 297885696
rss 259174400
rss_huge 0
mapped_file 37396480
writeback 4096
swap 24576
pgpgin 851209
pgpgout 715208
pgfault 357538
pgmajfault 882
inactive_anon 132276224
active_anon 126943232
inactive_file 148975616
active_file 148848640
unevictable 4096
hierarchical_memory_limit 6442450944
hierarchical_memsw_limit 32212254720
total_cache 297885696
total_rss 259174400
total_rss_huge 0
total_mapped_file 37396480
total_writeback 4096
total_swap 24576
total_pgpgin 851209
total_pgpgout 715208
total_pgfault 357538
total_pgmajfault 882
total_inactive_anon 132276224
total_active_anon 126943232
total_inactive_file 148975616
total_active_file 148848640
total_unevictable 4096
--------------------BLKIO-----------------------
11:0 Read 0
11:0 Write 0
11:0 Sync 0
11:0 Async 0
11:0 Total 0
253:0 Read 2267070464
253:0 Write 29175808
253:0 Sync 241664
253:0 Async 2296004608
253:0 Total 2296246272
Total 2296246272
--------------------CPUAC-----------------------
user 2106
system 2325
 
Sat May 20 11:23:00 IST 2017
--------------------MEMCG-----------------------
MEM ONLY  : 505 MB
MEM+SWAP  : 505 MB
cache 271187968
rss 259080192
rss_huge 0
mapped_file 37396480
writeback 0
swap 24576
pgpgin 855636
pgpgout 726176
pgfault 357634
pgmajfault 882
inactive_anon 132214784
active_anon 126910464
inactive_file 135720960
active_file 135417856
unevictable 4096
hierarchical_memory_limit 6442450944
hierarchical_memsw_limit 32212254720
total_cache 271187968
total_rss 259080192
total_rss_huge 0
total_mapped_file 37396480
total_writeback 0
total_swap 24576
total_pgpgin 855636
total_pgpgout 726176
total_pgfault 357634
total_pgmajfault 882
total_inactive_anon 132214784
total_active_anon 126910464
total_inactive_file 135720960
total_active_file 135417856
total_unevictable 4096
--------------------BLKIO-----------------------
11:0 Read 0
11:0 Write 0
11:0 Sync 0
11:0 Async 0
11:0 Total 0
253:0 Read 2273181696
253:0 Write 30253056
253:0 Sync 241664
253:0 Async 2303193088
253:0 Total 2303434752
Total 2303434752
--------------------CPUAC-----------------------
user 2117
system 2331
 
Sat May 20 11:23:30 IST 2017
--------------------MEMCG-----------------------
MEM ONLY  : 477 MB
MEM+SWAP  : 477 MB
cache 241086464
rss 259252224
rss_huge 0
mapped_file 37396480
writeback 8192
swap 24576
pgpgin 859915
pgpgout 737762
pgfault 357783
pgmajfault 882
inactive_anon 132145152
active_anon 127152128
inactive_file 120586240
active_file 120451072
unevictable 4096
hierarchical_memory_limit 6442450944
hierarchical_memsw_limit 32212254720
total_cache 241086464
total_rss 259252224
total_rss_huge 0
total_mapped_file 37396480
total_writeback 8192
total_swap 24576
total_pgpgin 859915
total_pgpgout 737762
total_pgfault 357783
total_pgmajfault 882
total_inactive_anon 132145152
total_active_anon 127152128
total_inactive_file 120586240
total_active_file 120451072
total_unevictable 4096
--------------------BLKIO-----------------------
11:0 Read 0
11:0 Write 0
11:0 Sync 0
11:0 Async 0
11:0 Total 0
253:0 Read 2278596608
253:0 Write 31719424
253:0 Sync 241664
253:0 Async 2310074368
253:0 Total 2310316032
Total 2310316032
--------------------CPUAC-----------------------
user 2130
system 2337
 
Sat May 20 11:24:00 IST 2017
--------------------MEMCG-----------------------
MEM ONLY  : 451 MB
MEM+SWAP  : 451 MB
cache 213962752
rss 259596288
rss_huge 0
mapped_file 37396480
writeback 0
swap 24576
pgpgin 863286
pgpgout 747671
pgfault 357957
pgmajfault 882
inactive_anon 132145152
active_anon 127496192
inactive_file 106999808
active_file 106913792
unevictable 4096
hierarchical_memory_limit 6442450944
hierarchical_memsw_limit 32212254720
total_cache 213962752
total_rss 259596288
total_rss_huge 0
total_mapped_file 37396480
total_writeback 0
total_swap 24576
total_pgpgin 863286
total_pgpgout 747671
total_pgfault 357957
total_pgmajfault 882
total_inactive_anon 132145152
total_active_anon 127496192
total_inactive_file 106999808
total_active_file 106913792
total_unevictable 4096
--------------------BLKIO-----------------------
11:0 Read 0
11:0 Write 0
11:0 Sync 0
11:0 Async 0
11:0 Total 0
253:0 Read 2283692032
253:0 Write 34439168
253:0 Sync 241664
253:0 Async 2317889536
253:0 Total 2318131200
Total 2318131200
--------------------CPUAC-----------------------
user 2136
system 2341
 
Sat May 20 11:24:30 IST 2017
--------------------MEMCG-----------------------
MEM ONLY  : 428 MB
MEM+SWAP  : 428 MB
cache 189976576
rss 259588096
rss_huge 0
mapped_file 37396480
writeback 4096
swap 24576
pgpgin 866531
pgpgout 756774
pgfault 358065
pgmajfault 882
inactive_anon 132145152
active_anon 127488000
inactive_file 94994432
active_file 94932992
unevictable 4096
hierarchical_memory_limit 6442450944
hierarchical_memsw_limit 32212254720
total_cache 189976576
total_rss 259588096
total_rss_huge 0
total_mapped_file 37396480
total_writeback 4096
total_swap 24576
total_pgpgin 866531
total_pgpgout 756774
total_pgfault 358065
total_pgmajfault 882
total_inactive_anon 132145152
total_active_anon 127488000
total_inactive_file 94994432
total_active_file 94932992
total_unevictable 4096
--------------------BLKIO-----------------------
11:0 Read 0
11:0 Write 0
11:0 Sync 0
11:0 Async 0
11:0 Total 0
253:0 Read 2288693248
253:0 Write 36716544
253:0 Sync 241664
253:0 Async 2325168128
253:0 Total 2325409792
Total 2325409792
--------------------CPUAC-----------------------
user 2142
system 2348
 
Sat May 20 11:25:00 IST 2017
--------------------MEMCG-----------------------
MEM ONLY  : 411 MB
MEM+SWAP  : 411 MB
cache 172318720
rss 259502080
rss_huge 0
mapped_file 37396480
writeback 0
swap 24576
pgpgin 869663
pgpgout 764238
pgfault 358155
pgmajfault 882
inactive_anon 132145152
active_anon 127401984
inactive_file 86179840
active_file 86089728
unevictable 4096
hierarchical_memory_limit 6442450944
hierarchical_memsw_limit 32212254720
total_cache 172318720
total_rss 259502080
total_rss_huge 0
total_mapped_file 37396480
total_writeback 0
total_swap 24576
total_pgpgin 869663
total_pgpgout 764238
total_pgfault 358155
total_pgmajfault 882
total_inactive_anon 132145152
total_active_anon 127401984
total_inactive_file 86179840
total_active_file 86089728
total_unevictable 4096
--------------------BLKIO-----------------------
11:0 Read 0
11:0 Write 0
11:0 Sync 0
11:0 Async 0
11:0 Total 0
253:0 Read 2293473280
253:0 Write 39743488
253:0 Sync 241664
253:0 Async 2332975104
253:0 Total 2333216768
Total 2333216768
--------------------CPUAC-----------------------
user 2153
system 2354
 
Sat May 20 11:25:30 IST 2017
--------------------MEMCG-----------------------
MEM ONLY  : 384 MB
MEM+SWAP  : 384 MB
cache 143822848
rss 259530752
rss_huge 0
mapped_file 37396480
writeback 0
swap 24576
pgpgin 872858
pgpgout 774383
pgfault 358252
pgmajfault 882
inactive_anon 132145152
active_anon 127430656
inactive_file 72085504
active_file 71671808
unevictable 4096
hierarchical_memory_limit 6442450944
hierarchical_memsw_limit 32212254720
total_cache 143822848
total_rss 259530752
total_rss_huge 0
total_mapped_file 37396480
total_writeback 0
total_swap 24576
total_pgpgin 872858
total_pgpgout 774383
total_pgfault 358252
total_pgmajfault 882
total_inactive_anon 132145152
total_active_anon 127430656
total_inactive_file 72085504
total_active_file 71671808
total_unevictable 4096
--------------------BLKIO-----------------------
11:0 Read 0
11:0 Write 0
11:0 Sync 0
11:0 Async 0
11:0 Total 0
253:0 Read 2298404864
253:0 Write 41381888
253:0 Sync 241664
253:0 Async 2339545088
253:0 Total 2339786752
Total 2339786752
--------------------CPUAC-----------------------
user 2158
system 2358
 
Sat May 20 11:26:00 IST 2017
--------------------MEMCG-----------------------
MEM ONLY  : 354 MB
MEM+SWAP  : 354 MB
cache 111906816
rss 259457024
rss_huge 0
mapped_file 27451392
writeback 8192
swap 90112
pgpgin 876097
pgpgout 785432
pgfault 358399
pgmajfault 905
inactive_anon 131911680
active_anon 127565824
inactive_file 56016896
active_file 55844864
unevictable 4096
hierarchical_memory_limit 6442450944
hierarchical_memsw_limit 32212254720
total_cache 111906816
total_rss 259457024
total_rss_huge 0
total_mapped_file 27451392
total_writeback 8192
total_swap 90112
total_pgpgin 876097
total_pgpgout 785432
total_pgfault 358399
total_pgmajfault 905
total_inactive_anon 131911680
total_active_anon 127565824
total_inactive_file 56016896
total_active_file 55844864
total_unevictable 4096
--------------------BLKIO-----------------------
11:0 Read 0
11:0 Write 0
11:0 Sync 0
11:0 Async 0
11:0 Total 0
253:0 Read 2303041536
253:0 Write 43200512
253:0 Sync 241664
253:0 Async 2346000384
253:0 Total 2346242048
Total 2346242048
--------------------CPUAC-----------------------
user 2164
system 2367
 
Sat May 20 11:26:31 IST 2017
--------------------MEMCG-----------------------
MEM ONLY  : 341 MB
MEM+SWAP  : 341 MB
cache 98709504
rss 259534848
rss_huge 0
mapped_file 16699392
writeback 0
swap 196608
pgpgin 878996
pgpgout 791534
pgfault 358541
pgmajfault 907
inactive_anon 131784704
active_anon 127770624
inactive_file 49364992
active_file 49319936
unevictable 4096
hierarchical_memory_limit 6442450944
hierarchical_memsw_limit 32212254720
total_cache 98709504
total_rss 259534848
total_rss_huge 0
total_mapped_file 16699392
total_writeback 0
total_swap 196608
total_pgpgin 878996
total_pgpgout 791534
total_pgfault 358541
total_pgmajfault 907
total_inactive_anon 131784704
total_active_anon 127770624
total_inactive_file 49364992
total_active_file 49319936
total_unevictable 4096
--------------------BLKIO-----------------------
11:0 Read 0
11:0 Write 0
11:0 Sync 0
11:0 Async 0
11:0 Total 0
253:0 Read 2307170304
253:0 Write 45084672
253:0 Sync 241664
253:0 Async 2352013312
253:0 Total 2352254976
Total 2352254976
--------------------CPUAC-----------------------
user 2172
system 2374
 
Sat May 20 11:27:01 IST 2017
--------------------MEMCG-----------------------
MEM ONLY  : 328 MB
MEM+SWAP  : 329 MB
cache 85286912
rss 259387392
rss_huge 0
mapped_file 8269824
writeback 0
swap 331776
pgpgin 881467
pgpgout 797318
pgfault 358664
pgmajfault 907
inactive_anon 131592192
active_anon 127815680
inactive_file 42672128
active_file 42590208
unevictable 4096
hierarchical_memory_limit 6442450944
hierarchical_memsw_limit 32212254720
total_cache 85286912
total_rss 259387392
total_rss_huge 0
total_mapped_file 8269824
total_writeback 0
total_swap 331776
total_pgpgin 881467
total_pgpgout 797318
total_pgfault 358664
total_pgmajfault 907
total_inactive_anon 131592192
total_active_anon 127815680
total_inactive_file 42672128
total_active_file 42590208
total_unevictable 4096
--------------------BLKIO-----------------------
11:0 Read 0
11:0 Write 0
11:0 Sync 0
11:0 Async 0
11:0 Total 0
253:0 Read 2311237632
253:0 Write 46903296
253:0 Sync 241664
253:0 Async 2357899264
253:0 Total 2358140928
Total 2358140928
--------------------CPUAC-----------------------
user 2178
system 2380
 
Sat May 20 11:27:31 IST 2017
--------------------MEMCG-----------------------
MEM ONLY  : 314 MB
MEM+SWAP  : 315 MB
cache 70516736
rss 259563520
rss_huge 0
mapped_file 5218304
writeback 4096
swap 516096
pgpgin 884024
pgpgout 803438
pgfault 358842
pgmajfault 907
inactive_anon 131399680
active_anon 128184320
inactive_file 35307520
active_file 35184640
unevictable 4096
hierarchical_memory_limit 6442450944
hierarchical_memsw_limit 32212254720
total_cache 70516736
total_rss 259563520
total_rss_huge 0
total_mapped_file 5218304
total_writeback 4096
total_swap 516096
total_pgpgin 884024
total_pgpgout 803438
total_pgfault 358842
total_pgmajfault 907
total_inactive_anon 131399680
total_active_anon 128184320
total_inactive_file 35307520
total_active_file 35184640
total_unevictable 4096
--------------------BLKIO-----------------------
11:0 Read 0
11:0 Write 0
11:0 Sync 0
11:0 Async 0
11:0 Total 0
253:0 Read 2315169792
253:0 Write 48111616
253:0 Sync 241664
253:0 Async 2363039744
253:0 Total 2363281408
Total 2363281408
--------------------CPUAC-----------------------
user 2184
system 2384
 
Sat May 20 11:28:01 IST 2017
--------------------MEMCG-----------------------
MEM ONLY  : 302 MB
MEM+SWAP  : 303 MB
cache 57290752
rss 260104192
rss_huge 0
mapped_file 5120000
writeback 8192
swap 745472
pgpgin 886358
pgpgout 808869
pgfault 359120
pgmajfault 907
inactive_anon 131391488
active_anon 128733184
inactive_file 28700672
active_file 28565504
unevictable 4096
hierarchical_memory_limit 6442450944
hierarchical_memsw_limit 32212254720
total_cache 57290752
total_rss 260104192
total_rss_huge 0
total_mapped_file 5120000
total_writeback 8192
total_swap 745472
total_pgpgin 886358
total_pgpgout 808869
total_pgfault 359120
total_pgmajfault 907
total_inactive_anon 131391488
total_active_anon 128733184
total_inactive_file 28700672
total_active_file 28565504
total_unevictable 4096
--------------------BLKIO-----------------------
11:0 Read 0
11:0 Write 0
11:0 Sync 0
11:0 Async 0
11:0 Total 0
253:0 Read 2318655488
253:0 Write 49344512
253:0 Sync 241664
253:0 Async 2367758336
253:0 Total 2368000000
Total 2368000000
--------------------CPUAC-----------------------
user 2191
system 2387
 
