Sat May 20 11:18:30 IST 2017
--------------------MEMCG-----------------------
MEM ONLY  : 1882 MB
MEM+SWAP  : 1947 MB
cache 67051520
rss 1906814976
rss_huge 0
mapped_file 16318464
writeback 0
swap 67866624
pgpgin 610866
pgpgout 128965
pgfault 732205
pgmajfault 1366
inactive_anon 631029760
active_anon 1275797504
inactive_file 33357824
active_file 33681408
unevictable 0
hierarchical_memory_limit 6442450944
hierarchical_memsw_limit 32212254720
total_cache 67051520
total_rss 1906814976
total_rss_huge 0
total_mapped_file 16318464
total_writeback 0
total_swap 67866624
total_pgpgin 610866
total_pgpgout 128965
total_pgfault 732205
total_pgmajfault 1366
total_inactive_anon 631029760
total_active_anon 1275797504
total_inactive_file 33357824
total_active_file 33681408
total_unevictable 0
--------------------BLKIO-----------------------
11:0 Read 0
11:0 Write 0
11:0 Sync 0
11:0 Async 0
11:0 Total 0
253:0 Read 105357312
253:0 Write 6324559872
253:0 Sync 6203461632
253:0 Async 226455552
253:0 Total 6429917184
Total 6429917184
--------------------CPUAC-----------------------
user 8706
system 4879
 
Sat May 20 11:19:00 IST 2017
--------------------MEMCG-----------------------
MEM ONLY  : 1874 MB
MEM+SWAP  : 1942 MB
cache 62181376
rss 1903751168
rss_huge 0
mapped_file 15347712
writeback 4096
swap 71200768
pgpgin 610936
pgpgout 130972
pgfault 732283
pgmajfault 1370
inactive_anon 627048448
active_anon 1276715008
inactive_file 30920704
active_file 31248384
unevictable 0
hierarchical_memory_limit 6442450944
hierarchical_memsw_limit 32212254720
total_cache 62181376
total_rss 1903751168
total_rss_huge 0
total_mapped_file 15347712
total_writeback 4096
total_swap 71200768
total_pgpgin 610936
total_pgpgout 130972
total_pgfault 732283
total_pgmajfault 1370
total_inactive_anon 627048448
total_active_anon 1276715008
total_inactive_file 30920704
total_active_file 31248384
total_unevictable 0
--------------------BLKIO-----------------------
11:0 Read 0
11:0 Write 0
11:0 Sync 0
11:0 Async 0
11:0 Total 0
253:0 Read 105373696
253:0 Write 6341320704
253:0 Sync 6220222464
253:0 Async 226471936
253:0 Total 6446694400
Total 6446694400
--------------------CPUAC-----------------------
user 8732
system 4895
 
Sat May 20 11:19:30 IST 2017
--------------------MEMCG-----------------------
MEM ONLY  : 1866 MB
MEM+SWAP  : 1936 MB
cache 54951936
rss 1901957120
rss_huge 0
mapped_file 14557184
writeback 0
swap 73621504
pgpgin 611095
pgpgout 133334
pgfault 732454
pgmajfault 1376
inactive_anon 625926144
active_anon 1276043264
inactive_file 27312128
active_file 27627520
unevictable 0
hierarchical_memory_limit 6442450944
hierarchical_memsw_limit 32212254720
total_cache 54951936
total_rss 1901957120
total_rss_huge 0
total_mapped_file 14557184
total_writeback 0
total_swap 73621504
total_pgpgin 611095
total_pgpgout 133334
total_pgfault 732454
total_pgmajfault 1376
total_inactive_anon 625926144
total_active_anon 1276043264
total_inactive_file 27312128
total_active_file 27627520
total_unevictable 0
--------------------BLKIO-----------------------
11:0 Read 0
11:0 Write 0
11:0 Sync 0
11:0 Async 0
11:0 Total 0
253:0 Read 105414656
253:0 Write 6359863296
253:0 Sync 6238765056
253:0 Async 226512896
253:0 Total 6465277952
Total 6465277952
--------------------CPUAC-----------------------
user 8768
system 4918
 
Sat May 20 11:20:00 IST 2017
--------------------MEMCG-----------------------
MEM ONLY  : 1857 MB
MEM+SWAP  : 1931 MB
cache 48410624
rss 1899220992
rss_huge 0
mapped_file 14385152
writeback 45056
swap 77193216
pgpgin 611300
pgpgout 135804
pgfault 732661
pgmajfault 1377
inactive_anon 624242688
active_anon 1274990592
inactive_file 24039424
active_file 24358912
unevictable 0
hierarchical_memory_limit 6442450944
hierarchical_memsw_limit 32212254720
total_cache 48410624
total_rss 1899220992
total_rss_huge 0
total_mapped_file 14385152
total_writeback 45056
total_swap 77193216
total_pgpgin 611300
total_pgpgout 135804
total_pgfault 732661
total_pgmajfault 1377
total_inactive_anon 624242688
total_active_anon 1274990592
total_inactive_file 24039424
total_active_file 24358912
total_unevictable 0
--------------------BLKIO-----------------------
11:0 Read 0
11:0 Write 0
11:0 Sync 0
11:0 Async 0
11:0 Total 0
253:0 Read 105435136
253:0 Write 6379511808
253:0 Sync 6258364416
253:0 Async 226582528
253:0 Total 6484946944
Total 6484946944
--------------------CPUAC-----------------------
user 8803
system 4936
 
Sat May 20 11:20:30 IST 2017
--------------------MEMCG-----------------------
MEM ONLY  : 1847 MB
MEM+SWAP  : 1926 MB
cache 42528768
rss 1895174144
rss_huge 0
mapped_file 14385152
writeback 0
swap 81965056
pgpgin 611481
pgpgout 138409
pgfault 732851
pgmajfault 1381
inactive_anon 621629440
active_anon 1273556992
inactive_file 21065728
active_file 21450752
unevictable 0
hierarchical_memory_limit 6442450944
hierarchical_memsw_limit 32212254720
total_cache 42528768
total_rss 1895174144
total_rss_huge 0
total_mapped_file 14385152
total_writeback 0
total_swap 81965056
total_pgpgin 611481
total_pgpgout 138409
total_pgfault 732851
total_pgmajfault 1381
total_inactive_anon 621629440
total_active_anon 1273556992
total_inactive_file 21065728
total_active_file 21450752
total_unevictable 0
--------------------BLKIO-----------------------
11:0 Read 0
11:0 Write 0
11:0 Sync 0
11:0 Async 0
11:0 Total 0
253:0 Read 105451520
253:0 Write 6399614976
253:0 Sync 6278459392
253:0 Async 226607104
253:0 Total 6505066496
Total 6505066496
--------------------CPUAC-----------------------
user 8836
system 4958
 
Sat May 20 11:21:00 IST 2017
--------------------MEMCG-----------------------
MEM ONLY  : 1837 MB
MEM+SWAP  : 1924 MB
cache 40308736
rss 1886597120
rss_huge 0
mapped_file 14385152
writeback 16384
swap 91230208
pgpgin 611706
pgpgout 141270
pgfault 733127
pgmajfault 1419
inactive_anon 614047744
active_anon 1272561664
inactive_file 19193856
active_file 21102592
unevictable 0
hierarchical_memory_limit 6442450944
hierarchical_memsw_limit 32212254720
total_cache 40308736
total_rss 1886597120
total_rss_huge 0
total_mapped_file 14385152
total_writeback 16384
total_swap 91230208
total_pgpgin 611706
total_pgpgout 141270
total_pgfault 733127
total_pgmajfault 1419
total_inactive_anon 614047744
total_active_anon 1272561664
total_inactive_file 19193856
total_active_file 21102592
total_unevictable 0
--------------------BLKIO-----------------------
11:0 Read 0
11:0 Write 0
11:0 Sync 0
11:0 Async 0
11:0 Total 0
253:0 Read 105766912
253:0 Write 6419099648
253:0 Sync 6297935872
253:0 Async 226930688
253:0 Total 6524866560
Total 6524866560
--------------------CPUAC-----------------------
user 8872
system 4970
 
Sat May 20 11:21:30 IST 2017
--------------------MEMCG-----------------------
MEM ONLY  : 1827 MB
MEM+SWAP  : 1923 MB
cache 38518784
rss 1877381120
rss_huge 0
mapped_file 14385152
writeback 8192
swap 100904960
pgpgin 611841
pgpgout 144092
pgfault 733292
pgmajfault 1441
inactive_anon 605220864
active_anon 1272172544
inactive_file 17924096
active_file 20582400
unevictable 0
hierarchical_memory_limit 6442450944
hierarchical_memsw_limit 32212254720
total_cache 38518784
total_rss 1877381120
total_rss_huge 0
total_mapped_file 14385152
total_writeback 8192
total_swap 100904960
total_pgpgin 611841
total_pgpgout 144092
total_pgfault 733292
total_pgmajfault 1441
total_inactive_anon 605220864
total_active_anon 1272172544
total_inactive_file 17924096
total_active_file 20582400
total_unevictable 0
--------------------BLKIO-----------------------
11:0 Read 0
11:0 Write 0
11:0 Sync 0
11:0 Async 0
11:0 Total 0
253:0 Read 105865216
253:0 Write 6437289984
253:0 Sync 6316109824
253:0 Async 227045376
253:0 Total 6543155200
Total 6543155200
--------------------CPUAC-----------------------
user 8902
system 4981
 
Sat May 20 11:22:00 IST 2017
--------------------MEMCG-----------------------
MEM ONLY  : 1817 MB
MEM+SWAP  : 1922 MB
cache 36589568
rss 1868750848
rss_huge 0
mapped_file 14053376
writeback 0
swap 110092288
pgpgin 612081
pgpgout 146910
pgfault 733643
pgmajfault 1537
inactive_anon 593039360
active_anon 1275719680
inactive_file 17035264
active_file 19542016
unevictable 0
hierarchical_memory_limit 6442450944
hierarchical_memsw_limit 32212254720
total_cache 36589568
total_rss 1868750848
total_rss_huge 0
total_mapped_file 14053376
total_writeback 0
total_swap 110092288
total_pgpgin 612081
total_pgpgout 146910
total_pgfault 733643
total_pgmajfault 1537
total_inactive_anon 593039360
total_active_anon 1275719680
total_inactive_file 17035264
total_active_file 19542016
total_unevictable 0
--------------------BLKIO-----------------------
11:0 Read 0
11:0 Write 0
11:0 Sync 0
11:0 Async 0
11:0 Total 0
253:0 Read 106348544
253:0 Write 6454235136
253:0 Sync 6333001728
253:0 Async 227581952
253:0 Total 6560583680
Total 6560583680
--------------------CPUAC-----------------------
user 8930
system 4991
 
Sat May 20 11:22:30 IST 2017
--------------------MEMCG-----------------------
MEM ONLY  : 1807 MB
MEM+SWAP  : 1921 MB
cache 35434496
rss 1859645440
rss_huge 0
mapped_file 12902400
writeback 40960
swap 119705600
pgpgin 612281
pgpgout 149615
pgfault 733926
pgmajfault 1613
inactive_anon 581353472
active_anon 1278304256
inactive_file 17031168
active_file 18391040
unevictable 0
hierarchical_memory_limit 6442450944
hierarchical_memsw_limit 32212254720
total_cache 35434496
total_rss 1859645440
total_rss_huge 0
total_mapped_file 12902400
total_writeback 40960
total_swap 119705600
total_pgpgin 612281
total_pgpgout 149615
total_pgfault 733926
total_pgmajfault 1613
total_inactive_anon 581353472
total_active_anon 1278304256
total_inactive_file 17031168
total_active_file 18391040
total_unevictable 0
--------------------BLKIO-----------------------
11:0 Read 0
11:0 Write 0
11:0 Sync 0
11:0 Async 0
11:0 Total 0
253:0 Read 106672128
253:0 Write 6465998848
253:0 Sync 6344740864
253:0 Async 227930112
253:0 Total 6572670976
Total 6572670976
--------------------CPUAC-----------------------
user 8958
system 5005
 
Sat May 20 11:23:00 IST 2017
--------------------MEMCG-----------------------
MEM ONLY  : 1773 MB
MEM+SWAP  : 1894 MB
cache 6221824
rss 1853308928
rss_huge 0
mapped_file 2891776
writeback 28672
swap 126697472
pgpgin 612633
pgpgout 158646
pgfault 734349
pgmajfault 1737
inactive_anon 571064320
active_anon 1282256896
inactive_file 2854912
active_file 3354624
unevictable 0
hierarchical_memory_limit 6442450944
hierarchical_memsw_limit 32212254720
total_cache 6221824
total_rss 1853308928
total_rss_huge 0
total_mapped_file 2891776
total_writeback 28672
total_swap 126697472
total_pgpgin 612633
total_pgpgout 158646
total_pgfault 734349
total_pgmajfault 1737
total_inactive_anon 571064320
total_active_anon 1282256896
total_inactive_file 2854912
total_active_file 3354624
total_unevictable 0
--------------------BLKIO-----------------------
11:0 Read 0
11:0 Write 0
11:0 Sync 0
11:0 Async 0
11:0 Total 0
253:0 Read 107352064
253:0 Write 6484004864
253:0 Sync 6362738688
253:0 Async 228618240
253:0 Total 6591356928
Total 6591356928
--------------------CPUAC-----------------------
user 8986
system 5021
 
Sat May 20 11:23:30 IST 2017
--------------------MEMCG-----------------------
MEM ONLY  : 1759 MB
MEM+SWAP  : 1895 MB
cache 7004160
rss 1837555712
rss_huge 0
mapped_file 2932736
writeback 118784
swap 142893056
pgpgin 613038
pgpgout 162706
pgfault 734695
pgmajfault 1841
inactive_anon 552534016
active_anon 1285033984
inactive_file 2859008
active_file 4132864
unevictable 0
hierarchical_memory_limit 6442450944
hierarchical_memsw_limit 32212254720
total_cache 7004160
total_rss 1837555712
total_rss_huge 0
total_mapped_file 2932736
total_writeback 118784
total_swap 142893056
total_pgpgin 613038
total_pgpgout 162706
total_pgfault 734695
total_pgmajfault 1841
total_inactive_anon 552534016
total_active_anon 1285033984
total_inactive_file 2859008
total_active_file 4132864
total_unevictable 0
--------------------BLKIO-----------------------
11:0 Read 0
11:0 Write 0
11:0 Sync 0
11:0 Async 0
11:0 Total 0
253:0 Read 108208128
253:0 Write 6501634048
253:0 Sync 6380261376
253:0 Async 229580800
253:0 Total 6609842176
Total 6609842176
--------------------CPUAC-----------------------
user 9010
system 5039
 
Sat May 20 11:24:00 IST 2017
--------------------MEMCG-----------------------
MEM ONLY  : 1737 MB
MEM+SWAP  : 1896 MB
cache 7651328
rss 1814544384
rss_huge 0
mapped_file 2932736
writeback 0
swap 166395904
pgpgin 613454
pgpgout 168582
pgfault 735097
pgmajfault 1962
inactive_anon 525742080
active_anon 1288814592
inactive_file 2854912
active_file 4784128
unevictable 0
hierarchical_memory_limit 6442450944
hierarchical_memsw_limit 32212254720
total_cache 7651328
total_rss 1814544384
total_rss_huge 0
total_mapped_file 2932736
total_writeback 0
total_swap 166395904
total_pgpgin 613454
total_pgpgout 168582
total_pgfault 735097
total_pgmajfault 1962
total_inactive_anon 525742080
total_active_anon 1288814592
total_inactive_file 2854912
total_active_file 4784128
total_unevictable 0
--------------------BLKIO-----------------------
11:0 Read 0
11:0 Write 0
11:0 Sync 0
11:0 Async 0
11:0 Total 0
253:0 Read 109146112
253:0 Write 6519078912
253:0 Sync 6397706240
253:0 Async 230518784
253:0 Total 6628225024
Total 6628225024
--------------------CPUAC-----------------------
user 9030
system 5053
 
Sat May 20 11:24:30 IST 2017
--------------------MEMCG-----------------------
MEM ONLY  : 1714 MB
MEM+SWAP  : 1897 MB
cache 8290304
rss 1789849600
rss_huge 0
mapped_file 2932736
writeback 290816
swap 191553536
pgpgin 613836
pgpgout 174837
pgfault 735449
pgmajfault 2073
inactive_anon 506974208
active_anon 1282883584
inactive_file 2854912
active_file 5427200
unevictable 0
hierarchical_memory_limit 6442450944
hierarchical_memsw_limit 32212254720
total_cache 8290304
total_rss 1789849600
total_rss_huge 0
total_mapped_file 2932736
total_writeback 290816
total_swap 191553536
total_pgpgin 613836
total_pgpgout 174837
total_pgfault 735449
total_pgmajfault 2073
total_inactive_anon 506974208
total_active_anon 1282883584
total_inactive_file 2854912
total_active_file 5427200
total_unevictable 0
--------------------BLKIO-----------------------
11:0 Read 0
11:0 Write 0
11:0 Sync 0
11:0 Async 0
11:0 Total 0
253:0 Read 109903872
253:0 Write 6530875392
253:0 Sync 6409117696
253:0 Async 231661568
253:0 Total 6640779264
Total 6640779264
--------------------CPUAC-----------------------
user 9055
system 5071
 
Sat May 20 11:25:00 IST 2017
--------------------MEMCG-----------------------
MEM ONLY  : 1692 MB
MEM+SWAP  : 1898 MB
cache 8904704
rss 1765330944
rss_huge 0
mapped_file 2932736
writeback 0
swap 216481792
pgpgin 614296
pgpgout 181133
pgfault 735988
pgmajfault 2275
inactive_anon 499281920
active_anon 1266057216
inactive_file 3072000
active_file 5824512
unevictable 0
hierarchical_memory_limit 6442450944
hierarchical_memsw_limit 32212254720
total_cache 8904704
total_rss 1765330944
total_rss_huge 0
total_mapped_file 2932736
total_writeback 0
total_swap 216481792
total_pgpgin 614296
total_pgpgout 181133
total_pgfault 735988
total_pgmajfault 2275
total_inactive_anon 499281920
total_active_anon 1266057216
total_inactive_file 3072000
total_active_file 5824512
total_unevictable 0
--------------------BLKIO-----------------------
11:0 Read 0
11:0 Write 0
11:0 Sync 0
11:0 Async 0
11:0 Total 0
253:0 Read 111157248
253:0 Write 6548217856
253:0 Sync 6426222592
253:0 Async 233152512
253:0 Total 6659375104
Total 6659375104
--------------------CPUAC-----------------------
user 9082
system 5083
 
Sat May 20 11:25:30 IST 2017
--------------------MEMCG-----------------------
MEM ONLY  : 1671 MB
MEM+SWAP  : 1899 MB
cache 9420800
rss 1743659008
rss_huge 0
mapped_file 2932736
writeback 0
swap 238465024
pgpgin 614721
pgpgout 186723
pgfault 736533
pgmajfault 2494
inactive_anon 492457984
active_anon 1251209216
inactive_file 3330048
active_file 6082560
unevictable 0
hierarchical_memory_limit 6442450944
hierarchical_memsw_limit 32212254720
total_cache 9420800
total_rss 1743659008
total_rss_huge 0
total_mapped_file 2932736
total_writeback 0
total_swap 238465024
total_pgpgin 614721
total_pgpgout 186723
total_pgfault 736533
total_pgmajfault 2494
total_inactive_anon 492457984
total_active_anon 1251209216
total_inactive_file 3330048
total_active_file 6082560
total_unevictable 0
--------------------BLKIO-----------------------
11:0 Read 0
11:0 Write 0
11:0 Sync 0
11:0 Async 0
11:0 Total 0
253:0 Read 112361472
253:0 Write 6565257216
253:0 Sync 6443122688
253:0 Async 234496000
253:0 Total 6677618688
Total 6677618688
--------------------CPUAC-----------------------
user 9103
system 5096
 
Sat May 20 11:26:00 IST 2017
--------------------MEMCG-----------------------
MEM ONLY  : 1651 MB
MEM+SWAP  : 1900 MB
cache 9940992
rss 1721827328
rss_huge 0
mapped_file 2928640
writeback 507904
swap 260739072
pgpgin 615314
pgpgout 192519
pgfault 737383
pgmajfault 2840
inactive_anon 485736448
active_anon 1236099072
inactive_file 3579904
active_file 6352896
unevictable 0
hierarchical_memory_limit 6442450944
hierarchical_memsw_limit 32212254720
total_cache 9940992
total_rss 1721827328
total_rss_huge 0
total_mapped_file 2928640
total_writeback 507904
total_swap 260739072
total_pgpgin 615314
total_pgpgout 192519
total_pgfault 737383
total_pgmajfault 2840
total_inactive_anon 485736448
total_active_anon 1236099072
total_inactive_file 3579904
total_active_file 6352896
total_unevictable 0
--------------------BLKIO-----------------------
11:0 Read 0
11:0 Write 0
11:0 Sync 0
11:0 Async 0
11:0 Total 0
253:0 Read 114171904
253:0 Write 6575611904
253:0 Sync 6453370880
253:0 Async 236412928
253:0 Total 6689783808
Total 6689783808
--------------------CPUAC-----------------------
user 9123
system 5104
 
Sat May 20 11:26:31 IST 2017
--------------------MEMCG-----------------------
MEM ONLY  : 1631 MB
MEM+SWAP  : 1901 MB
cache 10444800
rss 1700544512
rss_huge 0
mapped_file 2928640
writeback 90112
swap 282382336
pgpgin 615884
pgpgout 198162
pgfault 738212
pgmajfault 3174
inactive_anon 479117312
active_anon 1221435392
inactive_file 3829760
active_file 6606848
unevictable 0
hierarchical_memory_limit 6442450944
hierarchical_memsw_limit 32212254720
total_cache 10444800
total_rss 1700544512
total_rss_huge 0
total_mapped_file 2928640
total_writeback 90112
total_swap 282382336
total_pgpgin 615884
total_pgpgout 198162
total_pgfault 738212
total_pgmajfault 3174
total_inactive_anon 479117312
total_active_anon 1221435392
total_inactive_file 3829760
total_active_file 6606848
total_unevictable 0
--------------------BLKIO-----------------------
11:0 Read 0
11:0 Write 0
11:0 Sync 0
11:0 Async 0
11:0 Total 0
253:0 Read 115970048
253:0 Write 6592401408
253:0 Sync 6469873664
253:0 Async 238497792
253:0 Total 6708371456
Total 6708371456
--------------------CPUAC-----------------------
user 9145
system 5116
 
Sat May 20 11:27:01 IST 2017
--------------------MEMCG-----------------------
MEM ONLY  : 1610 MB
MEM+SWAP  : 1901 MB
cache 11051008
rss 1677197312
rss_huge 0
mapped_file 2969600
writeback 303104
swap 306106368
pgpgin 616557
pgpgout 204387
pgfault 739174
pgmajfault 3570
inactive_anon 471752704
active_anon 1205452800
inactive_file 4186112
active_file 6856704
unevictable 0
hierarchical_memory_limit 6442450944
hierarchical_memsw_limit 32212254720
total_cache 11051008
total_rss 1677197312
total_rss_huge 0
total_mapped_file 2969600
total_writeback 303104
total_swap 306106368
total_pgpgin 616557
total_pgpgout 204387
total_pgfault 739174
total_pgmajfault 3570
total_inactive_anon 471752704
total_active_anon 1205452800
total_inactive_file 4186112
total_active_file 6856704
total_unevictable 0
--------------------BLKIO-----------------------
11:0 Read 0
11:0 Write 0
11:0 Sync 0
11:0 Async 0
11:0 Total 0
253:0 Read 118374400
253:0 Write 6602153984
253:0 Sync 6479015936
253:0 Async 241512448
253:0 Total 6720528384
Total 6720528384
--------------------CPUAC-----------------------
user 9162
system 5129
 
Sat May 20 11:27:31 IST 2017
--------------------MEMCG-----------------------
MEM ONLY  : 1585 MB
MEM+SWAP  : 1903 MB
cache 12144640
rss 1649975296
rss_huge 0
mapped_file 4558848
writeback 106496
swap 333795328
pgpgin 617849
pgpgout 212058
pgfault 740089
pgmajfault 3918
inactive_anon 463400960
active_anon 1186578432
inactive_file 5955584
active_file 6176768
unevictable 0
hierarchical_memory_limit 6442450944
hierarchical_memsw_limit 32212254720
total_cache 12144640
total_rss 1649975296
total_rss_huge 0
total_mapped_file 4558848
total_writeback 106496
total_swap 333795328
total_pgpgin 617849
total_pgpgout 212058
total_pgfault 740089
total_pgmajfault 3918
total_inactive_anon 463400960
total_active_anon 1186578432
total_inactive_file 5955584
total_active_file 6176768
total_unevictable 0
--------------------BLKIO-----------------------
11:0 Read 0
11:0 Write 0
11:0 Sync 0
11:0 Async 0
11:0 Total 0
253:0 Read 123109376
253:0 Write 6617227264
253:0 Sync 6493593600
253:0 Async 246743040
253:0 Total 6740336640
Total 6740336640
--------------------CPUAC-----------------------
user 9182
system 5140
 
Sat May 20 11:28:01 IST 2017
--------------------MEMCG-----------------------
MEM ONLY  : 1549 MB
MEM+SWAP  : 1904 MB
cache 13570048
rss 1611657216
rss_huge 0
mapped_file 4501504
writeback 659456
swap 372285440
pgpgin 619721
pgpgout 222937
pgfault 742465
pgmajfault 4264
inactive_anon 452059136
active_anon 1159606272
inactive_file 4464640
active_file 9097216
unevictable 0
hierarchical_memory_limit 6442450944
hierarchical_memsw_limit 32212254720
total_cache 13570048
total_rss 1611657216
total_rss_huge 0
total_mapped_file 4501504
total_writeback 659456
total_swap 372285440
total_pgpgin 619721
total_pgpgout 222937
total_pgfault 742465
total_pgmajfault 4264
total_inactive_anon 452059136
total_active_anon 1159606272
total_inactive_file 4464640
total_active_file 9097216
total_unevictable 0
--------------------BLKIO-----------------------
11:0 Read 0
11:0 Write 0
11:0 Sync 0
11:0 Async 0
11:0 Total 0
253:0 Read 127942656
253:0 Write 6628155392
253:0 Sync 6503632896
253:0 Async 252465152
253:0 Total 6756098048
Total 6756098048
--------------------CPUAC-----------------------
user 9204
system 5149
 
