Thu May 18 22:38:13 IST 2017
--------------------MEMCG-----------------------
MEM ONLY  : 27 MB
MEM+SWAP  : 27 MB
cache 21995520
rss 6778880
rss_huge 0
mapped_file 7802880
writeback 0
swap 0
pgpgin 78692
pgpgout 71667
pgfault 176813
pgmajfault 184
inactive_anon 40960
active_anon 6807552
inactive_file 9940992
active_file 11984896
unevictable 0
hierarchical_memory_limit 1610612736
hierarchical_memsw_limit 5368709120
total_cache 21995520
total_rss 6778880
total_rss_huge 0
total_mapped_file 7802880
total_writeback 0
total_swap 0
total_pgpgin 78692
total_pgpgout 71667
total_pgfault 176813
total_pgmajfault 184
total_inactive_anon 40960
total_active_anon 6807552
total_inactive_file 9940992
total_active_file 11984896
total_unevictable 0
--------------------BLKIO-----------------------
11:0 Read 0
11:0 Write 0
11:0 Sync 0
11:0 Async 0
11:0 Total 0
253:0 Read 21868544
253:0 Write 229376
253:0 Sync 0
253:0 Async 22097920
253:0 Total 22097920
Total 22097920
--------------------CPUAC-----------------------
user 38
system 82
 
Thu May 18 22:38:43 IST 2017
--------------------MEMCG-----------------------
MEM ONLY  : 27 MB
MEM+SWAP  : 27 MB
cache 21995520
rss 6512640
rss_huge 0
mapped_file 7663616
writeback 0
swap 0
pgpgin 78692
pgpgout 71732
pgfault 176820
pgmajfault 184
inactive_anon 40960
active_anon 6541312
inactive_file 9920512
active_file 12005376
unevictable 0
hierarchical_memory_limit 1610612736
hierarchical_memsw_limit 5368709120
total_cache 21995520
total_rss 6512640
total_rss_huge 0
total_mapped_file 7663616
total_writeback 0
total_swap 0
total_pgpgin 78692
total_pgpgout 71732
total_pgfault 176820
total_pgmajfault 184
total_inactive_anon 40960
total_active_anon 6541312
total_inactive_file 9920512
total_active_file 12005376
total_unevictable 0
--------------------BLKIO-----------------------
11:0 Read 0
11:0 Write 0
11:0 Sync 0
11:0 Async 0
11:0 Total 0
253:0 Read 21868544
253:0 Write 229376
253:0 Sync 0
253:0 Async 22097920
253:0 Total 22097920
Total 22097920
--------------------CPUAC-----------------------
user 38
system 82
 
Thu May 18 22:39:13 IST 2017
--------------------MEMCG-----------------------
MEM ONLY  : 27 MB
MEM+SWAP  : 27 MB
cache 21995520
rss 6512640
rss_huge 0
mapped_file 7663616
writeback 0
swap 0
pgpgin 78692
pgpgout 71732
pgfault 176820
pgmajfault 184
inactive_anon 40960
active_anon 6541312
inactive_file 9920512
active_file 12005376
unevictable 0
hierarchical_memory_limit 1610612736
hierarchical_memsw_limit 5368709120
total_cache 21995520
total_rss 6512640
total_rss_huge 0
total_mapped_file 7663616
total_writeback 0
total_swap 0
total_pgpgin 78692
total_pgpgout 71732
total_pgfault 176820
total_pgmajfault 184
total_inactive_anon 40960
total_active_anon 6541312
total_inactive_file 9920512
total_active_file 12005376
total_unevictable 0
--------------------BLKIO-----------------------
11:0 Read 0
11:0 Write 0
11:0 Sync 0
11:0 Async 0
11:0 Total 0
253:0 Read 21868544
253:0 Write 229376
253:0 Sync 0
253:0 Async 22097920
253:0 Total 22097920
Total 22097920
--------------------CPUAC-----------------------
user 38
system 82
 
Thu May 18 22:39:43 IST 2017
--------------------MEMCG-----------------------
MEM ONLY  : 27 MB
MEM+SWAP  : 27 MB
cache 21995520
rss 6512640
rss_huge 0
mapped_file 7663616
writeback 0
swap 0
pgpgin 78692
pgpgout 71732
pgfault 176820
pgmajfault 184
inactive_anon 40960
active_anon 6541312
inactive_file 9920512
active_file 12005376
unevictable 0
hierarchical_memory_limit 1610612736
hierarchical_memsw_limit 5368709120
total_cache 21995520
total_rss 6512640
total_rss_huge 0
total_mapped_file 7663616
total_writeback 0
total_swap 0
total_pgpgin 78692
total_pgpgout 71732
total_pgfault 176820
total_pgmajfault 184
total_inactive_anon 40960
total_active_anon 6541312
total_inactive_file 9920512
total_active_file 12005376
total_unevictable 0
--------------------BLKIO-----------------------
11:0 Read 0
11:0 Write 0
11:0 Sync 0
11:0 Async 0
11:0 Total 0
253:0 Read 21868544
253:0 Write 229376
253:0 Sync 0
253:0 Async 22097920
253:0 Total 22097920
Total 22097920
--------------------CPUAC-----------------------
user 38
system 82
 
Thu May 18 22:40:13 IST 2017
--------------------MEMCG-----------------------
MEM ONLY  : 27 MB
MEM+SWAP  : 27 MB
cache 21995520
rss 6512640
rss_huge 0
mapped_file 7663616
writeback 0
swap 0
pgpgin 78692
pgpgout 71732
pgfault 176820
pgmajfault 184
inactive_anon 40960
active_anon 6541312
inactive_file 9920512
active_file 12005376
unevictable 0
hierarchical_memory_limit 1610612736
hierarchical_memsw_limit 5368709120
total_cache 21995520
total_rss 6512640
total_rss_huge 0
total_mapped_file 7663616
total_writeback 0
total_swap 0
total_pgpgin 78692
total_pgpgout 71732
total_pgfault 176820
total_pgmajfault 184
total_inactive_anon 40960
total_active_anon 6541312
total_inactive_file 9920512
total_active_file 12005376
total_unevictable 0
--------------------BLKIO-----------------------
11:0 Read 0
11:0 Write 0
11:0 Sync 0
11:0 Async 0
11:0 Total 0
253:0 Read 21868544
253:0 Write 229376
253:0 Sync 0
253:0 Async 22097920
253:0 Total 22097920
Total 22097920
--------------------CPUAC-----------------------
user 38
system 82
 
Thu May 18 22:40:43 IST 2017
--------------------MEMCG-----------------------
MEM ONLY  : 27 MB
MEM+SWAP  : 27 MB
cache 21995520
rss 6512640
rss_huge 0
mapped_file 7663616
writeback 0
swap 0
pgpgin 78692
pgpgout 71732
pgfault 176820
pgmajfault 184
inactive_anon 40960
active_anon 6541312
inactive_file 9920512
active_file 12005376
unevictable 0
hierarchical_memory_limit 1610612736
hierarchical_memsw_limit 5368709120
total_cache 21995520
total_rss 6512640
total_rss_huge 0
total_mapped_file 7663616
total_writeback 0
total_swap 0
total_pgpgin 78692
total_pgpgout 71732
total_pgfault 176820
total_pgmajfault 184
total_inactive_anon 40960
total_active_anon 6541312
total_inactive_file 9920512
total_active_file 12005376
total_unevictable 0
--------------------BLKIO-----------------------
11:0 Read 0
11:0 Write 0
11:0 Sync 0
11:0 Async 0
11:0 Total 0
253:0 Read 21868544
253:0 Write 229376
253:0 Sync 0
253:0 Async 22097920
253:0 Total 22097920
Total 22097920
--------------------CPUAC-----------------------
user 38
system 82
 
Thu May 18 22:41:13 IST 2017
--------------------MEMCG-----------------------
MEM ONLY  : 27 MB
MEM+SWAP  : 27 MB
cache 21995520
rss 6512640
rss_huge 0
mapped_file 7663616
writeback 0
swap 0
pgpgin 78692
pgpgout 71732
pgfault 176820
pgmajfault 184
inactive_anon 40960
active_anon 6541312
inactive_file 9920512
active_file 12005376
unevictable 0
hierarchical_memory_limit 1610612736
hierarchical_memsw_limit 5368709120
total_cache 21995520
total_rss 6512640
total_rss_huge 0
total_mapped_file 7663616
total_writeback 0
total_swap 0
total_pgpgin 78692
total_pgpgout 71732
total_pgfault 176820
total_pgmajfault 184
total_inactive_anon 40960
total_active_anon 6541312
total_inactive_file 9920512
total_active_file 12005376
total_unevictable 0
--------------------BLKIO-----------------------
11:0 Read 0
11:0 Write 0
11:0 Sync 0
11:0 Async 0
11:0 Total 0
253:0 Read 21868544
253:0 Write 229376
253:0 Sync 0
253:0 Async 22097920
253:0 Total 22097920
Total 22097920
--------------------CPUAC-----------------------
user 38
system 82
 
Thu May 18 22:41:43 IST 2017
--------------------MEMCG-----------------------
MEM ONLY  : 27 MB
MEM+SWAP  : 27 MB
cache 21995520
rss 6512640
rss_huge 0
mapped_file 7663616
writeback 0
swap 0
pgpgin 78692
pgpgout 71732
pgfault 176820
pgmajfault 184
inactive_anon 40960
active_anon 6541312
inactive_file 9920512
active_file 12005376
unevictable 0
hierarchical_memory_limit 1610612736
hierarchical_memsw_limit 5368709120
total_cache 21995520
total_rss 6512640
total_rss_huge 0
total_mapped_file 7663616
total_writeback 0
total_swap 0
total_pgpgin 78692
total_pgpgout 71732
total_pgfault 176820
total_pgmajfault 184
total_inactive_anon 40960
total_active_anon 6541312
total_inactive_file 9920512
total_active_file 12005376
total_unevictable 0
--------------------BLKIO-----------------------
11:0 Read 0
11:0 Write 0
11:0 Sync 0
11:0 Async 0
11:0 Total 0
253:0 Read 21868544
253:0 Write 229376
253:0 Sync 0
253:0 Async 22097920
253:0 Total 22097920
Total 22097920
--------------------CPUAC-----------------------
user 38
system 82
 
Thu May 18 22:42:13 IST 2017
--------------------MEMCG-----------------------
MEM ONLY  : 27 MB
MEM+SWAP  : 27 MB
cache 21995520
rss 6512640
rss_huge 0
mapped_file 7663616
writeback 0
swap 0
pgpgin 78692
pgpgout 71732
pgfault 176820
pgmajfault 184
inactive_anon 40960
active_anon 6541312
inactive_file 9920512
active_file 12005376
unevictable 0
hierarchical_memory_limit 1610612736
hierarchical_memsw_limit 5368709120
total_cache 21995520
total_rss 6512640
total_rss_huge 0
total_mapped_file 7663616
total_writeback 0
total_swap 0
total_pgpgin 78692
total_pgpgout 71732
total_pgfault 176820
total_pgmajfault 184
total_inactive_anon 40960
total_active_anon 6541312
total_inactive_file 9920512
total_active_file 12005376
total_unevictable 0
--------------------BLKIO-----------------------
11:0 Read 0
11:0 Write 0
11:0 Sync 0
11:0 Async 0
11:0 Total 0
253:0 Read 21868544
253:0 Write 229376
253:0 Sync 0
253:0 Async 22097920
253:0 Total 22097920
Total 22097920
--------------------CPUAC-----------------------
user 38
system 82
 
Thu May 18 22:42:44 IST 2017
--------------------MEMCG-----------------------
MEM ONLY  : 27 MB
MEM+SWAP  : 27 MB
cache 21995520
rss 6512640
rss_huge 0
mapped_file 7663616
writeback 0
swap 0
pgpgin 78692
pgpgout 71732
pgfault 176820
pgmajfault 184
inactive_anon 40960
active_anon 6541312
inactive_file 9920512
active_file 12005376
unevictable 0
hierarchical_memory_limit 1610612736
hierarchical_memsw_limit 5368709120
total_cache 21995520
total_rss 6512640
total_rss_huge 0
total_mapped_file 7663616
total_writeback 0
total_swap 0
total_pgpgin 78692
total_pgpgout 71732
total_pgfault 176820
total_pgmajfault 184
total_inactive_anon 40960
total_active_anon 6541312
total_inactive_file 9920512
total_active_file 12005376
total_unevictable 0
--------------------BLKIO-----------------------
11:0 Read 0
11:0 Write 0
11:0 Sync 0
11:0 Async 0
11:0 Total 0
253:0 Read 21868544
253:0 Write 229376
253:0 Sync 0
253:0 Async 22097920
253:0 Total 22097920
Total 22097920
--------------------CPUAC-----------------------
user 38
system 82
 
Thu May 18 22:43:14 IST 2017
--------------------MEMCG-----------------------
MEM ONLY  : 27 MB
MEM+SWAP  : 27 MB
cache 21995520
rss 6512640
rss_huge 0
mapped_file 7663616
writeback 0
swap 0
pgpgin 78692
pgpgout 71732
pgfault 176820
pgmajfault 184
inactive_anon 40960
active_anon 6541312
inactive_file 9920512
active_file 12005376
unevictable 0
hierarchical_memory_limit 1610612736
hierarchical_memsw_limit 5368709120
total_cache 21995520
total_rss 6512640
total_rss_huge 0
total_mapped_file 7663616
total_writeback 0
total_swap 0
total_pgpgin 78692
total_pgpgout 71732
total_pgfault 176820
total_pgmajfault 184
total_inactive_anon 40960
total_active_anon 6541312
total_inactive_file 9920512
total_active_file 12005376
total_unevictable 0
--------------------BLKIO-----------------------
11:0 Read 0
11:0 Write 0
11:0 Sync 0
11:0 Async 0
11:0 Total 0
253:0 Read 21868544
253:0 Write 229376
253:0 Sync 0
253:0 Async 22097920
253:0 Total 22097920
Total 22097920
--------------------CPUAC-----------------------
user 38
system 82
 
Thu May 18 22:43:44 IST 2017
--------------------MEMCG-----------------------
MEM ONLY  : 27 MB
MEM+SWAP  : 27 MB
cache 21995520
rss 6512640
rss_huge 0
mapped_file 7663616
writeback 0
swap 0
pgpgin 78692
pgpgout 71732
pgfault 176820
pgmajfault 184
inactive_anon 40960
active_anon 6541312
inactive_file 9920512
active_file 12005376
unevictable 0
hierarchical_memory_limit 1610612736
hierarchical_memsw_limit 5368709120
total_cache 21995520
total_rss 6512640
total_rss_huge 0
total_mapped_file 7663616
total_writeback 0
total_swap 0
total_pgpgin 78692
total_pgpgout 71732
total_pgfault 176820
total_pgmajfault 184
total_inactive_anon 40960
total_active_anon 6541312
total_inactive_file 9920512
total_active_file 12005376
total_unevictable 0
--------------------BLKIO-----------------------
11:0 Read 0
11:0 Write 0
11:0 Sync 0
11:0 Async 0
11:0 Total 0
253:0 Read 21868544
253:0 Write 229376
253:0 Sync 0
253:0 Async 22097920
253:0 Total 22097920
Total 22097920
--------------------CPUAC-----------------------
user 38
system 82
 
Thu May 18 22:44:14 IST 2017
--------------------MEMCG-----------------------
MEM ONLY  : 27 MB
MEM+SWAP  : 27 MB
cache 21995520
rss 6512640
rss_huge 0
mapped_file 7663616
writeback 0
swap 0
pgpgin 78692
pgpgout 71732
pgfault 176820
pgmajfault 184
inactive_anon 40960
active_anon 6541312
inactive_file 9920512
active_file 12005376
unevictable 0
hierarchical_memory_limit 1610612736
hierarchical_memsw_limit 5368709120
total_cache 21995520
total_rss 6512640
total_rss_huge 0
total_mapped_file 7663616
total_writeback 0
total_swap 0
total_pgpgin 78692
total_pgpgout 71732
total_pgfault 176820
total_pgmajfault 184
total_inactive_anon 40960
total_active_anon 6541312
total_inactive_file 9920512
total_active_file 12005376
total_unevictable 0
--------------------BLKIO-----------------------
11:0 Read 0
11:0 Write 0
11:0 Sync 0
11:0 Async 0
11:0 Total 0
253:0 Read 21868544
253:0 Write 229376
253:0 Sync 0
253:0 Async 22097920
253:0 Total 22097920
Total 22097920
--------------------CPUAC-----------------------
user 38
system 82
 
Thu May 18 22:44:44 IST 2017
--------------------MEMCG-----------------------
MEM ONLY  : 27 MB
MEM+SWAP  : 27 MB
cache 21995520
rss 6512640
rss_huge 0
mapped_file 7663616
writeback 0
swap 0
pgpgin 78692
pgpgout 71732
pgfault 176820
pgmajfault 184
inactive_anon 40960
active_anon 6541312
inactive_file 9920512
active_file 12005376
unevictable 0
hierarchical_memory_limit 1610612736
hierarchical_memsw_limit 5368709120
total_cache 21995520
total_rss 6512640
total_rss_huge 0
total_mapped_file 7663616
total_writeback 0
total_swap 0
total_pgpgin 78692
total_pgpgout 71732
total_pgfault 176820
total_pgmajfault 184
total_inactive_anon 40960
total_active_anon 6541312
total_inactive_file 9920512
total_active_file 12005376
total_unevictable 0
--------------------BLKIO-----------------------
11:0 Read 0
11:0 Write 0
11:0 Sync 0
11:0 Async 0
11:0 Total 0
253:0 Read 21868544
253:0 Write 229376
253:0 Sync 0
253:0 Async 22097920
253:0 Total 22097920
Total 22097920
--------------------CPUAC-----------------------
user 38
system 82
 
Thu May 18 22:45:14 IST 2017
--------------------MEMCG-----------------------
MEM ONLY  : 27 MB
MEM+SWAP  : 27 MB
cache 21995520
rss 6512640
rss_huge 0
mapped_file 7663616
writeback 0
swap 0
pgpgin 78692
pgpgout 71732
pgfault 176820
pgmajfault 184
inactive_anon 40960
active_anon 6541312
inactive_file 9920512
active_file 12005376
unevictable 0
hierarchical_memory_limit 1610612736
hierarchical_memsw_limit 5368709120
total_cache 21995520
total_rss 6512640
total_rss_huge 0
total_mapped_file 7663616
total_writeback 0
total_swap 0
total_pgpgin 78692
total_pgpgout 71732
total_pgfault 176820
total_pgmajfault 184
total_inactive_anon 40960
total_active_anon 6541312
total_inactive_file 9920512
total_active_file 12005376
total_unevictable 0
--------------------BLKIO-----------------------
11:0 Read 0
11:0 Write 0
11:0 Sync 0
11:0 Async 0
11:0 Total 0
253:0 Read 21868544
253:0 Write 229376
253:0 Sync 0
253:0 Async 22097920
253:0 Total 22097920
Total 22097920
--------------------CPUAC-----------------------
user 38
system 82
 
Thu May 18 22:45:44 IST 2017
--------------------MEMCG-----------------------
MEM ONLY  : 27 MB
MEM+SWAP  : 27 MB
cache 21995520
rss 6512640
rss_huge 0
mapped_file 7663616
writeback 0
swap 0
pgpgin 78692
pgpgout 71732
pgfault 176820
pgmajfault 184
inactive_anon 40960
active_anon 6541312
inactive_file 9920512
active_file 12005376
unevictable 0
hierarchical_memory_limit 1610612736
hierarchical_memsw_limit 5368709120
total_cache 21995520
total_rss 6512640
total_rss_huge 0
total_mapped_file 7663616
total_writeback 0
total_swap 0
total_pgpgin 78692
total_pgpgout 71732
total_pgfault 176820
total_pgmajfault 184
total_inactive_anon 40960
total_active_anon 6541312
total_inactive_file 9920512
total_active_file 12005376
total_unevictable 0
--------------------BLKIO-----------------------
11:0 Read 0
11:0 Write 0
11:0 Sync 0
11:0 Async 0
11:0 Total 0
253:0 Read 21868544
253:0 Write 229376
253:0 Sync 0
253:0 Async 22097920
253:0 Total 22097920
Total 22097920
--------------------CPUAC-----------------------
user 38
system 82
 
Thu May 18 22:46:14 IST 2017
--------------------MEMCG-----------------------
MEM ONLY  : 27 MB
MEM+SWAP  : 27 MB
cache 21995520
rss 6512640
rss_huge 0
mapped_file 7663616
writeback 0
swap 0
pgpgin 78692
pgpgout 71732
pgfault 176820
pgmajfault 184
inactive_anon 40960
active_anon 6541312
inactive_file 9920512
active_file 12005376
unevictable 0
hierarchical_memory_limit 1610612736
hierarchical_memsw_limit 5368709120
total_cache 21995520
total_rss 6512640
total_rss_huge 0
total_mapped_file 7663616
total_writeback 0
total_swap 0
total_pgpgin 78692
total_pgpgout 71732
total_pgfault 176820
total_pgmajfault 184
total_inactive_anon 40960
total_active_anon 6541312
total_inactive_file 9920512
total_active_file 12005376
total_unevictable 0
--------------------BLKIO-----------------------
11:0 Read 0
11:0 Write 0
11:0 Sync 0
11:0 Async 0
11:0 Total 0
253:0 Read 21868544
253:0 Write 229376
253:0 Sync 0
253:0 Async 22097920
253:0 Total 22097920
Total 22097920
--------------------CPUAC-----------------------
user 38
system 82
 
Thu May 18 22:46:44 IST 2017
--------------------MEMCG-----------------------
MEM ONLY  : 27 MB
MEM+SWAP  : 27 MB
cache 21995520
rss 6512640
rss_huge 0
mapped_file 7663616
writeback 0
swap 0
pgpgin 78692
pgpgout 71732
pgfault 176820
pgmajfault 184
inactive_anon 40960
active_anon 6541312
inactive_file 9920512
active_file 12005376
unevictable 0
hierarchical_memory_limit 1610612736
hierarchical_memsw_limit 5368709120
total_cache 21995520
total_rss 6512640
total_rss_huge 0
total_mapped_file 7663616
total_writeback 0
total_swap 0
total_pgpgin 78692
total_pgpgout 71732
total_pgfault 176820
total_pgmajfault 184
total_inactive_anon 40960
total_active_anon 6541312
total_inactive_file 9920512
total_active_file 12005376
total_unevictable 0
--------------------BLKIO-----------------------
11:0 Read 0
11:0 Write 0
11:0 Sync 0
11:0 Async 0
11:0 Total 0
253:0 Read 21868544
253:0 Write 229376
253:0 Sync 0
253:0 Async 22097920
253:0 Total 22097920
Total 22097920
--------------------CPUAC-----------------------
user 38
system 82
 
Thu May 18 22:47:14 IST 2017
--------------------MEMCG-----------------------
MEM ONLY  : 27 MB
MEM+SWAP  : 27 MB
cache 21995520
rss 6512640
rss_huge 0
mapped_file 7663616
writeback 0
swap 0
pgpgin 78692
pgpgout 71732
pgfault 176820
pgmajfault 184
inactive_anon 40960
active_anon 6541312
inactive_file 9920512
active_file 12005376
unevictable 0
hierarchical_memory_limit 1610612736
hierarchical_memsw_limit 5368709120
total_cache 21995520
total_rss 6512640
total_rss_huge 0
total_mapped_file 7663616
total_writeback 0
total_swap 0
total_pgpgin 78692
total_pgpgout 71732
total_pgfault 176820
total_pgmajfault 184
total_inactive_anon 40960
total_active_anon 6541312
total_inactive_file 9920512
total_active_file 12005376
total_unevictable 0
--------------------BLKIO-----------------------
11:0 Read 0
11:0 Write 0
11:0 Sync 0
11:0 Async 0
11:0 Total 0
253:0 Read 21868544
253:0 Write 229376
253:0 Sync 0
253:0 Async 22097920
253:0 Total 22097920
Total 22097920
--------------------CPUAC-----------------------
user 38
system 82
 
Thu May 18 22:47:44 IST 2017
--------------------MEMCG-----------------------
MEM ONLY  : 27 MB
MEM+SWAP  : 27 MB
cache 21995520
rss 6512640
rss_huge 0
mapped_file 7663616
writeback 0
swap 0
pgpgin 78692
pgpgout 71732
pgfault 176820
pgmajfault 184
inactive_anon 40960
active_anon 6541312
inactive_file 9920512
active_file 12005376
unevictable 0
hierarchical_memory_limit 1610612736
hierarchical_memsw_limit 5368709120
total_cache 21995520
total_rss 6512640
total_rss_huge 0
total_mapped_file 7663616
total_writeback 0
total_swap 0
total_pgpgin 78692
total_pgpgout 71732
total_pgfault 176820
total_pgmajfault 184
total_inactive_anon 40960
total_active_anon 6541312
total_inactive_file 9920512
total_active_file 12005376
total_unevictable 0
--------------------BLKIO-----------------------
11:0 Read 0
11:0 Write 0
11:0 Sync 0
11:0 Async 0
11:0 Total 0
253:0 Read 21868544
253:0 Write 229376
253:0 Sync 0
253:0 Async 22097920
253:0 Total 22097920
Total 22097920
--------------------CPUAC-----------------------
user 38
system 82
 
Thu May 18 22:48:14 IST 2017
--------------------MEMCG-----------------------
MEM ONLY  : 27 MB
MEM+SWAP  : 27 MB
cache 21995520
rss 6512640
rss_huge 0
mapped_file 7663616
writeback 0
swap 0
pgpgin 78692
pgpgout 71732
pgfault 176820
pgmajfault 184
inactive_anon 40960
active_anon 6541312
inactive_file 9920512
active_file 12005376
unevictable 0
hierarchical_memory_limit 1610612736
hierarchical_memsw_limit 5368709120
total_cache 21995520
total_rss 6512640
total_rss_huge 0
total_mapped_file 7663616
total_writeback 0
total_swap 0
total_pgpgin 78692
total_pgpgout 71732
total_pgfault 176820
total_pgmajfault 184
total_inactive_anon 40960
total_active_anon 6541312
total_inactive_file 9920512
total_active_file 12005376
total_unevictable 0
--------------------BLKIO-----------------------
11:0 Read 0
11:0 Write 0
11:0 Sync 0
11:0 Async 0
11:0 Total 0
253:0 Read 21868544
253:0 Write 229376
253:0 Sync 0
253:0 Async 22097920
253:0 Total 22097920
Total 22097920
--------------------CPUAC-----------------------
user 38
system 82
 
Thu May 18 22:48:44 IST 2017
--------------------MEMCG-----------------------
MEM ONLY  : 27 MB
MEM+SWAP  : 27 MB
cache 21995520
rss 6512640
rss_huge 0
mapped_file 7663616
writeback 0
swap 0
pgpgin 78692
pgpgout 71732
pgfault 176820
pgmajfault 184
inactive_anon 40960
active_anon 6541312
inactive_file 9920512
active_file 12005376
unevictable 0
hierarchical_memory_limit 1610612736
hierarchical_memsw_limit 5368709120
total_cache 21995520
total_rss 6512640
total_rss_huge 0
total_mapped_file 7663616
total_writeback 0
total_swap 0
total_pgpgin 78692
total_pgpgout 71732
total_pgfault 176820
total_pgmajfault 184
total_inactive_anon 40960
total_active_anon 6541312
total_inactive_file 9920512
total_active_file 12005376
total_unevictable 0
--------------------BLKIO-----------------------
11:0 Read 0
11:0 Write 0
11:0 Sync 0
11:0 Async 0
11:0 Total 0
253:0 Read 21868544
253:0 Write 229376
253:0 Sync 0
253:0 Async 22097920
253:0 Total 22097920
Total 22097920
--------------------CPUAC-----------------------
user 38
system 82
 
Thu May 18 22:49:14 IST 2017
--------------------MEMCG-----------------------
MEM ONLY  : 27 MB
MEM+SWAP  : 27 MB
cache 21995520
rss 6512640
rss_huge 0
mapped_file 7663616
writeback 0
swap 0
pgpgin 78692
pgpgout 71732
pgfault 176820
pgmajfault 184
inactive_anon 40960
active_anon 6541312
inactive_file 9920512
active_file 12005376
unevictable 0
hierarchical_memory_limit 1610612736
hierarchical_memsw_limit 5368709120
total_cache 21995520
total_rss 6512640
total_rss_huge 0
total_mapped_file 7663616
total_writeback 0
total_swap 0
total_pgpgin 78692
total_pgpgout 71732
total_pgfault 176820
total_pgmajfault 184
total_inactive_anon 40960
total_active_anon 6541312
total_inactive_file 9920512
total_active_file 12005376
total_unevictable 0
--------------------BLKIO-----------------------
11:0 Read 0
11:0 Write 0
11:0 Sync 0
11:0 Async 0
11:0 Total 0
253:0 Read 21868544
253:0 Write 229376
253:0 Sync 0
253:0 Async 22097920
253:0 Total 22097920
Total 22097920
--------------------CPUAC-----------------------
user 38
system 82
 
Thu May 18 22:49:44 IST 2017
--------------------MEMCG-----------------------
MEM ONLY  : 27 MB
MEM+SWAP  : 27 MB
cache 21995520
rss 6512640
rss_huge 0
mapped_file 7663616
writeback 0
swap 0
pgpgin 78692
pgpgout 71732
pgfault 176820
pgmajfault 184
inactive_anon 40960
active_anon 6541312
inactive_file 9920512
active_file 12005376
unevictable 0
hierarchical_memory_limit 1610612736
hierarchical_memsw_limit 5368709120
total_cache 21995520
total_rss 6512640
total_rss_huge 0
total_mapped_file 7663616
total_writeback 0
total_swap 0
total_pgpgin 78692
total_pgpgout 71732
total_pgfault 176820
total_pgmajfault 184
total_inactive_anon 40960
total_active_anon 6541312
total_inactive_file 9920512
total_active_file 12005376
total_unevictable 0
--------------------BLKIO-----------------------
11:0 Read 0
11:0 Write 0
11:0 Sync 0
11:0 Async 0
11:0 Total 0
253:0 Read 21868544
253:0 Write 229376
253:0 Sync 0
253:0 Async 22097920
253:0 Total 22097920
Total 22097920
--------------------CPUAC-----------------------
user 38
system 82
 
Thu May 18 22:50:14 IST 2017
--------------------MEMCG-----------------------
MEM ONLY  : 587 MB
MEM+SWAP  : 587 MB
cache 523886592
rss 92520448
rss_huge 0
mapped_file 46358528
writeback 0
swap 0
pgpgin 277015
pgpgout 126525
pgfault 265105
pgmajfault 206
inactive_anon 45056
active_anon 92549120
inactive_file 470020096
active_file 53764096
unevictable 0
hierarchical_memory_limit 1610612736
hierarchical_memsw_limit 5368709120
total_cache 523886592
total_rss 92520448
total_rss_huge 0
total_mapped_file 46358528
total_writeback 0
total_swap 0
total_pgpgin 277015
total_pgpgout 126525
total_pgfault 265105
total_pgmajfault 206
total_inactive_anon 45056
total_active_anon 92549120
total_inactive_file 470020096
total_active_file 53764096
total_unevictable 0
--------------------BLKIO-----------------------
11:0 Read 0
11:0 Write 0
11:0 Sync 0
11:0 Async 0
11:0 Total 0
253:0 Read 484286464
253:0 Write 229376
253:0 Sync 0
253:0 Async 484515840
253:0 Total 484515840
Total 484515840
--------------------CPUAC-----------------------
user 90
system 321
 
Thu May 18 22:50:44 IST 2017
--------------------MEMCG-----------------------
MEM ONLY  : 1102 MB
MEM+SWAP  : 1102 MB
cache 1063956480
rss 92520448
rss_huge 0
mapped_file 46358528
writeback 0
swap 0
pgpgin 440560
pgpgout 158217
pgfault 298204
pgmajfault 206
inactive_anon 45056
active_anon 92549120
inactive_file 876949504
active_file 186892288
unevictable 0
hierarchical_memory_limit 1610612736
hierarchical_memsw_limit 5368709120
total_cache 1063956480
total_rss 92520448
total_rss_huge 0
total_mapped_file 46358528
total_writeback 0
total_swap 0
total_pgpgin 440560
total_pgpgout 158217
total_pgfault 298204
total_pgmajfault 206
total_inactive_anon 45056
total_active_anon 92549120
total_inactive_file 876949504
total_active_file 186892288
total_unevictable 0
--------------------BLKIO-----------------------
11:0 Read 0
11:0 Write 0
11:0 Sync 0
11:0 Async 0
11:0 Total 0
253:0 Read 1024352256
253:0 Write 229376
253:0 Sync 0
253:0 Async 1024581632
253:0 Total 1024581632
Total 1024581632
--------------------CPUAC-----------------------
user 111
system 446
 
Thu May 18 22:51:14 IST 2017
--------------------MEMCG-----------------------
MEM ONLY  : 1535 MB
MEM+SWAP  : 1535 MB
cache 1518022656
rss 92520448
rss_huge 0
mapped_file 46329856
writeback 0
swap 0
pgpgin 608846
pgpgout 215647
pgfault 340667
pgmajfault 206
inactive_anon 46370816
active_anon 46223360
inactive_file 1062879232
active_file 455036928
unevictable 0
hierarchical_memory_limit 1610612736
hierarchical_memsw_limit 5368709120
total_cache 1518022656
total_rss 92520448
total_rss_huge 0
total_mapped_file 46329856
total_writeback 0
total_swap 0
total_pgpgin 608846
total_pgpgout 215647
total_pgfault 340667
total_pgmajfault 206
total_inactive_anon 46370816
total_active_anon 46223360
total_inactive_file 1062879232
total_active_file 455036928
total_unevictable 0
--------------------BLKIO-----------------------
11:0 Read 0
11:0 Write 0
11:0 Sync 0
11:0 Async 0
11:0 Total 0
253:0 Read 1547358208
253:0 Write 229376
253:0 Sync 0
253:0 Async 1547587584
253:0 Total 1547587584
Total 1547587584
--------------------CPUAC-----------------------
user 138
system 568
 
Thu May 18 22:51:44 IST 2017
--------------------MEMCG-----------------------
MEM ONLY  : 1535 MB
MEM+SWAP  : 1535 MB
cache 1518067712
rss 92520448
rss_huge 0
mapped_file 46329856
writeback 0
swap 0
pgpgin 823542
pgpgout 430332
pgfault 396135
pgmajfault 206
inactive_anon 46370816
active_anon 46223360
inactive_file 759025664
active_file 758935552
unevictable 0
hierarchical_memory_limit 1610612736
hierarchical_memsw_limit 5368709120
total_cache 1518067712
total_rss 92520448
total_rss_huge 0
total_mapped_file 46329856
total_writeback 0
total_swap 0
total_pgpgin 823542
total_pgpgout 430332
total_pgfault 396135
total_pgmajfault 206
total_inactive_anon 46370816
total_active_anon 46223360
total_inactive_file 759025664
total_active_file 758935552
total_unevictable 0
--------------------BLKIO-----------------------
11:0 Read 0
11:0 Write 0
11:0 Sync 0
11:0 Async 0
11:0 Total 0
253:0 Read 2073448448
253:0 Write 229376
253:0 Sync 0
253:0 Async 2073677824
253:0 Total 2073677824
Total 2073677824
--------------------CPUAC-----------------------
user 161
system 754
 
Thu May 18 22:52:14 IST 2017
--------------------MEMCG-----------------------
MEM ONLY  : 1535 MB
MEM+SWAP  : 1535 MB
cache 1518055424
rss 92520448
rss_huge 0
mapped_file 10633216
writeback 0
swap 0
pgpgin 1158958
pgpgout 765751
pgfault 485897
pgmajfault 206
inactive_anon 46370816
active_anon 46223360
inactive_file 758272000
active_file 759709696
unevictable 0
hierarchical_memory_limit 1610612736
hierarchical_memsw_limit 5368709120
total_cache 1518055424
total_rss 92520448
total_rss_huge 0
total_mapped_file 10633216
total_writeback 0
total_swap 0
total_pgpgin 1158958
total_pgpgout 765751
total_pgfault 485897
total_pgmajfault 206
total_inactive_anon 46370816
total_active_anon 46223360
total_inactive_file 758272000
total_active_file 759709696
total_unevictable 0
--------------------BLKIO-----------------------
11:0 Read 0
11:0 Write 0
11:0 Sync 0
11:0 Async 0
11:0 Total 0
253:0 Read 2599952384
253:0 Write 229376
253:0 Sync 0
253:0 Async 2600181760
253:0 Total 2600181760
Total 2600181760
--------------------CPUAC-----------------------
user 205
system 1043
 
Thu May 18 22:52:44 IST 2017
--------------------MEMCG-----------------------
MEM ONLY  : 1535 MB
MEM+SWAP  : 1535 MB
cache 1518006272
rss 92520448
rss_huge 0
mapped_file 3579904
writeback 0
swap 0
pgpgin 1639015
pgpgout 1245819
pgfault 613442
pgmajfault 209
inactive_anon 46370816
active_anon 46223360
inactive_file 757649408
active_file 760242176
unevictable 0
hierarchical_memory_limit 1610612736
hierarchical_memsw_limit 5368709120
total_cache 1518018560
total_rss 92520448
total_rss_huge 0
total_mapped_file 3579904
total_writeback 0
total_swap 0
total_pgpgin 1639018
total_pgpgout 1245819
total_pgfault 613442
total_pgmajfault 209
total_inactive_anon 46370816
total_active_anon 46223360
total_inactive_file 757649408
total_active_file 760242176
total_unevictable 0
--------------------BLKIO-----------------------
11:0 Read 0
11:0 Write 0
11:0 Sync 0
11:0 Async 0
11:0 Total 0
253:0 Read 3121442816
253:0 Write 229376
253:0 Sync 0
253:0 Async 3121672192
253:0 Total 3121672192
Total 3121672192
--------------------CPUAC-----------------------
user 271
system 1426
 
Thu May 18 22:53:14 IST 2017
--------------------MEMCG-----------------------
MEM ONLY  : 1535 MB
MEM+SWAP  : 1535 MB
cache 1518002176
rss 92520448
rss_huge 0
mapped_file 3579904
writeback 0
swap 0
pgpgin 2121480
pgpgout 1728286
pgfault 741224
pgmajfault 215
inactive_anon 46370816
active_anon 46223360
inactive_file 756224000
active_file 761671680
unevictable 0
hierarchical_memory_limit 1610612736
hierarchical_memsw_limit 5368709120
total_cache 1518002176
total_rss 92520448
total_rss_huge 0
total_mapped_file 3579904
total_writeback 0
total_swap 0
total_pgpgin 2121480
total_pgpgout 1728286
total_pgfault 741224
total_pgmajfault 215
total_inactive_anon 46370816
total_active_anon 46223360
total_inactive_file 756224000
total_active_file 761671680
total_unevictable 0
--------------------BLKIO-----------------------
11:0 Read 0
11:0 Write 0
11:0 Sync 0
11:0 Async 0
11:0 Total 0
253:0 Read 3641389056
253:0 Write 229376
253:0 Sync 0
253:0 Async 3641618432
253:0 Total 3641618432
Total 3641618432
--------------------CPUAC-----------------------
user 326
system 1818
 
Thu May 18 22:53:44 IST 2017
--------------------MEMCG-----------------------
MEM ONLY  : 1535 MB
MEM+SWAP  : 1535 MB
cache 1518059520
rss 92520448
rss_huge 0
mapped_file 3387392
writeback 0
swap 0
pgpgin 2595163
pgpgout 2201955
pgfault 867761
pgmajfault 215
inactive_anon 46370816
active_anon 46223360
inactive_file 758935552
active_file 759050240
unevictable 0
hierarchical_memory_limit 1610612736
hierarchical_memsw_limit 5368709120
total_cache 1518059520
total_rss 92520448
total_rss_huge 0
total_mapped_file 3387392
total_writeback 0
total_swap 0
total_pgpgin 2595163
total_pgpgout 2201955
total_pgfault 867761
total_pgmajfault 215
total_inactive_anon 46370816
total_active_anon 46223360
total_inactive_file 758935552
total_active_file 759050240
total_unevictable 0
--------------------BLKIO-----------------------
11:0 Read 0
11:0 Write 0
11:0 Sync 0
11:0 Async 0
11:0 Total 0
253:0 Read 4158103552
253:0 Write 229376
253:0 Sync 0
253:0 Async 4158332928
253:0 Total 4158332928
Total 4158332928
--------------------CPUAC-----------------------
user 382
system 2222
 
Thu May 18 22:54:14 IST 2017
--------------------MEMCG-----------------------
MEM ONLY  : 1535 MB
MEM+SWAP  : 1535 MB
cache 1518092288
rss 92520448
rss_huge 0
mapped_file 3387392
writeback 0
swap 0
pgpgin 3073749
pgpgout 2680533
pgfault 994897
pgmajfault 221
inactive_anon 46370816
active_anon 46223360
inactive_file 758726656
active_file 759160832
unevictable 0
hierarchical_memory_limit 1610612736
hierarchical_memsw_limit 5368709120
total_cache 1518092288
total_rss 92520448
total_rss_huge 0
total_mapped_file 3387392
total_writeback 0
total_swap 0
total_pgpgin 3073749
total_pgpgout 2680533
total_pgfault 994897
total_pgmajfault 221
total_inactive_anon 46370816
total_active_anon 46223360
total_inactive_file 758726656
total_active_file 759160832
total_unevictable 0
--------------------BLKIO-----------------------
11:0 Read 0
11:0 Write 0
11:0 Sync 0
11:0 Async 0
11:0 Total 0
253:0 Read 4672598016
253:0 Write 229376
253:0 Sync 0
253:0 Async 4672827392
253:0 Total 4672827392
Total 4672827392
--------------------CPUAC-----------------------
user 436
system 2614
 
Thu May 18 22:54:44 IST 2017
--------------------MEMCG-----------------------
MEM ONLY  : 1535 MB
MEM+SWAP  : 1535 MB
cache 1518006272
rss 92520448
rss_huge 0
mapped_file 3387392
writeback 0
swap 0
pgpgin 3565387
pgpgout 3172192
pgfault 1124299
pgmajfault 221
inactive_anon 46370816
active_anon 46223360
inactive_file 759054336
active_file 758865920
unevictable 0
hierarchical_memory_limit 1610612736
hierarchical_memsw_limit 5368709120
total_cache 1518006272
total_rss 92520448
total_rss_huge 0
total_mapped_file 3387392
total_writeback 0
total_swap 0
total_pgpgin 3565387
total_pgpgout 3172192
total_pgfault 1124299
total_pgmajfault 221
total_inactive_anon 46370816
total_active_anon 46223360
total_inactive_file 759054336
total_active_file 758865920
total_unevictable 0
--------------------BLKIO-----------------------
11:0 Read 0
11:0 Write 0
11:0 Sync 0
11:0 Async 0
11:0 Total 0
253:0 Read 5192404992
253:0 Write 229376
253:0 Sync 0
253:0 Async 5192634368
253:0 Total 5192634368
Total 5192634368
--------------------CPUAC-----------------------
user 496
system 3000
 
Thu May 18 22:55:14 IST 2017
--------------------MEMCG-----------------------
MEM ONLY  : 1535 MB
MEM+SWAP  : 1535 MB
cache 1518084096
rss 92520448
rss_huge 0
mapped_file 3387392
writeback 0
swap 0
pgpgin 4049663
pgpgout 3656449
pgfault 1254321
pgmajfault 227
inactive_anon 46370816
active_anon 46223360
inactive_file 759033856
active_file 758976512
unevictable 0
hierarchical_memory_limit 1610612736
hierarchical_memsw_limit 5368709120
total_cache 1518084096
total_rss 92520448
total_rss_huge 0
total_mapped_file 3387392
total_writeback 0
total_swap 0
total_pgpgin 4049663
total_pgpgout 3656449
total_pgfault 1254321
total_pgmajfault 227
total_inactive_anon 46370816
total_active_anon 46223360
total_inactive_file 759033856
total_active_file 758976512
total_unevictable 0
--------------------BLKIO-----------------------
11:0 Read 0
11:0 Write 0
11:0 Sync 0
11:0 Async 0
11:0 Total 0
253:0 Read 5709021184
253:0 Write 229376
253:0 Sync 0
253:0 Async 5709250560
253:0 Total 5709250560
Total 5709250560
--------------------CPUAC-----------------------
user 558
system 3400
 
Thu May 18 22:55:44 IST 2017
--------------------MEMCG-----------------------
MEM ONLY  : 1535 MB
MEM+SWAP  : 1535 MB
cache 1518059520
rss 92520448
rss_huge 0
mapped_file 3387392
writeback 0
swap 0
pgpgin 4529535
pgpgout 4136327
pgfault 1380953
pgmajfault 227
inactive_anon 46370816
active_anon 46223360
inactive_file 758435840
active_file 759549952
unevictable 0
hierarchical_memory_limit 1610612736
hierarchical_memsw_limit 5368709120
total_cache 1518059520
total_rss 92520448
total_rss_huge 0
total_mapped_file 3387392
total_writeback 0
total_swap 0
total_pgpgin 4529535
total_pgpgout 4136327
total_pgfault 1380953
total_pgmajfault 227
total_inactive_anon 46370816
total_active_anon 46223360
total_inactive_file 758435840
total_active_file 759549952
total_unevictable 0
--------------------BLKIO-----------------------
11:0 Read 0
11:0 Write 0
11:0 Sync 0
11:0 Async 0
11:0 Total 0
253:0 Read 6227099648
253:0 Write 229376
253:0 Sync 0
253:0 Async 6227329024
253:0 Total 6227329024
Total 6227329024
--------------------CPUAC-----------------------
user 622
system 3789
 
Thu May 18 22:56:14 IST 2017
--------------------MEMCG-----------------------
MEM ONLY  : 1535 MB
MEM+SWAP  : 1536 MB
cache 1518018560
rss 92520448
rss_huge 0
mapped_file 3387392
writeback 0
swap 0
pgpgin 5004187
pgpgout 4610989
pgfault 1507948
pgmajfault 233
inactive_anon 46370816
active_anon 46223360
inactive_file 758939648
active_file 758976512
unevictable 0
hierarchical_memory_limit 1610612736
hierarchical_memsw_limit 5368709120
total_cache 1518018560
total_rss 92520448
total_rss_huge 0
total_mapped_file 3387392
total_writeback 0
total_swap 0
total_pgpgin 5004187
total_pgpgout 4610989
total_pgfault 1507948
total_pgmajfault 233
total_inactive_anon 46370816
total_active_anon 46223360
total_inactive_file 758939648
total_active_file 758976512
total_unevictable 0
--------------------BLKIO-----------------------
11:0 Read 0
11:0 Write 0
11:0 Sync 0
11:0 Async 0
11:0 Total 0
253:0 Read 6739103744
253:0 Write 229376
253:0 Sync 0
253:0 Async 6739333120
253:0 Total 6739333120
Total 6739333120
--------------------CPUAC-----------------------
user 683
system 4185
 
Thu May 18 22:56:44 IST 2017
--------------------MEMCG-----------------------
MEM ONLY  : 1535 MB
MEM+SWAP  : 1535 MB
cache 1518059520
rss 92520448
rss_huge 0
mapped_file 3436544
writeback 0
swap 0
pgpgin 5491655
pgpgout 5098447
pgfault 1638590
pgmajfault 234
inactive_anon 46370816
active_anon 46223360
inactive_file 758403072
active_file 759582720
unevictable 0
hierarchical_memory_limit 1610612736
hierarchical_memsw_limit 5368709120
total_cache 1518059520
total_rss 92520448
total_rss_huge 0
total_mapped_file 3436544
total_writeback 0
total_swap 0
total_pgpgin 5491655
total_pgpgout 5098447
total_pgfault 1638590
total_pgmajfault 234
total_inactive_anon 46370816
total_active_anon 46223360
total_inactive_file 758403072
total_active_file 759582720
total_unevictable 0
--------------------BLKIO-----------------------
11:0 Read 0
11:0 Write 0
11:0 Sync 0
11:0 Async 0
11:0 Total 0
253:0 Read 7258525696
253:0 Write 229376
253:0 Sync 0
253:0 Async 7258755072
253:0 Total 7258755072
Total 7258755072
--------------------CPUAC-----------------------
user 738
system 4599
 
Thu May 18 22:57:14 IST 2017
--------------------MEMCG-----------------------
MEM ONLY  : 1535 MB
MEM+SWAP  : 1535 MB
cache 1518030848
rss 92520448
rss_huge 0
mapped_file 3436544
writeback 0
swap 0
pgpgin 5957449
pgpgout 5564248
pgfault 1761965
pgmajfault 240
inactive_anon 46370816
active_anon 46223360
inactive_file 758652928
active_file 759271424
unevictable 0
hierarchical_memory_limit 1610612736
hierarchical_memsw_limit 5368709120
total_cache 1518030848
total_rss 92520448
total_rss_huge 0
total_mapped_file 3436544
total_writeback 0
total_swap 0
total_pgpgin 5957449
total_pgpgout 5564248
total_pgfault 1761965
total_pgmajfault 240
total_inactive_anon 46370816
total_active_anon 46223360
total_inactive_file 758652928
total_active_file 759271424
total_unevictable 0
--------------------BLKIO-----------------------
11:0 Read 0
11:0 Write 0
11:0 Sync 0
11:0 Async 0
11:0 Total 0
253:0 Read 7773122560
253:0 Write 229376
253:0 Sync 0
253:0 Async 7773351936
253:0 Total 7773351936
Total 7773351936
--------------------CPUAC-----------------------
user 800
system 4988
 
Thu May 18 22:57:44 IST 2017
--------------------MEMCG-----------------------
MEM ONLY  : 1535 MB
MEM+SWAP  : 1535 MB
cache 1517989888
rss 92520448
rss_huge 0
mapped_file 3387392
writeback 761856
swap 0
pgpgin 6419708
pgpgout 6026517
pgfault 1884219
pgmajfault 240
inactive_anon 46370816
active_anon 46223360
inactive_file 758022144
active_file 759894016
unevictable 0
hierarchical_memory_limit 1610612736
hierarchical_memsw_limit 5368709120
total_cache 1517989888
total_rss 92520448
total_rss_huge 0
total_mapped_file 3387392
total_writeback 761856
total_swap 0
total_pgpgin 6419708
total_pgpgout 6026517
total_pgfault 1884219
total_pgmajfault 240
total_inactive_anon 46370816
total_active_anon 46223360
total_inactive_file 758022144
total_active_file 759894016
total_unevictable 0
--------------------BLKIO-----------------------
11:0 Read 0
11:0 Write 0
11:0 Sync 0
11:0 Async 0
11:0 Total 0
253:0 Read 8273530880
253:0 Write 229376
253:0 Sync 0
253:0 Async 8273760256
253:0 Total 8273760256
Total 8273760256
--------------------CPUAC-----------------------
user 852
system 5375
 
Thu May 18 22:58:14 IST 2017
--------------------MEMCG-----------------------
MEM ONLY  : 1535 MB
MEM+SWAP  : 1535 MB
cache 1518018560
rss 92520448
rss_huge 0
mapped_file 3387392
writeback 0
swap 0
pgpgin 6867143
pgpgout 6473945
pgfault 2002606
pgmajfault 246
inactive_anon 46370816
active_anon 46223360
inactive_file 758849536
active_file 759066624
unevictable 0
hierarchical_memory_limit 1610612736
hierarchical_memsw_limit 5368709120
total_cache 1518018560
total_rss 92520448
total_rss_huge 0
total_mapped_file 3387392
total_writeback 0
total_swap 0
total_pgpgin 6867143
total_pgpgout 6473945
total_pgfault 2002606
total_pgmajfault 246
total_inactive_anon 46370816
total_active_anon 46223360
total_inactive_file 758849536
total_active_file 759066624
total_unevictable 0
--------------------BLKIO-----------------------
11:0 Read 0
11:0 Write 0
11:0 Sync 0
11:0 Async 0
11:0 Total 0
253:0 Read 8764207104
253:0 Write 229376
253:0 Sync 0
253:0 Async 8764436480
253:0 Total 8764436480
Total 8764436480
--------------------CPUAC-----------------------
user 908
system 5756
 
Thu May 18 22:58:44 IST 2017
--------------------MEMCG-----------------------
MEM ONLY  : 1535 MB
MEM+SWAP  : 1535 MB
cache 1517985792
rss 92520448
rss_huge 0
mapped_file 3387392
writeback 0
swap 0
pgpgin 7299225
pgpgout 6906035
pgfault 2116533
pgmajfault 246
inactive_anon 46370816
active_anon 46223360
inactive_file 758796288
active_file 759066624
unevictable 0
hierarchical_memory_limit 1610612736
hierarchical_memsw_limit 5368709120
total_cache 1517985792
total_rss 92520448
total_rss_huge 0
total_mapped_file 3387392
total_writeback 0
total_swap 0
total_pgpgin 7299225
total_pgpgout 6906035
total_pgfault 2116533
total_pgmajfault 246
total_inactive_anon 46370816
total_active_anon 46223360
total_inactive_file 758796288
total_active_file 759066624
total_unevictable 0
--------------------BLKIO-----------------------
11:0 Read 0
11:0 Write 0
11:0 Sync 0
11:0 Async 0
11:0 Total 0
253:0 Read 9238073344
253:0 Write 229376
253:0 Sync 0
253:0 Async 9238302720
253:0 Total 9238302720
Total 9238302720
--------------------CPUAC-----------------------
user 959
system 6124
 
Thu May 18 22:59:14 IST 2017
--------------------MEMCG-----------------------
MEM ONLY  : 1535 MB
MEM+SWAP  : 1535 MB
cache 1517981696
rss 92520448
rss_huge 0
mapped_file 3387392
writeback 0
swap 0
pgpgin 7768762
pgpgout 7375573
pgfault 2241976
pgmajfault 252
inactive_anon 46370816
active_anon 46223360
inactive_file 758263808
active_file 759599104
unevictable 0
hierarchical_memory_limit 1610612736
hierarchical_memsw_limit 5368709120
total_cache 1517981696
total_rss 92520448
total_rss_huge 0
total_mapped_file 3387392
total_writeback 0
total_swap 0
total_pgpgin 7768762
total_pgpgout 7375573
total_pgfault 2241976
total_pgmajfault 252
total_inactive_anon 46370816
total_active_anon 46223360
total_inactive_file 758263808
total_active_file 759599104
total_unevictable 0
--------------------BLKIO-----------------------
11:0 Read 0
11:0 Write 0
11:0 Sync 0
11:0 Async 0
11:0 Total 0
253:0 Read 9716219904
253:0 Write 229376
253:0 Sync 0
253:0 Async 9716449280
253:0 Total 9716449280
Total 9716449280
--------------------CPUAC-----------------------
user 1027
system 6510
 
Thu May 18 22:59:45 IST 2017
--------------------MEMCG-----------------------
MEM ONLY  : 1535 MB
MEM+SWAP  : 1535 MB
cache 1518075904
rss 92520448
rss_huge 0
mapped_file 3387392
writeback 0
swap 0
pgpgin 8202064
pgpgout 7808852
pgfault 2358324
pgmajfault 252
inactive_anon 46370816
active_anon 46223360
inactive_file 758693888
active_file 759275520
unevictable 0
hierarchical_memory_limit 1610612736
hierarchical_memsw_limit 5368709120
total_cache 1518075904
total_rss 92520448
total_rss_huge 0
total_mapped_file 3387392
total_writeback 0
total_swap 0
total_pgpgin 8202064
total_pgpgout 7808852
total_pgfault 2358324
total_pgmajfault 252
total_inactive_anon 46370816
total_active_anon 46223360
total_inactive_file 758693888
total_active_file 759275520
total_unevictable 0
--------------------BLKIO-----------------------
11:0 Read 0
11:0 Write 0
11:0 Sync 0
11:0 Async 0
11:0 Total 0
253:0 Read 10180792320
253:0 Write 229376
253:0 Sync 0
253:0 Async 10181021696
253:0 Total 10181021696
Total 10181021696
--------------------CPUAC-----------------------
user 1086
system 6854
 
Thu May 18 23:00:15 IST 2017
--------------------MEMCG-----------------------
MEM ONLY  : 1453 MB
MEM+SWAP  : 1453 MB
cache 1518100480
rss 6516736
rss_huge 0
mapped_file 2088960
writeback 0
swap 0
pgpgin 8274837
pgpgout 7902616
pgfault 2376811
pgmajfault 328
inactive_anon 6529024
active_anon 57344
inactive_file 760598528
active_file 757432320
unevictable 0
hierarchical_memory_limit 1610612736
hierarchical_memsw_limit 5368709120
total_cache 1518100480
total_rss 6516736
total_rss_huge 0
total_mapped_file 2088960
total_writeback 0
total_swap 0
total_pgpgin 8274837
total_pgpgout 7902616
total_pgfault 2376811
total_pgmajfault 328
total_inactive_anon 6529024
total_active_anon 57344
total_inactive_file 760598528
total_active_file 757432320
total_unevictable 0
--------------------BLKIO-----------------------
11:0 Read 0
11:0 Write 0
11:0 Sync 0
11:0 Async 0
11:0 Total 0
253:0 Read 10270466048
253:0 Write 229376
253:0 Sync 0
253:0 Async 10270695424
253:0 Total 10270695424
Total 10270695424
--------------------CPUAC-----------------------
user 1099
system 6916
 
Thu May 18 23:00:45 IST 2017
--------------------MEMCG-----------------------
MEM ONLY  : 1453 MB
MEM+SWAP  : 1453 MB
cache 1518100480
rss 6516736
rss_huge 0
mapped_file 2088960
writeback 0
swap 0
pgpgin 8274837
pgpgout 7902616
pgfault 2376811
pgmajfault 328
inactive_anon 6529024
active_anon 57344
inactive_file 760598528
active_file 757432320
unevictable 0
hierarchical_memory_limit 1610612736
hierarchical_memsw_limit 5368709120
total_cache 1518100480
total_rss 6516736
total_rss_huge 0
total_mapped_file 2088960
total_writeback 0
total_swap 0
total_pgpgin 8274837
total_pgpgout 7902616
total_pgfault 2376811
total_pgmajfault 328
total_inactive_anon 6529024
total_active_anon 57344
total_inactive_file 760598528
total_active_file 757432320
total_unevictable 0
--------------------BLKIO-----------------------
11:0 Read 0
11:0 Write 0
11:0 Sync 0
11:0 Async 0
11:0 Total 0
253:0 Read 10270466048
253:0 Write 229376
253:0 Sync 0
253:0 Async 10270695424
253:0 Total 10270695424
Total 10270695424
--------------------CPUAC-----------------------
user 1099
system 6916
 
Thu May 18 23:01:15 IST 2017
--------------------MEMCG-----------------------
MEM ONLY  : 1453 MB
MEM+SWAP  : 1453 MB
cache 1518100480
rss 6516736
rss_huge 0
mapped_file 2088960
writeback 0
swap 0
pgpgin 8274837
pgpgout 7902616
pgfault 2376811
pgmajfault 328
inactive_anon 6529024
active_anon 57344
inactive_file 760598528
active_file 757432320
unevictable 0
hierarchical_memory_limit 1610612736
hierarchical_memsw_limit 5368709120
total_cache 1518100480
total_rss 6516736
total_rss_huge 0
total_mapped_file 2088960
total_writeback 0
total_swap 0
total_pgpgin 8274837
total_pgpgout 7902616
total_pgfault 2376811
total_pgmajfault 328
total_inactive_anon 6529024
total_active_anon 57344
total_inactive_file 760598528
total_active_file 757432320
total_unevictable 0
--------------------BLKIO-----------------------
11:0 Read 0
11:0 Write 0
11:0 Sync 0
11:0 Async 0
11:0 Total 0
253:0 Read 10270466048
253:0 Write 229376
253:0 Sync 0
253:0 Async 10270695424
253:0 Total 10270695424
Total 10270695424
--------------------CPUAC-----------------------
user 1099
system 6916
 
Thu May 18 23:01:45 IST 2017
--------------------MEMCG-----------------------
MEM ONLY  : 1453 MB
MEM+SWAP  : 1453 MB
cache 1518100480
rss 6516736
rss_huge 0
mapped_file 2088960
writeback 0
swap 0
pgpgin 8274837
pgpgout 7902616
pgfault 2376811
pgmajfault 328
inactive_anon 6529024
active_anon 57344
inactive_file 760598528
active_file 757432320
unevictable 0
hierarchical_memory_limit 1610612736
hierarchical_memsw_limit 5368709120
total_cache 1518100480
total_rss 6516736
total_rss_huge 0
total_mapped_file 2088960
total_writeback 0
total_swap 0
total_pgpgin 8274837
total_pgpgout 7902616
total_pgfault 2376811
total_pgmajfault 328
total_inactive_anon 6529024
total_active_anon 57344
total_inactive_file 760598528
total_active_file 757432320
total_unevictable 0
--------------------BLKIO-----------------------
11:0 Read 0
11:0 Write 0
11:0 Sync 0
11:0 Async 0
11:0 Total 0
253:0 Read 10270466048
253:0 Write 229376
253:0 Sync 0
253:0 Async 10270695424
253:0 Total 10270695424
Total 10270695424
--------------------CPUAC-----------------------
user 1099
system 6916
 
Thu May 18 23:02:15 IST 2017
--------------------MEMCG-----------------------
MEM ONLY  : 1453 MB
MEM+SWAP  : 1453 MB
cache 1518100480
rss 6516736
rss_huge 0
mapped_file 2088960
writeback 0
swap 0
pgpgin 8274837
pgpgout 7902616
pgfault 2376811
pgmajfault 328
inactive_anon 6529024
active_anon 57344
inactive_file 760598528
active_file 757432320
unevictable 0
hierarchical_memory_limit 1610612736
hierarchical_memsw_limit 5368709120
total_cache 1518100480
total_rss 6516736
total_rss_huge 0
total_mapped_file 2088960
total_writeback 0
total_swap 0
total_pgpgin 8274837
total_pgpgout 7902616
total_pgfault 2376811
total_pgmajfault 328
total_inactive_anon 6529024
total_active_anon 57344
total_inactive_file 760598528
total_active_file 757432320
total_unevictable 0
--------------------BLKIO-----------------------
11:0 Read 0
11:0 Write 0
11:0 Sync 0
11:0 Async 0
11:0 Total 0
253:0 Read 10270466048
253:0 Write 229376
253:0 Sync 0
253:0 Async 10270695424
253:0 Total 10270695424
Total 10270695424
--------------------CPUAC-----------------------
user 1099
system 6916
 
Thu May 18 23:02:45 IST 2017
--------------------MEMCG-----------------------
MEM ONLY  : 1453 MB
MEM+SWAP  : 1453 MB
cache 1518100480
rss 6516736
rss_huge 0
mapped_file 2088960
writeback 0
swap 0
pgpgin 8274837
pgpgout 7902616
pgfault 2376811
pgmajfault 328
inactive_anon 6529024
active_anon 57344
inactive_file 760598528
active_file 757432320
unevictable 0
hierarchical_memory_limit 1610612736
hierarchical_memsw_limit 5368709120
total_cache 1518100480
total_rss 6516736
total_rss_huge 0
total_mapped_file 2088960
total_writeback 0
total_swap 0
total_pgpgin 8274837
total_pgpgout 7902616
total_pgfault 2376811
total_pgmajfault 328
total_inactive_anon 6529024
total_active_anon 57344
total_inactive_file 760598528
total_active_file 757432320
total_unevictable 0
--------------------BLKIO-----------------------
11:0 Read 0
11:0 Write 0
11:0 Sync 0
11:0 Async 0
11:0 Total 0
253:0 Read 10270466048
253:0 Write 229376
253:0 Sync 0
253:0 Async 10270695424
253:0 Total 10270695424
Total 10270695424
--------------------CPUAC-----------------------
user 1099
system 6916
 
Thu May 18 23:03:15 IST 2017
--------------------MEMCG-----------------------
MEM ONLY  : 1453 MB
MEM+SWAP  : 1453 MB
cache 1518100480
rss 6516736
rss_huge 0
mapped_file 2088960
writeback 0
swap 0
pgpgin 8274837
pgpgout 7902616
pgfault 2376811
pgmajfault 328
inactive_anon 6529024
active_anon 57344
inactive_file 760598528
active_file 757432320
unevictable 0
hierarchical_memory_limit 1610612736
hierarchical_memsw_limit 5368709120
total_cache 1518100480
total_rss 6516736
total_rss_huge 0
total_mapped_file 2088960
total_writeback 0
total_swap 0
total_pgpgin 8274837
total_pgpgout 7902616
total_pgfault 2376811
total_pgmajfault 328
total_inactive_anon 6529024
total_active_anon 57344
total_inactive_file 760598528
total_active_file 757432320
total_unevictable 0
--------------------BLKIO-----------------------
11:0 Read 0
11:0 Write 0
11:0 Sync 0
11:0 Async 0
11:0 Total 0
253:0 Read 10270466048
253:0 Write 229376
253:0 Sync 0
253:0 Async 10270695424
253:0 Total 10270695424
Total 10270695424
--------------------CPUAC-----------------------
user 1099
system 6916
 
Thu May 18 23:03:45 IST 2017
--------------------MEMCG-----------------------
MEM ONLY  : 1453 MB
MEM+SWAP  : 1453 MB
cache 1518100480
rss 6516736
rss_huge 0
mapped_file 2088960
writeback 0
swap 0
pgpgin 8274837
pgpgout 7902616
pgfault 2376811
pgmajfault 328
inactive_anon 6529024
active_anon 57344
inactive_file 760598528
active_file 757432320
unevictable 0
hierarchical_memory_limit 1610612736
hierarchical_memsw_limit 5368709120
total_cache 1518100480
total_rss 6516736
total_rss_huge 0
total_mapped_file 2088960
total_writeback 0
total_swap 0
total_pgpgin 8274837
total_pgpgout 7902616
total_pgfault 2376811
total_pgmajfault 328
total_inactive_anon 6529024
total_active_anon 57344
total_inactive_file 760598528
total_active_file 757432320
total_unevictable 0
--------------------BLKIO-----------------------
11:0 Read 0
11:0 Write 0
11:0 Sync 0
11:0 Async 0
11:0 Total 0
253:0 Read 10270466048
253:0 Write 229376
253:0 Sync 0
253:0 Async 10270695424
253:0 Total 10270695424
Total 10270695424
--------------------CPUAC-----------------------
user 1099
system 6916
 
Thu May 18 23:04:15 IST 2017
--------------------MEMCG-----------------------
MEM ONLY  : 1453 MB
MEM+SWAP  : 1453 MB
cache 1518100480
rss 6516736
rss_huge 0
mapped_file 2088960
writeback 0
swap 0
pgpgin 8274837
pgpgout 7902616
pgfault 2376811
pgmajfault 328
inactive_anon 6529024
active_anon 57344
inactive_file 760598528
active_file 757432320
unevictable 0
hierarchical_memory_limit 1610612736
hierarchical_memsw_limit 5368709120
total_cache 1518100480
total_rss 6516736
total_rss_huge 0
total_mapped_file 2088960
total_writeback 0
total_swap 0
total_pgpgin 8274837
total_pgpgout 7902616
total_pgfault 2376811
total_pgmajfault 328
total_inactive_anon 6529024
total_active_anon 57344
total_inactive_file 760598528
total_active_file 757432320
total_unevictable 0
--------------------BLKIO-----------------------
11:0 Read 0
11:0 Write 0
11:0 Sync 0
11:0 Async 0
11:0 Total 0
253:0 Read 10270466048
253:0 Write 229376
253:0 Sync 0
253:0 Async 10270695424
253:0 Total 10270695424
Total 10270695424
--------------------CPUAC-----------------------
user 1099
system 6916
 
Thu May 18 23:04:45 IST 2017
--------------------MEMCG-----------------------
MEM ONLY  : 1453 MB
MEM+SWAP  : 1453 MB
cache 1518100480
rss 6516736
rss_huge 0
mapped_file 2088960
writeback 0
swap 0
pgpgin 8274837
pgpgout 7902616
pgfault 2376811
pgmajfault 328
inactive_anon 6529024
active_anon 57344
inactive_file 760598528
active_file 757432320
unevictable 0
hierarchical_memory_limit 1610612736
hierarchical_memsw_limit 5368709120
total_cache 1518100480
total_rss 6516736
total_rss_huge 0
total_mapped_file 2088960
total_writeback 0
total_swap 0
total_pgpgin 8274837
total_pgpgout 7902616
total_pgfault 2376811
total_pgmajfault 328
total_inactive_anon 6529024
total_active_anon 57344
total_inactive_file 760598528
total_active_file 757432320
total_unevictable 0
--------------------BLKIO-----------------------
11:0 Read 0
11:0 Write 0
11:0 Sync 0
11:0 Async 0
11:0 Total 0
253:0 Read 10270466048
253:0 Write 229376
253:0 Sync 0
253:0 Async 10270695424
253:0 Total 10270695424
Total 10270695424
--------------------CPUAC-----------------------
user 1099
system 6916
 
Thu May 18 23:05:15 IST 2017
--------------------MEMCG-----------------------
MEM ONLY  : 1453 MB
MEM+SWAP  : 1453 MB
cache 1518100480
rss 6516736
rss_huge 0
mapped_file 2088960
writeback 0
swap 0
pgpgin 8274837
pgpgout 7902616
pgfault 2376811
pgmajfault 328
inactive_anon 6529024
active_anon 57344
inactive_file 760598528
active_file 757432320
unevictable 0
hierarchical_memory_limit 1610612736
hierarchical_memsw_limit 5368709120
total_cache 1518100480
total_rss 6516736
total_rss_huge 0
total_mapped_file 2088960
total_writeback 0
total_swap 0
total_pgpgin 8274837
total_pgpgout 7902616
total_pgfault 2376811
total_pgmajfault 328
total_inactive_anon 6529024
total_active_anon 57344
total_inactive_file 760598528
total_active_file 757432320
total_unevictable 0
--------------------BLKIO-----------------------
11:0 Read 0
11:0 Write 0
11:0 Sync 0
11:0 Async 0
11:0 Total 0
253:0 Read 10270466048
253:0 Write 229376
253:0 Sync 0
253:0 Async 10270695424
253:0 Total 10270695424
Total 10270695424
--------------------CPUAC-----------------------
user 1099
system 6916
 
Thu May 18 23:05:45 IST 2017
--------------------MEMCG-----------------------
MEM ONLY  : 1453 MB
MEM+SWAP  : 1453 MB
cache 1518100480
rss 6516736
rss_huge 0
mapped_file 2088960
writeback 0
swap 0
pgpgin 8274837
pgpgout 7902616
pgfault 2376811
pgmajfault 328
inactive_anon 6529024
active_anon 57344
inactive_file 760598528
active_file 757432320
unevictable 0
hierarchical_memory_limit 1610612736
hierarchical_memsw_limit 5368709120
total_cache 1518100480
total_rss 6516736
total_rss_huge 0
total_mapped_file 2088960
total_writeback 0
total_swap 0
total_pgpgin 8274837
total_pgpgout 7902616
total_pgfault 2376811
total_pgmajfault 328
total_inactive_anon 6529024
total_active_anon 57344
total_inactive_file 760598528
total_active_file 757432320
total_unevictable 0
--------------------BLKIO-----------------------
11:0 Read 0
11:0 Write 0
11:0 Sync 0
11:0 Async 0
11:0 Total 0
253:0 Read 10270466048
253:0 Write 229376
253:0 Sync 0
253:0 Async 10270695424
253:0 Total 10270695424
Total 10270695424
--------------------CPUAC-----------------------
user 1099
system 6916
 
Thu May 18 23:06:15 IST 2017
--------------------MEMCG-----------------------
MEM ONLY  : 1453 MB
MEM+SWAP  : 1453 MB
cache 1518100480
rss 6516736
rss_huge 0
mapped_file 2088960
writeback 0
swap 0
pgpgin 8274837
pgpgout 7902616
pgfault 2376811
pgmajfault 328
inactive_anon 6529024
active_anon 57344
inactive_file 760598528
active_file 757432320
unevictable 0
hierarchical_memory_limit 1610612736
hierarchical_memsw_limit 5368709120
total_cache 1518100480
total_rss 6516736
total_rss_huge 0
total_mapped_file 2088960
total_writeback 0
total_swap 0
total_pgpgin 8274837
total_pgpgout 7902616
total_pgfault 2376811
total_pgmajfault 328
total_inactive_anon 6529024
total_active_anon 57344
total_inactive_file 760598528
total_active_file 757432320
total_unevictable 0
--------------------BLKIO-----------------------
11:0 Read 0
11:0 Write 0
11:0 Sync 0
11:0 Async 0
11:0 Total 0
253:0 Read 10270466048
253:0 Write 229376
253:0 Sync 0
253:0 Async 10270695424
253:0 Total 10270695424
Total 10270695424
--------------------CPUAC-----------------------
user 1099
system 6916
 
Thu May 18 23:06:45 IST 2017
--------------------MEMCG-----------------------
MEM ONLY  : 1453 MB
MEM+SWAP  : 1453 MB
cache 1518100480
rss 6516736
rss_huge 0
mapped_file 2088960
writeback 0
swap 0
pgpgin 8274837
pgpgout 7902616
pgfault 2376811
pgmajfault 328
inactive_anon 6529024
active_anon 57344
inactive_file 760598528
active_file 757432320
unevictable 0
hierarchical_memory_limit 1610612736
hierarchical_memsw_limit 5368709120
total_cache 1518100480
total_rss 6516736
total_rss_huge 0
total_mapped_file 2088960
total_writeback 0
total_swap 0
total_pgpgin 8274837
total_pgpgout 7902616
total_pgfault 2376811
total_pgmajfault 328
total_inactive_anon 6529024
total_active_anon 57344
total_inactive_file 760598528
total_active_file 757432320
total_unevictable 0
--------------------BLKIO-----------------------
11:0 Read 0
11:0 Write 0
11:0 Sync 0
11:0 Async 0
11:0 Total 0
253:0 Read 10270466048
253:0 Write 229376
253:0 Sync 0
253:0 Async 10270695424
253:0 Total 10270695424
Total 10270695424
--------------------CPUAC-----------------------
user 1099
system 6916
 
Thu May 18 23:07:15 IST 2017
--------------------MEMCG-----------------------
MEM ONLY  : 1453 MB
MEM+SWAP  : 1453 MB
cache 1518100480
rss 6516736
rss_huge 0
mapped_file 2088960
writeback 0
swap 0
pgpgin 8274837
pgpgout 7902616
pgfault 2376811
pgmajfault 328
inactive_anon 6529024
active_anon 57344
inactive_file 760598528
active_file 757432320
unevictable 0
hierarchical_memory_limit 1610612736
hierarchical_memsw_limit 5368709120
total_cache 1518100480
total_rss 6516736
total_rss_huge 0
total_mapped_file 2088960
total_writeback 0
total_swap 0
total_pgpgin 8274837
total_pgpgout 7902616
total_pgfault 2376811
total_pgmajfault 328
total_inactive_anon 6529024
total_active_anon 57344
total_inactive_file 760598528
total_active_file 757432320
total_unevictable 0
--------------------BLKIO-----------------------
11:0 Read 0
11:0 Write 0
11:0 Sync 0
11:0 Async 0
11:0 Total 0
253:0 Read 10270466048
253:0 Write 229376
253:0 Sync 0
253:0 Async 10270695424
253:0 Total 10270695424
Total 10270695424
--------------------CPUAC-----------------------
user 1099
system 6916
 
Thu May 18 23:07:45 IST 2017
--------------------MEMCG-----------------------
MEM ONLY  : 1456 MB
MEM+SWAP  : 1456 MB
cache 1521078272
rss 6516736
rss_huge 0
mapped_file 3088384
writeback 0
swap 0
pgpgin 8276178
pgpgout 7903230
pgfault 2378434
pgmajfault 357
inactive_anon 6508544
active_anon 77824
inactive_file 761524224
active_file 759484416
unevictable 0
hierarchical_memory_limit 1610612736
hierarchical_memsw_limit 5368709120
total_cache 1521078272
total_rss 6516736
total_rss_huge 0
total_mapped_file 3088384
total_writeback 0
total_swap 0
total_pgpgin 8276178
total_pgpgout 7903230
total_pgfault 2378434
total_pgmajfault 357
total_inactive_anon 6508544
total_active_anon 77824
total_inactive_file 761524224
total_active_file 759484416
total_unevictable 0
--------------------BLKIO-----------------------
11:0 Read 0
11:0 Write 0
11:0 Sync 0
11:0 Async 0
11:0 Total 0
253:0 Read 10273361920
253:0 Write 229376
253:0 Sync 0
253:0 Async 10273591296
253:0 Total 10273591296
Total 10273591296
--------------------CPUAC-----------------------
user 1100
system 6916
 
Thu May 18 23:08:15 IST 2017
--------------------MEMCG-----------------------
MEM ONLY  : 1456 MB
MEM+SWAP  : 1456 MB
cache 1521078272
rss 6516736
rss_huge 0
mapped_file 3088384
writeback 0
swap 0
pgpgin 8276178
pgpgout 7903230
pgfault 2378434
pgmajfault 357
inactive_anon 6508544
active_anon 77824
inactive_file 761524224
active_file 759484416
unevictable 0
hierarchical_memory_limit 1610612736
hierarchical_memsw_limit 5368709120
total_cache 1521078272
total_rss 6516736
total_rss_huge 0
total_mapped_file 3088384
total_writeback 0
total_swap 0
total_pgpgin 8276178
total_pgpgout 7903230
total_pgfault 2378434
total_pgmajfault 357
total_inactive_anon 6508544
total_active_anon 77824
total_inactive_file 761524224
total_active_file 759484416
total_unevictable 0
--------------------BLKIO-----------------------
11:0 Read 0
11:0 Write 0
11:0 Sync 0
11:0 Async 0
11:0 Total 0
253:0 Read 10273361920
253:0 Write 229376
253:0 Sync 0
253:0 Async 10273591296
253:0 Total 10273591296
Total 10273591296
--------------------CPUAC-----------------------
user 1100
system 6916
 
Thu May 18 23:08:45 IST 2017
--------------------MEMCG-----------------------
MEM ONLY  : 1456 MB
MEM+SWAP  : 1456 MB
cache 1521078272
rss 6516736
rss_huge 0
mapped_file 3088384
writeback 0
swap 0
pgpgin 8276178
pgpgout 7903230
pgfault 2378434
pgmajfault 357
inactive_anon 6508544
active_anon 77824
inactive_file 761524224
active_file 759484416
unevictable 0
hierarchical_memory_limit 1610612736
hierarchical_memsw_limit 5368709120
total_cache 1521078272
total_rss 6516736
total_rss_huge 0
total_mapped_file 3088384
total_writeback 0
total_swap 0
total_pgpgin 8276178
total_pgpgout 7903230
total_pgfault 2378434
total_pgmajfault 357
total_inactive_anon 6508544
total_active_anon 77824
total_inactive_file 761524224
total_active_file 759484416
total_unevictable 0
--------------------BLKIO-----------------------
11:0 Read 0
11:0 Write 0
11:0 Sync 0
11:0 Async 0
11:0 Total 0
253:0 Read 10273361920
253:0 Write 229376
253:0 Sync 0
253:0 Async 10273591296
253:0 Total 10273591296
Total 10273591296
--------------------CPUAC-----------------------
user 1100
system 6916
 
Thu May 18 23:09:15 IST 2017
--------------------MEMCG-----------------------
MEM ONLY  : 1456 MB
MEM+SWAP  : 1456 MB
cache 1521078272
rss 6516736
rss_huge 0
mapped_file 3088384
writeback 0
swap 0
pgpgin 8276178
pgpgout 7903230
pgfault 2378434
pgmajfault 357
inactive_anon 6508544
active_anon 77824
inactive_file 761524224
active_file 759484416
unevictable 0
hierarchical_memory_limit 1610612736
hierarchical_memsw_limit 5368709120
total_cache 1521078272
total_rss 6516736
total_rss_huge 0
total_mapped_file 3088384
total_writeback 0
total_swap 0
total_pgpgin 8276178
total_pgpgout 7903230
total_pgfault 2378434
total_pgmajfault 357
total_inactive_anon 6508544
total_active_anon 77824
total_inactive_file 761524224
total_active_file 759484416
total_unevictable 0
--------------------BLKIO-----------------------
11:0 Read 0
11:0 Write 0
11:0 Sync 0
11:0 Async 0
11:0 Total 0
253:0 Read 10273361920
253:0 Write 229376
253:0 Sync 0
253:0 Async 10273591296
253:0 Total 10273591296
Total 10273591296
--------------------CPUAC-----------------------
user 1100
system 6916
 
Thu May 18 23:09:45 IST 2017
--------------------MEMCG-----------------------
MEM ONLY  : 1456 MB
MEM+SWAP  : 1456 MB
cache 1521078272
rss 6516736
rss_huge 0
mapped_file 3088384
writeback 0
swap 0
pgpgin 8276178
pgpgout 7903230
pgfault 2378434
pgmajfault 357
inactive_anon 6508544
active_anon 77824
inactive_file 761524224
active_file 759484416
unevictable 0
hierarchical_memory_limit 1610612736
hierarchical_memsw_limit 5368709120
total_cache 1521078272
total_rss 6516736
total_rss_huge 0
total_mapped_file 3088384
total_writeback 0
total_swap 0
total_pgpgin 8276178
total_pgpgout 7903230
total_pgfault 2378434
total_pgmajfault 357
total_inactive_anon 6508544
total_active_anon 77824
total_inactive_file 761524224
total_active_file 759484416
total_unevictable 0
--------------------BLKIO-----------------------
11:0 Read 0
11:0 Write 0
11:0 Sync 0
11:0 Async 0
11:0 Total 0
253:0 Read 10273361920
253:0 Write 229376
253:0 Sync 0
253:0 Async 10273591296
253:0 Total 10273591296
Total 10273591296
--------------------CPUAC-----------------------
user 1100
system 6916
 
