Sun Jun 25 01:22:43 IST 2017
GET 	Requests:16845 				
MEM 	Used:0 	Limit:131072 	Gets:0 	Puts:0 	Flushes:0 	Evicts:0 	Demoted :0 	Calc-used:0 			   	
SSD 	Used:0 	Limit:0 	Gets:0 	Puts:0 	Flushes:0 	Evicts:0 	Promoted:0 	Calc-used:0 
---------------------------------------------
Sun Jun 25 01:23:13 IST 2017
GET 	Requests:31965 				
MEM 	Used:0 	Limit:131072 	Gets:0 	Puts:0 	Flushes:0 	Evicts:0 	Demoted :0 	Calc-used:0 			   	
SSD 	Used:0 	Limit:0 	Gets:0 	Puts:0 	Flushes:0 	Evicts:0 	Promoted:0 	Calc-used:0 
---------------------------------------------
Sun Jun 25 01:23:43 IST 2017
GET 	Requests:50368 				
MEM 	Used:0 	Limit:131072 	Gets:0 	Puts:0 	Flushes:0 	Evicts:0 	Demoted :0 	Calc-used:0 			   	
SSD 	Used:0 	Limit:0 	Gets:0 	Puts:0 	Flushes:0 	Evicts:0 	Promoted:0 	Calc-used:0 
---------------------------------------------
Sun Jun 25 01:24:13 IST 2017
GET 	Requests:69428 				
MEM 	Used:0 	Limit:131072 	Gets:0 	Puts:0 	Flushes:0 	Evicts:0 	Demoted :0 	Calc-used:0 			   	
SSD 	Used:0 	Limit:0 	Gets:0 	Puts:0 	Flushes:0 	Evicts:0 	Promoted:0 	Calc-used:0 
---------------------------------------------
Sun Jun 25 01:24:43 IST 2017
GET 	Requests:88424 				
MEM 	Used:0 	Limit:131072 	Gets:0 	Puts:0 	Flushes:0 	Evicts:0 	Demoted :0 	Calc-used:0 			   	
SSD 	Used:0 	Limit:0 	Gets:0 	Puts:0 	Flushes:0 	Evicts:0 	Promoted:0 	Calc-used:0 
---------------------------------------------
Sun Jun 25 01:25:13 IST 2017
GET 	Requests:107853 				
MEM 	Used:0 	Limit:131072 	Gets:0 	Puts:0 	Flushes:0 	Evicts:0 	Demoted :0 	Calc-used:0 			   	
SSD 	Used:0 	Limit:0 	Gets:0 	Puts:0 	Flushes:0 	Evicts:0 	Promoted:0 	Calc-used:0 
---------------------------------------------
Sun Jun 25 01:25:43 IST 2017
GET 	Requests:127357 				
MEM 	Used:0 	Limit:131072 	Gets:0 	Puts:0 	Flushes:0 	Evicts:0 	Demoted :0 	Calc-used:0 			   	
SSD 	Used:0 	Limit:0 	Gets:0 	Puts:0 	Flushes:0 	Evicts:0 	Promoted:0 	Calc-used:0 
---------------------------------------------
Sun Jun 25 01:26:13 IST 2017
GET 	Requests:146959 				
MEM 	Used:0 	Limit:131072 	Gets:0 	Puts:0 	Flushes:0 	Evicts:0 	Demoted :0 	Calc-used:0 			   	
SSD 	Used:0 	Limit:0 	Gets:0 	Puts:0 	Flushes:0 	Evicts:0 	Promoted:0 	Calc-used:0 
---------------------------------------------
Sun Jun 25 01:26:43 IST 2017
GET 	Requests:166965 				
MEM 	Used:0 	Limit:131072 	Gets:0 	Puts:0 	Flushes:0 	Evicts:0 	Demoted :0 	Calc-used:0 			   	
SSD 	Used:0 	Limit:0 	Gets:0 	Puts:0 	Flushes:0 	Evicts:0 	Promoted:0 	Calc-used:0 
---------------------------------------------
Sun Jun 25 01:27:13 IST 2017
GET 	Requests:187255 				
MEM 	Used:0 	Limit:131072 	Gets:0 	Puts:0 	Flushes:0 	Evicts:0 	Demoted :0 	Calc-used:0 			   	
SSD 	Used:0 	Limit:0 	Gets:0 	Puts:0 	Flushes:0 	Evicts:0 	Promoted:0 	Calc-used:0 
---------------------------------------------
Sun Jun 25 01:27:43 IST 2017
GET 	Requests:208455 				
MEM 	Used:7575 	Limit:131072 	Gets:21 	Puts:7596 	Flushes:0 	Evicts:0 	Demoted :0 	Calc-used:7575 			   	
SSD 	Used:0 	Limit:0 	Gets:0 	Puts:0 	Flushes:0 	Evicts:0 	Promoted:0 	Calc-used:0 
---------------------------------------------
Sun Jun 25 01:28:13 IST 2017
GET 	Requests:230239 				
MEM 	Used:28736 	Limit:131072 	Gets:618 	Puts:29354 	Flushes:0 	Evicts:0 	Demoted :0 	Calc-used:28736 			   	
SSD 	Used:0 	Limit:0 	Gets:0 	Puts:0 	Flushes:0 	Evicts:0 	Promoted:0 	Calc-used:0 
---------------------------------------------
Sun Jun 25 01:28:43 IST 2017
GET 	Requests:253020 				
MEM 	Used:49913 	Limit:131072 	Gets:2236 	Puts:52149 	Flushes:0 	Evicts:0 	Demoted :0 	Calc-used:49913 			   	
SSD 	Used:0 	Limit:0 	Gets:0 	Puts:0 	Flushes:0 	Evicts:0 	Promoted:0 	Calc-used:0 
---------------------------------------------
Sun Jun 25 01:29:13 IST 2017
GET 	Requests:277377 				
MEM 	Used:70961 	Limit:131072 	Gets:5513 	Puts:76474 	Flushes:0 	Evicts:0 	Demoted :0 	Calc-used:70961 			   	
SSD 	Used:0 	Limit:0 	Gets:0 	Puts:0 	Flushes:0 	Evicts:0 	Promoted:0 	Calc-used:0 
---------------------------------------------
Sun Jun 25 01:29:43 IST 2017
GET 	Requests:303499 				
MEM 	Used:92209 	Limit:131072 	Gets:10427 	Puts:102636 	Flushes:0 	Evicts:0 	Demoted :0 	Calc-used:92209 			   	
SSD 	Used:0 	Limit:0 	Gets:0 	Puts:0 	Flushes:0 	Evicts:0 	Promoted:0 	Calc-used:0 
---------------------------------------------
Sun Jun 25 01:30:13 IST 2017
GET 	Requests:330685 				
MEM 	Used:112698 	Limit:131072 	Gets:17098 	Puts:129796 	Flushes:0 	Evicts:0 	Demoted :0 	Calc-used:112698 			   	
SSD 	Used:0 	Limit:0 	Gets:0 	Puts:0 	Flushes:0 	Evicts:0 	Promoted:0 	Calc-used:0 
---------------------------------------------
Sun Jun 25 01:30:43 IST 2017
GET 	Requests:359822 				
MEM 	Used:127071 	Limit:131072 	Gets:25652 	Puts:158867 	Flushes:6144 	Evicts:6144 	Demoted :0 	Calc-used:127071 			   	
SSD 	Used:0 	Limit:0 	Gets:0 	Puts:0 	Flushes:0 	Evicts:0 	Promoted:0 	Calc-used:0 
---------------------------------------------
Sun Jun 25 01:31:13 IST 2017
GET 	Requests:391341 				
MEM 	Used:127947 	Limit:131072 	Gets:35767 	Puts:190338 	Flushes:26624 	Evicts:26624 	Demoted :0 	Calc-used:127947 			   	
SSD 	Used:0 	Limit:0 	Gets:0 	Puts:0 	Flushes:0 	Evicts:0 	Promoted:0 	Calc-used:0 
---------------------------------------------
Sun Jun 25 01:31:43 IST 2017
GET 	Requests:422298 				
MEM 	Used:128141 	Limit:131072 	Gets:45850 	Puts:221095 	Flushes:47104 	Evicts:47104 	Demoted :0 	Calc-used:128141 			   	
SSD 	Used:0 	Limit:0 	Gets:0 	Puts:0 	Flushes:0 	Evicts:0 	Promoted:0 	Calc-used:0 
---------------------------------------------
Sun Jun 25 01:32:13 IST 2017
GET 	Requests:452707 				
MEM 	Used:128692 	Limit:131072 	Gets:55209 	Puts:251485 	Flushes:67584 	Evicts:67584 	Demoted :0 	Calc-used:128692 			   	
SSD 	Used:0 	Limit:0 	Gets:0 	Puts:0 	Flushes:0 	Evicts:0 	Promoted:0 	Calc-used:0 
---------------------------------------------
Sun Jun 25 01:32:43 IST 2017
GET 	Requests:483277 				
MEM 	Used:127248 	Limit:131072 	Gets:64691 	Puts:282051 	Flushes:90112 	Evicts:90112 	Demoted :0 	Calc-used:127248 			   	
SSD 	Used:0 	Limit:0 	Gets:0 	Puts:0 	Flushes:0 	Evicts:0 	Promoted:0 	Calc-used:0 
---------------------------------------------
Sun Jun 25 01:33:13 IST 2017
GET 	Requests:513825 				
MEM 	Used:127767 	Limit:131072 	Gets:74287 	Puts:312646 	Flushes:110592 	Evicts:110592 	Demoted :0 	Calc-used:127767 			   	
SSD 	Used:0 	Limit:0 	Gets:0 	Puts:0 	Flushes:0 	Evicts:0 	Promoted:0 	Calc-used:0 
---------------------------------------------
Sun Jun 25 01:33:43 IST 2017
GET 	Requests:544743 				
MEM 	Used:127021 	Limit:131072 	Gets:84392 	Puts:342485 	Flushes:131072 	Evicts:131072 	Demoted :0 	Calc-used:127021 			   	
SSD 	Used:0 	Limit:0 	Gets:0 	Puts:0 	Flushes:0 	Evicts:0 	Promoted:0 	Calc-used:0 
---------------------------------------------
Sun Jun 25 01:34:13 IST 2017
GET 	Requests:574377 				
MEM 	Used:127458 	Limit:131072 	Gets:93252 	Puts:372262 	Flushes:151552 	Evicts:151552 	Demoted :0 	Calc-used:127458 			   	
SSD 	Used:0 	Limit:0 	Gets:0 	Puts:0 	Flushes:0 	Evicts:0 	Promoted:0 	Calc-used:0 
---------------------------------------------
Sun Jun 25 01:34:43 IST 2017
GET 	Requests:605054 				
MEM 	Used:127838 	Limit:131072 	Gets:103000 	Puts:402870 	Flushes:172032 	Evicts:172032 	Demoted :0 	Calc-used:127838 			   	
SSD 	Used:0 	Limit:0 	Gets:0 	Puts:0 	Flushes:0 	Evicts:0 	Promoted:0 	Calc-used:0 
---------------------------------------------
Sun Jun 25 01:35:13 IST 2017
GET 	Requests:636181 				
MEM 	Used:128704 	Limit:131072 	Gets:112773 	Puts:433989 	Flushes:192512 	Evicts:192512 	Demoted :0 	Calc-used:128704 			   	
SSD 	Used:0 	Limit:0 	Gets:0 	Puts:0 	Flushes:0 	Evicts:0 	Promoted:0 	Calc-used:0 
---------------------------------------------
Sun Jun 25 01:35:43 IST 2017
GET 	Requests:666480 				
MEM 	Used:127176 	Limit:131072 	Gets:122150 	Puts:464366 	Flushes:215040 	Evicts:215040 	Demoted :0 	Calc-used:127176 			   	
SSD 	Used:0 	Limit:0 	Gets:0 	Puts:0 	Flushes:0 	Evicts:0 	Promoted:0 	Calc-used:0 
---------------------------------------------
Sun Jun 25 01:36:13 IST 2017
GET 	Requests:696971 				
MEM 	Used:127786 	Limit:131072 	Gets:131435 	Puts:494741 	Flushes:235520 	Evicts:235520 	Demoted :0 	Calc-used:127786 			   	
SSD 	Used:0 	Limit:0 	Gets:0 	Puts:0 	Flushes:0 	Evicts:0 	Promoted:0 	Calc-used:0 
---------------------------------------------
Sun Jun 25 01:36:43 IST 2017
GET 	Requests:727985 				
MEM 	Used:128730 	Limit:131072 	Gets:141111 	Puts:525841 	Flushes:256000 	Evicts:256000 	Demoted :0 	Calc-used:128730 			   	
SSD 	Used:0 	Limit:0 	Gets:0 	Puts:0 	Flushes:0 	Evicts:0 	Promoted:0 	Calc-used:0 
---------------------------------------------
Sun Jun 25 01:37:13 IST 2017
GET 	Requests:758872 				
MEM 	Used:127395 	Limit:131072 	Gets:150940 	Puts:556863 	Flushes:278528 	Evicts:278528 	Demoted :0 	Calc-used:127395 			   	
SSD 	Used:0 	Limit:0 	Gets:0 	Puts:0 	Flushes:0 	Evicts:0 	Promoted:0 	Calc-used:0 
---------------------------------------------
Sun Jun 25 01:37:43 IST 2017
GET 	Requests:789113 				
MEM 	Used:127452 	Limit:131072 	Gets:160446 	Puts:586906 	Flushes:299008 	Evicts:299008 	Demoted :0 	Calc-used:127452 			   	
SSD 	Used:0 	Limit:0 	Gets:0 	Puts:0 	Flushes:0 	Evicts:0 	Promoted:0 	Calc-used:0 
---------------------------------------------
Sun Jun 25 01:38:13 IST 2017
GET 	Requests:819774 				
MEM 	Used:127621 	Limit:131072 	Gets:170495 	Puts:617604 	Flushes:319488 	Evicts:319488 	Demoted :0 	Calc-used:127621 			   	
SSD 	Used:0 	Limit:0 	Gets:0 	Puts:0 	Flushes:0 	Evicts:0 	Promoted:0 	Calc-used:0 
---------------------------------------------
Sun Jun 25 01:38:43 IST 2017
GET 	Requests:851377 				
MEM 	Used:128007 	Limit:131072 	Gets:181027 	Puts:649002 	Flushes:339968 	Evicts:339968 	Demoted :0 	Calc-used:128007 			   	
SSD 	Used:0 	Limit:0 	Gets:0 	Puts:0 	Flushes:0 	Evicts:0 	Promoted:0 	Calc-used:0 
---------------------------------------------
Sun Jun 25 01:39:13 IST 2017
GET 	Requests:883292 				
MEM 	Used:128763 	Limit:131072 	Gets:191761 	Puts:680972 	Flushes:360448 	Evicts:360448 	Demoted :0 	Calc-used:128763 			   	
SSD 	Used:0 	Limit:0 	Gets:0 	Puts:0 	Flushes:0 	Evicts:0 	Promoted:0 	Calc-used:0 
---------------------------------------------
Sun Jun 25 01:39:43 IST 2017
GET 	Requests:914859 				
MEM 	Used:127485 	Limit:131072 	Gets:202021 	Puts:712482 	Flushes:382976 	Evicts:382976 	Demoted :0 	Calc-used:127485 			   	
SSD 	Used:0 	Limit:0 	Gets:0 	Puts:0 	Flushes:0 	Evicts:0 	Promoted:0 	Calc-used:0 
---------------------------------------------
Sun Jun 25 01:40:13 IST 2017
GET 	Requests:946696 				
MEM 	Used:128406 	Limit:131072 	Gets:212481 	Puts:744343 	Flushes:403456 	Evicts:403456 	Demoted :0 	Calc-used:128406 			   	
SSD 	Used:0 	Limit:0 	Gets:0 	Puts:0 	Flushes:0 	Evicts:0 	Promoted:0 	Calc-used:0 
---------------------------------------------
Sun Jun 25 01:40:43 IST 2017
GET 	Requests:978417 				
MEM 	Used:127388 	Limit:131072 	Gets:222670 	Puts:776042 	Flushes:425984 	Evicts:425984 	Demoted :0 	Calc-used:127388 			   	
SSD 	Used:0 	Limit:0 	Gets:0 	Puts:0 	Flushes:0 	Evicts:0 	Promoted:0 	Calc-used:0 
---------------------------------------------
Sun Jun 25 01:41:13 IST 2017
GET 	Requests:1008796 				
MEM 	Used:127534 	Limit:131072 	Gets:232408 	Puts:806406 	Flushes:446464 	Evicts:446464 	Demoted :0 	Calc-used:127534 			   	
SSD 	Used:0 	Limit:0 	Gets:0 	Puts:0 	Flushes:0 	Evicts:0 	Promoted:0 	Calc-used:0 
---------------------------------------------
Sun Jun 25 01:41:43 IST 2017
GET 	Requests:1040805 				
MEM 	Used:128202 	Limit:131072 	Gets:243276 	Puts:838422 	Flushes:466944 	Evicts:466944 	Demoted :0 	Calc-used:128202 			   	
SSD 	Used:0 	Limit:0 	Gets:0 	Puts:0 	Flushes:0 	Evicts:0 	Promoted:0 	Calc-used:0 
---------------------------------------------
Sun Jun 25 01:42:13 IST 2017
GET 	Requests:1071418 				
MEM 	Used:128900 	Limit:131072 	Gets:253331 	Puts:869655 	Flushes:487424 	Evicts:487424 	Demoted :0 	Calc-used:128900 			   	
SSD 	Used:0 	Limit:0 	Gets:0 	Puts:0 	Flushes:0 	Evicts:0 	Promoted:0 	Calc-used:0 
---------------------------------------------
Sun Jun 25 01:42:43 IST 2017
GET 	Requests:1102295 				
MEM 	Used:127411 	Limit:131072 	Gets:263153 	Puts:900516 	Flushes:509952 	Evicts:509952 	Demoted :0 	Calc-used:127411 			   	
SSD 	Used:0 	Limit:0 	Gets:0 	Puts:0 	Flushes:0 	Evicts:0 	Promoted:0 	Calc-used:0 
---------------------------------------------
Sun Jun 25 01:43:13 IST 2017
GET 	Requests:1105692 				
MEM 	Used:128080 	Limit:131072 	Gets:263842 	Puts:903922 	Flushes:512000 	Evicts:512000 	Demoted :0 	Calc-used:128080 			   	
SSD 	Used:0 	Limit:0 	Gets:0 	Puts:0 	Flushes:0 	Evicts:0 	Promoted:0 	Calc-used:0 
---------------------------------------------
Sun Jun 25 01:43:43 IST 2017
GET 	Requests:1105692 				
MEM 	Used:128152 	Limit:131072 	Gets:263842 	Puts:903994 	Flushes:512000 	Evicts:512000 	Demoted :0 	Calc-used:128152 			   	
SSD 	Used:0 	Limit:0 	Gets:0 	Puts:0 	Flushes:0 	Evicts:0 	Promoted:0 	Calc-used:0 
---------------------------------------------
Sun Jun 25 01:44:13 IST 2017
GET 	Requests:1105692 				
MEM 	Used:128152 	Limit:131072 	Gets:263842 	Puts:903994 	Flushes:512000 	Evicts:512000 	Demoted :0 	Calc-used:128152 			   	
SSD 	Used:0 	Limit:0 	Gets:0 	Puts:0 	Flushes:0 	Evicts:0 	Promoted:0 	Calc-used:0 
---------------------------------------------
Sun Jun 25 01:44:43 IST 2017
GET 	Requests:1105692 				
MEM 	Used:128152 	Limit:131072 	Gets:263842 	Puts:903994 	Flushes:512000 	Evicts:512000 	Demoted :0 	Calc-used:128152 			   	
SSD 	Used:0 	Limit:0 	Gets:0 	Puts:0 	Flushes:0 	Evicts:0 	Promoted:0 	Calc-used:0 
---------------------------------------------
Sun Jun 25 01:45:13 IST 2017
GET 	Requests:1113229 				
MEM 	Used:128968 	Limit:131072 	Gets:266458 	Puts:911522 	Flushes:516096 	Evicts:516096 	Demoted :0 	Calc-used:128968 			   	
SSD 	Used:0 	Limit:0 	Gets:0 	Puts:0 	Flushes:0 	Evicts:0 	Promoted:0 	Calc-used:0 
---------------------------------------------
Sun Jun 25 01:45:43 IST 2017
GET 	Requests:1142896 				
MEM 	Used:128684 	Limit:131072 	Gets:275955 	Puts:941215 	Flushes:536576 	Evicts:536576 	Demoted :0 	Calc-used:128684 			   	
SSD 	Used:0 	Limit:0 	Gets:0 	Puts:0 	Flushes:0 	Evicts:0 	Promoted:0 	Calc-used:0 
---------------------------------------------
Sun Jun 25 01:46:13 IST 2017
GET 	Requests:1173817 				
MEM 	Used:128897 	Limit:131072 	Gets:286127 	Puts:972080 	Flushes:557056 	Evicts:557056 	Demoted :0 	Calc-used:128897 			   	
SSD 	Used:0 	Limit:0 	Gets:0 	Puts:0 	Flushes:0 	Evicts:0 	Promoted:0 	Calc-used:0 
---------------------------------------------
Sun Jun 25 01:46:43 IST 2017
GET 	Requests:1205880 				
MEM 	Used:127471 	Limit:131072 	Gets:296960 	Puts:1004015 	Flushes:579584 	Evicts:579584 	Demoted :0 	Calc-used:127471 			   	
SSD 	Used:0 	Limit:0 	Gets:0 	Puts:0 	Flushes:0 	Evicts:0 	Promoted:0 	Calc-used:0 
---------------------------------------------
Sun Jun 25 01:47:13 IST 2017
GET 	Requests:1229032 				
MEM 	Used:128825 	Limit:131072 	Gets:304305 	Puts:1027050 	Flushes:593920 	Evicts:593920 	Demoted :0 	Calc-used:128825 			   	
SSD 	Used:0 	Limit:0 	Gets:0 	Puts:0 	Flushes:0 	Evicts:0 	Promoted:0 	Calc-used:0 
---------------------------------------------
