Mon May 15 13:12:23 IST 2017
--------------------MEMCG-----------------------
MEM ONLY  : 1535 MB
MEM+SWAP  : 1535 MB
cache 1324326912
rss 286134272
rss_huge 0
mapped_file 9076736
writeback 0
swap 4096
pgpgin 3663494
pgpgout 3270315
pgfault 271228
pgmajfault 655
inactive_anon 143634432
active_anon 142565376
inactive_file 662249472
active_file 662007808
unevictable 4096
hierarchical_memory_limit 1610612736
hierarchical_memsw_limit 5368709120
total_cache 1324326912
total_rss 286134272
total_rss_huge 0
total_mapped_file 9076736
total_writeback 0
total_swap 4096
total_pgpgin 3663494
total_pgpgout 3270315
total_pgfault 271228
total_pgmajfault 655
total_inactive_anon 143634432
total_active_anon 142565376
total_inactive_file 662249472
total_active_file 662007808
total_unevictable 4096
--------------------BLKIO-----------------------
11:0 Read 0
11:0 Write 0
11:0 Sync 0
11:0 Async 0
11:0 Total 0
253:0 Read 2695340032
253:0 Write 4939776
253:0 Sync 196608
253:0 Async 2700083200
253:0 Total 2700279808
Total 2700279808
--------------------CPUAC-----------------------
user 9133
system 7506
 
Mon May 15 13:12:53 IST 2017
--------------------MEMCG-----------------------
MEM ONLY  : 1535 MB
MEM+SWAP  : 1535 MB
cache 1324433408
rss 286146560
rss_huge 0
mapped_file 9076736
writeback 0
swap 4096
pgpgin 3667697
pgpgout 3274489
pgfault 271325
pgmajfault 655
inactive_anon 143634432
active_anon 142577664
inactive_file 662306816
active_file 662044672
unevictable 4096
hierarchical_memory_limit 1610612736
hierarchical_memsw_limit 5368709120
total_cache 1324433408
total_rss 286146560
total_rss_huge 0
total_mapped_file 9076736
total_writeback 0
total_swap 4096
total_pgpgin 3667697
total_pgpgout 3274489
total_pgfault 271325
total_pgmajfault 655
total_inactive_anon 143634432
total_active_anon 142577664
total_inactive_file 662306816
total_active_file 662044672
total_unevictable 4096
--------------------BLKIO-----------------------
11:0 Read 0
11:0 Write 0
11:0 Sync 0
11:0 Async 0
11:0 Total 0
253:0 Read 2704306176
253:0 Write 4976640
253:0 Sync 196608
253:0 Async 2709086208
253:0 Total 2709282816
Total 2709282816
--------------------CPUAC-----------------------
user 9148
system 7517
 
Mon May 15 13:13:23 IST 2017
--------------------MEMCG-----------------------
MEM ONLY  : 1535 MB
MEM+SWAP  : 1535 MB
cache 1324244992
rss 286146560
rss_huge 0
mapped_file 9076736
writeback 8192
swap 4096
pgpgin 3671672
pgpgout 3278510
pgfault 271415
pgmajfault 655
inactive_anon 143634432
active_anon 142577664
inactive_file 662245376
active_file 661929984
unevictable 4096
hierarchical_memory_limit 1610612736
hierarchical_memsw_limit 5368709120
total_cache 1324244992
total_rss 286146560
total_rss_huge 0
total_mapped_file 9076736
total_writeback 8192
total_swap 4096
total_pgpgin 3671672
total_pgpgout 3278510
total_pgfault 271415
total_pgmajfault 655
total_inactive_anon 143634432
total_active_anon 142577664
total_inactive_file 662245376
total_active_file 661929984
total_unevictable 4096
--------------------BLKIO-----------------------
11:0 Read 0
11:0 Write 0
11:0 Sync 0
11:0 Async 0
11:0 Total 0
253:0 Read 2712698880
253:0 Write 5009408
253:0 Sync 196608
253:0 Async 2717511680
253:0 Total 2717708288
Total 2717708288
--------------------CPUAC-----------------------
user 9166
system 7532
 
Mon May 15 13:13:53 IST 2017
--------------------MEMCG-----------------------
MEM ONLY  : 1535 MB
MEM+SWAP  : 1535 MB
cache 1324363776
rss 286146560
rss_huge 0
mapped_file 9076736
writeback 0
swap 4096
pgpgin 3676256
pgpgout 3283065
pgfault 271505
pgmajfault 655
inactive_anon 143634432
active_anon 142577664
inactive_file 662196224
active_file 662097920
unevictable 4096
hierarchical_memory_limit 1610612736
hierarchical_memsw_limit 5368709120
total_cache 1324363776
total_rss 286146560
total_rss_huge 0
total_mapped_file 9076736
total_writeback 0
total_swap 4096
total_pgpgin 3676256
total_pgpgout 3283065
total_pgfault 271505
total_pgmajfault 655
total_inactive_anon 143634432
total_active_anon 142577664
total_inactive_file 662196224
total_active_file 662097920
total_unevictable 4096
--------------------BLKIO-----------------------
11:0 Read 0
11:0 Write 0
11:0 Sync 0
11:0 Async 0
11:0 Total 0
253:0 Read 2723188736
253:0 Write 5033984
253:0 Sync 196608
253:0 Async 2728026112
253:0 Total 2728222720
Total 2728222720
--------------------CPUAC-----------------------
user 9188
system 7550
 
Mon May 15 13:14:23 IST 2017
--------------------MEMCG-----------------------
MEM ONLY  : 1535 MB
MEM+SWAP  : 1536 MB
cache 1324736512
rss 285872128
rss_huge 0
mapped_file 9076736
writeback 0
swap 4096
pgpgin 3680569
pgpgout 3287354
pgfault 271598
pgmajfault 655
inactive_anon 143634432
active_anon 142303232
inactive_file 662478848
active_file 662188032
unevictable 4096
hierarchical_memory_limit 1610612736
hierarchical_memsw_limit 5368709120
total_cache 1324736512
total_rss 285872128
total_rss_huge 0
total_mapped_file 9076736
total_writeback 0
total_swap 4096
total_pgpgin 3680569
total_pgpgout 3287354
total_pgfault 271598
total_pgmajfault 655
total_inactive_anon 143634432
total_active_anon 142303232
total_inactive_file 662478848
total_active_file 662188032
total_unevictable 4096
--------------------BLKIO-----------------------
11:0 Read 0
11:0 Write 0
11:0 Sync 0
11:0 Async 0
11:0 Total 0
253:0 Read 2732376064
253:0 Write 5074944
253:0 Sync 196608
253:0 Async 2737254400
253:0 Total 2737451008
Total 2737451008
--------------------CPUAC-----------------------
user 9202
system 7565
 
Mon May 15 13:14:53 IST 2017
--------------------MEMCG-----------------------
MEM ONLY  : 1535 MB
MEM+SWAP  : 1535 MB
cache 1324695552
rss 285888512
rss_huge 0
mapped_file 9076736
writeback 0
swap 4096
pgpgin 3685315
pgpgout 3292106
pgfault 271692
pgmajfault 655
inactive_anon 143634432
active_anon 142319616
inactive_file 662466560
active_file 662159360
unevictable 4096
hierarchical_memory_limit 1610612736
hierarchical_memsw_limit 5368709120
total_cache 1324695552
total_rss 285888512
total_rss_huge 0
total_mapped_file 9076736
total_writeback 0
total_swap 4096
total_pgpgin 3685315
total_pgpgout 3292106
total_pgfault 271692
total_pgmajfault 655
total_inactive_anon 143634432
total_active_anon 142319616
total_inactive_file 662466560
total_active_file 662159360
total_unevictable 4096
--------------------BLKIO-----------------------
11:0 Read 0
11:0 Write 0
11:0 Sync 0
11:0 Async 0
11:0 Total 0
253:0 Read 2742538240
253:0 Write 5124096
253:0 Sync 196608
253:0 Async 2747465728
253:0 Total 2747662336
Total 2747662336
--------------------CPUAC-----------------------
user 9220
system 7580
 
Mon May 15 13:15:23 IST 2017
--------------------MEMCG-----------------------
MEM ONLY  : 1536 MB
MEM+SWAP  : 1536 MB
cache 1324642304
rss 285888512
rss_huge 0
mapped_file 9076736
writeback 0
swap 4096
pgpgin 3690244
pgpgout 3297048
pgfault 271782
pgmajfault 655
inactive_anon 143634432
active_anon 142319616
inactive_file 662470656
active_file 662102016
unevictable 4096
hierarchical_memory_limit 1610612736
hierarchical_memsw_limit 5368709120
total_cache 1324642304
total_rss 285888512
total_rss_huge 0
total_mapped_file 9076736
total_writeback 0
total_swap 4096
total_pgpgin 3690244
total_pgpgout 3297048
total_pgfault 271782
total_pgmajfault 655
total_inactive_anon 143634432
total_active_anon 142319616
total_inactive_file 662470656
total_active_file 662102016
total_unevictable 4096
--------------------BLKIO-----------------------
11:0 Read 0
11:0 Write 0
11:0 Sync 0
11:0 Async 0
11:0 Total 0
253:0 Read 2752081920
253:0 Write 5181440
253:0 Sync 196608
253:0 Async 2757066752
253:0 Total 2757263360
Total 2757263360
--------------------CPUAC-----------------------
user 9240
system 7597
 
Mon May 15 13:15:53 IST 2017
--------------------MEMCG-----------------------
MEM ONLY  : 1535 MB
MEM+SWAP  : 1535 MB
cache 1324625920
rss 285888512
rss_huge 0
mapped_file 9076736
writeback 0
swap 4096
pgpgin 3694570
pgpgout 3301378
pgfault 271872
pgmajfault 655
inactive_anon 143634432
active_anon 142319616
inactive_file 662413312
active_file 662142976
unevictable 4096
hierarchical_memory_limit 1610612736
hierarchical_memsw_limit 5368709120
total_cache 1324625920
total_rss 285888512
total_rss_huge 0
total_mapped_file 9076736
total_writeback 0
total_swap 4096
total_pgpgin 3694570
total_pgpgout 3301378
total_pgfault 271872
total_pgmajfault 655
total_inactive_anon 143634432
total_active_anon 142319616
total_inactive_file 662413312
total_active_file 662142976
total_unevictable 4096
--------------------BLKIO-----------------------
11:0 Read 0
11:0 Write 0
11:0 Sync 0
11:0 Async 0
11:0 Total 0
253:0 Read 2761502720
253:0 Write 5242880
253:0 Sync 196608
253:0 Async 2766548992
253:0 Total 2766745600
Total 2766745600
--------------------CPUAC-----------------------
user 9257
system 7608
 
Mon May 15 13:16:23 IST 2017
--------------------MEMCG-----------------------
MEM ONLY  : 1535 MB
MEM+SWAP  : 1535 MB
cache 1324888064
rss 285573120
rss_huge 0
mapped_file 9076736
writeback 0
swap 4096
pgpgin 3698751
pgpgout 3305572
pgfault 271962
pgmajfault 655
inactive_anon 143634432
active_anon 142004224
inactive_file 662740992
active_file 662077440
unevictable 4096
hierarchical_memory_limit 1610612736
hierarchical_memsw_limit 5368709120
total_cache 1324888064
total_rss 285573120
total_rss_huge 0
total_mapped_file 9076736
total_writeback 0
total_swap 4096
total_pgpgin 3698751
total_pgpgout 3305572
total_pgfault 271962
total_pgmajfault 655
total_inactive_anon 143634432
total_active_anon 142004224
total_inactive_file 662740992
total_active_file 662077440
total_unevictable 4096
--------------------BLKIO-----------------------
11:0 Read 0
11:0 Write 0
11:0 Sync 0
11:0 Async 0
11:0 Total 0
253:0 Read 2770550784
253:0 Write 5316608
253:0 Sync 196608
253:0 Async 2775670784
253:0 Total 2775867392
Total 2775867392
--------------------CPUAC-----------------------
user 9273
system 7623
 
Mon May 15 13:16:53 IST 2017
--------------------MEMCG-----------------------
MEM ONLY  : 1535 MB
MEM+SWAP  : 1535 MB
cache 1324871680
rss 285581312
rss_huge 0
mapped_file 9076736
writeback 0
swap 4096
pgpgin 3702726
pgpgout 3309549
pgfault 272054
pgmajfault 655
inactive_anon 143634432
active_anon 142012416
inactive_file 662618112
active_file 662175744
unevictable 4096
hierarchical_memory_limit 1610612736
hierarchical_memsw_limit 5368709120
total_cache 1324871680
total_rss 285581312
total_rss_huge 0
total_mapped_file 9076736
total_writeback 0
total_swap 4096
total_pgpgin 3702726
total_pgpgout 3309549
total_pgfault 272054
total_pgmajfault 655
total_inactive_anon 143634432
total_active_anon 142012416
total_inactive_file 662618112
total_active_file 662175744
total_unevictable 4096
--------------------BLKIO-----------------------
11:0 Read 0
11:0 Write 0
11:0 Sync 0
11:0 Async 0
11:0 Total 0
253:0 Read 2779230208
253:0 Write 5394432
253:0 Sync 196608
253:0 Async 2784428032
253:0 Total 2784624640
Total 2784624640
--------------------CPUAC-----------------------
user 9292
system 7640
 
Mon May 15 13:17:23 IST 2017
--------------------MEMCG-----------------------
MEM ONLY  : 1535 MB
MEM+SWAP  : 1535 MB
cache 1324793856
rss 285589504
rss_huge 0
mapped_file 9203712
writeback 0
swap 4096
pgpgin 3707592
pgpgout 3314432
pgfault 272541
pgmajfault 663
inactive_anon 143609856
active_anon 142045184
inactive_file 662560768
active_file 662163456
unevictable 4096
hierarchical_memory_limit 1610612736
hierarchical_memsw_limit 5368709120
total_cache 1324793856
total_rss 285589504
total_rss_huge 0
total_mapped_file 9203712
total_writeback 0
total_swap 4096
total_pgpgin 3707592
total_pgpgout 3314432
total_pgfault 272541
total_pgmajfault 663
total_inactive_anon 143609856
total_active_anon 142045184
total_inactive_file 662560768
total_active_file 662163456
total_unevictable 4096
--------------------BLKIO-----------------------
11:0 Read 0
11:0 Write 0
11:0 Sync 0
11:0 Async 0
11:0 Total 0
253:0 Read 2789564416
253:0 Write 5480448
253:0 Sync 196608
253:0 Async 2794848256
253:0 Total 2795044864
Total 2795044864
--------------------CPUAC-----------------------
user 9310
system 7650
 
Mon May 15 13:17:53 IST 2017
--------------------MEMCG-----------------------
MEM ONLY  : 1535 MB
MEM+SWAP  : 1535 MB
cache 1325318144
rss 285249536
rss_huge 0
mapped_file 9203712
writeback 0
swap 4096
pgpgin 3712480
pgpgout 3319275
pgfault 272632
pgmajfault 663
inactive_anon 143265792
active_anon 142049280
inactive_file 662810624
active_file 662425600
unevictable 4096
hierarchical_memory_limit 1610612736
hierarchical_memsw_limit 5368709120
total_cache 1325318144
total_rss 285249536
total_rss_huge 0
total_mapped_file 9203712
total_writeback 0
total_swap 4096
total_pgpgin 3712480
total_pgpgout 3319275
total_pgfault 272632
total_pgmajfault 663
total_inactive_anon 143265792
total_active_anon 142049280
total_inactive_file 662810624
total_active_file 662425600
total_unevictable 4096
--------------------BLKIO-----------------------
11:0 Read 0
11:0 Write 0
11:0 Sync 0
11:0 Async 0
11:0 Total 0
253:0 Read 2799493120
253:0 Write 5574656
253:0 Sync 196608
253:0 Async 2804871168
253:0 Total 2805067776
Total 2805067776
--------------------CPUAC-----------------------
user 9330
system 7664
 
Mon May 15 13:18:23 IST 2017
--------------------MEMCG-----------------------
MEM ONLY  : 1535 MB
MEM+SWAP  : 1535 MB
cache 1325318144
rss 285257728
rss_huge 0
mapped_file 9203712
writeback 0
swap 4096
pgpgin 3717164
pgpgout 3323957
pgfault 272725
pgmajfault 663
inactive_anon 143265792
active_anon 142057472
inactive_file 662814720
active_file 662413312
unevictable 4096
hierarchical_memory_limit 1610612736
hierarchical_memsw_limit 5368709120
total_cache 1325318144
total_rss 285257728
total_rss_huge 0
total_mapped_file 9203712
total_writeback 0
total_swap 4096
total_pgpgin 3717164
total_pgpgout 3323957
total_pgfault 272725
total_pgmajfault 663
total_inactive_anon 143265792
total_active_anon 142057472
total_inactive_file 662814720
total_active_file 662413312
total_unevictable 4096
--------------------BLKIO-----------------------
11:0 Read 0
11:0 Write 0
11:0 Sync 0
11:0 Async 0
11:0 Total 0
253:0 Read 2810159104
253:0 Write 5640192
253:0 Sync 196608
253:0 Async 2815602688
253:0 Total 2815799296
Total 2815799296
--------------------CPUAC-----------------------
user 9351
system 7678
 
Mon May 15 13:18:53 IST 2017
--------------------MEMCG-----------------------
MEM ONLY  : 1535 MB
MEM+SWAP  : 1535 MB
cache 1325170688
rss 285257728
rss_huge 0
mapped_file 9203712
writeback 0
swap 4096
pgpgin 3722155
pgpgout 3328984
pgfault 272815
pgmajfault 663
inactive_anon 143265792
active_anon 142057472
inactive_file 662695936
active_file 662405120
unevictable 4096
hierarchical_memory_limit 1610612736
hierarchical_memsw_limit 5368709120
total_cache 1325170688
total_rss 285257728
total_rss_huge 0
total_mapped_file 9203712
total_writeback 0
total_swap 4096
total_pgpgin 3722155
total_pgpgout 3328984
total_pgfault 272815
total_pgmajfault 663
total_inactive_anon 143265792
total_active_anon 142057472
total_inactive_file 662695936
total_active_file 662405120
total_unevictable 4096
--------------------BLKIO-----------------------
11:0 Read 0
11:0 Write 0
11:0 Sync 0
11:0 Async 0
11:0 Total 0
253:0 Read 2820612096
253:0 Write 5664768
253:0 Sync 196608
253:0 Async 2826080256
253:0 Total 2826276864
Total 2826276864
--------------------CPUAC-----------------------
user 9370
system 7694
 
Mon May 15 13:19:23 IST 2017
--------------------MEMCG-----------------------
MEM ONLY  : 1535 MB
MEM+SWAP  : 1535 MB
cache 1325203456
rss 285257728
rss_huge 0
mapped_file 9203712
writeback 0
swap 4096
pgpgin 3725714
pgpgout 3332535
pgfault 272905
pgmajfault 663
inactive_anon 143265792
active_anon 142057472
inactive_file 662745088
active_file 662384640
unevictable 4096
hierarchical_memory_limit 1610612736
hierarchical_memsw_limit 5368709120
total_cache 1325203456
total_rss 285257728
total_rss_huge 0
total_mapped_file 9203712
total_writeback 0
total_swap 4096
total_pgpgin 3725714
total_pgpgout 3332535
total_pgfault 272905
total_pgmajfault 663
total_inactive_anon 143265792
total_active_anon 142057472
total_inactive_file 662745088
total_active_file 662384640
total_unevictable 4096
--------------------BLKIO-----------------------
11:0 Read 0
11:0 Write 0
11:0 Sync 0
11:0 Async 0
11:0 Total 0
253:0 Read 2828427264
253:0 Write 5705728
253:0 Sync 196608
253:0 Async 2833936384
253:0 Total 2834132992
Total 2834132992
--------------------CPUAC-----------------------
user 9387
system 7703
 
Mon May 15 13:19:53 IST 2017
--------------------MEMCG-----------------------
MEM ONLY  : 1535 MB
MEM+SWAP  : 1535 MB
cache 1325232128
rss 285257728
rss_huge 0
mapped_file 9203712
writeback 0
swap 4096
pgpgin 3730556
pgpgout 3337370
pgfault 272995
pgmajfault 663
inactive_anon 143265792
active_anon 142057472
inactive_file 662761472
active_file 662401024
unevictable 4096
hierarchical_memory_limit 1610612736
hierarchical_memsw_limit 5368709120
total_cache 1325232128
total_rss 285257728
total_rss_huge 0
total_mapped_file 9203712
total_writeback 0
total_swap 4096
total_pgpgin 3730556
total_pgpgout 3337370
total_pgfault 272995
total_pgmajfault 663
total_inactive_anon 143265792
total_active_anon 142057472
total_inactive_file 662761472
total_active_file 662401024
total_unevictable 4096
--------------------BLKIO-----------------------
11:0 Read 0
11:0 Write 0
11:0 Sync 0
11:0 Async 0
11:0 Total 0
253:0 Read 2838642688
253:0 Write 5754880
253:0 Sync 196608
253:0 Async 2844200960
253:0 Total 2844397568
Total 2844397568
--------------------CPUAC-----------------------
user 9410
system 7718
 
Mon May 15 13:20:23 IST 2017
--------------------MEMCG-----------------------
MEM ONLY  : 1535 MB
MEM+SWAP  : 1535 MB
cache 1325559808
rss 284901376
rss_huge 0
mapped_file 9203712
writeback 0
swap 4096
pgpgin 3735560
pgpgout 3342381
pgfault 273088
pgmajfault 663
inactive_anon 143265792
active_anon 141701120
inactive_file 662982656
active_file 662499328
unevictable 4096
hierarchical_memory_limit 1610612736
hierarchical_memsw_limit 5368709120
total_cache 1325559808
total_rss 284901376
total_rss_huge 0
total_mapped_file 9203712
total_writeback 0
total_swap 4096
total_pgpgin 3735560
total_pgpgout 3342381
total_pgfault 273088
total_pgmajfault 663
total_inactive_anon 143265792
total_active_anon 141701120
total_inactive_file 662982656
total_active_file 662499328
total_unevictable 4096
--------------------BLKIO-----------------------
11:0 Read 0
11:0 Write 0
11:0 Sync 0
11:0 Async 0
11:0 Total 0
253:0 Read 2849284096
253:0 Write 5832704
253:0 Sync 196608
253:0 Async 2854920192
253:0 Total 2855116800
Total 2855116800
--------------------CPUAC-----------------------
user 9431
system 7731
 
Mon May 15 13:20:54 IST 2017
--------------------MEMCG-----------------------
MEM ONLY  : 1535 MB
MEM+SWAP  : 1535 MB
cache 1325662208
rss 284901376
rss_huge 0
mapped_file 9203712
writeback 0
swap 4096
pgpgin 3740970
pgpgout 3347766
pgfault 273178
pgmajfault 663
inactive_anon 143265792
active_anon 141701120
inactive_file 662917120
active_file 662622208
unevictable 4096
hierarchical_memory_limit 1610612736
hierarchical_memsw_limit 5368709120
total_cache 1325662208
total_rss 284901376
total_rss_huge 0
total_mapped_file 9203712
total_writeback 0
total_swap 4096
total_pgpgin 3740970
total_pgpgout 3347766
total_pgfault 273178
total_pgmajfault 663
total_inactive_anon 143265792
total_active_anon 141701120
total_inactive_file 662917120
total_active_file 662622208
total_unevictable 4096
--------------------BLKIO-----------------------
11:0 Read 0
11:0 Write 0
11:0 Sync 0
11:0 Async 0
11:0 Total 0
253:0 Read 2860642304
253:0 Write 5898240
253:0 Sync 196608
253:0 Async 2866343936
253:0 Total 2866540544
Total 2866540544
--------------------CPUAC-----------------------
user 9451
system 7746
 
Mon May 15 13:21:24 IST 2017
--------------------MEMCG-----------------------
MEM ONLY  : 1535 MB
MEM+SWAP  : 1535 MB
cache 1325678592
rss 284901376
rss_huge 0
mapped_file 9203712
writeback 8192
swap 4096
pgpgin 3745049
pgpgout 3351841
pgfault 273268
pgmajfault 663
inactive_anon 143265792
active_anon 141701120
inactive_file 662953984
active_file 662654976
unevictable 4096
hierarchical_memory_limit 1610612736
hierarchical_memsw_limit 5368709120
total_cache 1325678592
total_rss 284901376
total_rss_huge 0
total_mapped_file 9203712
total_writeback 8192
total_swap 4096
total_pgpgin 3745049
total_pgpgout 3351841
total_pgfault 273268
total_pgmajfault 663
total_inactive_anon 143265792
total_active_anon 141701120
total_inactive_file 662953984
total_active_file 662654976
total_unevictable 4096
--------------------BLKIO-----------------------
11:0 Read 0
11:0 Write 0
11:0 Sync 0
11:0 Async 0
11:0 Total 0
253:0 Read 2869518336
253:0 Write 5971968
253:0 Sync 196608
253:0 Async 2875293696
253:0 Total 2875490304
Total 2875490304
--------------------CPUAC-----------------------
user 9472
system 7761
 
Mon May 15 13:21:54 IST 2017
--------------------MEMCG-----------------------
MEM ONLY  : 1535 MB
MEM+SWAP  : 1535 MB
cache 1325944832
rss 284528640
rss_huge 0
mapped_file 9203712
writeback 0
swap 4096
pgpgin 3749792
pgpgout 3356610
pgfault 273358
pgmajfault 663
inactive_anon 142893056
active_anon 141701120
inactive_file 662999040
active_file 662827008
unevictable 4096
hierarchical_memory_limit 1610612736
hierarchical_memsw_limit 5368709120
total_cache 1325944832
total_rss 284528640
total_rss_huge 0
total_mapped_file 9203712
total_writeback 0
total_swap 4096
total_pgpgin 3749792
total_pgpgout 3356610
total_pgfault 273358
total_pgmajfault 663
total_inactive_anon 142893056
total_active_anon 141701120
total_inactive_file 662999040
total_active_file 662827008
total_unevictable 4096
--------------------BLKIO-----------------------
11:0 Read 0
11:0 Write 0
11:0 Sync 0
11:0 Async 0
11:0 Total 0
253:0 Read 2880647168
253:0 Write 6053888
253:0 Sync 196608
253:0 Async 2886504448
253:0 Total 2886701056
Total 2886701056
--------------------CPUAC-----------------------
user 9496
system 7776
 
