Mon May 15 13:12:23 IST 2017
--------------------MEMCG-----------------------
MEM ONLY  : 1535 MB
MEM+SWAP  : 2021 MB
cache 6414336
rss 1604136960
rss_huge 0
mapped_file 2695168
writeback 0
swap 508940288
pgpgin 602040
pgpgout 208839
pgfault 711956
pgmajfault 6583
inactive_anon 485863424
active_anon 1118277632
inactive_file 49152
active_file 6361088
unevictable 0
hierarchical_memory_limit 1610612736
hierarchical_memsw_limit 5368709120
total_cache 6414336
total_rss 1604136960
total_rss_huge 0
total_mapped_file 2695168
total_writeback 0
total_swap 508940288
total_pgpgin 602040
total_pgpgout 208839
total_pgfault 711956
total_pgmajfault 6583
total_inactive_anon 485863424
total_active_anon 1118277632
total_inactive_file 49152
total_active_file 6361088
total_unevictable 0
--------------------BLKIO-----------------------
11:0 Read 0
11:0 Write 0
11:0 Sync 0
11:0 Async 0
11:0 Total 0
253:0 Read 50610176
253:0 Write 595673088
253:0 Sync 0
253:0 Async 646283264
253:0 Total 646283264
Total 646283264
--------------------CPUAC-----------------------
user 876
system 1558
 
Mon May 15 13:12:53 IST 2017
--------------------MEMCG-----------------------
MEM ONLY  : 1535 MB
MEM+SWAP  : 2021 MB
cache 6414336
rss 1604194304
rss_huge 0
mapped_file 2695168
writeback 0
swap 508882944
pgpgin 602968
pgpgout 209753
pgfault 714013
pgmajfault 7479
inactive_anon 486019072
active_anon 1118142464
inactive_file 49152
active_file 6361088
unevictable 0
hierarchical_memory_limit 1610612736
hierarchical_memsw_limit 5368709120
total_cache 6414336
total_rss 1604194304
total_rss_huge 0
total_mapped_file 2695168
total_writeback 0
total_swap 508882944
total_pgpgin 602968
total_pgpgout 209753
total_pgfault 714013
total_pgmajfault 7479
total_inactive_anon 486019072
total_active_anon 1118142464
total_inactive_file 49152
total_active_file 6361088
total_unevictable 0
--------------------BLKIO-----------------------
11:0 Read 0
11:0 Write 0
11:0 Sync 0
11:0 Async 0
11:0 Total 0
253:0 Read 54747136
253:0 Write 595673088
253:0 Sync 0
253:0 Async 650420224
253:0 Total 650420224
Total 650420224
--------------------CPUAC-----------------------
user 879
system 1562
 
Mon May 15 13:13:23 IST 2017
--------------------MEMCG-----------------------
MEM ONLY  : 1535 MB
MEM+SWAP  : 2021 MB
cache 6414336
rss 1604173824
rss_huge 0
mapped_file 2695168
writeback 0
swap 508907520
pgpgin 603564
pgpgout 210354
pgfault 715332
pgmajfault 8054
inactive_anon 486117376
active_anon 1118060544
inactive_file 49152
active_file 6361088
unevictable 0
hierarchical_memory_limit 1610612736
hierarchical_memsw_limit 5368709120
total_cache 6414336
total_rss 1604173824
total_rss_huge 0
total_mapped_file 2695168
total_writeback 0
total_swap 508907520
total_pgpgin 603564
total_pgpgout 210354
total_pgfault 715332
total_pgmajfault 8054
total_inactive_anon 486117376
total_active_anon 1118060544
total_inactive_file 49152
total_active_file 6361088
total_unevictable 0
--------------------BLKIO-----------------------
11:0 Read 0
11:0 Write 0
11:0 Sync 0
11:0 Async 0
11:0 Total 0
253:0 Read 57368576
253:0 Write 595673088
253:0 Sync 0
253:0 Async 653041664
253:0 Total 653041664
Total 653041664
--------------------CPUAC-----------------------
user 880
system 1565
 
Mon May 15 13:13:53 IST 2017
--------------------MEMCG-----------------------
MEM ONLY  : 1535 MB
MEM+SWAP  : 2021 MB
cache 6414336
rss 1604108288
rss_huge 0
mapped_file 2695168
writeback 0
swap 508973056
pgpgin 604264
pgpgout 211070
pgfault 716865
pgmajfault 8722
inactive_anon 486154240
active_anon 1117958144
inactive_file 49152
active_file 6361088
unevictable 0
hierarchical_memory_limit 1610612736
hierarchical_memsw_limit 5368709120
total_cache 6414336
total_rss 1604108288
total_rss_huge 0
total_mapped_file 2695168
total_writeback 0
total_swap 508973056
total_pgpgin 604264
total_pgpgout 211070
total_pgfault 716865
total_pgmajfault 8722
total_inactive_anon 486154240
total_active_anon 1117958144
total_inactive_file 49152
total_active_file 6361088
total_unevictable 0
--------------------BLKIO-----------------------
11:0 Read 0
11:0 Write 0
11:0 Sync 0
11:0 Async 0
11:0 Total 0
253:0 Read 60506112
253:0 Write 595673088
253:0 Sync 0
253:0 Async 656179200
253:0 Total 656179200
Total 656179200
--------------------CPUAC-----------------------
user 881
system 1569
 
Mon May 15 13:14:23 IST 2017
--------------------MEMCG-----------------------
MEM ONLY  : 1535 MB
MEM+SWAP  : 2021 MB
cache 6414336
rss 1604116480
rss_huge 0
mapped_file 2695168
writeback 0
swap 508964864
pgpgin 604708
pgpgout 211512
pgfault 717855
pgmajfault 9144
inactive_anon 486207488
active_anon 1117913088
inactive_file 49152
active_file 6361088
unevictable 0
hierarchical_memory_limit 1610612736
hierarchical_memsw_limit 5368709120
total_cache 6414336
total_rss 1604116480
total_rss_huge 0
total_mapped_file 2695168
total_writeback 0
total_swap 508964864
total_pgpgin 604708
total_pgpgout 211512
total_pgfault 717855
total_pgmajfault 9144
total_inactive_anon 486207488
total_active_anon 1117913088
total_inactive_file 49152
total_active_file 6361088
total_unevictable 0
--------------------BLKIO-----------------------
11:0 Read 0
11:0 Write 0
11:0 Sync 0
11:0 Async 0
11:0 Total 0
253:0 Read 62550016
253:0 Write 595673088
253:0 Sync 0
253:0 Async 658223104
253:0 Total 658223104
Total 658223104
--------------------CPUAC-----------------------
user 883
system 1571
 
Mon May 15 13:14:53 IST 2017
--------------------MEMCG-----------------------
MEM ONLY  : 1535 MB
MEM+SWAP  : 2021 MB
cache 6414336
rss 1604182016
rss_huge 0
mapped_file 2695168
writeback 0
swap 508899328
pgpgin 605242
pgpgout 212030
pgfault 718985
pgmajfault 9649
inactive_anon 486371328
active_anon 1117814784
inactive_file 49152
active_file 6361088
unevictable 0
hierarchical_memory_limit 1610612736
hierarchical_memsw_limit 5368709120
total_cache 6414336
total_rss 1604182016
total_rss_huge 0
total_mapped_file 2695168
total_writeback 0
total_swap 508899328
total_pgpgin 605242
total_pgpgout 212030
total_pgfault 718985
total_pgmajfault 9649
total_inactive_anon 486371328
total_active_anon 1117814784
total_inactive_file 49152
total_active_file 6361088
total_unevictable 0
--------------------BLKIO-----------------------
11:0 Read 0
11:0 Write 0
11:0 Sync 0
11:0 Async 0
11:0 Total 0
253:0 Read 65081344
253:0 Write 595673088
253:0 Sync 0
253:0 Async 660754432
253:0 Total 660754432
Total 660754432
--------------------CPUAC-----------------------
user 886
system 1574
 
Mon May 15 13:15:23 IST 2017
--------------------MEMCG-----------------------
MEM ONLY  : 1535 MB
MEM+SWAP  : 2021 MB
cache 6414336
rss 1604091904
rss_huge 0
mapped_file 2695168
writeback 0
swap 508989440
pgpgin 605766
pgpgout 212576
pgfault 720149
pgmajfault 10159
inactive_anon 486289408
active_anon 1117806592
inactive_file 49152
active_file 6361088
unevictable 0
hierarchical_memory_limit 1610612736
hierarchical_memsw_limit 5368709120
total_cache 6414336
total_rss 1604091904
total_rss_huge 0
total_mapped_file 2695168
total_writeback 0
total_swap 508989440
total_pgpgin 605766
total_pgpgout 212576
total_pgfault 720149
total_pgmajfault 10159
total_inactive_anon 486289408
total_active_anon 1117806592
total_inactive_file 49152
total_active_file 6361088
total_unevictable 0
--------------------BLKIO-----------------------
11:0 Read 0
11:0 Write 0
11:0 Sync 0
11:0 Async 0
11:0 Total 0
253:0 Read 67428352
253:0 Write 595673088
253:0 Sync 0
253:0 Async 663101440
253:0 Total 663101440
Total 663101440
--------------------CPUAC-----------------------
user 888
system 1576
 
Mon May 15 13:15:53 IST 2017
--------------------MEMCG-----------------------
MEM ONLY  : 1535 MB
MEM+SWAP  : 2021 MB
cache 6414336
rss 1604141056
rss_huge 0
mapped_file 2695168
writeback 0
swap 508940288
pgpgin 606352
pgpgout 213150
pgfault 721436
pgmajfault 10725
inactive_anon 486305792
active_anon 1117839360
inactive_file 49152
active_file 6361088
unevictable 0
hierarchical_memory_limit 1610612736
hierarchical_memsw_limit 5368709120
total_cache 6414336
total_rss 1604141056
total_rss_huge 0
total_mapped_file 2695168
total_writeback 0
total_swap 508940288
total_pgpgin 606352
total_pgpgout 213150
total_pgfault 721436
total_pgmajfault 10725
total_inactive_anon 486305792
total_active_anon 1117839360
total_inactive_file 49152
total_active_file 6361088
total_unevictable 0
--------------------BLKIO-----------------------
11:0 Read 0
11:0 Write 0
11:0 Sync 0
11:0 Async 0
11:0 Total 0
253:0 Read 70148096
253:0 Write 595673088
253:0 Sync 0
253:0 Async 665821184
253:0 Total 665821184
Total 665821184
--------------------CPUAC-----------------------
user 890
system 1580
 
Mon May 15 13:16:23 IST 2017
--------------------MEMCG-----------------------
MEM ONLY  : 1535 MB
MEM+SWAP  : 2021 MB
cache 6414336
rss 1604153344
rss_huge 0
mapped_file 2695168
writeback 0
swap 508928000
pgpgin 607038
pgpgout 213833
pgfault 722926
pgmajfault 11364
inactive_anon 486428672
active_anon 1117728768
inactive_file 49152
active_file 6361088
unevictable 0
hierarchical_memory_limit 1610612736
hierarchical_memsw_limit 5368709120
total_cache 6414336
total_rss 1604153344
total_rss_huge 0
total_mapped_file 2695168
total_writeback 0
total_swap 508928000
total_pgpgin 607038
total_pgpgout 213833
total_pgfault 722926
total_pgmajfault 11364
total_inactive_anon 486428672
total_active_anon 1117728768
total_inactive_file 49152
total_active_file 6361088
total_unevictable 0
--------------------BLKIO-----------------------
11:0 Read 0
11:0 Write 0
11:0 Sync 0
11:0 Async 0
11:0 Total 0
253:0 Read 73568256
253:0 Write 595673088
253:0 Sync 0
253:0 Async 669241344
253:0 Total 669241344
Total 669241344
--------------------CPUAC-----------------------
user 891
system 1586
 
Mon May 15 13:16:53 IST 2017
--------------------MEMCG-----------------------
MEM ONLY  : 1535 MB
MEM+SWAP  : 2021 MB
cache 6414336
rss 1604046848
rss_huge 0
mapped_file 2695168
writeback 0
swap 509034496
pgpgin 607576
pgpgout 214397
pgfault 724095
pgmajfault 11883
inactive_anon 486408192
active_anon 1117642752
inactive_file 49152
active_file 6361088
unevictable 0
hierarchical_memory_limit 1610612736
hierarchical_memsw_limit 5368709120
total_cache 6414336
total_rss 1604046848
total_rss_huge 0
total_mapped_file 2695168
total_writeback 0
total_swap 509034496
total_pgpgin 607576
total_pgpgout 214397
total_pgfault 724095
total_pgmajfault 11883
total_inactive_anon 486408192
total_active_anon 1117642752
total_inactive_file 49152
total_active_file 6361088
total_unevictable 0
--------------------BLKIO-----------------------
11:0 Read 0
11:0 Write 0
11:0 Sync 0
11:0 Async 0
11:0 Total 0
253:0 Read 76034048
253:0 Write 595673088
253:0 Sync 0
253:0 Async 671707136
253:0 Total 671707136
Total 671707136
--------------------CPUAC-----------------------
user 892
system 1590
 
Mon May 15 13:17:23 IST 2017
--------------------MEMCG-----------------------
MEM ONLY  : 1535 MB
MEM+SWAP  : 2022 MB
cache 7307264
rss 1602936832
rss_huge 0
mapped_file 3014656
writeback 0
swap 510140416
pgpgin 608426
pgpgout 215300
pgfault 725500
pgmajfault 12339
inactive_anon 485367808
active_anon 1117577216
inactive_file 335872
active_file 6963200
unevictable 0
hierarchical_memory_limit 1610612736
hierarchical_memsw_limit 5368709120
total_cache 7307264
total_rss 1602936832
total_rss_huge 0
total_mapped_file 3014656
total_writeback 0
total_swap 510140416
total_pgpgin 608426
total_pgpgout 215300
total_pgfault 725500
total_pgmajfault 12339
total_inactive_anon 485367808
total_active_anon 1117577216
total_inactive_file 335872
total_active_file 6963200
total_unevictable 0
--------------------BLKIO-----------------------
11:0 Read 0
11:0 Write 0
11:0 Sync 0
11:0 Async 0
11:0 Total 0
253:0 Read 78893056
253:0 Write 595673088
253:0 Sync 0
253:0 Async 674566144
253:0 Total 674566144
Total 674566144
--------------------CPUAC-----------------------
user 894
system 1596
 
Mon May 15 13:17:53 IST 2017
--------------------MEMCG-----------------------
MEM ONLY  : 1535 MB
MEM+SWAP  : 2022 MB
cache 7307264
rss 1603268608
rss_huge 0
mapped_file 3014656
writeback 0
swap 509808640
pgpgin 608941
pgpgout 215734
pgfault 726580
pgmajfault 12830
inactive_anon 485789696
active_anon 1117487104
inactive_file 335872
active_file 6963200
unevictable 0
hierarchical_memory_limit 1610612736
hierarchical_memsw_limit 5368709120
total_cache 7307264
total_rss 1603268608
total_rss_huge 0
total_mapped_file 3014656
total_writeback 0
total_swap 509808640
total_pgpgin 608941
total_pgpgout 215734
total_pgfault 726580
total_pgmajfault 12830
total_inactive_anon 485789696
total_active_anon 1117487104
total_inactive_file 335872
total_active_file 6963200
total_unevictable 0
--------------------BLKIO-----------------------
11:0 Read 0
11:0 Write 0
11:0 Sync 0
11:0 Async 0
11:0 Total 0
253:0 Read 81289216
253:0 Write 595673088
253:0 Sync 0
253:0 Async 676962304
253:0 Total 676962304
Total 676962304
--------------------CPUAC-----------------------
user 896
system 1600
 
Mon May 15 13:18:23 IST 2017
--------------------MEMCG-----------------------
MEM ONLY  : 1536 MB
MEM+SWAP  : 2022 MB
cache 7307264
rss 1603305472
rss_huge 0
mapped_file 3014656
writeback 0
swap 509771776
pgpgin 609449
pgpgout 216233
pgfault 727706
pgmajfault 13313
inactive_anon 485830656
active_anon 1117483008
inactive_file 335872
active_file 6963200
unevictable 0
hierarchical_memory_limit 1610612736
hierarchical_memsw_limit 5368709120
total_cache 7307264
total_rss 1603305472
total_rss_huge 0
total_mapped_file 3014656
total_writeback 0
total_swap 509771776
total_pgpgin 609449
total_pgpgout 216233
total_pgfault 727706
total_pgmajfault 13313
total_inactive_anon 485830656
total_active_anon 1117483008
total_inactive_file 335872
total_active_file 6963200
total_unevictable 0
--------------------BLKIO-----------------------
11:0 Read 0
11:0 Write 0
11:0 Sync 0
11:0 Async 0
11:0 Total 0
253:0 Read 83689472
253:0 Write 595673088
253:0 Sync 0
253:0 Async 679362560
253:0 Total 679362560
Total 679362560
--------------------CPUAC-----------------------
user 897
system 1604
 
Mon May 15 13:18:53 IST 2017
--------------------MEMCG-----------------------
MEM ONLY  : 1535 MB
MEM+SWAP  : 2022 MB
cache 7307264
rss 1603268608
rss_huge 0
mapped_file 3014656
writeback 0
swap 509808640
pgpgin 609991
pgpgout 216784
pgfault 728844
pgmajfault 13795
inactive_anon 485724160
active_anon 1117552640
inactive_file 335872
active_file 6963200
unevictable 0
hierarchical_memory_limit 1610612736
hierarchical_memsw_limit 5368709120
total_cache 7307264
total_rss 1603268608
total_rss_huge 0
total_mapped_file 3014656
total_writeback 0
total_swap 509808640
total_pgpgin 609991
total_pgpgout 216784
total_pgfault 728844
total_pgmajfault 13795
total_inactive_anon 485724160
total_active_anon 1117552640
total_inactive_file 335872
total_active_file 6963200
total_unevictable 0
--------------------BLKIO-----------------------
11:0 Read 0
11:0 Write 0
11:0 Sync 0
11:0 Async 0
11:0 Total 0
253:0 Read 86659072
253:0 Write 595673088
253:0 Sync 0
253:0 Async 682332160
253:0 Total 682332160
Total 682332160
--------------------CPUAC-----------------------
user 901
system 1608
 
Mon May 15 13:19:23 IST 2017
--------------------MEMCG-----------------------
MEM ONLY  : 1536 MB
MEM+SWAP  : 2022 MB
cache 7307264
rss 1603305472
rss_huge 0
mapped_file 3014656
writeback 0
swap 509771776
pgpgin 610385
pgpgout 217169
pgfault 729668
pgmajfault 14167
inactive_anon 485752832
active_anon 1117560832
inactive_file 335872
active_file 6963200
unevictable 0
hierarchical_memory_limit 1610612736
hierarchical_memsw_limit 5368709120
total_cache 7307264
total_rss 1603305472
total_rss_huge 0
total_mapped_file 3014656
total_writeback 0
total_swap 509771776
total_pgpgin 610385
total_pgpgout 217169
total_pgfault 729668
total_pgmajfault 14167
total_inactive_anon 485752832
total_active_anon 1117560832
total_inactive_file 335872
total_active_file 6963200
total_unevictable 0
--------------------BLKIO-----------------------
11:0 Read 0
11:0 Write 0
11:0 Sync 0
11:0 Async 0
11:0 Total 0
253:0 Read 88621056
253:0 Write 595673088
253:0 Sync 0
253:0 Async 684294144
253:0 Total 684294144
Total 684294144
--------------------CPUAC-----------------------
user 903
system 1610
 
Mon May 15 13:19:53 IST 2017
--------------------MEMCG-----------------------
MEM ONLY  : 1535 MB
MEM+SWAP  : 2022 MB
cache 7307264
rss 1603141632
rss_huge 0
mapped_file 3014656
writeback 0
swap 509935616
pgpgin 610845
pgpgout 217669
pgfault 730651
pgmajfault 14602
inactive_anon 485564416
active_anon 1117585408
inactive_file 335872
active_file 6963200
unevictable 0
hierarchical_memory_limit 1610612736
hierarchical_memsw_limit 5368709120
total_cache 7307264
total_rss 1603141632
total_rss_huge 0
total_mapped_file 3014656
total_writeback 0
total_swap 509935616
total_pgpgin 610845
total_pgpgout 217669
total_pgfault 730651
total_pgmajfault 14602
total_inactive_anon 485564416
total_active_anon 1117585408
total_inactive_file 335872
total_active_file 6963200
total_unevictable 0
--------------------BLKIO-----------------------
11:0 Read 0
11:0 Write 0
11:0 Sync 0
11:0 Async 0
11:0 Total 0
253:0 Read 90804224
253:0 Write 595673088
253:0 Sync 0
253:0 Async 686477312
253:0 Total 686477312
Total 686477312
--------------------CPUAC-----------------------
user 904
system 1614
 
Mon May 15 13:20:24 IST 2017
--------------------MEMCG-----------------------
MEM ONLY  : 1535 MB
MEM+SWAP  : 2022 MB
cache 7307264
rss 1603227648
rss_huge 0
mapped_file 3014656
writeback 0
swap 509849600
pgpgin 611261
pgpgout 218064
pgfault 731512
pgmajfault 14979
inactive_anon 485572608
active_anon 1117663232
inactive_file 335872
active_file 6963200
unevictable 0
hierarchical_memory_limit 1610612736
hierarchical_memsw_limit 5368709120
total_cache 7307264
total_rss 1603227648
total_rss_huge 0
total_mapped_file 3014656
total_writeback 0
total_swap 509849600
total_pgpgin 611261
total_pgpgout 218064
total_pgfault 731512
total_pgmajfault 14979
total_inactive_anon 485572608
total_active_anon 1117663232
total_inactive_file 335872
total_active_file 6963200
total_unevictable 0
--------------------BLKIO-----------------------
11:0 Read 0
11:0 Write 0
11:0 Sync 0
11:0 Async 0
11:0 Total 0
253:0 Read 93044736
253:0 Write 595857408
253:0 Sync 0
253:0 Async 688902144
253:0 Total 688902144
Total 688902144
--------------------CPUAC-----------------------
user 906
system 1617
 
Mon May 15 13:20:54 IST 2017
--------------------MEMCG-----------------------
MEM ONLY  : 1535 MB
MEM+SWAP  : 2022 MB
cache 7307264
rss 1603166208
rss_huge 0
mapped_file 3014656
writeback 0
swap 509911040
pgpgin 611692
pgpgout 218510
pgfault 732414
pgmajfault 15362
inactive_anon 485261312
active_anon 1117913088
inactive_file 335872
active_file 6963200
unevictable 0
hierarchical_memory_limit 1610612736
hierarchical_memsw_limit 5368709120
total_cache 7307264
total_rss 1603166208
total_rss_huge 0
total_mapped_file 3014656
total_writeback 0
total_swap 509911040
total_pgpgin 611692
total_pgpgout 218510
total_pgfault 732414
total_pgmajfault 15362
total_inactive_anon 485261312
total_active_anon 1117913088
total_inactive_file 335872
total_active_file 6963200
total_unevictable 0
--------------------BLKIO-----------------------
11:0 Read 0
11:0 Write 0
11:0 Sync 0
11:0 Async 0
11:0 Total 0
253:0 Read 95432704
253:0 Write 596111360
253:0 Sync 0
253:0 Async 691544064
253:0 Total 691544064
Total 691544064
--------------------CPUAC-----------------------
user 908
system 1620
 
Mon May 15 13:21:24 IST 2017
--------------------MEMCG-----------------------
MEM ONLY  : 1535 MB
MEM+SWAP  : 2022 MB
cache 7307264
rss 1603158016
rss_huge 0
mapped_file 3014656
writeback 0
swap 509919232
pgpgin 612149
pgpgout 218969
pgfault 733363
pgmajfault 15764
inactive_anon 485068800
active_anon 1118097408
inactive_file 335872
active_file 6963200
unevictable 0
hierarchical_memory_limit 1610612736
hierarchical_memsw_limit 5368709120
total_cache 7307264
total_rss 1603158016
total_rss_huge 0
total_mapped_file 3014656
total_writeback 0
total_swap 509919232
total_pgpgin 612149
total_pgpgout 218969
total_pgfault 733363
total_pgmajfault 15764
total_inactive_anon 485068800
total_active_anon 1118097408
total_inactive_file 335872
total_active_file 6963200
total_unevictable 0
--------------------BLKIO-----------------------
11:0 Read 0
11:0 Write 0
11:0 Sync 0
11:0 Async 0
11:0 Total 0
253:0 Read 97894400
253:0 Write 596385792
253:0 Sync 0
253:0 Async 694280192
253:0 Total 694280192
Total 694280192
--------------------CPUAC-----------------------
user 910
system 1622
 
Mon May 15 13:21:54 IST 2017
--------------------MEMCG-----------------------
MEM ONLY  : 1535 MB
MEM+SWAP  : 2022 MB
cache 7307264
rss 1603067904
rss_huge 0
mapped_file 3014656
writeback 0
swap 510009344
pgpgin 612624
pgpgout 219466
pgfault 734355
pgmajfault 16192
inactive_anon 484745216
active_anon 1118330880
inactive_file 335872
active_file 6963200
unevictable 0
hierarchical_memory_limit 1610612736
hierarchical_memsw_limit 5368709120
total_cache 7307264
total_rss 1603067904
total_rss_huge 0
total_mapped_file 3014656
total_writeback 0
total_swap 510009344
total_pgpgin 612624
total_pgpgout 219466
total_pgfault 734355
total_pgmajfault 16192
total_inactive_anon 484745216
total_active_anon 1118330880
total_inactive_file 335872
total_active_file 6963200
total_unevictable 0
--------------------BLKIO-----------------------
11:0 Read 0
11:0 Write 0
11:0 Sync 0
11:0 Async 0
11:0 Total 0
253:0 Read 100487168
253:0 Write 596672512
253:0 Sync 0
253:0 Async 697159680
253:0 Total 697159680
Total 697159680
--------------------CPUAC-----------------------
user 911
system 1624
 
