/usr/lib/jvm/java-7-openjdk-amd64/bin/java -cp /home/vm1/clients/ycsb_mongo/mongodb-binding/conf:/home/vm1/clients/ycsb_mongo/conf:/home/vm1/clients/ycsb_mongo/lib/jackson-mapper-asl-1.9.4.jar:/home/vm1/clients/ycsb_mongo/lib/jackson-core-asl-1.9.4.jar:/home/vm1/clients/ycsb_mongo/lib/htrace-core4-4.1.0-incubating.jar:/home/vm1/clients/ycsb_mongo/lib/core-0.12.0.jar:/home/vm1/clients/ycsb_mongo/lib/HdrHistogram-2.1.4.jar:/home/vm1/clients/ycsb_mongo/mongodb-binding/lib/mongo-java-driver-3.0.3.jar:/home/vm1/clients/ycsb_mongo/mongodb-binding/lib/logback-core-1.1.2.jar:/home/vm1/clients/ycsb_mongo/mongodb-binding/lib/mongodb-binding-0.12.0.jar:/home/vm1/clients/ycsb_mongo/mongodb-binding/lib/logback-classic-1.1.2.jar:/home/vm1/clients/ycsb_mongo/mongodb-binding/lib/mongodb-async-driver-2.0.1.jar:/home/vm1/clients/ycsb_mongo/mongodb-binding/lib/slf4j-api-1.6.4.jar com.yahoo.ycsb.Client -db com.yahoo.ycsb.db.MongoDbClient -s -P /home/vm1/clients/ycsb_mongo/workloads/workload1 -p mongodb.url=mongodb://10.0.3.220:27017/ycsb?w=0 -p maxexecutiontime=600 -t
YCSB Client 0.12.0
Command line: -db com.yahoo.ycsb.db.MongoDbClient -s -P /home/vm1/clients/ycsb_mongo/workloads/workload1 -p mongodb.url=mongodb://10.0.3.220:27017/ycsb?w=0 -p maxexecutiontime=600 -t
Loading workload...
Starting test.
Maximum execution time specified as: 600 secs
2017-05-20 03:41:50:720 0 sec: 0 operations; est completion in 0 seconds 
mongo client connection created with mongodb://10.0.3.220:27017/ycsb?w=0
DBWrapper: report latency for each error is false and specific error codes to track for latency are: []
2017-05-20 03:42:00:520 10 sec: 505 operations; 50.49 current ops/sec; est completion in 2 days 7 hours [READ: Count=506, Max=132479, Min=2886, Avg=18235.42, 90=29407, 99=42527, 99.9=49471, 99.99=132479] 
2017-05-20 03:42:10:520 20 sec: 1188 operations; 68.3 current ops/sec; est completion in 1 days 22 hours [READ: Count=682, Max=333055, Min=396, Avg=14584.35, 90=22895, 99=33119, 99.9=61247, 99.99=333055] 
2017-05-20 03:42:20:520 30 sec: 2007 operations; 81.9 current ops/sec; est completion in 1 days 17 hours [READ: Count=819, Max=75903, Min=362, Avg=12176.94, 90=20255, 99=28991, 99.9=71679, 99.99=75903] 
2017-05-20 03:42:30:520 40 sec: 2923 operations; 91.6 current ops/sec; est completion in 1 days 14 hours [READ: Count=916, Max=119103, Min=316, Avg=10888.38, 90=16231, 99=29935, 99.9=71679, 99.99=119103] 
2017-05-20 03:42:40:520 50 sec: 3907 operations; 98.4 current ops/sec; est completion in 1 days 11 hours [READ: Count=984, Max=41471, Min=283, Avg=10145.27, 90=15391, 99=18431, 99.9=33535, 99.99=41471] 
2017-05-20 03:42:50:520 60 sec: 4914 operations; 100.7 current ops/sec; est completion in 1 days 9 hours [READ: Count=1007, Max=121663, Min=281, Avg=9905.03, 90=15215, 99=17551, 99.9=89599, 99.99=121663] 
2017-05-20 03:43:00:520 70 sec: 5964 operations; 105 current ops/sec; est completion in 1 days 8 hours [READ: Count=1050, Max=53023, Min=218, Avg=9503.97, 90=15071, 99=18255, 99.9=48639, 99.99=53023] 
2017-05-20 03:43:10:520 80 sec: 7047 operations; 108.3 current ops/sec; est completion in 1 days 7 hours [READ: Count=1083, Max=53087, Min=215, Avg=9215.09, 90=15223, 99=17215, 99.9=39903, 99.99=53087] 
2017-05-20 03:43:20:520 90 sec: 8130 operations; 108.3 current ops/sec; est completion in 1 days 6 hours [READ: Count=1083, Max=71423, Min=214, Avg=9202.03, 90=15071, 99=16943, 99.9=39039, 99.99=71423] 
2017-05-20 03:43:30:520 100 sec: 9178 operations; 104.8 current ops/sec; est completion in 1 days 6 hours [READ: Count=1048, Max=96447, Min=214, Avg=9524.58, 90=15415, 99=20271, 99.9=47647, 99.99=96447] 
2017-05-20 03:43:40:520 110 sec: 10217 operations; 103.9 current ops/sec; est completion in 1 days 5 hours [READ: Count=1039, Max=52927, Min=194, Avg=9599.77, 90=15327, 99=17599, 99.9=43711, 99.99=52927] 
2017-05-20 03:43:50:520 120 sec: 11363 operations; 114.6 current ops/sec; est completion in 1 days 5 hours [READ: Count=1146, Max=42975, Min=140, Avg=8723.18, 90=14679, 99=16799, 99.9=35135, 99.99=42975] 
2017-05-20 03:44:00:520 130 sec: 12511 operations; 114.8 current ops/sec; est completion in 1 days 4 hours [READ: Count=1148, Max=63807, Min=124, Avg=8697.35, 90=14871, 99=16815, 99.9=51679, 99.99=63807] 
2017-05-20 03:44:10:520 140 sec: 13660 operations; 114.9 current ops/sec; est completion in 1 days 4 hours [READ: Count=1149, Max=62655, Min=121, Avg=8699.4, 90=15175, 99=17279, 99.9=49183, 99.99=62655] 
2017-05-20 03:44:20:520 150 sec: 14846 operations; 118.6 current ops/sec; est completion in 1 days 4 hours [READ: Count=1186, Max=47071, Min=119, Avg=8424.75, 90=14743, 99=18031, 99.9=45375, 99.99=47071] 
2017-05-20 03:44:30:520 160 sec: 16069 operations; 122.3 current ops/sec; est completion in 1 days 3 hours [READ: Count=1223, Max=61535, Min=116, Avg=8169.6, 90=14863, 99=17535, 99.9=46143, 99.99=61535] 
2017-05-20 03:44:40:520 170 sec: 17253 operations; 118.4 current ops/sec; est completion in 1 days 3 hours [READ: Count=1184, Max=77503, Min=117, Avg=8440.53, 90=15055, 99=16975, 99.9=41151, 99.99=77503] 
2017-05-20 03:44:50:520 180 sec: 18488 operations; 123.5 current ops/sec; est completion in 1 days 2 hours [READ: Count=1235, Max=55423, Min=118, Avg=8097.45, 90=14751, 99=17055, 99.9=47199, 99.99=55423] 
2017-05-20 03:45:00:520 190 sec: 19751 operations; 126.3 current ops/sec; est completion in 1 days 2 hours [READ: Count=1263, Max=52575, Min=118, Avg=7915.03, 90=14855, 99=17871, 99.9=45151, 99.99=52575] 
2017-05-20 03:45:10:520 200 sec: 20988 operations; 123.7 current ops/sec; est completion in 1 days 2 hours [READ: Count=1237, Max=112447, Min=117, Avg=8078.85, 90=14871, 99=19423, 99.9=56287, 99.99=112447] 
2017-05-20 03:45:20:520 210 sec: 22265 operations; 127.7 current ops/sec; est completion in 1 days 2 hours [READ: Count=1277, Max=42431, Min=119, Avg=7821.68, 90=15127, 99=17871, 99.9=37119, 99.99=42431] 
2017-05-20 03:45:30:520 220 sec: 23535 operations; 127 current ops/sec; est completion in 1 days 1 hours [READ: Count=1270, Max=55071, Min=115, Avg=7870.1, 90=14871, 99=17071, 99.9=50303, 99.99=55071] 
2017-05-20 03:45:40:520 230 sec: 24847 operations; 131.2 current ops/sec; est completion in 1 days 1 hours [READ: Count=1312, Max=66943, Min=114, Avg=7619.45, 90=14743, 99=19119, 99.9=35807, 99.99=66943] 
2017-05-20 03:45:50:520 240 sec: 26160 operations; 131.3 current ops/sec; est completion in 1 days 1 hours [READ: Count=1313, Max=121663, Min=115, Avg=7616.07, 90=14951, 99=19887, 99.9=40671, 99.99=121663] 
2017-05-20 03:46:00:520 250 sec: 27498 operations; 133.8 current ops/sec; est completion in 1 days 1 hours [READ: Count=1338, Max=61535, Min=115, Avg=7470.26, 90=14639, 99=16863, 99.9=46463, 99.99=61535] 
2017-05-20 03:46:10:520 260 sec: 28901 operations; 140.3 current ops/sec; est completion in 1 days [READ: Count=1403, Max=63487, Min=116, Avg=7119.58, 90=14767, 99=17919, 99.9=36127, 99.99=63487] 
2017-05-20 03:46:20:520 270 sec: 30314 operations; 141.3 current ops/sec; est completion in 1 days [READ: Count=1413, Max=46143, Min=115, Avg=7074.39, 90=14671, 99=17647, 99.9=44639, 99.99=46143] 
2017-05-20 03:46:30:520 280 sec: 31742 operations; 142.8 current ops/sec; est completion in 1 days [READ: Count=1428, Max=113727, Min=114, Avg=6995.06, 90=14559, 99=19999, 99.9=56447, 99.99=113727] 
2017-05-20 03:46:40:520 290 sec: 33226 operations; 148.4 current ops/sec; est completion in 1 days [READ: Count=1484, Max=50847, Min=113, Avg=6722.32, 90=14607, 99=17647, 99.9=50271, 99.99=50847] 
2017-05-20 03:46:50:520 300 sec: 34710 operations; 148.4 current ops/sec; est completion in 23 hours 55 minutes [READ: Count=1484, Max=43455, Min=117, Avg=6749, 90=14623, 99=19871, 99.9=32543, 99.99=43455] 
2017-05-20 03:47:00:520 310 sec: 36258 operations; 154.8 current ops/sec; est completion in 23 hours 39 minutes [READ: Count=1548, Max=47039, Min=113, Avg=6456.46, 90=14407, 99=18559, 99.9=32175, 99.99=47039] 
2017-05-20 03:47:10:520 320 sec: 37842 operations; 158.4 current ops/sec; est completion in 23 hours 24 minutes [READ: Count=1584, Max=117631, Min=115, Avg=6310.03, 90=14583, 99=18751, 99.9=59231, 99.99=117631] 
2017-05-20 03:47:20:520 330 sec: 39526 operations; 168.4 current ops/sec; est completion in 23 hours 6 minutes [READ: Count=1684, Max=43679, Min=114, Avg=5933.48, 90=13951, 99=19519, 99.9=24623, 99.99=43679] 
2017-05-20 03:47:30:520 340 sec: 41118 operations; 159.2 current ops/sec; est completion in 22 hours 52 minutes [READ: Count=1592, Max=52799, Min=114, Avg=6280.04, 90=14351, 99=18943, 99.9=36063, 99.99=52799] 
2017-05-20 03:47:40:520 350 sec: 42760 operations; 164.2 current ops/sec; est completion in 22 hours 38 minutes [READ: Count=1642, Max=55263, Min=116, Avg=6090.24, 90=14095, 99=19215, 99.9=29759, 99.99=55263] 
2017-05-20 03:47:50:520 360 sec: 44437 operations; 167.7 current ops/sec; est completion in 22 hours 24 minutes [READ: Count=1677, Max=106175, Min=112, Avg=5958.78, 90=14151, 99=18959, 99.9=44991, 99.99=106175] 
2017-05-20 03:48:00:520 370 sec: 46206 operations; 176.9 current ops/sec; est completion in 22 hours 8 minutes [READ: Count=1769, Max=58399, Min=113, Avg=5644.66, 90=14175, 99=19007, 99.9=28463, 99.99=58399] 
2017-05-20 03:48:10:520 380 sec: 48004 operations; 179.8 current ops/sec; est completion in 21 hours 53 minutes [READ: Count=1798, Max=57535, Min=113, Avg=5558.42, 90=13919, 99=17135, 99.9=45631, 99.99=57535] 
2017-05-20 03:48:20:520 390 sec: 49934 operations; 193 current ops/sec; est completion in 21 hours 35 minutes [READ: Count=1930, Max=53471, Min=112, Avg=5183.94, 90=13775, 99=17247, 99.9=28847, 99.99=53471] 
2017-05-20 03:48:30:520 400 sec: 51718 operations; 178.4 current ops/sec; est completion in 21 hours 22 minutes [READ: Count=1784, Max=124095, Min=113, Avg=5595.53, 90=14095, 99=21999, 99.9=39423, 99.99=124095] 
2017-05-20 03:48:40:520 410 sec: 53663 operations; 194.5 current ops/sec; est completion in 21 hours 6 minutes [READ: Count=1946, Max=37567, Min=112, Avg=5141.84, 90=14087, 99=19311, 99.9=28959, 99.99=37567] 
2017-05-20 03:48:50:520 420 sec: 55667 operations; 200.4 current ops/sec; est completion in 20 hours 50 minutes [READ: Count=2003, Max=50239, Min=114, Avg=4984.34, 90=13871, 99=21391, 99.9=35231, 99.99=50239] 
2017-05-20 03:49:00:520 430 sec: 57801 operations; 213.4 current ops/sec; est completion in 20 hours 32 minutes [READ: Count=2134, Max=57151, Min=113, Avg=4683.02, 90=13583, 99=19759, 99.9=33503, 99.99=57151] 
2017-05-20 03:49:10:520 440 sec: 59977 operations; 217.6 current ops/sec; est completion in 20 hours 15 minutes [READ: Count=2176, Max=102527, Min=111, Avg=4595.27, 90=13359, 99=18799, 99.9=41695, 99.99=102527] 
2017-05-20 03:49:20:520 450 sec: 62293 operations; 231.6 current ops/sec; est completion in 19 hours 56 minutes [READ: Count=2316, Max=58975, Min=112, Avg=4315.5, 90=13175, 99=18735, 99.9=38047, 99.99=58975] 
2017-05-20 03:49:30:520 460 sec: 64600 operations; 230.7 current ops/sec; est completion in 19 hours 39 minutes [READ: Count=2307, Max=56447, Min=113, Avg=4327.26, 90=13367, 99=21839, 99.9=35551, 99.99=56447] 
2017-05-20 03:49:40:520 470 sec: 67000 operations; 240 current ops/sec; est completion in 19 hours 21 minutes [READ: Count=2400, Max=66879, Min=111, Avg=4166.55, 90=13351, 99=19279, 99.9=38911, 99.99=66879] 
2017-05-20 03:49:50:520 480 sec: 69515 operations; 251.5 current ops/sec; est completion in 19 hours 2 minutes [READ: Count=2515, Max=81599, Min=111, Avg=3969.28, 90=13231, 99=20879, 99.9=39967, 99.99=81599] 
2017-05-20 03:50:00:520 490 sec: 72137 operations; 262.2 current ops/sec; est completion in 18 hours 43 minutes [READ: Count=2622, Max=49247, Min=111, Avg=3813.22, 90=13047, 99=20511, 99.9=34815, 99.99=49247] 
2017-05-20 03:50:10:520 500 sec: 74941 operations; 280.4 current ops/sec; est completion in 18 hours 23 minutes [READ: Count=2804, Max=94335, Min=111, Avg=3562.65, 90=12167, 99=19647, 99.9=40287, 99.99=94335] 
2017-05-20 03:50:20:522 510 sec: 77930 operations; 298.9 current ops/sec; est completion in 18 hours 2 minutes [READ: Count=2989, Max=42687, Min=110, Avg=3343.7, 90=12287, 99=20847, 99.9=30447, 99.99=42687] 
2017-05-20 03:50:30:520 520 sec: 81003 operations; 307.3 current ops/sec; est completion in 17 hours 41 minutes [READ: Count=3073, Max=53919, Min=111, Avg=3250.02, 90=11855, 99=20415, 99.9=43007, 99.99=53919] 
2017-05-20 03:50:40:520 530 sec: 84349 operations; 334.6 current ops/sec; est completion in 17 hours 18 minutes [READ: Count=3346, Max=61343, Min=112, Avg=2976.11, 90=11751, 99=19711, 99.9=27983, 99.99=61343] 
2017-05-20 03:50:50:520 540 sec: 88145 operations; 379.6 current ops/sec; est completion in 16 hours 52 minutes [READ: Count=3796, Max=57215, Min=110, Avg=2639.33, 90=10911, 99=18591, 99.9=38047, 99.99=57215] 
2017-05-20 03:51:00:520 550 sec: 92063 operations; 391.8 current ops/sec; est completion in 16 hours 26 minutes [READ: Count=3918, Max=76159, Min=109, Avg=2549.33, 90=11071, 99=19103, 99.9=27791, 99.99=76159] 
2017-05-20 03:51:10:520 560 sec: 95947 operations; 388.4 current ops/sec; est completion in 16 hours 3 minutes [READ: Count=3884, Max=83583, Min=110, Avg=2573.91, 90=11167, 99=20703, 99.9=33503, 99.99=83583] 
2017-05-20 03:51:20:520 570 sec: 100656 operations; 470.9 current ops/sec; est completion in 15 hours 34 minutes [READ: Count=4709, Max=42527, Min=110, Avg=2120.42, 90=9887, 99=18831, 99.9=30271, 99.99=42527] 
2017-05-20 03:51:30:520 580 sec: 105650 operations; 499.4 current ops/sec; est completion in 15 hours 5 minutes [READ: Count=4994, Max=63135, Min=111, Avg=1997.63, 90=9415, 99=18415, 99.9=31215, 99.99=63135] 
2017-05-20 03:51:40:522 590 sec: 111189 operations; 553.9 current ops/sec; est completion in 14 hours 34 minutes [READ: Count=5539, Max=69055, Min=129, Avg=1801.04, 90=8895, 99=18783, 99.9=30287, 99.99=45215] 
2017-05-20 03:51:50:520 600 sec: 117263 operations; 607.4 current ops/sec; est completion in 14 hours 2 minutes [READ: Count=6074, Max=104447, Min=110, Avg=1646.16, 90=7707, 99=17743, 99.9=29711, 99.99=48031] 
Maximum time elapsed. Requesting stop for the workload.
Stop requested for workload. Now Joining!
2017-05-20 03:51:50:545 600 sec: 117264 operations; 40 current ops/sec; est completion in 14 hours 2 minutes [CLEANUP: Count=1, Max=1192, Min=1192, Avg=1192, 90=1192, 99=1192, 99.9=1192, 99.99=1192] [READ: Count=1, Max=32991, Min=32960, Avg=32976, 90=32991, 99=32991, 99.9=32991, 99.99=32991] 
[OVERALL], RunTime(ms), 600027.0
[OVERALL], Throughput(ops/sec), 195.4312055957482
[TOTAL_GCS_PS_Scavenge], Count, 109.0
[TOTAL_GC_TIME_PS_Scavenge], Time(ms), 267.0
[TOTAL_GC_TIME_%_PS_Scavenge], Time(%), 0.044497997590108446
[TOTAL_GCS_PS_MarkSweep], Count, 0.0
[TOTAL_GC_TIME_PS_MarkSweep], Time(ms), 0.0
[TOTAL_GC_TIME_%_PS_MarkSweep], Time(%), 0.0
[TOTAL_GCs], Count, 109.0
[TOTAL_GC_TIME], Time(ms), 267.0
[TOTAL_GC_TIME_%], Time(%), 0.044497997590108446
[CLEANUP], Operations, 1.0
[CLEANUP], AverageLatency(us), 1192.0
[CLEANUP], MinLatency(us), 1192.0
[CLEANUP], MaxLatency(us), 1192.0
[CLEANUP], 95thPercentileLatency(us), 1192.0
[CLEANUP], 99thPercentileLatency(us), 1192.0
[READ], Operations, 117264.0
[READ], AverageLatency(us), 5104.942898076136
[READ], MinLatency(us), 109.0
[READ], MaxLatency(us), 333055.0
[READ], 95thPercentileLatency(us), 15735.0
[READ], 99thPercentileLatency(us), 21231.0
[READ], Return=OK, 117264
