/usr/lib/jvm/java-7-openjdk-amd64/bin/java -cp /home/vm1/clients/ycsb_redis/redis-binding/conf:/home/vm1/clients/ycsb_redis/conf:/home/vm1/clients/ycsb_redis/lib/commons-pool-1.5.5.jar:/home/vm1/clients/ycsb_redis/lib/jackson-mapper-asl-1.9.4.jar:/home/vm1/clients/ycsb_redis/lib/redis-binding-0.13.0-SNAPSHOT.jar:/home/vm1/clients/ycsb_redis/lib/jackson-core-asl-1.9.4.jar:/home/vm1/clients/ycsb_redis/lib/htrace-core4-4.1.0-incubating.jar:/home/vm1/clients/ycsb_redis/lib/jedis-2.0.0.jar:/home/vm1/clients/ycsb_redis/lib/HdrHistogram-2.1.4.jar:/home/vm1/clients/ycsb_redis/lib/core-0.13.0-SNAPSHOT.jar com.yahoo.ycsb.Client -db com.yahoo.ycsb.db.RedisClient -s -P /home/vm1/clients/ycsb_redis/workloads/workload1 -p redis.host=10.0.3.168 -p redis.port=6379 -load
Command line: -db com.yahoo.ycsb.db.RedisClient -s -P /home/vm1/clients/ycsb_redis/workloads/workload1 -p redis.host=10.0.3.168 -p redis.port=6379 -loadYCSB Client 0.13.0-SNAPSHOT

Loading workload...
Starting test.
DBWrapper: report latency for each error is false and specific error codes to track for latency are: []
2017-05-20 04:01:55:609 0 sec: 0 operations; est completion in 0 seconds 
2017-05-20 04:02:05:572 10 sec: 55740 operations; 5574 current ops/sec; est completion in 26 seconds [INSERT: Count=55740, Max=24463, Min=127, Avg=168.64, 90=196, 99=401, 99.9=1187, 99.99=4103] 
2017-05-20 04:02:15:571 20 sec: 107753 operations; 5201.3 current ops/sec; est completion in 18 seconds [INSERT: Count=52013, Max=13903, Min=129, Avg=186.69, 90=215, 99=389, 99.9=621, 99.99=5019] 
2017-05-20 04:02:25:571 30 sec: 158381 operations; 5062.8 current ops/sec; est completion in 8 seconds [INSERT: Count=50630, Max=18479, Min=129, Avg=191.66, 90=220, 99=393, 99.9=1573, 99.99=2547] 
2017-05-20 04:02:33:877 38 sec: 200000 operations; 5012.53 current ops/sec; [CLEANUP: Count=1, Max=200, Min=200, Avg=200, 90=200, 99=200, 99.9=200, 99.99=200] [INSERT: Count=41617, Max=6211, Min=129, Avg=193.62, 90=220, 99=384, 99.9=688, 99.99=2571] 
[OVERALL], RunTime(ms), 38306.0
[OVERALL], Throughput(ops/sec), 5221.114185767243
[TOTAL_GCS_PS_Scavenge], Count, 156.0
[TOTAL_GC_TIME_PS_Scavenge], Time(ms), 251.0
[TOTAL_GC_TIME_%_PS_Scavenge], Time(%), 0.6552498303137889
[TOTAL_GCS_PS_MarkSweep], Count, 0.0
[TOTAL_GC_TIME_PS_MarkSweep], Time(ms), 0.0
[TOTAL_GC_TIME_%_PS_MarkSweep], Time(%), 0.0
[TOTAL_GCs], Count, 156.0
[TOTAL_GC_TIME], Time(ms), 251.0
[TOTAL_GC_TIME_%], Time(%), 0.6552498303137889
[CLEANUP], Operations, 1.0
[CLEANUP], AverageLatency(us), 200.0
[CLEANUP], MinLatency(us), 200.0
[CLEANUP], MaxLatency(us), 200.0
[CLEANUP], 95thPercentileLatency(us), 200.0
[CLEANUP], 99thPercentileLatency(us), 200.0
[INSERT], Operations, 200000.0
[INSERT], AverageLatency(us), 184.359495
[INSERT], MinLatency(us), 127.0
[INSERT], MaxLatency(us), 24463.0
[INSERT], 95thPercentileLatency(us), 263.0
[INSERT], 99thPercentileLatency(us), 393.0
[INSERT], Return=OK, 200000
