java -cp /home/ubuntu/ycsb/redis-binding/conf:/home/ubuntu/ycsb/conf:/home/ubuntu/ycsb/lib/commons-pool-1.5.5.jar:/home/ubuntu/ycsb/lib/jackson-mapper-asl-1.9.4.jar:/home/ubuntu/ycsb/lib/redis-binding-0.13.0-SNAPSHOT.jar:/home/ubuntu/ycsb/lib/jackson-core-asl-1.9.4.jar:/home/ubuntu/ycsb/lib/htrace-core4-4.1.0-incubating.jar:/home/ubuntu/ycsb/lib/jedis-2.0.0.jar:/home/ubuntu/ycsb/lib/HdrHistogram-2.1.4.jar:/home/ubuntu/ycsb/lib/core-0.13.0-SNAPSHOT.jar com.yahoo.ycsb.Client -db com.yahoo.ycsb.db.RedisClient -s -P /home/ubuntu/ycsb/workloads/workload1 -p redis.host=10.0.3.168 -p redis.port=6379 -p operationcount=100000000 -p maxexecutiontime=600 -t
Command line: -db com.yahoo.ycsb.db.RedisClient -s -P /home/ubuntu/ycsb/workloads/workload1 -p redis.host=10.0.3.168 -p redis.port=6379 -p operationcount=100000000 -p maxexecutiontime=600 -tYCSB Client 0.13.0-SNAPSHOT

Loading workload...
Starting test.
Maximum execution time specified as: 600 secs
2017-05-15 02:13:08:045 0 sec: 0 operations; est completion in 0 seconds 
DBWrapper: report latency for each error is false and specific error codes to track for latency are: []
2017-05-15 02:13:18:001 10 sec: 433 operations; 43.3 current ops/sec; est completion in 26 days 17 hours [READ: Count=433, Max=327935, Min=155, Avg=22556.93, 90=63519, 99=242175, 99.9=327935, 99.99=327935] 
2017-05-15 02:13:28:001 20 sec: 602 operations; 16.9 current ops/sec; est completion in 38 days 10 hours [READ: Count=169, Max=433407, Min=151, Avg=59298.14, 90=208767, 99=316159, 99.9=433407, 99.99=433407] 
2017-05-15 02:13:38:001 30 sec: 786 operations; 18.4 current ops/sec; est completion in 44 days 4 hours [READ: Count=184, Max=356095, Min=144, Avg=53435.83, 90=208127, 99=323327, 99.9=356095, 99.99=356095] 
2017-05-15 02:13:48:001 40 sec: 967 operations; 18.1 current ops/sec; est completion in 47 days 21 hours [READ: Count=181, Max=341247, Min=143, Avg=56001.14, 90=199423, 99=283391, 99.9=341247, 99.99=341247] 
2017-05-15 02:13:58:001 50 sec: 1182 operations; 21.5 current ops/sec; est completion in 48 days 23 hours [READ: Count=215, Max=1001471, Min=191, Avg=46375.72, 90=173951, 99=276991, 99.9=1001471, 99.99=1001471] 
2017-05-15 02:14:08:001 60 sec: 1386 operations; 20.4 current ops/sec; est completion in 50 days 2 hours [READ: Count=204, Max=421119, Min=129, Avg=48639.62, 90=169087, 99=271359, 99.9=421119, 99.99=421119] 
2017-05-15 02:14:18:001 70 sec: 1557 operations; 17.1 current ops/sec; est completion in 52 days [READ: Count=171, Max=357887, Min=143, Avg=58578.33, 90=182527, 99=334079, 99.9=357887, 99.99=357887] 
2017-05-15 02:14:28:001 80 sec: 1735 operations; 17.8 current ops/sec; est completion in 53 days 8 hours [READ: Count=178, Max=372223, Min=126, Avg=55985.44, 90=177919, 99=342783, 99.9=372223, 99.99=372223] 
2017-05-15 02:14:38:001 90 sec: 1930 operations; 19.5 current ops/sec; est completion in 53 days 23 hours [READ: Count=195, Max=463359, Min=129, Avg=51255.02, 90=188287, 99=292607, 99.9=463359, 99.99=463359] 
2017-05-15 02:14:48:001 100 sec: 2141 operations; 21.1 current ops/sec; est completion in 54 days 1 hours [READ: Count=211, Max=333055, Min=127, Avg=47459.33, 90=173695, 99=325375, 99.9=333055, 99.99=333055] 
2017-05-15 02:14:58:000 110 sec: 2338 operations; 19.7 current ops/sec; est completion in 54 days 10 hours [READ: Count=197, Max=464895, Min=138, Avg=50713.32, 90=177407, 99=275455, 99.9=464895, 99.99=464895] 
2017-05-15 02:15:08:001 120 sec: 2529 operations; 19.1 current ops/sec; est completion in 54 days 22 hours [READ: Count=191, Max=346879, Min=186, Avg=51722.66, 90=221055, 99=309247, 99.9=346879, 99.99=346879] 
2017-05-15 02:15:18:001 130 sec: 2690 operations; 16.1 current ops/sec; est completion in 55 days 22 hours [READ: Count=161, Max=550399, Min=126, Avg=62014.64, 90=225279, 99=442367, 99.9=550399, 99.99=550399] 
2017-05-15 02:15:28:001 140 sec: 2837 operations; 14.7 current ops/sec; est completion in 57 days 2 hours [READ: Count=147, Max=451583, Min=145, Avg=67349.16, 90=241535, 99=394751, 99.9=451583, 99.99=451583] 
2017-05-15 02:15:38:001 150 sec: 3023 operations; 18.6 current ops/sec; est completion in 57 days 10 hours [READ: Count=186, Max=444159, Min=124, Avg=54333.88, 90=198911, 99=374783, 99.9=444159, 99.99=444159] 
2017-05-15 02:15:48:001 160 sec: 3213 operations; 19 current ops/sec; est completion in 57 days 15 hours [READ: Count=190, Max=371455, Min=204, Avg=52759.96, 90=176383, 99=342527, 99.9=371455, 99.99=371455] 
2017-05-15 02:15:58:001 170 sec: 3439 operations; 22.6 current ops/sec; est completion in 57 days 5 hours [READ: Count=226, Max=337663, Min=172, Avg=42684.01, 90=159231, 99=314367, 99.9=337663, 99.99=337663] 
2017-05-15 02:16:08:001 180 sec: 3613 operations; 17.4 current ops/sec; est completion in 57 days 15 hours [READ: Count=174, Max=557055, Min=199, Avg=59658.21, 90=227711, 99=327679, 99.9=557055, 99.99=557055] 
2017-05-15 02:16:18:001 190 sec: 3801 operations; 18.8 current ops/sec; est completion in 57 days 20 hours [READ: Count=188, Max=496383, Min=135, Avg=53524.16, 90=186879, 99=375551, 99.9=496383, 99.99=496383] 
2017-05-15 02:16:28:001 200 sec: 4048 operations; 24.7 current ops/sec; est completion in 57 days 4 hours [READ: Count=247, Max=269055, Min=129, Avg=39871.01, 90=147455, 99=249855, 99.9=269055, 99.99=269055] 
2017-05-15 02:16:38:001 210 sec: 4245 operations; 19.7 current ops/sec; est completion in 57 days 6 hours [READ: Count=197, Max=259967, Min=189, Avg=50813.52, 90=166271, 99=237951, 99.9=259967, 99.99=259967] 
2017-05-15 02:16:48:001 220 sec: 4454 operations; 20.9 current ops/sec; est completion in 57 days 3 hours [READ: Count=209, Max=366079, Min=180, Avg=48400.83, 90=174719, 99=274431, 99.9=366079, 99.99=366079] 
2017-05-15 02:16:58:001 230 sec: 4700 operations; 24.6 current ops/sec; est completion in 56 days 15 hours [READ: Count=246, Max=528895, Min=174, Avg=40541.85, 90=141311, 99=325375, 99.9=528895, 99.99=528895] 
2017-05-15 02:17:08:001 240 sec: 4862 operations; 16.2 current ops/sec; est completion in 57 days 3 hours [READ: Count=162, Max=447231, Min=127, Avg=61554.54, 90=222207, 99=376063, 99.9=447231, 99.99=447231] 
2017-05-15 02:17:18:001 250 sec: 5059 operations; 19.7 current ops/sec; est completion in 57 days 4 hours [READ: Count=197, Max=329215, Min=170, Avg=50538.49, 90=173695, 99=298751, 99.9=329215, 99.99=329215] 
2017-05-15 02:17:28:001 260 sec: 5266 operations; 20.7 current ops/sec; est completion in 57 days 3 hours [READ: Count=207, Max=409855, Min=137, Avg=48548.5, 90=178815, 99=283647, 99.9=409855, 99.99=409855] 
2017-05-15 02:17:38:001 270 sec: 5414 operations; 14.8 current ops/sec; est completion in 57 days 17 hours [READ: Count=148, Max=363263, Min=124, Avg=64551.16, 90=220799, 99=338431, 99.9=363263, 99.99=363263] 
2017-05-15 02:17:48:001 280 sec: 5643 operations; 22.9 current ops/sec; est completion in 57 days 10 hours [READ: Count=229, Max=450047, Min=169, Avg=44200.21, 90=156287, 99=312831, 99.9=450047, 99.99=450047] 
2017-05-15 02:17:58:001 290 sec: 5854 operations; 21.1 current ops/sec; est completion in 57 days 7 hours [READ: Count=211, Max=466431, Min=147, Avg=48605.36, 90=167167, 99=304639, 99.9=466431, 99.99=466431] 
2017-05-15 02:18:08:001 300 sec: 6084 operations; 23 current ops/sec; est completion in 57 days 1 hours [READ: Count=230, Max=337151, Min=183, Avg=43427.26, 90=168447, 99=280831, 99.9=337151, 99.99=337151] 
2017-05-15 02:18:18:001 310 sec: 6301 operations; 21.7 current ops/sec; est completion in 56 days 22 hours [READ: Count=217, Max=513791, Min=169, Avg=46024.24, 90=160767, 99=302079, 99.9=513791, 99.99=513791] 
2017-05-15 02:18:28:001 320 sec: 6498 operations; 19.7 current ops/sec; est completion in 56 days 23 hours [READ: Count=197, Max=457471, Min=123, Avg=50127.01, 90=163839, 99=358655, 99.9=457471, 99.99=457471] 
2017-05-15 02:18:38:001 330 sec: 6693 operations; 19.5 current ops/sec; est completion in 57 days 1 hours [READ: Count=195, Max=349695, Min=118, Avg=51885.03, 90=179583, 99=320511, 99.9=349695, 99.99=349695] 
2017-05-15 02:18:48:001 340 sec: 6914 operations; 22.1 current ops/sec; est completion in 56 days 21 hours [READ: Count=221, Max=500735, Min=125, Avg=45354.37, 90=158207, 99=328959, 99.9=500735, 99.99=500735] 
2017-05-15 02:18:58:001 350 sec: 7134 operations; 22 current ops/sec; est completion in 56 days 18 hours [READ: Count=220, Max=470271, Min=159, Avg=45237.83, 90=151807, 99=269055, 99.9=470271, 99.99=470271] 
2017-05-15 02:19:08:001 360 sec: 7325 operations; 19.1 current ops/sec; est completion in 56 days 21 hours [READ: Count=191, Max=310271, Min=188, Avg=52524.96, 90=181503, 99=281343, 99.9=310271, 99.99=310271] 
2017-05-15 02:19:18:010 370 sec: 7551 operations; 22.6 current ops/sec; est completion in 56 days 17 hours [READ: Count=226, Max=379135, Min=130, Avg=44249.06, 90=144767, 99=319231, 99.9=379135, 99.99=379135] 
2017-05-15 02:19:28:001 380 sec: 7725 operations; 17.4 current ops/sec; est completion in 56 days 22 hours [READ: Count=174, Max=382207, Min=175, Avg=57412.18, 90=178943, 99=333567, 99.9=382207, 99.99=382207] 
2017-05-15 02:19:38:001 390 sec: 7926 operations; 20.1 current ops/sec; est completion in 56 days 22 hours [READ: Count=201, Max=287487, Min=128, Avg=49767.61, 90=174719, 99=257407, 99.9=287487, 99.99=287487] 
2017-05-15 02:19:48:001 400 sec: 8123 operations; 19.7 current ops/sec; est completion in 56 days 23 hours [READ: Count=197, Max=586239, Min=180, Avg=50371.23, 90=159103, 99=331519, 99.9=586239, 99.99=586239] 
2017-05-15 02:19:58:001 410 sec: 8317 operations; 19.4 current ops/sec; est completion in 57 days 1 hours [READ: Count=194, Max=774655, Min=169, Avg=50646.2, 90=168575, 99=319231, 99.9=774655, 99.99=774655] 
2017-05-15 02:20:08:001 420 sec: 8539 operations; 22.2 current ops/sec; est completion in 56 days 22 hours [READ: Count=222, Max=426239, Min=150, Avg=46137.66, 90=146175, 99=325375, 99.9=426239, 99.99=426239] 
2017-05-15 02:20:18:001 430 sec: 8773 operations; 23.4 current ops/sec; est completion in 56 days 17 hours [READ: Count=234, Max=394239, Min=146, Avg=42858.99, 90=149119, 99=247935, 99.9=394239, 99.99=394239] 
2017-05-15 02:20:28:001 440 sec: 8952 operations; 17.9 current ops/sec; est completion in 56 days 21 hours [READ: Count=179, Max=438527, Min=167, Avg=55533.61, 90=179839, 99=302591, 99.9=438527, 99.99=438527] 
2017-05-15 02:20:38:001 450 sec: 9212 operations; 26 current ops/sec; est completion in 56 days 12 hours [READ: Count=260, Max=382207, Min=168, Avg=38415.23, 90=151423, 99=298239, 99.9=382207, 99.99=382207] 
2017-05-15 02:20:48:000 460 sec: 9416 operations; 20.4 current ops/sec; est completion in 56 days 12 hours [READ: Count=204, Max=428799, Min=167, Avg=48139.18, 90=172415, 99=307199, 99.9=428799, 99.99=428799] 
2017-05-15 02:20:58:001 470 sec: 9624 operations; 20.8 current ops/sec; est completion in 56 days 12 hours [READ: Count=208, Max=366591, Min=125, Avg=48205.61, 90=150015, 99=257791, 99.9=366591, 99.99=366591] 
2017-05-15 02:21:08:001 480 sec: 9845 operations; 22.1 current ops/sec; est completion in 56 days 10 hours [READ: Count=221, Max=419583, Min=177, Avg=45772.82, 90=158335, 99=273151, 99.9=419583, 99.99=419583] 
2017-05-15 02:21:18:001 490 sec: 10058 operations; 21.3 current ops/sec; est completion in 56 days 9 hours [READ: Count=213, Max=370431, Min=163, Avg=46911.87, 90=162943, 99=282879, 99.9=370431, 99.99=370431] 
2017-05-15 02:21:28:001 500 sec: 10306 operations; 24.8 current ops/sec; est completion in 56 days 3 hours [READ: Count=248, Max=273151, Min=165, Avg=39322.19, 90=132991, 99=261759, 99.9=273151, 99.99=273151] 
2017-05-15 02:21:38:001 510 sec: 10552 operations; 24.6 current ops/sec; est completion in 55 days 22 hours [READ: Count=246, Max=374015, Min=171, Avg=41687.52, 90=142847, 99=253695, 99.9=374015, 99.99=374015] 
2017-05-15 02:21:48:001 520 sec: 10782 operations; 23 current ops/sec; est completion in 55 days 19 hours [READ: Count=230, Max=433407, Min=151, Avg=43184.9, 90=134015, 99=304639, 99.9=433407, 99.99=433407] 
2017-05-15 02:21:58:001 530 sec: 10972 operations; 19 current ops/sec; est completion in 55 days 21 hours [READ: Count=190, Max=409855, Min=116, Avg=52487.76, 90=158463, 99=311551, 99.9=409855, 99.99=409855] 
2017-05-15 02:22:08:001 540 sec: 11202 operations; 23 current ops/sec; est completion in 55 days 18 hours [READ: Count=230, Max=296191, Min=115, Avg=43526.11, 90=151551, 99=251263, 99.9=296191, 99.99=296191] 
2017-05-15 02:22:18:001 550 sec: 11399 operations; 19.7 current ops/sec; est completion in 55 days 20 hours [READ: Count=197, Max=499455, Min=166, Avg=51027.76, 90=156927, 99=354047, 99.9=499455, 99.99=499455] 
2017-05-15 02:22:28:000 560 sec: 11646 operations; 24.7 current ops/sec; est completion in 55 days 15 hours [READ: Count=247, Max=346623, Min=186, Avg=40314.78, 90=141311, 99=287999, 99.9=346623, 99.99=346623] 
2017-05-15 02:22:38:001 570 sec: 11875 operations; 22.9 current ops/sec; est completion in 55 days 13 hours [READ: Count=229, Max=484351, Min=120, Avg=44105.32, 90=155007, 99=366335, 99.9=484351, 99.99=484351] 
2017-05-15 02:22:48:001 580 sec: 12095 operations; 22 current ops/sec; est completion in 55 days 11 hours [READ: Count=220, Max=532479, Min=127, Avg=45300.07, 90=151679, 99=251007, 99.9=532479, 99.99=532479] 
2017-05-15 02:22:58:001 590 sec: 12312 operations; 21.7 current ops/sec; est completion in 55 days 10 hours [READ: Count=217, Max=511231, Min=141, Avg=45657.34, 90=145919, 99=275711, 99.9=511231, 99.99=511231] 
2017-05-15 02:23:08:001 600 sec: 12571 operations; 25.9 current ops/sec; est completion in 55 days 5 hours [READ: Count=259, Max=365567, Min=158, Avg=39009.07, 90=128575, 99=342527, 99.9=365567, 99.99=365567] 
Maximum time elapsed. Requesting stop for the workload.
Stop requested for workload. Now Joining!
2017-05-15 02:23:08:142 600 sec: 12572 operations; 7.04 current ops/sec; est completion in 55 days 5 hours [READ: Count=1, Max=109119, Min=109056, Avg=109088, 90=109119, 99=109119, 99.9=109119, 99.99=109119] [CLEANUP: Count=1, Max=362, Min=362, Avg=362, 90=362, 99=362, 99.9=362, 99.99=362] 
[OVERALL], RunTime(ms), 600158.0
[OVERALL], Throughput(ops/sec), 20.94781707483696
[TOTAL_GCS_PS_Scavenge], Count, 8.0
[TOTAL_GC_TIME_PS_Scavenge], Time(ms), 60.0
[TOTAL_GC_TIME_%_PS_Scavenge], Time(%), 0.009997367359928552
[TOTAL_GCS_PS_MarkSweep], Count, 0.0
[TOTAL_GC_TIME_PS_MarkSweep], Time(ms), 0.0
[TOTAL_GC_TIME_%_PS_MarkSweep], Time(%), 0.0
[TOTAL_GCs], Count, 8.0
[TOTAL_GC_TIME], Time(ms), 60.0
[TOTAL_GC_TIME_%], Time(%), 0.009997367359928552
[READ], Operations, 12572.0
[READ], AverageLatency(us), 47682.49586382437
[READ], MinLatency(us), 115.0
[READ], MaxLatency(us), 1001471.0
[READ], 95thPercentileLatency(us), 217471.0
[READ], 99thPercentileLatency(us), 319231.0
[READ], Return=OK, 12572
[CLEANUP], Operations, 1.0
[CLEANUP], AverageLatency(us), 362.0
[CLEANUP], MinLatency(us), 362.0
[CLEANUP], MaxLatency(us), 362.0
[CLEANUP], 95thPercentileLatency(us), 362.0
[CLEANUP], 99thPercentileLatency(us), 362.0
