Tue May 16 14:21:02 IST 2017
--------------------MEMCG-----------------------
MEM ONLY  : 265 MB
MEM+SWAP  : 265 MB
cache 43024384
rss 235237376
rss_huge 0
mapped_file 17444864
writeback 0
swap 0
pgpgin 154460
pgpgout 86525
pgfault 255951
pgmajfault 317
inactive_anon 49152
active_anon 235257856
inactive_file 26136576
active_file 16809984
unevictable 0
hierarchical_memory_limit 805306368
hierarchical_memsw_limit 5368709120
total_cache 43024384
total_rss 235237376
total_rss_huge 0
total_mapped_file 17444864
total_writeback 0
total_swap 0
total_pgpgin 154460
total_pgpgout 86525
total_pgfault 255951
total_pgmajfault 317
total_inactive_anon 49152
total_active_anon 235257856
total_inactive_file 26136576
total_active_file 16809984
total_unevictable 0
--------------------BLKIO-----------------------
11:0 Read 0
11:0 Write 0
11:0 Sync 0
11:0 Async 0
11:0 Total 0
253:0 Read 57561088
253:0 Write 245760
253:0 Sync 12288
253:0 Async 57794560
253:0 Total 57806848
Total 57806848
--------------------CPUAC-----------------------
user 58
system 99
 
Tue May 16 14:21:32 IST 2017
--------------------MEMCG-----------------------
MEM ONLY  : 341 MB
MEM+SWAP  : 341 MB
cache 44843008
rss 313044992
rss_huge 0
mapped_file 17387520
writeback 0
swap 0
pgpgin 174253
pgpgout 86878
pgfault 275575
pgmajfault 318
inactive_anon 45056
active_anon 313073664
inactive_file 26021888
active_file 18747392
unevictable 0
hierarchical_memory_limit 805306368
hierarchical_memsw_limit 5368709120
total_cache 44843008
total_rss 313044992
total_rss_huge 0
total_mapped_file 17387520
total_writeback 0
total_swap 0
total_pgpgin 174253
total_pgpgout 86878
total_pgfault 275575
total_pgmajfault 318
total_inactive_anon 45056
total_active_anon 313073664
total_inactive_file 26021888
total_active_file 18747392
total_unevictable 0
--------------------BLKIO-----------------------
11:0 Read 0
11:0 Write 0
11:0 Sync 0
11:0 Async 0
11:0 Total 0
253:0 Read 134807552
253:0 Write 10215424
253:0 Sync 9981952
253:0 Async 135041024
253:0 Total 145022976
Total 145022976
--------------------CPUAC-----------------------
user 146
system 165
 
Tue May 16 14:22:02 IST 2017
--------------------MEMCG-----------------------
MEM ONLY  : 412 MB
MEM+SWAP  : 412 MB
cache 46735360
rss 386105344
rss_huge 0
mapped_file 17248256
writeback 0
swap 0
pgpgin 192617
pgpgout 86943
pgfault 293486
pgmajfault 318
inactive_anon 45056
active_anon 386134016
inactive_file 26685440
active_file 19976192
unevictable 0
hierarchical_memory_limit 805306368
hierarchical_memsw_limit 5368709120
total_cache 46735360
total_rss 386105344
total_rss_huge 0
total_mapped_file 17248256
total_writeback 0
total_swap 0
total_pgpgin 192617
total_pgpgout 86943
total_pgfault 293486
total_pgmajfault 318
total_inactive_anon 45056
total_active_anon 386134016
total_inactive_file 26685440
total_active_file 19976192
total_unevictable 0
--------------------BLKIO-----------------------
11:0 Read 0
11:0 Write 0
11:0 Sync 0
11:0 Async 0
11:0 Total 0
253:0 Read 207888384
253:0 Write 28557312
253:0 Sync 28323840
253:0 Async 208121856
253:0 Total 236445696
Total 236445696
--------------------CPUAC-----------------------
user 244
system 224
 
Tue May 16 14:22:32 IST 2017
--------------------MEMCG-----------------------
MEM ONLY  : 481 MB
MEM+SWAP  : 481 MB
cache 50634752
rss 454160384
rss_huge 0
mapped_file 17272832
writeback 0
swap 0
pgpgin 210303
pgpgout 87062
pgfault 310222
pgmajfault 318
inactive_anon 45056
active_anon 454189056
inactive_file 29315072
active_file 21245952
unevictable 0
hierarchical_memory_limit 805306368
hierarchical_memsw_limit 5368709120
total_cache 50634752
total_rss 454160384
total_rss_huge 0
total_mapped_file 17272832
total_writeback 0
total_swap 0
total_pgpgin 210303
total_pgpgout 87062
total_pgfault 310222
total_pgmajfault 318
total_inactive_anon 45056
total_active_anon 454189056
total_inactive_file 29315072
total_active_file 21245952
total_unevictable 0
--------------------BLKIO-----------------------
11:0 Read 0
11:0 Write 0
11:0 Sync 0
11:0 Async 0
11:0 Total 0
253:0 Read 269008896
253:0 Write 82460672
253:0 Sync 82227200
253:0 Async 269242368
253:0 Total 351469568
Total 351469568
--------------------CPUAC-----------------------
user 356
system 309
 
