Thu May 18 16:48:28 IST 2017
--------------------MEMCG-----------------------
MEM ONLY  : 30 MB
MEM+SWAP  : 30 MB
cache 23552000
rss 8003584
rss_huge 0
mapped_file 8896512
writeback 0
swap 0
pgpgin 77907
pgpgout 70203
pgfault 175679
pgmajfault 195
inactive_anon 45056
active_anon 8032256
inactive_file 10883072
active_file 12595200
unevictable 0
hierarchical_memory_limit 6656360448
hierarchical_memsw_limit 9223372036854771712
total_cache 23552000
total_rss 8003584
total_rss_huge 0
total_mapped_file 8896512
total_writeback 0
total_swap 0
total_pgpgin 77907
total_pgpgout 70203
total_pgfault 175679
total_pgmajfault 195
total_inactive_anon 45056
total_active_anon 8032256
total_inactive_file 10883072
total_active_file 12595200
total_unevictable 0
--------------------BLKIO-----------------------
11:0 Read 0
11:0 Write 0
11:0 Sync 0
11:0 Async 0
11:0 Total 0
253:0 Read 23437312
253:0 Write 229376
253:0 Sync 0
253:0 Async 23666688
253:0 Total 23666688
Total 23666688
--------------------CPUAC-----------------------
user 84
system 97
 
Thu May 18 16:48:58 IST 2017
--------------------MEMCG-----------------------
MEM ONLY  : 29 MB
MEM+SWAP  : 29 MB
cache 23552000
rss 7737344
rss_huge 0
mapped_file 8757248
writeback 0
swap 0
pgpgin 77907
pgpgout 70268
pgfault 175688
pgmajfault 195
inactive_anon 45056
active_anon 7766016
inactive_file 10862592
active_file 12615680
unevictable 0
hierarchical_memory_limit 6656360448
hierarchical_memsw_limit 32212254720
total_cache 23552000
total_rss 7737344
total_rss_huge 0
total_mapped_file 8757248
total_writeback 0
total_swap 0
total_pgpgin 77907
total_pgpgout 70268
total_pgfault 175688
total_pgmajfault 195
total_inactive_anon 45056
total_active_anon 7766016
total_inactive_file 10862592
total_active_file 12615680
total_unevictable 0
--------------------BLKIO-----------------------
11:0 Read 0
11:0 Write 0
11:0 Sync 0
11:0 Async 0
11:0 Total 0
253:0 Read 23437312
253:0 Write 229376
253:0 Sync 0
253:0 Async 23666688
253:0 Total 23666688
Total 23666688
--------------------CPUAC-----------------------
user 85
system 97
 
Thu May 18 16:49:28 IST 2017
--------------------MEMCG-----------------------
MEM ONLY  : 29 MB
MEM+SWAP  : 29 MB
cache 23552000
rss 7737344
rss_huge 0
mapped_file 8757248
writeback 0
swap 0
pgpgin 77907
pgpgout 70268
pgfault 175688
pgmajfault 195
inactive_anon 45056
active_anon 7766016
inactive_file 10862592
active_file 12615680
unevictable 0
hierarchical_memory_limit 6656360448
hierarchical_memsw_limit 32212254720
total_cache 23552000
total_rss 7737344
total_rss_huge 0
total_mapped_file 8757248
total_writeback 0
total_swap 0
total_pgpgin 77907
total_pgpgout 70268
total_pgfault 175688
total_pgmajfault 195
total_inactive_anon 45056
total_active_anon 7766016
total_inactive_file 10862592
total_active_file 12615680
total_unevictable 0
--------------------BLKIO-----------------------
11:0 Read 0
11:0 Write 0
11:0 Sync 0
11:0 Async 0
11:0 Total 0
253:0 Read 23437312
253:0 Write 229376
253:0 Sync 0
253:0 Async 23666688
253:0 Total 23666688
Total 23666688
--------------------CPUAC-----------------------
user 85
system 98
 
Thu May 18 16:49:58 IST 2017
--------------------MEMCG-----------------------
MEM ONLY  : 29 MB
MEM+SWAP  : 29 MB
cache 23552000
rss 7737344
rss_huge 0
mapped_file 8757248
writeback 0
swap 0
pgpgin 77907
pgpgout 70268
pgfault 175688
pgmajfault 195
inactive_anon 45056
active_anon 7766016
inactive_file 10862592
active_file 12615680
unevictable 0
hierarchical_memory_limit 6656360448
hierarchical_memsw_limit 32212254720
total_cache 23552000
total_rss 7737344
total_rss_huge 0
total_mapped_file 8757248
total_writeback 0
total_swap 0
total_pgpgin 77907
total_pgpgout 70268
total_pgfault 175688
total_pgmajfault 195
total_inactive_anon 45056
total_active_anon 7766016
total_inactive_file 10862592
total_active_file 12615680
total_unevictable 0
--------------------BLKIO-----------------------
11:0 Read 0
11:0 Write 0
11:0 Sync 0
11:0 Async 0
11:0 Total 0
253:0 Read 23437312
253:0 Write 229376
253:0 Sync 0
253:0 Async 23666688
253:0 Total 23666688
Total 23666688
--------------------CPUAC-----------------------
user 85
system 98
 
Thu May 18 16:50:28 IST 2017
--------------------MEMCG-----------------------
MEM ONLY  : 29 MB
MEM+SWAP  : 29 MB
cache 23552000
rss 7737344
rss_huge 0
mapped_file 8757248
writeback 0
swap 0
pgpgin 77907
pgpgout 70268
pgfault 175688
pgmajfault 195
inactive_anon 45056
active_anon 7766016
inactive_file 10862592
active_file 12615680
unevictable 0
hierarchical_memory_limit 6656360448
hierarchical_memsw_limit 32212254720
total_cache 23552000
total_rss 7737344
total_rss_huge 0
total_mapped_file 8757248
total_writeback 0
total_swap 0
total_pgpgin 77907
total_pgpgout 70268
total_pgfault 175688
total_pgmajfault 195
total_inactive_anon 45056
total_active_anon 7766016
total_inactive_file 10862592
total_active_file 12615680
total_unevictable 0
--------------------BLKIO-----------------------
11:0 Read 0
11:0 Write 0
11:0 Sync 0
11:0 Async 0
11:0 Total 0
253:0 Read 23437312
253:0 Write 229376
253:0 Sync 0
253:0 Async 23666688
253:0 Total 23666688
Total 23666688
--------------------CPUAC-----------------------
user 85
system 99
 
Thu May 18 16:50:58 IST 2017
--------------------MEMCG-----------------------
MEM ONLY  : 29 MB
MEM+SWAP  : 29 MB
cache 23552000
rss 7737344
rss_huge 0
mapped_file 8757248
writeback 0
swap 0
pgpgin 77907
pgpgout 70268
pgfault 175688
pgmajfault 195
inactive_anon 45056
active_anon 7766016
inactive_file 10862592
active_file 12615680
unevictable 0
hierarchical_memory_limit 6656360448
hierarchical_memsw_limit 32212254720
total_cache 23552000
total_rss 7737344
total_rss_huge 0
total_mapped_file 8757248
total_writeback 0
total_swap 0
total_pgpgin 77907
total_pgpgout 70268
total_pgfault 175688
total_pgmajfault 195
total_inactive_anon 45056
total_active_anon 7766016
total_inactive_file 10862592
total_active_file 12615680
total_unevictable 0
--------------------BLKIO-----------------------
11:0 Read 0
11:0 Write 0
11:0 Sync 0
11:0 Async 0
11:0 Total 0
253:0 Read 23437312
253:0 Write 229376
253:0 Sync 0
253:0 Async 23666688
253:0 Total 23666688
Total 23666688
--------------------CPUAC-----------------------
user 86
system 100
 
Thu May 18 16:51:28 IST 2017
--------------------MEMCG-----------------------
MEM ONLY  : 29 MB
MEM+SWAP  : 29 MB
cache 23552000
rss 7737344
rss_huge 0
mapped_file 8757248
writeback 0
swap 0
pgpgin 77907
pgpgout 70268
pgfault 175688
pgmajfault 195
inactive_anon 45056
active_anon 7766016
inactive_file 10862592
active_file 12615680
unevictable 0
hierarchical_memory_limit 6656360448
hierarchical_memsw_limit 32212254720
total_cache 23552000
total_rss 7737344
total_rss_huge 0
total_mapped_file 8757248
total_writeback 0
total_swap 0
total_pgpgin 77907
total_pgpgout 70268
total_pgfault 175688
total_pgmajfault 195
total_inactive_anon 45056
total_active_anon 7766016
total_inactive_file 10862592
total_active_file 12615680
total_unevictable 0
--------------------BLKIO-----------------------
11:0 Read 0
11:0 Write 0
11:0 Sync 0
11:0 Async 0
11:0 Total 0
253:0 Read 23437312
253:0 Write 229376
253:0 Sync 0
253:0 Async 23666688
253:0 Total 23666688
Total 23666688
--------------------CPUAC-----------------------
user 86
system 100
 
Thu May 18 16:51:58 IST 2017
--------------------MEMCG-----------------------
MEM ONLY  : 29 MB
MEM+SWAP  : 29 MB
cache 23552000
rss 7737344
rss_huge 0
mapped_file 8757248
writeback 0
swap 0
pgpgin 77907
pgpgout 70268
pgfault 175688
pgmajfault 195
inactive_anon 45056
active_anon 7766016
inactive_file 10862592
active_file 12615680
unevictable 0
hierarchical_memory_limit 6656360448
hierarchical_memsw_limit 32212254720
total_cache 23552000
total_rss 7737344
total_rss_huge 0
total_mapped_file 8757248
total_writeback 0
total_swap 0
total_pgpgin 77907
total_pgpgout 70268
total_pgfault 175688
total_pgmajfault 195
total_inactive_anon 45056
total_active_anon 7766016
total_inactive_file 10862592
total_active_file 12615680
total_unevictable 0
--------------------BLKIO-----------------------
11:0 Read 0
11:0 Write 0
11:0 Sync 0
11:0 Async 0
11:0 Total 0
253:0 Read 23437312
253:0 Write 229376
253:0 Sync 0
253:0 Async 23666688
253:0 Total 23666688
Total 23666688
--------------------CPUAC-----------------------
user 86
system 102
 
Thu May 18 16:52:28 IST 2017
--------------------MEMCG-----------------------
MEM ONLY  : 29 MB
MEM+SWAP  : 29 MB
cache 23552000
rss 7737344
rss_huge 0
mapped_file 8757248
writeback 0
swap 0
pgpgin 77907
pgpgout 70268
pgfault 175688
pgmajfault 195
inactive_anon 45056
active_anon 7766016
inactive_file 10862592
active_file 12615680
unevictable 0
hierarchical_memory_limit 6656360448
hierarchical_memsw_limit 32212254720
total_cache 23552000
total_rss 7737344
total_rss_huge 0
total_mapped_file 8757248
total_writeback 0
total_swap 0
total_pgpgin 77907
total_pgpgout 70268
total_pgfault 175688
total_pgmajfault 195
total_inactive_anon 45056
total_active_anon 7766016
total_inactive_file 10862592
total_active_file 12615680
total_unevictable 0
--------------------BLKIO-----------------------
11:0 Read 0
11:0 Write 0
11:0 Sync 0
11:0 Async 0
11:0 Total 0
253:0 Read 23437312
253:0 Write 229376
253:0 Sync 0
253:0 Async 23666688
253:0 Total 23666688
Total 23666688
--------------------CPUAC-----------------------
user 86
system 102
 
Thu May 18 16:52:58 IST 2017
--------------------MEMCG-----------------------
MEM ONLY  : 29 MB
MEM+SWAP  : 29 MB
cache 23552000
rss 7737344
rss_huge 0
mapped_file 8757248
writeback 0
swap 0
pgpgin 77907
pgpgout 70268
pgfault 175688
pgmajfault 195
inactive_anon 45056
active_anon 7766016
inactive_file 10862592
active_file 12615680
unevictable 0
hierarchical_memory_limit 6656360448
hierarchical_memsw_limit 32212254720
total_cache 23552000
total_rss 7737344
total_rss_huge 0
total_mapped_file 8757248
total_writeback 0
total_swap 0
total_pgpgin 77907
total_pgpgout 70268
total_pgfault 175688
total_pgmajfault 195
total_inactive_anon 45056
total_active_anon 7766016
total_inactive_file 10862592
total_active_file 12615680
total_unevictable 0
--------------------BLKIO-----------------------
11:0 Read 0
11:0 Write 0
11:0 Sync 0
11:0 Async 0
11:0 Total 0
253:0 Read 23437312
253:0 Write 229376
253:0 Sync 0
253:0 Async 23666688
253:0 Total 23666688
Total 23666688
--------------------CPUAC-----------------------
user 86
system 104
 
Thu May 18 16:53:28 IST 2017
--------------------MEMCG-----------------------
MEM ONLY  : 29 MB
MEM+SWAP  : 29 MB
cache 23552000
rss 7737344
rss_huge 0
mapped_file 8757248
writeback 0
swap 0
pgpgin 77907
pgpgout 70268
pgfault 175688
pgmajfault 195
inactive_anon 45056
active_anon 7766016
inactive_file 10862592
active_file 12615680
unevictable 0
hierarchical_memory_limit 6656360448
hierarchical_memsw_limit 32212254720
total_cache 23552000
total_rss 7737344
total_rss_huge 0
total_mapped_file 8757248
total_writeback 0
total_swap 0
total_pgpgin 77907
total_pgpgout 70268
total_pgfault 175688
total_pgmajfault 195
total_inactive_anon 45056
total_active_anon 7766016
total_inactive_file 10862592
total_active_file 12615680
total_unevictable 0
--------------------BLKIO-----------------------
11:0 Read 0
11:0 Write 0
11:0 Sync 0
11:0 Async 0
11:0 Total 0
253:0 Read 23437312
253:0 Write 229376
253:0 Sync 0
253:0 Async 23666688
253:0 Total 23666688
Total 23666688
--------------------CPUAC-----------------------
user 86
system 105
 
Thu May 18 16:53:58 IST 2017
--------------------MEMCG-----------------------
MEM ONLY  : 29 MB
MEM+SWAP  : 29 MB
cache 23552000
rss 7737344
rss_huge 0
mapped_file 8757248
writeback 0
swap 0
pgpgin 77907
pgpgout 70268
pgfault 175688
pgmajfault 195
inactive_anon 45056
active_anon 7766016
inactive_file 10862592
active_file 12615680
unevictable 0
hierarchical_memory_limit 6656360448
hierarchical_memsw_limit 32212254720
total_cache 23552000
total_rss 7737344
total_rss_huge 0
total_mapped_file 8757248
total_writeback 0
total_swap 0
total_pgpgin 77907
total_pgpgout 70268
total_pgfault 175688
total_pgmajfault 195
total_inactive_anon 45056
total_active_anon 7766016
total_inactive_file 10862592
total_active_file 12615680
total_unevictable 0
--------------------BLKIO-----------------------
11:0 Read 0
11:0 Write 0
11:0 Sync 0
11:0 Async 0
11:0 Total 0
253:0 Read 23437312
253:0 Write 229376
253:0 Sync 0
253:0 Async 23666688
253:0 Total 23666688
Total 23666688
--------------------CPUAC-----------------------
user 86
system 105
 
Thu May 18 16:54:28 IST 2017
--------------------MEMCG-----------------------
MEM ONLY  : 29 MB
MEM+SWAP  : 29 MB
cache 23552000
rss 7737344
rss_huge 0
mapped_file 8757248
writeback 0
swap 0
pgpgin 77907
pgpgout 70268
pgfault 175688
pgmajfault 195
inactive_anon 45056
active_anon 7766016
inactive_file 10862592
active_file 12615680
unevictable 0
hierarchical_memory_limit 6656360448
hierarchical_memsw_limit 32212254720
total_cache 23552000
total_rss 7737344
total_rss_huge 0
total_mapped_file 8757248
total_writeback 0
total_swap 0
total_pgpgin 77907
total_pgpgout 70268
total_pgfault 175688
total_pgmajfault 195
total_inactive_anon 45056
total_active_anon 7766016
total_inactive_file 10862592
total_active_file 12615680
total_unevictable 0
--------------------BLKIO-----------------------
11:0 Read 0
11:0 Write 0
11:0 Sync 0
11:0 Async 0
11:0 Total 0
253:0 Read 23437312
253:0 Write 229376
253:0 Sync 0
253:0 Async 23666688
253:0 Total 23666688
Total 23666688
--------------------CPUAC-----------------------
user 87
system 106
 
Thu May 18 16:54:58 IST 2017
--------------------MEMCG-----------------------
MEM ONLY  : 29 MB
MEM+SWAP  : 29 MB
cache 23552000
rss 7737344
rss_huge 0
mapped_file 8757248
writeback 0
swap 0
pgpgin 77907
pgpgout 70268
pgfault 175688
pgmajfault 195
inactive_anon 45056
active_anon 7766016
inactive_file 10862592
active_file 12615680
unevictable 0
hierarchical_memory_limit 6656360448
hierarchical_memsw_limit 32212254720
total_cache 23552000
total_rss 7737344
total_rss_huge 0
total_mapped_file 8757248
total_writeback 0
total_swap 0
total_pgpgin 77907
total_pgpgout 70268
total_pgfault 175688
total_pgmajfault 195
total_inactive_anon 45056
total_active_anon 7766016
total_inactive_file 10862592
total_active_file 12615680
total_unevictable 0
--------------------BLKIO-----------------------
11:0 Read 0
11:0 Write 0
11:0 Sync 0
11:0 Async 0
11:0 Total 0
253:0 Read 23437312
253:0 Write 229376
253:0 Sync 0
253:0 Async 23666688
253:0 Total 23666688
Total 23666688
--------------------CPUAC-----------------------
user 87
system 106
 
Thu May 18 16:55:28 IST 2017
--------------------MEMCG-----------------------
MEM ONLY  : 29 MB
MEM+SWAP  : 29 MB
cache 23552000
rss 7737344
rss_huge 0
mapped_file 8757248
writeback 0
swap 0
pgpgin 77907
pgpgout 70268
pgfault 175688
pgmajfault 195
inactive_anon 45056
active_anon 7766016
inactive_file 10862592
active_file 12615680
unevictable 0
hierarchical_memory_limit 6656360448
hierarchical_memsw_limit 32212254720
total_cache 23552000
total_rss 7737344
total_rss_huge 0
total_mapped_file 8757248
total_writeback 0
total_swap 0
total_pgpgin 77907
total_pgpgout 70268
total_pgfault 175688
total_pgmajfault 195
total_inactive_anon 45056
total_active_anon 7766016
total_inactive_file 10862592
total_active_file 12615680
total_unevictable 0
--------------------BLKIO-----------------------
11:0 Read 0
11:0 Write 0
11:0 Sync 0
11:0 Async 0
11:0 Total 0
253:0 Read 23437312
253:0 Write 229376
253:0 Sync 0
253:0 Async 23666688
253:0 Total 23666688
Total 23666688
--------------------CPUAC-----------------------
user 89
system 107
 
Thu May 18 16:55:58 IST 2017
--------------------MEMCG-----------------------
MEM ONLY  : 29 MB
MEM+SWAP  : 29 MB
cache 23552000
rss 7737344
rss_huge 0
mapped_file 8757248
writeback 0
swap 0
pgpgin 77907
pgpgout 70268
pgfault 175688
pgmajfault 195
inactive_anon 45056
active_anon 7766016
inactive_file 10862592
active_file 12615680
unevictable 0
hierarchical_memory_limit 6656360448
hierarchical_memsw_limit 32212254720
total_cache 23552000
total_rss 7737344
total_rss_huge 0
total_mapped_file 8757248
total_writeback 0
total_swap 0
total_pgpgin 77907
total_pgpgout 70268
total_pgfault 175688
total_pgmajfault 195
total_inactive_anon 45056
total_active_anon 7766016
total_inactive_file 10862592
total_active_file 12615680
total_unevictable 0
--------------------BLKIO-----------------------
11:0 Read 0
11:0 Write 0
11:0 Sync 0
11:0 Async 0
11:0 Total 0
253:0 Read 23437312
253:0 Write 229376
253:0 Sync 0
253:0 Async 23666688
253:0 Total 23666688
Total 23666688
--------------------CPUAC-----------------------
user 89
system 107
 
Thu May 18 16:56:28 IST 2017
--------------------MEMCG-----------------------
MEM ONLY  : 29 MB
MEM+SWAP  : 29 MB
cache 23552000
rss 7737344
rss_huge 0
mapped_file 8757248
writeback 0
swap 0
pgpgin 77907
pgpgout 70268
pgfault 175688
pgmajfault 195
inactive_anon 45056
active_anon 7766016
inactive_file 10862592
active_file 12615680
unevictable 0
hierarchical_memory_limit 6656360448
hierarchical_memsw_limit 32212254720
total_cache 23552000
total_rss 7737344
total_rss_huge 0
total_mapped_file 8757248
total_writeback 0
total_swap 0
total_pgpgin 77907
total_pgpgout 70268
total_pgfault 175688
total_pgmajfault 195
total_inactive_anon 45056
total_active_anon 7766016
total_inactive_file 10862592
total_active_file 12615680
total_unevictable 0
--------------------BLKIO-----------------------
11:0 Read 0
11:0 Write 0
11:0 Sync 0
11:0 Async 0
11:0 Total 0
253:0 Read 23437312
253:0 Write 229376
253:0 Sync 0
253:0 Async 23666688
253:0 Total 23666688
Total 23666688
--------------------CPUAC-----------------------
user 89
system 108
 
Thu May 18 16:56:58 IST 2017
--------------------MEMCG-----------------------
MEM ONLY  : 29 MB
MEM+SWAP  : 29 MB
cache 23552000
rss 7737344
rss_huge 0
mapped_file 8757248
writeback 0
swap 0
pgpgin 77907
pgpgout 70268
pgfault 175688
pgmajfault 195
inactive_anon 45056
active_anon 7766016
inactive_file 10862592
active_file 12615680
unevictable 0
hierarchical_memory_limit 6656360448
hierarchical_memsw_limit 32212254720
total_cache 23552000
total_rss 7737344
total_rss_huge 0
total_mapped_file 8757248
total_writeback 0
total_swap 0
total_pgpgin 77907
total_pgpgout 70268
total_pgfault 175688
total_pgmajfault 195
total_inactive_anon 45056
total_active_anon 7766016
total_inactive_file 10862592
total_active_file 12615680
total_unevictable 0
--------------------BLKIO-----------------------
11:0 Read 0
11:0 Write 0
11:0 Sync 0
11:0 Async 0
11:0 Total 0
253:0 Read 23437312
253:0 Write 229376
253:0 Sync 0
253:0 Async 23666688
253:0 Total 23666688
Total 23666688
--------------------CPUAC-----------------------
user 89
system 108
 
Thu May 18 16:57:28 IST 2017
--------------------MEMCG-----------------------
MEM ONLY  : 29 MB
MEM+SWAP  : 29 MB
cache 23552000
rss 7737344
rss_huge 0
mapped_file 8757248
writeback 0
swap 0
pgpgin 77907
pgpgout 70268
pgfault 175688
pgmajfault 195
inactive_anon 45056
active_anon 7766016
inactive_file 10862592
active_file 12615680
unevictable 0
hierarchical_memory_limit 6656360448
hierarchical_memsw_limit 32212254720
total_cache 23552000
total_rss 7737344
total_rss_huge 0
total_mapped_file 8757248
total_writeback 0
total_swap 0
total_pgpgin 77907
total_pgpgout 70268
total_pgfault 175688
total_pgmajfault 195
total_inactive_anon 45056
total_active_anon 7766016
total_inactive_file 10862592
total_active_file 12615680
total_unevictable 0
--------------------BLKIO-----------------------
11:0 Read 0
11:0 Write 0
11:0 Sync 0
11:0 Async 0
11:0 Total 0
253:0 Read 23437312
253:0 Write 229376
253:0 Sync 0
253:0 Async 23666688
253:0 Total 23666688
Total 23666688
--------------------CPUAC-----------------------
user 90
system 108
 
Thu May 18 16:57:58 IST 2017
--------------------MEMCG-----------------------
MEM ONLY  : 29 MB
MEM+SWAP  : 29 MB
cache 23552000
rss 7737344
rss_huge 0
mapped_file 8757248
writeback 0
swap 0
pgpgin 77907
pgpgout 70268
pgfault 175688
pgmajfault 195
inactive_anon 45056
active_anon 7766016
inactive_file 10862592
active_file 12615680
unevictable 0
hierarchical_memory_limit 6656360448
hierarchical_memsw_limit 32212254720
total_cache 23552000
total_rss 7737344
total_rss_huge 0
total_mapped_file 8757248
total_writeback 0
total_swap 0
total_pgpgin 77907
total_pgpgout 70268
total_pgfault 175688
total_pgmajfault 195
total_inactive_anon 45056
total_active_anon 7766016
total_inactive_file 10862592
total_active_file 12615680
total_unevictable 0
--------------------BLKIO-----------------------
11:0 Read 0
11:0 Write 0
11:0 Sync 0
11:0 Async 0
11:0 Total 0
253:0 Read 23437312
253:0 Write 229376
253:0 Sync 0
253:0 Async 23666688
253:0 Total 23666688
Total 23666688
--------------------CPUAC-----------------------
user 90
system 108
 
Thu May 18 16:58:28 IST 2017
--------------------MEMCG-----------------------
MEM ONLY  : 29 MB
MEM+SWAP  : 29 MB
cache 23552000
rss 7737344
rss_huge 0
mapped_file 8757248
writeback 0
swap 0
pgpgin 77907
pgpgout 70268
pgfault 175688
pgmajfault 195
inactive_anon 45056
active_anon 7766016
inactive_file 10862592
active_file 12615680
unevictable 0
hierarchical_memory_limit 6656360448
hierarchical_memsw_limit 32212254720
total_cache 23552000
total_rss 7737344
total_rss_huge 0
total_mapped_file 8757248
total_writeback 0
total_swap 0
total_pgpgin 77907
total_pgpgout 70268
total_pgfault 175688
total_pgmajfault 195
total_inactive_anon 45056
total_active_anon 7766016
total_inactive_file 10862592
total_active_file 12615680
total_unevictable 0
--------------------BLKIO-----------------------
11:0 Read 0
11:0 Write 0
11:0 Sync 0
11:0 Async 0
11:0 Total 0
253:0 Read 23437312
253:0 Write 229376
253:0 Sync 0
253:0 Async 23666688
253:0 Total 23666688
Total 23666688
--------------------CPUAC-----------------------
user 90
system 110
 
Thu May 18 16:58:58 IST 2017
--------------------MEMCG-----------------------
MEM ONLY  : 29 MB
MEM+SWAP  : 29 MB
cache 23552000
rss 7737344
rss_huge 0
mapped_file 8757248
writeback 0
swap 0
pgpgin 77907
pgpgout 70268
pgfault 175688
pgmajfault 195
inactive_anon 45056
active_anon 7766016
inactive_file 10862592
active_file 12615680
unevictable 0
hierarchical_memory_limit 6656360448
hierarchical_memsw_limit 32212254720
total_cache 23552000
total_rss 7737344
total_rss_huge 0
total_mapped_file 8757248
total_writeback 0
total_swap 0
total_pgpgin 77907
total_pgpgout 70268
total_pgfault 175688
total_pgmajfault 195
total_inactive_anon 45056
total_active_anon 7766016
total_inactive_file 10862592
total_active_file 12615680
total_unevictable 0
--------------------BLKIO-----------------------
11:0 Read 0
11:0 Write 0
11:0 Sync 0
11:0 Async 0
11:0 Total 0
253:0 Read 23437312
253:0 Write 229376
253:0 Sync 0
253:0 Async 23666688
253:0 Total 23666688
Total 23666688
--------------------CPUAC-----------------------
user 90
system 112
 
Thu May 18 16:59:28 IST 2017
--------------------MEMCG-----------------------
MEM ONLY  : 29 MB
MEM+SWAP  : 29 MB
cache 23552000
rss 7737344
rss_huge 0
mapped_file 8757248
writeback 0
swap 0
pgpgin 77907
pgpgout 70268
pgfault 175688
pgmajfault 195
inactive_anon 45056
active_anon 7766016
inactive_file 10862592
active_file 12615680
unevictable 0
hierarchical_memory_limit 6656360448
hierarchical_memsw_limit 32212254720
total_cache 23552000
total_rss 7737344
total_rss_huge 0
total_mapped_file 8757248
total_writeback 0
total_swap 0
total_pgpgin 77907
total_pgpgout 70268
total_pgfault 175688
total_pgmajfault 195
total_inactive_anon 45056
total_active_anon 7766016
total_inactive_file 10862592
total_active_file 12615680
total_unevictable 0
--------------------BLKIO-----------------------
11:0 Read 0
11:0 Write 0
11:0 Sync 0
11:0 Async 0
11:0 Total 0
253:0 Read 23437312
253:0 Write 229376
253:0 Sync 0
253:0 Async 23666688
253:0 Total 23666688
Total 23666688
--------------------CPUAC-----------------------
user 90
system 114
 
Thu May 18 16:59:58 IST 2017
--------------------MEMCG-----------------------
MEM ONLY  : 29 MB
MEM+SWAP  : 29 MB
cache 23552000
rss 7737344
rss_huge 0
mapped_file 8757248
writeback 0
swap 0
pgpgin 77907
pgpgout 70268
pgfault 175688
pgmajfault 195
inactive_anon 45056
active_anon 7766016
inactive_file 10862592
active_file 12615680
unevictable 0
hierarchical_memory_limit 6656360448
hierarchical_memsw_limit 32212254720
total_cache 23552000
total_rss 7737344
total_rss_huge 0
total_mapped_file 8757248
total_writeback 0
total_swap 0
total_pgpgin 77907
total_pgpgout 70268
total_pgfault 175688
total_pgmajfault 195
total_inactive_anon 45056
total_active_anon 7766016
total_inactive_file 10862592
total_active_file 12615680
total_unevictable 0
--------------------BLKIO-----------------------
11:0 Read 0
11:0 Write 0
11:0 Sync 0
11:0 Async 0
11:0 Total 0
253:0 Read 23437312
253:0 Write 229376
253:0 Sync 0
253:0 Async 23666688
253:0 Total 23666688
Total 23666688
--------------------CPUAC-----------------------
user 90
system 116
 
Thu May 18 17:00:29 IST 2017
--------------------MEMCG-----------------------
MEM ONLY  : 29 MB
MEM+SWAP  : 29 MB
cache 23552000
rss 7737344
rss_huge 0
mapped_file 8757248
writeback 0
swap 0
pgpgin 77907
pgpgout 70268
pgfault 175688
pgmajfault 195
inactive_anon 45056
active_anon 7766016
inactive_file 10862592
active_file 12615680
unevictable 0
hierarchical_memory_limit 6656360448
hierarchical_memsw_limit 32212254720
total_cache 23552000
total_rss 7737344
total_rss_huge 0
total_mapped_file 8757248
total_writeback 0
total_swap 0
total_pgpgin 77907
total_pgpgout 70268
total_pgfault 175688
total_pgmajfault 195
total_inactive_anon 45056
total_active_anon 7766016
total_inactive_file 10862592
total_active_file 12615680
total_unevictable 0
--------------------BLKIO-----------------------
11:0 Read 0
11:0 Write 0
11:0 Sync 0
11:0 Async 0
11:0 Total 0
253:0 Read 23437312
253:0 Write 229376
253:0 Sync 0
253:0 Async 23666688
253:0 Total 23666688
Total 23666688
--------------------CPUAC-----------------------
user 90
system 118
 
Thu May 18 17:00:59 IST 2017
--------------------MEMCG-----------------------
MEM ONLY  : 29 MB
MEM+SWAP  : 29 MB
cache 23552000
rss 7737344
rss_huge 0
mapped_file 8757248
writeback 0
swap 0
pgpgin 77907
pgpgout 70268
pgfault 175688
pgmajfault 195
inactive_anon 45056
active_anon 7766016
inactive_file 10862592
active_file 12615680
unevictable 0
hierarchical_memory_limit 6656360448
hierarchical_memsw_limit 32212254720
total_cache 23552000
total_rss 7737344
total_rss_huge 0
total_mapped_file 8757248
total_writeback 0
total_swap 0
total_pgpgin 77907
total_pgpgout 70268
total_pgfault 175688
total_pgmajfault 195
total_inactive_anon 45056
total_active_anon 7766016
total_inactive_file 10862592
total_active_file 12615680
total_unevictable 0
--------------------BLKIO-----------------------
11:0 Read 0
11:0 Write 0
11:0 Sync 0
11:0 Async 0
11:0 Total 0
253:0 Read 23437312
253:0 Write 229376
253:0 Sync 0
253:0 Async 23666688
253:0 Total 23666688
Total 23666688
--------------------CPUAC-----------------------
user 91
system 118
 
Thu May 18 17:01:29 IST 2017
--------------------MEMCG-----------------------
MEM ONLY  : 29 MB
MEM+SWAP  : 29 MB
cache 23552000
rss 7737344
rss_huge 0
mapped_file 8757248
writeback 0
swap 0
pgpgin 77907
pgpgout 70268
pgfault 175688
pgmajfault 195
inactive_anon 45056
active_anon 7766016
inactive_file 10862592
active_file 12615680
unevictable 0
hierarchical_memory_limit 6656360448
hierarchical_memsw_limit 32212254720
total_cache 23552000
total_rss 7737344
total_rss_huge 0
total_mapped_file 8757248
total_writeback 0
total_swap 0
total_pgpgin 77907
total_pgpgout 70268
total_pgfault 175688
total_pgmajfault 195
total_inactive_anon 45056
total_active_anon 7766016
total_inactive_file 10862592
total_active_file 12615680
total_unevictable 0
--------------------BLKIO-----------------------
11:0 Read 0
11:0 Write 0
11:0 Sync 0
11:0 Async 0
11:0 Total 0
253:0 Read 23437312
253:0 Write 229376
253:0 Sync 0
253:0 Async 23666688
253:0 Total 23666688
Total 23666688
--------------------CPUAC-----------------------
user 92
system 119
 
Thu May 18 17:01:59 IST 2017
--------------------MEMCG-----------------------
MEM ONLY  : 29 MB
MEM+SWAP  : 29 MB
cache 23552000
rss 7737344
rss_huge 0
mapped_file 8757248
writeback 0
swap 0
pgpgin 77907
pgpgout 70268
pgfault 175688
pgmajfault 195
inactive_anon 45056
active_anon 7766016
inactive_file 10862592
active_file 12615680
unevictable 0
hierarchical_memory_limit 6656360448
hierarchical_memsw_limit 32212254720
total_cache 23552000
total_rss 7737344
total_rss_huge 0
total_mapped_file 8757248
total_writeback 0
total_swap 0
total_pgpgin 77907
total_pgpgout 70268
total_pgfault 175688
total_pgmajfault 195
total_inactive_anon 45056
total_active_anon 7766016
total_inactive_file 10862592
total_active_file 12615680
total_unevictable 0
--------------------BLKIO-----------------------
11:0 Read 0
11:0 Write 0
11:0 Sync 0
11:0 Async 0
11:0 Total 0
253:0 Read 23437312
253:0 Write 229376
253:0 Sync 0
253:0 Async 23666688
253:0 Total 23666688
Total 23666688
--------------------CPUAC-----------------------
user 93
system 121
 
Thu May 18 17:02:29 IST 2017
--------------------MEMCG-----------------------
MEM ONLY  : 29 MB
MEM+SWAP  : 29 MB
cache 23552000
rss 7737344
rss_huge 0
mapped_file 8757248
writeback 0
swap 0
pgpgin 77907
pgpgout 70268
pgfault 175688
pgmajfault 195
inactive_anon 45056
active_anon 7766016
inactive_file 10862592
active_file 12615680
unevictable 0
hierarchical_memory_limit 6656360448
hierarchical_memsw_limit 32212254720
total_cache 23552000
total_rss 7737344
total_rss_huge 0
total_mapped_file 8757248
total_writeback 0
total_swap 0
total_pgpgin 77907
total_pgpgout 70268
total_pgfault 175688
total_pgmajfault 195
total_inactive_anon 45056
total_active_anon 7766016
total_inactive_file 10862592
total_active_file 12615680
total_unevictable 0
--------------------BLKIO-----------------------
11:0 Read 0
11:0 Write 0
11:0 Sync 0
11:0 Async 0
11:0 Total 0
253:0 Read 23437312
253:0 Write 229376
253:0 Sync 0
253:0 Async 23666688
253:0 Total 23666688
Total 23666688
--------------------CPUAC-----------------------
user 94
system 123
 
Thu May 18 17:02:59 IST 2017
--------------------MEMCG-----------------------
MEM ONLY  : 29 MB
MEM+SWAP  : 29 MB
cache 23552000
rss 7737344
rss_huge 0
mapped_file 8757248
writeback 0
swap 0
pgpgin 77907
pgpgout 70268
pgfault 175688
pgmajfault 195
inactive_anon 45056
active_anon 7766016
inactive_file 10862592
active_file 12615680
unevictable 0
hierarchical_memory_limit 6656360448
hierarchical_memsw_limit 32212254720
total_cache 23552000
total_rss 7737344
total_rss_huge 0
total_mapped_file 8757248
total_writeback 0
total_swap 0
total_pgpgin 77907
total_pgpgout 70268
total_pgfault 175688
total_pgmajfault 195
total_inactive_anon 45056
total_active_anon 7766016
total_inactive_file 10862592
total_active_file 12615680
total_unevictable 0
--------------------BLKIO-----------------------
11:0 Read 0
11:0 Write 0
11:0 Sync 0
11:0 Async 0
11:0 Total 0
253:0 Read 23437312
253:0 Write 229376
253:0 Sync 0
253:0 Async 23666688
253:0 Total 23666688
Total 23666688
--------------------CPUAC-----------------------
user 94
system 125
 
Thu May 18 17:03:29 IST 2017
--------------------MEMCG-----------------------
MEM ONLY  : 29 MB
MEM+SWAP  : 29 MB
cache 23552000
rss 7737344
rss_huge 0
mapped_file 8757248
writeback 0
swap 0
pgpgin 77907
pgpgout 70268
pgfault 175688
pgmajfault 195
inactive_anon 45056
active_anon 7766016
inactive_file 10862592
active_file 12615680
unevictable 0
hierarchical_memory_limit 6656360448
hierarchical_memsw_limit 32212254720
total_cache 23552000
total_rss 7737344
total_rss_huge 0
total_mapped_file 8757248
total_writeback 0
total_swap 0
total_pgpgin 77907
total_pgpgout 70268
total_pgfault 175688
total_pgmajfault 195
total_inactive_anon 45056
total_active_anon 7766016
total_inactive_file 10862592
total_active_file 12615680
total_unevictable 0
--------------------BLKIO-----------------------
11:0 Read 0
11:0 Write 0
11:0 Sync 0
11:0 Async 0
11:0 Total 0
253:0 Read 23437312
253:0 Write 229376
253:0 Sync 0
253:0 Async 23666688
253:0 Total 23666688
Total 23666688
--------------------CPUAC-----------------------
user 94
system 127
 
Thu May 18 17:03:59 IST 2017
--------------------MEMCG-----------------------
MEM ONLY  : 29 MB
MEM+SWAP  : 29 MB
cache 23552000
rss 7737344
rss_huge 0
mapped_file 8757248
writeback 0
swap 0
pgpgin 77907
pgpgout 70268
pgfault 175688
pgmajfault 195
inactive_anon 45056
active_anon 7766016
inactive_file 10862592
active_file 12615680
unevictable 0
hierarchical_memory_limit 6656360448
hierarchical_memsw_limit 32212254720
total_cache 23552000
total_rss 7737344
total_rss_huge 0
total_mapped_file 8757248
total_writeback 0
total_swap 0
total_pgpgin 77907
total_pgpgout 70268
total_pgfault 175688
total_pgmajfault 195
total_inactive_anon 45056
total_active_anon 7766016
total_inactive_file 10862592
total_active_file 12615680
total_unevictable 0
--------------------BLKIO-----------------------
11:0 Read 0
11:0 Write 0
11:0 Sync 0
11:0 Async 0
11:0 Total 0
253:0 Read 23437312
253:0 Write 229376
253:0 Sync 0
253:0 Async 23666688
253:0 Total 23666688
Total 23666688
--------------------CPUAC-----------------------
user 95
system 128
 
Thu May 18 17:04:29 IST 2017
--------------------MEMCG-----------------------
MEM ONLY  : 29 MB
MEM+SWAP  : 29 MB
cache 23552000
rss 7737344
rss_huge 0
mapped_file 8757248
writeback 0
swap 0
pgpgin 77907
pgpgout 70268
pgfault 175688
pgmajfault 195
inactive_anon 45056
active_anon 7766016
inactive_file 10862592
active_file 12615680
unevictable 0
hierarchical_memory_limit 6656360448
hierarchical_memsw_limit 32212254720
total_cache 23552000
total_rss 7737344
total_rss_huge 0
total_mapped_file 8757248
total_writeback 0
total_swap 0
total_pgpgin 77907
total_pgpgout 70268
total_pgfault 175688
total_pgmajfault 195
total_inactive_anon 45056
total_active_anon 7766016
total_inactive_file 10862592
total_active_file 12615680
total_unevictable 0
--------------------BLKIO-----------------------
11:0 Read 0
11:0 Write 0
11:0 Sync 0
11:0 Async 0
11:0 Total 0
253:0 Read 23437312
253:0 Write 229376
253:0 Sync 0
253:0 Async 23666688
253:0 Total 23666688
Total 23666688
--------------------CPUAC-----------------------
user 95
system 130
 
Thu May 18 17:04:59 IST 2017
--------------------MEMCG-----------------------
MEM ONLY  : 29 MB
MEM+SWAP  : 29 MB
cache 23552000
rss 7737344
rss_huge 0
mapped_file 8757248
writeback 0
swap 0
pgpgin 77907
pgpgout 70268
pgfault 175688
pgmajfault 195
inactive_anon 45056
active_anon 7766016
inactive_file 10862592
active_file 12615680
unevictable 0
hierarchical_memory_limit 6656360448
hierarchical_memsw_limit 32212254720
total_cache 23552000
total_rss 7737344
total_rss_huge 0
total_mapped_file 8757248
total_writeback 0
total_swap 0
total_pgpgin 77907
total_pgpgout 70268
total_pgfault 175688
total_pgmajfault 195
total_inactive_anon 45056
total_active_anon 7766016
total_inactive_file 10862592
total_active_file 12615680
total_unevictable 0
--------------------BLKIO-----------------------
11:0 Read 0
11:0 Write 0
11:0 Sync 0
11:0 Async 0
11:0 Total 0
253:0 Read 23437312
253:0 Write 229376
253:0 Sync 0
253:0 Async 23666688
253:0 Total 23666688
Total 23666688
--------------------CPUAC-----------------------
user 95
system 132
 
Thu May 18 17:05:29 IST 2017
--------------------MEMCG-----------------------
MEM ONLY  : 29 MB
MEM+SWAP  : 29 MB
cache 23552000
rss 7737344
rss_huge 0
mapped_file 8757248
writeback 0
swap 0
pgpgin 77907
pgpgout 70268
pgfault 175688
pgmajfault 195
inactive_anon 45056
active_anon 7766016
inactive_file 10862592
active_file 12615680
unevictable 0
hierarchical_memory_limit 6656360448
hierarchical_memsw_limit 32212254720
total_cache 23552000
total_rss 7737344
total_rss_huge 0
total_mapped_file 8757248
total_writeback 0
total_swap 0
total_pgpgin 77907
total_pgpgout 70268
total_pgfault 175688
total_pgmajfault 195
total_inactive_anon 45056
total_active_anon 7766016
total_inactive_file 10862592
total_active_file 12615680
total_unevictable 0
--------------------BLKIO-----------------------
11:0 Read 0
11:0 Write 0
11:0 Sync 0
11:0 Async 0
11:0 Total 0
253:0 Read 23437312
253:0 Write 229376
253:0 Sync 0
253:0 Async 23666688
253:0 Total 23666688
Total 23666688
--------------------CPUAC-----------------------
user 95
system 133
 
Thu May 18 17:05:59 IST 2017
--------------------MEMCG-----------------------
MEM ONLY  : 29 MB
MEM+SWAP  : 29 MB
cache 23552000
rss 7737344
rss_huge 0
mapped_file 8757248
writeback 0
swap 0
pgpgin 77907
pgpgout 70268
pgfault 175688
pgmajfault 195
inactive_anon 45056
active_anon 7766016
inactive_file 10862592
active_file 12615680
unevictable 0
hierarchical_memory_limit 6656360448
hierarchical_memsw_limit 32212254720
total_cache 23552000
total_rss 7737344
total_rss_huge 0
total_mapped_file 8757248
total_writeback 0
total_swap 0
total_pgpgin 77907
total_pgpgout 70268
total_pgfault 175688
total_pgmajfault 195
total_inactive_anon 45056
total_active_anon 7766016
total_inactive_file 10862592
total_active_file 12615680
total_unevictable 0
--------------------BLKIO-----------------------
11:0 Read 0
11:0 Write 0
11:0 Sync 0
11:0 Async 0
11:0 Total 0
253:0 Read 23437312
253:0 Write 229376
253:0 Sync 0
253:0 Async 23666688
253:0 Total 23666688
Total 23666688
--------------------CPUAC-----------------------
user 95
system 134
 
Thu May 18 17:06:29 IST 2017
--------------------MEMCG-----------------------
MEM ONLY  : 29 MB
MEM+SWAP  : 29 MB
cache 23552000
rss 7737344
rss_huge 0
mapped_file 8757248
writeback 0
swap 0
pgpgin 77907
pgpgout 70268
pgfault 175688
pgmajfault 195
inactive_anon 45056
active_anon 7766016
inactive_file 10862592
active_file 12615680
unevictable 0
hierarchical_memory_limit 6656360448
hierarchical_memsw_limit 32212254720
total_cache 23552000
total_rss 7737344
total_rss_huge 0
total_mapped_file 8757248
total_writeback 0
total_swap 0
total_pgpgin 77907
total_pgpgout 70268
total_pgfault 175688
total_pgmajfault 195
total_inactive_anon 45056
total_active_anon 7766016
total_inactive_file 10862592
total_active_file 12615680
total_unevictable 0
--------------------BLKIO-----------------------
11:0 Read 0
11:0 Write 0
11:0 Sync 0
11:0 Async 0
11:0 Total 0
253:0 Read 23437312
253:0 Write 229376
253:0 Sync 0
253:0 Async 23666688
253:0 Total 23666688
Total 23666688
--------------------CPUAC-----------------------
user 95
system 134
 
Thu May 18 17:06:59 IST 2017
--------------------MEMCG-----------------------
MEM ONLY  : 29 MB
MEM+SWAP  : 29 MB
cache 23552000
rss 7737344
rss_huge 0
mapped_file 8757248
writeback 0
swap 0
pgpgin 77907
pgpgout 70268
pgfault 175688
pgmajfault 195
inactive_anon 45056
active_anon 7766016
inactive_file 10862592
active_file 12615680
unevictable 0
hierarchical_memory_limit 6656360448
hierarchical_memsw_limit 32212254720
total_cache 23552000
total_rss 7737344
total_rss_huge 0
total_mapped_file 8757248
total_writeback 0
total_swap 0
total_pgpgin 77907
total_pgpgout 70268
total_pgfault 175688
total_pgmajfault 195
total_inactive_anon 45056
total_active_anon 7766016
total_inactive_file 10862592
total_active_file 12615680
total_unevictable 0
--------------------BLKIO-----------------------
11:0 Read 0
11:0 Write 0
11:0 Sync 0
11:0 Async 0
11:0 Total 0
253:0 Read 23437312
253:0 Write 229376
253:0 Sync 0
253:0 Async 23666688
253:0 Total 23666688
Total 23666688
--------------------CPUAC-----------------------
user 95
system 135
 
Thu May 18 17:07:29 IST 2017
--------------------MEMCG-----------------------
MEM ONLY  : 29 MB
MEM+SWAP  : 29 MB
cache 23552000
rss 7737344
rss_huge 0
mapped_file 8757248
writeback 0
swap 0
pgpgin 77907
pgpgout 70268
pgfault 175688
pgmajfault 195
inactive_anon 45056
active_anon 7766016
inactive_file 10862592
active_file 12615680
unevictable 0
hierarchical_memory_limit 6656360448
hierarchical_memsw_limit 32212254720
total_cache 23552000
total_rss 7737344
total_rss_huge 0
total_mapped_file 8757248
total_writeback 0
total_swap 0
total_pgpgin 77907
total_pgpgout 70268
total_pgfault 175688
total_pgmajfault 195
total_inactive_anon 45056
total_active_anon 7766016
total_inactive_file 10862592
total_active_file 12615680
total_unevictable 0
--------------------BLKIO-----------------------
11:0 Read 0
11:0 Write 0
11:0 Sync 0
11:0 Async 0
11:0 Total 0
253:0 Read 23437312
253:0 Write 229376
253:0 Sync 0
253:0 Async 23666688
253:0 Total 23666688
Total 23666688
--------------------CPUAC-----------------------
user 96
system 136
 
Thu May 18 17:07:59 IST 2017
--------------------MEMCG-----------------------
MEM ONLY  : 29 MB
MEM+SWAP  : 29 MB
cache 23552000
rss 7737344
rss_huge 0
mapped_file 8757248
writeback 0
swap 0
pgpgin 77907
pgpgout 70268
pgfault 175688
pgmajfault 195
inactive_anon 45056
active_anon 7766016
inactive_file 10862592
active_file 12615680
unevictable 0
hierarchical_memory_limit 6656360448
hierarchical_memsw_limit 32212254720
total_cache 23552000
total_rss 7737344
total_rss_huge 0
total_mapped_file 8757248
total_writeback 0
total_swap 0
total_pgpgin 77907
total_pgpgout 70268
total_pgfault 175688
total_pgmajfault 195
total_inactive_anon 45056
total_active_anon 7766016
total_inactive_file 10862592
total_active_file 12615680
total_unevictable 0
--------------------BLKIO-----------------------
11:0 Read 0
11:0 Write 0
11:0 Sync 0
11:0 Async 0
11:0 Total 0
253:0 Read 23437312
253:0 Write 229376
253:0 Sync 0
253:0 Async 23666688
253:0 Total 23666688
Total 23666688
--------------------CPUAC-----------------------
user 96
system 137
 
Thu May 18 17:08:29 IST 2017
--------------------MEMCG-----------------------
MEM ONLY  : 29 MB
MEM+SWAP  : 29 MB
cache 23552000
rss 7737344
rss_huge 0
mapped_file 8757248
writeback 0
swap 0
pgpgin 77907
pgpgout 70268
pgfault 175688
pgmajfault 195
inactive_anon 45056
active_anon 7766016
inactive_file 10862592
active_file 12615680
unevictable 0
hierarchical_memory_limit 6656360448
hierarchical_memsw_limit 32212254720
total_cache 23552000
total_rss 7737344
total_rss_huge 0
total_mapped_file 8757248
total_writeback 0
total_swap 0
total_pgpgin 77907
total_pgpgout 70268
total_pgfault 175688
total_pgmajfault 195
total_inactive_anon 45056
total_active_anon 7766016
total_inactive_file 10862592
total_active_file 12615680
total_unevictable 0
--------------------BLKIO-----------------------
11:0 Read 0
11:0 Write 0
11:0 Sync 0
11:0 Async 0
11:0 Total 0
253:0 Read 23437312
253:0 Write 229376
253:0 Sync 0
253:0 Async 23666688
253:0 Total 23666688
Total 23666688
--------------------CPUAC-----------------------
user 96
system 138
 
Thu May 18 17:08:59 IST 2017
--------------------MEMCG-----------------------
MEM ONLY  : 29 MB
MEM+SWAP  : 29 MB
cache 23552000
rss 7737344
rss_huge 0
mapped_file 8757248
writeback 0
swap 0
pgpgin 77907
pgpgout 70268
pgfault 175688
pgmajfault 195
inactive_anon 45056
active_anon 7766016
inactive_file 10862592
active_file 12615680
unevictable 0
hierarchical_memory_limit 6656360448
hierarchical_memsw_limit 32212254720
total_cache 23552000
total_rss 7737344
total_rss_huge 0
total_mapped_file 8757248
total_writeback 0
total_swap 0
total_pgpgin 77907
total_pgpgout 70268
total_pgfault 175688
total_pgmajfault 195
total_inactive_anon 45056
total_active_anon 7766016
total_inactive_file 10862592
total_active_file 12615680
total_unevictable 0
--------------------BLKIO-----------------------
11:0 Read 0
11:0 Write 0
11:0 Sync 0
11:0 Async 0
11:0 Total 0
253:0 Read 23437312
253:0 Write 229376
253:0 Sync 0
253:0 Async 23666688
253:0 Total 23666688
Total 23666688
--------------------CPUAC-----------------------
user 96
system 139
 
Thu May 18 17:09:29 IST 2017
--------------------MEMCG-----------------------
MEM ONLY  : 29 MB
MEM+SWAP  : 29 MB
cache 23552000
rss 7737344
rss_huge 0
mapped_file 8757248
writeback 0
swap 0
pgpgin 77907
pgpgout 70268
pgfault 175688
pgmajfault 195
inactive_anon 45056
active_anon 7766016
inactive_file 10862592
active_file 12615680
unevictable 0
hierarchical_memory_limit 6656360448
hierarchical_memsw_limit 32212254720
total_cache 23552000
total_rss 7737344
total_rss_huge 0
total_mapped_file 8757248
total_writeback 0
total_swap 0
total_pgpgin 77907
total_pgpgout 70268
total_pgfault 175688
total_pgmajfault 195
total_inactive_anon 45056
total_active_anon 7766016
total_inactive_file 10862592
total_active_file 12615680
total_unevictable 0
--------------------BLKIO-----------------------
11:0 Read 0
11:0 Write 0
11:0 Sync 0
11:0 Async 0
11:0 Total 0
253:0 Read 23437312
253:0 Write 229376
253:0 Sync 0
253:0 Async 23666688
253:0 Total 23666688
Total 23666688
--------------------CPUAC-----------------------
user 97
system 140
 
Thu May 18 17:09:59 IST 2017
--------------------MEMCG-----------------------
MEM ONLY  : 29 MB
MEM+SWAP  : 29 MB
cache 23552000
rss 7737344
rss_huge 0
mapped_file 8757248
writeback 0
swap 0
pgpgin 77907
pgpgout 70268
pgfault 175688
pgmajfault 195
inactive_anon 45056
active_anon 7766016
inactive_file 10862592
active_file 12615680
unevictable 0
hierarchical_memory_limit 6656360448
hierarchical_memsw_limit 32212254720
total_cache 23552000
total_rss 7737344
total_rss_huge 0
total_mapped_file 8757248
total_writeback 0
total_swap 0
total_pgpgin 77907
total_pgpgout 70268
total_pgfault 175688
total_pgmajfault 195
total_inactive_anon 45056
total_active_anon 7766016
total_inactive_file 10862592
total_active_file 12615680
total_unevictable 0
--------------------BLKIO-----------------------
11:0 Read 0
11:0 Write 0
11:0 Sync 0
11:0 Async 0
11:0 Total 0
253:0 Read 23437312
253:0 Write 229376
253:0 Sync 0
253:0 Async 23666688
253:0 Total 23666688
Total 23666688
--------------------CPUAC-----------------------
user 97
system 141
 
Thu May 18 17:10:29 IST 2017
--------------------MEMCG-----------------------
MEM ONLY  : 29 MB
MEM+SWAP  : 29 MB
cache 23552000
rss 7737344
rss_huge 0
mapped_file 8757248
writeback 0
swap 0
pgpgin 77907
pgpgout 70268
pgfault 175688
pgmajfault 195
inactive_anon 45056
active_anon 7766016
inactive_file 10862592
active_file 12615680
unevictable 0
hierarchical_memory_limit 6656360448
hierarchical_memsw_limit 32212254720
total_cache 23552000
total_rss 7737344
total_rss_huge 0
total_mapped_file 8757248
total_writeback 0
total_swap 0
total_pgpgin 77907
total_pgpgout 70268
total_pgfault 175688
total_pgmajfault 195
total_inactive_anon 45056
total_active_anon 7766016
total_inactive_file 10862592
total_active_file 12615680
total_unevictable 0
--------------------BLKIO-----------------------
11:0 Read 0
11:0 Write 0
11:0 Sync 0
11:0 Async 0
11:0 Total 0
253:0 Read 23437312
253:0 Write 229376
253:0 Sync 0
253:0 Async 23666688
253:0 Total 23666688
Total 23666688
--------------------CPUAC-----------------------
user 98
system 142
 
Thu May 18 17:10:59 IST 2017
--------------------MEMCG-----------------------
MEM ONLY  : 29 MB
MEM+SWAP  : 29 MB
cache 23552000
rss 7737344
rss_huge 0
mapped_file 8757248
writeback 0
swap 0
pgpgin 77907
pgpgout 70268
pgfault 175688
pgmajfault 195
inactive_anon 45056
active_anon 7766016
inactive_file 10862592
active_file 12615680
unevictable 0
hierarchical_memory_limit 6656360448
hierarchical_memsw_limit 32212254720
total_cache 23552000
total_rss 7737344
total_rss_huge 0
total_mapped_file 8757248
total_writeback 0
total_swap 0
total_pgpgin 77907
total_pgpgout 70268
total_pgfault 175688
total_pgmajfault 195
total_inactive_anon 45056
total_active_anon 7766016
total_inactive_file 10862592
total_active_file 12615680
total_unevictable 0
--------------------BLKIO-----------------------
11:0 Read 0
11:0 Write 0
11:0 Sync 0
11:0 Async 0
11:0 Total 0
253:0 Read 23437312
253:0 Write 229376
253:0 Sync 0
253:0 Async 23666688
253:0 Total 23666688
Total 23666688
--------------------CPUAC-----------------------
user 99
system 143
 
Thu May 18 17:11:29 IST 2017
--------------------MEMCG-----------------------
MEM ONLY  : 29 MB
MEM+SWAP  : 29 MB
cache 23552000
rss 7737344
rss_huge 0
mapped_file 8757248
writeback 0
swap 0
pgpgin 77907
pgpgout 70268
pgfault 175688
pgmajfault 195
inactive_anon 45056
active_anon 7766016
inactive_file 10862592
active_file 12615680
unevictable 0
hierarchical_memory_limit 6656360448
hierarchical_memsw_limit 32212254720
total_cache 23552000
total_rss 7737344
total_rss_huge 0
total_mapped_file 8757248
total_writeback 0
total_swap 0
total_pgpgin 77907
total_pgpgout 70268
total_pgfault 175688
total_pgmajfault 195
total_inactive_anon 45056
total_active_anon 7766016
total_inactive_file 10862592
total_active_file 12615680
total_unevictable 0
--------------------BLKIO-----------------------
11:0 Read 0
11:0 Write 0
11:0 Sync 0
11:0 Async 0
11:0 Total 0
253:0 Read 23437312
253:0 Write 229376
253:0 Sync 0
253:0 Async 23666688
253:0 Total 23666688
Total 23666688
--------------------CPUAC-----------------------
user 99
system 144
 
Thu May 18 17:11:59 IST 2017
--------------------MEMCG-----------------------
MEM ONLY  : 29 MB
MEM+SWAP  : 29 MB
cache 23552000
rss 7737344
rss_huge 0
mapped_file 8757248
writeback 0
swap 0
pgpgin 77907
pgpgout 70268
pgfault 175688
pgmajfault 195
inactive_anon 45056
active_anon 7766016
inactive_file 10862592
active_file 12615680
unevictable 0
hierarchical_memory_limit 6656360448
hierarchical_memsw_limit 32212254720
total_cache 23552000
total_rss 7737344
total_rss_huge 0
total_mapped_file 8757248
total_writeback 0
total_swap 0
total_pgpgin 77907
total_pgpgout 70268
total_pgfault 175688
total_pgmajfault 195
total_inactive_anon 45056
total_active_anon 7766016
total_inactive_file 10862592
total_active_file 12615680
total_unevictable 0
--------------------BLKIO-----------------------
11:0 Read 0
11:0 Write 0
11:0 Sync 0
11:0 Async 0
11:0 Total 0
253:0 Read 23437312
253:0 Write 229376
253:0 Sync 0
253:0 Async 23666688
253:0 Total 23666688
Total 23666688
--------------------CPUAC-----------------------
user 100
system 144
 
Thu May 18 17:12:29 IST 2017
--------------------MEMCG-----------------------
MEM ONLY  : 29 MB
MEM+SWAP  : 29 MB
cache 23552000
rss 7737344
rss_huge 0
mapped_file 8757248
writeback 0
swap 0
pgpgin 77907
pgpgout 70268
pgfault 175688
pgmajfault 195
inactive_anon 45056
active_anon 7766016
inactive_file 10862592
active_file 12615680
unevictable 0
hierarchical_memory_limit 6656360448
hierarchical_memsw_limit 32212254720
total_cache 23552000
total_rss 7737344
total_rss_huge 0
total_mapped_file 8757248
total_writeback 0
total_swap 0
total_pgpgin 77907
total_pgpgout 70268
total_pgfault 175688
total_pgmajfault 195
total_inactive_anon 45056
total_active_anon 7766016
total_inactive_file 10862592
total_active_file 12615680
total_unevictable 0
--------------------BLKIO-----------------------
11:0 Read 0
11:0 Write 0
11:0 Sync 0
11:0 Async 0
11:0 Total 0
253:0 Read 23437312
253:0 Write 229376
253:0 Sync 0
253:0 Async 23666688
253:0 Total 23666688
Total 23666688
--------------------CPUAC-----------------------
user 101
system 145
 
Thu May 18 17:12:59 IST 2017
--------------------MEMCG-----------------------
MEM ONLY  : 29 MB
MEM+SWAP  : 29 MB
cache 23552000
rss 7737344
rss_huge 0
mapped_file 8757248
writeback 0
swap 0
pgpgin 77907
pgpgout 70268
pgfault 175688
pgmajfault 195
inactive_anon 45056
active_anon 7766016
inactive_file 10862592
active_file 12615680
unevictable 0
hierarchical_memory_limit 6656360448
hierarchical_memsw_limit 32212254720
total_cache 23552000
total_rss 7737344
total_rss_huge 0
total_mapped_file 8757248
total_writeback 0
total_swap 0
total_pgpgin 77907
total_pgpgout 70268
total_pgfault 175688
total_pgmajfault 195
total_inactive_anon 45056
total_active_anon 7766016
total_inactive_file 10862592
total_active_file 12615680
total_unevictable 0
--------------------BLKIO-----------------------
11:0 Read 0
11:0 Write 0
11:0 Sync 0
11:0 Async 0
11:0 Total 0
253:0 Read 23437312
253:0 Write 229376
253:0 Sync 0
253:0 Async 23666688
253:0 Total 23666688
Total 23666688
--------------------CPUAC-----------------------
user 101
system 146
 
Thu May 18 17:13:29 IST 2017
--------------------MEMCG-----------------------
MEM ONLY  : 29 MB
MEM+SWAP  : 29 MB
cache 23552000
rss 7741440
rss_huge 0
mapped_file 8880128
writeback 0
swap 0
pgpgin 78521
pgpgout 70881
pgfault 177233
pgmajfault 195
inactive_anon 45056
active_anon 7770112
inactive_file 10862592
active_file 12615680
unevictable 0
hierarchical_memory_limit 6656360448
hierarchical_memsw_limit 32212254720
total_cache 23552000
total_rss 7741440
total_rss_huge 0
total_mapped_file 8880128
total_writeback 0
total_swap 0
total_pgpgin 78521
total_pgpgout 70881
total_pgfault 177233
total_pgmajfault 195
total_inactive_anon 45056
total_active_anon 7770112
total_inactive_file 10862592
total_active_file 12615680
total_unevictable 0
--------------------BLKIO-----------------------
11:0 Read 0
11:0 Write 0
11:0 Sync 0
11:0 Async 0
11:0 Total 0
253:0 Read 23437312
253:0 Write 229376
253:0 Sync 0
253:0 Async 23666688
253:0 Total 23666688
Total 23666688
--------------------CPUAC-----------------------
user 102
system 148
 
Thu May 18 17:13:59 IST 2017
--------------------MEMCG-----------------------
MEM ONLY  : 29 MB
MEM+SWAP  : 29 MB
cache 23552000
rss 7741440
rss_huge 0
mapped_file 8880128
writeback 0
swap 0
pgpgin 78521
pgpgout 70881
pgfault 177233
pgmajfault 195
inactive_anon 45056
active_anon 7770112
inactive_file 10862592
active_file 12615680
unevictable 0
hierarchical_memory_limit 6656360448
hierarchical_memsw_limit 32212254720
total_cache 23552000
total_rss 7741440
total_rss_huge 0
total_mapped_file 8880128
total_writeback 0
total_swap 0
total_pgpgin 78521
total_pgpgout 70881
total_pgfault 177233
total_pgmajfault 195
total_inactive_anon 45056
total_active_anon 7770112
total_inactive_file 10862592
total_active_file 12615680
total_unevictable 0
--------------------BLKIO-----------------------
11:0 Read 0
11:0 Write 0
11:0 Sync 0
11:0 Async 0
11:0 Total 0
253:0 Read 23437312
253:0 Write 229376
253:0 Sync 0
253:0 Async 23666688
253:0 Total 23666688
Total 23666688
--------------------CPUAC-----------------------
user 102
system 148
 
Thu May 18 17:14:29 IST 2017
--------------------MEMCG-----------------------
MEM ONLY  : 29 MB
MEM+SWAP  : 29 MB
cache 23552000
rss 7741440
rss_huge 0
mapped_file 8880128
writeback 0
swap 0
pgpgin 78521
pgpgout 70881
pgfault 177233
pgmajfault 195
inactive_anon 45056
active_anon 7770112
inactive_file 10862592
active_file 12615680
unevictable 0
hierarchical_memory_limit 6656360448
hierarchical_memsw_limit 32212254720
total_cache 23552000
total_rss 7741440
total_rss_huge 0
total_mapped_file 8880128
total_writeback 0
total_swap 0
total_pgpgin 78521
total_pgpgout 70881
total_pgfault 177233
total_pgmajfault 195
total_inactive_anon 45056
total_active_anon 7770112
total_inactive_file 10862592
total_active_file 12615680
total_unevictable 0
--------------------BLKIO-----------------------
11:0 Read 0
11:0 Write 0
11:0 Sync 0
11:0 Async 0
11:0 Total 0
253:0 Read 23437312
253:0 Write 229376
253:0 Sync 0
253:0 Async 23666688
253:0 Total 23666688
Total 23666688
--------------------CPUAC-----------------------
user 102
system 149
 
Thu May 18 17:14:59 IST 2017
--------------------MEMCG-----------------------
MEM ONLY  : 29 MB
MEM+SWAP  : 29 MB
cache 23552000
rss 7741440
rss_huge 0
mapped_file 8880128
writeback 0
swap 0
pgpgin 78521
pgpgout 70881
pgfault 177233
pgmajfault 195
inactive_anon 45056
active_anon 7770112
inactive_file 10862592
active_file 12615680
unevictable 0
hierarchical_memory_limit 6656360448
hierarchical_memsw_limit 32212254720
total_cache 23552000
total_rss 7741440
total_rss_huge 0
total_mapped_file 8880128
total_writeback 0
total_swap 0
total_pgpgin 78521
total_pgpgout 70881
total_pgfault 177233
total_pgmajfault 195
total_inactive_anon 45056
total_active_anon 7770112
total_inactive_file 10862592
total_active_file 12615680
total_unevictable 0
--------------------BLKIO-----------------------
11:0 Read 0
11:0 Write 0
11:0 Sync 0
11:0 Async 0
11:0 Total 0
253:0 Read 23437312
253:0 Write 229376
253:0 Sync 0
253:0 Async 23666688
253:0 Total 23666688
Total 23666688
--------------------CPUAC-----------------------
user 102
system 151
 
Thu May 18 17:15:29 IST 2017
--------------------MEMCG-----------------------
MEM ONLY  : 29 MB
MEM+SWAP  : 29 MB
cache 23552000
rss 7741440
rss_huge 0
mapped_file 8880128
writeback 0
swap 0
pgpgin 78521
pgpgout 70881
pgfault 177233
pgmajfault 195
inactive_anon 45056
active_anon 7770112
inactive_file 10862592
active_file 12615680
unevictable 0
hierarchical_memory_limit 6656360448
hierarchical_memsw_limit 32212254720
total_cache 23552000
total_rss 7741440
total_rss_huge 0
total_mapped_file 8880128
total_writeback 0
total_swap 0
total_pgpgin 78521
total_pgpgout 70881
total_pgfault 177233
total_pgmajfault 195
total_inactive_anon 45056
total_active_anon 7770112
total_inactive_file 10862592
total_active_file 12615680
total_unevictable 0
--------------------BLKIO-----------------------
11:0 Read 0
11:0 Write 0
11:0 Sync 0
11:0 Async 0
11:0 Total 0
253:0 Read 23437312
253:0 Write 229376
253:0 Sync 0
253:0 Async 23666688
253:0 Total 23666688
Total 23666688
--------------------CPUAC-----------------------
user 102
system 152
 
Thu May 18 17:15:59 IST 2017
--------------------MEMCG-----------------------
MEM ONLY  : 29 MB
MEM+SWAP  : 29 MB
cache 23552000
rss 7741440
rss_huge 0
mapped_file 8880128
writeback 0
swap 0
pgpgin 78521
pgpgout 70881
pgfault 177233
pgmajfault 195
inactive_anon 45056
active_anon 7770112
inactive_file 10862592
active_file 12615680
unevictable 0
hierarchical_memory_limit 6656360448
hierarchical_memsw_limit 32212254720
total_cache 23552000
total_rss 7741440
total_rss_huge 0
total_mapped_file 8880128
total_writeback 0
total_swap 0
total_pgpgin 78521
total_pgpgout 70881
total_pgfault 177233
total_pgmajfault 195
total_inactive_anon 45056
total_active_anon 7770112
total_inactive_file 10862592
total_active_file 12615680
total_unevictable 0
--------------------BLKIO-----------------------
11:0 Read 0
11:0 Write 0
11:0 Sync 0
11:0 Async 0
11:0 Total 0
253:0 Read 23437312
253:0 Write 229376
253:0 Sync 0
253:0 Async 23666688
253:0 Total 23666688
Total 23666688
--------------------CPUAC-----------------------
user 103
system 153
 
Thu May 18 17:16:30 IST 2017
--------------------MEMCG-----------------------
MEM ONLY  : 29 MB
MEM+SWAP  : 29 MB
cache 23552000
rss 7741440
rss_huge 0
mapped_file 8880128
writeback 0
swap 0
pgpgin 78521
pgpgout 70881
pgfault 177233
pgmajfault 195
inactive_anon 45056
active_anon 7770112
inactive_file 10862592
active_file 12615680
unevictable 0
hierarchical_memory_limit 6656360448
hierarchical_memsw_limit 32212254720
total_cache 23552000
total_rss 7741440
total_rss_huge 0
total_mapped_file 8880128
total_writeback 0
total_swap 0
total_pgpgin 78521
total_pgpgout 70881
total_pgfault 177233
total_pgmajfault 195
total_inactive_anon 45056
total_active_anon 7770112
total_inactive_file 10862592
total_active_file 12615680
total_unevictable 0
--------------------BLKIO-----------------------
11:0 Read 0
11:0 Write 0
11:0 Sync 0
11:0 Async 0
11:0 Total 0
253:0 Read 23437312
253:0 Write 229376
253:0 Sync 0
253:0 Async 23666688
253:0 Total 23666688
Total 23666688
--------------------CPUAC-----------------------
user 104
system 155
 
Thu May 18 17:17:00 IST 2017
--------------------MEMCG-----------------------
MEM ONLY  : 29 MB
MEM+SWAP  : 29 MB
cache 23552000
rss 7741440
rss_huge 0
mapped_file 8880128
writeback 0
swap 0
pgpgin 78521
pgpgout 70881
pgfault 177233
pgmajfault 195
inactive_anon 45056
active_anon 7770112
inactive_file 10862592
active_file 12615680
unevictable 0
hierarchical_memory_limit 6656360448
hierarchical_memsw_limit 32212254720
total_cache 23552000
total_rss 7741440
total_rss_huge 0
total_mapped_file 8880128
total_writeback 0
total_swap 0
total_pgpgin 78521
total_pgpgout 70881
total_pgfault 177233
total_pgmajfault 195
total_inactive_anon 45056
total_active_anon 7770112
total_inactive_file 10862592
total_active_file 12615680
total_unevictable 0
--------------------BLKIO-----------------------
11:0 Read 0
11:0 Write 0
11:0 Sync 0
11:0 Async 0
11:0 Total 0
253:0 Read 23437312
253:0 Write 229376
253:0 Sync 0
253:0 Async 23666688
253:0 Total 23666688
Total 23666688
--------------------CPUAC-----------------------
user 105
system 156
 
Thu May 18 17:17:30 IST 2017
--------------------MEMCG-----------------------
MEM ONLY  : 30 MB
MEM+SWAP  : 30 MB
cache 23797760
rss 7741440
rss_huge 0
mapped_file 8880128
writeback 0
swap 0
pgpgin 78740
pgpgout 71040
pgfault 177620
pgmajfault 199
inactive_anon 45056
active_anon 7770112
inactive_file 10895360
active_file 12828672
unevictable 0
hierarchical_memory_limit 6656360448
hierarchical_memsw_limit 32212254720
total_cache 23797760
total_rss 7741440
total_rss_huge 0
total_mapped_file 8880128
total_writeback 0
total_swap 0
total_pgpgin 78740
total_pgpgout 71040
total_pgfault 177620
total_pgmajfault 199
total_inactive_anon 45056
total_active_anon 7770112
total_inactive_file 10895360
total_active_file 12828672
total_unevictable 0
--------------------BLKIO-----------------------
11:0 Read 0
11:0 Write 0
11:0 Sync 0
11:0 Async 0
11:0 Total 0
253:0 Read 23683072
253:0 Write 229376
253:0 Sync 0
253:0 Async 23912448
253:0 Total 23912448
Total 23912448
--------------------CPUAC-----------------------
user 105
system 158
 
Thu May 18 17:18:00 IST 2017
--------------------MEMCG-----------------------
MEM ONLY  : 30 MB
MEM+SWAP  : 30 MB
cache 23797760
rss 7741440
rss_huge 0
mapped_file 8880128
writeback 0
swap 0
pgpgin 78740
pgpgout 71040
pgfault 177620
pgmajfault 199
inactive_anon 45056
active_anon 7770112
inactive_file 10895360
active_file 12828672
unevictable 0
hierarchical_memory_limit 6656360448
hierarchical_memsw_limit 32212254720
total_cache 23797760
total_rss 7741440
total_rss_huge 0
total_mapped_file 8880128
total_writeback 0
total_swap 0
total_pgpgin 78740
total_pgpgout 71040
total_pgfault 177620
total_pgmajfault 199
total_inactive_anon 45056
total_active_anon 7770112
total_inactive_file 10895360
total_active_file 12828672
total_unevictable 0
--------------------BLKIO-----------------------
11:0 Read 0
11:0 Write 0
11:0 Sync 0
11:0 Async 0
11:0 Total 0
253:0 Read 23683072
253:0 Write 229376
253:0 Sync 0
253:0 Async 23912448
253:0 Total 23912448
Total 23912448
--------------------CPUAC-----------------------
user 106
system 160
 
Thu May 18 17:18:30 IST 2017
--------------------MEMCG-----------------------
MEM ONLY  : 30 MB
MEM+SWAP  : 30 MB
cache 23797760
rss 7741440
rss_huge 0
mapped_file 8880128
writeback 0
swap 0
pgpgin 78740
pgpgout 71040
pgfault 177621
pgmajfault 199
inactive_anon 45056
active_anon 7770112
inactive_file 10895360
active_file 12828672
unevictable 0
hierarchical_memory_limit 6656360448
hierarchical_memsw_limit 32212254720
total_cache 23797760
total_rss 7741440
total_rss_huge 0
total_mapped_file 8880128
total_writeback 0
total_swap 0
total_pgpgin 78740
total_pgpgout 71040
total_pgfault 177621
total_pgmajfault 199
total_inactive_anon 45056
total_active_anon 7770112
total_inactive_file 10895360
total_active_file 12828672
total_unevictable 0
--------------------BLKIO-----------------------
11:0 Read 0
11:0 Write 0
11:0 Sync 0
11:0 Async 0
11:0 Total 0
253:0 Read 23683072
253:0 Write 229376
253:0 Sync 0
253:0 Async 23912448
253:0 Total 23912448
Total 23912448
--------------------CPUAC-----------------------
user 106
system 160
 
Thu May 18 17:19:00 IST 2017
--------------------MEMCG-----------------------
MEM ONLY  : 30 MB
MEM+SWAP  : 30 MB
cache 23797760
rss 7741440
rss_huge 0
mapped_file 8880128
writeback 0
swap 0
pgpgin 78740
pgpgout 71040
pgfault 177621
pgmajfault 199
inactive_anon 45056
active_anon 7770112
inactive_file 10895360
active_file 12828672
unevictable 0
hierarchical_memory_limit 6656360448
hierarchical_memsw_limit 32212254720
total_cache 23797760
total_rss 7741440
total_rss_huge 0
total_mapped_file 8880128
total_writeback 0
total_swap 0
total_pgpgin 78740
total_pgpgout 71040
total_pgfault 177621
total_pgmajfault 199
total_inactive_anon 45056
total_active_anon 7770112
total_inactive_file 10895360
total_active_file 12828672
total_unevictable 0
--------------------BLKIO-----------------------
11:0 Read 0
11:0 Write 0
11:0 Sync 0
11:0 Async 0
11:0 Total 0
253:0 Read 23683072
253:0 Write 229376
253:0 Sync 0
253:0 Async 23912448
253:0 Total 23912448
Total 23912448
--------------------CPUAC-----------------------
user 107
system 161
 
Thu May 18 17:19:30 IST 2017
--------------------MEMCG-----------------------
MEM ONLY  : 30 MB
MEM+SWAP  : 30 MB
cache 23797760
rss 7741440
rss_huge 0
mapped_file 8880128
writeback 0
swap 0
pgpgin 78740
pgpgout 71040
pgfault 177621
pgmajfault 199
inactive_anon 45056
active_anon 7770112
inactive_file 10895360
active_file 12828672
unevictable 0
hierarchical_memory_limit 6656360448
hierarchical_memsw_limit 32212254720
total_cache 23797760
total_rss 7741440
total_rss_huge 0
total_mapped_file 8880128
total_writeback 0
total_swap 0
total_pgpgin 78740
total_pgpgout 71040
total_pgfault 177621
total_pgmajfault 199
total_inactive_anon 45056
total_active_anon 7770112
total_inactive_file 10895360
total_active_file 12828672
total_unevictable 0
--------------------BLKIO-----------------------
11:0 Read 0
11:0 Write 0
11:0 Sync 0
11:0 Async 0
11:0 Total 0
253:0 Read 23683072
253:0 Write 229376
253:0 Sync 0
253:0 Async 23912448
253:0 Total 23912448
Total 23912448
--------------------CPUAC-----------------------
user 108
system 162
 
Thu May 18 17:20:00 IST 2017
--------------------MEMCG-----------------------
MEM ONLY  : 30 MB
MEM+SWAP  : 30 MB
cache 23797760
rss 7741440
rss_huge 0
mapped_file 8880128
writeback 0
swap 0
pgpgin 78740
pgpgout 71040
pgfault 177621
pgmajfault 199
inactive_anon 45056
active_anon 7770112
inactive_file 10895360
active_file 12828672
unevictable 0
hierarchical_memory_limit 6656360448
hierarchical_memsw_limit 32212254720
total_cache 23797760
total_rss 7741440
total_rss_huge 0
total_mapped_file 8880128
total_writeback 0
total_swap 0
total_pgpgin 78740
total_pgpgout 71040
total_pgfault 177621
total_pgmajfault 199
total_inactive_anon 45056
total_active_anon 7770112
total_inactive_file 10895360
total_active_file 12828672
total_unevictable 0
--------------------BLKIO-----------------------
11:0 Read 0
11:0 Write 0
11:0 Sync 0
11:0 Async 0
11:0 Total 0
253:0 Read 23683072
253:0 Write 229376
253:0 Sync 0
253:0 Async 23912448
253:0 Total 23912448
Total 23912448
--------------------CPUAC-----------------------
user 110
system 163
 
Thu May 18 17:20:30 IST 2017
--------------------MEMCG-----------------------
MEM ONLY  : 597 MB
MEM+SWAP  : 611 MB
cache 1576960
rss 624922624
rss_huge 0
mapped_file 819200
writeback 0
swap 14561280
pgpgin 239522
pgpgout 86568
pgfault 332878
pgmajfault 524
inactive_anon 305549312
active_anon 319365120
inactive_file 20480
active_file 1556480
unevictable 0
hierarchical_memory_limit 6656360448
hierarchical_memsw_limit 32212254720
total_cache 1576960
total_rss 624922624
total_rss_huge 0
total_mapped_file 819200
total_writeback 0
total_swap 14561280
total_pgpgin 239522
total_pgpgout 86568
total_pgfault 332878
total_pgmajfault 524
total_inactive_anon 305549312
total_active_anon 319365120
total_inactive_file 20480
total_active_file 1556480
total_unevictable 0
--------------------BLKIO-----------------------
11:0 Read 0
11:0 Write 0
11:0 Sync 0
11:0 Async 0
11:0 Total 0
253:0 Read 23695360
253:0 Write 26783744
253:0 Sync 0
253:0 Async 50479104
253:0 Total 50479104
Total 50479104
--------------------CPUAC-----------------------
user 292
system 536
 
Thu May 18 17:21:00 IST 2017
--------------------MEMCG-----------------------
MEM ONLY  : 1928 MB
MEM+SWAP  : 2018 MB
cache 1613824
rss 2020139008
rss_huge 0
mapped_file 835584
writeback 0
swap 94781440
pgpgin 599749
pgpgout 106157
pgfault 694641
pgmajfault 529
inactive_anon 637472768
active_anon 1382666240
inactive_file 20480
active_file 1593344
unevictable 0
hierarchical_memory_limit 6656360448
hierarchical_memsw_limit 32212254720
total_cache 1613824
total_rss 2020139008
total_rss_huge 0
total_mapped_file 835584
total_writeback 0
total_swap 94781440
total_pgpgin 599749
total_pgpgout 106157
total_pgfault 694641
total_pgmajfault 529
total_inactive_anon 637472768
total_active_anon 1382666240
total_inactive_file 20480
total_active_file 1593344
total_unevictable 0
--------------------BLKIO-----------------------
11:0 Read 0
11:0 Write 0
11:0 Sync 0
11:0 Async 0
11:0 Total 0
253:0 Read 23715840
253:0 Write 107732992
253:0 Sync 0
253:0 Async 131448832
253:0 Total 131448832
Total 131448832
--------------------CPUAC-----------------------
user 769
system 1376
 
Thu May 18 17:21:31 IST 2017
--------------------MEMCG-----------------------
MEM ONLY  : 1925 MB
MEM+SWAP  : 2018 MB
cache 1937408
rss 2017353728
rss_huge 0
mapped_file 1126400
writeback 0
swap 97566720
pgpgin 599844
pgpgout 106853
pgfault 694690
pgmajfault 544
inactive_anon 633679872
active_anon 1383673856
inactive_file 143360
active_file 1794048
unevictable 0
hierarchical_memory_limit 6656360448
hierarchical_memsw_limit 32212254720
total_cache 1937408
total_rss 2017353728
total_rss_huge 0
total_mapped_file 1126400
total_writeback 0
total_swap 97566720
total_pgpgin 599844
total_pgpgout 106853
total_pgfault 694690
total_pgmajfault 544
total_inactive_anon 633679872
total_active_anon 1383673856
total_inactive_file 143360
total_active_file 1794048
total_unevictable 0
--------------------BLKIO-----------------------
11:0 Read 0
11:0 Write 0
11:0 Sync 0
11:0 Async 0
11:0 Total 0
253:0 Read 23810048
253:0 Write 107732992
253:0 Sync 0
253:0 Async 131543040
253:0 Total 131543040
Total 131543040
--------------------CPUAC-----------------------
user 770
system 1377
 
Thu May 18 17:22:02 IST 2017
--------------------MEMCG-----------------------
MEM ONLY  : 1920 MB
MEM+SWAP  : 2018 MB
cache 1937408
rss 2012016640
rss_huge 0
mapped_file 1126400
writeback 0
swap 102903808
pgpgin 599844
pgpgout 108156
pgfault 694690
pgmajfault 544
inactive_anon 626216960
active_anon 1385799680
inactive_file 143360
active_file 1794048
unevictable 0
hierarchical_memory_limit 6656360448
hierarchical_memsw_limit 32212254720
total_cache 1937408
total_rss 2012016640
total_rss_huge 0
total_mapped_file 1126400
total_writeback 0
total_swap 102903808
total_pgpgin 599844
total_pgpgout 108156
total_pgfault 694690
total_pgmajfault 544
total_inactive_anon 626216960
total_active_anon 1385799680
total_inactive_file 143360
total_active_file 1794048
total_unevictable 0
--------------------BLKIO-----------------------
11:0 Read 0
11:0 Write 0
11:0 Sync 0
11:0 Async 0
11:0 Total 0
253:0 Read 23810048
253:0 Write 107732992
253:0 Sync 0
253:0 Async 131543040
253:0 Total 131543040
Total 131543040
--------------------CPUAC-----------------------
user 770
system 1378
 
Thu May 18 17:22:32 IST 2017
--------------------MEMCG-----------------------
MEM ONLY  : 1915 MB
MEM+SWAP  : 2018 MB
cache 1937408
rss 2006474752
rss_huge 0
mapped_file 1126400
writeback 0
swap 108445696
pgpgin 599844
pgpgout 109509
pgfault 694690
pgmajfault 544
inactive_anon 618463232
active_anon 1388011520
inactive_file 143360
active_file 1794048
unevictable 0
hierarchical_memory_limit 6656360448
hierarchical_memsw_limit 32212254720
total_cache 1937408
total_rss 2006474752
total_rss_huge 0
total_mapped_file 1126400
total_writeback 0
total_swap 108445696
total_pgpgin 599844
total_pgpgout 109509
total_pgfault 694690
total_pgmajfault 544
total_inactive_anon 618463232
total_active_anon 1388011520
total_inactive_file 143360
total_active_file 1794048
total_unevictable 0
--------------------BLKIO-----------------------
11:0 Read 0
11:0 Write 0
11:0 Sync 0
11:0 Async 0
11:0 Total 0
253:0 Read 23810048
253:0 Write 107732992
253:0 Sync 0
253:0 Async 131543040
253:0 Total 131543040
Total 131543040
--------------------CPUAC-----------------------
user 770
system 1380
 
Thu May 18 17:23:03 IST 2017
--------------------MEMCG-----------------------
MEM ONLY  : 1910 MB
MEM+SWAP  : 2018 MB
cache 1937408
rss 2001223680
rss_huge 0
mapped_file 1126400
writeback 0
swap 113696768
pgpgin 599844
pgpgout 110791
pgfault 694690
pgmajfault 544
inactive_anon 610566144
active_anon 1390657536
inactive_file 143360
active_file 1794048
unevictable 0
hierarchical_memory_limit 6656360448
hierarchical_memsw_limit 32212254720
total_cache 1937408
total_rss 2001223680
total_rss_huge 0
total_mapped_file 1126400
total_writeback 0
total_swap 113696768
total_pgpgin 599844
total_pgpgout 110791
total_pgfault 694690
total_pgmajfault 544
total_inactive_anon 610566144
total_active_anon 1390657536
total_inactive_file 143360
total_active_file 1794048
total_unevictable 0
--------------------BLKIO-----------------------
11:0 Read 0
11:0 Write 0
11:0 Sync 0
11:0 Async 0
11:0 Total 0
253:0 Read 23810048
253:0 Write 107732992
253:0 Sync 0
253:0 Async 131543040
253:0 Total 131543040
Total 131543040
--------------------CPUAC-----------------------
user 770
system 1380
 
Thu May 18 17:23:34 IST 2017
--------------------MEMCG-----------------------
MEM ONLY  : 1905 MB
MEM+SWAP  : 2018 MB
cache 1937408
rss 1995833344
rss_huge 0
mapped_file 1126400
writeback 0
swap 119087104
pgpgin 599844
pgpgout 112107
pgfault 694690
pgmajfault 544
inactive_anon 603025408
active_anon 1392807936
inactive_file 143360
active_file 1794048
unevictable 0
hierarchical_memory_limit 6656360448
hierarchical_memsw_limit 32212254720
total_cache 1937408
total_rss 1995833344
total_rss_huge 0
total_mapped_file 1126400
total_writeback 0
total_swap 119087104
total_pgpgin 599844
total_pgpgout 112107
total_pgfault 694690
total_pgmajfault 544
total_inactive_anon 603025408
total_active_anon 1392807936
total_inactive_file 143360
total_active_file 1794048
total_unevictable 0
--------------------BLKIO-----------------------
11:0 Read 0
11:0 Write 0
11:0 Sync 0
11:0 Async 0
11:0 Total 0
253:0 Read 23810048
253:0 Write 107732992
253:0 Sync 0
253:0 Async 131543040
253:0 Total 131543040
Total 131543040
--------------------CPUAC-----------------------
user 771
system 1380
 
Thu May 18 17:24:05 IST 2017
--------------------MEMCG-----------------------
MEM ONLY  : 1899 MB
MEM+SWAP  : 2018 MB
cache 1937408
rss 1990213632
rss_huge 0
mapped_file 1126400
writeback 0
swap 124706816
pgpgin 599844
pgpgout 113479
pgfault 694690
pgmajfault 544
inactive_anon 595181568
active_anon 1395032064
inactive_file 143360
active_file 1794048
unevictable 0
hierarchical_memory_limit 6656360448
hierarchical_memsw_limit 32212254720
total_cache 1937408
total_rss 1990213632
total_rss_huge 0
total_mapped_file 1126400
total_writeback 0
total_swap 124706816
total_pgpgin 599844
total_pgpgout 113479
total_pgfault 694690
total_pgmajfault 544
total_inactive_anon 595181568
total_active_anon 1395032064
total_inactive_file 143360
total_active_file 1794048
total_unevictable 0
--------------------BLKIO-----------------------
11:0 Read 0
11:0 Write 0
11:0 Sync 0
11:0 Async 0
11:0 Total 0
253:0 Read 23810048
253:0 Write 107732992
253:0 Sync 0
253:0 Async 131543040
253:0 Total 131543040
Total 131543040
--------------------CPUAC-----------------------
user 771
system 1380
 
Thu May 18 17:24:36 IST 2017
--------------------MEMCG-----------------------
MEM ONLY  : 1894 MB
MEM+SWAP  : 2018 MB
cache 1937408
rss 1984651264
rss_huge 0
mapped_file 1126400
writeback 0
swap 130269184
pgpgin 599844
pgpgout 114837
pgfault 694690
pgmajfault 544
inactive_anon 587362304
active_anon 1397288960
inactive_file 143360
active_file 1794048
unevictable 0
hierarchical_memory_limit 6656360448
hierarchical_memsw_limit 32212254720
total_cache 1937408
total_rss 1984651264
total_rss_huge 0
total_mapped_file 1126400
total_writeback 0
total_swap 130269184
total_pgpgin 599844
total_pgpgout 114837
total_pgfault 694690
total_pgmajfault 544
total_inactive_anon 587362304
total_active_anon 1397288960
total_inactive_file 143360
total_active_file 1794048
total_unevictable 0
--------------------BLKIO-----------------------
11:0 Read 0
11:0 Write 0
11:0 Sync 0
11:0 Async 0
11:0 Total 0
253:0 Read 23810048
253:0 Write 107732992
253:0 Sync 0
253:0 Async 131543040
253:0 Total 131543040
Total 131543040
--------------------CPUAC-----------------------
user 772
system 1380
 
Thu May 18 17:25:06 IST 2017
--------------------MEMCG-----------------------
MEM ONLY  : 1890 MB
MEM+SWAP  : 2018 MB
cache 1937408
rss 1980596224
rss_huge 0
mapped_file 1126400
writeback 0
swap 134324224
pgpgin 599844
pgpgout 115827
pgfault 694690
pgmajfault 544
inactive_anon 581726208
active_anon 1398870016
inactive_file 143360
active_file 1794048
unevictable 0
hierarchical_memory_limit 6656360448
hierarchical_memsw_limit 32212254720
total_cache 1937408
total_rss 1980596224
total_rss_huge 0
total_mapped_file 1126400
total_writeback 0
total_swap 134324224
total_pgpgin 599844
total_pgpgout 115827
total_pgfault 694690
total_pgmajfault 544
total_inactive_anon 581726208
total_active_anon 1398870016
total_inactive_file 143360
total_active_file 1794048
total_unevictable 0
--------------------BLKIO-----------------------
11:0 Read 0
11:0 Write 0
11:0 Sync 0
11:0 Async 0
11:0 Total 0
253:0 Read 23810048
253:0 Write 107732992
253:0 Sync 0
253:0 Async 131543040
253:0 Total 131543040
Total 131543040
--------------------CPUAC-----------------------
user 772
system 1382
 
Thu May 18 17:25:36 IST 2017
--------------------MEMCG-----------------------
MEM ONLY  : 1887 MB
MEM+SWAP  : 2018 MB
cache 1937408
rss 1977040896
rss_huge 0
mapped_file 1126400
writeback 0
swap 137879552
pgpgin 599844
pgpgout 116695
pgfault 694690
pgmajfault 544
inactive_anon 579072000
active_anon 1397968896
inactive_file 143360
active_file 1794048
unevictable 0
hierarchical_memory_limit 6656360448
hierarchical_memsw_limit 32212254720
total_cache 1937408
total_rss 1977040896
total_rss_huge 0
total_mapped_file 1126400
total_writeback 0
total_swap 137879552
total_pgpgin 599844
total_pgpgout 116695
total_pgfault 694690
total_pgmajfault 544
total_inactive_anon 579072000
total_active_anon 1397968896
total_inactive_file 143360
total_active_file 1794048
total_unevictable 0
--------------------BLKIO-----------------------
11:0 Read 0
11:0 Write 0
11:0 Sync 0
11:0 Async 0
11:0 Total 0
253:0 Read 23810048
253:0 Write 107732992
253:0 Sync 0
253:0 Async 131543040
253:0 Total 131543040
Total 131543040
--------------------CPUAC-----------------------
user 772
system 1383
 
Thu May 18 17:26:07 IST 2017
--------------------MEMCG-----------------------
MEM ONLY  : 1883 MB
MEM+SWAP  : 2018 MB
cache 1937408
rss 1972740096
rss_huge 0
mapped_file 1126400
writeback 0
swap 142180352
pgpgin 599844
pgpgout 117745
pgfault 694690
pgmajfault 544
inactive_anon 578043904
active_anon 1394696192
inactive_file 143360
active_file 1794048
unevictable 0
hierarchical_memory_limit 6656360448
hierarchical_memsw_limit 32212254720
total_cache 1937408
total_rss 1972740096
total_rss_huge 0
total_mapped_file 1126400
total_writeback 0
total_swap 142180352
total_pgpgin 599844
total_pgpgout 117745
total_pgfault 694690
total_pgmajfault 544
total_inactive_anon 578043904
total_active_anon 1394696192
total_inactive_file 143360
total_active_file 1794048
total_unevictable 0
--------------------BLKIO-----------------------
11:0 Read 0
11:0 Write 0
11:0 Sync 0
11:0 Async 0
11:0 Total 0
253:0 Read 23810048
253:0 Write 107732992
253:0 Sync 0
253:0 Async 131543040
253:0 Total 131543040
Total 131543040
--------------------CPUAC-----------------------
user 773
system 1383
 
Thu May 18 17:26:38 IST 2017
--------------------MEMCG-----------------------
MEM ONLY  : 1879 MB
MEM+SWAP  : 2018 MB
cache 1937408
rss 1968496640
rss_huge 0
mapped_file 1126400
writeback 0
swap 146423808
pgpgin 599844
pgpgout 118781
pgfault 694690
pgmajfault 544
inactive_anon 577007616
active_anon 1391489024
inactive_file 143360
active_file 1794048
unevictable 0
hierarchical_memory_limit 6656360448
hierarchical_memsw_limit 32212254720
total_cache 1937408
total_rss 1968496640
total_rss_huge 0
total_mapped_file 1126400
total_writeback 0
total_swap 146423808
total_pgpgin 599844
total_pgpgout 118781
total_pgfault 694690
total_pgmajfault 544
total_inactive_anon 577007616
total_active_anon 1391489024
total_inactive_file 143360
total_active_file 1794048
total_unevictable 0
--------------------BLKIO-----------------------
11:0 Read 0
11:0 Write 0
11:0 Sync 0
11:0 Async 0
11:0 Total 0
253:0 Read 23810048
253:0 Write 107732992
253:0 Sync 0
253:0 Async 131543040
253:0 Total 131543040
Total 131543040
--------------------CPUAC-----------------------
user 774
system 1385
 
Thu May 18 17:27:08 IST 2017
--------------------MEMCG-----------------------
MEM ONLY  : 1875 MB
MEM+SWAP  : 2018 MB
cache 1937408
rss 1964969984
rss_huge 0
mapped_file 1126400
writeback 0
swap 149950464
pgpgin 599844
pgpgout 119642
pgfault 694690
pgmajfault 544
inactive_anon 576118784
active_anon 1388851200
inactive_file 143360
active_file 1794048
unevictable 0
hierarchical_memory_limit 6656360448
hierarchical_memsw_limit 32212254720
total_cache 1937408
total_rss 1964969984
total_rss_huge 0
total_mapped_file 1126400
total_writeback 0
total_swap 149950464
total_pgpgin 599844
total_pgpgout 119642
total_pgfault 694690
total_pgmajfault 544
total_inactive_anon 576118784
total_active_anon 1388851200
total_inactive_file 143360
total_active_file 1794048
total_unevictable 0
--------------------BLKIO-----------------------
11:0 Read 0
11:0 Write 0
11:0 Sync 0
11:0 Async 0
11:0 Total 0
253:0 Read 23810048
253:0 Write 107732992
253:0 Sync 0
253:0 Async 131543040
253:0 Total 131543040
Total 131543040
--------------------CPUAC-----------------------
user 774
system 1386
 
Thu May 18 17:27:39 IST 2017
--------------------MEMCG-----------------------
MEM ONLY  : 1873 MB
MEM+SWAP  : 2018 MB
cache 1937408
rss 1962192896
rss_huge 0
mapped_file 1126400
writeback 0
swap 152727552
pgpgin 599844
pgpgout 120320
pgfault 694690
pgmajfault 544
inactive_anon 575369216
active_anon 1386823680
inactive_file 143360
active_file 1794048
unevictable 0
hierarchical_memory_limit 6656360448
hierarchical_memsw_limit 32212254720
total_cache 1937408
total_rss 1962192896
total_rss_huge 0
total_mapped_file 1126400
total_writeback 0
total_swap 152727552
total_pgpgin 599844
total_pgpgout 120320
total_pgfault 694690
total_pgmajfault 544
total_inactive_anon 575369216
total_active_anon 1386823680
total_inactive_file 143360
total_active_file 1794048
total_unevictable 0
--------------------BLKIO-----------------------
11:0 Read 0
11:0 Write 0
11:0 Sync 0
11:0 Async 0
11:0 Total 0
253:0 Read 23810048
253:0 Write 107732992
253:0 Sync 0
253:0 Async 131543040
253:0 Total 131543040
Total 131543040
--------------------CPUAC-----------------------
user 774
system 1387
 
Thu May 18 17:28:10 IST 2017
--------------------MEMCG-----------------------
MEM ONLY  : 1866 MB
MEM+SWAP  : 2018 MB
cache 1937408
rss 1955696640
rss_huge 0
mapped_file 1126400
writeback 0
swap 159223808
pgpgin 599844
pgpgout 121906
pgfault 694690
pgmajfault 544
inactive_anon 573767680
active_anon 1381928960
inactive_file 143360
active_file 1794048
unevictable 0
hierarchical_memory_limit 6656360448
hierarchical_memsw_limit 32212254720
total_cache 1937408
total_rss 1955696640
total_rss_huge 0
total_mapped_file 1126400
total_writeback 0
total_swap 159223808
total_pgpgin 599844
total_pgpgout 121906
total_pgfault 694690
total_pgmajfault 544
total_inactive_anon 573767680
total_active_anon 1381928960
total_inactive_file 143360
total_active_file 1794048
total_unevictable 0
--------------------BLKIO-----------------------
11:0 Read 0
11:0 Write 0
11:0 Sync 0
11:0 Async 0
11:0 Total 0
253:0 Read 23810048
253:0 Write 107732992
253:0 Sync 0
253:0 Async 131543040
253:0 Total 131543040
Total 131543040
--------------------CPUAC-----------------------
user 774
system 1387
 
Thu May 18 17:28:40 IST 2017
--------------------MEMCG-----------------------
MEM ONLY  : 1860 MB
MEM+SWAP  : 2018 MB
cache 1937408
rss 1948704768
rss_huge 0
mapped_file 1126400
writeback 0
swap 166215680
pgpgin 599844
pgpgout 123613
pgfault 694690
pgmajfault 544
inactive_anon 571969536
active_anon 1376735232
inactive_file 143360
active_file 1794048
unevictable 0
hierarchical_memory_limit 6656360448
hierarchical_memsw_limit 32212254720
total_cache 1937408
total_rss 1948704768
total_rss_huge 0
total_mapped_file 1126400
total_writeback 0
total_swap 166215680
total_pgpgin 599844
total_pgpgout 123613
total_pgfault 694690
total_pgmajfault 544
total_inactive_anon 571969536
total_active_anon 1376735232
total_inactive_file 143360
total_active_file 1794048
total_unevictable 0
--------------------BLKIO-----------------------
11:0 Read 0
11:0 Write 0
11:0 Sync 0
11:0 Async 0
11:0 Total 0
253:0 Read 23810048
253:0 Write 107732992
253:0 Sync 0
253:0 Async 131543040
253:0 Total 131543040
Total 131543040
--------------------CPUAC-----------------------
user 775
system 1387
 
Thu May 18 17:29:12 IST 2017
--------------------MEMCG-----------------------
MEM ONLY  : 1851 MB
MEM+SWAP  : 2018 MB
cache 1937408
rss 1939746816
rss_huge 0
mapped_file 1126400
writeback 0
swap 175173632
pgpgin 599844
pgpgout 125800
pgfault 694690
pgmajfault 544
inactive_anon 569806848
active_anon 1369939968
inactive_file 143360
active_file 1794048
unevictable 0
hierarchical_memory_limit 6656360448
hierarchical_memsw_limit 32212254720
total_cache 1937408
total_rss 1939746816
total_rss_huge 0
total_mapped_file 1126400
total_writeback 0
total_swap 175173632
total_pgpgin 599844
total_pgpgout 125800
total_pgfault 694690
total_pgmajfault 544
total_inactive_anon 569806848
total_active_anon 1369939968
total_inactive_file 143360
total_active_file 1794048
total_unevictable 0
--------------------BLKIO-----------------------
11:0 Read 0
11:0 Write 0
11:0 Sync 0
11:0 Async 0
11:0 Total 0
253:0 Read 23810048
253:0 Write 107732992
253:0 Sync 0
253:0 Async 131543040
253:0 Total 131543040
Total 131543040
--------------------CPUAC-----------------------
user 775
system 1388
 
Thu May 18 17:29:42 IST 2017
--------------------MEMCG-----------------------
MEM ONLY  : 1843 MB
MEM+SWAP  : 2018 MB
cache 1937408
rss 1931546624
rss_huge 0
mapped_file 1126400
writeback 24576
swap 183373824
pgpgin 599844
pgpgout 127802
pgfault 694690
pgmajfault 544
inactive_anon 567762944
active_anon 1363783680
inactive_file 143360
active_file 1794048
unevictable 0
hierarchical_memory_limit 6656360448
hierarchical_memsw_limit 32212254720
total_cache 1937408
total_rss 1931546624
total_rss_huge 0
total_mapped_file 1126400
total_writeback 24576
total_swap 183373824
total_pgpgin 599844
total_pgpgout 127802
total_pgfault 694690
total_pgmajfault 544
total_inactive_anon 567762944
total_active_anon 1363783680
total_inactive_file 143360
total_active_file 1794048
total_unevictable 0
--------------------BLKIO-----------------------
11:0 Read 0
11:0 Write 0
11:0 Sync 0
11:0 Async 0
11:0 Total 0
253:0 Read 23810048
253:0 Write 107732992
253:0 Sync 0
253:0 Async 131543040
253:0 Total 131543040
Total 131543040
--------------------CPUAC-----------------------
user 776
system 1389
 
Thu May 18 17:30:13 IST 2017
--------------------MEMCG-----------------------
MEM ONLY  : 1838 MB
MEM+SWAP  : 2018 MB
cache 1937408
rss 1925578752
rss_huge 0
mapped_file 1126400
writeback 0
swap 189341696
pgpgin 599844
pgpgout 129259
pgfault 694690
pgmajfault 544
inactive_anon 566272000
active_anon 1359306752
inactive_file 143360
active_file 1794048
unevictable 0
hierarchical_memory_limit 6656360448
hierarchical_memsw_limit 32212254720
total_cache 1937408
total_rss 1925578752
total_rss_huge 0
total_mapped_file 1126400
total_writeback 0
total_swap 189341696
total_pgpgin 599844
total_pgpgout 129259
total_pgfault 694690
total_pgmajfault 544
total_inactive_anon 566272000
total_active_anon 1359306752
total_inactive_file 143360
total_active_file 1794048
total_unevictable 0
--------------------BLKIO-----------------------
11:0 Read 0
11:0 Write 0
11:0 Sync 0
11:0 Async 0
11:0 Total 0
253:0 Read 23810048
253:0 Write 107732992
253:0 Sync 0
253:0 Async 131543040
253:0 Total 131543040
Total 131543040
--------------------CPUAC-----------------------
user 776
system 1390
 
