========== START: Container 3 Memory STATS ==============
cache 339968
rss 2147008512
rss_huge 0
mapped_file 0
writeback 0
swap 57602048
pgpgin 626954
pgpgout 102699
pgfault 815620
pgmajfault 14793
inactive_anon 802779136
active_anon 1344208896
inactive_file 53248
active_file 278528
unevictable 0
hierarchical_memory_limit 2147483648
hierarchical_memsw_limit 9223372036854771712
total_cache 339968
total_rss 2147008512
total_rss_huge 0
total_mapped_file 0
total_writeback 0
total_swap 57602048
total_pgpgin 626954
total_pgpgout 102699
total_pgfault 815620
total_pgmajfault 14793
total_inactive_anon 802779136
total_active_anon 1344208896
total_inactive_file 53248
total_active_file 278528
total_unevictable 0
======== END Container STATS ======
========== STOP: Container 3 Memory STATS ==============
cache 12288
rss 2147274752
rss_huge 0
mapped_file 0
writeback 0
swap 76214272
pgpgin 633074
pgpgout 108834
pgfault 830258
pgmajfault 16250
inactive_anon 801681408
active_anon 1345552384
inactive_file 0
active_file 8192
unevictable 0
hierarchical_memory_limit 2147483648
hierarchical_memsw_limit 9223372036854771712
total_cache 12288
total_rss 2147274752
total_rss_huge 0
total_mapped_file 0
total_writeback 0
total_swap 76214272
total_pgpgin 633074
total_pgpgout 108834
total_pgfault 830258
total_pgmajfault 16250
total_inactive_anon 801681408
total_active_anon 1345552384
total_inactive_file 0
total_active_file 8192
total_unevictable 0
======== END Container STATS ======
