14:23:24,695 (DBWorkload.java:259) INFO  - ======================================================================

Benchmark:     YCSB {com.oltpbenchmark.benchmarks.ycsb.YCSBBenchmark}
Configuration: /home/ubuntu/oltp/config/sample_ycsb_config.xml
Type:          MYSQL
Driver:        com.mysql.jdbc.Driver
URL:           jdbc:mysql://10.0.3.43:3306/ycsb
Isolation:     TRANSACTION_SERIALIZABLE
Scale Factor:  1400.0

14:23:24,696 (DBWorkload.java:260) INFO  - ======================================================================
14:23:24,755 (DBWorkload.java:512) INFO  - Creating new YCSB database...
14:23:25,852 (DBWorkload.java:514) INFO  - Finished!
14:23:25,852 (DBWorkload.java:515) INFO  - ======================================================================
14:23:25,852 (DBWorkload.java:538) INFO  - Loading data into YCSB database...
14:34:12,188 (DBWorkload.java:540) INFO  - Finished!
14:34:12,189 (DBWorkload.java:541) INFO  - ======================================================================
14:34:12,189 (DBWorkload.java:581) INFO  - Skipping benchmark workload execution
14:34:18,348 (DBWorkload.java:259) INFO  - ======================================================================

Benchmark:     YCSB {com.oltpbenchmark.benchmarks.ycsb.YCSBBenchmark}
Configuration: /home/ubuntu/oltp/config/sample_ycsb_config.xml
Type:          MYSQL
Driver:        com.mysql.jdbc.Driver
URL:           jdbc:mysql://10.0.3.43:3306/ycsb
Isolation:     TRANSACTION_SERIALIZABLE
Scale Factor:  1400.0

14:34:18,350 (DBWorkload.java:260) INFO  - ======================================================================
14:34:18,363 (DBWorkload.java:790) INFO  - Creating 10 virtual terminals...
14:34:20,187 (DBWorkload.java:795) INFO  - Launching the YCSB Benchmark with 1 Phase...
14:34:20,307 (ThreadBench.java:325) INFO  - [0;1mPHASE START[0;0m :: [Workload=YCSB] [Serial=false] [Time=600] [Rate=20000] [Arrival=REGULAR] [Ratios=[50.0, 5.0, 15.0, 10.0, 10.0, 10.0]] [ActiveWorkers=10]
14:34:20,308 (ThreadBench.java:472) INFO  - [0;1mMEASURE[0;0m :: Warmup complete, starting measurements.
14:44:20,309 (ThreadBench.java:428) INFO  - [0;1mTERMINATE[0;0m :: Waiting for all terminals to finish ..
14:44:20,400 (ThreadBench.java:233) INFO  - Starting WatchDogThread
14:44:20,633 (DBWorkload.java:801) INFO  - ======================================================================
14:44:20,633 (DBWorkload.java:802) INFO  - Rate limited reqs/s: Results(nanoSeconds=600000162658, measuredRequests=87362) = 145.60329386076572 requests/sec
14:44:20,654 (DBWorkload.java:675) INFO  - Output Raw data into file: results/oltpbench.5.csv
