Fri May 19 22:52:04 IST 2017
--------------------MEMCG-----------------------
MEM ONLY  : 1535 MB
MEM+SWAP  : 1543 MB
cache 1360539648
rss 249954304
rss_huge 0
mapped_file 12349440
writeback 0
swap 7598080
pgpgin 776601
pgpgout 383414
pgfault 254173
pgmajfault 1494
inactive_anon 125530112
active_anon 124428288
inactive_file 680341504
active_file 680189952
unevictable 4096
hierarchical_memory_limit 1610612736
hierarchical_memsw_limit 9223372036854771712
total_cache 1360539648
total_rss 249954304
total_rss_huge 0
total_mapped_file 12349440
total_writeback 0
total_swap 7598080
total_pgpgin 776601
total_pgpgout 383414
total_pgfault 254173
total_pgmajfault 1494
total_inactive_anon 125530112
total_active_anon 124428288
total_inactive_file 680341504
total_active_file 680189952
total_unevictable 4096
--------------------BLKIO-----------------------
11:0 Read 0
11:0 Write 0
11:0 Sync 0
11:0 Async 0
11:0 Total 0
253:0 Read 2069504000
253:0 Write 3637248
253:0 Sync 196608
253:0 Async 2072944640
253:0 Total 2073141248
Total 2073141248
--------------------CPUAC-----------------------
user 1222
system 1117
 
Fri May 19 22:52:34 IST 2017
--------------------MEMCG-----------------------
MEM ONLY  : 1535 MB
MEM+SWAP  : 1543 MB
cache 1360637952
rss 249954304
rss_huge 0
mapped_file 12349440
writeback 0
swap 7598080
pgpgin 779494
pgpgout 386283
pgfault 254264
pgmajfault 1494
inactive_anon 125530112
active_anon 124428288
inactive_file 680402944
active_file 680226816
unevictable 4096
hierarchical_memory_limit 1610612736
hierarchical_memsw_limit 9223372036854771712
total_cache 1360637952
total_rss 249954304
total_rss_huge 0
total_mapped_file 12349440
total_writeback 0
total_swap 7598080
total_pgpgin 779494
total_pgpgout 386283
total_pgfault 254264
total_pgmajfault 1494
total_inactive_anon 125530112
total_active_anon 124428288
total_inactive_file 680402944
total_active_file 680226816
total_unevictable 4096
--------------------BLKIO-----------------------
11:0 Read 0
11:0 Write 0
11:0 Sync 0
11:0 Async 0
11:0 Total 0
253:0 Read 2073935872
253:0 Write 3674112
253:0 Sync 196608
253:0 Async 2077413376
253:0 Total 2077609984
Total 2077609984
--------------------CPUAC-----------------------
user 1232
system 1123
 
Fri May 19 22:53:04 IST 2017
--------------------MEMCG-----------------------
MEM ONLY  : 1535 MB
MEM+SWAP  : 1543 MB
cache 1360232448
rss 250298368
rss_huge 0
mapped_file 12349440
writeback 0
swap 7598080
pgpgin 784529
pgpgout 391333
pgfault 254438
pgmajfault 1494
inactive_anon 125530112
active_anon 124772352
inactive_file 680239104
active_file 679985152
unevictable 4096
hierarchical_memory_limit 1610612736
hierarchical_memsw_limit 9223372036854771712
total_cache 1360232448
total_rss 250298368
total_rss_huge 0
total_mapped_file 12349440
total_writeback 0
total_swap 7598080
total_pgpgin 784529
total_pgpgout 391333
total_pgfault 254438
total_pgmajfault 1494
total_inactive_anon 125530112
total_active_anon 124772352
total_inactive_file 680239104
total_active_file 679985152
total_unevictable 4096
--------------------BLKIO-----------------------
11:0 Read 0
11:0 Write 0
11:0 Sync 0
11:0 Async 0
11:0 Total 0
253:0 Read 2080980992
253:0 Write 3719168
253:0 Sync 196608
253:0 Async 2084503552
253:0 Total 2084700160
Total 2084700160
--------------------CPUAC-----------------------
user 1246
system 1134
 
Fri May 19 22:53:34 IST 2017
--------------------MEMCG-----------------------
MEM ONLY  : 1535 MB
MEM+SWAP  : 1543 MB
cache 1360248832
rss 250310656
rss_huge 0
mapped_file 12349440
writeback 0
swap 7598080
pgpgin 788015
pgpgout 394812
pgfault 254532
pgmajfault 1494
inactive_anon 125530112
active_anon 124784640
inactive_file 680361984
active_file 679878656
unevictable 4096
hierarchical_memory_limit 1610612736
hierarchical_memsw_limit 9223372036854771712
total_cache 1360248832
total_rss 250310656
total_rss_huge 0
total_mapped_file 12349440
total_writeback 0
total_swap 7598080
total_pgpgin 788015
total_pgpgout 394812
total_pgfault 254532
total_pgmajfault 1494
total_inactive_anon 125530112
total_active_anon 124784640
total_inactive_file 680361984
total_active_file 679878656
total_unevictable 4096
--------------------BLKIO-----------------------
11:0 Read 0
11:0 Write 0
11:0 Sync 0
11:0 Async 0
11:0 Total 0
253:0 Read 2086256640
253:0 Write 3751936
253:0 Sync 196608
253:0 Async 2089811968
253:0 Total 2090008576
Total 2090008576
--------------------CPUAC-----------------------
user 1256
system 1144
 
Fri May 19 22:54:04 IST 2017
--------------------MEMCG-----------------------
MEM ONLY  : 1535 MB
MEM+SWAP  : 1543 MB
cache 1360039936
rss 250519552
rss_huge 0
mapped_file 12349440
writeback 0
swap 7598080
pgpgin 793317
pgpgout 400114
pgfault 254705
pgmajfault 1494
inactive_anon 125468672
active_anon 125054976
inactive_file 680210432
active_file 679821312
unevictable 4096
hierarchical_memory_limit 1610612736
hierarchical_memsw_limit 9223372036854771712
total_cache 1360039936
total_rss 250519552
total_rss_huge 0
total_mapped_file 12349440
total_writeback 0
total_swap 7598080
total_pgpgin 793317
total_pgpgout 400114
total_pgfault 254705
total_pgmajfault 1494
total_inactive_anon 125468672
total_active_anon 125054976
total_inactive_file 680210432
total_active_file 679821312
total_unevictable 4096
--------------------BLKIO-----------------------
11:0 Read 0
11:0 Write 0
11:0 Sync 0
11:0 Async 0
11:0 Total 0
253:0 Read 2094178304
253:0 Write 3776512
253:0 Sync 196608
253:0 Async 2097758208
253:0 Total 2097954816
Total 2097954816
--------------------CPUAC-----------------------
user 1271
system 1156
 
Fri May 19 22:54:34 IST 2017
--------------------MEMCG-----------------------
MEM ONLY  : 1535 MB
MEM+SWAP  : 1543 MB
cache 1359904768
rss 250490880
rss_huge 0
mapped_file 12349440
writeback 0
swap 7598080
pgpgin 796294
pgpgout 403131
pgfault 254809
pgmajfault 1494
inactive_anon 125435904
active_anon 125059072
inactive_file 680058880
active_file 679837696
unevictable 4096
hierarchical_memory_limit 1610612736
hierarchical_memsw_limit 9223372036854771712
total_cache 1359904768
total_rss 250490880
total_rss_huge 0
total_mapped_file 12349440
total_writeback 0
total_swap 7598080
total_pgpgin 796294
total_pgpgout 403131
total_pgfault 254809
total_pgmajfault 1494
total_inactive_anon 125435904
total_active_anon 125059072
total_inactive_file 680058880
total_active_file 679837696
total_unevictable 4096
--------------------BLKIO-----------------------
11:0 Read 0
11:0 Write 0
11:0 Sync 0
11:0 Async 0
11:0 Total 0
253:0 Read 2098028544
253:0 Write 3813376
253:0 Sync 196608
253:0 Async 2101645312
253:0 Total 2101841920
Total 2101841920
--------------------CPUAC-----------------------
user 1282
system 1166
 
Fri May 19 22:55:04 IST 2017
--------------------MEMCG-----------------------
MEM ONLY  : 1535 MB
MEM+SWAP  : 1543 MB
cache 1360027648
rss 250531840
rss_huge 0
mapped_file 12349440
writeback 0
swap 7598080
pgpgin 801756
pgpgout 408553
pgfault 254951
pgmajfault 1494
inactive_anon 125435904
active_anon 125100032
inactive_file 680112128
active_file 679862272
unevictable 4096
hierarchical_memory_limit 1610612736
hierarchical_memsw_limit 9223372036854771712
total_cache 1360027648
total_rss 250531840
total_rss_huge 0
total_mapped_file 12349440
total_writeback 0
total_swap 7598080
total_pgpgin 801756
total_pgpgout 408553
total_pgfault 254951
total_pgmajfault 1494
total_inactive_anon 125435904
total_active_anon 125100032
total_inactive_file 680112128
total_active_file 679862272
total_unevictable 4096
--------------------BLKIO-----------------------
11:0 Read 0
11:0 Write 0
11:0 Sync 0
11:0 Async 0
11:0 Total 0
253:0 Read 2105466880
253:0 Write 3862528
253:0 Sync 196608
253:0 Async 2109132800
253:0 Total 2109329408
Total 2109329408
--------------------CPUAC-----------------------
user 1300
system 1176
 
Fri May 19 22:55:34 IST 2017
--------------------MEMCG-----------------------
MEM ONLY  : 1535 MB
MEM+SWAP  : 1543 MB
cache 1359937536
rss 250523648
rss_huge 0
mapped_file 12349440
writeback 0
swap 7598080
pgpgin 807014
pgpgout 413835
pgfault 255068
pgmajfault 1494
inactive_anon 125435904
active_anon 125091840
inactive_file 679993344
active_file 679923712
unevictable 4096
hierarchical_memory_limit 1610612736
hierarchical_memsw_limit 9223372036854771712
total_cache 1359937536
total_rss 250523648
total_rss_huge 0
total_mapped_file 12349440
total_writeback 0
total_swap 7598080
total_pgpgin 807014
total_pgpgout 413835
total_pgfault 255068
total_pgmajfault 1494
total_inactive_anon 125435904
total_active_anon 125091840
total_inactive_file 679993344
total_active_file 679923712
total_unevictable 4096
--------------------BLKIO-----------------------
11:0 Read 0
11:0 Write 0
11:0 Sync 0
11:0 Async 0
11:0 Total 0
253:0 Read 2113122304
253:0 Write 3919872
253:0 Sync 196608
253:0 Async 2116845568
253:0 Total 2117042176
Total 2117042176
--------------------CPUAC-----------------------
user 1315
system 1187
 
Fri May 19 22:56:04 IST 2017
--------------------MEMCG-----------------------
MEM ONLY  : 1535 MB
MEM+SWAP  : 1543 MB
cache 1360007168
rss 250470400
rss_huge 0
mapped_file 12349440
writeback 0
swap 7598080
pgpgin 811884
pgpgout 418701
pgfault 255184
pgmajfault 1494
inactive_anon 125435904
active_anon 125038592
inactive_file 680083456
active_file 679915520
unevictable 4096
hierarchical_memory_limit 1610612736
hierarchical_memsw_limit 9223372036854771712
total_cache 1360007168
total_rss 250470400
total_rss_huge 0
total_mapped_file 12349440
total_writeback 0
total_swap 7598080
total_pgpgin 811884
total_pgpgout 418701
total_pgfault 255184
total_pgmajfault 1494
total_inactive_anon 125435904
total_active_anon 125038592
total_inactive_file 680083456
total_active_file 679915520
total_unevictable 4096
--------------------BLKIO-----------------------
11:0 Read 0
11:0 Write 0
11:0 Sync 0
11:0 Async 0
11:0 Total 0
253:0 Read 2120101888
253:0 Write 3981312
253:0 Sync 196608
253:0 Async 2123886592
253:0 Total 2124083200
Total 2124083200
--------------------CPUAC-----------------------
user 1324
system 1200
 
Fri May 19 22:56:34 IST 2017
--------------------MEMCG-----------------------
MEM ONLY  : 1535 MB
MEM+SWAP  : 1543 MB
cache 1360183296
rss 250396672
rss_huge 0
mapped_file 12349440
writeback 8192
swap 7598080
pgpgin 816140
pgpgout 422932
pgfault 255335
pgmajfault 1494
inactive_anon 125435904
active_anon 124964864
inactive_file 680198144
active_file 679944192
unevictable 4096
hierarchical_memory_limit 1610612736
hierarchical_memsw_limit 9223372036854771712
total_cache 1360183296
total_rss 250396672
total_rss_huge 0
total_mapped_file 12349440
total_writeback 8192
total_swap 7598080
total_pgpgin 816140
total_pgpgout 422932
total_pgfault 255335
total_pgmajfault 1494
total_inactive_anon 125435904
total_active_anon 124964864
total_inactive_file 680198144
total_active_file 679944192
total_unevictable 4096
--------------------BLKIO-----------------------
11:0 Read 0
11:0 Write 0
11:0 Sync 0
11:0 Async 0
11:0 Total 0
253:0 Read 2125815808
253:0 Write 4055040
253:0 Sync 196608
253:0 Async 2129674240
253:0 Total 2129870848
Total 2129870848
--------------------CPUAC-----------------------
user 1334
system 1211
 
Fri May 19 22:57:04 IST 2017
--------------------MEMCG-----------------------
MEM ONLY  : 1536 MB
MEM+SWAP  : 1543 MB
cache 1359949824
rss 250662912
rss_huge 0
mapped_file 12349440
writeback 0
swap 7598080
pgpgin 823029
pgpgout 429813
pgfault 255504
pgmajfault 1494
inactive_anon 125435904
active_anon 125231104
inactive_file 680034304
active_file 679907328
unevictable 4096
hierarchical_memory_limit 1610612736
hierarchical_memsw_limit 9223372036854771712
total_cache 1359949824
total_rss 250662912
total_rss_huge 0
total_mapped_file 12349440
total_writeback 0
total_swap 7598080
total_pgpgin 823029
total_pgpgout 429813
total_pgfault 255504
total_pgmajfault 1494
total_inactive_anon 125435904
total_active_anon 125231104
total_inactive_file 680034304
total_active_file 679907328
total_unevictable 4096
--------------------BLKIO-----------------------
11:0 Read 0
11:0 Write 0
11:0 Sync 0
11:0 Async 0
11:0 Total 0
253:0 Read 2135076864
253:0 Write 4132864
253:0 Sync 196608
253:0 Async 2139013120
253:0 Total 2139209728
Total 2139209728
--------------------CPUAC-----------------------
user 1352
system 1227
 
Fri May 19 22:57:34 IST 2017
--------------------MEMCG-----------------------
MEM ONLY  : 1535 MB
MEM+SWAP  : 1543 MB
cache 1359421440
rss 251056128
rss_huge 0
mapped_file 12349440
writeback 0
swap 7593984
pgpgin 828232
pgpgout 435049
pgfault 255700
pgmajfault 1494
inactive_anon 125702144
active_anon 125358080
inactive_file 679825408
active_file 679567360
unevictable 4096
hierarchical_memory_limit 1610612736
hierarchical_memsw_limit 9223372036854771712
total_cache 1359421440
total_rss 251056128
total_rss_huge 0
total_mapped_file 12349440
total_writeback 0
total_swap 7593984
total_pgpgin 828232
total_pgpgout 435049
total_pgfault 255700
total_pgmajfault 1494
total_inactive_anon 125702144
total_active_anon 125358080
total_inactive_file 679825408
total_active_file 679567360
total_unevictable 4096
--------------------BLKIO-----------------------
11:0 Read 0
11:0 Write 0
11:0 Sync 0
11:0 Async 0
11:0 Total 0
253:0 Read 2141409280
253:0 Write 4218880
253:0 Sync 196608
253:0 Async 2145431552
253:0 Total 2145628160
Total 2145628160
--------------------CPUAC-----------------------
user 1364
system 1234
 
Fri May 19 22:58:04 IST 2017
--------------------MEMCG-----------------------
MEM ONLY  : 1535 MB
MEM+SWAP  : 1543 MB
cache 1358716928
rss 251740160
rss_huge 0
mapped_file 12349440
writeback 0
swap 7593984
pgpgin 834581
pgpgout 441403
pgfault 255961
pgmajfault 1494
inactive_anon 125964288
active_anon 125779968
inactive_file 679682048
active_file 679026688
unevictable 4096
hierarchical_memory_limit 1610612736
hierarchical_memsw_limit 9223372036854771712
total_cache 1358716928
total_rss 251740160
total_rss_huge 0
total_mapped_file 12349440
total_writeback 0
total_swap 7593984
total_pgpgin 834581
total_pgpgout 441403
total_pgfault 255961
total_pgmajfault 1494
total_inactive_anon 125964288
total_active_anon 125779968
total_inactive_file 679682048
total_active_file 679026688
total_unevictable 4096
--------------------BLKIO-----------------------
11:0 Read 0
11:0 Write 0
11:0 Sync 0
11:0 Async 0
11:0 Total 0
253:0 Read 2148380672
253:0 Write 4313088
253:0 Sync 196608
253:0 Async 2152497152
253:0 Total 2152693760
Total 2152693760
--------------------CPUAC-----------------------
user 1379
system 1246
 
Fri May 19 22:58:34 IST 2017
--------------------MEMCG-----------------------
MEM ONLY  : 1535 MB
MEM+SWAP  : 1543 MB
cache 1358852096
rss 251740160
rss_huge 0
mapped_file 12349440
writeback 0
swap 7593984
pgpgin 840163
pgpgout 446952
pgfault 256051
pgmajfault 1494
inactive_anon 125964288
active_anon 125779968
inactive_file 679927808
active_file 678916096
unevictable 4096
hierarchical_memory_limit 1610612736
hierarchical_memsw_limit 9223372036854771712
total_cache 1358852096
total_rss 251740160
total_rss_huge 0
total_mapped_file 12349440
total_writeback 0
total_swap 7593984
total_pgpgin 840163
total_pgpgout 446952
total_pgfault 256051
total_pgmajfault 1494
total_inactive_anon 125964288
total_active_anon 125779968
total_inactive_file 679927808
total_active_file 678916096
total_unevictable 4096
--------------------BLKIO-----------------------
11:0 Read 0
11:0 Write 0
11:0 Sync 0
11:0 Async 0
11:0 Total 0
253:0 Read 2155765760
253:0 Write 4378624
253:0 Sync 196608
253:0 Async 2159947776
253:0 Total 2160144384
Total 2160144384
--------------------CPUAC-----------------------
user 1395
system 1254
 
Fri May 19 22:59:04 IST 2017
--------------------MEMCG-----------------------
MEM ONLY  : 1535 MB
MEM+SWAP  : 1543 MB
cache 1358770176
rss 251740160
rss_huge 0
mapped_file 12349440
writeback 0
swap 7593984
pgpgin 846090
pgpgout 452899
pgfault 256141
pgmajfault 1494
inactive_anon 125964288
active_anon 125779968
inactive_file 679657472
active_file 679104512
unevictable 4096
hierarchical_memory_limit 1610612736
hierarchical_memsw_limit 9223372036854771712
total_cache 1358770176
total_rss 251740160
total_rss_huge 0
total_mapped_file 12349440
total_writeback 0
total_swap 7593984
total_pgpgin 846090
total_pgpgout 452899
total_pgfault 256141
total_pgmajfault 1494
total_inactive_anon 125964288
total_active_anon 125779968
total_inactive_file 679657472
total_active_file 679104512
total_unevictable 4096
--------------------BLKIO-----------------------
11:0 Read 0
11:0 Write 0
11:0 Sync 0
11:0 Async 0
11:0 Total 0
253:0 Read 2162257920
253:0 Write 4403200
253:0 Sync 196608
253:0 Async 2166464512
253:0 Total 2166661120
Total 2166661120
--------------------CPUAC-----------------------
user 1412
system 1264
 
Fri May 19 22:59:34 IST 2017
--------------------MEMCG-----------------------
MEM ONLY  : 1535 MB
MEM+SWAP  : 1543 MB
cache 1358737408
rss 251740160
rss_huge 0
mapped_file 10969088
writeback 0
swap 7593984
pgpgin 852088
pgpgout 458905
pgfault 256231
pgmajfault 1494
inactive_anon 125964288
active_anon 125779968
inactive_file 680304640
active_file 678400000
unevictable 4096
hierarchical_memory_limit 1610612736
hierarchical_memsw_limit 9223372036854771712
total_cache 1358737408
total_rss 251740160
total_rss_huge 0
total_mapped_file 10969088
total_writeback 0
total_swap 7593984
total_pgpgin 852088
total_pgpgout 458905
total_pgfault 256231
total_pgmajfault 1494
total_inactive_anon 125964288
total_active_anon 125779968
total_inactive_file 680304640
total_active_file 678400000
total_unevictable 4096
--------------------BLKIO-----------------------
11:0 Read 0
11:0 Write 0
11:0 Sync 0
11:0 Async 0
11:0 Total 0
253:0 Read 2169769984
253:0 Write 4444160
253:0 Sync 196608
253:0 Async 2174017536
253:0 Total 2174214144
Total 2174214144
--------------------CPUAC-----------------------
user 1431
system 1272
 
Fri May 19 23:00:04 IST 2017
--------------------MEMCG-----------------------
MEM ONLY  : 1535 MB
MEM+SWAP  : 1543 MB
cache 1358737408
rss 251740160
rss_huge 0
mapped_file 10969088
writeback 0
swap 7593984
pgpgin 858498
pgpgout 465315
pgfault 256324
pgmajfault 1494
inactive_anon 125964288
active_anon 125779968
inactive_file 680087552
active_file 678641664
unevictable 4096
hierarchical_memory_limit 1610612736
hierarchical_memsw_limit 9223372036854771712
total_cache 1358737408
total_rss 251740160
total_rss_huge 0
total_mapped_file 10969088
total_writeback 0
total_swap 7593984
total_pgpgin 858498
total_pgpgout 465315
total_pgfault 256324
total_pgmajfault 1494
total_inactive_anon 125964288
total_active_anon 125779968
total_inactive_file 680087552
total_active_file 678641664
total_unevictable 4096
--------------------BLKIO-----------------------
11:0 Read 0
11:0 Write 0
11:0 Sync 0
11:0 Async 0
11:0 Total 0
253:0 Read 2177269760
253:0 Write 4493312
253:0 Sync 196608
253:0 Async 2181566464
253:0 Total 2181763072
Total 2181763072
--------------------CPUAC-----------------------
user 1444
system 1288
 
Fri May 19 23:00:34 IST 2017
--------------------MEMCG-----------------------
MEM ONLY  : 1535 MB
MEM+SWAP  : 1543 MB
cache 1357025280
rss 253370368
rss_huge 0
mapped_file 10969088
writeback 0
swap 7593984
pgpgin 867005
pgpgout 473842
pgfault 256856
pgmajfault 1494
inactive_anon 126750720
active_anon 126623744
inactive_file 678600704
active_file 678395904
unevictable 4096
hierarchical_memory_limit 1610612736
hierarchical_memsw_limit 9223372036854771712
total_cache 1357025280
total_rss 253370368
total_rss_huge 0
total_mapped_file 10969088
total_writeback 0
total_swap 7593984
total_pgpgin 867005
total_pgpgout 473842
total_pgfault 256856
total_pgmajfault 1494
total_inactive_anon 126750720
total_active_anon 126623744
total_inactive_file 678600704
total_active_file 678395904
total_unevictable 4096
--------------------BLKIO-----------------------
11:0 Read 0
11:0 Write 0
11:0 Sync 0
11:0 Async 0
11:0 Total 0
253:0 Read 2185793536
253:0 Write 4550656
253:0 Sync 196608
253:0 Async 2190147584
253:0 Total 2190344192
Total 2190344192
--------------------CPUAC-----------------------
user 1459
system 1306
 
Fri May 19 23:01:04 IST 2017
--------------------MEMCG-----------------------
MEM ONLY  : 1535 MB
MEM+SWAP  : 1543 MB
cache 1357066240
rss 253509632
rss_huge 0
mapped_file 10969088
writeback 0
swap 7589888
pgpgin 874566
pgpgout 481359
pgfault 256980
pgmajfault 1494
inactive_anon 126885888
active_anon 126627840
inactive_file 678846464
active_file 678211584
unevictable 4096
hierarchical_memory_limit 1610612736
hierarchical_memsw_limit 9223372036854771712
total_cache 1357066240
total_rss 253509632
total_rss_huge 0
total_mapped_file 10969088
total_writeback 0
total_swap 7589888
total_pgpgin 874566
total_pgpgout 481359
total_pgfault 256980
total_pgmajfault 1494
total_inactive_anon 126885888
total_active_anon 126627840
total_inactive_file 678846464
total_active_file 678211584
total_unevictable 4096
--------------------BLKIO-----------------------
11:0 Read 0
11:0 Write 0
11:0 Sync 0
11:0 Async 0
11:0 Total 0
253:0 Read 2194149376
253:0 Write 4616192
253:0 Sync 196608
253:0 Async 2198568960
253:0 Total 2198765568
Total 2198765568
--------------------CPUAC-----------------------
user 1475
system 1317
 
Fri May 19 23:01:34 IST 2017
--------------------MEMCG-----------------------
MEM ONLY  : 1535 MB
MEM+SWAP  : 1543 MB
cache 1356922880
rss 253517824
rss_huge 0
mapped_file 10969088
writeback 0
swap 7589888
pgpgin 882758
pgpgout 489584
pgfault 258598
pgmajfault 1504
inactive_anon 127275008
active_anon 126246912
inactive_file 678612992
active_file 678301696
unevictable 4096
hierarchical_memory_limit 1610612736
hierarchical_memsw_limit 9223372036854771712
total_cache 1356922880
total_rss 253517824
total_rss_huge 0
total_mapped_file 10969088
total_writeback 0
total_swap 7589888
total_pgpgin 882758
total_pgpgout 489584
total_pgfault 258598
total_pgmajfault 1504
total_inactive_anon 127275008
total_active_anon 126246912
total_inactive_file 678612992
total_active_file 678301696
total_unevictable 4096
--------------------BLKIO-----------------------
11:0 Read 0
11:0 Write 0
11:0 Sync 0
11:0 Async 0
11:0 Total 0
253:0 Read 2201931776
253:0 Write 4689920
253:0 Sync 196608
253:0 Async 2206425088
253:0 Total 2206621696
Total 2206621696
--------------------CPUAC-----------------------
user 1492
system 1333
 
Fri May 19 23:02:04 IST 2017
--------------------MEMCG-----------------------
MEM ONLY  : 1535 MB
MEM+SWAP  : 1543 MB
cache 1356988416
rss 253521920
rss_huge 0
mapped_file 10969088
writeback 0
swap 7589888
pgpgin 889226
pgpgout 496035
pgfault 258689
pgmajfault 1504
inactive_anon 127275008
active_anon 126251008
inactive_file 679018496
active_file 677961728
unevictable 4096
hierarchical_memory_limit 1610612736
hierarchical_memsw_limit 9223372036854771712
total_cache 1356988416
total_rss 253521920
total_rss_huge 0
total_mapped_file 10969088
total_writeback 0
total_swap 7589888
total_pgpgin 889226
total_pgpgout 496035
total_pgfault 258689
total_pgmajfault 1504
total_inactive_anon 127275008
total_active_anon 126251008
total_inactive_file 679018496
total_active_file 677961728
total_unevictable 4096
--------------------BLKIO-----------------------
11:0 Read 0
11:0 Write 0
11:0 Sync 0
11:0 Async 0
11:0 Total 0
253:0 Read 2208423936
253:0 Write 4771840
253:0 Sync 196608
253:0 Async 2212999168
253:0 Total 2213195776
Total 2213195776
--------------------CPUAC-----------------------
user 1505
system 1348
 
