Fri May 19 22:52:04 IST 2017
--------------------MEMCG-----------------------
MEM ONLY  : 1535 MB
MEM+SWAP  : 1894 MB
cache 18309120
rss 1592246272
rss_huge 0
mapped_file 5967872
writeback 0
swap 376115200
pgpgin 589965
pgpgout 196763
pgfault 694374
pgmajfault 4235
inactive_anon 474206208
active_anon 1118040064
inactive_file 409600
active_file 17899520
unevictable 0
hierarchical_memory_limit 1610612736
hierarchical_memsw_limit 9223372036854771712
total_cache 18309120
total_rss 1592246272
total_rss_huge 0
total_mapped_file 5967872
total_writeback 0
total_swap 376115200
total_pgpgin 589965
total_pgpgout 196763
total_pgfault 694374
total_pgmajfault 4235
total_inactive_anon 474206208
total_active_anon 1118040064
total_inactive_file 409600
total_active_file 17899520
total_unevictable 0
--------------------BLKIO-----------------------
11:0 Read 0
11:0 Write 0
11:0 Sync 0
11:0 Async 0
11:0 Total 0
253:0 Read 90263552
253:0 Write 6582317056
253:0 Sync 6185541632
253:0 Async 487038976
253:0 Total 6672580608
Total 6672580608
--------------------CPUAC-----------------------
user 8147
system 4425
 
Fri May 19 22:52:34 IST 2017
--------------------MEMCG-----------------------
MEM ONLY  : 1535 MB
MEM+SWAP  : 1895 MB
cache 18632704
rss 1591902208
rss_huge 0
mapped_file 6279168
writeback 0
swap 376877056
pgpgin 590986
pgpgout 197789
pgfault 696487
pgmajfault 4912
inactive_anon 474755072
active_anon 1117147136
inactive_file 929792
active_file 17702912
unevictable 0
hierarchical_memory_limit 1610612736
hierarchical_memsw_limit 9223372036854771712
total_cache 18632704
total_rss 1591902208
total_rss_huge 0
total_mapped_file 6279168
total_writeback 0
total_swap 376877056
total_pgpgin 590986
total_pgpgout 197789
total_pgfault 696487
total_pgmajfault 4912
total_inactive_anon 474755072
total_active_anon 1117147136
total_inactive_file 929792
total_active_file 17702912
total_unevictable 0
--------------------BLKIO-----------------------
11:0 Read 0
11:0 Write 0
11:0 Sync 0
11:0 Async 0
11:0 Total 0
253:0 Read 94330880
253:0 Write 6582423552
253:0 Sync 6185648128
253:0 Async 491106304
253:0 Total 6676754432
Total 6676754432
--------------------CPUAC-----------------------
user 8153
system 4428
 
Fri May 19 22:53:04 IST 2017
--------------------MEMCG-----------------------
MEM ONLY  : 1535 MB
MEM+SWAP  : 1895 MB
cache 18632704
rss 1591779328
rss_huge 0
mapped_file 6316032
writeback 0
swap 377159680
pgpgin 592194
pgpgout 199027
pgfault 699276
pgmajfault 6013
inactive_anon 475258880
active_anon 1116520448
inactive_file 1212416
active_file 17420288
unevictable 0
hierarchical_memory_limit 1610612736
hierarchical_memsw_limit 9223372036854771712
total_cache 18632704
total_rss 1591779328
total_rss_huge 0
total_mapped_file 6316032
total_writeback 0
total_swap 377159680
total_pgpgin 592194
total_pgpgout 199027
total_pgfault 699276
total_pgmajfault 6013
total_inactive_anon 475258880
total_active_anon 1116520448
total_inactive_file 1212416
total_active_file 17420288
total_unevictable 0
--------------------BLKIO-----------------------
11:0 Read 0
11:0 Write 0
11:0 Sync 0
11:0 Async 0
11:0 Total 0
253:0 Read 99557376
253:0 Write 6585790464
253:0 Sync 6189015040
253:0 Async 496332800
253:0 Total 6685347840
Total 6685347840
--------------------CPUAC-----------------------
user 8164
system 4437
 
Fri May 19 22:53:34 IST 2017
--------------------MEMCG-----------------------
MEM ONLY  : 1535 MB
MEM+SWAP  : 1895 MB
cache 18632704
rss 1591914496
rss_huge 0
mapped_file 6320128
writeback 0
swap 377106432
pgpgin 593295
pgpgout 200095
pgfault 701736
pgmajfault 6962
inactive_anon 476663808
active_anon 1115250688
inactive_file 1925120
active_file 16707584
unevictable 0
hierarchical_memory_limit 1610612736
hierarchical_memsw_limit 9223372036854771712
total_cache 18632704
total_rss 1591914496
total_rss_huge 0
total_mapped_file 6320128
total_writeback 0
total_swap 377106432
total_pgpgin 593295
total_pgpgout 200095
total_pgfault 701736
total_pgmajfault 6962
total_inactive_anon 476663808
total_active_anon 1115250688
total_inactive_file 1925120
total_active_file 16707584
total_unevictable 0
--------------------BLKIO-----------------------
11:0 Read 0
11:0 Write 0
11:0 Sync 0
11:0 Async 0
11:0 Total 0
253:0 Read 104583168
253:0 Write 6598426624
253:0 Sync 6195769344
253:0 Async 507240448
253:0 Total 6703009792
Total 6703009792
--------------------CPUAC-----------------------
user 8171
system 4444
 
Fri May 19 22:54:04 IST 2017
--------------------MEMCG-----------------------
MEM ONLY  : 1535 MB
MEM+SWAP  : 1895 MB
cache 18669568
rss 1591836672
rss_huge 0
mapped_file 6373376
writeback 0
swap 377311232
pgpgin 594480
pgpgout 201290
pgfault 704411
pgmajfault 8041
inactive_anon 477016064
active_anon 1114820608
inactive_file 2531328
active_file 16138240
unevictable 0
hierarchical_memory_limit 1610612736
hierarchical_memsw_limit 9223372036854771712
total_cache 18669568
total_rss 1591836672
total_rss_huge 0
total_mapped_file 6373376
total_writeback 0
total_swap 377311232
total_pgpgin 594480
total_pgpgout 201290
total_pgfault 704411
total_pgmajfault 8041
total_inactive_anon 477016064
total_active_anon 1114820608
total_inactive_file 2531328
total_active_file 16138240
total_unevictable 0
--------------------BLKIO-----------------------
11:0 Read 0
11:0 Write 0
11:0 Sync 0
11:0 Async 0
11:0 Total 0
253:0 Read 109744128
253:0 Write 6606336000
253:0 Sync 6196981760
253:0 Async 519098368
253:0 Total 6716080128
Total 6716080128
--------------------CPUAC-----------------------
user 8188
system 4453
 
Fri May 19 22:54:34 IST 2017
--------------------MEMCG-----------------------
MEM ONLY  : 1535 MB
MEM+SWAP  : 1895 MB
cache 18669568
rss 1591709696
rss_huge 0
mapped_file 6373376
writeback 0
swap 377503744
pgpgin 595181
pgpgout 202022
pgfault 706302
pgmajfault 8710
inactive_anon 476807168
active_anon 1114902528
inactive_file 2531328
active_file 16138240
unevictable 0
hierarchical_memory_limit 1610612736
hierarchical_memsw_limit 9223372036854771712
total_cache 18669568
total_rss 1591709696
total_rss_huge 0
total_mapped_file 6373376
total_writeback 0
total_swap 377503744
total_pgpgin 595181
total_pgpgout 202022
total_pgfault 706302
total_pgmajfault 8710
total_inactive_anon 476807168
total_active_anon 1114902528
total_inactive_file 2531328
total_active_file 16138240
total_unevictable 0
--------------------BLKIO-----------------------
11:0 Read 0
11:0 Write 0
11:0 Sync 0
11:0 Async 0
11:0 Total 0
253:0 Read 112672768
253:0 Write 6606508032
253:0 Sync 6197153792
253:0 Async 522027008
253:0 Total 6719180800
Total 6719180800
--------------------CPUAC-----------------------
user 8196
system 4458
 
Fri May 19 22:55:04 IST 2017
--------------------MEMCG-----------------------
MEM ONLY  : 1535 MB
MEM+SWAP  : 1895 MB
cache 18616320
rss 1591963648
rss_huge 0
mapped_file 6373376
writeback 0
swap 377380864
pgpgin 596115
pgpgout 202907
pgfault 708465
pgmajfault 9513
inactive_anon 477143040
active_anon 1114820608
inactive_file 2977792
active_file 15638528
unevictable 0
hierarchical_memory_limit 1610612736
hierarchical_memsw_limit 9223372036854771712
total_cache 18616320
total_rss 1591963648
total_rss_huge 0
total_mapped_file 6373376
total_writeback 0
total_swap 377380864
total_pgpgin 596115
total_pgpgout 202907
total_pgfault 708465
total_pgmajfault 9513
total_inactive_anon 477143040
total_active_anon 1114820608
total_inactive_file 2977792
total_active_file 15638528
total_unevictable 0
--------------------BLKIO-----------------------
11:0 Read 0
11:0 Write 0
11:0 Sync 0
11:0 Async 0
11:0 Total 0
253:0 Read 116826112
253:0 Write 6619602944
253:0 Sync 6204915712
253:0 Async 531513344
253:0 Total 6736429056
Total 6736429056
--------------------CPUAC-----------------------
user 8212
system 4466
 
Fri May 19 22:55:34 IST 2017
--------------------MEMCG-----------------------
MEM ONLY  : 1535 MB
MEM+SWAP  : 1896 MB
cache 18587648
rss 1591799808
rss_huge 0
mapped_file 6393856
writeback 0
swap 377716736
pgpgin 597223
pgpgout 204062
pgfault 711033
pgmajfault 10537
inactive_anon 477560832
active_anon 1114238976
inactive_file 3645440
active_file 14942208
unevictable 0
hierarchical_memory_limit 1610612736
hierarchical_memsw_limit 9223372036854771712
total_cache 18587648
total_rss 1591799808
total_rss_huge 0
total_mapped_file 6393856
total_writeback 0
total_swap 377716736
total_pgpgin 597223
total_pgpgout 204062
total_pgfault 711033
total_pgmajfault 10537
total_inactive_anon 477560832
total_active_anon 1114238976
total_inactive_file 3645440
total_active_file 14942208
total_unevictable 0
--------------------BLKIO-----------------------
11:0 Read 0
11:0 Write 0
11:0 Sync 0
11:0 Async 0
11:0 Total 0
253:0 Read 121384960
253:0 Write 6631555072
253:0 Sync 6212239360
253:0 Async 540700672
253:0 Total 6752940032
Total 6752940032
--------------------CPUAC-----------------------
user 8228
system 4482
 
Fri May 19 22:56:04 IST 2017
--------------------MEMCG-----------------------
MEM ONLY  : 1535 MB
MEM+SWAP  : 1896 MB
cache 18571264
rss 1591889920
rss_huge 0
mapped_file 6393856
writeback 0
swap 377954304
pgpgin 598012
pgpgout 204833
pgfault 712959
pgmajfault 11223
inactive_anon 477978624
active_anon 1113911296
inactive_file 4038656
active_file 14532608
unevictable 0
hierarchical_memory_limit 1610612736
hierarchical_memsw_limit 9223372036854771712
total_cache 18571264
total_rss 1591889920
total_rss_huge 0
total_mapped_file 6393856
total_writeback 0
total_swap 377954304
total_pgpgin 598012
total_pgpgout 204833
total_pgfault 712959
total_pgmajfault 11223
total_inactive_anon 477978624
total_active_anon 1113911296
total_inactive_file 4038656
total_active_file 14532608
total_unevictable 0
--------------------BLKIO-----------------------
11:0 Read 0
11:0 Write 0
11:0 Sync 0
11:0 Async 0
11:0 Total 0
253:0 Read 124416000
253:0 Write 6635139072
253:0 Sync 6213951488
253:0 Async 545603584
253:0 Total 6759555072
Total 6759555072
--------------------CPUAC-----------------------
user 8243
system 4494
 
Fri May 19 22:56:34 IST 2017
--------------------MEMCG-----------------------
MEM ONLY  : 1535 MB
MEM+SWAP  : 1896 MB
cache 18378752
rss 1591984128
rss_huge 0
mapped_file 6393856
writeback 0
swap 377925632
pgpgin 598662
pgpgout 205507
pgfault 714623
pgmajfault 11828
inactive_anon 478236672
active_anon 1113747456
inactive_file 4751360
active_file 13627392
unevictable 0
hierarchical_memory_limit 1610612736
hierarchical_memsw_limit 9223372036854771712
total_cache 18378752
total_rss 1591984128
total_rss_huge 0
total_mapped_file 6393856
total_writeback 0
total_swap 377925632
total_pgpgin 598662
total_pgpgout 205507
total_pgfault 714623
total_pgmajfault 11828
total_inactive_anon 478236672
total_active_anon 1113747456
total_inactive_file 4751360
total_active_file 13627392
total_unevictable 0
--------------------BLKIO-----------------------
11:0 Read 0
11:0 Write 0
11:0 Sync 0
11:0 Async 0
11:0 Total 0
253:0 Read 127250432
253:0 Write 6650343424
253:0 Sync 6220873728
253:0 Async 556720128
253:0 Total 6777593856
Total 6777593856
--------------------CPUAC-----------------------
user 8253
system 4500
 
Fri May 19 22:57:04 IST 2017
--------------------MEMCG-----------------------
MEM ONLY  : 1535 MB
MEM+SWAP  : 1896 MB
cache 18300928
rss 1592143872
rss_huge 0
mapped_file 6414336
writeback 0
swap 378126336
pgpgin 600229
pgpgout 207054
pgfault 717937
pgmajfault 13096
inactive_anon 479051776
active_anon 1113092096
inactive_file 5177344
active_file 13123584
unevictable 0
hierarchical_memory_limit 1610612736
hierarchical_memsw_limit 9223372036854771712
total_cache 18300928
total_rss 1592143872
total_rss_huge 0
total_mapped_file 6414336
total_writeback 0
total_swap 378126336
total_pgpgin 600229
total_pgpgout 207054
total_pgfault 717937
total_pgmajfault 13096
total_inactive_anon 479051776
total_active_anon 1113092096
total_inactive_file 5177344
total_active_file 13123584
total_unevictable 0
--------------------BLKIO-----------------------
11:0 Read 0
11:0 Write 0
11:0 Sync 0
11:0 Async 0
11:0 Total 0
253:0 Read 134443008
253:0 Write 6659633152
253:0 Sync 6230163456
253:0 Async 563912704
253:0 Total 6794076160
Total 6794076160
--------------------CPUAC-----------------------
user 8275
system 4509
 
Fri May 19 22:57:34 IST 2017
--------------------MEMCG-----------------------
MEM ONLY  : 1535 MB
MEM+SWAP  : 1896 MB
cache 18059264
rss 1592467456
rss_huge 0
mapped_file 6414336
writeback 0
swap 377999360
pgpgin 601041
pgpgout 207846
pgfault 719899
pgmajfault 13806
inactive_anon 479326208
active_anon 1113141248
inactive_file 5648384
active_file 12410880
unevictable 0
hierarchical_memory_limit 1610612736
hierarchical_memsw_limit 9223372036854771712
total_cache 18059264
total_rss 1592467456
total_rss_huge 0
total_mapped_file 6414336
total_writeback 0
total_swap 377999360
total_pgpgin 601041
total_pgpgout 207846
total_pgfault 719899
total_pgmajfault 13806
total_inactive_anon 479326208
total_active_anon 1113141248
total_inactive_file 5648384
total_active_file 12410880
total_unevictable 0
--------------------BLKIO-----------------------
11:0 Read 0
11:0 Write 0
11:0 Sync 0
11:0 Async 0
11:0 Total 0
253:0 Read 137936896
253:0 Write 6670372864
253:0 Sync 6237687808
253:0 Async 570621952
253:0 Total 6808309760
Total 6808309760
--------------------CPUAC-----------------------
user 8292
system 4516
 
Fri May 19 22:58:04 IST 2017
--------------------MEMCG-----------------------
MEM ONLY  : 1535 MB
MEM+SWAP  : 1896 MB
cache 17584128
rss 1592889344
rss_huge 0
mapped_file 6414336
writeback 0
swap 377892864
pgpgin 602059
pgpgout 208877
pgfault 722099
pgmajfault 14641
inactive_anon 479858688
active_anon 1113030656
inactive_file 6483968
active_file 11100160
unevictable 0
hierarchical_memory_limit 1610612736
hierarchical_memsw_limit 9223372036854771712
total_cache 17584128
total_rss 1592889344
total_rss_huge 0
total_mapped_file 6414336
total_writeback 0
total_swap 377892864
total_pgpgin 602059
total_pgpgout 208877
total_pgfault 722099
total_pgmajfault 14641
total_inactive_anon 479858688
total_active_anon 1113030656
total_inactive_file 6483968
total_active_file 11100160
total_unevictable 0
--------------------BLKIO-----------------------
11:0 Read 0
11:0 Write 0
11:0 Sync 0
11:0 Async 0
11:0 Total 0
253:0 Read 142446592
253:0 Write 6680498176
253:0 Sync 6243782656
253:0 Async 579162112
253:0 Total 6822944768
Total 6822944768
--------------------CPUAC-----------------------
user 8314
system 4526
 
Fri May 19 22:58:34 IST 2017
--------------------MEMCG-----------------------
MEM ONLY  : 1535 MB
MEM+SWAP  : 1895 MB
cache 16961536
rss 1593470976
rss_huge 0
mapped_file 6414336
writeback 0
swap 377634816
pgpgin 602897
pgpgout 209725
pgfault 723960
pgmajfault 15294
inactive_anon 480489472
active_anon 1112981504
inactive_file 6766592
active_file 10194944
unevictable 0
hierarchical_memory_limit 1610612736
hierarchical_memsw_limit 9223372036854771712
total_cache 16961536
total_rss 1593470976
total_rss_huge 0
total_mapped_file 6414336
total_writeback 0
total_swap 377634816
total_pgpgin 602897
total_pgpgout 209725
total_pgfault 723960
total_pgmajfault 15294
total_inactive_anon 480489472
total_active_anon 1112981504
total_inactive_file 6766592
total_active_file 10194944
total_unevictable 0
--------------------BLKIO-----------------------
11:0 Read 0
11:0 Write 0
11:0 Sync 0
11:0 Async 0
11:0 Total 0
253:0 Read 145977344
253:0 Write 6687264768
253:0 Sync 6248001536
253:0 Async 585240576
253:0 Total 6833242112
Total 6833242112
--------------------CPUAC-----------------------
user 8328
system 4537
 
Fri May 19 22:59:04 IST 2017
--------------------MEMCG-----------------------
MEM ONLY  : 1535 MB
MEM+SWAP  : 1895 MB
cache 16687104
rss 1593810944
rss_huge 0
mapped_file 6414336
writeback 0
swap 377524224
pgpgin 603695
pgpgout 210507
pgfault 725757
pgmajfault 15943
inactive_anon 480931840
active_anon 1112879104
inactive_file 6422528
active_file 10264576
unevictable 0
hierarchical_memory_limit 1610612736
hierarchical_memsw_limit 9223372036854771712
total_cache 16687104
total_rss 1593810944
total_rss_huge 0
total_mapped_file 6414336
total_writeback 0
total_swap 377524224
total_pgpgin 603695
total_pgpgout 210507
total_pgfault 725757
total_pgmajfault 15943
total_inactive_anon 480931840
total_active_anon 1112879104
total_inactive_file 6422528
total_active_file 10264576
total_unevictable 0
--------------------BLKIO-----------------------
11:0 Read 0
11:0 Write 0
11:0 Sync 0
11:0 Async 0
11:0 Total 0
253:0 Read 149417984
253:0 Write 6700216320
253:0 Sync 6256250880
253:0 Async 593383424
253:0 Total 6849634304
Total 6849634304
--------------------CPUAC-----------------------
user 8351
system 4547
 
Fri May 19 22:59:34 IST 2017
--------------------MEMCG-----------------------
MEM ONLY  : 1535 MB
MEM+SWAP  : 1896 MB
cache 16642048
rss 1593765888
rss_huge 0
mapped_file 6414336
writeback 8192
swap 377815040
pgpgin 604424
pgpgout 211258
pgfault 727442
pgmajfault 16524
inactive_anon 481210368
active_anon 1112539136
inactive_file 6135808
active_file 10506240
unevictable 0
hierarchical_memory_limit 1610612736
hierarchical_memsw_limit 9223372036854771712
total_cache 16642048
total_rss 1593765888
total_rss_huge 0
total_mapped_file 6414336
total_writeback 8192
total_swap 377815040
total_pgpgin 604424
total_pgpgout 211258
total_pgfault 727442
total_pgmajfault 16524
total_inactive_anon 481210368
total_active_anon 1112539136
total_inactive_file 6135808
total_active_file 10506240
total_unevictable 0
--------------------BLKIO-----------------------
11:0 Read 0
11:0 Write 0
11:0 Sync 0
11:0 Async 0
11:0 Total 0
253:0 Read 152707072
253:0 Write 6709862400
253:0 Sync 6264770560
253:0 Async 597798912
253:0 Total 6862569472
Total 6862569472
--------------------CPUAC-----------------------
user 8368
system 4559
 
Fri May 19 23:00:04 IST 2017
--------------------MEMCG-----------------------
MEM ONLY  : 1535 MB
MEM+SWAP  : 1896 MB
cache 16551936
rss 1593970688
rss_huge 0
mapped_file 6414336
writeback 0
swap 377970688
pgpgin 605084
pgpgout 211890
pgfault 728948
pgmajfault 17061
inactive_anon 481685504
active_anon 1112285184
inactive_file 5808128
active_file 10743808
unevictable 0
hierarchical_memory_limit 1610612736
hierarchical_memsw_limit 9223372036854771712
total_cache 16551936
total_rss 1593970688
total_rss_huge 0
total_mapped_file 6414336
total_writeback 0
total_swap 377970688
total_pgpgin 605084
total_pgpgout 211890
total_pgfault 728948
total_pgmajfault 17061
total_inactive_anon 481685504
total_active_anon 1112285184
total_inactive_file 5808128
total_active_file 10743808
total_unevictable 0
--------------------BLKIO-----------------------
11:0 Read 0
11:0 Write 0
11:0 Sync 0
11:0 Async 0
11:0 Total 0
253:0 Read 155168768
253:0 Write 6721314816
253:0 Sync 6273814528
253:0 Async 602669056
253:0 Total 6876483584
Total 6876483584
--------------------CPUAC-----------------------
user 8388
system 4570
 
Fri May 19 23:00:34 IST 2017
--------------------MEMCG-----------------------
MEM ONLY  : 1535 MB
MEM+SWAP  : 1899 MB
cache 19873792
rss 1590497280
rss_huge 0
mapped_file 7888896
writeback 0
swap 381804544
pgpgin 607825
pgpgout 214668
pgfault 732488
pgmajfault 17775
inactive_anon 481644544
active_anon 1108856832
inactive_file 7434240
active_file 12435456
unevictable 0
hierarchical_memory_limit 1610612736
hierarchical_memsw_limit 9223372036854771712
total_cache 19873792
total_rss 1590497280
total_rss_huge 0
total_mapped_file 7888896
total_writeback 0
total_swap 381804544
total_pgpgin 607825
total_pgpgout 214668
total_pgfault 732488
total_pgmajfault 17775
total_inactive_anon 481644544
total_active_anon 1108856832
total_inactive_file 7434240
total_active_file 12435456
total_unevictable 0
--------------------BLKIO-----------------------
11:0 Read 0
11:0 Write 0
11:0 Sync 0
11:0 Async 0
11:0 Total 0
253:0 Read 163745792
253:0 Write 6737993728
253:0 Sync 6283272192
253:0 Async 618467328
253:0 Total 6901739520
Total 6901739520
--------------------CPUAC-----------------------
user 8409
system 4585
 
Fri May 19 23:01:04 IST 2017
--------------------MEMCG-----------------------
MEM ONLY  : 1535 MB
MEM+SWAP  : 1900 MB
cache 19841024
rss 1590763520
rss_huge 0
mapped_file 7938048
writeback 0
swap 381865984
pgpgin 608603
pgpgout 215389
pgfault 734198
pgmajfault 18364
inactive_anon 481525760
active_anon 1109241856
inactive_file 7643136
active_file 12193792
unevictable 0
hierarchical_memory_limit 1610612736
hierarchical_memsw_limit 9223372036854771712
total_cache 19841024
total_rss 1590763520
total_rss_huge 0
total_mapped_file 7938048
total_writeback 0
total_swap 381865984
total_pgpgin 608603
total_pgpgout 215389
total_pgfault 734198
total_pgmajfault 18364
total_inactive_anon 481525760
total_active_anon 1109241856
total_inactive_file 7643136
total_active_file 12193792
total_unevictable 0
--------------------BLKIO-----------------------
11:0 Read 0
11:0 Write 0
11:0 Sync 0
11:0 Async 0
11:0 Total 0
253:0 Read 167043072
253:0 Write 6754385920
253:0 Sync 6296735744
253:0 Async 624693248
253:0 Total 6921428992
Total 6921428992
--------------------CPUAC-----------------------
user 8430
system 4597
 
Fri May 19 23:01:34 IST 2017
--------------------MEMCG-----------------------
MEM ONLY  : 1535 MB
MEM+SWAP  : 1900 MB
cache 19779584
rss 1590759424
rss_huge 0
mapped_file 7921664
writeback 0
swap 382148608
pgpgin 609814
pgpgout 216616
pgfault 736597
pgmajfault 19246
inactive_anon 481869824
active_anon 1108893696
inactive_file 7979008
active_file 11796480
unevictable 0
hierarchical_memory_limit 1610612736
hierarchical_memsw_limit 9223372036854771712
total_cache 19779584
total_rss 1590759424
total_rss_huge 0
total_mapped_file 7921664
total_writeback 0
total_swap 382148608
total_pgpgin 609814
total_pgpgout 216616
total_pgfault 736597
total_pgmajfault 19246
total_inactive_anon 481869824
total_active_anon 1108893696
total_inactive_file 7979008
total_active_file 11796480
total_unevictable 0
--------------------BLKIO-----------------------
11:0 Read 0
11:0 Write 0
11:0 Sync 0
11:0 Async 0
11:0 Total 0
253:0 Read 172670976
253:0 Write 6768082944
253:0 Sync 6305673216
253:0 Async 635080704
253:0 Total 6940753920
Total 6940753920
--------------------CPUAC-----------------------
user 8455
system 4611
 
Fri May 19 23:02:04 IST 2017
--------------------MEMCG-----------------------
MEM ONLY  : 1535 MB
MEM+SWAP  : 1901 MB
cache 20086784
rss 1590394880
rss_huge 0
mapped_file 7888896
writeback 0
swap 383217664
pgpgin 611789
pgpgout 218605
pgfault 740289
pgmajfault 20440
inactive_anon 482480128
active_anon 1107918848
inactive_file 8036352
active_file 12046336
unevictable 0
hierarchical_memory_limit 1610612736
hierarchical_memsw_limit 9223372036854771712
total_cache 20086784
total_rss 1590394880
total_rss_huge 0
total_mapped_file 7888896
total_writeback 0
total_swap 383217664
total_pgpgin 611789
total_pgpgout 218605
total_pgfault 740289
total_pgmajfault 20440
total_inactive_anon 482480128
total_active_anon 1107918848
total_inactive_file 8036352
total_active_file 12046336
total_unevictable 0
--------------------BLKIO-----------------------
11:0 Read 0
11:0 Write 0
11:0 Sync 0
11:0 Async 0
11:0 Total 0
253:0 Read 181530624
253:0 Write 6788714496
253:0 Sync 6318813184
253:0 Async 651431936
253:0 Total 6970245120
Total 6970245120
--------------------CPUAC-----------------------
user 8492
system 4634
 
