java -cp /home/ubuntu/ycsb/mongodb-binding/conf:/home/ubuntu/ycsb/conf:/home/ubuntu/ycsb/lib/jackson-mapper-asl-1.9.4.jar:/home/ubuntu/ycsb/lib/jackson-core-asl-1.9.4.jar:/home/ubuntu/ycsb/lib/htrace-core4-4.1.0-incubating.jar:/home/ubuntu/ycsb/lib/core-0.12.0.jar:/home/ubuntu/ycsb/lib/HdrHistogram-2.1.4.jar:/home/ubuntu/ycsb/mongodb-binding/lib/mongo-java-driver-3.0.3.jar:/home/ubuntu/ycsb/mongodb-binding/lib/logback-core-1.1.2.jar:/home/ubuntu/ycsb/mongodb-binding/lib/mongodb-binding-0.12.0.jar:/home/ubuntu/ycsb/mongodb-binding/lib/logback-classic-1.1.2.jar:/home/ubuntu/ycsb/mongodb-binding/lib/mongodb-async-driver-2.0.1.jar:/home/ubuntu/ycsb/mongodb-binding/lib/slf4j-api-1.6.4.jar com.yahoo.ycsb.Client -db com.yahoo.ycsb.db.MongoDbClient -s -P /home/ubuntu/ycsb/workloads/workload1 -p mongodb.url=mongodb://10.0.3.220:27017/ycsb?w=0 -p maxexecutiontime=1500 -t
YCSB Client 0.12.0
Command line: -db com.yahoo.ycsb.db.MongoDbClient -s -P /home/ubuntu/ycsb/workloads/workload1 -p mongodb.url=mongodb://10.0.3.220:27017/ycsb?w=0 -p maxexecutiontime=1500 -t
Loading workload...
Starting test.
Maximum execution time specified as: 1500 secs
2017-05-15 00:15:22:354 0 sec: 0 operations; est completion in 0 seconds 
mongo client connection created with mongodb://10.0.3.220:27017/ycsb?w=0
DBWrapper: report latency for each error is false and specific error codes to track for latency are: []
2017-05-15 00:15:32:223 10 sec: 387 operations; 38.7 current ops/sec; est completion in 2 days 23 hours [READ: Count=387, Max=163071, Min=5400, Avg=21802.91, 90=33375, 99=56575, 99.9=163071, 99.99=163071] 
2017-05-15 00:15:42:223 20 sec: 1001 operations; 61.4 current ops/sec; est completion in 2 days 7 hours [READ: Count=614, Max=156543, Min=857, Avg=16219.58, 90=27183, 99=39967, 99.9=71807, 99.99=156543] 
2017-05-15 00:15:52:223 30 sec: 1727 operations; 72.6 current ops/sec; est completion in 2 days [READ: Count=726, Max=120575, Min=655, Avg=13723.91, 90=22879, 99=38687, 99.9=64831, 99.99=120575] 
2017-05-15 00:16:02:314 40 sec: 2577 operations; 84.23 current ops/sec; est completion in 1 days 19 hours [READ: Count=850, Max=127423, Min=490, Avg=11652.29, 90=16879, 99=34367, 99.9=61439, 99.99=127423] 
2017-05-15 00:16:12:223 50 sec: 3473 operations; 90.43 current ops/sec; est completion in 1 days 15 hours [READ: Count=896, Max=161535, Min=541, Avg=11192.31, 90=16607, 99=28591, 99.9=49887, 99.99=161535] 
2017-05-15 00:16:22:223 60 sec: 4413 operations; 94 current ops/sec; est completion in 1 days 13 hours [READ: Count=940, Max=137215, Min=570, Avg=10595.44, 90=15903, 99=25151, 99.9=33375, 99.99=137215] 
2017-05-15 00:16:32:223 70 sec: 5358 operations; 94.5 current ops/sec; est completion in 1 days 12 hours [READ: Count=945, Max=87359, Min=275, Avg=10546.49, 90=15855, 99=23487, 99.9=77695, 99.99=87359] 
2017-05-15 00:16:42:223 80 sec: 6331 operations; 97.3 current ops/sec; est completion in 1 days 11 hours [READ: Count=973, Max=146303, Min=185, Avg=10254.59, 90=15743, 99=22687, 99.9=99391, 99.99=146303] 
2017-05-15 00:16:52:223 90 sec: 7262 operations; 93.1 current ops/sec; est completion in 1 days 10 hours [READ: Count=931, Max=65151, Min=208, Avg=10713.34, 90=16087, 99=32799, 99.9=47807, 99.99=65151] 
2017-05-15 00:17:02:223 100 sec: 8177 operations; 91.5 current ops/sec; est completion in 1 days 9 hours [READ: Count=915, Max=113919, Min=326, Avg=10925.84, 90=16703, 99=29583, 99.9=103999, 99.99=113919] 
2017-05-15 00:17:12:223 110 sec: 9193 operations; 101.6 current ops/sec; est completion in 1 days 9 hours [READ: Count=1016, Max=52959, Min=387, Avg=9831.76, 90=15879, 99=18575, 99.9=34367, 99.99=52959] 
2017-05-15 00:17:22:223 120 sec: 10184 operations; 99.1 current ops/sec; est completion in 1 days 8 hours [READ: Count=991, Max=150143, Min=523, Avg=10078.52, 90=16015, 99=19039, 99.9=60223, 99.99=150143] 
2017-05-15 00:17:32:223 130 sec: 11226 operations; 104.2 current ops/sec; est completion in 1 days 8 hours [READ: Count=1042, Max=42591, Min=437, Avg=9576.36, 90=15871, 99=17519, 99.9=33247, 99.99=42591] 
2017-05-15 00:17:42:223 140 sec: 12230 operations; 100.4 current ops/sec; est completion in 1 days 7 hours [READ: Count=1004, Max=149887, Min=430, Avg=9951.14, 90=15839, 99=17839, 99.9=135039, 99.99=149887] 
2017-05-15 00:17:52:223 150 sec: 13314 operations; 108.4 current ops/sec; est completion in 1 days 7 hours [READ: Count=1084, Max=58719, Min=348, Avg=9216.48, 90=15575, 99=17695, 99.9=33791, 99.99=58719] 
2017-05-15 00:18:02:223 160 sec: 14021 operations; 70.7 current ops/sec; est completion in 1 days 7 hours [READ: Count=707, Max=67583, Min=587, Avg=14141.59, 90=26031, 99=45727, 99.9=56447, 99.99=67583] 
2017-05-15 00:18:12:223 170 sec: 15103 operations; 108.2 current ops/sec; est completion in 1 days 7 hours [READ: Count=1082, Max=122815, Min=178, Avg=9229.92, 90=15567, 99=20447, 99.9=40223, 99.99=122815] 
2017-05-15 00:18:22:223 180 sec: 16184 operations; 108.1 current ops/sec; est completion in 1 days 6 hours [READ: Count=1081, Max=72383, Min=525, Avg=9235.43, 90=15751, 99=18639, 99.9=65983, 99.99=72383] 
2017-05-15 00:18:32:223 190 sec: 17269 operations; 108.5 current ops/sec; est completion in 1 days 6 hours [READ: Count=1085, Max=38175, Min=418, Avg=9195.58, 90=15943, 99=19071, 99.9=34143, 99.99=38175] 
2017-05-15 00:18:42:223 200 sec: 18363 operations; 109.4 current ops/sec; est completion in 1 days 6 hours [READ: Count=1094, Max=34751, Min=426, Avg=9142.21, 90=15543, 99=20687, 99.9=33887, 99.99=34751] 
2017-05-15 00:18:52:223 210 sec: 19448 operations; 108.5 current ops/sec; est completion in 1 days 5 hours [READ: Count=1085, Max=187775, Min=321, Avg=9201.03, 90=15823, 99=17855, 99.9=60351, 99.99=187775] 
2017-05-15 00:19:02:223 220 sec: 20577 operations; 112.9 current ops/sec; est completion in 1 days 5 hours [READ: Count=1129, Max=63775, Min=417, Avg=8838.82, 90=15727, 99=18863, 99.9=50047, 99.99=63775] 
2017-05-15 00:19:12:223 230 sec: 21761 operations; 118.4 current ops/sec; est completion in 1 days 5 hours [READ: Count=1184, Max=50975, Min=402, Avg=8442.93, 90=15639, 99=17551, 99.9=39455, 99.99=50975] 
2017-05-15 00:19:22:223 240 sec: 22962 operations; 120.1 current ops/sec; est completion in 1 days 4 hours [READ: Count=1201, Max=132351, Min=491, Avg=8307.9, 90=15215, 99=18127, 99.9=46079, 99.99=132351] 
2017-05-15 00:19:32:223 250 sec: 24137 operations; 117.5 current ops/sec; est completion in 1 days 4 hours [READ: Count=1175, Max=52319, Min=387, Avg=8499.31, 90=15687, 99=17807, 99.9=41919, 99.99=52319] 
2017-05-15 00:19:42:223 260 sec: 25229 operations; 109.2 current ops/sec; est completion in 1 days 4 hours [READ: Count=1092, Max=50943, Min=305, Avg=9145.02, 90=16879, 99=30191, 99.9=50431, 99.99=50943] 
2017-05-15 00:19:52:223 270 sec: 26366 operations; 113.7 current ops/sec; est completion in 1 days 4 hours [READ: Count=1137, Max=118271, Min=312, Avg=8786.78, 90=15999, 99=30271, 99.9=61215, 99.99=118271] 
2017-05-15 00:20:02:223 280 sec: 27549 operations; 118.3 current ops/sec; est completion in 1 days 4 hours [READ: Count=1183, Max=129983, Min=299, Avg=8445.52, 90=15591, 99=25567, 99.9=56095, 99.99=129983] 
2017-05-15 00:20:12:223 290 sec: 28757 operations; 120.8 current ops/sec; est completion in 1 days 3 hours [READ: Count=1208, Max=55551, Min=380, Avg=8257.26, 90=15503, 99=17567, 99.9=41791, 99.99=55551] 
2017-05-15 00:20:22:223 300 sec: 30034 operations; 127.7 current ops/sec; est completion in 1 days 3 hours [READ: Count=1277, Max=57055, Min=397, Avg=7818.53, 90=15103, 99=17503, 99.9=43743, 99.99=57055] 
2017-05-15 00:20:32:223 310 sec: 31041 operations; 100.7 current ops/sec; est completion in 1 days 3 hours [READ: Count=1007, Max=277759, Min=210, Avg=9901.59, 90=19455, 99=39999, 99.9=207615, 99.99=277759] 
2017-05-15 00:20:42:223 320 sec: 31764 operations; 72.3 current ops/sec; est completion in 1 days 3 hours [READ: Count=723, Max=64671, Min=280, Avg=13829.59, 90=26895, 99=40127, 99.9=53055, 99.99=64671] 
2017-05-15 00:20:52:228 330 sec: 32448 operations; 68.4 current ops/sec; est completion in 1 days 4 hours [READ: Count=684, Max=67007, Min=257, Avg=14612.38, 90=29215, 99=46335, 99.9=64159, 99.99=67007] 
2017-05-15 00:21:02:223 340 sec: 33252 operations; 80.4 current ops/sec; est completion in 1 days 4 hours [READ: Count=804, Max=60351, Min=188, Avg=12436.97, 90=24383, 99=42783, 99.9=59903, 99.99=60351] 
2017-05-15 00:21:12:223 350 sec: 33954 operations; 70.2 current ops/sec; est completion in 1 days 4 hours [READ: Count=702, Max=232959, Min=300, Avg=14239.64, 90=25951, 99=47839, 99.9=211199, 99.99=232959] 
2017-05-15 00:21:22:223 360 sec: 34731 operations; 77.7 current ops/sec; est completion in 1 days 4 hours [READ: Count=777, Max=50847, Min=240, Avg=12836.82, 90=25103, 99=37215, 99.9=48287, 99.99=50847] 
2017-05-15 00:21:32:223 370 sec: 35507 operations; 77.6 current ops/sec; est completion in 1 days 4 hours [READ: Count=776, Max=63103, Min=389, Avg=12906.44, 90=25087, 99=40831, 99.9=59071, 99.99=63103] 
2017-05-15 00:21:42:223 380 sec: 36261 operations; 75.4 current ops/sec; est completion in 1 days 5 hours [READ: Count=754, Max=148351, Min=231, Avg=13252.36, 90=24511, 99=42335, 99.9=52927, 99.99=148351] 
2017-05-15 00:21:52:223 390 sec: 37209 operations; 94.8 current ops/sec; est completion in 1 days 5 hours [READ: Count=948, Max=85055, Min=404, Avg=10528.55, 90=22367, 99=40383, 99.9=62271, 99.99=85055] 
2017-05-15 00:22:02:223 400 sec: 38611 operations; 140.2 current ops/sec; est completion in 1 days 4 hours [READ: Count=1402, Max=39807, Min=349, Avg=7127.2, 90=14919, 99=17647, 99.9=38527, 99.99=39807] 
2017-05-15 00:22:12:223 410 sec: 40014 operations; 140.3 current ops/sec; est completion in 1 days 4 hours [READ: Count=1403, Max=209023, Min=344, Avg=7112.88, 90=14927, 99=18703, 99.9=40223, 99.99=209023] 
2017-05-15 00:22:22:223 420 sec: 41461 operations; 144.7 current ops/sec; est completion in 1 days 4 hours [READ: Count=1447, Max=61055, Min=345, Avg=6898.31, 90=14959, 99=17663, 99.9=46047, 99.99=61055] 
2017-05-15 00:22:32:223 430 sec: 42982 operations; 152.1 current ops/sec; est completion in 1 days 3 hours [READ: Count=1521, Max=51807, Min=331, Avg=6558.37, 90=14535, 99=17551, 99.9=32383, 99.99=51807] 
2017-05-15 00:22:42:223 440 sec: 44451 operations; 146.9 current ops/sec; est completion in 1 days 3 hours [READ: Count=1469, Max=47007, Min=437, Avg=6798.15, 90=14855, 99=17551, 99.9=36607, 99.99=47007] 
2017-05-15 00:22:52:223 450 sec: 45886 operations; 143.5 current ops/sec; est completion in 1 days 3 hours [READ: Count=1435, Max=92479, Min=298, Avg=6940.49, 90=14807, 99=17663, 99.9=59135, 99.99=92479] 
2017-05-15 00:23:02:223 460 sec: 47413 operations; 152.7 current ops/sec; est completion in 1 days 2 hours [READ: Count=1527, Max=57759, Min=417, Avg=6547.65, 90=14727, 99=17759, 99.9=38079, 99.99=57759] 
2017-05-15 00:23:12:223 470 sec: 48986 operations; 157.3 current ops/sec; est completion in 1 days 2 hours [READ: Count=1573, Max=45119, Min=381, Avg=6346.74, 90=14783, 99=17423, 99.9=32479, 99.99=45119] 
2017-05-15 00:23:22:223 480 sec: 50607 operations; 162.1 current ops/sec; est completion in 1 days 2 hours [READ: Count=1621, Max=92799, Min=377, Avg=6157.35, 90=14079, 99=17759, 99.9=32143, 99.99=92799] 
2017-05-15 00:23:32:223 490 sec: 52151 operations; 154.4 current ops/sec; est completion in 1 days 1 hours [READ: Count=1544, Max=60319, Min=352, Avg=6465.69, 90=14903, 99=17535, 99.9=30623, 99.99=60319] 
2017-05-15 00:23:42:223 500 sec: 53792 operations; 164.1 current ops/sec; est completion in 1 days 1 hours [READ: Count=1641, Max=40223, Min=362, Avg=6081.62, 90=14271, 99=17455, 99.9=34335, 99.99=40223] 
2017-05-15 00:23:52:223 510 sec: 55443 operations; 165.1 current ops/sec; est completion in 1 days 1 hours [READ: Count=1651, Max=56223, Min=341, Avg=6045.04, 90=14575, 99=17423, 99.9=35711, 99.99=56223] 
2017-05-15 00:24:02:223 520 sec: 57107 operations; 166.4 current ops/sec; est completion in 1 days 1 hours [READ: Count=1664, Max=82559, Min=207, Avg=5995.84, 90=14031, 99=17327, 99.9=45791, 99.99=82559] 
2017-05-15 00:24:12:223 530 sec: 58794 operations; 168.7 current ops/sec; est completion in 1 days [READ: Count=1687, Max=52927, Min=223, Avg=5918.75, 90=14319, 99=17887, 99.9=36479, 99.99=52927] 
2017-05-15 00:24:22:223 540 sec: 60543 operations; 174.9 current ops/sec; est completion in 1 days [READ: Count=1749, Max=33311, Min=329, Avg=5698.9, 90=14199, 99=17391, 99.9=32351, 99.99=33311] 
2017-05-15 00:24:32:223 550 sec: 62302 operations; 175.9 current ops/sec; est completion in 1 days [READ: Count=1759, Max=111103, Min=274, Avg=5679.64, 90=14127, 99=17599, 99.9=34207, 99.99=111103] 
2017-05-15 00:24:42:223 560 sec: 64138 operations; 183.6 current ops/sec; est completion in 1 days [READ: Count=1836, Max=78655, Min=256, Avg=5438.97, 90=13895, 99=17615, 99.9=34719, 99.99=78655] 
2017-05-15 00:24:52:223 570 sec: 66018 operations; 188 current ops/sec; est completion in 23 hours 49 minutes [READ: Count=1880, Max=62751, Min=339, Avg=5309.13, 90=14023, 99=17839, 99.9=42111, 99.99=62751] 
2017-05-15 00:25:02:223 580 sec: 67849 operations; 183.1 current ops/sec; est completion in 23 hours 35 minutes [READ: Count=1831, Max=44895, Min=332, Avg=5453.4, 90=14111, 99=17871, 99.9=30351, 99.99=44895] 
2017-05-15 00:25:12:223 590 sec: 69770 operations; 192.1 current ops/sec; est completion in 23 hours 19 minutes [READ: Count=1921, Max=116159, Min=322, Avg=5199.55, 90=13743, 99=17311, 99.9=34367, 99.99=116159] 
2017-05-15 00:25:22:223 600 sec: 71721 operations; 195.1 current ops/sec; est completion in 23 hours 4 minutes [READ: Count=1951, Max=97727, Min=289, Avg=5118.26, 90=13943, 99=17183, 99.9=34463, 99.99=97727] 
2017-05-15 00:25:32:223 610 sec: 73848 operations; 212.7 current ops/sec; est completion in 22 hours 46 minutes [READ: Count=2127, Max=48351, Min=266, Avg=4691.89, 90=12935, 99=17775, 99.9=40767, 99.99=48351] 
2017-05-15 00:25:42:223 620 sec: 75852 operations; 200.4 current ops/sec; est completion in 22 hours 31 minutes [READ: Count=2004, Max=79679, Min=252, Avg=4983.47, 90=13535, 99=17295, 99.9=39487, 99.99=79679] 
2017-05-15 00:25:52:223 630 sec: 77976 operations; 212.4 current ops/sec; est completion in 22 hours 16 minutes [READ: Count=2124, Max=73151, Min=344, Avg=4698.97, 90=13223, 99=17567, 99.9=44191, 99.99=73151] 
2017-05-15 00:26:02:223 640 sec: 80134 operations; 215.8 current ops/sec; est completion in 22 hours [READ: Count=2158, Max=42367, Min=284, Avg=4621.23, 90=13207, 99=17583, 99.9=32255, 99.99=42367] 
2017-05-15 00:26:12:223 650 sec: 82313 operations; 217.88 current ops/sec; est completion in 21 hours 45 minutes [READ: Count=2179, Max=43583, Min=330, Avg=4586.2, 90=13319, 99=17903, 99.9=36287, 99.99=43583] 
2017-05-15 00:26:22:223 660 sec: 84616 operations; 230.32 current ops/sec; est completion in 21 hours 29 minutes [READ: Count=2303, Max=101439, Min=276, Avg=4334.34, 90=12983, 99=17279, 99.9=38335, 99.99=101439] 
2017-05-15 00:26:32:223 670 sec: 86974 operations; 235.8 current ops/sec; est completion in 21 hours 12 minutes [READ: Count=2358, Max=38943, Min=315, Avg=4232.99, 90=12951, 99=17199, 99.9=31007, 99.99=38943] 
2017-05-15 00:26:42:223 680 sec: 89287 operations; 231.3 current ops/sec; est completion in 20 hours 57 minutes [READ: Count=2313, Max=44255, Min=228, Avg=4315.24, 90=13127, 99=17327, 99.9=34975, 99.99=44255] 
2017-05-15 00:26:52:223 690 sec: 91770 operations; 248.3 current ops/sec; est completion in 20 hours 41 minutes [READ: Count=2483, Max=95231, Min=249, Avg=4021.38, 90=12631, 99=17183, 99.9=35679, 99.99=95231] 
2017-05-15 00:27:02:223 700 sec: 94362 operations; 259.2 current ops/sec; est completion in 20 hours 24 minutes [READ: Count=2592, Max=61823, Min=217, Avg=3848.56, 90=12631, 99=17087, 99.9=34239, 99.99=61823] 
2017-05-15 00:27:12:223 710 sec: 96797 operations; 243.5 current ops/sec; est completion in 20 hours 10 minutes [READ: Count=2435, Max=48927, Min=298, Avg=4097.76, 90=12879, 99=17215, 99.9=31647, 99.99=48927] 
2017-05-15 00:27:22:223 720 sec: 99394 operations; 259.7 current ops/sec; est completion in 19 hours 55 minutes [READ: Count=2597, Max=35839, Min=255, Avg=3844.91, 90=12671, 99=17183, 99.9=30463, 99.99=35839] 
2017-05-15 00:27:32:223 730 sec: 102093 operations; 269.9 current ops/sec; est completion in 19 hours 39 minutes [READ: Count=2699, Max=89919, Min=181, Avg=3693.46, 90=12151, 99=17071, 99.9=35007, 99.99=89919] 
2017-05-15 00:27:42:222 740 sec: 104910 operations; 281.7 current ops/sec; est completion in 19 hours 23 minutes [READ: Count=2817, Max=57023, Min=173, Avg=3544.28, 90=12015, 99=17119, 99.9=31631, 99.99=57023] 
2017-05-15 00:27:52:223 750 sec: 107614 operations; 270.4 current ops/sec; est completion in 19 hours 9 minutes [READ: Count=2704, Max=56767, Min=266, Avg=3690.84, 90=12431, 99=17343, 99.9=29935, 99.99=56767] 
2017-05-15 00:28:02:223 760 sec: 110640 operations; 302.6 current ops/sec; est completion in 18 hours 52 minutes [READ: Count=3026, Max=41791, Min=247, Avg=3298.77, 90=11719, 99=16991, 99.9=32303, 99.99=41791] 
2017-05-15 00:28:12:223 770 sec: 113857 operations; 321.7 current ops/sec; est completion in 18 hours 34 minutes [READ: Count=3217, Max=42527, Min=269, Avg=3101.35, 90=11295, 99=16927, 99.9=27071, 99.99=42527] 
2017-05-15 00:28:22:223 780 sec: 117094 operations; 323.7 current ops/sec; est completion in 18 hours 17 minutes [READ: Count=3237, Max=39839, Min=219, Avg=3082.7, 90=11415, 99=16911, 99.9=31999, 99.99=39839] 
2017-05-15 00:28:32:223 790 sec: 120154 operations; 306 current ops/sec; est completion in 18 hours 2 minutes [READ: Count=3060, Max=53535, Min=211, Avg=3258.27, 90=11543, 99=16847, 99.9=29599, 99.99=53535] 
2017-05-15 00:28:42:223 800 sec: 123177 operations; 302.3 current ops/sec; est completion in 17 hours 49 minutes [READ: Count=3023, Max=194815, Min=201, Avg=3304.98, 90=11503, 99=16927, 99.9=27023, 99.99=194815] 
2017-05-15 00:28:52:222 810 sec: 126545 operations; 336.8 current ops/sec; est completion in 17 hours 33 minutes [READ: Count=3368, Max=70207, Min=206, Avg=2963.38, 90=10871, 99=16815, 99.9=28543, 99.99=70207] 
2017-05-15 00:29:02:223 820 sec: 129834 operations; 328.9 current ops/sec; est completion in 17 hours 18 minutes [READ: Count=3289, Max=38879, Min=241, Avg=3032.26, 90=11295, 99=17087, 99.9=30415, 99.99=38879] 
2017-05-15 00:29:12:223 830 sec: 132979 operations; 314.5 current ops/sec; est completion in 17 hours 6 minutes [READ: Count=3145, Max=132863, Min=209, Avg=3174.81, 90=11647, 99=17087, 99.9=24735, 99.99=132863] 
2017-05-15 00:29:22:223 840 sec: 136019 operations; 304 current ops/sec; est completion in 16 hours 55 minutes [READ: Count=3040, Max=68671, Min=216, Avg=3283.64, 90=11815, 99=17007, 99.9=24991, 99.99=68671] 
2017-05-15 00:29:32:223 850 sec: 139164 operations; 314.5 current ops/sec; est completion in 16 hours 43 minutes [READ: Count=3145, Max=34783, Min=240, Avg=3168.9, 90=11591, 99=17199, 99.9=21407, 99.99=34783] 
2017-05-15 00:29:42:223 860 sec: 142415 operations; 325.1 current ops/sec; est completion in 16 hours 32 minutes [READ: Count=3251, Max=35199, Min=244, Avg=3073.79, 90=11327, 99=17087, 99.9=30495, 99.99=35199] 
2017-05-15 00:29:52:223 870 sec: 145518 operations; 310.3 current ops/sec; est completion in 16 hours 21 minutes [READ: Count=3103, Max=113663, Min=196, Avg=3216.03, 90=11503, 99=16863, 99.9=29327, 99.99=113663] 
2017-05-15 00:30:02:223 880 sec: 148902 operations; 338.4 current ops/sec; est completion in 16 hours 10 minutes [READ: Count=3384, Max=75583, Min=182, Avg=2946.5, 90=10959, 99=16463, 99.9=23423, 99.99=75583] 
2017-05-15 00:30:12:223 890 sec: 152254 operations; 335.2 current ops/sec; est completion in 15 hours 59 minutes [READ: Count=3352, Max=47423, Min=233, Avg=2979.95, 90=11191, 99=16911, 99.9=36895, 99.99=47423] 
2017-05-15 00:30:22:223 900 sec: 155467 operations; 321.3 current ops/sec; est completion in 15 hours 49 minutes [READ: Count=3213, Max=44575, Min=257, Avg=3105.51, 90=11615, 99=16895, 99.9=33919, 99.99=44575] 
2017-05-15 00:30:32:223 910 sec: 158422 operations; 295.5 current ops/sec; est completion in 15 hours 42 minutes [READ: Count=2955, Max=191871, Min=276, Avg=3377.55, 90=12111, 99=17071, 99.9=25535, 99.99=191871] 
2017-05-15 00:30:42:222 920 sec: 161697 operations; 327.5 current ops/sec; est completion in 15 hours 32 minutes [READ: Count=3275, Max=36223, Min=172, Avg=3047.81, 90=11135, 99=17135, 99.9=31343, 99.99=36223] 
2017-05-15 00:30:52:222 930 sec: 165057 operations; 336 current ops/sec; est completion in 15 hours 23 minutes [READ: Count=3360, Max=58463, Min=237, Avg=2969.74, 90=11095, 99=16703, 99.9=28319, 99.99=58463] 
2017-05-15 00:31:02:223 940 sec: 168540 operations; 348.3 current ops/sec; est completion in 15 hours 13 minutes [READ: Count=3483, Max=43199, Min=237, Avg=2863.44, 90=10999, 99=16847, 99.9=32191, 99.99=43199] 
2017-05-15 00:31:12:223 950 sec: 171905 operations; 336.5 current ops/sec; est completion in 15 hours 5 minutes [READ: Count=3365, Max=147583, Min=175, Avg=2966.42, 90=11231, 99=16735, 99.9=36639, 99.99=147583] 
2017-05-15 00:31:22:223 960 sec: 175176 operations; 327.1 current ops/sec; est completion in 14 hours 57 minutes [READ: Count=3271, Max=38591, Min=247, Avg=3049.61, 90=11367, 99=16847, 99.9=28415, 99.99=38591] 
2017-05-15 00:31:32:223 970 sec: 178536 operations; 336 current ops/sec; est completion in 14 hours 49 minutes [READ: Count=3360, Max=47583, Min=218, Avg=2971.14, 90=11223, 99=16975, 99.9=29471, 99.99=47583] 
2017-05-15 00:31:42:223 980 sec: 182032 operations; 349.6 current ops/sec; est completion in 14 hours 40 minutes [READ: Count=3496, Max=81023, Min=226, Avg=2852.58, 90=10943, 99=17007, 99.9=39999, 99.99=81023] 
2017-05-15 00:31:52:223 990 sec: 185304 operations; 327.2 current ops/sec; est completion in 14 hours 33 minutes [READ: Count=3272, Max=72511, Min=177, Avg=3050.32, 90=11287, 99=17135, 99.9=34207, 99.99=72511] 
2017-05-15 00:32:02:223 1000 sec: 188654 operations; 335 current ops/sec; est completion in 14 hours 26 minutes [READ: Count=3350, Max=49439, Min=252, Avg=2977.83, 90=10943, 99=16783, 99.9=30991, 99.99=49439] 
2017-05-15 00:32:12:223 1010 sec: 192164 operations; 351 current ops/sec; est completion in 14 hours 19 minutes [READ: Count=3510, Max=65983, Min=178, Avg=2840.15, 90=10919, 99=16959, 99.9=27391, 99.99=65983] 
2017-05-15 00:32:22:223 1020 sec: 195546 operations; 338.2 current ops/sec; est completion in 14 hours 12 minutes [READ: Count=3382, Max=139775, Min=205, Avg=2954.06, 90=11047, 99=16863, 99.9=29471, 99.99=139775] 
2017-05-15 00:32:32:223 1030 sec: 198902 operations; 335.6 current ops/sec; est completion in 14 hours 5 minutes [READ: Count=3356, Max=39583, Min=239, Avg=2973.52, 90=11239, 99=17087, 99.9=30031, 99.99=39583] 
2017-05-15 00:32:42:223 1040 sec: 202407 operations; 350.5 current ops/sec; est completion in 13 hours 59 minutes [READ: Count=3505, Max=55007, Min=177, Avg=2842.64, 90=11135, 99=16959, 99.9=32991, 99.99=55007] 
2017-05-15 00:32:52:223 1050 sec: 205675 operations; 326.8 current ops/sec; est completion in 13 hours 53 minutes [READ: Count=3268, Max=129151, Min=235, Avg=3057.75, 90=11151, 99=17343, 99.9=33823, 99.99=129151] 
2017-05-15 00:33:02:223 1060 sec: 209175 operations; 350 current ops/sec; est completion in 13 hours 46 minutes [READ: Count=3500, Max=37311, Min=226, Avg=2850.94, 90=10815, 99=16991, 99.9=24927, 99.99=37311] 
2017-05-15 00:33:12:223 1070 sec: 212443 operations; 326.8 current ops/sec; est completion in 13 hours 41 minutes [READ: Count=3268, Max=83839, Min=228, Avg=3051.39, 90=11159, 99=16831, 99.9=26159, 99.99=83839] 
2017-05-15 00:33:22:223 1080 sec: 215867 operations; 342.4 current ops/sec; est completion in 13 hours 35 minutes [READ: Count=3424, Max=49887, Min=189, Avg=2916.64, 90=11087, 99=16927, 99.9=27535, 99.99=49887] 
2017-05-15 00:33:32:223 1090 sec: 219214 operations; 334.7 current ops/sec; est completion in 13 hours 30 minutes [READ: Count=3347, Max=135679, Min=232, Avg=2978.92, 90=11103, 99=17023, 99.9=33087, 99.99=135679] 
2017-05-15 00:33:42:223 1100 sec: 222515 operations; 330.1 current ops/sec; est completion in 13 hours 25 minutes [READ: Count=3301, Max=39359, Min=204, Avg=3024.15, 90=11199, 99=17183, 99.9=30911, 99.99=39359] 
2017-05-15 00:33:52:222 1110 sec: 225842 operations; 332.7 current ops/sec; est completion in 13 hours 20 minutes [READ: Count=3327, Max=56383, Min=223, Avg=3001.39, 90=11375, 99=17007, 99.9=27455, 99.99=56383] 
2017-05-15 00:34:02:223 1120 sec: 229155 operations; 331.3 current ops/sec; est completion in 13 hours 15 minutes [READ: Count=3313, Max=47679, Min=174, Avg=3010.53, 90=11215, 99=16991, 99.9=27983, 99.99=47679] 
2017-05-15 00:34:12:222 1130 sec: 232436 operations; 328.1 current ops/sec; est completion in 13 hours 11 minutes [READ: Count=3281, Max=109823, Min=216, Avg=3043.35, 90=11439, 99=16959, 99.9=27615, 99.99=109823] 
2017-05-15 00:34:22:223 1140 sec: 235914 operations; 347.8 current ops/sec; est completion in 13 hours 6 minutes [READ: Count=3478, Max=43391, Min=231, Avg=2868.34, 90=10951, 99=16895, 99.9=27919, 99.99=43391] 
2017-05-15 00:34:32:223 1150 sec: 239189 operations; 327.5 current ops/sec; est completion in 13 hours 2 minutes [READ: Count=3275, Max=91647, Min=243, Avg=3044.08, 90=11207, 99=17023, 99.9=39743, 99.99=91647] 
2017-05-15 00:34:42:223 1160 sec: 242779 operations; 359 current ops/sec; est completion in 12 hours 57 minutes [READ: Count=3590, Max=59103, Min=170, Avg=2781.75, 90=10551, 99=17039, 99.9=31231, 99.99=59103] 
2017-05-15 00:34:52:222 1170 sec: 246000 operations; 322.1 current ops/sec; est completion in 12 hours 53 minutes [READ: Count=3221, Max=56095, Min=221, Avg=3099.48, 90=11263, 99=17215, 99.9=43583, 99.99=56095] 
2017-05-15 00:35:02:223 1180 sec: 249333 operations; 333.3 current ops/sec; est completion in 12 hours 49 minutes [READ: Count=3333, Max=53599, Min=234, Avg=2993.16, 90=11143, 99=17007, 99.9=27999, 99.99=53599] 
2017-05-15 00:35:12:223 1190 sec: 252742 operations; 340.9 current ops/sec; est completion in 12 hours 44 minutes [READ: Count=3409, Max=45791, Min=187, Avg=2924.84, 90=11319, 99=17055, 99.9=30607, 99.99=45791] 
2017-05-15 00:35:22:223 1200 sec: 256056 operations; 331.4 current ops/sec; est completion in 12 hours 41 minutes [READ: Count=3314, Max=155007, Min=210, Avg=3014.34, 90=11071, 99=17151, 99.9=29375, 99.99=155007] 
2017-05-15 00:35:32:223 1210 sec: 259529 operations; 347.3 current ops/sec; est completion in 12 hours 36 minutes [READ: Count=3473, Max=37535, Min=182, Avg=2870.83, 90=10999, 99=16783, 99.9=24527, 99.99=37535] 
2017-05-15 00:35:42:223 1220 sec: 262833 operations; 330.4 current ops/sec; est completion in 12 hours 33 minutes [READ: Count=3304, Max=59679, Min=193, Avg=3021.46, 90=11063, 99=17135, 99.9=31439, 99.99=59679] 
2017-05-15 00:35:52:223 1230 sec: 266213 operations; 338 current ops/sec; est completion in 12 hours 29 minutes [READ: Count=3380, Max=58143, Min=249, Avg=2952.4, 90=11047, 99=16719, 99.9=33375, 99.99=58143] 
2017-05-15 00:36:02:223 1240 sec: 269499 operations; 328.6 current ops/sec; est completion in 12 hours 26 minutes [READ: Count=3286, Max=136831, Min=207, Avg=3038.14, 90=11175, 99=16943, 99.9=28335, 99.99=136831] 
2017-05-15 00:36:12:223 1250 sec: 272767 operations; 326.8 current ops/sec; est completion in 12 hours 22 minutes [READ: Count=3268, Max=39935, Min=197, Avg=3050.69, 90=11223, 99=17135, 99.9=27087, 99.99=39935] 
2017-05-15 00:36:22:223 1260 sec: 276199 operations; 343.2 current ops/sec; est completion in 12 hours 19 minutes [READ: Count=3432, Max=50079, Min=252, Avg=2909.63, 90=11143, 99=17103, 99.9=32863, 99.99=50079] 
2017-05-15 00:36:32:223 1270 sec: 279521 operations; 332.2 current ops/sec; est completion in 12 hours 16 minutes [READ: Count=3322, Max=98111, Min=208, Avg=3002.4, 90=11087, 99=17055, 99.9=42303, 99.99=98111] 
2017-05-15 00:36:42:223 1280 sec: 283056 operations; 353.5 current ops/sec; est completion in 12 hours 12 minutes [READ: Count=3535, Max=59263, Min=269, Avg=2823.95, 90=11135, 99=16815, 99.9=29727, 99.99=59263] 
2017-05-15 00:36:52:223 1290 sec: 286222 operations; 316.6 current ops/sec; est completion in 12 hours 9 minutes [READ: Count=3166, Max=86271, Min=202, Avg=3153.2, 90=11351, 99=17119, 99.9=35615, 99.99=86271] 
2017-05-15 00:37:02:223 1300 sec: 289653 operations; 343.1 current ops/sec; est completion in 12 hours 6 minutes [READ: Count=3431, Max=49663, Min=188, Avg=2904.34, 90=11143, 99=16991, 99.9=25023, 99.99=49663] 
2017-05-15 00:37:12:223 1310 sec: 293032 operations; 337.9 current ops/sec; est completion in 12 hours 3 minutes [READ: Count=3379, Max=66303, Min=240, Avg=2954.97, 90=11023, 99=17039, 99.9=41119, 99.99=66303] 
2017-05-15 00:37:22:223 1320 sec: 296401 operations; 336.9 current ops/sec; est completion in 12 hours [READ: Count=3369, Max=48927, Min=177, Avg=2964.89, 90=11159, 99=16959, 99.9=30143, 99.99=48927] 
2017-05-15 00:37:32:223 1330 sec: 299906 operations; 350.5 current ops/sec; est completion in 11 hours 56 minutes [READ: Count=3505, Max=52319, Min=208, Avg=2845.16, 90=10783, 99=16735, 99.9=24415, 99.99=52319] 
2017-05-15 00:37:42:223 1340 sec: 303339 operations; 343.3 current ops/sec; est completion in 11 hours 53 minutes [READ: Count=3433, Max=71615, Min=183, Avg=2907.95, 90=11031, 99=16895, 99.9=35295, 99.99=71615] 
2017-05-15 00:37:52:223 1350 sec: 306710 operations; 337.1 current ops/sec; est completion in 11 hours 51 minutes [READ: Count=3371, Max=65791, Min=234, Avg=2958.34, 90=11183, 99=16639, 99.9=29775, 99.99=65791] 
2017-05-15 00:38:02:223 1360 sec: 310129 operations; 341.9 current ops/sec; est completion in 11 hours 48 minutes [READ: Count=3419, Max=50303, Min=223, Avg=2919.69, 90=11343, 99=16751, 99.9=41727, 99.99=50303] 
2017-05-15 00:38:12:223 1370 sec: 313456 operations; 332.7 current ops/sec; est completion in 11 hours 45 minutes [READ: Count=3327, Max=65663, Min=254, Avg=3000.61, 90=11031, 99=17119, 99.9=36991, 99.99=65663] 
2017-05-15 00:38:22:223 1380 sec: 316879 operations; 342.3 current ops/sec; est completion in 11 hours 42 minutes [READ: Count=3423, Max=54143, Min=236, Avg=2915.1, 90=11207, 99=17039, 99.9=29375, 99.99=54143] 
2017-05-15 00:38:32:223 1390 sec: 320114 operations; 323.5 current ops/sec; est completion in 11 hours 40 minutes [READ: Count=3235, Max=37119, Min=202, Avg=3070.82, 90=11455, 99=16959, 99.9=24751, 99.99=37119] 
2017-05-15 00:38:42:223 1400 sec: 323546 operations; 343.2 current ops/sec; est completion in 11 hours 37 minutes [READ: Count=3432, Max=50367, Min=221, Avg=2919.4, 90=10943, 99=17167, 99.9=33247, 99.99=50367] 
2017-05-15 00:38:52:223 1410 sec: 327077 operations; 353.1 current ops/sec; est completion in 11 hours 35 minutes [READ: Count=3531, Max=63103, Min=235, Avg=2826.08, 90=10543, 99=16991, 99.9=32703, 99.99=63103] 
2017-05-15 00:39:02:223 1420 sec: 330418 operations; 334.1 current ops/sec; est completion in 11 hours 32 minutes [READ: Count=3341, Max=57887, Min=192, Avg=2988.43, 90=11367, 99=16975, 99.9=30767, 99.99=57887] 
2017-05-15 00:39:12:223 1430 sec: 333918 operations; 350 current ops/sec; est completion in 11 hours 29 minutes [READ: Count=3500, Max=49439, Min=180, Avg=2850.26, 90=10895, 99=16831, 99.9=28671, 99.99=49439] 
2017-05-15 00:39:22:223 1440 sec: 337325 operations; 340.7 current ops/sec; est completion in 11 hours 27 minutes [READ: Count=3407, Max=43583, Min=190, Avg=2929.23, 90=11199, 99=16959, 99.9=30623, 99.99=43583] 
2017-05-15 00:39:32:222 1450 sec: 340788 operations; 346.3 current ops/sec; est completion in 11 hours 24 minutes [READ: Count=3463, Max=61183, Min=262, Avg=2882.46, 90=11143, 99=17039, 99.9=34879, 99.99=61183] 
2017-05-15 00:39:42:223 1460 sec: 344188 operations; 340 current ops/sec; est completion in 11 hours 22 minutes [READ: Count=3400, Max=186623, Min=196, Avg=2934.57, 90=11135, 99=17055, 99.9=33663, 99.99=186623] 
2017-05-15 00:39:52:223 1470 sec: 347430 operations; 324.2 current ops/sec; est completion in 11 hours 20 minutes [READ: Count=3242, Max=69567, Min=257, Avg=3075.55, 90=11511, 99=17119, 99.9=29007, 99.99=69567] 
2017-05-15 00:40:02:223 1480 sec: 350762 operations; 333.2 current ops/sec; est completion in 11 hours 18 minutes [READ: Count=3332, Max=62751, Min=272, Avg=2996.12, 90=10975, 99=17247, 99.9=38751, 99.99=62751] 
2017-05-15 00:40:12:222 1490 sec: 354122 operations; 336 current ops/sec; est completion in 11 hours 16 minutes [READ: Count=3360, Max=91135, Min=242, Avg=2971.85, 90=11271, 99=16847, 99.9=31087, 99.99=91135] 
2017-05-15 00:40:22:223 1500 sec: 357508 operations; 338.6 current ops/sec; est completion in 11 hours 14 minutes [READ: Count=3386, Max=67839, Min=229, Avg=2944.99, 90=11023, 99=16751, 99.9=24351, 99.99=67839] 
Maximum time elapsed. Requesting stop for the workload.
Stop requested for workload. Now Joining!
2017-05-15 00:40:22:237 1500 sec: 357518 operations; 666.67 current ops/sec; est completion in 11 hours 14 minutes [READ: Count=10, Max=10879, Min=604, Avg=1785.9, 90=1133, 99=10879, 99.9=10879, 99.99=10879] [CLEANUP: Count=1, Max=3061, Min=3060, Avg=3061, 90=3061, 99=3061, 99.9=3061, 99.99=3061] 
[OVERALL], RunTime(ms), 1500018.0
[OVERALL], Throughput(ops/sec), 238.34247322365465
[TOTAL_GCS_PS_Scavenge], Count, 381.0
[TOTAL_GC_TIME_PS_Scavenge], Time(ms), 2421.0
[TOTAL_GC_TIME_%_PS_Scavenge], Time(%), 0.16139806322324132
[TOTAL_GCS_PS_MarkSweep], Count, 0.0
[TOTAL_GC_TIME_PS_MarkSweep], Time(ms), 0.0
[TOTAL_GC_TIME_%_PS_MarkSweep], Time(%), 0.0
[TOTAL_GCs], Count, 381.0
[TOTAL_GC_TIME], Time(ms), 2421.0
[TOTAL_GC_TIME_%], Time(%), 0.16139806322324132
[READ], Operations, 357518.0
[READ], AverageLatency(us), 4183.312644398324
[READ], MinLatency(us), 170.0
[READ], MaxLatency(us), 277759.0
[READ], 95thPercentileLatency(us), 15631.0
[READ], 99thPercentileLatency(us), 20975.0
[READ], Return=OK, 357518
[CLEANUP], Operations, 1.0
[CLEANUP], AverageLatency(us), 3061.0
[CLEANUP], MinLatency(us), 3060.0
[CLEANUP], MaxLatency(us), 3061.0
[CLEANUP], 95thPercentileLatency(us), 3061.0
[CLEANUP], 99thPercentileLatency(us), 3061.0
