Tue May 16 01:44:02 IST 2017
--------------------MEMCG-----------------------
MEM ONLY  : 130 MB
MEM+SWAP  : 130 MB
cache 78360576
rss 58523648
rss_huge 0
mapped_file 36749312
writeback 0
swap 0
pgpgin 130333
pgpgout 96914
pgfault 190000
pgmajfault 489
inactive_anon 45056
active_anon 58548224
inactive_file 63565824
active_file 14684160
unevictable 4096
hierarchical_memory_limit 805306368
hierarchical_memsw_limit 5368709120
total_cache 78360576
total_rss 58523648
total_rss_huge 0
total_mapped_file 36749312
total_writeback 0
total_swap 0
total_pgpgin 130333
total_pgpgout 96914
total_pgfault 190000
total_pgmajfault 489
total_inactive_anon 45056
total_active_anon 58548224
total_inactive_file 63565824
total_active_file 14684160
total_unevictable 4096
--------------------BLKIO-----------------------
11:0 Read 0
11:0 Write 0
11:0 Sync 0
11:0 Async 0
11:0 Total 0
253:0 Read 78008320
253:0 Write 315392
253:0 Sync 61440
253:0 Async 78262272
253:0 Total 78323712
Total 78323712
--------------------CPUAC-----------------------
user 57
system 117
 
Tue May 16 01:44:32 IST 2017
--------------------MEMCG-----------------------
MEM ONLY  : 289 MB
MEM+SWAP  : 289 MB
cache 160079872
rss 143372288
rss_huge 0
mapped_file 36610048
writeback 0
swap 0
pgpgin 171165
pgpgout 97080
pgfault 210914
pgmajfault 489
inactive_anon 45056
active_anon 143388672
inactive_file 145256448
active_file 14721024
unevictable 4096
hierarchical_memory_limit 805306368
hierarchical_memsw_limit 5368709120
total_cache 160079872
total_rss 143372288
total_rss_huge 0
total_mapped_file 36610048
total_writeback 0
total_swap 0
total_pgpgin 171165
total_pgpgout 97080
total_pgfault 210914
total_pgmajfault 489
total_inactive_anon 45056
total_active_anon 143388672
total_inactive_file 145256448
total_active_file 14721024
total_unevictable 4096
--------------------BLKIO-----------------------
11:0 Read 0
11:0 Write 0
11:0 Sync 0
11:0 Async 0
11:0 Total 0
253:0 Read 159723520
253:0 Write 450560
253:0 Sync 159744
253:0 Async 160014336
253:0 Total 160174080
Total 160174080
--------------------CPUAC-----------------------
user 85
system 142
 
Tue May 16 01:45:02 IST 2017
--------------------MEMCG-----------------------
MEM ONLY  : 455 MB
MEM+SWAP  : 455 MB
cache 246050816
rss 231505920
rss_huge 0
mapped_file 36610048
writeback 0
swap 0
pgpgin 213770
pgpgout 97179
pgfault 232551
pgmajfault 489
inactive_anon 45056
active_anon 231530496
inactive_file 231256064
active_file 14721024
unevictable 4096
hierarchical_memory_limit 805306368
hierarchical_memsw_limit 5368709120
total_cache 246050816
total_rss 231505920
total_rss_huge 0
total_mapped_file 36610048
total_writeback 0
total_swap 0
total_pgpgin 213770
total_pgpgout 97179
total_pgfault 232551
total_pgmajfault 489
total_inactive_anon 45056
total_active_anon 231530496
total_inactive_file 231256064
total_active_file 14721024
total_unevictable 4096
--------------------BLKIO-----------------------
11:0 Read 0
11:0 Write 0
11:0 Sync 0
11:0 Async 0
11:0 Total 0
253:0 Read 245690368
253:0 Write 491520
253:0 Sync 159744
253:0 Async 246022144
253:0 Total 246181888
Total 246181888
--------------------CPUAC-----------------------
user 119
system 172
 
Tue May 16 01:45:32 IST 2017
--------------------MEMCG-----------------------
MEM ONLY  : 561 MB
MEM+SWAP  : 561 MB
cache 332034048
rss 256757760
rss_huge 0
mapped_file 36610048
writeback 0
swap 0
pgpgin 241030
pgpgout 97282
pgfault 238811
pgmajfault 489
inactive_anon 45056
active_anon 256782336
inactive_file 310128640
active_file 21831680
unevictable 4096
hierarchical_memory_limit 805306368
hierarchical_memsw_limit 5368709120
total_cache 332034048
total_rss 256757760
total_rss_huge 0
total_mapped_file 36610048
total_writeback 0
total_swap 0
total_pgpgin 241030
total_pgpgout 97282
total_pgfault 238811
total_pgmajfault 489
total_inactive_anon 45056
total_active_anon 256782336
total_inactive_file 310128640
total_active_file 21831680
total_unevictable 4096
--------------------BLKIO-----------------------
11:0 Read 0
11:0 Write 0
11:0 Sync 0
11:0 Async 0
11:0 Total 0
253:0 Read 331673600
253:0 Write 577536
253:0 Sync 196608
253:0 Async 332054528
253:0 Total 332251136
Total 332251136
--------------------CPUAC-----------------------
user 151
system 202
 
Tue May 16 01:46:02 IST 2017
--------------------MEMCG-----------------------
MEM ONLY  : 643 MB
MEM+SWAP  : 643 MB
cache 417570816
rss 257503232
rss_huge 0
mapped_file 36610048
writeback 0
swap 0
pgpgin 262228
pgpgout 97415
pgfault 239112
pgmajfault 489
inactive_anon 45056
active_anon 257527808
inactive_file 388452352
active_file 29032448
unevictable 4096
hierarchical_memory_limit 805306368
hierarchical_memsw_limit 5368709120
total_cache 417570816
total_rss 257503232
total_rss_huge 0
total_mapped_file 36610048
total_writeback 0
total_swap 0
total_pgpgin 262228
total_pgpgout 97415
total_pgfault 239112
total_pgmajfault 489
total_inactive_anon 45056
total_active_anon 257527808
total_inactive_file 388452352
total_active_file 29032448
total_unevictable 4096
--------------------BLKIO-----------------------
11:0 Read 0
11:0 Write 0
11:0 Sync 0
11:0 Async 0
11:0 Total 0
253:0 Read 417206272
253:0 Write 638976
253:0 Sync 196608
253:0 Async 417648640
253:0 Total 417845248
Total 417845248
--------------------CPUAC-----------------------
user 193
system 232
 
Tue May 16 01:46:32 IST 2017
--------------------MEMCG-----------------------
MEM ONLY  : 726 MB
MEM+SWAP  : 726 MB
cache 504569856
rss 257531904
rss_huge 0
mapped_file 36610048
writeback 0
swap 0
pgpgin 283580
pgpgout 97520
pgfault 239209
pgmajfault 489
inactive_anon 45056
active_anon 257556480
inactive_file 467554304
active_file 36913152
unevictable 4096
hierarchical_memory_limit 805306368
hierarchical_memsw_limit 5368709120
total_cache 504569856
total_rss 257531904
total_rss_huge 0
total_mapped_file 36610048
total_writeback 0
total_swap 0
total_pgpgin 283580
total_pgpgout 97520
total_pgfault 239209
total_pgmajfault 489
total_inactive_anon 45056
total_active_anon 257556480
total_inactive_file 467554304
total_active_file 36913152
total_unevictable 4096
--------------------BLKIO-----------------------
11:0 Read 0
11:0 Write 0
11:0 Sync 0
11:0 Async 0
11:0 Total 0
253:0 Read 504193024
253:0 Write 704512
253:0 Sync 196608
253:0 Async 504700928
253:0 Total 504897536
Total 504897536
--------------------CPUAC-----------------------
user 230
system 263
 
Tue May 16 01:47:02 IST 2017
--------------------MEMCG-----------------------
MEM ONLY  : 767 MB
MEM+SWAP  : 767 MB
cache 547647488
rss 257556480
rss_huge 0
mapped_file 36581376
writeback 0
swap 0
pgpgin 305705
pgpgout 109122
pgfault 239305
pgmajfault 489
inactive_anon 72859648
active_anon 184766464
inactive_file 466276352
active_file 81297408
unevictable 4096
hierarchical_memory_limit 805306368
hierarchical_memsw_limit 5368709120
total_cache 547647488
total_rss 257556480
total_rss_huge 0
total_mapped_file 36581376
total_writeback 0
total_swap 0
total_pgpgin 305705
total_pgpgout 109122
total_pgfault 239305
total_pgmajfault 489
total_inactive_anon 72859648
total_active_anon 184766464
total_inactive_file 466276352
total_active_file 81297408
total_unevictable 4096
--------------------BLKIO-----------------------
11:0 Read 0
11:0 Write 0
11:0 Sync 0
11:0 Async 0
11:0 Total 0
253:0 Read 594132992
253:0 Write 778240
253:0 Sync 196608
253:0 Async 594714624
253:0 Total 594911232
Total 594911232
--------------------CPUAC-----------------------
user 273
system 302
 
Tue May 16 01:47:32 IST 2017
--------------------MEMCG-----------------------
MEM ONLY  : 767 MB
MEM+SWAP  : 767 MB
cache 547414016
rss 257765376
rss_huge 0
mapped_file 36581376
writeback 0
swap 0
pgpgin 328398
pgpgout 131821
pgfault 239447
pgmajfault 489
inactive_anon 128958464
active_anon 128876544
inactive_file 450654208
active_file 96686080
unevictable 4096
hierarchical_memory_limit 805306368
hierarchical_memsw_limit 5368709120
total_cache 547414016
total_rss 257765376
total_rss_huge 0
total_mapped_file 36581376
total_writeback 0
total_swap 0
total_pgpgin 328398
total_pgpgout 131821
total_pgfault 239447
total_pgmajfault 489
total_inactive_anon 128958464
total_active_anon 128876544
total_inactive_file 450654208
total_active_file 96686080
total_unevictable 4096
--------------------BLKIO-----------------------
11:0 Read 0
11:0 Write 0
11:0 Sync 0
11:0 Async 0
11:0 Total 0
253:0 Read 683311104
253:0 Write 860160
253:0 Sync 196608
253:0 Async 683974656
253:0 Total 684171264
Total 684171264
--------------------CPUAC-----------------------
user 314
system 336
 
Tue May 16 01:48:02 IST 2017
--------------------MEMCG-----------------------
MEM ONLY  : 767 MB
MEM+SWAP  : 767 MB
cache 547667968
rss 257617920
rss_huge 0
mapped_file 36581376
writeback 0
swap 0
pgpgin 352143
pgpgout 155540
pgfault 239585
pgmajfault 489
inactive_anon 129015808
active_anon 128671744
inactive_file 432013312
active_file 115552256
unevictable 4096
hierarchical_memory_limit 805306368
hierarchical_memsw_limit 5368709120
total_cache 547667968
total_rss 257617920
total_rss_huge 0
total_mapped_file 36581376
total_writeback 0
total_swap 0
total_pgpgin 352143
total_pgpgout 155540
total_pgfault 239585
total_pgmajfault 489
total_inactive_anon 129015808
total_active_anon 128671744
total_inactive_file 432013312
total_active_file 115552256
total_unevictable 4096
--------------------BLKIO-----------------------
11:0 Read 0
11:0 Write 0
11:0 Sync 0
11:0 Async 0
11:0 Total 0
253:0 Read 773390336
253:0 Write 946176
253:0 Sync 196608
253:0 Async 774139904
253:0 Total 774336512
Total 774336512
--------------------CPUAC-----------------------
user 367
system 371
 
Tue May 16 01:48:32 IST 2017
--------------------MEMCG-----------------------
MEM ONLY  : 767 MB
MEM+SWAP  : 767 MB
cache 547700736
rss 257454080
rss_huge 0
mapped_file 36581376
writeback 0
swap 0
pgpgin 376956
pgpgout 180385
pgfault 239743
pgmajfault 489
inactive_anon 128929792
active_anon 128593920
inactive_file 413401088
active_file 134225920
unevictable 4096
hierarchical_memory_limit 805306368
hierarchical_memsw_limit 5368709120
total_cache 547700736
total_rss 257454080
total_rss_huge 0
total_mapped_file 36581376
total_writeback 0
total_swap 0
total_pgpgin 376956
total_pgpgout 180385
total_pgfault 239743
total_pgmajfault 489
total_inactive_anon 128929792
total_active_anon 128593920
total_inactive_file 413401088
total_active_file 134225920
total_unevictable 4096
--------------------BLKIO-----------------------
11:0 Read 0
11:0 Write 0
11:0 Sync 0
11:0 Async 0
11:0 Total 0
253:0 Read 863694848
253:0 Write 978944
253:0 Sync 196608
253:0 Async 864477184
253:0 Total 864673792
Total 864673792
--------------------CPUAC-----------------------
user 425
system 415
 
Tue May 16 01:49:02 IST 2017
--------------------MEMCG-----------------------
MEM ONLY  : 767 MB
MEM+SWAP  : 767 MB
cache 547598336
rss 257474560
rss_huge 0
mapped_file 36560896
writeback 0
swap 0
pgpgin 402492
pgpgout 205941
pgfault 239849
pgmajfault 489
inactive_anon 128929792
active_anon 128614400
inactive_file 391028736
active_file 156495872
unevictable 4096
hierarchical_memory_limit 805306368
hierarchical_memsw_limit 5368709120
total_cache 547598336
total_rss 257474560
total_rss_huge 0
total_mapped_file 36560896
total_writeback 0
total_swap 0
total_pgpgin 402492
total_pgpgout 205941
total_pgfault 239849
total_pgmajfault 489
total_inactive_anon 128929792
total_active_anon 128614400
total_inactive_file 391028736
total_active_file 156495872
total_unevictable 4096
--------------------BLKIO-----------------------
11:0 Read 0
11:0 Write 0
11:0 Sync 0
11:0 Async 0
11:0 Total 0
253:0 Read 953376768
253:0 Write 1015808
253:0 Sync 196608
253:0 Async 954195968
253:0 Total 954392576
Total 954392576
--------------------CPUAC-----------------------
user 478
system 456
 
Tue May 16 01:49:32 IST 2017
--------------------MEMCG-----------------------
MEM ONLY  : 767 MB
MEM+SWAP  : 767 MB
cache 547516416
rss 257687552
rss_huge 0
mapped_file 36495360
writeback 0
swap 0
pgpgin 429468
pgpgout 232885
pgfault 239991
pgmajfault 489
inactive_anon 129060864
active_anon 128696320
inactive_file 367775744
active_file 179666944
unevictable 4096
hierarchical_memory_limit 805306368
hierarchical_memsw_limit 5368709120
total_cache 547516416
total_rss 257687552
total_rss_huge 0
total_mapped_file 36495360
total_writeback 0
total_swap 0
total_pgpgin 429468
total_pgpgout 232885
total_pgfault 239991
total_pgmajfault 489
total_inactive_anon 129060864
total_active_anon 128696320
total_inactive_file 367775744
total_active_file 179666944
total_unevictable 4096
--------------------BLKIO-----------------------
11:0 Read 0
11:0 Write 0
11:0 Sync 0
11:0 Async 0
11:0 Total 0
253:0 Read 1044447232
253:0 Write 1056768
253:0 Sync 196608
253:0 Async 1045307392
253:0 Total 1045504000
Total 1045504000
--------------------CPUAC-----------------------
user 530
system 498
 
Tue May 16 01:50:02 IST 2017
--------------------MEMCG-----------------------
MEM ONLY  : 767 MB
MEM+SWAP  : 767 MB
cache 547512320
rss 257626112
rss_huge 0
mapped_file 36495360
writeback 0
swap 0
pgpgin 458297
pgpgout 261730
pgfault 240081
pgmajfault 489
inactive_anon 129060864
active_anon 128634880
inactive_file 342368256
active_file 205070336
unevictable 4096
hierarchical_memory_limit 805306368
hierarchical_memsw_limit 5368709120
total_cache 547512320
total_rss 257626112
total_rss_huge 0
total_mapped_file 36495360
total_writeback 0
total_swap 0
total_pgpgin 458297
total_pgpgout 261730
total_pgfault 240081
total_pgmajfault 489
total_inactive_anon 129060864
total_active_anon 128634880
total_inactive_file 342368256
total_active_file 205070336
total_unevictable 4096
--------------------BLKIO-----------------------
11:0 Read 0
11:0 Write 0
11:0 Sync 0
11:0 Async 0
11:0 Total 0
253:0 Read 1134325760
253:0 Write 1105920
253:0 Sync 196608
253:0 Async 1135235072
253:0 Total 1135431680
Total 1135431680
--------------------CPUAC-----------------------
user 585
system 542
 
Tue May 16 01:50:32 IST 2017
--------------------MEMCG-----------------------
MEM ONLY  : 767 MB
MEM+SWAP  : 767 MB
cache 547475456
rss 257638400
rss_huge 0
mapped_file 36495360
writeback 0
swap 0
pgpgin 488561
pgpgout 292000
pgfault 240174
pgmajfault 489
inactive_anon 129060864
active_anon 128647168
inactive_file 314982400
active_file 232419328
unevictable 4096
hierarchical_memory_limit 805306368
hierarchical_memsw_limit 5368709120
total_cache 547475456
total_rss 257638400
total_rss_huge 0
total_mapped_file 36495360
total_writeback 0
total_swap 0
total_pgpgin 488561
total_pgpgout 292000
total_pgfault 240174
total_pgmajfault 489
total_inactive_anon 129060864
total_active_anon 128647168
total_inactive_file 314982400
total_active_file 232419328
total_unevictable 4096
--------------------BLKIO-----------------------
11:0 Read 0
11:0 Write 0
11:0 Sync 0
11:0 Async 0
11:0 Total 0
253:0 Read 1222967296
253:0 Write 1167360
253:0 Sync 196608
253:0 Async 1223938048
253:0 Total 1224134656
Total 1224134656
--------------------CPUAC-----------------------
user 638
system 585
 
Tue May 16 01:51:02 IST 2017
--------------------MEMCG-----------------------
MEM ONLY  : 767 MB
MEM+SWAP  : 767 MB
cache 547540992
rss 257720320
rss_huge 0
mapped_file 36495360
writeback 0
swap 0
pgpgin 521985
pgpgout 325388
pgfault 240284
pgmajfault 489
inactive_anon 129060864
active_anon 128729088
inactive_file 287809536
active_file 259616768
unevictable 4096
hierarchical_memory_limit 805306368
hierarchical_memsw_limit 5368709120
total_cache 547540992
total_rss 257720320
total_rss_huge 0
total_mapped_file 36495360
total_writeback 0
total_swap 0
total_pgpgin 521985
total_pgpgout 325388
total_pgfault 240284
total_pgmajfault 489
total_inactive_anon 129060864
total_active_anon 128729088
total_inactive_file 287809536
total_active_file 259616768
total_unevictable 4096
--------------------BLKIO-----------------------
11:0 Read 0
11:0 Write 0
11:0 Sync 0
11:0 Async 0
11:0 Total 0
253:0 Read 1311154176
253:0 Write 1232896
253:0 Sync 196608
253:0 Async 1312190464
253:0 Total 1312387072
Total 1312387072
--------------------CPUAC-----------------------
user 706
system 627
 
Tue May 16 01:51:32 IST 2017
--------------------MEMCG-----------------------
MEM ONLY  : 767 MB
MEM+SWAP  : 767 MB
cache 547205120
rss 257937408
rss_huge 0
mapped_file 36495360
writeback 0
swap 0
pgpgin 558261
pgpgout 361693
pgfault 240427
pgmajfault 489
inactive_anon 129191936
active_anon 128815104
inactive_file 274407424
active_file 272723968
unevictable 4096
hierarchical_memory_limit 805306368
hierarchical_memsw_limit 5368709120
total_cache 547205120
total_rss 257937408
total_rss_huge 0
total_mapped_file 36495360
total_writeback 0
total_swap 0
total_pgpgin 558261
total_pgpgout 361693
total_pgfault 240427
total_pgmajfault 489
total_inactive_anon 129191936
total_active_anon 128815104
total_inactive_file 274407424
total_active_file 272723968
total_unevictable 4096
--------------------BLKIO-----------------------
11:0 Read 0
11:0 Write 0
11:0 Sync 0
11:0 Async 0
11:0 Total 0
253:0 Read 1398775808
253:0 Write 1306624
253:0 Sync 196608
253:0 Async 1399885824
253:0 Total 1400082432
Total 1400082432
--------------------CPUAC-----------------------
user 761
system 672
 
Tue May 16 01:52:02 IST 2017
--------------------MEMCG-----------------------
MEM ONLY  : 767 MB
MEM+SWAP  : 767 MB
cache 547217408
rss 258023424
rss_huge 0
mapped_file 36495360
writeback 0
swap 0
pgpgin 597722
pgpgout 401130
pgfault 240538
pgmajfault 489
inactive_anon 129191936
active_anon 128901120
inactive_file 273833984
active_file 273309696
unevictable 4096
hierarchical_memory_limit 805306368
hierarchical_memsw_limit 5368709120
total_cache 547217408
total_rss 258023424
total_rss_huge 0
total_mapped_file 36495360
total_writeback 0
total_swap 0
total_pgpgin 597722
total_pgpgout 401130
total_pgfault 240538
total_pgmajfault 489
total_inactive_anon 129191936
total_active_anon 128901120
total_inactive_file 273833984
total_active_file 273309696
total_unevictable 4096
--------------------BLKIO-----------------------
11:0 Read 0
11:0 Write 0
11:0 Sync 0
11:0 Async 0
11:0 Total 0
253:0 Read 1487130624
253:0 Write 1388544
253:0 Sync 196608
253:0 Async 1488322560
253:0 Total 1488519168
Total 1488519168
--------------------CPUAC-----------------------
user 821
system 732
 
Tue May 16 01:52:32 IST 2017
--------------------MEMCG-----------------------
MEM ONLY  : 767 MB
MEM+SWAP  : 767 MB
cache 547323904
rss 257929216
rss_huge 0
mapped_file 36491264
writeback 0
swap 0
pgpgin 640046
pgpgout 443451
pgfault 240766
pgmajfault 489
inactive_anon 129150976
active_anon 128847872
inactive_file 273965056
active_file 273285120
unevictable 4096
hierarchical_memory_limit 805306368
hierarchical_memsw_limit 5368709120
total_cache 547323904
total_rss 257929216
total_rss_huge 0
total_mapped_file 36491264
total_writeback 0
total_swap 0
total_pgpgin 640046
total_pgpgout 443451
total_pgfault 240766
total_pgmajfault 489
total_inactive_anon 129150976
total_active_anon 128847872
total_inactive_file 273965056
total_active_file 273285120
total_unevictable 4096
--------------------BLKIO-----------------------
11:0 Read 0
11:0 Write 0
11:0 Sync 0
11:0 Async 0
11:0 Total 0
253:0 Read 1573470208
253:0 Write 1478656
253:0 Sync 196608
253:0 Async 1574752256
253:0 Total 1574948864
Total 1574948864
--------------------CPUAC-----------------------
user 889
system 792
 
Tue May 16 01:53:02 IST 2017
--------------------MEMCG-----------------------
MEM ONLY  : 767 MB
MEM+SWAP  : 767 MB
cache 547098624
rss 258101248
rss_huge 0
mapped_file 11231232
writeback 0
swap 0
pgpgin 686839
pgpgout 490257
pgfault 241070
pgmajfault 489
inactive_anon 129433600
active_anon 128737280
inactive_file 273719296
active_file 273276928
unevictable 4096
hierarchical_memory_limit 805306368
hierarchical_memsw_limit 5368709120
total_cache 547098624
total_rss 258101248
total_rss_huge 0
total_mapped_file 11231232
total_writeback 0
total_swap 0
total_pgpgin 686839
total_pgpgout 490257
total_pgfault 241070
total_pgmajfault 489
total_inactive_anon 129433600
total_active_anon 128737280
total_inactive_file 273719296
total_active_file 273276928
total_unevictable 4096
--------------------BLKIO-----------------------
11:0 Read 0
11:0 Write 0
11:0 Sync 0
11:0 Async 0
11:0 Total 0
253:0 Read 1658966016
253:0 Write 1576960
253:0 Sync 196608
253:0 Async 1660346368
253:0 Total 1660542976
Total 1660542976
--------------------CPUAC-----------------------
user 953
system 858
 
Tue May 16 01:53:32 IST 2017
--------------------MEMCG-----------------------
MEM ONLY  : 767 MB
MEM+SWAP  : 767 MB
cache 547131392
rss 257929216
rss_huge 0
mapped_file 7110656
writeback 0
swap 0
pgpgin 737872
pgpgout 541324
pgfault 241346
pgmajfault 489
inactive_anon 129368064
active_anon 128630784
inactive_file 273526784
active_file 273489920
unevictable 4096
hierarchical_memory_limit 805306368
hierarchical_memsw_limit 5368709120
total_cache 547131392
total_rss 257929216
total_rss_huge 0
total_mapped_file 7110656
total_writeback 0
total_swap 0
total_pgpgin 737872
total_pgpgout 541324
total_pgfault 241346
total_pgmajfault 489
total_inactive_anon 129368064
total_active_anon 128630784
total_inactive_file 273526784
total_active_file 273489920
total_unevictable 4096
--------------------BLKIO-----------------------
11:0 Read 0
11:0 Write 0
11:0 Sync 0
11:0 Async 0
11:0 Total 0
253:0 Read 1744719872
253:0 Write 1613824
253:0 Sync 196608
253:0 Async 1746137088
253:0 Total 1746333696
Total 1746333696
--------------------CPUAC-----------------------
user 1025
system 927
 
Tue May 16 01:54:02 IST 2017
--------------------MEMCG-----------------------
MEM ONLY  : 767 MB
MEM+SWAP  : 767 MB
cache 547352576
rss 257703936
rss_huge 0
mapped_file 7110656
writeback 0
swap 0
pgpgin 793472
pgpgout 596925
pgfault 241564
pgmajfault 489
inactive_anon 129368064
active_anon 128405504
inactive_file 273891328
active_file 273387520
unevictable 4096
hierarchical_memory_limit 805306368
hierarchical_memsw_limit 5368709120
total_cache 547352576
total_rss 257703936
total_rss_huge 0
total_mapped_file 7110656
total_writeback 0
total_swap 0
total_pgpgin 793472
total_pgpgout 596925
total_pgfault 241564
total_pgmajfault 489
total_inactive_anon 129368064
total_active_anon 128405504
total_inactive_file 273891328
total_active_file 273387520
total_unevictable 4096
--------------------BLKIO-----------------------
11:0 Read 0
11:0 Write 0
11:0 Sync 0
11:0 Async 0
11:0 Total 0
253:0 Read 1828311040
253:0 Write 1650688
253:0 Sync 196608
253:0 Async 1829765120
253:0 Total 1829961728
Total 1829961728
--------------------CPUAC-----------------------
user 1109
system 998
 
Tue May 16 01:54:32 IST 2017
--------------------MEMCG-----------------------
MEM ONLY  : 767 MB
MEM+SWAP  : 767 MB
cache 548007936
rss 257290240
rss_huge 0
mapped_file 7110656
writeback 0
swap 0
pgpgin 855400
pgpgout 658794
pgfault 241779
pgmajfault 489
inactive_anon 129368064
active_anon 127991808
inactive_file 274309120
active_file 273625088
unevictable 4096
hierarchical_memory_limit 805306368
hierarchical_memsw_limit 5368709120
total_cache 548007936
total_rss 257290240
total_rss_huge 0
total_mapped_file 7110656
total_writeback 0
total_swap 0
total_pgpgin 855400
total_pgpgout 658794
total_pgfault 241779
total_pgmajfault 489
total_inactive_anon 129368064
total_active_anon 127991808
total_inactive_file 274309120
total_active_file 273625088
total_unevictable 4096
--------------------BLKIO-----------------------
11:0 Read 0
11:0 Write 0
11:0 Sync 0
11:0 Async 0
11:0 Total 0
253:0 Read 1912037376
253:0 Write 1695744
253:0 Sync 196608
253:0 Async 1913536512
253:0 Total 1913733120
Total 1913733120
--------------------CPUAC-----------------------
user 1194
system 1070
 
Tue May 16 01:55:02 IST 2017
--------------------MEMCG-----------------------
MEM ONLY  : 767 MB
MEM+SWAP  : 767 MB
cache 547913728
rss 257212416
rss_huge 0
mapped_file 7114752
writeback 0
swap 0
pgpgin 921573
pgpgout 725009
pgfault 241926
pgmajfault 490
inactive_anon 129368064
active_anon 127913984
inactive_file 273928192
active_file 273899520
unevictable 4096
hierarchical_memory_limit 805306368
hierarchical_memsw_limit 5368709120
total_cache 547913728
total_rss 257212416
total_rss_huge 0
total_mapped_file 7114752
total_writeback 0
total_swap 0
total_pgpgin 921573
total_pgpgout 725009
total_pgfault 241926
total_pgmajfault 490
total_inactive_anon 129368064
total_active_anon 127913984
total_inactive_file 273928192
total_active_file 273899520
total_unevictable 4096
--------------------BLKIO-----------------------
11:0 Read 0
11:0 Write 0
11:0 Sync 0
11:0 Async 0
11:0 Total 0
253:0 Read 1996652544
253:0 Write 1744896
253:0 Sync 196608
253:0 Async 1998200832
253:0 Total 1998397440
Total 1998397440
--------------------CPUAC-----------------------
user 1282
system 1153
 
Tue May 16 01:55:32 IST 2017
--------------------MEMCG-----------------------
MEM ONLY  : 767 MB
MEM+SWAP  : 767 MB
cache 547078144
rss 258064384
rss_huge 0
mapped_file 3055616
writeback 0
swap 0
pgpgin 988632
pgpgout 792064
pgfault 242287
pgmajfault 490
inactive_anon 129499136
active_anon 128634880
inactive_file 273547264
active_file 273453056
unevictable 4096
hierarchical_memory_limit 805306368
hierarchical_memsw_limit 5368709120
total_cache 547078144
total_rss 258064384
total_rss_huge 0
total_mapped_file 3055616
total_writeback 0
total_swap 0
total_pgpgin 988632
total_pgpgout 792064
total_pgfault 242287
total_pgmajfault 490
total_inactive_anon 129499136
total_active_anon 128634880
total_inactive_file 273547264
total_active_file 273453056
total_unevictable 4096
--------------------BLKIO-----------------------
11:0 Read 0
11:0 Write 0
11:0 Sync 0
11:0 Async 0
11:0 Total 0
253:0 Read 2079301632
253:0 Write 1806336
253:0 Sync 196608
253:0 Async 2080911360
253:0 Total 2081107968
Total 2081107968
--------------------CPUAC-----------------------
user 1372
system 1243
 
Tue May 16 01:56:02 IST 2017
--------------------MEMCG-----------------------
MEM ONLY  : 767 MB
MEM+SWAP  : 767 MB
cache 547106816
rss 258101248
rss_huge 0
mapped_file 2883584
writeback 0
swap 0
pgpgin 1053798
pgpgout 857214
pgfault 242386
pgmajfault 490
inactive_anon 129499136
active_anon 128671744
inactive_file 273637376
active_file 273395712
unevictable 4096
hierarchical_memory_limit 805306368
hierarchical_memsw_limit 5368709120
total_cache 547106816
total_rss 258101248
total_rss_huge 0
total_mapped_file 2883584
total_writeback 0
total_swap 0
total_pgpgin 1053798
total_pgpgout 857214
total_pgfault 242386
total_pgmajfault 490
total_inactive_anon 129499136
total_active_anon 128671744
total_inactive_file 273637376
total_active_file 273395712
total_unevictable 4096
--------------------BLKIO-----------------------
11:0 Read 0
11:0 Write 0
11:0 Sync 0
11:0 Async 0
11:0 Total 0
253:0 Read 2162266112
253:0 Write 1875968
253:0 Sync 196608
253:0 Async 2163945472
253:0 Total 2164142080
Total 2164142080
--------------------CPUAC-----------------------
user 1458
system 1339
 
Tue May 16 01:56:32 IST 2017
--------------------MEMCG-----------------------
MEM ONLY  : 767 MB
MEM+SWAP  : 767 MB
cache 547000320
rss 258052096
rss_huge 0
mapped_file 2883584
writeback 0
swap 0
pgpgin 1118470
pgpgout 921924
pgfault 242604
pgmajfault 490
inactive_anon 129433600
active_anon 128688128
inactive_file 273580032
active_file 273346560
unevictable 4096
hierarchical_memory_limit 805306368
hierarchical_memsw_limit 5368709120
total_cache 547000320
total_rss 258052096
total_rss_huge 0
total_mapped_file 2883584
total_writeback 0
total_swap 0
total_pgpgin 1118470
total_pgpgout 921924
total_pgfault 242604
total_pgmajfault 490
total_inactive_anon 129433600
total_active_anon 128688128
total_inactive_file 273580032
total_active_file 273346560
total_unevictable 4096
--------------------BLKIO-----------------------
11:0 Read 0
11:0 Write 0
11:0 Sync 0
11:0 Async 0
11:0 Total 0
253:0 Read 2246209536
253:0 Write 1949696
253:0 Sync 196608
253:0 Async 2247962624
253:0 Total 2248159232
Total 2248159232
--------------------CPUAC-----------------------
user 1554
system 1418
 
Tue May 16 01:57:02 IST 2017
--------------------MEMCG-----------------------
MEM ONLY  : 768 MB
MEM+SWAP  : 768 MB
cache 546373632
rss 258932736
rss_huge 0
mapped_file 2883584
writeback 0
swap 0
pgpgin 1186746
pgpgout 990138
pgfault 243177
pgmajfault 490
inactive_anon 129662976
active_anon 129339392
inactive_file 273219584
active_file 273068032
unevictable 4096
hierarchical_memory_limit 805306368
hierarchical_memsw_limit 5368709120
total_cache 546373632
total_rss 258932736
total_rss_huge 0
total_mapped_file 2883584
total_writeback 0
total_swap 0
total_pgpgin 1186746
total_pgpgout 990138
total_pgfault 243177
total_pgmajfault 490
total_inactive_anon 129662976
total_active_anon 129339392
total_inactive_file 273219584
total_active_file 273068032
total_unevictable 4096
--------------------BLKIO-----------------------
11:0 Read 0
11:0 Write 0
11:0 Sync 0
11:0 Async 0
11:0 Total 0
253:0 Read 2331766784
253:0 Write 2035712
253:0 Sync 196608
253:0 Async 2333605888
253:0 Total 2333802496
Total 2333802496
--------------------CPUAC-----------------------
user 1649
system 1511
 
Tue May 16 01:57:32 IST 2017
--------------------MEMCG-----------------------
MEM ONLY  : 767 MB
MEM+SWAP  : 767 MB
cache 545435648
rss 259846144
rss_huge 0
mapped_file 2883584
writeback 0
swap 0
pgpgin 1256427
pgpgout 1059825
pgfault 243617
pgmajfault 491
inactive_anon 130056192
active_anon 129859584
inactive_file 272756736
active_file 272556032
unevictable 4096
hierarchical_memory_limit 805306368
hierarchical_memsw_limit 5368709120
total_cache 545435648
total_rss 259846144
total_rss_huge 0
total_mapped_file 2883584
total_writeback 0
total_swap 0
total_pgpgin 1256427
total_pgpgout 1059825
total_pgfault 243617
total_pgmajfault 491
total_inactive_anon 130056192
total_active_anon 129859584
total_inactive_file 272756736
total_active_file 272556032
total_unevictable 4096
--------------------BLKIO-----------------------
11:0 Read 0
11:0 Write 0
11:0 Sync 0
11:0 Async 0
11:0 Total 0
253:0 Read 2416238592
253:0 Write 2129920
253:0 Sync 196608
253:0 Async 2418171904
253:0 Total 2418368512
Total 2418368512
--------------------CPUAC-----------------------
user 1754
system 1592
 
Tue May 16 01:58:02 IST 2017
--------------------MEMCG-----------------------
MEM ONLY  : 767 MB
MEM+SWAP  : 767 MB
cache 544436224
rss 260853760
rss_huge 0
mapped_file 2875392
writeback 0
swap 0
pgpgin 1325603
pgpgout 1128999
pgfault 243953
pgmajfault 491
inactive_anon 130580480
active_anon 130342912
inactive_file 272281600
active_file 272080896
unevictable 4096
hierarchical_memory_limit 805306368
hierarchical_memsw_limit 5368709120
total_cache 544436224
total_rss 260853760
total_rss_huge 0
total_mapped_file 2875392
total_writeback 0
total_swap 0
total_pgpgin 1325603
total_pgpgout 1128999
total_pgfault 243953
total_pgmajfault 491
total_inactive_anon 130580480
total_active_anon 130342912
total_inactive_file 272281600
total_active_file 272080896
total_unevictable 4096
--------------------BLKIO-----------------------
11:0 Read 0
11:0 Write 0
11:0 Sync 0
11:0 Async 0
11:0 Total 0
253:0 Read 2499022848
253:0 Write 2232320
253:0 Sync 196608
253:0 Async 2501058560
253:0 Total 2501255168
Total 2501255168
--------------------CPUAC-----------------------
user 1843
system 1691
 
Tue May 16 01:58:32 IST 2017
--------------------MEMCG-----------------------
MEM ONLY  : 767 MB
MEM+SWAP  : 767 MB
cache 544878592
rss 260292608
rss_huge 0
mapped_file 2887680
writeback 0
swap 0
pgpgin 1394312
pgpgout 1197737
pgfault 244186
pgmajfault 493
inactive_anon 130404352
active_anon 129957888
inactive_file 272646144
active_file 272158720
unevictable 4096
hierarchical_memory_limit 805306368
hierarchical_memsw_limit 5368709120
total_cache 544878592
total_rss 260292608
total_rss_huge 0
total_mapped_file 2887680
total_writeback 0
total_swap 0
total_pgpgin 1394312
total_pgpgout 1197737
total_pgfault 244186
total_pgmajfault 493
total_inactive_anon 130404352
total_active_anon 129957888
total_inactive_file 272646144
total_active_file 272158720
total_unevictable 4096
--------------------BLKIO-----------------------
11:0 Read 0
11:0 Write 0
11:0 Sync 0
11:0 Async 0
11:0 Total 0
253:0 Read 2580545536
253:0 Write 2269184
253:0 Sync 196608
253:0 Async 2582618112
253:0 Total 2582814720
Total 2582814720
--------------------CPUAC-----------------------
user 1950
system 1773
 
Tue May 16 01:59:02 IST 2017
--------------------MEMCG-----------------------
MEM ONLY  : 767 MB
MEM+SWAP  : 767 MB
cache 544899072
rss 260345856
rss_huge 0
mapped_file 2883584
writeback 0
swap 0
pgpgin 1464662
pgpgout 1268069
pgfault 244525
pgmajfault 493
inactive_anon 130473984
active_anon 129941504
inactive_file 272441344
active_file 272277504
unevictable 4096
hierarchical_memory_limit 805306368
hierarchical_memsw_limit 5368709120
total_cache 544899072
total_rss 260345856
total_rss_huge 0
total_mapped_file 2883584
total_writeback 0
total_swap 0
total_pgpgin 1464662
total_pgpgout 1268069
total_pgfault 244525
total_pgmajfault 493
total_inactive_anon 130473984
total_active_anon 129941504
total_inactive_file 272441344
total_active_file 272277504
total_unevictable 4096
--------------------BLKIO-----------------------
11:0 Read 0
11:0 Write 0
11:0 Sync 0
11:0 Async 0
11:0 Total 0
253:0 Read 2664075264
253:0 Write 2306048
253:0 Sync 196608
253:0 Async 2666184704
253:0 Total 2666381312
Total 2666381312
--------------------CPUAC-----------------------
user 2042
system 1858
 
Tue May 16 01:59:32 IST 2017
--------------------MEMCG-----------------------
MEM ONLY  : 767 MB
MEM+SWAP  : 767 MB
cache 545153024
rss 260038656
rss_huge 0
mapped_file 2887680
writeback 0
swap 0
pgpgin 1534878
pgpgout 1338298
pgfault 244658
pgmajfault 494
inactive_anon 130473984
active_anon 129634304
inactive_file 272564224
active_file 272515072
unevictable 4096
hierarchical_memory_limit 805306368
hierarchical_memsw_limit 5368709120
total_cache 545153024
total_rss 260038656
total_rss_huge 0
total_mapped_file 2887680
total_writeback 0
total_swap 0
total_pgpgin 1534878
total_pgpgout 1338298
total_pgfault 244658
total_pgmajfault 494
total_inactive_anon 130473984
total_active_anon 129634304
total_inactive_file 272564224
total_active_file 272515072
total_unevictable 4096
--------------------BLKIO-----------------------
11:0 Read 0
11:0 Write 0
11:0 Sync 0
11:0 Async 0
11:0 Total 0
253:0 Read 2747912192
253:0 Write 2351104
253:0 Sync 196608
253:0 Async 2750066688
253:0 Total 2750263296
Total 2750263296
--------------------CPUAC-----------------------
user 2143
system 1948
 
Tue May 16 02:00:02 IST 2017
--------------------MEMCG-----------------------
MEM ONLY  : 767 MB
MEM+SWAP  : 767 MB
cache 545067008
rss 260173824
rss_huge 0
mapped_file 2887680
writeback 0
swap 0
pgpgin 1605512
pgpgout 1408920
pgfault 244782
pgmajfault 494
inactive_anon 130473984
active_anon 129769472
inactive_file 272543744
active_file 272449536
unevictable 4096
hierarchical_memory_limit 805306368
hierarchical_memsw_limit 5368709120
total_cache 545067008
total_rss 260173824
total_rss_huge 0
total_mapped_file 2887680
total_writeback 0
total_swap 0
total_pgpgin 1605512
total_pgpgout 1408920
total_pgfault 244782
total_pgmajfault 494
total_inactive_anon 130473984
total_active_anon 129769472
total_inactive_file 272543744
total_active_file 272449536
total_unevictable 4096
--------------------BLKIO-----------------------
11:0 Read 0
11:0 Write 0
11:0 Sync 0
11:0 Async 0
11:0 Total 0
253:0 Read 2832396288
253:0 Write 2404352
253:0 Sync 196608
253:0 Async 2834604032
253:0 Total 2834800640
Total 2834800640
--------------------CPUAC-----------------------
user 2242
system 2042
 
Tue May 16 02:00:32 IST 2017
--------------------MEMCG-----------------------
MEM ONLY  : 767 MB
MEM+SWAP  : 767 MB
cache 545153024
rss 260091904
rss_huge 0
mapped_file 2887680
writeback 0
swap 0
pgpgin 1675087
pgpgout 1478494
pgfault 245006
pgmajfault 494
inactive_anon 130342912
active_anon 129818624
inactive_file 272871424
active_file 272207872
unevictable 4096
hierarchical_memory_limit 805306368
hierarchical_memsw_limit 5368709120
total_cache 545153024
total_rss 260091904
total_rss_huge 0
total_mapped_file 2887680
total_writeback 0
total_swap 0
total_pgpgin 1675087
total_pgpgout 1478494
total_pgfault 245006
total_pgmajfault 494
total_inactive_anon 130342912
total_active_anon 129818624
total_inactive_file 272871424
total_active_file 272207872
total_unevictable 4096
--------------------BLKIO-----------------------
11:0 Read 0
11:0 Write 0
11:0 Sync 0
11:0 Async 0
11:0 Total 0
253:0 Read 2914697216
253:0 Write 2465792
253:0 Sync 196608
253:0 Async 2916966400
253:0 Total 2917163008
Total 2917163008
--------------------CPUAC-----------------------
user 2332
system 2130
 
Tue May 16 02:01:02 IST 2017
--------------------MEMCG-----------------------
MEM ONLY  : 767 MB
MEM+SWAP  : 767 MB
cache 544481280
rss 260644864
rss_huge 0
mapped_file 2887680
writeback 0
swap 0
pgpgin 1743857
pgpgout 1547293
pgfault 245346
pgmajfault 494
inactive_anon 130605056
active_anon 130109440
inactive_file 272424960
active_file 271966208
unevictable 4096
hierarchical_memory_limit 805306368
hierarchical_memsw_limit 5368709120
total_cache 544481280
total_rss 260644864
total_rss_huge 0
total_mapped_file 2887680
total_writeback 0
total_swap 0
total_pgpgin 1743857
total_pgpgout 1547293
total_pgfault 245346
total_pgmajfault 494
total_inactive_anon 130605056
total_active_anon 130109440
total_inactive_file 272424960
total_active_file 271966208
total_unevictable 4096
--------------------BLKIO-----------------------
11:0 Read 0
11:0 Write 0
11:0 Sync 0
11:0 Async 0
11:0 Total 0
253:0 Read 2997092352
253:0 Write 2535424
253:0 Sync 196608
253:0 Async 2999431168
253:0 Total 2999627776
Total 2999627776
--------------------CPUAC-----------------------
user 2426
system 2216
 
Tue May 16 02:01:32 IST 2017
--------------------MEMCG-----------------------
MEM ONLY  : 767 MB
MEM+SWAP  : 767 MB
cache 544165888
rss 261058560
rss_huge 0
mapped_file 2883584
writeback 0
swap 0
pgpgin 1815113
pgpgout 1618525
pgfault 245562
pgmajfault 494
inactive_anon 130736128
active_anon 130392064
inactive_file 272080896
active_file 271998976
unevictable 4096
hierarchical_memory_limit 805306368
hierarchical_memsw_limit 5368709120
total_cache 544165888
total_rss 261058560
total_rss_huge 0
total_mapped_file 2883584
total_writeback 0
total_swap 0
total_pgpgin 1815113
total_pgpgout 1618525
total_pgfault 245562
total_pgmajfault 494
total_inactive_anon 130736128
total_active_anon 130392064
total_inactive_file 272080896
total_active_file 271998976
total_unevictable 4096
--------------------BLKIO-----------------------
11:0 Read 0
11:0 Write 0
11:0 Sync 0
11:0 Async 0
11:0 Total 0
253:0 Read 3080368128
253:0 Write 2613248
253:0 Sync 196608
253:0 Async 3082784768
253:0 Total 3082981376
Total 3082981376
--------------------CPUAC-----------------------
user 2512
system 2306
 
Tue May 16 02:02:02 IST 2017
--------------------MEMCG-----------------------
MEM ONLY  : 767 MB
MEM+SWAP  : 767 MB
cache 544153600
rss 261042176
rss_huge 0
mapped_file 2883584
writeback 0
swap 0
pgpgin 1884030
pgpgout 1687449
pgfault 245775
pgmajfault 494
inactive_anon 130785280
active_anon 130326528
inactive_file 272117760
active_file 271962112
unevictable 4096
hierarchical_memory_limit 805306368
hierarchical_memsw_limit 5368709120
total_cache 544153600
total_rss 261042176
total_rss_huge 0
total_mapped_file 2883584
total_writeback 0
total_swap 0
total_pgpgin 1884030
total_pgpgout 1687449
total_pgfault 245775
total_pgmajfault 494
total_inactive_anon 130785280
total_active_anon 130326528
total_inactive_file 272117760
total_active_file 271962112
total_unevictable 4096
--------------------BLKIO-----------------------
11:0 Read 0
11:0 Write 0
11:0 Sync 0
11:0 Async 0
11:0 Total 0
253:0 Read 3163312128
253:0 Write 2699264
253:0 Sync 196608
253:0 Async 3165814784
253:0 Total 3166011392
Total 3166011392
--------------------CPUAC-----------------------
user 2603
system 2398
 
Tue May 16 02:02:32 IST 2017
--------------------MEMCG-----------------------
MEM ONLY  : 768 MB
MEM+SWAP  : 768 MB
cache 542806016
rss 262483968
rss_huge 0
mapped_file 2883584
writeback 0
swap 0
pgpgin 1955036
pgpgout 1758432
pgfault 246302
pgmajfault 494
inactive_anon 131440640
active_anon 131112960
inactive_file 271552512
active_file 271159296
unevictable 4096
hierarchical_memory_limit 805306368
hierarchical_memsw_limit 5368709120
total_cache 542806016
total_rss 262483968
total_rss_huge 0
total_mapped_file 2883584
total_writeback 0
total_swap 0
total_pgpgin 1955036
total_pgpgout 1758432
total_pgfault 246302
total_pgmajfault 494
total_inactive_anon 131440640
total_active_anon 131112960
total_inactive_file 271552512
total_active_file 271159296
total_unevictable 4096
--------------------BLKIO-----------------------
11:0 Read 0
11:0 Write 0
11:0 Sync 0
11:0 Async 0
11:0 Total 0
253:0 Read 3246153728
253:0 Write 2793472
253:0 Sync 196608
253:0 Async 3248750592
253:0 Total 3248947200
Total 3248947200
--------------------CPUAC-----------------------
user 2707
system 2487
 
Tue May 16 02:03:02 IST 2017
--------------------MEMCG-----------------------
MEM ONLY  : 767 MB
MEM+SWAP  : 767 MB
cache 542101504
rss 263086080
rss_huge 0
mapped_file 2879488
writeback 0
swap 0
pgpgin 2024441
pgpgout 1827862
pgfault 246600
pgmajfault 494
inactive_anon 131731456
active_anon 131424256
inactive_file 271241216
active_file 270733312
unevictable 4096
hierarchical_memory_limit 805306368
hierarchical_memsw_limit 5368709120
total_cache 542101504
total_rss 263086080
total_rss_huge 0
total_mapped_file 2879488
total_writeback 0
total_swap 0
total_pgpgin 2024441
total_pgpgout 1827862
total_pgfault 246600
total_pgmajfault 494
total_inactive_anon 131731456
total_active_anon 131424256
total_inactive_file 271241216
total_active_file 270733312
total_unevictable 4096
--------------------BLKIO-----------------------
11:0 Read 0
11:0 Write 0
11:0 Sync 0
11:0 Async 0
11:0 Total 0
253:0 Read 3329048576
253:0 Write 2895872
253:0 Sync 196608
253:0 Async 3331747840
253:0 Total 3331944448
Total 3331944448
--------------------CPUAC-----------------------
user 2807
system 2582
 
Tue May 16 02:03:32 IST 2017
--------------------MEMCG-----------------------
MEM ONLY  : 767 MB
MEM+SWAP  : 767 MB
cache 540872704
rss 264265728
rss_huge 0
mapped_file 2883584
writeback 0
swap 0
pgpgin 2095828
pgpgout 1899261
pgfault 247136
pgmajfault 496
inactive_anon 132386816
active_anon 131948544
inactive_file 270680064
active_file 270118912
unevictable 4096
hierarchical_memory_limit 805306368
hierarchical_memsw_limit 5368709120
total_cache 540872704
total_rss 264265728
total_rss_huge 0
total_mapped_file 2883584
total_writeback 0
total_swap 0
total_pgpgin 2095828
total_pgpgout 1899261
total_pgfault 247136
total_pgmajfault 496
total_inactive_anon 132386816
total_active_anon 131948544
total_inactive_file 270680064
total_active_file 270118912
total_unevictable 4096
--------------------BLKIO-----------------------
11:0 Read 0
11:0 Write 0
11:0 Sync 0
11:0 Async 0
11:0 Total 0
253:0 Read 3412131840
253:0 Write 2932736
253:0 Sync 196608
253:0 Async 3414867968
253:0 Total 3415064576
Total 3415064576
--------------------CPUAC-----------------------
user 2905
system 2671
 
Tue May 16 02:04:02 IST 2017
--------------------MEMCG-----------------------
MEM ONLY  : 767 MB
MEM+SWAP  : 767 MB
cache 541114368
rss 263991296
rss_huge 0
mapped_file 2883584
writeback 0
swap 0
pgpgin 2164772
pgpgout 1968213
pgfault 247312
pgmajfault 496
inactive_anon 132345856
active_anon 131715072
inactive_file 270647296
active_file 270389248
unevictable 4096
hierarchical_memory_limit 805306368
hierarchical_memsw_limit 5368709120
total_cache 541118464
total_rss 263991296
total_rss_huge 0
total_mapped_file 2883584
total_writeback 0
total_swap 0
total_pgpgin 2164774
total_pgpgout 1968213
total_pgfault 247312
total_pgmajfault 496
total_inactive_anon 132345856
total_active_anon 131715072
total_inactive_file 270647296
total_active_file 270389248
total_unevictable 4096
--------------------BLKIO-----------------------
11:0 Read 0
11:0 Write 0
11:0 Sync 0
11:0 Async 0
11:0 Total 0
253:0 Read 3495178240
253:0 Write 2969600
253:0 Sync 196608
253:0 Async 3497951232
253:0 Total 3498147840
Total 3498147840
--------------------CPUAC-----------------------
user 2995
system 2762
 
Tue May 16 02:04:32 IST 2017
--------------------MEMCG-----------------------
MEM ONLY  : 767 MB
MEM+SWAP  : 767 MB
cache 541073408
rss 264142848
rss_huge 0
mapped_file 2883584
writeback 0
swap 0
pgpgin 2234155
pgpgout 2037569
pgfault 247445
pgmajfault 496
inactive_anon 132333568
active_anon 131878912
inactive_file 270659584
active_file 270290944
unevictable 4096
hierarchical_memory_limit 805306368
hierarchical_memsw_limit 5368709120
total_cache 541073408
total_rss 264142848
total_rss_huge 0
total_mapped_file 2883584
total_writeback 0
total_swap 0
total_pgpgin 2234155
total_pgpgout 2037569
total_pgfault 247445
total_pgmajfault 496
total_inactive_anon 132333568
total_active_anon 131878912
total_inactive_file 270659584
total_active_file 270290944
total_unevictable 4096
--------------------BLKIO-----------------------
11:0 Read 0
11:0 Write 0
11:0 Sync 0
11:0 Async 0
11:0 Total 0
253:0 Read 3578363904
253:0 Write 3014656
253:0 Sync 196608
253:0 Async 3581181952
253:0 Total 3581378560
Total 3581378560
--------------------CPUAC-----------------------
user 3091
system 2840
 
Tue May 16 02:05:02 IST 2017
--------------------MEMCG-----------------------
MEM ONLY  : 767 MB
MEM+SWAP  : 767 MB
cache 540553216
rss 264536064
rss_huge 0
mapped_file 2883584
writeback 0
swap 0
pgpgin 2304545
pgpgout 2107990
pgfault 247916
pgmajfault 496
inactive_anon 132415488
active_anon 132190208
inactive_file 270557184
active_file 269922304
unevictable 4096
hierarchical_memory_limit 805306368
hierarchical_memsw_limit 5368709120
total_cache 540553216
total_rss 264536064
total_rss_huge 0
total_mapped_file 2883584
total_writeback 0
total_swap 0
total_pgpgin 2304545
total_pgpgout 2107990
total_pgfault 247916
total_pgmajfault 496
total_inactive_anon 132415488
total_active_anon 132190208
total_inactive_file 270557184
total_active_file 269922304
total_unevictable 4096
--------------------BLKIO-----------------------
11:0 Read 0
11:0 Write 0
11:0 Sync 0
11:0 Async 0
11:0 Total 0
253:0 Read 3662106624
253:0 Write 3067904
253:0 Sync 196608
253:0 Async 3664977920
253:0 Total 3665174528
Total 3665174528
--------------------CPUAC-----------------------
user 3194
system 2925
 
Tue May 16 02:05:32 IST 2017
--------------------MEMCG-----------------------
MEM ONLY  : 767 MB
MEM+SWAP  : 767 MB
cache 540794880
rss 264384512
rss_huge 0
mapped_file 2883584
writeback 0
swap 0
pgpgin 2373208
pgpgout 2176631
pgfault 248076
pgmajfault 496
inactive_anon 132415488
active_anon 132038656
inactive_file 270454784
active_file 270266368
unevictable 4096
hierarchical_memory_limit 805306368
hierarchical_memsw_limit 5368709120
total_cache 540794880
total_rss 264384512
total_rss_huge 0
total_mapped_file 2883584
total_writeback 0
total_swap 0
total_pgpgin 2373208
total_pgpgout 2176631
total_pgfault 248076
total_pgmajfault 496
total_inactive_anon 132415488
total_active_anon 132038656
total_inactive_file 270454784
total_active_file 270266368
total_unevictable 4096
--------------------BLKIO-----------------------
11:0 Read 0
11:0 Write 0
11:0 Sync 0
11:0 Async 0
11:0 Total 0
253:0 Read 3742560256
253:0 Write 3129344
253:0 Sync 196608
253:0 Async 3745492992
253:0 Total 3745689600
Total 3745689600
--------------------CPUAC-----------------------
user 3295
system 3000
 
Tue May 16 02:06:02 IST 2017
--------------------MEMCG-----------------------
MEM ONLY  : 767 MB
MEM+SWAP  : 767 MB
cache 540864512
rss 264298496
rss_huge 0
mapped_file 2883584
writeback 0
swap 0
pgpgin 2443018
pgpgout 2246445
pgfault 248300
pgmajfault 496
inactive_anon 132456448
active_anon 131911680
inactive_file 270610432
active_file 270127104
unevictable 4096
hierarchical_memory_limit 805306368
hierarchical_memsw_limit 5368709120
total_cache 540864512
total_rss 264298496
total_rss_huge 0
total_mapped_file 2883584
total_writeback 0
total_swap 0
total_pgpgin 2443018
total_pgpgout 2246445
total_pgfault 248300
total_pgmajfault 496
total_inactive_anon 132456448
total_active_anon 131911680
total_inactive_file 270610432
total_active_file 270127104
total_unevictable 4096
--------------------BLKIO-----------------------
11:0 Read 0
11:0 Write 0
11:0 Sync 0
11:0 Async 0
11:0 Total 0
253:0 Read 3826348032
253:0 Write 3203072
253:0 Sync 196608
253:0 Async 3829354496
253:0 Total 3829551104
Total 3829551104
--------------------CPUAC-----------------------
user 3388
system 3095
 
Tue May 16 02:06:32 IST 2017
--------------------MEMCG-----------------------
MEM ONLY  : 767 MB
MEM+SWAP  : 767 MB
cache 539762688
rss 265383936
rss_huge 0
mapped_file 2883584
writeback 0
swap 0
pgpgin 2513758
pgpgout 2317189
pgfault 248863
pgmajfault 496
inactive_anon 132861952
active_anon 132591616
inactive_file 270118912
active_file 269570048
unevictable 4096
hierarchical_memory_limit 805306368
hierarchical_memsw_limit 5368709120
total_cache 539762688
total_rss 265383936
total_rss_huge 0
total_mapped_file 2883584
total_writeback 0
total_swap 0
total_pgpgin 2513758
total_pgpgout 2317189
total_pgfault 248863
total_pgmajfault 496
total_inactive_anon 132861952
total_active_anon 132591616
total_inactive_file 270118912
total_active_file 269570048
total_unevictable 4096
--------------------BLKIO-----------------------
11:0 Read 0
11:0 Write 0
11:0 Sync 0
11:0 Async 0
11:0 Total 0
253:0 Read 3909357568
253:0 Write 3284992
253:0 Sync 196608
253:0 Async 3912445952
253:0 Total 3912642560
Total 3912642560
--------------------CPUAC-----------------------
user 3488
system 3179
 
Tue May 16 02:07:02 IST 2017
--------------------MEMCG-----------------------
MEM ONLY  : 767 MB
MEM+SWAP  : 767 MB
cache 539951104
rss 265256960
rss_huge 0
mapped_file 2879488
writeback 0
swap 0
pgpgin 2584829
pgpgout 2388245
pgfault 249016
pgmajfault 496
inactive_anon 132816896
active_anon 132509696
inactive_file 270016512
active_file 269860864
unevictable 4096
hierarchical_memory_limit 805306368
hierarchical_memsw_limit 5368709120
total_cache 539951104
total_rss 265256960
total_rss_huge 0
total_mapped_file 2879488
total_writeback 0
total_swap 0
total_pgpgin 2584829
total_pgpgout 2388245
total_pgfault 249016
total_pgmajfault 496
total_inactive_anon 132816896
total_active_anon 132509696
total_inactive_file 270016512
total_active_file 269860864
total_unevictable 4096
--------------------BLKIO-----------------------
11:0 Read 0
11:0 Write 0
11:0 Sync 0
11:0 Async 0
11:0 Total 0
253:0 Read 3993452544
253:0 Write 3371008
253:0 Sync 196608
253:0 Async 3996626944
253:0 Total 3996823552
Total 3996823552
--------------------CPUAC-----------------------
user 3588
system 3269
 
Tue May 16 02:07:32 IST 2017
--------------------MEMCG-----------------------
MEM ONLY  : 767 MB
MEM+SWAP  : 767 MB
cache 540065792
rss 265154560
rss_huge 0
mapped_file 2940928
writeback 0
swap 0
pgpgin 2655117
pgpgout 2458530
pgfault 249365
pgmajfault 497
inactive_anon 132726784
active_anon 132497408
inactive_file 270180352
active_file 269783040
unevictable 4096
hierarchical_memory_limit 805306368
hierarchical_memsw_limit 5368709120
total_cache 540065792
total_rss 265154560
total_rss_huge 0
total_mapped_file 2940928
total_writeback 0
total_swap 0
total_pgpgin 2655117
total_pgpgout 2458530
total_pgfault 249365
total_pgmajfault 497
total_inactive_anon 132726784
total_active_anon 132497408
total_inactive_file 270180352
total_active_file 269783040
total_unevictable 4096
--------------------BLKIO-----------------------
11:0 Read 0
11:0 Write 0
11:0 Sync 0
11:0 Async 0
11:0 Total 0
253:0 Read 4077436928
253:0 Write 3469312
253:0 Sync 196608
253:0 Async 4080709632
253:0 Total 4080906240
Total 4080906240
--------------------CPUAC-----------------------
user 3676
system 3360
 
Tue May 16 02:08:02 IST 2017
--------------------MEMCG-----------------------
MEM ONLY  : 767 MB
MEM+SWAP  : 767 MB
cache 540254208
rss 264949760
rss_huge 0
mapped_file 2940928
writeback 0
swap 0
pgpgin 2725967
pgpgout 2529384
pgfault 249558
pgmajfault 497
inactive_anon 132730880
active_anon 132288512
inactive_file 270360576
active_file 269811712
unevictable 4096
hierarchical_memory_limit 805306368
hierarchical_memsw_limit 5368709120
total_cache 540254208
total_rss 264949760
total_rss_huge 0
total_mapped_file 2940928
total_writeback 0
total_swap 0
total_pgpgin 2725967
total_pgpgout 2529384
total_pgfault 249558
total_pgmajfault 497
total_inactive_anon 132730880
total_active_anon 132288512
total_inactive_file 270360576
total_active_file 269811712
total_unevictable 4096
--------------------BLKIO-----------------------
11:0 Read 0
11:0 Write 0
11:0 Sync 0
11:0 Async 0
11:0 Total 0
253:0 Read 4160307200
253:0 Write 3575808
253:0 Sync 196608
253:0 Async 4163686400
253:0 Total 4163883008
Total 4163883008
--------------------CPUAC-----------------------
user 3781
system 3446
 
Tue May 16 02:08:32 IST 2017
--------------------MEMCG-----------------------
MEM ONLY  : 767 MB
MEM+SWAP  : 767 MB
cache 539992064
rss 265224192
rss_huge 0
mapped_file 2945024
writeback 0
swap 0
pgpgin 2796458
pgpgout 2599872
pgfault 249736
pgmajfault 499
inactive_anon 132861952
active_anon 132431872
inactive_file 270045184
active_file 269873152
unevictable 4096
hierarchical_memory_limit 805306368
hierarchical_memsw_limit 5368709120
total_cache 539992064
total_rss 265224192
total_rss_huge 0
total_mapped_file 2945024
total_writeback 0
total_swap 0
total_pgpgin 2796458
total_pgpgout 2599872
total_pgfault 249736
total_pgmajfault 499
total_inactive_anon 132861952
total_active_anon 132431872
total_inactive_file 270045184
total_active_file 269873152
total_unevictable 4096
--------------------BLKIO-----------------------
11:0 Read 0
11:0 Write 0
11:0 Sync 0
11:0 Async 0
11:0 Total 0
253:0 Read 4242702336
253:0 Write 3612672
253:0 Sync 196608
253:0 Async 4246118400
253:0 Total 4246315008
Total 4246315008
--------------------CPUAC-----------------------
user 3875
system 3536
 
