========== START: Container 1 Memory STATS ==============
cache 297934848
rss 1312325632
rss_huge 20971520
mapped_file 22376448
writeback 8011776
swap 0
pgpgin 1329456
pgpgout 941947
pgfault 572243
pgmajfault 654
inactive_anon 656384000
active_anon 656019456
inactive_file 181248000
active_file 116604928
unevictable 4096
hierarchical_memory_limit 1610612736
hierarchical_memsw_limit 5368709120
total_cache 297934848
total_rss 1312325632
total_rss_huge 20971520
total_mapped_file 22376448
total_writeback 8011776
total_swap 0
total_pgpgin 1329456
total_pgpgout 941947
total_pgfault 572243
total_pgmajfault 654
total_inactive_anon 656384000
total_active_anon 656019456
total_inactive_file 181248000
total_active_file 116604928
total_unevictable 4096
======== END Container STATS ======
========== STOP: Container 1 Memory STATS ==============
cache 295452672
rss 1315037184
rss_huge 20971520
mapped_file 22376448
writeback 0
swap 0
pgpgin 1357286
pgpgout 969721
pgfault 573927
pgmajfault 654
inactive_anon 657481728
active_anon 657633280
inactive_file 154263552
active_file 141107200
unevictable 4096
hierarchical_memory_limit 1610612736
hierarchical_memsw_limit 5368709120
total_cache 295452672
total_rss 1315037184
total_rss_huge 20971520
total_mapped_file 22376448
total_writeback 0
total_swap 0
total_pgpgin 1357286
total_pgpgout 969721
total_pgfault 573927
total_pgmajfault 654
total_inactive_anon 657481728
total_active_anon 657633280
total_inactive_file 154263552
total_active_file 141107200
total_unevictable 4096
======== END Container STATS ======
