Fri May 19 19:23:46 IST 2017
--------------------MEMCG-----------------------
MEM ONLY  : 1872 MB
MEM+SWAP  : 2035 MB
cache 19513344
rss 1943900160
rss_huge 0
mapped_file 8257536
writeback 12288
swap 171479040
pgpgin 594976
pgpgout 115627
pgfault 697997
pgmajfault 1023
inactive_anon 556818432
active_anon 1387089920
inactive_file 8376320
active_file 11128832
unevictable 0
hierarchical_memory_limit 6442450944
hierarchical_memsw_limit 32212254720
total_cache 19513344
total_rss 1943900160
total_rss_huge 0
total_mapped_file 8257536
total_writeback 12288
total_swap 171479040
total_pgpgin 594976
total_pgpgout 115627
total_pgfault 697997
total_pgmajfault 1023
total_inactive_anon 556818432
total_active_anon 1387089920
total_inactive_file 8376320
total_active_file 11128832
total_unevictable 0
--------------------BLKIO-----------------------
11:0 Read 0
11:0 Write 0
11:0 Sync 0
11:0 Async 0
11:0 Total 0
253:0 Read 28700672
253:0 Write 81981440
253:0 Sync 0
253:0 Async 110682112
253:0 Total 110682112
Total 110682112
--------------------CPUAC-----------------------
user 724
system 1283
 
Fri May 19 19:24:16 IST 2017
--------------------MEMCG-----------------------
MEM ONLY  : 1863 MB
MEM+SWAP  : 2035 MB
cache 19435520
rss 1934979072
rss_huge 0
mapped_file 8257536
writeback 274432
swap 180408320
pgpgin 595256
pgpgout 118104
pgfault 698590
pgmajfault 1288
inactive_anon 553693184
active_anon 1381294080
inactive_file 8388608
active_file 11038720
unevictable 0
hierarchical_memory_limit 6442450944
hierarchical_memsw_limit 32212254720
total_cache 19435520
total_rss 1934979072
total_rss_huge 0
total_mapped_file 8257536
total_writeback 274432
total_swap 180408320
total_pgpgin 595256
total_pgpgout 118104
total_pgfault 698590
total_pgmajfault 1288
total_inactive_anon 553693184
total_active_anon 1381294080
total_inactive_file 8388608
total_active_file 11038720
total_unevictable 0
--------------------BLKIO-----------------------
11:0 Read 0
11:0 Write 0
11:0 Sync 0
11:0 Async 0
11:0 Total 0
253:0 Read 30011392
253:0 Write 82034688
253:0 Sync 0
253:0 Async 112046080
253:0 Total 112046080
Total 112046080
--------------------CPUAC-----------------------
user 725
system 1285
 
Fri May 19 19:24:46 IST 2017
--------------------MEMCG-----------------------
MEM ONLY  : 1855 MB
MEM+SWAP  : 2035 MB
cache 19320832
rss 1926512640
rss_huge 0
mapped_file 8257536
writeback 290816
swap 188874752
pgpgin 595524
pgpgout 120467
pgfault 699166
pgmajfault 1549
inactive_anon 550703104
active_anon 1375817728
inactive_file 8388608
active_file 10924032
unevictable 0
hierarchical_memory_limit 6442450944
hierarchical_memsw_limit 32212254720
total_cache 19320832
total_rss 1926512640
total_rss_huge 0
total_mapped_file 8257536
total_writeback 290816
total_swap 188874752
total_pgpgin 595524
total_pgpgout 120467
total_pgfault 699166
total_pgmajfault 1549
total_inactive_anon 550703104
total_active_anon 1375817728
total_inactive_file 8388608
total_active_file 10924032
total_unevictable 0
--------------------BLKIO-----------------------
11:0 Read 0
11:0 Write 0
11:0 Sync 0
11:0 Async 0
11:0 Total 0
253:0 Read 31240192
253:0 Write 82128896
253:0 Sync 0
253:0 Async 113369088
253:0 Total 113369088
Total 113369088
--------------------CPUAC-----------------------
user 725
system 1289
 
Fri May 19 19:25:16 IST 2017
--------------------MEMCG-----------------------
MEM ONLY  : 1847 MB
MEM+SWAP  : 2035 MB
cache 19214336
rss 1917956096
rss_huge 0
mapped_file 8257536
writeback 0
swap 197431296
pgpgin 595800
pgpgout 122858
pgfault 699759
pgmajfault 1821
inactive_anon 547643392
active_anon 1370320896
inactive_file 8388608
active_file 10817536
unevictable 0
hierarchical_memory_limit 6442450944
hierarchical_memsw_limit 32212254720
total_cache 19214336
total_rss 1917956096
total_rss_huge 0
total_mapped_file 8257536
total_writeback 0
total_swap 197431296
total_pgpgin 595800
total_pgpgout 122858
total_pgfault 699759
total_pgmajfault 1821
total_inactive_anon 547643392
total_active_anon 1370320896
total_inactive_file 8388608
total_active_file 10817536
total_unevictable 0
--------------------BLKIO-----------------------
11:0 Read 0
11:0 Write 0
11:0 Sync 0
11:0 Async 0
11:0 Total 0
253:0 Read 32460800
253:0 Write 82223104
253:0 Sync 0
253:0 Async 114683904
253:0 Total 114683904
Total 114683904
--------------------CPUAC-----------------------
user 726
system 1293
 
Fri May 19 19:25:46 IST 2017
--------------------MEMCG-----------------------
MEM ONLY  : 1839 MB
MEM+SWAP  : 2035 MB
cache 19177472
rss 1910083584
rss_huge 0
mapped_file 8257536
writeback 147456
swap 205303808
pgpgin 596078
pgpgout 125067
pgfault 700357
pgmajfault 2093
inactive_anon 544796672
active_anon 1365295104
inactive_file 8388608
active_file 10780672
unevictable 0
hierarchical_memory_limit 6442450944
hierarchical_memsw_limit 32212254720
total_cache 19177472
total_rss 1910083584
total_rss_huge 0
total_mapped_file 8257536
total_writeback 147456
total_swap 205303808
total_pgpgin 596078
total_pgpgout 125067
total_pgfault 700357
total_pgmajfault 2093
total_inactive_anon 544796672
total_active_anon 1365295104
total_inactive_file 8388608
total_active_file 10780672
total_unevictable 0
--------------------BLKIO-----------------------
11:0 Read 0
11:0 Write 0
11:0 Sync 0
11:0 Async 0
11:0 Total 0
253:0 Read 33697792
253:0 Write 82419712
253:0 Sync 0
253:0 Async 116117504
253:0 Total 116117504
Total 116117504
--------------------CPUAC-----------------------
user 727
system 1295
 
Fri May 19 19:26:16 IST 2017
--------------------MEMCG-----------------------
MEM ONLY  : 1831 MB
MEM+SWAP  : 2035 MB
cache 19062784
rss 1901621248
rss_huge 0
mapped_file 8257536
writeback 20480
swap 213766144
pgpgin 596338
pgpgout 127421
pgfault 700913
pgmajfault 2343
inactive_anon 541814784
active_anon 1359810560
inactive_file 8388608
active_file 10665984
unevictable 0
hierarchical_memory_limit 6442450944
hierarchical_memsw_limit 32212254720
total_cache 19062784
total_rss 1901621248
total_rss_huge 0
total_mapped_file 8257536
total_writeback 20480
total_swap 213766144
total_pgpgin 596338
total_pgpgout 127421
total_pgfault 700913
total_pgmajfault 2343
total_inactive_anon 541814784
total_active_anon 1359810560
total_inactive_file 8388608
total_active_file 10665984
total_unevictable 0
--------------------BLKIO-----------------------
11:0 Read 0
11:0 Write 0
11:0 Sync 0
11:0 Async 0
11:0 Total 0
253:0 Read 34893824
253:0 Write 82604032
253:0 Sync 0
253:0 Async 117497856
253:0 Total 117497856
Total 117497856
--------------------CPUAC-----------------------
user 727
system 1296
 
Fri May 19 19:26:46 IST 2017
--------------------MEMCG-----------------------
MEM ONLY  : 1823 MB
MEM+SWAP  : 2035 MB
cache 18968576
rss 1893072896
rss_huge 0
mapped_file 8257536
writeback 4096
swap 222314496
pgpgin 596621
pgpgout 129814
pgfault 701515
pgmajfault 2616
inactive_anon 538697728
active_anon 1354383360
inactive_file 8388608
active_file 10571776
unevictable 0
hierarchical_memory_limit 6442450944
hierarchical_memsw_limit 32212254720
total_cache 18968576
total_rss 1893072896
total_rss_huge 0
total_mapped_file 8257536
total_writeback 4096
total_swap 222314496
total_pgpgin 596621
total_pgpgout 129814
total_pgfault 701515
total_pgmajfault 2616
total_inactive_anon 538697728
total_active_anon 1354383360
total_inactive_file 8388608
total_active_file 10571776
total_unevictable 0
--------------------BLKIO-----------------------
11:0 Read 0
11:0 Write 0
11:0 Sync 0
11:0 Async 0
11:0 Total 0
253:0 Read 36184064
253:0 Write 82604032
253:0 Sync 0
253:0 Async 118788096
253:0 Total 118788096
Total 118788096
--------------------CPUAC-----------------------
user 729
system 1298
 
Fri May 19 19:27:16 IST 2017
--------------------MEMCG-----------------------
MEM ONLY  : 1815 MB
MEM+SWAP  : 2035 MB
cache 18968576
rss 1884274688
rss_huge 0
mapped_file 8257536
writeback 81920
swap 231112704
pgpgin 596872
pgpgout 132213
pgfault 702050
pgmajfault 2859
inactive_anon 535535616
active_anon 1348747264
inactive_file 8384512
active_file 10575872
unevictable 0
hierarchical_memory_limit 6442450944
hierarchical_memsw_limit 32212254720
total_cache 18968576
total_rss 1884274688
total_rss_huge 0
total_mapped_file 8257536
total_writeback 81920
total_swap 231112704
total_pgpgin 596872
total_pgpgout 132213
total_pgfault 702050
total_pgmajfault 2859
total_inactive_anon 535535616
total_active_anon 1348747264
total_inactive_file 8384512
total_active_file 10575872
total_unevictable 0
--------------------BLKIO-----------------------
11:0 Read 0
11:0 Write 0
11:0 Sync 0
11:0 Async 0
11:0 Total 0
253:0 Read 37306368
253:0 Write 82661376
253:0 Sync 0
253:0 Async 119967744
253:0 Total 119967744
Total 119967744
--------------------CPUAC-----------------------
user 730
system 1299
 
Fri May 19 19:27:46 IST 2017
--------------------MEMCG-----------------------
MEM ONLY  : 1806 MB
MEM+SWAP  : 2035 MB
cache 18968576
rss 1874866176
rss_huge 0
mapped_file 8257536
writeback 45056
swap 240521216
pgpgin 597150
pgpgout 134788
pgfault 702649
pgmajfault 3127
inactive_anon 532316160
active_anon 1342558208
inactive_file 8388608
active_file 10571776
unevictable 0
hierarchical_memory_limit 6442450944
hierarchical_memsw_limit 32212254720
total_cache 18968576
total_rss 1874866176
total_rss_huge 0
total_mapped_file 8257536
total_writeback 45056
total_swap 240521216
total_pgpgin 597150
total_pgpgout 134788
total_pgfault 702649
total_pgmajfault 3127
total_inactive_anon 532316160
total_active_anon 1342558208
total_inactive_file 8388608
total_active_file 10571776
total_unevictable 0
--------------------BLKIO-----------------------
11:0 Read 0
11:0 Write 0
11:0 Sync 0
11:0 Async 0
11:0 Total 0
253:0 Read 38572032
253:0 Write 82735104
253:0 Sync 0
253:0 Async 121307136
253:0 Total 121307136
Total 121307136
--------------------CPUAC-----------------------
user 730
system 1302
 
Fri May 19 19:28:16 IST 2017
--------------------MEMCG-----------------------
MEM ONLY  : 1797 MB
MEM+SWAP  : 2035 MB
cache 18964480
rss 1865535488
rss_huge 0
mapped_file 8257536
writeback 126976
swap 249851904
pgpgin 597407
pgpgout 137324
pgfault 703206
pgmajfault 3380
inactive_anon 529096704
active_anon 1336438784
inactive_file 8388608
active_file 10567680
unevictable 0
hierarchical_memory_limit 6442450944
hierarchical_memsw_limit 32212254720
total_cache 18964480
total_rss 1865535488
total_rss_huge 0
total_mapped_file 8257536
total_writeback 126976
total_swap 249851904
total_pgpgin 597407
total_pgpgout 137324
total_pgfault 703206
total_pgmajfault 3380
total_inactive_anon 529096704
total_active_anon 1336438784
total_inactive_file 8388608
total_active_file 10567680
total_unevictable 0
--------------------BLKIO-----------------------
11:0 Read 0
11:0 Write 0
11:0 Sync 0
11:0 Async 0
11:0 Total 0
253:0 Read 39686144
253:0 Write 82837504
253:0 Sync 0
253:0 Async 122523648
253:0 Total 122523648
Total 122523648
--------------------CPUAC-----------------------
user 732
system 1304
 
Fri May 19 19:28:46 IST 2017
--------------------MEMCG-----------------------
MEM ONLY  : 1787 MB
MEM+SWAP  : 2035 MB
cache 18878464
rss 1855094784
rss_huge 0
mapped_file 8257536
writeback 36864
swap 260292608
pgpgin 597683
pgpgout 140170
pgfault 703800
pgmajfault 3645
inactive_anon 525475840
active_anon 1329627136
inactive_file 8392704
active_file 10477568
unevictable 0
hierarchical_memory_limit 6442450944
hierarchical_memsw_limit 32212254720
total_cache 18878464
total_rss 1855094784
total_rss_huge 0
total_mapped_file 8257536
total_writeback 36864
total_swap 260292608
total_pgpgin 597683
total_pgpgout 140170
total_pgfault 703800
total_pgmajfault 3645
total_inactive_anon 525475840
total_active_anon 1329627136
total_inactive_file 8392704
total_active_file 10477568
total_unevictable 0
--------------------BLKIO-----------------------
11:0 Read 0
11:0 Write 0
11:0 Sync 0
11:0 Async 0
11:0 Total 0
253:0 Read 40947712
253:0 Write 83173376
253:0 Sync 0
253:0 Async 124121088
253:0 Total 124121088
Total 124121088
--------------------CPUAC-----------------------
user 733
system 1305
 
Fri May 19 19:29:16 IST 2017
--------------------MEMCG-----------------------
MEM ONLY  : 1776 MB
MEM+SWAP  : 2035 MB
cache 18821120
rss 1844367360
rss_huge 0
mapped_file 8257536
writeback 24576
swap 271020032
pgpgin 597955
pgpgout 143075
pgfault 704385
pgmajfault 3909
inactive_anon 521732096
active_anon 1322643456
inactive_file 8376320
active_file 10436608
unevictable 0
hierarchical_memory_limit 6442450944
hierarchical_memsw_limit 32212254720
total_cache 18821120
total_rss 1844367360
total_rss_huge 0
total_mapped_file 8257536
total_writeback 24576
total_swap 271020032
total_pgpgin 597955
total_pgpgout 143075
total_pgfault 704385
total_pgmajfault 3909
total_inactive_anon 521732096
total_active_anon 1322643456
total_inactive_file 8376320
total_active_file 10436608
total_unevictable 0
--------------------BLKIO-----------------------
11:0 Read 0
11:0 Write 0
11:0 Sync 0
11:0 Async 0
11:0 Total 0
253:0 Read 42225664
253:0 Write 83206144
253:0 Sync 0
253:0 Async 125431808
253:0 Total 125431808
Total 125431808
--------------------CPUAC-----------------------
user 733
system 1307
 
Fri May 19 19:29:46 IST 2017
--------------------MEMCG-----------------------
MEM ONLY  : 1764 MB
MEM+SWAP  : 2035 MB
cache 18759680
rss 1831772160
rss_huge 0
mapped_file 8257536
writeback 8192
swap 283615232
pgpgin 598214
pgpgout 146424
pgfault 704942
pgmajfault 4159
inactive_anon 517332992
active_anon 1314447360
inactive_file 8388608
active_file 10362880
unevictable 0
hierarchical_memory_limit 6442450944
hierarchical_memsw_limit 32212254720
total_cache 18759680
total_rss 1831772160
total_rss_huge 0
total_mapped_file 8257536
total_writeback 8192
total_swap 283615232
total_pgpgin 598214
total_pgpgout 146424
total_pgfault 704942
total_pgmajfault 4159
total_inactive_anon 517332992
total_active_anon 1314447360
total_inactive_file 8388608
total_active_file 10362880
total_unevictable 0
--------------------BLKIO-----------------------
11:0 Read 0
11:0 Write 0
11:0 Sync 0
11:0 Async 0
11:0 Total 0
253:0 Read 43421696
253:0 Write 83206144
253:0 Sync 0
253:0 Async 126627840
253:0 Total 126627840
Total 126627840
--------------------CPUAC-----------------------
user 733
system 1308
 
Fri May 19 19:30:16 IST 2017
--------------------MEMCG-----------------------
MEM ONLY  : 1752 MB
MEM+SWAP  : 2035 MB
cache 18673664
rss 1818435584
rss_huge 0
mapped_file 8257536
writeback 28672
swap 296951808
pgpgin 598472
pgpgout 149959
pgfault 705487
pgmajfault 4403
inactive_anon 512626688
active_anon 1305817088
inactive_file 8388608
active_file 10276864
unevictable 0
hierarchical_memory_limit 6442450944
hierarchical_memsw_limit 32212254720
total_cache 18673664
total_rss 1818435584
total_rss_huge 0
total_mapped_file 8257536
total_writeback 28672
total_swap 296951808
total_pgpgin 598472
total_pgpgout 149959
total_pgfault 705487
total_pgmajfault 4403
total_inactive_anon 512626688
total_active_anon 1305817088
total_inactive_file 8388608
total_active_file 10276864
total_unevictable 0
--------------------BLKIO-----------------------
11:0 Read 0
11:0 Write 0
11:0 Sync 0
11:0 Async 0
11:0 Total 0
253:0 Read 44654592
253:0 Write 83386368
253:0 Sync 0
253:0 Async 128040960
253:0 Total 128040960
Total 128040960
--------------------CPUAC-----------------------
user 734
system 1311
 
Fri May 19 19:30:46 IST 2017
--------------------MEMCG-----------------------
MEM ONLY  : 1738 MB
MEM+SWAP  : 2034 MB
cache 18460672
rss 1804746752
rss_huge 0
mapped_file 8257536
writeback 0
swap 310640640
pgpgin 598723
pgpgout 153604
pgfault 706023
pgmajfault 4634
inactive_anon 507850752
active_anon 1296904192
inactive_file 8388608
active_file 10063872
unevictable 0
hierarchical_memory_limit 6442450944
hierarchical_memsw_limit 32212254720
total_cache 18460672
total_rss 1804746752
total_rss_huge 0
total_mapped_file 8257536
total_writeback 0
total_swap 310640640
total_pgpgin 598723
total_pgpgout 153604
total_pgfault 706023
total_pgmajfault 4634
total_inactive_anon 507850752
total_active_anon 1296904192
total_inactive_file 8388608
total_active_file 10063872
total_unevictable 0
--------------------BLKIO-----------------------
11:0 Read 0
11:0 Write 0
11:0 Sync 0
11:0 Async 0
11:0 Total 0
253:0 Read 45895680
253:0 Write 83406848
253:0 Sync 0
253:0 Async 129302528
253:0 Total 129302528
Total 129302528
--------------------CPUAC-----------------------
user 735
system 1312
 
Fri May 19 19:31:17 IST 2017
--------------------MEMCG-----------------------
MEM ONLY  : 1724 MB
MEM+SWAP  : 2034 MB
cache 18325504
rss 1790009344
rss_huge 0
mapped_file 8257536
writeback 110592
swap 325378048
pgpgin 598968
pgpgout 157480
pgfault 706545
pgmajfault 4870
inactive_anon 502484992
active_anon 1287532544
inactive_file 8388608
active_file 9928704
unevictable 0
hierarchical_memory_limit 6442450944
hierarchical_memsw_limit 32212254720
total_cache 18325504
total_rss 1790009344
total_rss_huge 0
total_mapped_file 8257536
total_writeback 110592
total_swap 325378048
total_pgpgin 598968
total_pgpgout 157480
total_pgfault 706545
total_pgmajfault 4870
total_inactive_anon 502484992
total_active_anon 1287532544
total_inactive_file 8388608
total_active_file 9928704
total_unevictable 0
--------------------BLKIO-----------------------
11:0 Read 0
11:0 Write 0
11:0 Sync 0
11:0 Async 0
11:0 Total 0
253:0 Read 47026176
253:0 Write 83406848
253:0 Sync 0
253:0 Async 130433024
253:0 Total 130433024
Total 130433024
--------------------CPUAC-----------------------
user 735
system 1315
 
Fri May 19 19:31:47 IST 2017
--------------------MEMCG-----------------------
MEM ONLY  : 1709 MB
MEM+SWAP  : 2034 MB
cache 18132992
rss 1774305280
rss_huge 0
mapped_file 8257536
writeback 122880
swap 341082112
pgpgin 599200
pgpgout 161593
pgfault 707031
pgmajfault 5080
inactive_anon 496959488
active_anon 1277353984
inactive_file 8388608
active_file 9736192
unevictable 0
hierarchical_memory_limit 6442450944
hierarchical_memsw_limit 32212254720
total_cache 18132992
total_rss 1774305280
total_rss_huge 0
total_mapped_file 8257536
total_writeback 122880
total_swap 341082112
total_pgpgin 599200
total_pgpgout 161593
total_pgfault 707031
total_pgmajfault 5080
total_inactive_anon 496959488
total_active_anon 1277353984
total_inactive_file 8388608
total_active_file 9736192
total_unevictable 0
--------------------BLKIO-----------------------
11:0 Read 0
11:0 Write 0
11:0 Sync 0
11:0 Async 0
11:0 Total 0
253:0 Read 48193536
253:0 Write 83742720
253:0 Sync 0
253:0 Async 131936256
253:0 Total 131936256
Total 131936256
--------------------CPUAC-----------------------
user 735
system 1316
 
Fri May 19 19:32:17 IST 2017
--------------------MEMCG-----------------------
MEM ONLY  : 1692 MB
MEM+SWAP  : 2034 MB
cache 17977344
rss 1756807168
rss_huge 0
mapped_file 8257536
writeback 303104
swap 358580224
pgpgin 599430
pgpgout 166133
pgfault 707526
pgmajfault 5305
inactive_anon 490729472
active_anon 1266085888
inactive_file 8388608
active_file 9580544
unevictable 0
hierarchical_memory_limit 6442450944
hierarchical_memsw_limit 32212254720
total_cache 17977344
total_rss 1756807168
total_rss_huge 0
total_mapped_file 8257536
total_writeback 303104
total_swap 358580224
total_pgpgin 599430
total_pgpgout 166133
total_pgfault 707526
total_pgmajfault 5305
total_inactive_anon 490729472
total_active_anon 1266085888
total_inactive_file 8388608
total_active_file 9580544
total_unevictable 0
--------------------BLKIO-----------------------
11:0 Read 0
11:0 Write 0
11:0 Sync 0
11:0 Async 0
11:0 Total 0
253:0 Read 49213440
253:0 Write 83742720
253:0 Sync 0
253:0 Async 132956160
253:0 Total 132956160
Total 132956160
--------------------CPUAC-----------------------
user 736
system 1317
 
Fri May 19 19:32:47 IST 2017
--------------------MEMCG-----------------------
MEM ONLY  : 1666 MB
MEM+SWAP  : 2034 MB
cache 17752064
rss 1729986560
rss_huge 0
mapped_file 8257536
writeback 471040
swap 385404928
pgpgin 599599
pgpgout 172905
pgfault 707889
pgmajfault 5473
inactive_anon 481067008
active_anon 1248923648
inactive_file 8388608
active_file 9359360
unevictable 0
hierarchical_memory_limit 6442450944
hierarchical_memsw_limit 32212254720
total_cache 17752064
total_rss 1729986560
total_rss_huge 0
total_mapped_file 8257536
total_writeback 471040
total_swap 385404928
total_pgpgin 599599
total_pgpgout 172905
total_pgfault 707889
total_pgmajfault 5473
total_inactive_anon 481067008
total_active_anon 1248923648
total_inactive_file 8388608
total_active_file 9359360
total_unevictable 0
--------------------BLKIO-----------------------
11:0 Read 0
11:0 Write 0
11:0 Sync 0
11:0 Async 0
11:0 Total 0
253:0 Read 49954816
253:0 Write 83894272
253:0 Sync 0
253:0 Async 133849088
253:0 Total 133849088
Total 133849088
--------------------CPUAC-----------------------
user 736
system 1318
 
Fri May 19 19:33:17 IST 2017
--------------------MEMCG-----------------------
MEM ONLY  : 1600 MB
MEM+SWAP  : 2033 MB
cache 17051648
rss 1660866560
rss_huge 0
mapped_file 8257536
writeback 876544
swap 454524928
pgpgin 599599
pgpgout 189951
pgfault 707889
pgmajfault 5473
inactive_anon 456458240
active_anon 1204412416
inactive_file 8388608
active_file 8658944
unevictable 0
hierarchical_memory_limit 6442450944
hierarchical_memsw_limit 32212254720
total_cache 17051648
total_rss 1660866560
total_rss_huge 0
total_mapped_file 8257536
total_writeback 876544
total_swap 454524928
total_pgpgin 599599
total_pgpgout 189951
total_pgfault 707889
total_pgmajfault 5473
total_inactive_anon 456458240
total_active_anon 1204412416
total_inactive_file 8388608
total_active_file 8658944
total_unevictable 0
--------------------BLKIO-----------------------
11:0 Read 0
11:0 Write 0
11:0 Sync 0
11:0 Async 0
11:0 Total 0
253:0 Read 49954816
253:0 Write 83894272
253:0 Sync 0
253:0 Async 133849088
253:0 Total 133849088
Total 133849088
--------------------CPUAC-----------------------
user 736
system 1319
 
Fri May 19 19:33:47 IST 2017
--------------------MEMCG-----------------------
MEM ONLY  : 1508 MB
MEM+SWAP  : 2033 MB
cache 16834560
rss 1564893184
rss_huge 0
mapped_file 8257536
writeback 0
swap 550498304
pgpgin 599599
pgpgout 213435
pgfault 707889
pgmajfault 5473
inactive_anon 425467904
active_anon 1139429376
inactive_file 8388608
active_file 8441856
unevictable 0
hierarchical_memory_limit 6442450944
hierarchical_memsw_limit 32212254720
total_cache 16834560
total_rss 1564893184
total_rss_huge 0
total_mapped_file 8257536
total_writeback 0
total_swap 550498304
total_pgpgin 599599
total_pgpgout 213435
total_pgfault 707889
total_pgmajfault 5473
total_inactive_anon 425467904
total_active_anon 1139429376
total_inactive_file 8388608
total_active_file 8441856
total_unevictable 0
--------------------BLKIO-----------------------
11:0 Read 0
11:0 Write 0
11:0 Sync 0
11:0 Async 0
11:0 Total 0
253:0 Read 49954816
253:0 Write 83894272
253:0 Sync 0
253:0 Async 133849088
253:0 Total 133849088
Total 133849088
--------------------CPUAC-----------------------
user 737
system 1321
 
Fri May 19 19:34:17 IST 2017
--------------------MEMCG-----------------------
MEM ONLY  : 1505 MB
MEM+SWAP  : 2033 MB
cache 16830464
rss 1561845760
rss_huge 0
mapped_file 8257536
writeback 0
swap 553549824
pgpgin 599599
pgpgout 214180
pgfault 707889
pgmajfault 5473
inactive_anon 424488960
active_anon 1137356800
inactive_file 8388608
active_file 8441856
unevictable 0
hierarchical_memory_limit 6442450944
hierarchical_memsw_limit 32212254720
total_cache 16830464
total_rss 1561845760
total_rss_huge 0
total_mapped_file 8257536
total_writeback 0
total_swap 553549824
total_pgpgin 599599
total_pgpgout 214180
total_pgfault 707889
total_pgmajfault 5473
total_inactive_anon 424488960
total_active_anon 1137356800
total_inactive_file 8388608
total_active_file 8441856
total_unevictable 0
--------------------BLKIO-----------------------
11:0 Read 0
11:0 Write 0
11:0 Sync 0
11:0 Async 0
11:0 Total 0
253:0 Read 49954816
253:0 Write 83894272
253:0 Sync 0
253:0 Async 133849088
253:0 Total 133849088
Total 133849088
--------------------CPUAC-----------------------
user 737
system 1321
 
Fri May 19 19:34:47 IST 2017
--------------------MEMCG-----------------------
MEM ONLY  : 1497 MB
MEM+SWAP  : 2033 MB
cache 16809984
rss 1553776640
rss_huge 0
mapped_file 8257536
writeback 0
swap 561618944
pgpgin 599599
pgpgout 216155
pgfault 707889
pgmajfault 5473
inactive_anon 422121472
active_anon 1131655168
inactive_file 8384512
active_file 8425472
unevictable 0
hierarchical_memory_limit 6442450944
hierarchical_memsw_limit 32212254720
total_cache 16809984
total_rss 1553776640
total_rss_huge 0
total_mapped_file 8257536
total_writeback 0
total_swap 561618944
total_pgpgin 599599
total_pgpgout 216155
total_pgfault 707889
total_pgmajfault 5473
total_inactive_anon 422121472
total_active_anon 1131655168
total_inactive_file 8384512
total_active_file 8425472
total_unevictable 0
--------------------BLKIO-----------------------
11:0 Read 0
11:0 Write 0
11:0 Sync 0
11:0 Async 0
11:0 Total 0
253:0 Read 49954816
253:0 Write 83894272
253:0 Sync 0
253:0 Async 133849088
253:0 Total 133849088
Total 133849088
--------------------CPUAC-----------------------
user 737
system 1323
 
Fri May 19 19:35:17 IST 2017
--------------------MEMCG-----------------------
MEM ONLY  : 1490 MB
MEM+SWAP  : 2033 MB
cache 16781312
rss 1546366976
rss_huge 0
mapped_file 8257536
writeback 0
swap 569028608
pgpgin 599599
pgpgout 217971
pgfault 707889
pgmajfault 5473
inactive_anon 419930112
active_anon 1126436864
inactive_file 8380416
active_file 8400896
unevictable 0
hierarchical_memory_limit 6442450944
hierarchical_memsw_limit 32212254720
total_cache 16781312
total_rss 1546366976
total_rss_huge 0
total_mapped_file 8257536
total_writeback 0
total_swap 569028608
total_pgpgin 599599
total_pgpgout 217971
total_pgfault 707889
total_pgmajfault 5473
total_inactive_anon 419930112
total_active_anon 1126436864
total_inactive_file 8380416
total_active_file 8400896
total_unevictable 0
--------------------BLKIO-----------------------
11:0 Read 0
11:0 Write 0
11:0 Sync 0
11:0 Async 0
11:0 Total 0
253:0 Read 49954816
253:0 Write 83894272
253:0 Sync 0
253:0 Async 133849088
253:0 Total 133849088
Total 133849088
--------------------CPUAC-----------------------
user 737
system 1324
 
Fri May 19 19:35:47 IST 2017
--------------------MEMCG-----------------------
MEM ONLY  : 1482 MB
MEM+SWAP  : 2031 MB
cache 14553088
rss 1540288512
rss_huge 0
mapped_file 8192000
writeback 0
swap 575107072
pgpgin 599599
pgpgout 219999
pgfault 707889
pgmajfault 5473
inactive_anon 418160640
active_anon 1122127872
inactive_file 7254016
active_file 7299072
unevictable 0
hierarchical_memory_limit 6442450944
hierarchical_memsw_limit 32212254720
total_cache 14553088
total_rss 1540288512
total_rss_huge 0
total_mapped_file 8192000
total_writeback 0
total_swap 575107072
total_pgpgin 599599
total_pgpgout 219999
total_pgfault 707889
total_pgmajfault 5473
total_inactive_anon 418160640
total_active_anon 1122127872
total_inactive_file 7254016
total_active_file 7299072
total_unevictable 0
--------------------BLKIO-----------------------
11:0 Read 0
11:0 Write 0
11:0 Sync 0
11:0 Async 0
11:0 Total 0
253:0 Read 49954816
253:0 Write 83894272
253:0 Sync 0
253:0 Async 133849088
253:0 Total 133849088
Total 133849088
--------------------CPUAC-----------------------
user 737
system 1324
 
Fri May 19 19:36:17 IST 2017
--------------------MEMCG-----------------------
MEM ONLY  : 1477 MB
MEM+SWAP  : 2031 MB
cache 14544896
rss 1535086592
rss_huge 0
mapped_file 8192000
writeback 0
swap 580308992
pgpgin 599599
pgpgout 221271
pgfault 707889
pgmajfault 5473
inactive_anon 416522240
active_anon 1118564352
inactive_file 7254016
active_file 7290880
unevictable 0
hierarchical_memory_limit 6442450944
hierarchical_memsw_limit 32212254720
total_cache 14544896
total_rss 1535086592
total_rss_huge 0
total_mapped_file 8192000
total_writeback 0
total_swap 580308992
total_pgpgin 599599
total_pgpgout 221271
total_pgfault 707889
total_pgmajfault 5473
total_inactive_anon 416522240
total_active_anon 1118564352
total_inactive_file 7254016
total_active_file 7290880
total_unevictable 0
--------------------BLKIO-----------------------
11:0 Read 0
11:0 Write 0
11:0 Sync 0
11:0 Async 0
11:0 Total 0
253:0 Read 49954816
253:0 Write 83894272
253:0 Sync 0
253:0 Async 133849088
253:0 Total 133849088
Total 133849088
--------------------CPUAC-----------------------
user 737
system 1325
 
Fri May 19 19:36:47 IST 2017
--------------------MEMCG-----------------------
MEM ONLY  : 1473 MB
MEM+SWAP  : 2031 MB
cache 14528512
rss 1530200064
rss_huge 0
mapped_file 8192000
writeback 0
swap 585195520
pgpgin 599599
pgpgout 222468
pgfault 707889
pgmajfault 5473
inactive_anon 415039488
active_anon 1115160576
inactive_file 7254016
active_file 7274496
unevictable 0
hierarchical_memory_limit 6442450944
hierarchical_memsw_limit 32212254720
total_cache 14528512
total_rss 1530200064
total_rss_huge 0
total_mapped_file 8192000
total_writeback 0
total_swap 585195520
total_pgpgin 599599
total_pgpgout 222468
total_pgfault 707889
total_pgmajfault 5473
total_inactive_anon 415039488
total_active_anon 1115160576
total_inactive_file 7254016
total_active_file 7274496
total_unevictable 0
--------------------BLKIO-----------------------
11:0 Read 0
11:0 Write 0
11:0 Sync 0
11:0 Async 0
11:0 Total 0
253:0 Read 49954816
253:0 Write 83894272
253:0 Sync 0
253:0 Async 133849088
253:0 Total 133849088
Total 133849088
--------------------CPUAC-----------------------
user 737
system 1325
 
Fri May 19 19:37:17 IST 2017
--------------------MEMCG-----------------------
MEM ONLY  : 1440 MB
MEM+SWAP  : 2019 MB
cache 1740800
rss 1508876288
rss_huge 0
mapped_file 1228800
writeback 172032
swap 606519296
pgpgin 600022
pgpgout 231219
pgfault 707928
pgmajfault 5488
inactive_anon 408444928
active_anon 1100431360
inactive_file 81920
active_file 1658880
unevictable 0
hierarchical_memory_limit 6442450944
hierarchical_memsw_limit 32212254720
total_cache 1740800
total_rss 1508876288
total_rss_huge 0
total_mapped_file 1228800
total_writeback 172032
total_swap 606519296
total_pgpgin 600022
total_pgpgout 231219
total_pgfault 707928
total_pgmajfault 5488
total_inactive_anon 408444928
total_active_anon 1100431360
total_inactive_file 81920
total_active_file 1658880
total_unevictable 0
--------------------BLKIO-----------------------
11:0 Read 0
11:0 Write 0
11:0 Sync 0
11:0 Async 0
11:0 Total 0
253:0 Read 51687424
253:0 Write 83959808
253:0 Sync 0
253:0 Async 135647232
253:0 Total 135647232
Total 135647232
--------------------CPUAC-----------------------
user 737
system 1325
 
Fri May 19 19:37:47 IST 2017
--------------------MEMCG-----------------------
MEM ONLY  : 1348 MB
MEM+SWAP  : 2019 MB
cache 1740800
rss 1412378624
rss_huge 0
mapped_file 1277952
writeback 442368
swap 703016960
pgpgin 600022
pgpgout 254778
pgfault 707929
pgmajfault 5488
inactive_anon 380940288
active_anon 1031438336
inactive_file 81920
active_file 1658880
unevictable 0
hierarchical_memory_limit 6442450944
hierarchical_memsw_limit 32212254720
total_cache 1740800
total_rss 1412378624
total_rss_huge 0
total_mapped_file 1277952
total_writeback 442368
total_swap 703016960
total_pgpgin 600022
total_pgpgout 254778
total_pgfault 707929
total_pgmajfault 5488
total_inactive_anon 380940288
total_active_anon 1031438336
total_inactive_file 81920
total_active_file 1658880
total_unevictable 0
--------------------BLKIO-----------------------
11:0 Read 0
11:0 Write 0
11:0 Sync 0
11:0 Async 0
11:0 Total 0
253:0 Read 51687424
253:0 Write 83959808
253:0 Sync 0
253:0 Async 135647232
253:0 Total 135647232
Total 135647232
--------------------CPUAC-----------------------
user 737
system 1326
 
Fri May 19 19:38:17 IST 2017
--------------------MEMCG-----------------------
MEM ONLY  : 1285 MB
MEM+SWAP  : 2019 MB
cache 2105344
rss 1345400832
rss_huge 0
mapped_file 1568768
writeback 122880
swap 769994752
pgpgin 600111
pgpgout 271130
pgfault 707948
pgmajfault 5493
inactive_anon 361246720
active_anon 984125440
inactive_file 446464
active_file 1658880
unevictable 0
hierarchical_memory_limit 6442450944
hierarchical_memsw_limit 32212254720
total_cache 2105344
total_rss 1345400832
total_rss_huge 0
total_mapped_file 1568768
total_writeback 122880
total_swap 769994752
total_pgpgin 600111
total_pgpgout 271130
total_pgfault 707948
total_pgmajfault 5493
total_inactive_anon 361246720
total_active_anon 984125440
total_inactive_file 446464
total_active_file 1658880
total_unevictable 0
--------------------BLKIO-----------------------
11:0 Read 0
11:0 Write 0
11:0 Sync 0
11:0 Async 0
11:0 Total 0
253:0 Read 52051968
253:0 Write 83959808
253:0 Sync 0
253:0 Async 136011776
253:0 Total 136011776
Total 136011776
--------------------CPUAC-----------------------
user 737
system 1326
 
Fri May 19 19:38:47 IST 2017
--------------------MEMCG-----------------------
MEM ONLY  : 1253 MB
MEM+SWAP  : 2023 MB
cache 6438912
rss 1307865088
rss_huge 0
mapped_file 3022848
writeback 81920
swap 807526400
pgpgin 601869
pgpgout 280994
pgfault 709624
pgmajfault 5538
inactive_anon 350015488
active_anon 957788160
inactive_file 1396736
active_file 5038080
unevictable 0
hierarchical_memory_limit 6442450944
hierarchical_memsw_limit 32212254720
total_cache 6438912
total_rss 1307865088
total_rss_huge 0
total_mapped_file 3022848
total_writeback 81920
total_swap 807526400
total_pgpgin 601869
total_pgpgout 280994
total_pgfault 709624
total_pgmajfault 5538
total_inactive_anon 350015488
total_active_anon 957788160
total_inactive_file 1396736
total_active_file 5038080
total_unevictable 0
--------------------BLKIO-----------------------
11:0 Read 0
11:0 Write 0
11:0 Sync 0
11:0 Async 0
11:0 Total 0
253:0 Read 56741888
253:0 Write 84647936
253:0 Sync 0
253:0 Async 141389824
253:0 Total 141389824
Total 141389824
--------------------CPUAC-----------------------
user 738
system 1329
 
Fri May 19 19:39:17 IST 2017
--------------------MEMCG-----------------------
MEM ONLY  : 1216 MB
MEM+SWAP  : 2023 MB
cache 6438912
rss 1269227520
rss_huge 0
mapped_file 3022848
writeback 4096
swap 846163968
pgpgin 601869
pgpgout 290427
pgfault 709624
pgmajfault 5538
inactive_anon 339275776
active_anon 929955840
inactive_file 1396736
active_file 5038080
unevictable 0
hierarchical_memory_limit 6442450944
hierarchical_memsw_limit 32212254720
total_cache 6438912
total_rss 1269227520
total_rss_huge 0
total_mapped_file 3022848
total_writeback 4096
total_swap 846163968
total_pgpgin 601869
total_pgpgout 290427
total_pgfault 709624
total_pgmajfault 5538
total_inactive_anon 339275776
total_active_anon 929955840
total_inactive_file 1396736
total_active_file 5038080
total_unevictable 0
--------------------BLKIO-----------------------
11:0 Read 0
11:0 Write 0
11:0 Sync 0
11:0 Async 0
11:0 Total 0
253:0 Read 56741888
253:0 Write 84647936
253:0 Sync 0
253:0 Async 141389824
253:0 Total 141389824
Total 141389824
--------------------CPUAC-----------------------
user 738
system 1330
 
Fri May 19 19:39:47 IST 2017
--------------------MEMCG-----------------------
MEM ONLY  : 1195 MB
MEM+SWAP  : 2023 MB
cache 6438912
rss 1246687232
rss_huge 0
mapped_file 3022848
writeback 0
swap 868704256
pgpgin 601869
pgpgout 295930
pgfault 709624
pgmajfault 5538
inactive_anon 332775424
active_anon 913915904
inactive_file 1400832
active_file 5033984
unevictable 0
hierarchical_memory_limit 6442450944
hierarchical_memsw_limit 32212254720
total_cache 6438912
total_rss 1246687232
total_rss_huge 0
total_mapped_file 3022848
total_writeback 0
total_swap 868704256
total_pgpgin 601869
total_pgpgout 295930
total_pgfault 709624
total_pgmajfault 5538
total_inactive_anon 332775424
total_active_anon 913915904
total_inactive_file 1400832
total_active_file 5033984
total_unevictable 0
--------------------BLKIO-----------------------
11:0 Read 0
11:0 Write 0
11:0 Sync 0
11:0 Async 0
11:0 Total 0
253:0 Read 56741888
253:0 Write 84647936
253:0 Sync 0
253:0 Async 141389824
253:0 Total 141389824
Total 141389824
--------------------CPUAC-----------------------
user 739
system 1330
 
Fri May 19 19:40:17 IST 2017
--------------------MEMCG-----------------------
MEM ONLY  : 1183 MB
MEM+SWAP  : 2023 MB
cache 6438912
rss 1234796544
rss_huge 0
mapped_file 3022848
writeback 0
swap 880594944
pgpgin 601869
pgpgout 298833
pgfault 709624
pgmajfault 5538
inactive_anon 329392128
active_anon 905408512
inactive_file 1404928
active_file 5029888
unevictable 0
hierarchical_memory_limit 6442450944
hierarchical_memsw_limit 32212254720
total_cache 6438912
total_rss 1234796544
total_rss_huge 0
total_mapped_file 3022848
total_writeback 0
total_swap 880594944
total_pgpgin 601869
total_pgpgout 298833
total_pgfault 709624
total_pgmajfault 5538
total_inactive_anon 329392128
total_active_anon 905408512
total_inactive_file 1404928
total_active_file 5029888
total_unevictable 0
--------------------BLKIO-----------------------
11:0 Read 0
11:0 Write 0
11:0 Sync 0
11:0 Async 0
11:0 Total 0
253:0 Read 56741888
253:0 Write 84647936
253:0 Sync 0
253:0 Async 141389824
253:0 Total 141389824
Total 141389824
--------------------CPUAC-----------------------
user 739
system 1331
 
Fri May 19 19:40:47 IST 2017
--------------------MEMCG-----------------------
MEM ONLY  : 1176 MB
MEM+SWAP  : 2023 MB
cache 6438912
rss 1226842112
rss_huge 0
mapped_file 3022848
writeback 0
swap 888549376
pgpgin 601869
pgpgout 300775
pgfault 709624
pgmajfault 5538
inactive_anon 327237632
active_anon 899608576
inactive_file 1404928
active_file 5029888
unevictable 0
hierarchical_memory_limit 6442450944
hierarchical_memsw_limit 32212254720
total_cache 6438912
total_rss 1226842112
total_rss_huge 0
total_mapped_file 3022848
total_writeback 0
total_swap 888549376
total_pgpgin 601869
total_pgpgout 300775
total_pgfault 709624
total_pgmajfault 5538
total_inactive_anon 327237632
total_active_anon 899608576
total_inactive_file 1404928
total_active_file 5029888
total_unevictable 0
--------------------BLKIO-----------------------
11:0 Read 0
11:0 Write 0
11:0 Sync 0
11:0 Async 0
11:0 Total 0
253:0 Read 56741888
253:0 Write 84647936
253:0 Sync 0
253:0 Async 141389824
253:0 Total 141389824
Total 141389824
--------------------CPUAC-----------------------
user 739
system 1332
 
Fri May 19 19:41:17 IST 2017
--------------------MEMCG-----------------------
MEM ONLY  : 1159 MB
MEM+SWAP  : 2023 MB
cache 6438912
rss 1209319424
rss_huge 0
mapped_file 3022848
writeback 0
swap 906072064
pgpgin 601869
pgpgout 305053
pgfault 709624
pgmajfault 5538
inactive_anon 322428928
active_anon 886894592
inactive_file 1404928
active_file 5029888
unevictable 0
hierarchical_memory_limit 6442450944
hierarchical_memsw_limit 32212254720
total_cache 6438912
total_rss 1209319424
total_rss_huge 0
total_mapped_file 3022848
total_writeback 0
total_swap 906072064
total_pgpgin 601869
total_pgpgout 305053
total_pgfault 709624
total_pgmajfault 5538
total_inactive_anon 322428928
total_active_anon 886894592
total_inactive_file 1404928
total_active_file 5029888
total_unevictable 0
--------------------BLKIO-----------------------
11:0 Read 0
11:0 Write 0
11:0 Sync 0
11:0 Async 0
11:0 Total 0
253:0 Read 56741888
253:0 Write 84647936
253:0 Sync 0
253:0 Async 141389824
253:0 Total 141389824
Total 141389824
--------------------CPUAC-----------------------
user 740
system 1332
 
Fri May 19 19:41:47 IST 2017
--------------------MEMCG-----------------------
MEM ONLY  : 1145 MB
MEM+SWAP  : 2023 MB
cache 6438912
rss 1195122688
rss_huge 0
mapped_file 3022848
writeback 0
swap 920268800
pgpgin 601869
pgpgout 308519
pgfault 709624
pgmajfault 5538
inactive_anon 318406656
active_anon 876720128
inactive_file 1404928
active_file 5029888
unevictable 0
hierarchical_memory_limit 6442450944
hierarchical_memsw_limit 32212254720
total_cache 6438912
total_rss 1195122688
total_rss_huge 0
total_mapped_file 3022848
total_writeback 0
total_swap 920268800
total_pgpgin 601869
total_pgpgout 308519
total_pgfault 709624
total_pgmajfault 5538
total_inactive_anon 318406656
total_active_anon 876720128
total_inactive_file 1404928
total_active_file 5029888
total_unevictable 0
--------------------BLKIO-----------------------
11:0 Read 0
11:0 Write 0
11:0 Sync 0
11:0 Async 0
11:0 Total 0
253:0 Read 56741888
253:0 Write 84647936
253:0 Sync 0
253:0 Async 141389824
253:0 Total 141389824
Total 141389824
--------------------CPUAC-----------------------
user 741
system 1333
 
Fri May 19 19:42:17 IST 2017
--------------------MEMCG-----------------------
MEM ONLY  : 1133 MB
MEM+SWAP  : 2023 MB
cache 6438912
rss 1181892608
rss_huge 0
mapped_file 3022848
writeback 0
swap 933498880
pgpgin 601869
pgpgout 311749
pgfault 709624
pgmajfault 5538
inactive_anon 314839040
active_anon 867057664
inactive_file 1404928
active_file 5029888
unevictable 0
hierarchical_memory_limit 6442450944
hierarchical_memsw_limit 32212254720
total_cache 6438912
total_rss 1181892608
total_rss_huge 0
total_mapped_file 3022848
total_writeback 0
total_swap 933498880
total_pgpgin 601869
total_pgpgout 311749
total_pgfault 709624
total_pgmajfault 5538
total_inactive_anon 314839040
total_active_anon 867057664
total_inactive_file 1404928
total_active_file 5029888
total_unevictable 0
--------------------BLKIO-----------------------
11:0 Read 0
11:0 Write 0
11:0 Sync 0
11:0 Async 0
11:0 Total 0
253:0 Read 56741888
253:0 Write 84647936
253:0 Sync 0
253:0 Async 141389824
253:0 Total 141389824
Total 141389824
--------------------CPUAC-----------------------
user 742
system 1334
 
Fri May 19 19:42:47 IST 2017
--------------------MEMCG-----------------------
MEM ONLY  : 1121 MB
MEM+SWAP  : 2023 MB
cache 6438912
rss 1169252352
rss_huge 0
mapped_file 3022848
writeback 0
swap 946139136
pgpgin 601869
pgpgout 314835
pgfault 709624
pgmajfault 5538
inactive_anon 311246848
active_anon 858009600
inactive_file 1404928
active_file 5029888
unevictable 0
hierarchical_memory_limit 6442450944
hierarchical_memsw_limit 32212254720
total_cache 6438912
total_rss 1169252352
total_rss_huge 0
total_mapped_file 3022848
total_writeback 0
total_swap 946139136
total_pgpgin 601869
total_pgpgout 314835
total_pgfault 709624
total_pgmajfault 5538
total_inactive_anon 311246848
total_active_anon 858009600
total_inactive_file 1404928
total_active_file 5029888
total_unevictable 0
--------------------BLKIO-----------------------
11:0 Read 0
11:0 Write 0
11:0 Sync 0
11:0 Async 0
11:0 Total 0
253:0 Read 56741888
253:0 Write 84647936
253:0 Sync 0
253:0 Async 141389824
253:0 Total 141389824
Total 141389824
--------------------CPUAC-----------------------
user 743
system 1334
 
Fri May 19 19:43:17 IST 2017
--------------------MEMCG-----------------------
MEM ONLY  : 1107 MB
MEM+SWAP  : 2023 MB
cache 6438912
rss 1155330048
rss_huge 0
mapped_file 3022848
writeback 0
swap 960061440
pgpgin 601869
pgpgout 318234
pgfault 709624
pgmajfault 5538
inactive_anon 307433472
active_anon 847900672
inactive_file 1404928
active_file 5029888
unevictable 0
hierarchical_memory_limit 6442450944
hierarchical_memsw_limit 32212254720
total_cache 6438912
total_rss 1155330048
total_rss_huge 0
total_mapped_file 3022848
total_writeback 0
total_swap 960061440
total_pgpgin 601869
total_pgpgout 318234
total_pgfault 709624
total_pgmajfault 5538
total_inactive_anon 307433472
total_active_anon 847900672
total_inactive_file 1404928
total_active_file 5029888
total_unevictable 0
--------------------BLKIO-----------------------
11:0 Read 0
11:0 Write 0
11:0 Sync 0
11:0 Async 0
11:0 Total 0
253:0 Read 56741888
253:0 Write 84647936
253:0 Sync 0
253:0 Async 141389824
253:0 Total 141389824
Total 141389824
--------------------CPUAC-----------------------
user 743
system 1334
 
