Tue May 16 19:51:45 IST 2017
--------------------MEMCG-----------------------
MEM ONLY  : 1535 MB
MEM+SWAP  : 1902 MB
cache 18776064
rss 1591525376
rss_huge 0
mapped_file 5971968
writeback 0
swap 384593920
pgpgin 588313
pgpgout 195173
pgfault 691469
pgmajfault 4095
inactive_anon 434593792
active_anon 1156886528
inactive_file 2387968
active_file 16388096
unevictable 0
hierarchical_memory_limit 1610612736
hierarchical_memsw_limit 5368709120
total_cache 18776064
total_rss 1591525376
total_rss_huge 0
total_mapped_file 5971968
total_writeback 0
total_swap 384593920
total_pgpgin 588313
total_pgpgout 195173
total_pgfault 691469
total_pgmajfault 4095
total_inactive_anon 434593792
total_active_anon 1156886528
total_inactive_file 2387968
total_active_file 16388096
total_unevictable 0
--------------------BLKIO-----------------------
11:0 Read 0
11:0 Write 0
11:0 Sync 0
11:0 Async 0
11:0 Total 0
253:0 Read 85176320
253:0 Write 6636863488
253:0 Sync 6235447296
253:0 Async 486592512
253:0 Total 6722039808
Total 6722039808
--------------------CPUAC-----------------------
user 8128
system 4722
 
Tue May 16 19:52:15 IST 2017
--------------------MEMCG-----------------------
MEM ONLY  : 1535 MB
MEM+SWAP  : 1903 MB
cache 18690048
rss 1591627776
rss_huge 0
mapped_file 5947392
writeback 0
swap 385404928
pgpgin 593986
pgpgout 200842
pgfault 704566
pgmajfault 9033
inactive_anon 434565120
active_anon 1157062656
inactive_file 2928640
active_file 15761408
unevictable 0
hierarchical_memory_limit 1610612736
hierarchical_memsw_limit 5368709120
total_cache 18690048
total_rss 1591627776
total_rss_huge 0
total_mapped_file 5947392
total_writeback 0
total_swap 385404928
total_pgpgin 593986
total_pgpgout 200842
total_pgfault 704566
total_pgmajfault 9033
total_inactive_anon 434565120
total_active_anon 1157062656
total_inactive_file 2928640
total_active_file 15761408
total_unevictable 0
--------------------BLKIO-----------------------
11:0 Read 0
11:0 Write 0
11:0 Sync 0
11:0 Async 0
11:0 Total 0
253:0 Read 111042560
253:0 Write 6674960384
253:0 Sync 6248841216
253:0 Async 537161728
253:0 Total 6786002944
Total 6786002944
--------------------CPUAC-----------------------
user 8195
system 4780
 
Tue May 16 19:52:45 IST 2017
--------------------MEMCG-----------------------
MEM ONLY  : 1535 MB
MEM+SWAP  : 1904 MB
cache 18632704
rss 1591885824
rss_huge 0
mapped_file 5861376
writeback 0
swap 386416640
pgpgin 598310
pgpgout 205117
pgfault 714574
pgmajfault 12700
inactive_anon 434331648
active_anon 1157554176
inactive_file 3473408
active_file 15159296
unevictable 0
hierarchical_memory_limit 1610612736
hierarchical_memsw_limit 5368709120
total_cache 18632704
total_rss 1591885824
total_rss_huge 0
total_mapped_file 5861376
total_writeback 0
total_swap 386416640
total_pgpgin 598310
total_pgpgout 205117
total_pgfault 714574
total_pgmajfault 12700
total_inactive_anon 434331648
total_active_anon 1157554176
total_inactive_file 3473408
total_active_file 15159296
total_unevictable 0
--------------------BLKIO-----------------------
11:0 Read 0
11:0 Write 0
11:0 Sync 0
11:0 Async 0
11:0 Total 0
253:0 Read 129925120
253:0 Write 6716575744
253:0 Sync 6271553536
253:0 Async 574947328
253:0 Total 6846500864
Total 6846500864
--------------------CPUAC-----------------------
user 8276
system 4834
 
Tue May 16 19:53:15 IST 2017
--------------------MEMCG-----------------------
MEM ONLY  : 1535 MB
MEM+SWAP  : 1905 MB
cache 18419712
rss 1592107008
rss_huge 0
mapped_file 5648384
writeback 0
swap 387883008
pgpgin 603286
pgpgout 210091
pgfault 725813
pgmajfault 16745
inactive_anon 434122752
active_anon 1157984256
inactive_file 3035136
active_file 15384576
unevictable 0
hierarchical_memory_limit 1610612736
hierarchical_memsw_limit 5368709120
total_cache 18419712
total_rss 1592107008
total_rss_huge 0
total_mapped_file 5648384
total_writeback 0
total_swap 387883008
total_pgpgin 603286
total_pgpgout 210091
total_pgfault 725813
total_pgmajfault 16745
total_inactive_anon 434122752
total_active_anon 1157984256
total_inactive_file 3035136
total_active_file 15384576
total_unevictable 0
--------------------BLKIO-----------------------
11:0 Read 0
11:0 Write 0
11:0 Sync 0
11:0 Async 0
11:0 Total 0
253:0 Read 151937024
253:0 Write 6769451008
253:0 Sync 6299787264
253:0 Async 621600768
253:0 Total 6921388032
Total 6921388032
--------------------CPUAC-----------------------
user 8361
system 4895
 
Tue May 16 19:53:45 IST 2017
--------------------MEMCG-----------------------
MEM ONLY  : 1535 MB
MEM+SWAP  : 1907 MB
cache 18325504
rss 1592147968
rss_huge 0
mapped_file 5554176
writeback 0
swap 389447680
pgpgin 607923
pgpgout 214741
pgfault 734840
pgmajfault 19768
inactive_anon 433393664
active_anon 1158750208
inactive_file 3317760
active_file 15007744
unevictable 0
hierarchical_memory_limit 1610612736
hierarchical_memsw_limit 5368709120
total_cache 18325504
total_rss 1592147968
total_rss_huge 0
total_mapped_file 5554176
total_writeback 0
total_swap 389447680
total_pgpgin 607923
total_pgpgout 214741
total_pgfault 734840
total_pgmajfault 19768
total_inactive_anon 433393664
total_active_anon 1158750208
total_inactive_file 3317760
total_active_file 15007744
total_unevictable 0
--------------------BLKIO-----------------------
11:0 Read 0
11:0 Write 0
11:0 Sync 0
11:0 Async 0
11:0 Total 0
253:0 Read 175652864
253:0 Write 6813282304
253:0 Sync 6331994112
253:0 Async 656941056
253:0 Total 6988935168
Total 6988935168
--------------------CPUAC-----------------------
user 8460
system 4974
 
Tue May 16 19:54:15 IST 2017
--------------------MEMCG-----------------------
MEM ONLY  : 1535 MB
MEM+SWAP  : 1908 MB
cache 18173952
rss 1592139776
rss_huge 0
mapped_file 5402624
writeback 0
swap 391274496
pgpgin 612049
pgpgout 218906
pgfault 742671
pgmajfault 22333
inactive_anon 432693248
active_anon 1159446528
inactive_file 3903488
active_file 14270464
unevictable 0
hierarchical_memory_limit 1610612736
hierarchical_memsw_limit 5368709120
total_cache 18173952
total_rss 1592139776
total_rss_huge 0
total_mapped_file 5402624
total_writeback 0
total_swap 391274496
total_pgpgin 612049
total_pgpgout 218906
total_pgfault 742671
total_pgmajfault 22333
total_inactive_anon 432693248
total_active_anon 1159446528
total_inactive_file 3903488
total_active_file 14270464
total_unevictable 0
--------------------BLKIO-----------------------
11:0 Read 0
11:0 Write 0
11:0 Sync 0
11:0 Async 0
11:0 Total 0
253:0 Read 195928064
253:0 Write 6861979648
253:0 Sync 6362640384
253:0 Async 695267328
253:0 Total 7057907712
Total 7057907712
--------------------CPUAC-----------------------
user 8551
system 5049
 
Tue May 16 19:54:45 IST 2017
--------------------MEMCG-----------------------
MEM ONLY  : 1535 MB
MEM+SWAP  : 1910 MB
cache 18108416
rss 1592279040
rss_huge 0
mapped_file 5337088
writeback 0
swap 392773632
pgpgin 615220
pgpgout 222059
pgfault 748764
pgmajfault 24180
inactive_anon 432373760
active_anon 1159905280
inactive_file 3981312
active_file 14127104
unevictable 0
hierarchical_memory_limit 1610612736
hierarchical_memsw_limit 5368709120
total_cache 18108416
total_rss 1592279040
total_rss_huge 0
total_mapped_file 5337088
total_writeback 0
total_swap 392773632
total_pgpgin 615220
total_pgpgout 222059
total_pgfault 748764
total_pgmajfault 24180
total_inactive_anon 432373760
total_active_anon 1159905280
total_inactive_file 3981312
total_active_file 14127104
total_unevictable 0
--------------------BLKIO-----------------------
11:0 Read 0
11:0 Write 0
11:0 Sync 0
11:0 Async 0
11:0 Total 0
253:0 Read 211312640
253:0 Write 6934413312
253:0 Sync 6418378752
253:0 Async 727347200
253:0 Total 7145725952
Total 7145725952
--------------------CPUAC-----------------------
user 8634
system 5126
 
Tue May 16 19:55:15 IST 2017
--------------------MEMCG-----------------------
MEM ONLY  : 1535 MB
MEM+SWAP  : 1911 MB
cache 18042880
rss 1592500224
rss_huge 0
mapped_file 5328896
writeback 0
swap 393404416
pgpgin 619254
pgpgout 226055
pgfault 756311
pgmajfault 26524
inactive_anon 431955968
active_anon 1160544256
inactive_file 5177344
active_file 12865536
unevictable 0
hierarchical_memory_limit 1610612736
hierarchical_memsw_limit 5368709120
total_cache 18042880
total_rss 1592500224
total_rss_huge 0
total_mapped_file 5328896
total_writeback 0
total_swap 393404416
total_pgpgin 619254
total_pgpgout 226055
total_pgfault 756311
total_pgmajfault 26524
total_inactive_anon 431955968
total_active_anon 1160544256
total_inactive_file 5177344
total_active_file 12865536
total_unevictable 0
--------------------BLKIO-----------------------
11:0 Read 0
11:0 Write 0
11:0 Sync 0
11:0 Async 0
11:0 Total 0
253:0 Read 232681472
253:0 Write 6990848000
253:0 Sync 6455910400
253:0 Async 767619072
253:0 Total 7223529472
Total 7223529472
--------------------CPUAC-----------------------
user 8730
system 5197
 
Tue May 16 19:55:45 IST 2017
--------------------MEMCG-----------------------
MEM ONLY  : 1535 MB
MEM+SWAP  : 1911 MB
cache 18010112
rss 1592426496
rss_huge 0
mapped_file 5328896
writeback 12288
swap 394137600
pgpgin 623047
pgpgout 229874
pgfault 762989
pgmajfault 28531
inactive_anon 431837184
active_anon 1160589312
inactive_file 3870720
active_file 14139392
unevictable 0
hierarchical_memory_limit 1610612736
hierarchical_memsw_limit 5368709120
total_cache 18010112
total_rss 1592426496
total_rss_huge 0
total_mapped_file 5328896
total_writeback 12288
total_swap 394137600
total_pgpgin 623047
total_pgpgout 229874
total_pgfault 762989
total_pgmajfault 28531
total_inactive_anon 431837184
total_active_anon 1160589312
total_inactive_file 3870720
total_active_file 14139392
total_unevictable 0
--------------------BLKIO-----------------------
11:0 Read 0
11:0 Write 0
11:0 Sync 0
11:0 Async 0
11:0 Total 0
253:0 Read 253427712
253:0 Write 7049228288
253:0 Sync 6501785600
253:0 Async 800870400
253:0 Total 7302656000
Total 7302656000
--------------------CPUAC-----------------------
user 8829
system 5276
 
Tue May 16 19:56:15 IST 2017
--------------------MEMCG-----------------------
MEM ONLY  : 1535 MB
MEM+SWAP  : 1912 MB
cache 17915904
rss 1592446976
rss_huge 0
mapped_file 5328896
writeback 0
swap 394559488
pgpgin 627099
pgpgout 233944
pgfault 770190
pgmajfault 30499
inactive_anon 431288320
active_anon 1161158656
inactive_file 2985984
active_file 14929920
unevictable 0
hierarchical_memory_limit 1610612736
hierarchical_memsw_limit 5368709120
total_cache 17915904
total_rss 1592446976
total_rss_huge 0
total_mapped_file 5328896
total_writeback 0
total_swap 394559488
total_pgpgin 627099
total_pgpgout 233944
total_pgfault 770190
total_pgmajfault 30499
total_inactive_anon 431288320
total_active_anon 1161158656
total_inactive_file 2985984
total_active_file 14929920
total_unevictable 0
--------------------BLKIO-----------------------
11:0 Read 0
11:0 Write 0
11:0 Sync 0
11:0 Async 0
11:0 Total 0
253:0 Read 275906560
253:0 Write 7128465408
253:0 Sync 6551797760
253:0 Async 852574208
253:0 Total 7404371968
Total 7404371968
--------------------CPUAC-----------------------
user 8914
system 5350
 
Tue May 16 19:56:45 IST 2017
--------------------MEMCG-----------------------
MEM ONLY  : 1535 MB
MEM+SWAP  : 1912 MB
cache 18010112
rss 1592471552
rss_huge 0
mapped_file 5328896
writeback 0
swap 395087872
pgpgin 631051
pgpgout 237867
pgfault 776868
pgmajfault 32265
inactive_anon 431099904
active_anon 1161371648
inactive_file 770048
active_file 17240064
unevictable 0
hierarchical_memory_limit 1610612736
hierarchical_memsw_limit 5368709120
total_cache 18010112
total_rss 1592471552
total_rss_huge 0
total_mapped_file 5328896
total_writeback 0
total_swap 395087872
total_pgpgin 631051
total_pgpgout 237867
total_pgfault 776868
total_pgmajfault 32265
total_inactive_anon 431099904
total_active_anon 1161371648
total_inactive_file 770048
total_active_file 17240064
total_unevictable 0
--------------------BLKIO-----------------------
11:0 Read 0
11:0 Write 0
11:0 Sync 0
11:0 Async 0
11:0 Total 0
253:0 Read 296960000
253:0 Write 7182860288
253:0 Sync 6604312576
253:0 Async 875507712
253:0 Total 7479820288
Total 7479820288
--------------------CPUAC-----------------------
user 9017
system 5425
 
Tue May 16 19:57:15 IST 2017
--------------------MEMCG-----------------------
MEM ONLY  : 1535 MB
MEM+SWAP  : 1913 MB
cache 17887232
rss 1592467456
rss_huge 0
mapped_file 5328896
writeback 0
swap 395587584
pgpgin 634620
pgpgout 241467
pgfault 783560
pgmajfault 33860
inactive_anon 430690304
active_anon 1161777152
inactive_file 2064384
active_file 15822848
unevictable 0
hierarchical_memory_limit 1610612736
hierarchical_memsw_limit 5368709120
total_cache 17887232
total_rss 1592467456
total_rss_huge 0
total_mapped_file 5328896
total_writeback 0
total_swap 395587584
total_pgpgin 634620
total_pgpgout 241467
total_pgfault 783560
total_pgmajfault 33860
total_inactive_anon 430690304
total_active_anon 1161777152
total_inactive_file 2064384
total_active_file 15822848
total_unevictable 0
--------------------BLKIO-----------------------
11:0 Read 0
11:0 Write 0
11:0 Sync 0
11:0 Async 0
11:0 Total 0
253:0 Read 315482112
253:0 Write 7293874176
253:0 Sync 6657454080
253:0 Async 951902208
253:0 Total 7609356288
Total 7609356288
--------------------CPUAC-----------------------
user 9120
system 5511
 
Tue May 16 19:57:45 IST 2017
--------------------MEMCG-----------------------
MEM ONLY  : 1535 MB
MEM+SWAP  : 1913 MB
cache 17895424
rss 1592418304
rss_huge 0
mapped_file 5328896
writeback 0
swap 396238848
pgpgin 638023
pgpgout 244880
pgfault 789477
pgmajfault 35275
inactive_anon 430776320
active_anon 1161641984
inactive_file 1966080
active_file 15929344
unevictable 0
hierarchical_memory_limit 1610612736
hierarchical_memsw_limit 5368709120
total_cache 17895424
total_rss 1592418304
total_rss_huge 0
total_mapped_file 5328896
total_writeback 0
total_swap 396238848
total_pgpgin 638023
total_pgpgout 244880
total_pgfault 789477
total_pgmajfault 35275
total_inactive_anon 430776320
total_active_anon 1161641984
total_inactive_file 1966080
total_active_file 15929344
total_unevictable 0
--------------------BLKIO-----------------------
11:0 Read 0
11:0 Write 0
11:0 Sync 0
11:0 Async 0
11:0 Total 0
253:0 Read 332730368
253:0 Write 7347150848
253:0 Sync 6710730752
253:0 Async 969150464
253:0 Total 7679881216
Total 7679881216
--------------------CPUAC-----------------------
user 9220
system 5595
 
Tue May 16 19:58:15 IST 2017
--------------------MEMCG-----------------------
MEM ONLY  : 1536 MB
MEM+SWAP  : 1914 MB
cache 17895424
rss 1592717312
rss_huge 0
mapped_file 5328896
writeback 0
swap 396513280
pgpgin 641447
pgpgout 248231
pgfault 795431
pgmajfault 36601
inactive_anon 430804992
active_anon 1161908224
inactive_file 1966080
active_file 15929344
unevictable 0
hierarchical_memory_limit 1610612736
hierarchical_memsw_limit 5368709120
total_cache 17895424
total_rss 1592717312
total_rss_huge 0
total_mapped_file 5328896
total_writeback 0
total_swap 396513280
total_pgpgin 641447
total_pgpgout 248231
total_pgfault 795431
total_pgmajfault 36601
total_inactive_anon 430804992
total_active_anon 1161908224
total_inactive_file 1966080
total_active_file 15929344
total_unevictable 0
--------------------BLKIO-----------------------
11:0 Read 0
11:0 Write 0
11:0 Sync 0
11:0 Async 0
11:0 Total 0
253:0 Read 349851648
253:0 Write 7405404160
253:0 Sync 6768984064
253:0 Async 986271744
253:0 Total 7755255808
Total 7755255808
--------------------CPUAC-----------------------
user 9322
system 5680
 
Tue May 16 19:58:45 IST 2017
--------------------MEMCG-----------------------
MEM ONLY  : 1535 MB
MEM+SWAP  : 1914 MB
cache 17879040
rss 1592520704
rss_huge 0
mapped_file 5328896
writeback 0
swap 397299712
pgpgin 644873
pgpgout 251709
pgfault 801290
pgmajfault 37989
inactive_anon 430051328
active_anon 1162469376
inactive_file 2400256
active_file 15478784
unevictable 0
hierarchical_memory_limit 1610612736
hierarchical_memsw_limit 5368709120
total_cache 17879040
total_rss 1592520704
total_rss_huge 0
total_mapped_file 5328896
total_writeback 0
total_swap 397299712
total_pgpgin 644873
total_pgpgout 251709
total_pgfault 801290
total_pgmajfault 37989
total_inactive_anon 430051328
total_active_anon 1162469376
total_inactive_file 2400256
total_active_file 15478784
total_unevictable 0
--------------------BLKIO-----------------------
11:0 Read 0
11:0 Write 0
11:0 Sync 0
11:0 Async 0
11:0 Total 0
253:0 Read 367063040
253:0 Write 7468646400
253:0 Sync 6828150784
253:0 Async 1007558656
253:0 Total 7835709440
Total 7835709440
--------------------CPUAC-----------------------
user 9421
system 5761
 
Tue May 16 19:59:15 IST 2017
--------------------MEMCG-----------------------
MEM ONLY  : 1535 MB
MEM+SWAP  : 1915 MB
cache 17567744
rss 1592766464
rss_huge 0
mapped_file 5328896
writeback 0
swap 397742080
pgpgin 648147
pgpgout 254999
pgfault 806820
pgmajfault 39143
inactive_anon 429293568
active_anon 1163472896
inactive_file 4239360
active_file 13328384
unevictable 0
hierarchical_memory_limit 1610612736
hierarchical_memsw_limit 5368709120
total_cache 17567744
total_rss 1592766464
total_rss_huge 0
total_mapped_file 5328896
total_writeback 0
total_swap 397742080
total_pgpgin 648147
total_pgpgout 254999
total_pgfault 806820
total_pgmajfault 39143
total_inactive_anon 429293568
total_active_anon 1163472896
total_inactive_file 4239360
total_active_file 13328384
total_unevictable 0
--------------------BLKIO-----------------------
11:0 Read 0
11:0 Write 0
11:0 Sync 0
11:0 Async 0
11:0 Total 0
253:0 Read 382590976
253:0 Write 7540477952
253:0 Sync 6886899712
253:0 Async 1036169216
253:0 Total 7923068928
Total 7923068928
--------------------CPUAC-----------------------
user 9536
system 5850
 
Tue May 16 19:59:45 IST 2017
--------------------MEMCG-----------------------
MEM ONLY  : 1535 MB
MEM+SWAP  : 1914 MB
cache 16384000
rss 1593958400
rss_huge 0
mapped_file 5324800
writeback 2207744
swap 397176832
pgpgin 651245
pgpgout 258095
pgfault 812006
pgmajfault 40331
inactive_anon 429735936
active_anon 1164222464
inactive_file 4964352
active_file 11419648
unevictable 0
hierarchical_memory_limit 1610612736
hierarchical_memsw_limit 5368709120
total_cache 16384000
total_rss 1593958400
total_rss_huge 0
total_mapped_file 5324800
total_writeback 2207744
total_swap 397176832
total_pgpgin 651245
total_pgpgout 258095
total_pgfault 812006
total_pgmajfault 40331
total_inactive_anon 429735936
total_active_anon 1164222464
total_inactive_file 4964352
total_active_file 11419648
total_unevictable 0
--------------------BLKIO-----------------------
11:0 Read 0
11:0 Write 0
11:0 Sync 0
11:0 Async 0
11:0 Total 0
253:0 Read 398393344
253:0 Write 7612649472
253:0 Sync 6946689024
253:0 Async 1064353792
253:0 Total 8011042816
Total 8011042816
--------------------CPUAC-----------------------
user 9650
system 5946
 
Tue May 16 20:00:15 IST 2017
--------------------MEMCG-----------------------
MEM ONLY  : 1535 MB
MEM+SWAP  : 1914 MB
cache 15671296
rss 1594634240
rss_huge 0
mapped_file 5279744
writeback 0
swap 397156352
pgpgin 653944
pgpgout 260803
pgfault 816387
pgmajfault 41273
inactive_anon 429842432
active_anon 1164791808
inactive_file 6320128
active_file 9351168
unevictable 0
hierarchical_memory_limit 1610612736
hierarchical_memsw_limit 5368709120
total_cache 15671296
total_rss 1594634240
total_rss_huge 0
total_mapped_file 5279744
total_writeback 0
total_swap 397156352
total_pgpgin 653944
total_pgpgout 260803
total_pgfault 816387
total_pgmajfault 41273
total_inactive_anon 429842432
total_active_anon 1164791808
total_inactive_file 6320128
total_active_file 9351168
total_unevictable 0
--------------------BLKIO-----------------------
11:0 Read 0
11:0 Write 0
11:0 Sync 0
11:0 Async 0
11:0 Total 0
253:0 Read 410689536
253:0 Write 7679078400
253:0 Sync 7005470720
253:0 Async 1084297216
253:0 Total 8089767936
Total 8089767936
--------------------CPUAC-----------------------
user 9765
system 6030
 
Tue May 16 20:00:45 IST 2017
--------------------MEMCG-----------------------
MEM ONLY  : 1535 MB
MEM+SWAP  : 1914 MB
cache 14667776
rss 1595863040
rss_huge 0
mapped_file 5038080
writeback 0
swap 396550144
pgpgin 657358
pgpgout 264162
pgfault 821312
pgmajfault 42292
inactive_anon 429543424
active_anon 1166319616
inactive_file 6057984
active_file 8609792
unevictable 0
hierarchical_memory_limit 1610612736
hierarchical_memsw_limit 5368709120
total_cache 14667776
total_rss 1595863040
total_rss_huge 0
total_mapped_file 5038080
total_writeback 0
total_swap 396550144
total_pgpgin 657358
total_pgpgout 264162
total_pgfault 821312
total_pgmajfault 42292
total_inactive_anon 429543424
total_active_anon 1166319616
total_inactive_file 6057984
total_active_file 8609792
total_unevictable 0
--------------------BLKIO-----------------------
11:0 Read 0
11:0 Write 0
11:0 Sync 0
11:0 Async 0
11:0 Total 0
253:0 Read 425881600
253:0 Write 7754858496
253:0 Sync 7070040064
253:0 Async 1110700032
253:0 Total 8180740096
Total 8180740096
--------------------CPUAC-----------------------
user 9877
system 6127
 
Tue May 16 20:01:15 IST 2017
--------------------MEMCG-----------------------
MEM ONLY  : 1535 MB
MEM+SWAP  : 1911 MB
cache 11792384
rss 1598574592
rss_huge 0
mapped_file 4096000
writeback 475136
swap 394493952
pgpgin 661073
pgpgout 267917
pgfault 826315
pgmajfault 43246
inactive_anon 429649920
active_anon 1168920576
inactive_file 5550080
active_file 6242304
unevictable 0
hierarchical_memory_limit 1610612736
hierarchical_memsw_limit 5368709120
total_cache 11792384
total_rss 1598574592
total_rss_huge 0
total_mapped_file 4096000
total_writeback 475136
total_swap 394493952
total_pgpgin 661073
total_pgpgout 267917
total_pgfault 826315
total_pgmajfault 43246
total_inactive_anon 429649920
total_active_anon 1168920576
total_inactive_file 5550080
total_active_file 6242304
total_unevictable 0
--------------------BLKIO-----------------------
11:0 Read 0
11:0 Write 0
11:0 Sync 0
11:0 Async 0
11:0 Total 0
253:0 Read 440324096
253:0 Write 7819374592
253:0 Sync 7124803584
253:0 Async 1134895104
253:0 Total 8259698688
Total 8259698688
--------------------CPUAC-----------------------
user 9986
system 6217
 
Tue May 16 20:01:45 IST 2017
--------------------MEMCG-----------------------
MEM ONLY  : 1535 MB
MEM+SWAP  : 1914 MB
cache 13803520
rss 1596559360
rss_huge 0
mapped_file 2920448
writeback 0
swap 397058048
pgpgin 664801
pgpgout 271646
pgfault 831227
pgmajfault 44307
inactive_anon 428507136
active_anon 1168052224
inactive_file 4661248
active_file 9142272
unevictable 0
hierarchical_memory_limit 1610612736
hierarchical_memsw_limit 5368709120
total_cache 13803520
total_rss 1596559360
total_rss_huge 0
total_mapped_file 2920448
total_writeback 0
total_swap 397058048
total_pgpgin 664801
total_pgpgout 271646
total_pgfault 831227
total_pgmajfault 44307
total_inactive_anon 428507136
total_active_anon 1168052224
total_inactive_file 4661248
total_active_file 9142272
total_unevictable 0
--------------------BLKIO-----------------------
11:0 Read 0
11:0 Write 0
11:0 Sync 0
11:0 Async 0
11:0 Total 0
253:0 Read 454377472
253:0 Write 7894519808
253:0 Sync 7185846272
253:0 Async 1163051008
253:0 Total 8348897280
Total 8348897280
--------------------CPUAC-----------------------
user 10092
system 6306
 
