/usr/lib/jvm/java-7-openjdk-amd64/bin/java -cp /home/vm1/clients/ycsb_redis/redis-binding/conf:/home/vm1/clients/ycsb_redis/conf:/home/vm1/clients/ycsb_redis/lib/commons-pool-1.5.5.jar:/home/vm1/clients/ycsb_redis/lib/jackson-mapper-asl-1.9.4.jar:/home/vm1/clients/ycsb_redis/lib/redis-binding-0.13.0-SNAPSHOT.jar:/home/vm1/clients/ycsb_redis/lib/jackson-core-asl-1.9.4.jar:/home/vm1/clients/ycsb_redis/lib/htrace-core4-4.1.0-incubating.jar:/home/vm1/clients/ycsb_redis/lib/jedis-2.0.0.jar:/home/vm1/clients/ycsb_redis/lib/HdrHistogram-2.1.4.jar:/home/vm1/clients/ycsb_redis/lib/core-0.13.0-SNAPSHOT.jar com.yahoo.ycsb.Client -db com.yahoo.ycsb.db.RedisClient -s -P /home/vm1/clients/ycsb_redis/workloads/workload1 -p redis.host=10.0.3.168 -p redis.port=6379 -load
Command line: -db com.yahoo.ycsb.db.RedisClient -s -P /home/vm1/clients/ycsb_redis/workloads/workload1 -p redis.host=10.0.3.168 -p redis.port=6379 -loadYCSB Client 0.13.0-SNAPSHOT

Loading workload...
Starting test.
DBWrapper: report latency for each error is false and specific error codes to track for latency are: []
2017-05-19 21:26:50:469 0 sec: 0 operations; est completion in 0 seconds 
2017-05-19 21:27:00:432 10 sec: 57707 operations; 5770.7 current ops/sec; est completion in 25 seconds [INSERT: Count=57713, Max=24143, Min=128, Avg=162.69, 90=190, 99=370, 99.9=1096, 99.99=4027] 
2017-05-19 21:27:10:432 20 sec: 122881 operations; 6517.4 current ops/sec; est completion in 13 seconds [INSERT: Count=65171, Max=2293, Min=128, Avg=147.31, 90=159, 99=204, 99.9=325, 99.99=1903] 
2017-05-19 21:27:20:432 30 sec: 187512 operations; 6463.1 current ops/sec; est completion in 2 seconds [INSERT: Count=64630, Max=12175, Min=128, Avg=149.36, 90=162, 99=207, 99.9=332, 99.99=2181] 
2017-05-19 21:27:22:337 31 sec: 200000 operations; 6555.38 current ops/sec; [CLEANUP: Count=1, Max=180, Min=180, Avg=180, 90=180, 99=180, 99.9=180, 99.99=180] [INSERT: Count=12486, Max=1707, Min=132, Avg=147.42, 90=159, 99=205, 99.9=323, 99.99=1693] 
[OVERALL], RunTime(ms), 31907.0
[OVERALL], Throughput(ops/sec), 6268.217005672736
[TOTAL_GCS_PS_Scavenge], Count, 33.0
[TOTAL_GC_TIME_PS_Scavenge], Time(ms), 86.0
[TOTAL_GC_TIME_%_PS_Scavenge], Time(%), 0.26953333124392764
[TOTAL_GCS_PS_MarkSweep], Count, 0.0
[TOTAL_GC_TIME_PS_MarkSweep], Time(ms), 0.0
[TOTAL_GC_TIME_%_PS_MarkSweep], Time(%), 0.0
[TOTAL_GCs], Count, 33.0
[TOTAL_GC_TIME], Time(ms), 86.0
[TOTAL_GC_TIME_%], Time(%), 0.26953333124392764
[CLEANUP], Operations, 1.0
[CLEANUP], AverageLatency(us), 180.0
[CLEANUP], MinLatency(us), 180.0
[CLEANUP], MaxLatency(us), 180.0
[CLEANUP], 95thPercentileLatency(us), 180.0
[CLEANUP], 99thPercentileLatency(us), 180.0
[INSERT], Operations, 200000.0
[INSERT], AverageLatency(us), 152.4173
[INSERT], MinLatency(us), 128.0
[INSERT], MaxLatency(us), 24143.0
[INSERT], 95thPercentileLatency(us), 190.0
[INSERT], 99thPercentileLatency(us), 288.0
[INSERT], Return=OK, 200000
