Sat May 20 02:03:14 IST 2017
--------------------MEMCG-----------------------
MEM ONLY  : 1937 MB
MEM+SWAP  : 1937 MB
cache 51187712
rss 1980452864
rss_huge 0
mapped_file 17461248
writeback 0
swap 0
pgpgin 583691
pgpgout 87685
pgfault 684499
pgmajfault 307
inactive_anon 49152
active_anon 1980485632
inactive_file 25767936
active_file 25337856
unevictable 0
hierarchical_memory_limit 2147483648
hierarchical_memsw_limit 5368709120
total_cache 51187712
total_rss 1980452864
total_rss_huge 0
total_mapped_file 17461248
total_writeback 0
total_swap 0
total_pgpgin 583691
total_pgpgout 87685
total_pgfault 684499
total_pgmajfault 307
total_inactive_anon 49152
total_active_anon 1980485632
total_inactive_file 25767936
total_active_file 25337856
total_unevictable 0
--------------------BLKIO-----------------------
11:0 Read 0
11:0 Write 0
11:0 Sync 0
11:0 Async 0
11:0 Total 0
253:0 Read 63242240
253:0 Write 6236278784
253:0 Sync 6236049408
253:0 Async 63471616
253:0 Total 6299521024
Total 6299521024
--------------------CPUAC-----------------------
user 8157
system 4639
 
Sat May 20 02:03:44 IST 2017
--------------------MEMCG-----------------------
MEM ONLY  : 1938 MB
MEM+SWAP  : 1938 MB
cache 51187712
rss 1981624320
rss_huge 0
mapped_file 17461248
writeback 0
swap 0
pgpgin 583977
pgpgout 87685
pgfault 684785
pgmajfault 307
inactive_anon 49152
active_anon 1981657088
inactive_file 25767936
active_file 25337856
unevictable 0
hierarchical_memory_limit 2147483648
hierarchical_memsw_limit 5368709120
total_cache 51187712
total_rss 1981624320
total_rss_huge 0
total_mapped_file 17461248
total_writeback 0
total_swap 0
total_pgpgin 583977
total_pgpgout 87685
total_pgfault 684785
total_pgmajfault 307
total_inactive_anon 49152
total_active_anon 1981657088
total_inactive_file 25767936
total_active_file 25337856
total_unevictable 0
--------------------BLKIO-----------------------
11:0 Read 0
11:0 Write 0
11:0 Sync 0
11:0 Async 0
11:0 Total 0
253:0 Read 63258624
253:0 Write 6261866496
253:0 Sync 6261637120
253:0 Async 63488000
253:0 Total 6325125120
Total 6325125120
--------------------CPUAC-----------------------
user 8201
system 4661
 
Sat May 20 02:04:14 IST 2017
--------------------MEMCG-----------------------
MEM ONLY  : 1939 MB
MEM+SWAP  : 1939 MB
cache 51187712
rss 1982590976
rss_huge 0
mapped_file 17461248
writeback 0
swap 0
pgpgin 584213
pgpgout 87685
pgfault 685021
pgmajfault 307
inactive_anon 49152
active_anon 1982623744
inactive_file 25767936
active_file 25337856
unevictable 0
hierarchical_memory_limit 2147483648
hierarchical_memsw_limit 5368709120
total_cache 51187712
total_rss 1982590976
total_rss_huge 0
total_mapped_file 17461248
total_writeback 0
total_swap 0
total_pgpgin 584213
total_pgpgout 87685
total_pgfault 685021
total_pgmajfault 307
total_inactive_anon 49152
total_active_anon 1982623744
total_inactive_file 25767936
total_active_file 25337856
total_unevictable 0
--------------------BLKIO-----------------------
11:0 Read 0
11:0 Write 0
11:0 Sync 0
11:0 Async 0
11:0 Total 0
253:0 Read 63258624
253:0 Write 6287495168
253:0 Sync 6287265792
253:0 Async 63488000
253:0 Total 6350753792
Total 6350753792
--------------------CPUAC-----------------------
user 8250
system 4686
 
Sat May 20 02:04:44 IST 2017
--------------------MEMCG-----------------------
MEM ONLY  : 1940 MB
MEM+SWAP  : 1940 MB
cache 51187712
rss 1983770624
rss_huge 0
mapped_file 17461248
writeback 0
swap 0
pgpgin 584501
pgpgout 87685
pgfault 685309
pgmajfault 307
inactive_anon 49152
active_anon 1983803392
inactive_file 25767936
active_file 25337856
unevictable 0
hierarchical_memory_limit 2147483648
hierarchical_memsw_limit 5368709120
total_cache 51187712
total_rss 1983770624
total_rss_huge 0
total_mapped_file 17461248
total_writeback 0
total_swap 0
total_pgpgin 584501
total_pgpgout 87685
total_pgfault 685309
total_pgmajfault 307
total_inactive_anon 49152
total_active_anon 1983803392
total_inactive_file 25767936
total_active_file 25337856
total_unevictable 0
--------------------BLKIO-----------------------
11:0 Read 0
11:0 Write 0
11:0 Sync 0
11:0 Async 0
11:0 Total 0
253:0 Read 63258624
253:0 Write 6312214528
253:0 Sync 6311985152
253:0 Async 63488000
253:0 Total 6375473152
Total 6375473152
--------------------CPUAC-----------------------
user 8303
system 4712
 
Sat May 20 02:05:14 IST 2017
--------------------MEMCG-----------------------
MEM ONLY  : 1941 MB
MEM+SWAP  : 1941 MB
cache 51187712
rss 1984802816
rss_huge 0
mapped_file 17461248
writeback 0
swap 0
pgpgin 584753
pgpgout 87685
pgfault 685561
pgmajfault 307
inactive_anon 49152
active_anon 1984835584
inactive_file 25767936
active_file 25337856
unevictable 0
hierarchical_memory_limit 2147483648
hierarchical_memsw_limit 5368709120
total_cache 51187712
total_rss 1984802816
total_rss_huge 0
total_mapped_file 17461248
total_writeback 0
total_swap 0
total_pgpgin 584753
total_pgpgout 87685
total_pgfault 685561
total_pgmajfault 307
total_inactive_anon 49152
total_active_anon 1984835584
total_inactive_file 25767936
total_active_file 25337856
total_unevictable 0
--------------------BLKIO-----------------------
11:0 Read 0
11:0 Write 0
11:0 Sync 0
11:0 Async 0
11:0 Total 0
253:0 Read 63258624
253:0 Write 6336880640
253:0 Sync 6336651264
253:0 Async 63488000
253:0 Total 6400139264
Total 6400139264
--------------------CPUAC-----------------------
user 8356
system 4740
 
Sat May 20 02:05:44 IST 2017
--------------------MEMCG-----------------------
MEM ONLY  : 1942 MB
MEM+SWAP  : 1942 MB
cache 51187712
rss 1985949696
rss_huge 0
mapped_file 17461248
writeback 0
swap 0
pgpgin 585033
pgpgout 87685
pgfault 685841
pgmajfault 307
inactive_anon 49152
active_anon 1985982464
inactive_file 25767936
active_file 25337856
unevictable 0
hierarchical_memory_limit 2147483648
hierarchical_memsw_limit 5368709120
total_cache 51187712
total_rss 1985949696
total_rss_huge 0
total_mapped_file 17461248
total_writeback 0
total_swap 0
total_pgpgin 585033
total_pgpgout 87685
total_pgfault 685841
total_pgmajfault 307
total_inactive_anon 49152
total_active_anon 1985982464
total_inactive_file 25767936
total_active_file 25337856
total_unevictable 0
--------------------BLKIO-----------------------
11:0 Read 0
11:0 Write 0
11:0 Sync 0
11:0 Async 0
11:0 Total 0
253:0 Read 63258624
253:0 Write 6369918976
253:0 Sync 6369689600
253:0 Async 63488000
253:0 Total 6433177600
Total 6433177600
--------------------CPUAC-----------------------
user 8404
system 4762
 
Sat May 20 02:06:14 IST 2017
--------------------MEMCG-----------------------
MEM ONLY  : 1943 MB
MEM+SWAP  : 1943 MB
cache 51187712
rss 1986981888
rss_huge 0
mapped_file 17461248
writeback 0
swap 0
pgpgin 585285
pgpgout 87685
pgfault 686093
pgmajfault 307
inactive_anon 49152
active_anon 1987014656
inactive_file 25767936
active_file 25337856
unevictable 0
hierarchical_memory_limit 2147483648
hierarchical_memsw_limit 5368709120
total_cache 51187712
total_rss 1986981888
total_rss_huge 0
total_mapped_file 17461248
total_writeback 0
total_swap 0
total_pgpgin 585285
total_pgpgout 87685
total_pgfault 686093
total_pgmajfault 307
total_inactive_anon 49152
total_active_anon 1987014656
total_inactive_file 25767936
total_active_file 25337856
total_unevictable 0
--------------------BLKIO-----------------------
11:0 Read 0
11:0 Write 0
11:0 Sync 0
11:0 Async 0
11:0 Total 0
253:0 Read 63258624
253:0 Write 6395396096
253:0 Sync 6395166720
253:0 Async 63488000
253:0 Total 6458654720
Total 6458654720
--------------------CPUAC-----------------------
user 8450
system 4784
 
Sat May 20 02:06:44 IST 2017
--------------------MEMCG-----------------------
MEM ONLY  : 1944 MB
MEM+SWAP  : 1944 MB
cache 51187712
rss 1987915776
rss_huge 0
mapped_file 17461248
writeback 0
swap 0
pgpgin 585513
pgpgout 87685
pgfault 686321
pgmajfault 307
inactive_anon 49152
active_anon 1987948544
inactive_file 25767936
active_file 25337856
unevictable 0
hierarchical_memory_limit 2147483648
hierarchical_memsw_limit 5368709120
total_cache 51187712
total_rss 1987915776
total_rss_huge 0
total_mapped_file 17461248
total_writeback 0
total_swap 0
total_pgpgin 585513
total_pgpgout 87685
total_pgfault 686321
total_pgmajfault 307
total_inactive_anon 49152
total_active_anon 1987948544
total_inactive_file 25767936
total_active_file 25337856
total_unevictable 0
--------------------BLKIO-----------------------
11:0 Read 0
11:0 Write 0
11:0 Sync 0
11:0 Async 0
11:0 Total 0
253:0 Read 63258624
253:0 Write 6421798912
253:0 Sync 6421569536
253:0 Async 63488000
253:0 Total 6485057536
Total 6485057536
--------------------CPUAC-----------------------
user 8504
system 4816
 
Sat May 20 02:07:14 IST 2017
--------------------MEMCG-----------------------
MEM ONLY  : 1945 MB
MEM+SWAP  : 1945 MB
cache 51187712
rss 1988653056
rss_huge 0
mapped_file 17461248
writeback 0
swap 0
pgpgin 585693
pgpgout 87685
pgfault 686501
pgmajfault 307
inactive_anon 49152
active_anon 1988685824
inactive_file 25767936
active_file 25337856
unevictable 0
hierarchical_memory_limit 2147483648
hierarchical_memsw_limit 5368709120
total_cache 51187712
total_rss 1988653056
total_rss_huge 0
total_mapped_file 17461248
total_writeback 0
total_swap 0
total_pgpgin 585693
total_pgpgout 87685
total_pgfault 686501
total_pgmajfault 307
total_inactive_anon 49152
total_active_anon 1988685824
total_inactive_file 25767936
total_active_file 25337856
total_unevictable 0
--------------------BLKIO-----------------------
11:0 Read 0
11:0 Write 0
11:0 Sync 0
11:0 Async 0
11:0 Total 0
253:0 Read 63258624
253:0 Write 6452170752
253:0 Sync 6451941376
253:0 Async 63488000
253:0 Total 6515429376
Total 6515429376
--------------------CPUAC-----------------------
user 8556
system 4848
 
Sat May 20 02:07:44 IST 2017
--------------------MEMCG-----------------------
MEM ONLY  : 1946 MB
MEM+SWAP  : 1946 MB
cache 51187712
rss 1989652480
rss_huge 0
mapped_file 17461248
writeback 0
swap 0
pgpgin 585937
pgpgout 87685
pgfault 686745
pgmajfault 307
inactive_anon 49152
active_anon 1989685248
inactive_file 25767936
active_file 25337856
unevictable 0
hierarchical_memory_limit 2147483648
hierarchical_memsw_limit 5368709120
total_cache 51187712
total_rss 1989652480
total_rss_huge 0
total_mapped_file 17461248
total_writeback 0
total_swap 0
total_pgpgin 585937
total_pgpgout 87685
total_pgfault 686745
total_pgmajfault 307
total_inactive_anon 49152
total_active_anon 1989685248
total_inactive_file 25767936
total_active_file 25337856
total_unevictable 0
--------------------BLKIO-----------------------
11:0 Read 0
11:0 Write 0
11:0 Sync 0
11:0 Async 0
11:0 Total 0
253:0 Read 63258624
253:0 Write 6478938112
253:0 Sync 6478708736
253:0 Async 63488000
253:0 Total 6542196736
Total 6542196736
--------------------CPUAC-----------------------
user 8612
system 4880
 
Sat May 20 02:08:14 IST 2017
--------------------MEMCG-----------------------
MEM ONLY  : 1946 MB
MEM+SWAP  : 1946 MB
cache 51187712
rss 1990279168
rss_huge 0
mapped_file 17461248
writeback 8192
swap 0
pgpgin 586090
pgpgout 87685
pgfault 686898
pgmajfault 307
inactive_anon 49152
active_anon 1990311936
inactive_file 25767936
active_file 25337856
unevictable 0
hierarchical_memory_limit 2147483648
hierarchical_memsw_limit 5368709120
total_cache 51187712
total_rss 1990279168
total_rss_huge 0
total_mapped_file 17461248
total_writeback 8192
total_swap 0
total_pgpgin 586090
total_pgpgout 87685
total_pgfault 686898
total_pgmajfault 307
total_inactive_anon 49152
total_active_anon 1990311936
total_inactive_file 25767936
total_active_file 25337856
total_unevictable 0
--------------------BLKIO-----------------------
11:0 Read 0
11:0 Write 0
11:0 Sync 0
11:0 Async 0
11:0 Total 0
253:0 Read 63258624
253:0 Write 6505897984
253:0 Sync 6505668608
253:0 Async 63488000
253:0 Total 6569156608
Total 6569156608
--------------------CPUAC-----------------------
user 8670
system 4909
 
Sat May 20 02:08:44 IST 2017
--------------------MEMCG-----------------------
MEM ONLY  : 1947 MB
MEM+SWAP  : 1947 MB
cache 51187712
rss 1990639616
rss_huge 0
mapped_file 17461248
writeback 0
swap 0
pgpgin 586178
pgpgout 87685
pgfault 686986
pgmajfault 307
inactive_anon 49152
active_anon 1990672384
inactive_file 25767936
active_file 25337856
unevictable 0
hierarchical_memory_limit 2147483648
hierarchical_memsw_limit 5368709120
total_cache 51187712
total_rss 1990639616
total_rss_huge 0
total_mapped_file 17461248
total_writeback 0
total_swap 0
total_pgpgin 586178
total_pgpgout 87685
total_pgfault 686986
total_pgmajfault 307
total_inactive_anon 49152
total_active_anon 1990672384
total_inactive_file 25767936
total_active_file 25337856
total_unevictable 0
--------------------BLKIO-----------------------
11:0 Read 0
11:0 Write 0
11:0 Sync 0
11:0 Async 0
11:0 Total 0
253:0 Read 63258624
253:0 Write 6532657152
253:0 Sync 6532427776
253:0 Async 63488000
253:0 Total 6595915776
Total 6595915776
--------------------CPUAC-----------------------
user 8724
system 4937
 
Sat May 20 02:09:14 IST 2017
--------------------MEMCG-----------------------
MEM ONLY  : 1947 MB
MEM+SWAP  : 1947 MB
cache 51187712
rss 1990868992
rss_huge 0
mapped_file 17461248
writeback 0
swap 0
pgpgin 586234
pgpgout 87685
pgfault 687042
pgmajfault 307
inactive_anon 49152
active_anon 1990901760
inactive_file 25767936
active_file 25337856
unevictable 0
hierarchical_memory_limit 2147483648
hierarchical_memsw_limit 5368709120
total_cache 51187712
total_rss 1990868992
total_rss_huge 0
total_mapped_file 17461248
total_writeback 0
total_swap 0
total_pgpgin 586234
total_pgpgout 87685
total_pgfault 687042
total_pgmajfault 307
total_inactive_anon 49152
total_active_anon 1990901760
total_inactive_file 25767936
total_active_file 25337856
total_unevictable 0
--------------------BLKIO-----------------------
11:0 Read 0
11:0 Write 0
11:0 Sync 0
11:0 Async 0
11:0 Total 0
253:0 Read 63258624
253:0 Write 6563082240
253:0 Sync 6562852864
253:0 Async 63488000
253:0 Total 6626340864
Total 6626340864
--------------------CPUAC-----------------------
user 8774
system 4966
 
Sat May 20 02:09:44 IST 2017
--------------------MEMCG-----------------------
MEM ONLY  : 1947 MB
MEM+SWAP  : 1947 MB
cache 51187712
rss 1991098368
rss_huge 0
mapped_file 17461248
writeback 0
swap 0
pgpgin 586290
pgpgout 87685
pgfault 687098
pgmajfault 307
inactive_anon 49152
active_anon 1991131136
inactive_file 25767936
active_file 25337856
unevictable 0
hierarchical_memory_limit 2147483648
hierarchical_memsw_limit 5368709120
total_cache 51187712
total_rss 1991098368
total_rss_huge 0
total_mapped_file 17461248
total_writeback 0
total_swap 0
total_pgpgin 586290
total_pgpgout 87685
total_pgfault 687098
total_pgmajfault 307
total_inactive_anon 49152
total_active_anon 1991131136
total_inactive_file 25767936
total_active_file 25337856
total_unevictable 0
--------------------BLKIO-----------------------
11:0 Read 0
11:0 Write 0
11:0 Sync 0
11:0 Async 0
11:0 Total 0
253:0 Read 63258624
253:0 Write 6587617280
253:0 Sync 6587387904
253:0 Async 63488000
253:0 Total 6650875904
Total 6650875904
--------------------CPUAC-----------------------
user 8821
system 4989
 
Sat May 20 02:10:14 IST 2017
--------------------MEMCG-----------------------
MEM ONLY  : 1947 MB
MEM+SWAP  : 1947 MB
cache 51187712
rss 1991311360
rss_huge 0
mapped_file 17461248
writeback 16384
swap 0
pgpgin 586342
pgpgout 87685
pgfault 687150
pgmajfault 307
inactive_anon 49152
active_anon 1991344128
inactive_file 25767936
active_file 25337856
unevictable 0
hierarchical_memory_limit 2147483648
hierarchical_memsw_limit 5368709120
total_cache 51187712
total_rss 1991311360
total_rss_huge 0
total_mapped_file 17461248
total_writeback 16384
total_swap 0
total_pgpgin 586342
total_pgpgout 87685
total_pgfault 687150
total_pgmajfault 307
total_inactive_anon 49152
total_active_anon 1991344128
total_inactive_file 25767936
total_active_file 25337856
total_unevictable 0
--------------------BLKIO-----------------------
11:0 Read 0
11:0 Write 0
11:0 Sync 0
11:0 Async 0
11:0 Total 0
253:0 Read 63258624
253:0 Write 6612246528
253:0 Sync 6612017152
253:0 Async 63488000
253:0 Total 6675505152
Total 6675505152
--------------------CPUAC-----------------------
user 8863
system 5013
 
Sat May 20 02:10:44 IST 2017
--------------------MEMCG-----------------------
MEM ONLY  : 1948 MB
MEM+SWAP  : 1948 MB
cache 51187712
rss 1991491584
rss_huge 0
mapped_file 17461248
writeback 0
swap 0
pgpgin 586386
pgpgout 87685
pgfault 687194
pgmajfault 307
inactive_anon 49152
active_anon 1991524352
inactive_file 25767936
active_file 25337856
unevictable 0
hierarchical_memory_limit 2147483648
hierarchical_memsw_limit 5368709120
total_cache 51187712
total_rss 1991491584
total_rss_huge 0
total_mapped_file 17461248
total_writeback 0
total_swap 0
total_pgpgin 586386
total_pgpgout 87685
total_pgfault 687194
total_pgmajfault 307
total_inactive_anon 49152
total_active_anon 1991524352
total_inactive_file 25767936
total_active_file 25337856
total_unevictable 0
--------------------BLKIO-----------------------
11:0 Read 0
11:0 Write 0
11:0 Sync 0
11:0 Async 0
11:0 Total 0
253:0 Read 63258624
253:0 Write 6639665152
253:0 Sync 6639435776
253:0 Async 63488000
253:0 Total 6702923776
Total 6702923776
--------------------CPUAC-----------------------
user 8906
system 5032
 
Sat May 20 02:11:14 IST 2017
--------------------MEMCG-----------------------
MEM ONLY  : 1948 MB
MEM+SWAP  : 1948 MB
cache 51187712
rss 1991753728
rss_huge 0
mapped_file 17461248
writeback 0
swap 0
pgpgin 586450
pgpgout 87685
pgfault 687258
pgmajfault 307
inactive_anon 49152
active_anon 1991786496
inactive_file 25767936
active_file 25337856
unevictable 0
hierarchical_memory_limit 2147483648
hierarchical_memsw_limit 5368709120
total_cache 51187712
total_rss 1991753728
total_rss_huge 0
total_mapped_file 17461248
total_writeback 0
total_swap 0
total_pgpgin 586450
total_pgpgout 87685
total_pgfault 687258
total_pgmajfault 307
total_inactive_anon 49152
total_active_anon 1991786496
total_inactive_file 25767936
total_active_file 25337856
total_unevictable 0
--------------------BLKIO-----------------------
11:0 Read 0
11:0 Write 0
11:0 Sync 0
11:0 Async 0
11:0 Total 0
253:0 Read 63258624
253:0 Write 6666145792
253:0 Sync 6665916416
253:0 Async 63488000
253:0 Total 6729404416
Total 6729404416
--------------------CPUAC-----------------------
user 8956
system 5062
 
Sat May 20 02:11:44 IST 2017
--------------------MEMCG-----------------------
MEM ONLY  : 1948 MB
MEM+SWAP  : 1948 MB
cache 51187712
rss 1991999488
rss_huge 0
mapped_file 17461248
writeback 0
swap 0
pgpgin 586510
pgpgout 87685
pgfault 687318
pgmajfault 307
inactive_anon 49152
active_anon 1992032256
inactive_file 25767936
active_file 25337856
unevictable 0
hierarchical_memory_limit 2147483648
hierarchical_memsw_limit 5368709120
total_cache 51187712
total_rss 1991999488
total_rss_huge 0
total_mapped_file 17461248
total_writeback 0
total_swap 0
total_pgpgin 586510
total_pgpgout 87685
total_pgfault 687318
total_pgmajfault 307
total_inactive_anon 49152
total_active_anon 1992032256
total_inactive_file 25767936
total_active_file 25337856
total_unevictable 0
--------------------BLKIO-----------------------
11:0 Read 0
11:0 Write 0
11:0 Sync 0
11:0 Async 0
11:0 Total 0
253:0 Read 63258624
253:0 Write 6692036608
253:0 Sync 6691807232
253:0 Async 63488000
253:0 Total 6755295232
Total 6755295232
--------------------CPUAC-----------------------
user 9006
system 5092
 
Sat May 20 02:12:14 IST 2017
--------------------MEMCG-----------------------
MEM ONLY  : 1948 MB
MEM+SWAP  : 1948 MB
cache 51187712
rss 1992241152
rss_huge 0
mapped_file 17461248
writeback 0
swap 0
pgpgin 586569
pgpgout 87685
pgfault 687377
pgmajfault 307
inactive_anon 49152
active_anon 1992273920
inactive_file 25767936
active_file 25337856
unevictable 0
hierarchical_memory_limit 2147483648
hierarchical_memsw_limit 5368709120
total_cache 51187712
total_rss 1992241152
total_rss_huge 0
total_mapped_file 17461248
total_writeback 0
total_swap 0
total_pgpgin 586569
total_pgpgout 87685
total_pgfault 687377
total_pgmajfault 307
total_inactive_anon 49152
total_active_anon 1992273920
total_inactive_file 25767936
total_active_file 25337856
total_unevictable 0
--------------------BLKIO-----------------------
11:0 Read 0
11:0 Write 0
11:0 Sync 0
11:0 Async 0
11:0 Total 0
253:0 Read 63258624
253:0 Write 6719270912
253:0 Sync 6719041536
253:0 Async 63488000
253:0 Total 6782529536
Total 6782529536
--------------------CPUAC-----------------------
user 9050
system 5126
 
Sat May 20 02:12:44 IST 2017
--------------------MEMCG-----------------------
MEM ONLY  : 1949 MB
MEM+SWAP  : 1949 MB
cache 51187712
rss 1992536064
rss_huge 0
mapped_file 17461248
writeback 4096
swap 0
pgpgin 586641
pgpgout 87685
pgfault 687449
pgmajfault 307
inactive_anon 49152
active_anon 1992568832
inactive_file 25767936
active_file 25337856
unevictable 0
hierarchical_memory_limit 2147483648
hierarchical_memsw_limit 5368709120
total_cache 51187712
total_rss 1992536064
total_rss_huge 0
total_mapped_file 17461248
total_writeback 4096
total_swap 0
total_pgpgin 586641
total_pgpgout 87685
total_pgfault 687449
total_pgmajfault 307
total_inactive_anon 49152
total_active_anon 1992568832
total_inactive_file 25767936
total_active_file 25337856
total_unevictable 0
--------------------BLKIO-----------------------
11:0 Read 0
11:0 Write 0
11:0 Sync 0
11:0 Async 0
11:0 Total 0
253:0 Read 63258624
253:0 Write 6752268288
253:0 Sync 6752038912
253:0 Async 63488000
253:0 Total 6815526912
Total 6815526912
--------------------CPUAC-----------------------
user 9104
system 5155
 
