java -cp /home/ubuntu/ycsb/mongodb-binding/conf:/home/ubuntu/ycsb/conf:/home/ubuntu/ycsb/lib/jackson-mapper-asl-1.9.4.jar:/home/ubuntu/ycsb/lib/jackson-core-asl-1.9.4.jar:/home/ubuntu/ycsb/lib/htrace-core4-4.1.0-incubating.jar:/home/ubuntu/ycsb/lib/core-0.12.0.jar:/home/ubuntu/ycsb/lib/HdrHistogram-2.1.4.jar:/home/ubuntu/ycsb/mongodb-binding/lib/mongo-java-driver-3.0.3.jar:/home/ubuntu/ycsb/mongodb-binding/lib/logback-core-1.1.2.jar:/home/ubuntu/ycsb/mongodb-binding/lib/mongodb-binding-0.12.0.jar:/home/ubuntu/ycsb/mongodb-binding/lib/logback-classic-1.1.2.jar:/home/ubuntu/ycsb/mongodb-binding/lib/mongodb-async-driver-2.0.1.jar:/home/ubuntu/ycsb/mongodb-binding/lib/slf4j-api-1.6.4.jar com.yahoo.ycsb.Client -db com.yahoo.ycsb.db.MongoDbClient -s -P /home/ubuntu/ycsb/workloads/workload1 -p mongodb.url=mongodb://10.0.3.220:27017/ycsb?w=0 -p maxexecutiontime=200 -t
YCSB Client 0.12.0
Command line: -db com.yahoo.ycsb.db.MongoDbClient -s -P /home/ubuntu/ycsb/workloads/workload1 -p mongodb.url=mongodb://10.0.3.220:27017/ycsb?w=0 -p maxexecutiontime=200 -t
Loading workload...
Starting test.
Maximum execution time specified as: 200 secs
2017-05-01 03:28:19:244 0 sec: 0 operations; est completion in 0 seconds 
mongo client connection created with mongodb://10.0.3.220:27017/ycsb?w=0
DBWrapper: report latency for each error is false and specific error codes to track for latency are: []
2017-05-01 03:28:29:232 10 sec: 92454 operations; 9245.4 current ops/sec; est completion in 1 minutes [READ: Count=45321, Max=39487, Min=74, Avg=110.83, 90=139, 99=238, 99.9=676, 99.99=19615] [READ-FAILED: Count=42512, Max=31567, Min=65, Avg=94.1, 90=121, 99=191, 99.9=417, 99.99=3595] [UPDATE: Count=4624, Max=11367, Min=28, Avg=75.81, 90=172, 99=336, 99.9=766, 99.99=11367] 
2017-05-01 03:28:39:232 20 sec: 193436 operations; 10098.2 current ops/sec; est completion in 1 minutes [READ: Count=49440, Max=12999, Min=77, Avg=106.26, 90=131, 99=188, 99.9=296, 99.99=3757] [READ-FAILED: Count=46547, Max=7543, Min=68, Avg=93.28, 90=117, 99=165, 99.9=257, 99.99=846] [UPDATE: Count=5004, Max=332, Min=18, Avg=33.88, 90=44, 99=76, 99.9=125, 99.99=174] 
2017-05-01 03:28:49:232 30 sec: 291967 operations; 9853.1 current ops/sec; est completion in 1 minutes [READ: Count=48304, Max=24063, Min=82, Avg=109.7, 90=140, 99=201, 99.9=285, 99.99=13839] [READ-FAILED: Count=45331, Max=10887, Min=74, Avg=95.41, 90=126, 99=181, 99.9=289, 99.99=896] [UPDATE: Count=4897, Max=101, Min=18, Avg=29.23, 90=40, 99=64, 99.9=74, 99.99=101] 
2017-05-01 03:28:59:232 40 sec: 391209 operations; 9924.2 current ops/sec; est completion in 1 minutes [READ: Count=48567, Max=27311, Min=74, Avg=108, 90=139, 99=210, 99.9=332, 99.99=6075] [READ-FAILED: Count=45679, Max=38687, Min=65, Avg=95.78, 90=125, 99=188, 99.9=295, 99.99=1529] [UPDATE: Count=4998, Max=109, Min=17, Avg=28.64, 90=39, 99=62, 99.9=95, 99.99=109] 
2017-05-01 03:29:09:232 50 sec: 495850 operations; 10464.1 current ops/sec; est completion in 51 seconds [READ: Count=51315, Max=27359, Min=77, Avg=100.2, 90=114, 99=160, 99.9=497, 99.99=5191] [READ-FAILED: Count=48152, Max=169471, Min=68, Avg=93.26, 90=102, 99=146, 99.9=497, 99.99=6047] [UPDATE: Count=5170, Max=97, Min=17, Avg=26.81, 90=32, 99=60, 99.9=91, 99.99=95] 
2017-05-01 03:29:19:232 60 sec: 601924 operations; 10607.4 current ops/sec; est completion in 40 seconds [READ: Count=51939, Max=4419, Min=80, Avg=100.78, 90=126, 99=184, 99.9=273, 99.99=1521] [READ-FAILED: Count=48735, Max=2573, Min=67, Avg=89.93, 90=114, 99=167, 99.9=239, 99.99=722] [UPDATE: Count=5398, Max=235, Min=17, Avg=27.35, 90=35, 99=52, 99.9=74, 99.99=80] 
2017-05-01 03:29:29:233 70 sec: 704835 operations; 10291.1 current ops/sec; est completion in 30 seconds [READ: Count=50420, Max=5459, Min=74, Avg=101.22, 90=127, 99=179, 99.9=266, 99.99=908] [READ-FAILED: Count=47274, Max=229375, Min=65, Avg=95.6, 90=114, 99=159, 99.9=245, 99.99=1775] [UPDATE: Count=5218, Max=114, Min=17, Avg=28.2, 90=37, 99=58, 99.9=74, 99.99=86] 
2017-05-01 03:29:39:232 80 sec: 800346 operations; 9551.1 current ops/sec; est completion in 20 seconds [READ: Count=46670, Max=311039, Min=83, Avg=114.77, 90=138, 99=203, 99.9=314, 99.99=10447] [READ-FAILED: Count=44055, Max=44863, Min=66, Avg=97.13, 90=124, 99=180, 99.9=277, 99.99=9831] [UPDATE: Count=4798, Max=103, Min=17, Avg=29.46, 90=39, 99=63, 99.9=78, 99.99=103] 
2017-05-01 03:29:49:233 90 sec: 901706 operations; 10136 current ops/sec; est completion in 10 seconds [READ: Count=49887, Max=27167, Min=77, Avg=106.52, 90=133, 99=193, 99.9=286, 99.99=9911] [READ-FAILED: Count=46396, Max=16191, Min=69, Avg=92.88, 90=120, 99=170, 99.9=241, 99.99=594] [UPDATE: Count=5067, Max=420, Min=17, Avg=28.72, 90=38, 99=63, 99.9=77, 99.99=90] 
Could not wait until max specified time, TerminatorThread interrupted.
2017-05-01 03:29:59:198 99 sec: 1000000 operations; 9862.93 current ops/sec; [READ: Count=48439, Max=208127, Min=78, Avg=111.67, 90=129, 99=184, 99.9=352, 99.99=2693] [CLEANUP: Count=1, Max=1315, Min=1315, Avg=1315, 90=1315, 99=1315, 99.9=1315, 99.99=1315] [READ-FAILED: Count=44991, Max=21567, Min=70, Avg=93.15, 90=117, 99=165, 99.9=269, 99.99=11127] [UPDATE: Count=4852, Max=122, Min=18, Avg=28.86, 90=38, 99=59, 99.9=74, 99.99=122] 
[OVERALL], RunTime(ms), 99966.0
[OVERALL], Throughput(ops/sec), 10003.401156393174
[TOTAL_GCS_PS_Scavenge], Count, 37.0
[TOTAL_GC_TIME_PS_Scavenge], Time(ms), 278.0
[TOTAL_GC_TIME_%_PS_Scavenge], Time(%), 0.2780945521477302
[TOTAL_GCS_PS_MarkSweep], Count, 0.0
[TOTAL_GC_TIME_PS_MarkSweep], Time(ms), 0.0
[TOTAL_GC_TIME_%_PS_MarkSweep], Time(%), 0.0
[TOTAL_GCs], Count, 37.0
[TOTAL_GC_TIME], Time(ms), 278.0
[TOTAL_GC_TIME_%], Time(%), 0.2780945521477302
[READ], Operations, 490302.0
[READ], AverageLatency(us), 106.83213815158821
[READ], MinLatency(us), 74.0
[READ], MaxLatency(us), 311039.0
[READ], 95thPercentileLatency(us), 150.0
[READ], 99thPercentileLatency(us), 195.0
[READ], Return=OK, 490302
[READ], Return=NOT_FOUND, 459672
[CLEANUP], Operations, 1.0
[CLEANUP], AverageLatency(us), 1315.0
[CLEANUP], MinLatency(us), 1315.0
[CLEANUP], MaxLatency(us), 1315.0
[CLEANUP], 95thPercentileLatency(us), 1315.0
[CLEANUP], 99thPercentileLatency(us), 1315.0
[READ-FAILED], Operations, 459672.0
[READ-FAILED], AverageLatency(us), 94.01114925425085
[READ-FAILED], MinLatency(us), 65.0
[READ-FAILED], MaxLatency(us), 229375.0
[READ-FAILED], 95thPercentileLatency(us), 134.0
[READ-FAILED], 99thPercentileLatency(us), 173.0
[UPDATE], Operations, 50026.0
[UPDATE], AverageLatency(us), 33.317434933834406
[UPDATE], MinLatency(us), 17.0
[UPDATE], MaxLatency(us), 11367.0
[UPDATE], 95thPercentileLatency(us), 50.0
[UPDATE], 99thPercentileLatency(us), 167.0
[UPDATE], Return=OK, 50026
