========== START: Container 1 Memory STATS ==============
cache 249856
rss 37994496
rss_huge 0
mapped_file 0
writeback 0
swap 0
pgpgin 110479
pgpgout 101142
pgfault 185627
pgmajfault 0
inactive_anon 45056
active_anon 38019072
inactive_file 143360
active_file 32768
unevictable 4096
hierarchical_memory_limit 1610612736
hierarchical_memsw_limit 1610612736
total_cache 249856
total_rss 37994496
total_rss_huge 0
total_mapped_file 0
total_writeback 0
total_swap 0
total_pgpgin 110479
total_pgpgout 101142
total_pgfault 185627
total_pgmajfault 0
total_inactive_anon 45056
total_active_anon 38019072
total_inactive_file 143360
total_active_file 32768
total_unevictable 4096
======== END Container STATS ======
========== STOP: Container 1 Memory STATS ==============
cache 663728128
rss 946606080
rss_huge 0
mapped_file 0
writeback 0
swap 0
pgpgin 545144
pgpgout 151996
pgfault 410079
pgmajfault 0
inactive_anon 336293888
active_anon 610381824
inactive_file 471470080
active_file 192184320
unevictable 4096
hierarchical_memory_limit 1610612736
hierarchical_memsw_limit 1610612736
total_cache 663728128
total_rss 946606080
total_rss_huge 0
total_mapped_file 0
total_writeback 0
total_swap 0
total_pgpgin 545144
total_pgpgout 151996
total_pgfault 410079
total_pgmajfault 0
total_inactive_anon 336293888
total_active_anon 610381824
total_inactive_file 471470080
total_active_file 192184320
total_unevictable 4096
======== END Container STATS ======
