========== START: Container 3 Memory STATS ==============
cache 0
rss 1610465280
rss_huge 0
mapped_file 0
writeback 0
swap 553676800
pgpgin 610518
pgpgout 217338
pgfault 739944
pgmajfault 9767
inactive_anon 805261312
active_anon 805203968
inactive_file 0
active_file 0
unevictable 0
hierarchical_memory_limit 1610612736
hierarchical_memsw_limit 5368709120
total_cache 0
total_rss 1610465280
total_rss_huge 0
total_mapped_file 0
total_writeback 0
total_swap 553676800
total_pgpgin 610518
total_pgpgout 217338
total_pgfault 739944
total_pgmajfault 9767
total_inactive_anon 805261312
total_active_anon 805203968
total_inactive_file 0
total_active_file 0
total_unevictable 0
======== END Container STATS ======
========== STOP: Container 3 Memory STATS ==============
cache 0
rss 1610563584
rss_huge 0
mapped_file 0
writeback 0
swap 554139648
pgpgin 649285
pgpgout 256081
pgfault 831930
pgmajfault 47747
inactive_anon 805621760
active_anon 804941824
inactive_file 0
active_file 0
unevictable 0
hierarchical_memory_limit 1610612736
hierarchical_memsw_limit 5368709120
total_cache 0
total_rss 1610563584
total_rss_huge 0
total_mapped_file 0
total_writeback 0
total_swap 554139648
total_pgpgin 649285
total_pgpgout 256081
total_pgfault 831930
total_pgmajfault 47747
total_inactive_anon 805621760
total_active_anon 804941824
total_inactive_file 0
total_active_file 0
total_unevictable 0
======== END Container STATS ======
