Sat May 20 14:11:03 IST 2017
--------------------MEMCG-----------------------
MEM ONLY  : 285 MB
MEM+SWAP  : 285 MB
cache 38969344
rss 260046848
rss_huge 0
mapped_file 4755456
writeback 0
swap 143360
pgpgin 784253
pgpgout 711251
pgfault 256240
pgmajfault 582
inactive_anon 130641920
active_anon 129429504
inactive_file 20099072
active_file 18800640
unevictable 4096
hierarchical_memory_limit 6442450944
hierarchical_memsw_limit 32212254720
total_cache 38969344
total_rss 260046848
total_rss_huge 0
total_mapped_file 4755456
total_writeback 0
total_swap 143360
total_pgpgin 784253
total_pgpgout 711251
total_pgfault 256240
total_pgmajfault 582
total_inactive_anon 130641920
total_active_anon 129429504
total_inactive_file 20099072
total_active_file 18800640
total_unevictable 4096
--------------------BLKIO-----------------------
11:0 Read 0
11:0 Write 0
11:0 Sync 0
11:0 Async 0
11:0 Total 0
253:0 Read 2297597952
253:0 Write 43970560
253:0 Sync 196608
253:0 Async 2341371904
253:0 Total 2341568512
Total 2341568512
--------------------CPUAC-----------------------
user 1473
system 1184
 
Sat May 20 14:11:33 IST 2017
--------------------MEMCG-----------------------
MEM ONLY  : 288 MB
MEM+SWAP  : 288 MB
cache 42913792
rss 259747840
rss_huge 0
mapped_file 5074944
writeback 4096
swap 274432
pgpgin 788209
pgpgout 714317
pgfault 257923
pgmajfault 620
inactive_anon 130510848
active_anon 129261568
inactive_file 21479424
active_file 21405696
unevictable 4096
hierarchical_memory_limit 6442450944
hierarchical_memsw_limit 32212254720
total_cache 42913792
total_rss 259747840
total_rss_huge 0
total_mapped_file 5074944
total_writeback 4096
total_swap 274432
total_pgpgin 788209
total_pgpgout 714317
total_pgfault 257923
total_pgmajfault 620
total_inactive_anon 130510848
total_active_anon 129261568
total_inactive_file 21479424
total_active_file 21405696
total_unevictable 4096
--------------------BLKIO-----------------------
11:0 Read 0
11:0 Write 0
11:0 Sync 0
11:0 Async 0
11:0 Total 0
253:0 Read 2301943808
253:0 Write 51707904
253:0 Sync 196608
253:0 Async 2353455104
253:0 Total 2353651712
Total 2353651712
--------------------CPUAC-----------------------
user 1481
system 1191
 
Sat May 20 14:12:03 IST 2017
--------------------MEMCG-----------------------
MEM ONLY  : 295 MB
MEM+SWAP  : 295 MB
cache 49709056
rss 259633152
rss_huge 0
mapped_file 5074944
writeback 4096
swap 397312
pgpgin 792192
pgpgout 716669
pgfault 258015
pgmajfault 620
inactive_anon 130408448
active_anon 129249280
inactive_file 27656192
active_file 22024192
unevictable 4096
hierarchical_memory_limit 6442450944
hierarchical_memsw_limit 32212254720
total_cache 49709056
total_rss 259633152
total_rss_huge 0
total_mapped_file 5074944
total_writeback 4096
total_swap 397312
total_pgpgin 792192
total_pgpgout 716669
total_pgfault 258015
total_pgmajfault 620
total_inactive_anon 130408448
total_active_anon 129249280
total_inactive_file 27656192
total_active_file 22024192
total_unevictable 4096
--------------------BLKIO-----------------------
11:0 Read 0
11:0 Write 0
11:0 Sync 0
11:0 Async 0
11:0 Total 0
253:0 Read 2308251648
253:0 Write 52834304
253:0 Sync 196608
253:0 Async 2360889344
253:0 Total 2361085952
Total 2361085952
--------------------CPUAC-----------------------
user 1490
system 1202
 
Sat May 20 14:12:33 IST 2017
--------------------MEMCG-----------------------
MEM ONLY  : 310 MB
MEM+SWAP  : 310 MB
cache 66121728
rss 259420160
rss_huge 0
mapped_file 5074944
writeback 0
swap 425984
pgpgin 798658
pgpgout 719180
pgfault 258105
pgmajfault 620
inactive_anon 130215936
active_anon 129228800
inactive_file 42827776
active_file 23265280
unevictable 4096
hierarchical_memory_limit 6442450944
hierarchical_memsw_limit 32212254720
total_cache 66121728
total_rss 259420160
total_rss_huge 0
total_mapped_file 5074944
total_writeback 0
total_swap 425984
total_pgpgin 798658
total_pgpgout 719180
total_pgfault 258105
total_pgmajfault 620
total_inactive_anon 130215936
total_active_anon 129228800
total_inactive_file 42827776
total_active_file 23265280
total_unevictable 4096
--------------------BLKIO-----------------------
11:0 Read 0
11:0 Write 0
11:0 Sync 0
11:0 Async 0
11:0 Total 0
253:0 Read 2318950400
253:0 Write 55664640
253:0 Sync 196608
253:0 Async 2374418432
253:0 Total 2374615040
Total 2374615040
--------------------CPUAC-----------------------
user 1506
system 1212
 
Sat May 20 14:13:03 IST 2017
--------------------MEMCG-----------------------
MEM ONLY  : 326 MB
MEM+SWAP  : 326 MB
cache 82616320
rss 259403776
rss_huge 0
mapped_file 5074944
writeback 0
swap 442368
pgpgin 805082
pgpgout 721581
pgfault 258195
pgmajfault 620
inactive_anon 130203648
active_anon 129224704
inactive_file 58208256
active_file 24375296
unevictable 4096
hierarchical_memory_limit 6442450944
hierarchical_memsw_limit 32212254720
total_cache 82616320
total_rss 259403776
total_rss_huge 0
total_mapped_file 5074944
total_writeback 0
total_swap 442368
total_pgpgin 805082
total_pgpgout 721581
total_pgfault 258195
total_pgmajfault 620
total_inactive_anon 130203648
total_active_anon 129224704
total_inactive_file 58208256
total_active_file 24375296
total_unevictable 4096
--------------------BLKIO-----------------------
11:0 Read 0
11:0 Write 0
11:0 Sync 0
11:0 Async 0
11:0 Total 0
253:0 Read 2329464832
253:0 Write 60944384
253:0 Sync 196608
253:0 Async 2390212608
253:0 Total 2390409216
Total 2390409216
--------------------CPUAC-----------------------
user 1520
system 1226
 
Sat May 20 14:13:33 IST 2017
--------------------MEMCG-----------------------
MEM ONLY  : 339 MB
MEM+SWAP  : 339 MB
cache 96419840
rss 259518464
rss_huge 0
mapped_file 5074944
writeback 0
swap 466944
pgpgin 811406
pgpgout 724507
pgfault 258368
pgmajfault 620
inactive_anon 130195456
active_anon 129347584
inactive_file 70389760
active_file 26001408
unevictable 4096
hierarchical_memory_limit 6442450944
hierarchical_memsw_limit 32212254720
total_cache 96419840
total_rss 259518464
total_rss_huge 0
total_mapped_file 5074944
total_writeback 0
total_swap 466944
total_pgpgin 811406
total_pgpgout 724507
total_pgfault 258368
total_pgmajfault 620
total_inactive_anon 130195456
total_active_anon 129347584
total_inactive_file 70389760
total_active_file 26001408
total_unevictable 4096
--------------------BLKIO-----------------------
11:0 Read 0
11:0 Write 0
11:0 Sync 0
11:0 Async 0
11:0 Total 0
253:0 Read 2339221504
253:0 Write 66011136
253:0 Sync 196608
253:0 Async 2405036032
253:0 Total 2405232640
Total 2405232640
--------------------CPUAC-----------------------
user 1533
system 1238
 
Sat May 20 14:14:03 IST 2017
--------------------MEMCG-----------------------
MEM ONLY  : 351 MB
MEM+SWAP  : 351 MB
cache 108609536
rss 259649536
rss_huge 0
mapped_file 5074944
writeback 0
swap 466944
pgpgin 817624
pgpgout 727717
pgfault 258490
pgmajfault 620
inactive_anon 130195456
active_anon 129478656
inactive_file 81387520
active_file 27172864
unevictable 4096
hierarchical_memory_limit 6442450944
hierarchical_memsw_limit 32212254720
total_cache 108609536
total_rss 259649536
total_rss_huge 0
total_mapped_file 5074944
total_writeback 0
total_swap 466944
total_pgpgin 817624
total_pgpgout 727717
total_pgfault 258490
total_pgmajfault 620
total_inactive_anon 130195456
total_active_anon 129478656
total_inactive_file 81387520
total_active_file 27172864
total_unevictable 4096
--------------------BLKIO-----------------------
11:0 Read 0
11:0 Write 0
11:0 Sync 0
11:0 Async 0
11:0 Total 0
253:0 Read 2349056000
253:0 Write 69402624
253:0 Sync 196608
253:0 Async 2418262016
253:0 Total 2418458624
Total 2418458624
--------------------CPUAC-----------------------
user 1550
system 1247
 
Sat May 20 14:14:33 IST 2017
--------------------MEMCG-----------------------
MEM ONLY  : 361 MB
MEM+SWAP  : 361 MB
cache 119373824
rss 259645440
rss_huge 0
mapped_file 5074944
writeback 0
swap 471040
pgpgin 824143
pgpgout 731609
pgfault 258580
pgmajfault 620
inactive_anon 130191360
active_anon 129478656
inactive_file 91058176
active_file 28270592
unevictable 4096
hierarchical_memory_limit 6442450944
hierarchical_memsw_limit 32212254720
total_cache 119373824
total_rss 259645440
total_rss_huge 0
total_mapped_file 5074944
total_writeback 0
total_swap 471040
total_pgpgin 824143
total_pgpgout 731609
total_pgfault 258580
total_pgmajfault 620
total_inactive_anon 130191360
total_active_anon 129478656
total_inactive_file 91058176
total_active_file 28270592
total_unevictable 4096
--------------------BLKIO-----------------------
11:0 Read 0
11:0 Write 0
11:0 Sync 0
11:0 Async 0
11:0 Total 0
253:0 Read 2359836672
253:0 Write 74772480
253:0 Sync 196608
253:0 Async 2434412544
253:0 Total 2434609152
Total 2434609152
--------------------CPUAC-----------------------
user 1563
system 1257
 
Sat May 20 14:15:03 IST 2017
--------------------MEMCG-----------------------
MEM ONLY  : 370 MB
MEM+SWAP  : 370 MB
cache 129015808
rss 259399680
rss_huge 0
mapped_file 5074944
writeback 0
swap 475136
pgpgin 830348
pgpgout 735520
pgfault 258670
pgmajfault 620
inactive_anon 130187264
active_anon 129236992
inactive_file 99360768
active_file 29626368
unevictable 4096
hierarchical_memory_limit 6442450944
hierarchical_memsw_limit 32212254720
total_cache 129015808
total_rss 259399680
total_rss_huge 0
total_mapped_file 5074944
total_writeback 0
total_swap 475136
total_pgpgin 830348
total_pgpgout 735520
total_pgfault 258670
total_pgmajfault 620
total_inactive_anon 130187264
total_active_anon 129236992
total_inactive_file 99360768
total_active_file 29626368
total_unevictable 4096
--------------------BLKIO-----------------------
11:0 Read 0
11:0 Write 0
11:0 Sync 0
11:0 Async 0
11:0 Total 0
253:0 Read 2369904640
253:0 Write 79966208
253:0 Sync 196608
253:0 Async 2449674240
253:0 Total 2449870848
Total 2449870848
--------------------CPUAC-----------------------
user 1582
system 1268
 
Sat May 20 14:15:33 IST 2017
--------------------MEMCG-----------------------
MEM ONLY  : 379 MB
MEM+SWAP  : 380 MB
cache 138833920
rss 259383296
rss_huge 0
mapped_file 5074944
writeback 0
swap 491520
pgpgin 837200
pgpgout 739979
pgfault 258760
pgmajfault 620
inactive_anon 130170880
active_anon 129236992
inactive_file 107827200
active_file 30961664
unevictable 4096
hierarchical_memory_limit 6442450944
hierarchical_memsw_limit 32212254720
total_cache 138833920
total_rss 259383296
total_rss_huge 0
total_mapped_file 5074944
total_writeback 0
total_swap 491520
total_pgpgin 837200
total_pgpgout 739979
total_pgfault 258760
total_pgmajfault 620
total_inactive_anon 130170880
total_active_anon 129236992
total_inactive_file 107827200
total_active_file 30961664
total_unevictable 4096
--------------------BLKIO-----------------------
11:0 Read 0
11:0 Write 0
11:0 Sync 0
11:0 Async 0
11:0 Total 0
253:0 Read 2381647872
253:0 Write 86016000
253:0 Sync 196608
253:0 Async 2467467264
253:0 Total 2467663872
Total 2467663872
--------------------CPUAC-----------------------
user 1602
system 1279
 
Sat May 20 14:16:03 IST 2017
--------------------MEMCG-----------------------
MEM ONLY  : 386 MB
MEM+SWAP  : 387 MB
cache 146243584
rss 259108864
rss_huge 0
mapped_file 5074944
writeback 0
swap 503808
pgpgin 843057
pgpgout 744094
pgfault 258850
pgmajfault 620
inactive_anon 129896448
active_anon 129236992
inactive_file 114073600
active_file 32141312
unevictable 4096
hierarchical_memory_limit 6442450944
hierarchical_memsw_limit 32212254720
total_cache 146243584
total_rss 259108864
total_rss_huge 0
total_mapped_file 5074944
total_writeback 0
total_swap 503808
total_pgpgin 843057
total_pgpgout 744094
total_pgfault 258850
total_pgmajfault 620
total_inactive_anon 129896448
total_active_anon 129236992
total_inactive_file 114073600
total_active_file 32141312
total_unevictable 4096
--------------------BLKIO-----------------------
11:0 Read 0
11:0 Write 0
11:0 Sync 0
11:0 Async 0
11:0 Total 0
253:0 Read 2390855680
253:0 Write 88502272
253:0 Sync 196608
253:0 Async 2479161344
253:0 Total 2479357952
Total 2479357952
--------------------CPUAC-----------------------
user 1616
system 1288
 
Sat May 20 14:16:33 IST 2017
--------------------MEMCG-----------------------
MEM ONLY  : 395 MB
MEM+SWAP  : 395 MB
cache 155394048
rss 259092480
rss_huge 0
mapped_file 5074944
writeback 0
swap 520192
pgpgin 849476
pgpgout 748283
pgfault 258940
pgmajfault 620
inactive_anon 129880064
active_anon 129236992
inactive_file 121581568
active_file 33783808
unevictable 4096
hierarchical_memory_limit 6442450944
hierarchical_memsw_limit 32212254720
total_cache 155394048
total_rss 259092480
total_rss_huge 0
total_mapped_file 5074944
total_writeback 0
total_swap 520192
total_pgpgin 849476
total_pgpgout 748283
total_pgfault 258940
total_pgmajfault 620
total_inactive_anon 129880064
total_active_anon 129236992
total_inactive_file 121581568
total_active_file 33783808
total_unevictable 4096
--------------------BLKIO-----------------------
11:0 Read 0
11:0 Write 0
11:0 Sync 0
11:0 Async 0
11:0 Total 0
253:0 Read 2400931840
253:0 Write 93888512
253:0 Sync 196608
253:0 Async 2494623744
253:0 Total 2494820352
Total 2494820352
--------------------CPUAC-----------------------
user 1629
system 1302
 
Sat May 20 14:17:03 IST 2017
--------------------MEMCG-----------------------
MEM ONLY  : 401 MB
MEM+SWAP  : 402 MB
cache 162254848
rss 259108864
rss_huge 0
mapped_file 5074944
writeback 0
swap 536576
pgpgin 855875
pgpgout 753003
pgfault 259431
pgmajfault 638
inactive_anon 130121728
active_anon 129011712
inactive_file 126431232
active_file 35794944
unevictable 4096
hierarchical_memory_limit 6442450944
hierarchical_memsw_limit 32212254720
total_cache 162254848
total_rss 259108864
total_rss_huge 0
total_mapped_file 5074944
total_writeback 0
total_swap 536576
total_pgpgin 855875
total_pgpgout 753003
total_pgfault 259431
total_pgmajfault 638
total_inactive_anon 130121728
total_active_anon 129011712
total_inactive_file 126431232
total_active_file 35794944
total_unevictable 4096
--------------------BLKIO-----------------------
11:0 Read 0
11:0 Write 0
11:0 Sync 0
11:0 Async 0
11:0 Total 0
253:0 Read 2410971136
253:0 Write 97488896
253:0 Sync 196608
253:0 Async 2508263424
253:0 Total 2508460032
Total 2508460032
--------------------CPUAC-----------------------
user 1643
system 1313
 
Sat May 20 14:17:33 IST 2017
--------------------MEMCG-----------------------
MEM ONLY  : 407 MB
MEM+SWAP  : 407 MB
cache 167661568
rss 258985984
rss_huge 0
mapped_file 5074944
writeback 8192
swap 536576
pgpgin 861491
pgpgout 757329
pgfault 259531
pgmajfault 638
inactive_anon 130121728
active_anon 128888832
inactive_file 130867200
active_file 36753408
unevictable 4096
hierarchical_memory_limit 6442450944
hierarchical_memsw_limit 32212254720
total_cache 167661568
total_rss 258985984
total_rss_huge 0
total_mapped_file 5074944
total_writeback 8192
total_swap 536576
total_pgpgin 861491
total_pgpgout 757329
total_pgfault 259531
total_pgmajfault 638
total_inactive_anon 130121728
total_active_anon 128888832
total_inactive_file 130867200
total_active_file 36753408
total_unevictable 4096
--------------------BLKIO-----------------------
11:0 Read 0
11:0 Write 0
11:0 Sync 0
11:0 Async 0
11:0 Total 0
253:0 Read 2419609600
253:0 Write 101494784
253:0 Sync 196608
253:0 Async 2520907776
253:0 Total 2521104384
Total 2521104384
--------------------CPUAC-----------------------
user 1657
system 1326
 
Sat May 20 14:18:03 IST 2017
--------------------MEMCG-----------------------
MEM ONLY  : 413 MB
MEM+SWAP  : 413 MB
cache 174387200
rss 259080192
rss_huge 0
mapped_file 5074944
writeback 0
swap 561152
pgpgin 867922
pgpgout 762095
pgfault 259651
pgmajfault 638
inactive_anon 130097152
active_anon 129007616
inactive_file 134938624
active_file 39419904
unevictable 4096
hierarchical_memory_limit 6442450944
hierarchical_memsw_limit 32212254720
total_cache 174387200
total_rss 259080192
total_rss_huge 0
total_mapped_file 5074944
total_writeback 0
total_swap 561152
total_pgpgin 867922
total_pgpgout 762095
total_pgfault 259651
total_pgmajfault 638
total_inactive_anon 130097152
total_active_anon 129007616
total_inactive_file 134938624
total_active_file 39419904
total_unevictable 4096
--------------------BLKIO-----------------------
11:0 Read 0
11:0 Write 0
11:0 Sync 0
11:0 Async 0
11:0 Total 0
253:0 Read 2429181952
253:0 Write 105762816
253:0 Sync 196608
253:0 Async 2534748160
253:0 Total 2534944768
Total 2534944768
--------------------CPUAC-----------------------
user 1672
system 1338
 
Sat May 20 14:18:33 IST 2017
--------------------MEMCG-----------------------
MEM ONLY  : 421 MB
MEM+SWAP  : 422 MB
cache 182751232
rss 259207168
rss_huge 0
mapped_file 5074944
writeback 0
swap 569344
pgpgin 875338
pgpgout 767438
pgfault 259774
pgmajfault 638
inactive_anon 130088960
active_anon 129142784
inactive_file 140574720
active_file 42147840
unevictable 4096
hierarchical_memory_limit 6442450944
hierarchical_memsw_limit 32212254720
total_cache 182751232
total_rss 259207168
total_rss_huge 0
total_mapped_file 5074944
total_writeback 0
total_swap 569344
total_pgpgin 875338
total_pgpgout 767438
total_pgfault 259774
total_pgmajfault 638
total_inactive_anon 130088960
total_active_anon 129142784
total_inactive_file 140574720
total_active_file 42147840
total_unevictable 4096
--------------------BLKIO-----------------------
11:0 Read 0
11:0 Write 0
11:0 Sync 0
11:0 Async 0
11:0 Total 0
253:0 Read 2440245248
253:0 Write 107634688
253:0 Sync 196608
253:0 Async 2547683328
253:0 Total 2547879936
Total 2547879936
--------------------CPUAC-----------------------
user 1685
system 1352
 
Sat May 20 14:19:03 IST 2017
--------------------MEMCG-----------------------
MEM ONLY  : 429 MB
MEM+SWAP  : 429 MB
cache 190763008
rss 259235840
rss_huge 0
mapped_file 5074944
writeback 0
swap 598016
pgpgin 882476
pgpgout 772613
pgfault 259878
pgmajfault 638
inactive_anon 130060288
active_anon 129200128
inactive_file 145793024
active_file 44912640
unevictable 4096
hierarchical_memory_limit 6442450944
hierarchical_memsw_limit 32212254720
total_cache 190763008
total_rss 259235840
total_rss_huge 0
total_mapped_file 5074944
total_writeback 0
total_swap 598016
total_pgpgin 882476
total_pgpgout 772613
total_pgfault 259878
total_pgmajfault 638
total_inactive_anon 130060288
total_active_anon 129200128
total_inactive_file 145793024
total_active_file 44912640
total_unevictable 4096
--------------------BLKIO-----------------------
11:0 Read 0
11:0 Write 0
11:0 Sync 0
11:0 Async 0
11:0 Total 0
253:0 Read 2450137088
253:0 Write 112410624
253:0 Sync 196608
253:0 Async 2562351104
253:0 Total 2562547712
Total 2562547712
--------------------CPUAC-----------------------
user 1700
system 1362
 
Sat May 20 14:19:33 IST 2017
--------------------MEMCG-----------------------
MEM ONLY  : 437 MB
MEM+SWAP  : 438 MB
cache 199442432
rss 259223552
rss_huge 0
mapped_file 5074944
writeback 8192
swap 610304
pgpgin 889695
pgpgout 777716
pgfault 259968
pgmajfault 638
inactive_anon 130039808
active_anon 129208320
inactive_file 151449600
active_file 47939584
unevictable 4096
hierarchical_memory_limit 6442450944
hierarchical_memsw_limit 32212254720
total_cache 199442432
total_rss 259223552
total_rss_huge 0
total_mapped_file 5074944
total_writeback 8192
total_swap 610304
total_pgpgin 889695
total_pgpgout 777716
total_pgfault 259968
total_pgmajfault 638
total_inactive_anon 130039808
total_active_anon 129208320
total_inactive_file 151449600
total_active_file 47939584
total_unevictable 4096
--------------------BLKIO-----------------------
11:0 Read 0
11:0 Write 0
11:0 Sync 0
11:0 Async 0
11:0 Total 0
253:0 Read 2460553216
253:0 Write 117952512
253:0 Sync 196608
253:0 Async 2578309120
253:0 Total 2578505728
Total 2578505728
--------------------CPUAC-----------------------
user 1716
system 1377
 
Sat May 20 14:20:03 IST 2017
--------------------MEMCG-----------------------
MEM ONLY  : 443 MB
MEM+SWAP  : 444 MB
cache 205312000
rss 259850240
rss_huge 0
mapped_file 5074944
writeback 0
swap 618496
pgpgin 896889
pgpgout 783324
pgfault 260232
pgmajfault 638
inactive_anon 130146304
active_anon 129728512
inactive_file 154525696
active_file 50757632
unevictable 4096
hierarchical_memory_limit 6442450944
hierarchical_memsw_limit 32212254720
total_cache 205312000
total_rss 259850240
total_rss_huge 0
total_mapped_file 5074944
total_writeback 0
total_swap 618496
total_pgpgin 896889
total_pgpgout 783324
total_pgfault 260232
total_pgmajfault 638
total_inactive_anon 130146304
total_active_anon 129728512
total_inactive_file 154525696
total_active_file 50757632
total_unevictable 4096
--------------------BLKIO-----------------------
11:0 Read 0
11:0 Write 0
11:0 Sync 0
11:0 Async 0
11:0 Total 0
253:0 Read 2470973440
253:0 Write 124407808
253:0 Sync 196608
253:0 Async 2595184640
253:0 Total 2595381248
Total 2595381248
--------------------CPUAC-----------------------
user 1730
system 1394
 
Sat May 20 14:20:34 IST 2017
--------------------MEMCG-----------------------
MEM ONLY  : 448 MB
MEM+SWAP  : 449 MB
cache 210477056
rss 259940352
rss_huge 0
mapped_file 5074944
writeback 0
swap 630784
pgpgin 903602
pgpgout 788754
pgfault 260350
pgmajfault 638
inactive_anon 130134016
active_anon 129830912
inactive_file 156553216
active_file 53846016
unevictable 4096
hierarchical_memory_limit 6442450944
hierarchical_memsw_limit 32212254720
total_cache 210477056
total_rss 259940352
total_rss_huge 0
total_mapped_file 5074944
total_writeback 0
total_swap 630784
total_pgpgin 903602
total_pgpgout 788754
total_pgfault 260350
total_pgmajfault 638
total_inactive_anon 130134016
total_active_anon 129830912
total_inactive_file 156553216
total_active_file 53846016
total_unevictable 4096
--------------------BLKIO-----------------------
11:0 Read 0
11:0 Write 0
11:0 Sync 0
11:0 Async 0
11:0 Total 0
253:0 Read 2480525312
253:0 Write 128000000
253:0 Sync 196608
253:0 Async 2608328704
253:0 Total 2608525312
Total 2608525312
--------------------CPUAC-----------------------
user 1746
system 1407
 
