Thu May 18 23:41:44 IST 2017
--------------------MEMCG-----------------------
MEM ONLY  : 27 MB
MEM+SWAP  : 27 MB
cache 22007808
rss 6782976
rss_huge 0
mapped_file 7802880
writeback 0
swap 0
pgpgin 78117
pgpgout 71088
pgfault 175343
pgmajfault 184
inactive_anon 40960
active_anon 6811648
inactive_file 9940992
active_file 11997184
unevictable 0
hierarchical_memory_limit 1073741824
hierarchical_memsw_limit 5368709120
total_cache 22007808
total_rss 6782976
total_rss_huge 0
total_mapped_file 7802880
total_writeback 0
total_swap 0
total_pgpgin 78117
total_pgpgout 71088
total_pgfault 175343
total_pgmajfault 184
total_inactive_anon 40960
total_active_anon 6811648
total_inactive_file 9940992
total_active_file 11997184
total_unevictable 0
--------------------BLKIO-----------------------
11:0 Read 0
11:0 Write 0
11:0 Sync 0
11:0 Async 0
11:0 Total 0
253:0 Read 21868544
253:0 Write 229376
253:0 Sync 0
253:0 Async 22097920
253:0 Total 22097920
Total 22097920
--------------------CPUAC-----------------------
user 42
system 84
 
Thu May 18 23:42:14 IST 2017
--------------------MEMCG-----------------------
MEM ONLY  : 27 MB
MEM+SWAP  : 27 MB
cache 22007808
rss 6516736
rss_huge 0
mapped_file 7663616
writeback 0
swap 0
pgpgin 78117
pgpgout 71153
pgfault 175350
pgmajfault 184
inactive_anon 40960
active_anon 6545408
inactive_file 9920512
active_file 12017664
unevictable 0
hierarchical_memory_limit 1073741824
hierarchical_memsw_limit 5368709120
total_cache 22007808
total_rss 6516736
total_rss_huge 0
total_mapped_file 7663616
total_writeback 0
total_swap 0
total_pgpgin 78117
total_pgpgout 71153
total_pgfault 175350
total_pgmajfault 184
total_inactive_anon 40960
total_active_anon 6545408
total_inactive_file 9920512
total_active_file 12017664
total_unevictable 0
--------------------BLKIO-----------------------
11:0 Read 0
11:0 Write 0
11:0 Sync 0
11:0 Async 0
11:0 Total 0
253:0 Read 21868544
253:0 Write 229376
253:0 Sync 0
253:0 Async 22097920
253:0 Total 22097920
Total 22097920
--------------------CPUAC-----------------------
user 42
system 84
 
Thu May 18 23:42:44 IST 2017
--------------------MEMCG-----------------------
MEM ONLY  : 27 MB
MEM+SWAP  : 27 MB
cache 22007808
rss 6516736
rss_huge 0
mapped_file 7663616
writeback 0
swap 0
pgpgin 78117
pgpgout 71153
pgfault 175350
pgmajfault 184
inactive_anon 40960
active_anon 6545408
inactive_file 9920512
active_file 12017664
unevictable 0
hierarchical_memory_limit 1073741824
hierarchical_memsw_limit 5368709120
total_cache 22007808
total_rss 6516736
total_rss_huge 0
total_mapped_file 7663616
total_writeback 0
total_swap 0
total_pgpgin 78117
total_pgpgout 71153
total_pgfault 175350
total_pgmajfault 184
total_inactive_anon 40960
total_active_anon 6545408
total_inactive_file 9920512
total_active_file 12017664
total_unevictable 0
--------------------BLKIO-----------------------
11:0 Read 0
11:0 Write 0
11:0 Sync 0
11:0 Async 0
11:0 Total 0
253:0 Read 21868544
253:0 Write 229376
253:0 Sync 0
253:0 Async 22097920
253:0 Total 22097920
Total 22097920
--------------------CPUAC-----------------------
user 42
system 84
 
Thu May 18 23:43:14 IST 2017
--------------------MEMCG-----------------------
MEM ONLY  : 27 MB
MEM+SWAP  : 27 MB
cache 22007808
rss 6516736
rss_huge 0
mapped_file 7663616
writeback 0
swap 0
pgpgin 78117
pgpgout 71153
pgfault 175350
pgmajfault 184
inactive_anon 40960
active_anon 6545408
inactive_file 9920512
active_file 12017664
unevictable 0
hierarchical_memory_limit 1073741824
hierarchical_memsw_limit 5368709120
total_cache 22007808
total_rss 6516736
total_rss_huge 0
total_mapped_file 7663616
total_writeback 0
total_swap 0
total_pgpgin 78117
total_pgpgout 71153
total_pgfault 175350
total_pgmajfault 184
total_inactive_anon 40960
total_active_anon 6545408
total_inactive_file 9920512
total_active_file 12017664
total_unevictable 0
--------------------BLKIO-----------------------
11:0 Read 0
11:0 Write 0
11:0 Sync 0
11:0 Async 0
11:0 Total 0
253:0 Read 21868544
253:0 Write 229376
253:0 Sync 0
253:0 Async 22097920
253:0 Total 22097920
Total 22097920
--------------------CPUAC-----------------------
user 42
system 84
 
Thu May 18 23:43:44 IST 2017
--------------------MEMCG-----------------------
MEM ONLY  : 27 MB
MEM+SWAP  : 27 MB
cache 22007808
rss 6516736
rss_huge 0
mapped_file 7663616
writeback 0
swap 0
pgpgin 78117
pgpgout 71153
pgfault 175350
pgmajfault 184
inactive_anon 40960
active_anon 6545408
inactive_file 9920512
active_file 12017664
unevictable 0
hierarchical_memory_limit 1073741824
hierarchical_memsw_limit 5368709120
total_cache 22007808
total_rss 6516736
total_rss_huge 0
total_mapped_file 7663616
total_writeback 0
total_swap 0
total_pgpgin 78117
total_pgpgout 71153
total_pgfault 175350
total_pgmajfault 184
total_inactive_anon 40960
total_active_anon 6545408
total_inactive_file 9920512
total_active_file 12017664
total_unevictable 0
--------------------BLKIO-----------------------
11:0 Read 0
11:0 Write 0
11:0 Sync 0
11:0 Async 0
11:0 Total 0
253:0 Read 21868544
253:0 Write 229376
253:0 Sync 0
253:0 Async 22097920
253:0 Total 22097920
Total 22097920
--------------------CPUAC-----------------------
user 42
system 84
 
Thu May 18 23:44:14 IST 2017
--------------------MEMCG-----------------------
MEM ONLY  : 27 MB
MEM+SWAP  : 27 MB
cache 22007808
rss 6516736
rss_huge 0
mapped_file 7663616
writeback 0
swap 0
pgpgin 78117
pgpgout 71153
pgfault 175350
pgmajfault 184
inactive_anon 40960
active_anon 6545408
inactive_file 9920512
active_file 12017664
unevictable 0
hierarchical_memory_limit 1073741824
hierarchical_memsw_limit 5368709120
total_cache 22007808
total_rss 6516736
total_rss_huge 0
total_mapped_file 7663616
total_writeback 0
total_swap 0
total_pgpgin 78117
total_pgpgout 71153
total_pgfault 175350
total_pgmajfault 184
total_inactive_anon 40960
total_active_anon 6545408
total_inactive_file 9920512
total_active_file 12017664
total_unevictable 0
--------------------BLKIO-----------------------
11:0 Read 0
11:0 Write 0
11:0 Sync 0
11:0 Async 0
11:0 Total 0
253:0 Read 21868544
253:0 Write 229376
253:0 Sync 0
253:0 Async 22097920
253:0 Total 22097920
Total 22097920
--------------------CPUAC-----------------------
user 42
system 84
 
Thu May 18 23:44:44 IST 2017
--------------------MEMCG-----------------------
MEM ONLY  : 27 MB
MEM+SWAP  : 27 MB
cache 22007808
rss 6516736
rss_huge 0
mapped_file 7663616
writeback 0
swap 0
pgpgin 78117
pgpgout 71153
pgfault 175350
pgmajfault 184
inactive_anon 40960
active_anon 6545408
inactive_file 9920512
active_file 12017664
unevictable 0
hierarchical_memory_limit 1073741824
hierarchical_memsw_limit 5368709120
total_cache 22007808
total_rss 6516736
total_rss_huge 0
total_mapped_file 7663616
total_writeback 0
total_swap 0
total_pgpgin 78117
total_pgpgout 71153
total_pgfault 175350
total_pgmajfault 184
total_inactive_anon 40960
total_active_anon 6545408
total_inactive_file 9920512
total_active_file 12017664
total_unevictable 0
--------------------BLKIO-----------------------
11:0 Read 0
11:0 Write 0
11:0 Sync 0
11:0 Async 0
11:0 Total 0
253:0 Read 21868544
253:0 Write 229376
253:0 Sync 0
253:0 Async 22097920
253:0 Total 22097920
Total 22097920
--------------------CPUAC-----------------------
user 42
system 84
 
Thu May 18 23:45:14 IST 2017
--------------------MEMCG-----------------------
MEM ONLY  : 27 MB
MEM+SWAP  : 27 MB
cache 22007808
rss 6516736
rss_huge 0
mapped_file 7663616
writeback 0
swap 0
pgpgin 78117
pgpgout 71153
pgfault 175350
pgmajfault 184
inactive_anon 40960
active_anon 6545408
inactive_file 9920512
active_file 12017664
unevictable 0
hierarchical_memory_limit 1073741824
hierarchical_memsw_limit 5368709120
total_cache 22007808
total_rss 6516736
total_rss_huge 0
total_mapped_file 7663616
total_writeback 0
total_swap 0
total_pgpgin 78117
total_pgpgout 71153
total_pgfault 175350
total_pgmajfault 184
total_inactive_anon 40960
total_active_anon 6545408
total_inactive_file 9920512
total_active_file 12017664
total_unevictable 0
--------------------BLKIO-----------------------
11:0 Read 0
11:0 Write 0
11:0 Sync 0
11:0 Async 0
11:0 Total 0
253:0 Read 21868544
253:0 Write 229376
253:0 Sync 0
253:0 Async 22097920
253:0 Total 22097920
Total 22097920
--------------------CPUAC-----------------------
user 42
system 84
 
Thu May 18 23:45:44 IST 2017
--------------------MEMCG-----------------------
MEM ONLY  : 27 MB
MEM+SWAP  : 27 MB
cache 22007808
rss 6516736
rss_huge 0
mapped_file 7663616
writeback 0
swap 0
pgpgin 78117
pgpgout 71153
pgfault 175350
pgmajfault 184
inactive_anon 40960
active_anon 6545408
inactive_file 9920512
active_file 12017664
unevictable 0
hierarchical_memory_limit 1073741824
hierarchical_memsw_limit 5368709120
total_cache 22007808
total_rss 6516736
total_rss_huge 0
total_mapped_file 7663616
total_writeback 0
total_swap 0
total_pgpgin 78117
total_pgpgout 71153
total_pgfault 175350
total_pgmajfault 184
total_inactive_anon 40960
total_active_anon 6545408
total_inactive_file 9920512
total_active_file 12017664
total_unevictable 0
--------------------BLKIO-----------------------
11:0 Read 0
11:0 Write 0
11:0 Sync 0
11:0 Async 0
11:0 Total 0
253:0 Read 21868544
253:0 Write 229376
253:0 Sync 0
253:0 Async 22097920
253:0 Total 22097920
Total 22097920
--------------------CPUAC-----------------------
user 42
system 84
 
Thu May 18 23:46:14 IST 2017
--------------------MEMCG-----------------------
MEM ONLY  : 27 MB
MEM+SWAP  : 27 MB
cache 22007808
rss 6516736
rss_huge 0
mapped_file 7663616
writeback 0
swap 0
pgpgin 78117
pgpgout 71153
pgfault 175350
pgmajfault 184
inactive_anon 40960
active_anon 6545408
inactive_file 9920512
active_file 12017664
unevictable 0
hierarchical_memory_limit 1073741824
hierarchical_memsw_limit 5368709120
total_cache 22007808
total_rss 6516736
total_rss_huge 0
total_mapped_file 7663616
total_writeback 0
total_swap 0
total_pgpgin 78117
total_pgpgout 71153
total_pgfault 175350
total_pgmajfault 184
total_inactive_anon 40960
total_active_anon 6545408
total_inactive_file 9920512
total_active_file 12017664
total_unevictable 0
--------------------BLKIO-----------------------
11:0 Read 0
11:0 Write 0
11:0 Sync 0
11:0 Async 0
11:0 Total 0
253:0 Read 21868544
253:0 Write 229376
253:0 Sync 0
253:0 Async 22097920
253:0 Total 22097920
Total 22097920
--------------------CPUAC-----------------------
user 42
system 84
 
Thu May 18 23:46:44 IST 2017
--------------------MEMCG-----------------------
MEM ONLY  : 27 MB
MEM+SWAP  : 27 MB
cache 22007808
rss 6516736
rss_huge 0
mapped_file 7663616
writeback 0
swap 0
pgpgin 78117
pgpgout 71153
pgfault 175350
pgmajfault 184
inactive_anon 40960
active_anon 6545408
inactive_file 9920512
active_file 12017664
unevictable 0
hierarchical_memory_limit 1073741824
hierarchical_memsw_limit 5368709120
total_cache 22007808
total_rss 6516736
total_rss_huge 0
total_mapped_file 7663616
total_writeback 0
total_swap 0
total_pgpgin 78117
total_pgpgout 71153
total_pgfault 175350
total_pgmajfault 184
total_inactive_anon 40960
total_active_anon 6545408
total_inactive_file 9920512
total_active_file 12017664
total_unevictable 0
--------------------BLKIO-----------------------
11:0 Read 0
11:0 Write 0
11:0 Sync 0
11:0 Async 0
11:0 Total 0
253:0 Read 21868544
253:0 Write 229376
253:0 Sync 0
253:0 Async 22097920
253:0 Total 22097920
Total 22097920
--------------------CPUAC-----------------------
user 42
system 84
 
Thu May 18 23:47:14 IST 2017
--------------------MEMCG-----------------------
MEM ONLY  : 27 MB
MEM+SWAP  : 27 MB
cache 22007808
rss 6516736
rss_huge 0
mapped_file 7663616
writeback 0
swap 0
pgpgin 78117
pgpgout 71153
pgfault 175350
pgmajfault 184
inactive_anon 40960
active_anon 6545408
inactive_file 9920512
active_file 12017664
unevictable 0
hierarchical_memory_limit 1073741824
hierarchical_memsw_limit 5368709120
total_cache 22007808
total_rss 6516736
total_rss_huge 0
total_mapped_file 7663616
total_writeback 0
total_swap 0
total_pgpgin 78117
total_pgpgout 71153
total_pgfault 175350
total_pgmajfault 184
total_inactive_anon 40960
total_active_anon 6545408
total_inactive_file 9920512
total_active_file 12017664
total_unevictable 0
--------------------BLKIO-----------------------
11:0 Read 0
11:0 Write 0
11:0 Sync 0
11:0 Async 0
11:0 Total 0
253:0 Read 21868544
253:0 Write 229376
253:0 Sync 0
253:0 Async 22097920
253:0 Total 22097920
Total 22097920
--------------------CPUAC-----------------------
user 42
system 84
 
Thu May 18 23:47:44 IST 2017
--------------------MEMCG-----------------------
MEM ONLY  : 27 MB
MEM+SWAP  : 27 MB
cache 22007808
rss 6516736
rss_huge 0
mapped_file 7663616
writeback 0
swap 0
pgpgin 78117
pgpgout 71153
pgfault 175350
pgmajfault 184
inactive_anon 40960
active_anon 6545408
inactive_file 9920512
active_file 12017664
unevictable 0
hierarchical_memory_limit 1073741824
hierarchical_memsw_limit 5368709120
total_cache 22007808
total_rss 6516736
total_rss_huge 0
total_mapped_file 7663616
total_writeback 0
total_swap 0
total_pgpgin 78117
total_pgpgout 71153
total_pgfault 175350
total_pgmajfault 184
total_inactive_anon 40960
total_active_anon 6545408
total_inactive_file 9920512
total_active_file 12017664
total_unevictable 0
--------------------BLKIO-----------------------
11:0 Read 0
11:0 Write 0
11:0 Sync 0
11:0 Async 0
11:0 Total 0
253:0 Read 21868544
253:0 Write 229376
253:0 Sync 0
253:0 Async 22097920
253:0 Total 22097920
Total 22097920
--------------------CPUAC-----------------------
user 42
system 84
 
Thu May 18 23:48:14 IST 2017
--------------------MEMCG-----------------------
MEM ONLY  : 27 MB
MEM+SWAP  : 27 MB
cache 22007808
rss 6516736
rss_huge 0
mapped_file 7663616
writeback 0
swap 0
pgpgin 78117
pgpgout 71153
pgfault 175350
pgmajfault 184
inactive_anon 40960
active_anon 6545408
inactive_file 9920512
active_file 12017664
unevictable 0
hierarchical_memory_limit 1073741824
hierarchical_memsw_limit 5368709120
total_cache 22007808
total_rss 6516736
total_rss_huge 0
total_mapped_file 7663616
total_writeback 0
total_swap 0
total_pgpgin 78117
total_pgpgout 71153
total_pgfault 175350
total_pgmajfault 184
total_inactive_anon 40960
total_active_anon 6545408
total_inactive_file 9920512
total_active_file 12017664
total_unevictable 0
--------------------BLKIO-----------------------
11:0 Read 0
11:0 Write 0
11:0 Sync 0
11:0 Async 0
11:0 Total 0
253:0 Read 21868544
253:0 Write 229376
253:0 Sync 0
253:0 Async 22097920
253:0 Total 22097920
Total 22097920
--------------------CPUAC-----------------------
user 42
system 84
 
Thu May 18 23:48:44 IST 2017
--------------------MEMCG-----------------------
MEM ONLY  : 27 MB
MEM+SWAP  : 27 MB
cache 22007808
rss 6516736
rss_huge 0
mapped_file 7663616
writeback 0
swap 0
pgpgin 78117
pgpgout 71153
pgfault 175350
pgmajfault 184
inactive_anon 40960
active_anon 6545408
inactive_file 9920512
active_file 12017664
unevictable 0
hierarchical_memory_limit 1073741824
hierarchical_memsw_limit 5368709120
total_cache 22007808
total_rss 6516736
total_rss_huge 0
total_mapped_file 7663616
total_writeback 0
total_swap 0
total_pgpgin 78117
total_pgpgout 71153
total_pgfault 175350
total_pgmajfault 184
total_inactive_anon 40960
total_active_anon 6545408
total_inactive_file 9920512
total_active_file 12017664
total_unevictable 0
--------------------BLKIO-----------------------
11:0 Read 0
11:0 Write 0
11:0 Sync 0
11:0 Async 0
11:0 Total 0
253:0 Read 21868544
253:0 Write 229376
253:0 Sync 0
253:0 Async 22097920
253:0 Total 22097920
Total 22097920
--------------------CPUAC-----------------------
user 42
system 84
 
Thu May 18 23:49:14 IST 2017
--------------------MEMCG-----------------------
MEM ONLY  : 27 MB
MEM+SWAP  : 27 MB
cache 22007808
rss 6516736
rss_huge 0
mapped_file 7663616
writeback 0
swap 0
pgpgin 78117
pgpgout 71153
pgfault 175350
pgmajfault 184
inactive_anon 40960
active_anon 6545408
inactive_file 9920512
active_file 12017664
unevictable 0
hierarchical_memory_limit 1073741824
hierarchical_memsw_limit 5368709120
total_cache 22007808
total_rss 6516736
total_rss_huge 0
total_mapped_file 7663616
total_writeback 0
total_swap 0
total_pgpgin 78117
total_pgpgout 71153
total_pgfault 175350
total_pgmajfault 184
total_inactive_anon 40960
total_active_anon 6545408
total_inactive_file 9920512
total_active_file 12017664
total_unevictable 0
--------------------BLKIO-----------------------
11:0 Read 0
11:0 Write 0
11:0 Sync 0
11:0 Async 0
11:0 Total 0
253:0 Read 21868544
253:0 Write 229376
253:0 Sync 0
253:0 Async 22097920
253:0 Total 22097920
Total 22097920
--------------------CPUAC-----------------------
user 42
system 84
 
Thu May 18 23:49:44 IST 2017
--------------------MEMCG-----------------------
MEM ONLY  : 27 MB
MEM+SWAP  : 27 MB
cache 22007808
rss 6516736
rss_huge 0
mapped_file 7663616
writeback 0
swap 0
pgpgin 78117
pgpgout 71153
pgfault 175350
pgmajfault 184
inactive_anon 40960
active_anon 6545408
inactive_file 9920512
active_file 12017664
unevictable 0
hierarchical_memory_limit 1073741824
hierarchical_memsw_limit 5368709120
total_cache 22007808
total_rss 6516736
total_rss_huge 0
total_mapped_file 7663616
total_writeback 0
total_swap 0
total_pgpgin 78117
total_pgpgout 71153
total_pgfault 175350
total_pgmajfault 184
total_inactive_anon 40960
total_active_anon 6545408
total_inactive_file 9920512
total_active_file 12017664
total_unevictable 0
--------------------BLKIO-----------------------
11:0 Read 0
11:0 Write 0
11:0 Sync 0
11:0 Async 0
11:0 Total 0
253:0 Read 21868544
253:0 Write 229376
253:0 Sync 0
253:0 Async 22097920
253:0 Total 22097920
Total 22097920
--------------------CPUAC-----------------------
user 42
system 84
 
Thu May 18 23:50:14 IST 2017
--------------------MEMCG-----------------------
MEM ONLY  : 27 MB
MEM+SWAP  : 27 MB
cache 22007808
rss 6516736
rss_huge 0
mapped_file 7663616
writeback 0
swap 0
pgpgin 78117
pgpgout 71153
pgfault 175350
pgmajfault 184
inactive_anon 40960
active_anon 6545408
inactive_file 9920512
active_file 12017664
unevictable 0
hierarchical_memory_limit 1073741824
hierarchical_memsw_limit 5368709120
total_cache 22007808
total_rss 6516736
total_rss_huge 0
total_mapped_file 7663616
total_writeback 0
total_swap 0
total_pgpgin 78117
total_pgpgout 71153
total_pgfault 175350
total_pgmajfault 184
total_inactive_anon 40960
total_active_anon 6545408
total_inactive_file 9920512
total_active_file 12017664
total_unevictable 0
--------------------BLKIO-----------------------
11:0 Read 0
11:0 Write 0
11:0 Sync 0
11:0 Async 0
11:0 Total 0
253:0 Read 21868544
253:0 Write 229376
253:0 Sync 0
253:0 Async 22097920
253:0 Total 22097920
Total 22097920
--------------------CPUAC-----------------------
user 42
system 84
 
Thu May 18 23:50:44 IST 2017
--------------------MEMCG-----------------------
MEM ONLY  : 27 MB
MEM+SWAP  : 27 MB
cache 22007808
rss 6516736
rss_huge 0
mapped_file 7663616
writeback 0
swap 0
pgpgin 78117
pgpgout 71153
pgfault 175350
pgmajfault 184
inactive_anon 40960
active_anon 6545408
inactive_file 9920512
active_file 12017664
unevictable 0
hierarchical_memory_limit 1073741824
hierarchical_memsw_limit 5368709120
total_cache 22007808
total_rss 6516736
total_rss_huge 0
total_mapped_file 7663616
total_writeback 0
total_swap 0
total_pgpgin 78117
total_pgpgout 71153
total_pgfault 175350
total_pgmajfault 184
total_inactive_anon 40960
total_active_anon 6545408
total_inactive_file 9920512
total_active_file 12017664
total_unevictable 0
--------------------BLKIO-----------------------
11:0 Read 0
11:0 Write 0
11:0 Sync 0
11:0 Async 0
11:0 Total 0
253:0 Read 21868544
253:0 Write 229376
253:0 Sync 0
253:0 Async 22097920
253:0 Total 22097920
Total 22097920
--------------------CPUAC-----------------------
user 42
system 84
 
Thu May 18 23:51:14 IST 2017
--------------------MEMCG-----------------------
MEM ONLY  : 27 MB
MEM+SWAP  : 27 MB
cache 22007808
rss 6516736
rss_huge 0
mapped_file 7663616
writeback 0
swap 0
pgpgin 78117
pgpgout 71153
pgfault 175350
pgmajfault 184
inactive_anon 40960
active_anon 6545408
inactive_file 9920512
active_file 12017664
unevictable 0
hierarchical_memory_limit 1073741824
hierarchical_memsw_limit 5368709120
total_cache 22007808
total_rss 6516736
total_rss_huge 0
total_mapped_file 7663616
total_writeback 0
total_swap 0
total_pgpgin 78117
total_pgpgout 71153
total_pgfault 175350
total_pgmajfault 184
total_inactive_anon 40960
total_active_anon 6545408
total_inactive_file 9920512
total_active_file 12017664
total_unevictable 0
--------------------BLKIO-----------------------
11:0 Read 0
11:0 Write 0
11:0 Sync 0
11:0 Async 0
11:0 Total 0
253:0 Read 21868544
253:0 Write 229376
253:0 Sync 0
253:0 Async 22097920
253:0 Total 22097920
Total 22097920
--------------------CPUAC-----------------------
user 42
system 84
 
Thu May 18 23:51:44 IST 2017
--------------------MEMCG-----------------------
MEM ONLY  : 27 MB
MEM+SWAP  : 27 MB
cache 22007808
rss 6516736
rss_huge 0
mapped_file 7663616
writeback 0
swap 0
pgpgin 78117
pgpgout 71153
pgfault 175350
pgmajfault 184
inactive_anon 40960
active_anon 6545408
inactive_file 9920512
active_file 12017664
unevictable 0
hierarchical_memory_limit 1073741824
hierarchical_memsw_limit 5368709120
total_cache 22007808
total_rss 6516736
total_rss_huge 0
total_mapped_file 7663616
total_writeback 0
total_swap 0
total_pgpgin 78117
total_pgpgout 71153
total_pgfault 175350
total_pgmajfault 184
total_inactive_anon 40960
total_active_anon 6545408
total_inactive_file 9920512
total_active_file 12017664
total_unevictable 0
--------------------BLKIO-----------------------
11:0 Read 0
11:0 Write 0
11:0 Sync 0
11:0 Async 0
11:0 Total 0
253:0 Read 21868544
253:0 Write 229376
253:0 Sync 0
253:0 Async 22097920
253:0 Total 22097920
Total 22097920
--------------------CPUAC-----------------------
user 42
system 84
 
Thu May 18 23:52:14 IST 2017
--------------------MEMCG-----------------------
MEM ONLY  : 27 MB
MEM+SWAP  : 27 MB
cache 22007808
rss 6516736
rss_huge 0
mapped_file 7663616
writeback 0
swap 0
pgpgin 78117
pgpgout 71153
pgfault 175350
pgmajfault 184
inactive_anon 40960
active_anon 6545408
inactive_file 9920512
active_file 12017664
unevictable 0
hierarchical_memory_limit 1073741824
hierarchical_memsw_limit 5368709120
total_cache 22007808
total_rss 6516736
total_rss_huge 0
total_mapped_file 7663616
total_writeback 0
total_swap 0
total_pgpgin 78117
total_pgpgout 71153
total_pgfault 175350
total_pgmajfault 184
total_inactive_anon 40960
total_active_anon 6545408
total_inactive_file 9920512
total_active_file 12017664
total_unevictable 0
--------------------BLKIO-----------------------
11:0 Read 0
11:0 Write 0
11:0 Sync 0
11:0 Async 0
11:0 Total 0
253:0 Read 21868544
253:0 Write 229376
253:0 Sync 0
253:0 Async 22097920
253:0 Total 22097920
Total 22097920
--------------------CPUAC-----------------------
user 42
system 84
 
Thu May 18 23:52:45 IST 2017
--------------------MEMCG-----------------------
MEM ONLY  : 27 MB
MEM+SWAP  : 27 MB
cache 22007808
rss 6516736
rss_huge 0
mapped_file 7663616
writeback 0
swap 0
pgpgin 78117
pgpgout 71153
pgfault 175350
pgmajfault 184
inactive_anon 40960
active_anon 6545408
inactive_file 9920512
active_file 12017664
unevictable 0
hierarchical_memory_limit 1073741824
hierarchical_memsw_limit 5368709120
total_cache 22007808
total_rss 6516736
total_rss_huge 0
total_mapped_file 7663616
total_writeback 0
total_swap 0
total_pgpgin 78117
total_pgpgout 71153
total_pgfault 175350
total_pgmajfault 184
total_inactive_anon 40960
total_active_anon 6545408
total_inactive_file 9920512
total_active_file 12017664
total_unevictable 0
--------------------BLKIO-----------------------
11:0 Read 0
11:0 Write 0
11:0 Sync 0
11:0 Async 0
11:0 Total 0
253:0 Read 21868544
253:0 Write 229376
253:0 Sync 0
253:0 Async 22097920
253:0 Total 22097920
Total 22097920
--------------------CPUAC-----------------------
user 42
system 84
 
Thu May 18 23:53:15 IST 2017
--------------------MEMCG-----------------------
MEM ONLY  : 27 MB
MEM+SWAP  : 27 MB
cache 22007808
rss 6516736
rss_huge 0
mapped_file 7663616
writeback 0
swap 0
pgpgin 78117
pgpgout 71153
pgfault 175350
pgmajfault 184
inactive_anon 40960
active_anon 6545408
inactive_file 9920512
active_file 12017664
unevictable 0
hierarchical_memory_limit 1073741824
hierarchical_memsw_limit 5368709120
total_cache 22007808
total_rss 6516736
total_rss_huge 0
total_mapped_file 7663616
total_writeback 0
total_swap 0
total_pgpgin 78117
total_pgpgout 71153
total_pgfault 175350
total_pgmajfault 184
total_inactive_anon 40960
total_active_anon 6545408
total_inactive_file 9920512
total_active_file 12017664
total_unevictable 0
--------------------BLKIO-----------------------
11:0 Read 0
11:0 Write 0
11:0 Sync 0
11:0 Async 0
11:0 Total 0
253:0 Read 21868544
253:0 Write 229376
253:0 Sync 0
253:0 Async 22097920
253:0 Total 22097920
Total 22097920
--------------------CPUAC-----------------------
user 42
system 84
 
Thu May 18 23:53:45 IST 2017
--------------------MEMCG-----------------------
MEM ONLY  : 27 MB
MEM+SWAP  : 27 MB
cache 22007808
rss 6516736
rss_huge 0
mapped_file 7663616
writeback 0
swap 0
pgpgin 78117
pgpgout 71153
pgfault 175350
pgmajfault 184
inactive_anon 40960
active_anon 6545408
inactive_file 9920512
active_file 12017664
unevictable 0
hierarchical_memory_limit 1073741824
hierarchical_memsw_limit 5368709120
total_cache 22007808
total_rss 6516736
total_rss_huge 0
total_mapped_file 7663616
total_writeback 0
total_swap 0
total_pgpgin 78117
total_pgpgout 71153
total_pgfault 175350
total_pgmajfault 184
total_inactive_anon 40960
total_active_anon 6545408
total_inactive_file 9920512
total_active_file 12017664
total_unevictable 0
--------------------BLKIO-----------------------
11:0 Read 0
11:0 Write 0
11:0 Sync 0
11:0 Async 0
11:0 Total 0
253:0 Read 21868544
253:0 Write 229376
253:0 Sync 0
253:0 Async 22097920
253:0 Total 22097920
Total 22097920
--------------------CPUAC-----------------------
user 42
system 84
 
Thu May 18 23:54:15 IST 2017
--------------------MEMCG-----------------------
MEM ONLY  : 27 MB
MEM+SWAP  : 27 MB
cache 22007808
rss 6516736
rss_huge 0
mapped_file 7663616
writeback 0
swap 0
pgpgin 78117
pgpgout 71153
pgfault 175350
pgmajfault 184
inactive_anon 40960
active_anon 6545408
inactive_file 9920512
active_file 12017664
unevictable 0
hierarchical_memory_limit 1073741824
hierarchical_memsw_limit 5368709120
total_cache 22007808
total_rss 6516736
total_rss_huge 0
total_mapped_file 7663616
total_writeback 0
total_swap 0
total_pgpgin 78117
total_pgpgout 71153
total_pgfault 175350
total_pgmajfault 184
total_inactive_anon 40960
total_active_anon 6545408
total_inactive_file 9920512
total_active_file 12017664
total_unevictable 0
--------------------BLKIO-----------------------
11:0 Read 0
11:0 Write 0
11:0 Sync 0
11:0 Async 0
11:0 Total 0
253:0 Read 21868544
253:0 Write 229376
253:0 Sync 0
253:0 Async 22097920
253:0 Total 22097920
Total 22097920
--------------------CPUAC-----------------------
user 42
system 84
 
Thu May 18 23:54:45 IST 2017
--------------------MEMCG-----------------------
MEM ONLY  : 27 MB
MEM+SWAP  : 27 MB
cache 22007808
rss 6516736
rss_huge 0
mapped_file 7663616
writeback 0
swap 0
pgpgin 78117
pgpgout 71153
pgfault 175350
pgmajfault 184
inactive_anon 40960
active_anon 6545408
inactive_file 9920512
active_file 12017664
unevictable 0
hierarchical_memory_limit 1073741824
hierarchical_memsw_limit 5368709120
total_cache 22007808
total_rss 6516736
total_rss_huge 0
total_mapped_file 7663616
total_writeback 0
total_swap 0
total_pgpgin 78117
total_pgpgout 71153
total_pgfault 175350
total_pgmajfault 184
total_inactive_anon 40960
total_active_anon 6545408
total_inactive_file 9920512
total_active_file 12017664
total_unevictable 0
--------------------BLKIO-----------------------
11:0 Read 0
11:0 Write 0
11:0 Sync 0
11:0 Async 0
11:0 Total 0
253:0 Read 21868544
253:0 Write 229376
253:0 Sync 0
253:0 Async 22097920
253:0 Total 22097920
Total 22097920
--------------------CPUAC-----------------------
user 42
system 84
 
Thu May 18 23:55:15 IST 2017
--------------------MEMCG-----------------------
MEM ONLY  : 409 MB
MEM+SWAP  : 409 MB
cache 336035840
rss 92835840
rss_huge 0
mapped_file 46358528
writeback 0
swap 0
pgpgin 222090
pgpgout 117385
pgfault 254182
pgmajfault 206
inactive_anon 45056
active_anon 92864512
inactive_file 301625344
active_file 34336768
unevictable 0
hierarchical_memory_limit 1073741824
hierarchical_memsw_limit 5368709120
total_cache 336035840
total_rss 92835840
total_rss_huge 0
total_mapped_file 46358528
total_writeback 0
total_swap 0
total_pgpgin 222090
total_pgpgout 117385
total_pgfault 254182
total_pgmajfault 206
total_inactive_anon 45056
total_active_anon 92864512
total_inactive_file 301625344
total_active_file 34336768
total_unevictable 0
--------------------BLKIO-----------------------
11:0 Read 0
11:0 Write 0
11:0 Sync 0
11:0 Async 0
11:0 Total 0
253:0 Read 296476672
253:0 Write 229376
253:0 Sync 0
253:0 Async 296706048
253:0 Total 296706048
Total 296706048
--------------------CPUAC-----------------------
user 87
system 295
 
Thu May 18 23:55:45 IST 2017
--------------------MEMCG-----------------------
MEM ONLY  : 914 MB
MEM+SWAP  : 914 MB
cache 866287616
rss 92835840
rss_huge 0
mapped_file 46358528
writeback 0
swap 0
pgpgin 381055
pgpgout 146894
pgfault 284395
pgmajfault 206
inactive_anon 45056
active_anon 92864512
inactive_file 734912512
active_file 131301376
unevictable 0
hierarchical_memory_limit 1073741824
hierarchical_memsw_limit 5368709120
total_cache 866287616
total_rss 92835840
total_rss_huge 0
total_mapped_file 46358528
total_writeback 0
total_swap 0
total_pgpgin 381055
total_pgpgout 146894
total_pgfault 284396
total_pgmajfault 206
total_inactive_anon 45056
total_active_anon 92864512
total_inactive_file 734912512
total_active_file 131301376
total_unevictable 0
--------------------BLKIO-----------------------
11:0 Read 0
11:0 Write 0
11:0 Sync 0
11:0 Async 0
11:0 Total 0
253:0 Read 826707968
253:0 Write 229376
253:0 Sync 0
253:0 Async 826937344
253:0 Total 826937344
Total 826937344
--------------------CPUAC-----------------------
user 107
system 391
 
Thu May 18 23:56:15 IST 2017
--------------------MEMCG-----------------------
MEM ONLY  : 1023 MB
MEM+SWAP  : 1023 MB
cache 980869120
rss 92835840
rss_huge 0
mapped_file 46329856
writeback 0
swap 0
pgpgin 549785
pgpgout 287650
pgfault 321321
pgmajfault 206
inactive_anon 46501888
active_anon 46407680
inactive_file 649928704
active_file 330833920
unevictable 0
hierarchical_memory_limit 1073741824
hierarchical_memsw_limit 5368709120
total_cache 980869120
total_rss 92835840
total_rss_huge 0
total_mapped_file 46329856
total_writeback 0
total_swap 0
total_pgpgin 549785
total_pgpgout 287650
total_pgfault 321321
total_pgmajfault 206
total_inactive_anon 46501888
total_active_anon 46407680
total_inactive_file 649928704
total_active_file 330833920
total_unevictable 0
--------------------BLKIO-----------------------
11:0 Read 0
11:0 Write 0
11:0 Sync 0
11:0 Async 0
11:0 Total 0
253:0 Read 1337495552
253:0 Write 229376
253:0 Sync 0
253:0 Async 1337724928
253:0 Total 1337724928
Total 1337724928
--------------------CPUAC-----------------------
user 124
system 545
 
Thu May 18 23:56:45 IST 2017
--------------------MEMCG-----------------------
MEM ONLY  : 1023 MB
MEM+SWAP  : 1023 MB
cache 980811776
rss 92835840
rss_huge 0
mapped_file 12451840
writeback 0
swap 0
pgpgin 776426
pgpgout 514305
pgfault 372010
pgmajfault 206
inactive_anon 46501888
active_anon 46407680
inactive_file 490528768
active_file 490209280
unevictable 0
hierarchical_memory_limit 1073741824
hierarchical_memsw_limit 5368709120
total_cache 980811776
total_rss 92835840
total_rss_huge 0
total_mapped_file 12451840
total_writeback 0
total_swap 0
total_pgpgin 776426
total_pgpgout 514305
total_pgfault 372010
total_pgmajfault 206
total_inactive_anon 46501888
total_active_anon 46407680
total_inactive_file 490528768
total_active_file 490209280
total_unevictable 0
--------------------BLKIO-----------------------
11:0 Read 0
11:0 Write 0
11:0 Sync 0
11:0 Async 0
11:0 Total 0
253:0 Read 1856200704
253:0 Write 229376
253:0 Sync 0
253:0 Async 1856430080
253:0 Total 1856430080
Total 1856430080
--------------------CPUAC-----------------------
user 156
system 744
 
Thu May 18 23:57:15 IST 2017
--------------------MEMCG-----------------------
MEM ONLY  : 1023 MB
MEM+SWAP  : 1023 MB
cache 980664320
rss 92835840
rss_huge 0
mapped_file 8552448
writeback 0
swap 0
pgpgin 1076745
pgpgout 814660
pgfault 437248
pgmajfault 206
inactive_anon 46501888
active_anon 46407680
inactive_file 490438656
active_file 490151936
unevictable 0
hierarchical_memory_limit 1073741824
hierarchical_memsw_limit 5368709120
total_cache 980664320
total_rss 92835840
total_rss_huge 0
total_mapped_file 8552448
total_writeback 0
total_swap 0
total_pgpgin 1076745
total_pgpgout 814660
total_pgfault 437248
total_pgmajfault 206
total_inactive_anon 46501888
total_active_anon 46407680
total_inactive_file 490438656
total_active_file 490151936
total_unevictable 0
--------------------BLKIO-----------------------
11:0 Read 0
11:0 Write 0
11:0 Sync 0
11:0 Async 0
11:0 Total 0
253:0 Read 2384289792
253:0 Write 229376
253:0 Sync 0
253:0 Async 2384519168
253:0 Total 2384519168
Total 2384519168
--------------------CPUAC-----------------------
user 188
system 1002
 
Thu May 18 23:57:45 IST 2017
--------------------MEMCG-----------------------
MEM ONLY  : 1023 MB
MEM+SWAP  : 1023 MB
cache 980676608
rss 92835840
rss_huge 0
mapped_file 3383296
writeback 0
swap 0
pgpgin 1383087
pgpgout 1120999
pgfault 504941
pgmajfault 206
inactive_anon 46501888
active_anon 46407680
inactive_file 490381312
active_file 490168320
unevictable 0
hierarchical_memory_limit 1073741824
hierarchical_memsw_limit 5368709120
total_cache 980676608
total_rss 92835840
total_rss_huge 0
total_mapped_file 3383296
total_writeback 0
total_swap 0
total_pgpgin 1383087
total_pgpgout 1120999
total_pgfault 504941
total_pgmajfault 206
total_inactive_anon 46501888
total_active_anon 46407680
total_inactive_file 490381312
total_active_file 490168320
total_unevictable 0
--------------------BLKIO-----------------------
11:0 Read 0
11:0 Write 0
11:0 Sync 0
11:0 Async 0
11:0 Total 0
253:0 Read 2908241920
253:0 Write 229376
253:0 Sync 0
253:0 Async 2908471296
253:0 Total 2908471296
Total 2908471296
--------------------CPUAC-----------------------
user 222
system 1253
 
Thu May 18 23:58:15 IST 2017
--------------------MEMCG-----------------------
MEM ONLY  : 1023 MB
MEM+SWAP  : 1023 MB
cache 980840448
rss 92835840
rss_huge 0
mapped_file 3457024
writeback 0
swap 0
pgpgin 1689159
pgpgout 1427031
pgfault 571478
pgmajfault 211
inactive_anon 46501888
active_anon 46407680
inactive_file 490479616
active_file 490287104
unevictable 0
hierarchical_memory_limit 1073741824
hierarchical_memsw_limit 5368709120
total_cache 980840448
total_rss 92835840
total_rss_huge 0
total_mapped_file 3457024
total_writeback 0
total_swap 0
total_pgpgin 1689159
total_pgpgout 1427031
total_pgfault 571478
total_pgmajfault 211
total_inactive_anon 46501888
total_active_anon 46407680
total_inactive_file 490479616
total_active_file 490287104
total_unevictable 0
--------------------BLKIO-----------------------
11:0 Read 0
11:0 Write 0
11:0 Sync 0
11:0 Async 0
11:0 Total 0
253:0 Read 3425378304
253:0 Write 229376
253:0 Sync 0
253:0 Async 3425607680
253:0 Total 3425607680
Total 3425607680
--------------------CPUAC-----------------------
user 255
system 1498
 
Thu May 18 23:58:45 IST 2017
--------------------MEMCG-----------------------
MEM ONLY  : 1023 MB
MEM+SWAP  : 1023 MB
cache 980824064
rss 92835840
rss_huge 0
mapped_file 3457024
writeback 0
swap 0
pgpgin 2003293
pgpgout 1741169
pgfault 640106
pgmajfault 211
inactive_anon 46501888
active_anon 46407680
inactive_file 490635264
active_file 490102784
unevictable 0
hierarchical_memory_limit 1073741824
hierarchical_memsw_limit 5368709120
total_cache 980824064
total_rss 92835840
total_rss_huge 0
total_mapped_file 3457024
total_writeback 0
total_swap 0
total_pgpgin 2003293
total_pgpgout 1741169
total_pgfault 640106
total_pgmajfault 211
total_inactive_anon 46501888
total_active_anon 46407680
total_inactive_file 490635264
total_active_file 490102784
total_unevictable 0
--------------------BLKIO-----------------------
11:0 Read 0
11:0 Write 0
11:0 Sync 0
11:0 Async 0
11:0 Total 0
253:0 Read 3956625408
253:0 Write 229376
253:0 Sync 0
253:0 Async 3956854784
253:0 Total 3956854784
Total 3956854784
--------------------CPUAC-----------------------
user 292
system 1758
 
Thu May 18 23:59:15 IST 2017
--------------------MEMCG-----------------------
MEM ONLY  : 1023 MB
MEM+SWAP  : 1023 MB
cache 980733952
rss 92835840
rss_huge 0
mapped_file 3387392
writeback 0
swap 0
pgpgin 2320734
pgpgout 2058632
pgfault 708593
pgmajfault 212
inactive_anon 46501888
active_anon 46407680
inactive_file 490450944
active_file 490176512
unevictable 0
hierarchical_memory_limit 1073741824
hierarchical_memsw_limit 5368709120
total_cache 980733952
total_rss 92835840
total_rss_huge 0
total_mapped_file 3387392
total_writeback 0
total_swap 0
total_pgpgin 2320734
total_pgpgout 2058632
total_pgfault 708593
total_pgmajfault 212
total_inactive_anon 46501888
total_active_anon 46407680
total_inactive_file 490450944
total_active_file 490176512
total_unevictable 0
--------------------BLKIO-----------------------
11:0 Read 0
11:0 Write 0
11:0 Sync 0
11:0 Async 0
11:0 Total 0
253:0 Read 4479307776
253:0 Write 229376
253:0 Sync 0
253:0 Async 4479537152
253:0 Total 4479537152
Total 4479537152
--------------------CPUAC-----------------------
user 331
system 2015
 
Thu May 18 23:59:45 IST 2017
--------------------MEMCG-----------------------
MEM ONLY  : 1023 MB
MEM+SWAP  : 1023 MB
cache 980865024
rss 92835840
rss_huge 0
mapped_file 3387392
writeback 0
swap 0
pgpgin 2638779
pgpgout 2376645
pgfault 777297
pgmajfault 212
inactive_anon 46501888
active_anon 46407680
inactive_file 490373120
active_file 490405888
unevictable 0
hierarchical_memory_limit 1073741824
hierarchical_memsw_limit 5368709120
total_cache 980865024
total_rss 92835840
total_rss_huge 0
total_mapped_file 3387392
total_writeback 0
total_swap 0
total_pgpgin 2638779
total_pgpgout 2376645
total_pgfault 777297
total_pgmajfault 212
total_inactive_anon 46501888
total_active_anon 46407680
total_inactive_file 490373120
total_active_file 490405888
total_unevictable 0
--------------------BLKIO-----------------------
11:0 Read 0
11:0 Write 0
11:0 Sync 0
11:0 Async 0
11:0 Total 0
253:0 Read 5000560640
253:0 Write 229376
253:0 Sync 0
253:0 Async 5000790016
253:0 Total 5000790016
Total 5000790016
--------------------CPUAC-----------------------
user 369
system 2273
 
Fri May 19 00:00:15 IST 2017
--------------------MEMCG-----------------------
MEM ONLY  : 1023 MB
MEM+SWAP  : 1023 MB
cache 980824064
rss 92835840
rss_huge 0
mapped_file 3387392
writeback 0
swap 0
pgpgin 2949973
pgpgout 2687849
pgfault 844803
pgmajfault 217
inactive_anon 46501888
active_anon 46407680
inactive_file 490291200
active_file 490397696
unevictable 0
hierarchical_memory_limit 1073741824
hierarchical_memsw_limit 5368709120
total_cache 980824064
total_rss 92835840
total_rss_huge 0
total_mapped_file 3387392
total_writeback 0
total_swap 0
total_pgpgin 2949973
total_pgpgout 2687849
total_pgfault 844803
total_pgmajfault 217
total_inactive_anon 46501888
total_active_anon 46407680
total_inactive_file 490291200
total_active_file 490397696
total_unevictable 0
--------------------BLKIO-----------------------
11:0 Read 0
11:0 Write 0
11:0 Sync 0
11:0 Async 0
11:0 Total 0
253:0 Read 5521047552
253:0 Write 229376
253:0 Sync 0
253:0 Async 5521276928
253:0 Total 5521276928
Total 5521276928
--------------------CPUAC-----------------------
user 403
system 2523
 
Fri May 19 00:00:45 IST 2017
--------------------MEMCG-----------------------
MEM ONLY  : 1023 MB
MEM+SWAP  : 1023 MB
cache 980652032
rss 92835840
rss_huge 0
mapped_file 3387392
writeback 0
swap 0
pgpgin 3264579
pgpgout 3002497
pgfault 912227
pgmajfault 217
inactive_anon 46501888
active_anon 46407680
inactive_file 490532864
active_file 490016768
unevictable 0
hierarchical_memory_limit 1073741824
hierarchical_memsw_limit 5368709120
total_cache 980652032
total_rss 92835840
total_rss_huge 0
total_mapped_file 3387392
total_writeback 0
total_swap 0
total_pgpgin 3264579
total_pgpgout 3002497
total_pgfault 912227
total_pgmajfault 217
total_inactive_anon 46501888
total_active_anon 46407680
total_inactive_file 490532864
total_active_file 490016768
total_unevictable 0
--------------------BLKIO-----------------------
11:0 Read 0
11:0 Write 0
11:0 Sync 0
11:0 Async 0
11:0 Total 0
253:0 Read 6044303360
253:0 Write 229376
253:0 Sync 0
253:0 Async 6044532736
253:0 Total 6044532736
Total 6044532736
--------------------CPUAC-----------------------
user 433
system 2780
 
Fri May 19 00:01:15 IST 2017
--------------------MEMCG-----------------------
MEM ONLY  : 1023 MB
MEM+SWAP  : 1023 MB
cache 980729856
rss 92835840
rss_huge 0
mapped_file 3387392
writeback 0
swap 0
pgpgin 3571981
pgpgout 3309880
pgfault 978989
pgmajfault 218
inactive_anon 46501888
active_anon 46407680
inactive_file 490414080
active_file 490237952
unevictable 0
hierarchical_memory_limit 1073741824
hierarchical_memsw_limit 5368709120
total_cache 980729856
total_rss 92835840
total_rss_huge 0
total_mapped_file 3387392
total_writeback 0
total_swap 0
total_pgpgin 3571981
total_pgpgout 3309880
total_pgfault 978989
total_pgmajfault 218
total_inactive_anon 46501888
total_active_anon 46407680
total_inactive_file 490414080
total_active_file 490237952
total_unevictable 0
--------------------BLKIO-----------------------
11:0 Read 0
11:0 Write 0
11:0 Sync 0
11:0 Async 0
11:0 Total 0
253:0 Read 6561284096
253:0 Write 229376
253:0 Sync 0
253:0 Async 6561513472
253:0 Total 6561513472
Total 6561513472
--------------------CPUAC-----------------------
user 465
system 3031
 
Fri May 19 00:01:45 IST 2017
--------------------MEMCG-----------------------
MEM ONLY  : 1023 MB
MEM+SWAP  : 1023 MB
cache 980742144
rss 92835840
rss_huge 0
mapped_file 3387392
writeback 0
swap 0
pgpgin 3884375
pgpgout 3622271
pgfault 1047148
pgmajfault 218
inactive_anon 46501888
active_anon 46407680
inactive_file 490004480
active_file 490663936
unevictable 0
hierarchical_memory_limit 1073741824
hierarchical_memsw_limit 5368709120
total_cache 980742144
total_rss 92835840
total_rss_huge 0
total_mapped_file 3387392
total_writeback 0
total_swap 0
total_pgpgin 3884375
total_pgpgout 3622271
total_pgfault 1047148
total_pgmajfault 218
total_inactive_anon 46501888
total_active_anon 46407680
total_inactive_file 490004480
total_active_file 490663936
total_unevictable 0
--------------------BLKIO-----------------------
11:0 Read 0
11:0 Write 0
11:0 Sync 0
11:0 Async 0
11:0 Total 0
253:0 Read 7077052416
253:0 Write 229376
253:0 Sync 0
253:0 Async 7077281792
253:0 Total 7077281792
Total 7077281792
--------------------CPUAC-----------------------
user 502
system 3285
 
Fri May 19 00:02:15 IST 2017
--------------------MEMCG-----------------------
MEM ONLY  : 1023 MB
MEM+SWAP  : 1023 MB
cache 980860928
rss 92835840
rss_huge 0
mapped_file 3387392
writeback 0
swap 0
pgpgin 4200614
pgpgout 3938481
pgfault 1114665
pgmajfault 223
inactive_anon 46501888
active_anon 46407680
inactive_file 490127360
active_file 490659840
unevictable 0
hierarchical_memory_limit 1073741824
hierarchical_memsw_limit 5368709120
total_cache 980860928
total_rss 92835840
total_rss_huge 0
total_mapped_file 3387392
total_writeback 0
total_swap 0
total_pgpgin 4200614
total_pgpgout 3938481
total_pgfault 1114665
total_pgmajfault 223
total_inactive_anon 46501888
total_active_anon 46407680
total_inactive_file 490127360
total_active_file 490659840
total_unevictable 0
--------------------BLKIO-----------------------
11:0 Read 0
11:0 Write 0
11:0 Sync 0
11:0 Async 0
11:0 Total 0
253:0 Read 7603552256
253:0 Write 229376
253:0 Sync 0
253:0 Async 7603781632
253:0 Total 7603781632
Total 7603781632
--------------------CPUAC-----------------------
user 532
system 3544
 
Fri May 19 00:02:45 IST 2017
--------------------MEMCG-----------------------
MEM ONLY  : 1023 MB
MEM+SWAP  : 1023 MB
cache 980668416
rss 92835840
rss_huge 0
mapped_file 3387392
writeback 0
swap 0
pgpgin 4509081
pgpgout 4246995
pgfault 1182333
pgmajfault 223
inactive_anon 46501888
active_anon 46407680
inactive_file 490070016
active_file 490491904
unevictable 0
hierarchical_memory_limit 1073741824
hierarchical_memsw_limit 5368709120
total_cache 980668416
total_rss 92835840
total_rss_huge 0
total_mapped_file 3387392
total_writeback 0
total_swap 0
total_pgpgin 4509081
total_pgpgout 4246995
total_pgfault 1182333
total_pgmajfault 223
total_inactive_anon 46501888
total_active_anon 46407680
total_inactive_file 490070016
total_active_file 490491904
total_unevictable 0
--------------------BLKIO-----------------------
11:0 Read 0
11:0 Write 0
11:0 Sync 0
11:0 Async 0
11:0 Total 0
253:0 Read 8125591552
253:0 Write 229376
253:0 Sync 0
253:0 Async 8125820928
253:0 Total 8125820928
Total 8125820928
--------------------CPUAC-----------------------
user 571
system 3802
 
Fri May 19 00:03:15 IST 2017
--------------------MEMCG-----------------------
MEM ONLY  : 1023 MB
MEM+SWAP  : 1023 MB
cache 980873216
rss 92835840
rss_huge 0
mapped_file 3387392
writeback 0
swap 0
pgpgin 4825683
pgpgout 4563547
pgfault 1251653
pgmajfault 224
inactive_anon 46501888
active_anon 46407680
inactive_file 490549248
active_file 490250240
unevictable 0
hierarchical_memory_limit 1073741824
hierarchical_memsw_limit 5368709120
total_cache 980873216
total_rss 92835840
total_rss_huge 0
total_mapped_file 3387392
total_writeback 0
total_swap 0
total_pgpgin 4825683
total_pgpgout 4563547
total_pgfault 1251653
total_pgmajfault 224
total_inactive_anon 46501888
total_active_anon 46407680
total_inactive_file 490549248
total_active_file 490250240
total_unevictable 0
--------------------BLKIO-----------------------
11:0 Read 0
11:0 Write 0
11:0 Sync 0
11:0 Async 0
11:0 Total 0
253:0 Read 8651317248
253:0 Write 229376
253:0 Sync 0
253:0 Async 8651546624
253:0 Total 8651546624
Total 8651546624
--------------------CPUAC-----------------------
user 608
system 4067
 
Fri May 19 00:03:45 IST 2017
--------------------MEMCG-----------------------
MEM ONLY  : 1023 MB
MEM+SWAP  : 1023 MB
cache 980787200
rss 92835840
rss_huge 0
mapped_file 3387392
writeback 0
swap 0
pgpgin 5136556
pgpgout 4874441
pgfault 1318924
pgmajfault 224
inactive_anon 46501888
active_anon 46407680
inactive_file 490446848
active_file 490266624
unevictable 0
hierarchical_memory_limit 1073741824
hierarchical_memsw_limit 5368709120
total_cache 980787200
total_rss 92835840
total_rss_huge 0
total_mapped_file 3387392
total_writeback 0
total_swap 0
total_pgpgin 5136556
total_pgpgout 4874441
total_pgfault 1318924
total_pgmajfault 224
total_inactive_anon 46501888
total_active_anon 46407680
total_inactive_file 490446848
total_active_file 490266624
total_unevictable 0
--------------------BLKIO-----------------------
11:0 Read 0
11:0 Write 0
11:0 Sync 0
11:0 Async 0
11:0 Total 0
253:0 Read 9175371776
253:0 Write 229376
253:0 Sync 0
253:0 Async 9175601152
253:0 Total 9175601152
Total 9175601152
--------------------CPUAC-----------------------
user 638
system 4328
 
Fri May 19 00:04:15 IST 2017
--------------------MEMCG-----------------------
MEM ONLY  : 1023 MB
MEM+SWAP  : 1023 MB
cache 980877312
rss 92835840
rss_huge 0
mapped_file 3387392
writeback 0
swap 0
pgpgin 5448301
pgpgout 5186164
pgfault 1385815
pgmajfault 229
inactive_anon 46501888
active_anon 46407680
inactive_file 490844160
active_file 489934848
unevictable 0
hierarchical_memory_limit 1073741824
hierarchical_memsw_limit 5368709120
total_cache 980877312
total_rss 92835840
total_rss_huge 0
total_mapped_file 3387392
total_writeback 0
total_swap 0
total_pgpgin 5448301
total_pgpgout 5186164
total_pgfault 1385815
total_pgmajfault 229
total_inactive_anon 46501888
total_active_anon 46407680
total_inactive_file 490844160
total_active_file 489934848
total_unevictable 0
--------------------BLKIO-----------------------
11:0 Read 0
11:0 Write 0
11:0 Sync 0
11:0 Async 0
11:0 Total 0
253:0 Read 9698299904
253:0 Write 229376
253:0 Sync 0
253:0 Async 9698529280
253:0 Total 9698529280
Total 9698529280
--------------------CPUAC-----------------------
user 670
system 4592
 
Fri May 19 00:04:45 IST 2017
--------------------MEMCG-----------------------
MEM ONLY  : 1023 MB
MEM+SWAP  : 1023 MB
cache 980635648
rss 92835840
rss_huge 0
mapped_file 3387392
writeback 0
swap 0
pgpgin 5760088
pgpgout 5498010
pgfault 1453834
pgmajfault 229
inactive_anon 46501888
active_anon 46407680
inactive_file 490500096
active_file 490053632
unevictable 0
hierarchical_memory_limit 1073741824
hierarchical_memsw_limit 5368709120
total_cache 980635648
total_rss 92835840
total_rss_huge 0
total_mapped_file 3387392
total_writeback 0
total_swap 0
total_pgpgin 5760088
total_pgpgout 5498010
total_pgfault 1453834
total_pgmajfault 229
total_inactive_anon 46501888
total_active_anon 46407680
total_inactive_file 490500096
total_active_file 490053632
total_unevictable 0
--------------------BLKIO-----------------------
11:0 Read 0
11:0 Write 0
11:0 Sync 0
11:0 Async 0
11:0 Total 0
253:0 Read 10217484288
253:0 Write 229376
253:0 Sync 0
253:0 Async 10217713664
253:0 Total 10217713664
Total 10217713664
--------------------CPUAC-----------------------
user 705
system 4845
 
Fri May 19 00:05:15 IST 2017
--------------------MEMCG-----------------------
MEM ONLY  : 941 MB
MEM+SWAP  : 941 MB
cache 980803584
rss 6533120
rss_huge 0
mapped_file 2088960
writeback 0
swap 0
pgpgin 5918095
pgpgout 5677046
pgfault 1488186
pgmajfault 306
inactive_anon 6541312
active_anon 61440
inactive_file 492302336
active_file 488431616
unevictable 0
hierarchical_memory_limit 1073741824
hierarchical_memsw_limit 5368709120
total_cache 980803584
total_rss 6533120
total_rss_huge 0
total_mapped_file 2088960
total_writeback 0
total_swap 0
total_pgpgin 5918095
total_pgpgout 5677046
total_pgfault 1488186
total_pgmajfault 306
total_inactive_anon 6541312
total_active_anon 61440
total_inactive_file 492302336
total_active_file 488431616
total_unevictable 0
--------------------BLKIO-----------------------
11:0 Read 0
11:0 Write 0
11:0 Sync 0
11:0 Async 0
11:0 Total 0
253:0 Read 10486169600
253:0 Write 229376
253:0 Sync 0
253:0 Async 10486398976
253:0 Total 10486398976
Total 10486398976
--------------------CPUAC-----------------------
user 721
system 4974
 
Fri May 19 00:05:45 IST 2017
--------------------MEMCG-----------------------
MEM ONLY  : 941 MB
MEM+SWAP  : 941 MB
cache 980803584
rss 6533120
rss_huge 0
mapped_file 2088960
writeback 0
swap 0
pgpgin 5918095
pgpgout 5677046
pgfault 1488186
pgmajfault 306
inactive_anon 6541312
active_anon 61440
inactive_file 492302336
active_file 488431616
unevictable 0
hierarchical_memory_limit 1073741824
hierarchical_memsw_limit 5368709120
total_cache 980803584
total_rss 6533120
total_rss_huge 0
total_mapped_file 2088960
total_writeback 0
total_swap 0
total_pgpgin 5918095
total_pgpgout 5677046
total_pgfault 1488186
total_pgmajfault 306
total_inactive_anon 6541312
total_active_anon 61440
total_inactive_file 492302336
total_active_file 488431616
total_unevictable 0
--------------------BLKIO-----------------------
11:0 Read 0
11:0 Write 0
11:0 Sync 0
11:0 Async 0
11:0 Total 0
253:0 Read 10486169600
253:0 Write 229376
253:0 Sync 0
253:0 Async 10486398976
253:0 Total 10486398976
Total 10486398976
--------------------CPUAC-----------------------
user 721
system 4974
 
Fri May 19 00:06:15 IST 2017
--------------------MEMCG-----------------------
MEM ONLY  : 941 MB
MEM+SWAP  : 941 MB
cache 980803584
rss 6533120
rss_huge 0
mapped_file 2088960
writeback 0
swap 0
pgpgin 5918095
pgpgout 5677046
pgfault 1488186
pgmajfault 306
inactive_anon 6541312
active_anon 61440
inactive_file 492302336
active_file 488431616
unevictable 0
hierarchical_memory_limit 1073741824
hierarchical_memsw_limit 5368709120
total_cache 980803584
total_rss 6533120
total_rss_huge 0
total_mapped_file 2088960
total_writeback 0
total_swap 0
total_pgpgin 5918095
total_pgpgout 5677046
total_pgfault 1488186
total_pgmajfault 306
total_inactive_anon 6541312
total_active_anon 61440
total_inactive_file 492302336
total_active_file 488431616
total_unevictable 0
--------------------BLKIO-----------------------
11:0 Read 0
11:0 Write 0
11:0 Sync 0
11:0 Async 0
11:0 Total 0
253:0 Read 10486169600
253:0 Write 229376
253:0 Sync 0
253:0 Async 10486398976
253:0 Total 10486398976
Total 10486398976
--------------------CPUAC-----------------------
user 721
system 4974
 
Fri May 19 00:06:45 IST 2017
--------------------MEMCG-----------------------
MEM ONLY  : 941 MB
MEM+SWAP  : 941 MB
cache 980803584
rss 6533120
rss_huge 0
mapped_file 2088960
writeback 0
swap 0
pgpgin 5918095
pgpgout 5677046
pgfault 1488186
pgmajfault 306
inactive_anon 6541312
active_anon 61440
inactive_file 492302336
active_file 488431616
unevictable 0
hierarchical_memory_limit 1073741824
hierarchical_memsw_limit 5368709120
total_cache 980803584
total_rss 6533120
total_rss_huge 0
total_mapped_file 2088960
total_writeback 0
total_swap 0
total_pgpgin 5918095
total_pgpgout 5677046
total_pgfault 1488186
total_pgmajfault 306
total_inactive_anon 6541312
total_active_anon 61440
total_inactive_file 492302336
total_active_file 488431616
total_unevictable 0
--------------------BLKIO-----------------------
11:0 Read 0
11:0 Write 0
11:0 Sync 0
11:0 Async 0
11:0 Total 0
253:0 Read 10486169600
253:0 Write 229376
253:0 Sync 0
253:0 Async 10486398976
253:0 Total 10486398976
Total 10486398976
--------------------CPUAC-----------------------
user 721
system 4974
 
Fri May 19 00:07:15 IST 2017
--------------------MEMCG-----------------------
MEM ONLY  : 941 MB
MEM+SWAP  : 941 MB
cache 980803584
rss 6533120
rss_huge 0
mapped_file 2088960
writeback 0
swap 0
pgpgin 5918095
pgpgout 5677046
pgfault 1488186
pgmajfault 306
inactive_anon 6541312
active_anon 61440
inactive_file 492302336
active_file 488431616
unevictable 0
hierarchical_memory_limit 1073741824
hierarchical_memsw_limit 5368709120
total_cache 980803584
total_rss 6533120
total_rss_huge 0
total_mapped_file 2088960
total_writeback 0
total_swap 0
total_pgpgin 5918095
total_pgpgout 5677046
total_pgfault 1488186
total_pgmajfault 306
total_inactive_anon 6541312
total_active_anon 61440
total_inactive_file 492302336
total_active_file 488431616
total_unevictable 0
--------------------BLKIO-----------------------
11:0 Read 0
11:0 Write 0
11:0 Sync 0
11:0 Async 0
11:0 Total 0
253:0 Read 10486169600
253:0 Write 229376
253:0 Sync 0
253:0 Async 10486398976
253:0 Total 10486398976
Total 10486398976
--------------------CPUAC-----------------------
user 721
system 4974
 
Fri May 19 00:07:45 IST 2017
--------------------MEMCG-----------------------
MEM ONLY  : 941 MB
MEM+SWAP  : 941 MB
cache 980803584
rss 6533120
rss_huge 0
mapped_file 2088960
writeback 0
swap 0
pgpgin 5918095
pgpgout 5677046
pgfault 1488186
pgmajfault 306
inactive_anon 6541312
active_anon 61440
inactive_file 492302336
active_file 488431616
unevictable 0
hierarchical_memory_limit 1073741824
hierarchical_memsw_limit 5368709120
total_cache 980803584
total_rss 6533120
total_rss_huge 0
total_mapped_file 2088960
total_writeback 0
total_swap 0
total_pgpgin 5918095
total_pgpgout 5677046
total_pgfault 1488186
total_pgmajfault 306
total_inactive_anon 6541312
total_active_anon 61440
total_inactive_file 492302336
total_active_file 488431616
total_unevictable 0
--------------------BLKIO-----------------------
11:0 Read 0
11:0 Write 0
11:0 Sync 0
11:0 Async 0
11:0 Total 0
253:0 Read 10486169600
253:0 Write 229376
253:0 Sync 0
253:0 Async 10486398976
253:0 Total 10486398976
Total 10486398976
--------------------CPUAC-----------------------
user 721
system 4974
 
Fri May 19 00:08:15 IST 2017
--------------------MEMCG-----------------------
MEM ONLY  : 944 MB
MEM+SWAP  : 944 MB
cache 983781376
rss 6533120
rss_huge 0
mapped_file 3088384
writeback 0
swap 0
pgpgin 5919435
pgpgout 5677659
pgfault 1489808
pgmajfault 336
inactive_anon 6520832
active_anon 81920
inactive_file 493142016
active_file 490569728
unevictable 0
hierarchical_memory_limit 1073741824
hierarchical_memsw_limit 5368709120
total_cache 983781376
total_rss 6533120
total_rss_huge 0
total_mapped_file 3088384
total_writeback 0
total_swap 0
total_pgpgin 5919435
total_pgpgout 5677659
total_pgfault 1489808
total_pgmajfault 336
total_inactive_anon 6520832
total_active_anon 81920
total_inactive_file 493142016
total_active_file 490569728
total_unevictable 0
--------------------BLKIO-----------------------
11:0 Read 0
11:0 Write 0
11:0 Sync 0
11:0 Async 0
11:0 Total 0
253:0 Read 10489147392
253:0 Write 229376
253:0 Sync 0
253:0 Async 10489376768
253:0 Total 10489376768
Total 10489376768
--------------------CPUAC-----------------------
user 723
system 4976
 
Fri May 19 00:08:45 IST 2017
--------------------MEMCG-----------------------
MEM ONLY  : 944 MB
MEM+SWAP  : 944 MB
cache 983781376
rss 6533120
rss_huge 0
mapped_file 3088384
writeback 0
swap 0
pgpgin 5919435
pgpgout 5677659
pgfault 1489808
pgmajfault 336
inactive_anon 6520832
active_anon 81920
inactive_file 493142016
active_file 490569728
unevictable 0
hierarchical_memory_limit 1073741824
hierarchical_memsw_limit 5368709120
total_cache 983781376
total_rss 6533120
total_rss_huge 0
total_mapped_file 3088384
total_writeback 0
total_swap 0
total_pgpgin 5919435
total_pgpgout 5677659
total_pgfault 1489808
total_pgmajfault 336
total_inactive_anon 6520832
total_active_anon 81920
total_inactive_file 493142016
total_active_file 490569728
total_unevictable 0
--------------------BLKIO-----------------------
11:0 Read 0
11:0 Write 0
11:0 Sync 0
11:0 Async 0
11:0 Total 0
253:0 Read 10489147392
253:0 Write 229376
253:0 Sync 0
253:0 Async 10489376768
253:0 Total 10489376768
Total 10489376768
--------------------CPUAC-----------------------
user 723
system 4976
 
Fri May 19 00:09:15 IST 2017
--------------------MEMCG-----------------------
MEM ONLY  : 944 MB
MEM+SWAP  : 944 MB
cache 983781376
rss 6533120
rss_huge 0
mapped_file 3088384
writeback 0
swap 0
pgpgin 5919435
pgpgout 5677659
pgfault 1489808
pgmajfault 336
inactive_anon 6520832
active_anon 81920
inactive_file 493142016
active_file 490569728
unevictable 0
hierarchical_memory_limit 1073741824
hierarchical_memsw_limit 5368709120
total_cache 983781376
total_rss 6533120
total_rss_huge 0
total_mapped_file 3088384
total_writeback 0
total_swap 0
total_pgpgin 5919435
total_pgpgout 5677659
total_pgfault 1489808
total_pgmajfault 336
total_inactive_anon 6520832
total_active_anon 81920
total_inactive_file 493142016
total_active_file 490569728
total_unevictable 0
--------------------BLKIO-----------------------
11:0 Read 0
11:0 Write 0
11:0 Sync 0
11:0 Async 0
11:0 Total 0
253:0 Read 10489147392
253:0 Write 229376
253:0 Sync 0
253:0 Async 10489376768
253:0 Total 10489376768
Total 10489376768
--------------------CPUAC-----------------------
user 723
system 4976
 
Fri May 19 00:09:46 IST 2017
--------------------MEMCG-----------------------
MEM ONLY  : 944 MB
MEM+SWAP  : 944 MB
cache 983781376
rss 6533120
rss_huge 0
mapped_file 3088384
writeback 0
swap 0
pgpgin 5919435
pgpgout 5677659
pgfault 1489808
pgmajfault 336
inactive_anon 6520832
active_anon 81920
inactive_file 493142016
active_file 490569728
unevictable 0
hierarchical_memory_limit 1073741824
hierarchical_memsw_limit 5368709120
total_cache 983781376
total_rss 6533120
total_rss_huge 0
total_mapped_file 3088384
total_writeback 0
total_swap 0
total_pgpgin 5919435
total_pgpgout 5677659
total_pgfault 1489808
total_pgmajfault 336
total_inactive_anon 6520832
total_active_anon 81920
total_inactive_file 493142016
total_active_file 490569728
total_unevictable 0
--------------------BLKIO-----------------------
11:0 Read 0
11:0 Write 0
11:0 Sync 0
11:0 Async 0
11:0 Total 0
253:0 Read 10489147392
253:0 Write 229376
253:0 Sync 0
253:0 Async 10489376768
253:0 Total 10489376768
Total 10489376768
--------------------CPUAC-----------------------
user 723
system 4976
 
Fri May 19 00:10:16 IST 2017
--------------------MEMCG-----------------------
MEM ONLY  : 944 MB
MEM+SWAP  : 944 MB
cache 983781376
rss 6533120
rss_huge 0
mapped_file 3088384
writeback 0
swap 0
pgpgin 5919435
pgpgout 5677659
pgfault 1489808
pgmajfault 336
inactive_anon 6520832
active_anon 81920
inactive_file 493142016
active_file 490569728
unevictable 0
hierarchical_memory_limit 1073741824
hierarchical_memsw_limit 5368709120
total_cache 983781376
total_rss 6533120
total_rss_huge 0
total_mapped_file 3088384
total_writeback 0
total_swap 0
total_pgpgin 5919435
total_pgpgout 5677659
total_pgfault 1489808
total_pgmajfault 336
total_inactive_anon 6520832
total_active_anon 81920
total_inactive_file 493142016
total_active_file 490569728
total_unevictable 0
--------------------BLKIO-----------------------
11:0 Read 0
11:0 Write 0
11:0 Sync 0
11:0 Async 0
11:0 Total 0
253:0 Read 10489147392
253:0 Write 229376
253:0 Sync 0
253:0 Async 10489376768
253:0 Total 10489376768
Total 10489376768
--------------------CPUAC-----------------------
user 723
system 4976
 
Fri May 19 00:10:46 IST 2017
--------------------MEMCG-----------------------
MEM ONLY  : 944 MB
MEM+SWAP  : 944 MB
cache 983781376
rss 6533120
rss_huge 0
mapped_file 3088384
writeback 0
swap 0
pgpgin 5919435
pgpgout 5677659
pgfault 1489808
pgmajfault 336
inactive_anon 6520832
active_anon 81920
inactive_file 493142016
active_file 490569728
unevictable 0
hierarchical_memory_limit 1073741824
hierarchical_memsw_limit 5368709120
total_cache 983781376
total_rss 6533120
total_rss_huge 0
total_mapped_file 3088384
total_writeback 0
total_swap 0
total_pgpgin 5919435
total_pgpgout 5677659
total_pgfault 1489808
total_pgmajfault 336
total_inactive_anon 6520832
total_active_anon 81920
total_inactive_file 493142016
total_active_file 490569728
total_unevictable 0
--------------------BLKIO-----------------------
11:0 Read 0
11:0 Write 0
11:0 Sync 0
11:0 Async 0
11:0 Total 0
253:0 Read 10489147392
253:0 Write 229376
253:0 Sync 0
253:0 Async 10489376768
253:0 Total 10489376768
Total 10489376768
--------------------CPUAC-----------------------
user 723
system 4976
 
Fri May 19 00:11:16 IST 2017
--------------------MEMCG-----------------------
MEM ONLY  : 944 MB
MEM+SWAP  : 944 MB
cache 983781376
rss 6533120
rss_huge 0
mapped_file 3088384
writeback 0
swap 0
pgpgin 5919435
pgpgout 5677659
pgfault 1489808
pgmajfault 336
inactive_anon 6520832
active_anon 81920
inactive_file 493142016
active_file 490569728
unevictable 0
hierarchical_memory_limit 1073741824
hierarchical_memsw_limit 5368709120
total_cache 983781376
total_rss 6533120
total_rss_huge 0
total_mapped_file 3088384
total_writeback 0
total_swap 0
total_pgpgin 5919435
total_pgpgout 5677659
total_pgfault 1489808
total_pgmajfault 336
total_inactive_anon 6520832
total_active_anon 81920
total_inactive_file 493142016
total_active_file 490569728
total_unevictable 0
--------------------BLKIO-----------------------
11:0 Read 0
11:0 Write 0
11:0 Sync 0
11:0 Async 0
11:0 Total 0
253:0 Read 10489147392
253:0 Write 229376
253:0 Sync 0
253:0 Async 10489376768
253:0 Total 10489376768
Total 10489376768
--------------------CPUAC-----------------------
user 723
system 4976
 
Fri May 19 00:11:46 IST 2017
--------------------MEMCG-----------------------
MEM ONLY  : 944 MB
MEM+SWAP  : 944 MB
cache 983781376
rss 6533120
rss_huge 0
mapped_file 3088384
writeback 0
swap 0
pgpgin 5919435
pgpgout 5677659
pgfault 1489808
pgmajfault 336
inactive_anon 6520832
active_anon 81920
inactive_file 493142016
active_file 490569728
unevictable 0
hierarchical_memory_limit 1073741824
hierarchical_memsw_limit 5368709120
total_cache 983781376
total_rss 6533120
total_rss_huge 0
total_mapped_file 3088384
total_writeback 0
total_swap 0
total_pgpgin 5919435
total_pgpgout 5677659
total_pgfault 1489808
total_pgmajfault 336
total_inactive_anon 6520832
total_active_anon 81920
total_inactive_file 493142016
total_active_file 490569728
total_unevictable 0
--------------------BLKIO-----------------------
11:0 Read 0
11:0 Write 0
11:0 Sync 0
11:0 Async 0
11:0 Total 0
253:0 Read 10489147392
253:0 Write 229376
253:0 Sync 0
253:0 Async 10489376768
253:0 Total 10489376768
Total 10489376768
--------------------CPUAC-----------------------
user 723
system 4976
 
Fri May 19 00:12:16 IST 2017
--------------------MEMCG-----------------------
MEM ONLY  : 944 MB
MEM+SWAP  : 944 MB
cache 983781376
rss 6533120
rss_huge 0
mapped_file 3088384
writeback 0
swap 0
pgpgin 5919435
pgpgout 5677659
pgfault 1489808
pgmajfault 336
inactive_anon 6520832
active_anon 81920
inactive_file 493142016
active_file 490569728
unevictable 0
hierarchical_memory_limit 1073741824
hierarchical_memsw_limit 5368709120
total_cache 983781376
total_rss 6533120
total_rss_huge 0
total_mapped_file 3088384
total_writeback 0
total_swap 0
total_pgpgin 5919435
total_pgpgout 5677659
total_pgfault 1489808
total_pgmajfault 336
total_inactive_anon 6520832
total_active_anon 81920
total_inactive_file 493142016
total_active_file 490569728
total_unevictable 0
--------------------BLKIO-----------------------
11:0 Read 0
11:0 Write 0
11:0 Sync 0
11:0 Async 0
11:0 Total 0
253:0 Read 10489147392
253:0 Write 229376
253:0 Sync 0
253:0 Async 10489376768
253:0 Total 10489376768
Total 10489376768
--------------------CPUAC-----------------------
user 723
system 4976
 
Fri May 19 00:12:46 IST 2017
--------------------MEMCG-----------------------
MEM ONLY  : 944 MB
MEM+SWAP  : 944 MB
cache 983781376
rss 6533120
rss_huge 0
mapped_file 3088384
writeback 0
swap 0
pgpgin 5919435
pgpgout 5677659
pgfault 1489808
pgmajfault 336
inactive_anon 6520832
active_anon 81920
inactive_file 493142016
active_file 490569728
unevictable 0
hierarchical_memory_limit 1073741824
hierarchical_memsw_limit 5368709120
total_cache 983781376
total_rss 6533120
total_rss_huge 0
total_mapped_file 3088384
total_writeback 0
total_swap 0
total_pgpgin 5919435
total_pgpgout 5677659
total_pgfault 1489808
total_pgmajfault 336
total_inactive_anon 6520832
total_active_anon 81920
total_inactive_file 493142016
total_active_file 490569728
total_unevictable 0
--------------------BLKIO-----------------------
11:0 Read 0
11:0 Write 0
11:0 Sync 0
11:0 Async 0
11:0 Total 0
253:0 Read 10489147392
253:0 Write 229376
253:0 Sync 0
253:0 Async 10489376768
253:0 Total 10489376768
Total 10489376768
--------------------CPUAC-----------------------
user 723
system 4976
 
Fri May 19 00:13:16 IST 2017
--------------------MEMCG-----------------------
MEM ONLY  : 944 MB
MEM+SWAP  : 944 MB
cache 983781376
rss 6533120
rss_huge 0
mapped_file 3088384
writeback 0
swap 0
pgpgin 5919435
pgpgout 5677659
pgfault 1489808
pgmajfault 336
inactive_anon 6520832
active_anon 81920
inactive_file 493142016
active_file 490569728
unevictable 0
hierarchical_memory_limit 1073741824
hierarchical_memsw_limit 5368709120
total_cache 983781376
total_rss 6533120
total_rss_huge 0
total_mapped_file 3088384
total_writeback 0
total_swap 0
total_pgpgin 5919435
total_pgpgout 5677659
total_pgfault 1489808
total_pgmajfault 336
total_inactive_anon 6520832
total_active_anon 81920
total_inactive_file 493142016
total_active_file 490569728
total_unevictable 0
--------------------BLKIO-----------------------
11:0 Read 0
11:0 Write 0
11:0 Sync 0
11:0 Async 0
11:0 Total 0
253:0 Read 10489147392
253:0 Write 229376
253:0 Sync 0
253:0 Async 10489376768
253:0 Total 10489376768
Total 10489376768
--------------------CPUAC-----------------------
user 723
system 4976
 
Fri May 19 00:13:46 IST 2017
--------------------MEMCG-----------------------
MEM ONLY  : 944 MB
MEM+SWAP  : 944 MB
cache 983781376
rss 6533120
rss_huge 0
mapped_file 3088384
writeback 0
swap 0
pgpgin 5919435
pgpgout 5677659
pgfault 1489808
pgmajfault 336
inactive_anon 6520832
active_anon 81920
inactive_file 493142016
active_file 490569728
unevictable 0
hierarchical_memory_limit 1073741824
hierarchical_memsw_limit 5368709120
total_cache 983781376
total_rss 6533120
total_rss_huge 0
total_mapped_file 3088384
total_writeback 0
total_swap 0
total_pgpgin 5919435
total_pgpgout 5677659
total_pgfault 1489808
total_pgmajfault 336
total_inactive_anon 6520832
total_active_anon 81920
total_inactive_file 493142016
total_active_file 490569728
total_unevictable 0
--------------------BLKIO-----------------------
11:0 Read 0
11:0 Write 0
11:0 Sync 0
11:0 Async 0
11:0 Total 0
253:0 Read 10489147392
253:0 Write 229376
253:0 Sync 0
253:0 Async 10489376768
253:0 Total 10489376768
Total 10489376768
--------------------CPUAC-----------------------
user 723
system 4976
 
